#
# There is insufficient memory for the Java Runtime Environment to continue.
# Native memory allocation (malloc) failed to allocate 1005936 bytes for Chunk::new
# Possible reasons:
#   The system is out of physical RAM or swap space
#   The process is running with CompressedOops enabled, and the Java Heap may be blocking the growth of the native heap
# Possible solutions:
#   Reduce memory load on the system
#   Increase physical memory or swap space
#   Check if swap backing store is full
#   Decrease Java heap size (-Xmx/-Xms)
#   Decrease number of Java threads
#   Decrease Java thread stack sizes (-Xss)
#   Set larger code cache with -XX:ReservedCodeCacheSize=
#   JVM is running with Unscaled Compressed Oops mode in which the Java heap is
#     placed in the first 4GB address space. The Java Heap base address is the
#     maximum limit for the native heap growth. Please use -XX:HeapBaseMinAddress
#     to set the Java Heap base and to place the Java Heap above 4GB virtual address.
# This output file may be truncated or incomplete.
#
#  Out of Memory Error (./src/hotspot/share/memory/arena.cpp:197), pid=3812, tid=2800
#
# JRE version: OpenJDK Runtime Environment (11.0.11+9) (build 11.0.11+9-b60-7590822)
# Java VM: OpenJDK 64-Bit Server VM (11.0.11+9-b60-7590822, mixed mode, tiered, compressed oops, g1 gc, windows-amd64)
# No core dump will be written. Minidumps are not enabled by default on client versions of Windows
#

---------------  S U M M A R Y ------------

Command Line: --add-opens=java.base/java.util=ALL-UNNAMED --add-opens=java.base/java.lang=ALL-UNNAMED --add-opens=java.base/java.lang.invoke=ALL-UNNAMED --add-opens=java.base/java.util=ALL-UNNAMED --add-opens=java.prefs/java.util.prefs=ALL-UNNAMED --add-opens=java.prefs/java.util.prefs=ALL-UNNAMED --add-opens=java.base/java.nio.charset=ALL-UNNAMED --add-opens=java.base/java.net=ALL-UNNAMED --add-opens=java.base/java.util.concurrent.atomic=ALL-UNNAMED -Xmx2048m -Dfile.encoding=UTF-8 -Duser.country=US -Duser.language=en -Duser.variant org.gradle.launcher.daemon.bootstrap.GradleDaemon 7.2

Host: Intel(R) Core(TM) i3-2120 CPU @ 3.30GHz, 4 cores, 3G,  Windows 10 , 64 bit Build 19041 (10.0.19041.1645)
Time: Wed Apr 27 01:55:12 2022 Georgian Standard Time elapsed time: 80.881619 seconds (0d 0h 1m 20s)

---------------  T H R E A D  ---------------

Current thread (0x0000021448a7e800):  JavaThread "C2 CompilerThread0" daemon [_thread_in_native, id=2800, stack(0x000000fffd700000,0x000000fffd800000)]


Current CompileTask:
C2:  80881 14299   !   4       java.io.ObjectOutputStream::writeOrdinaryObject (175 bytes)

Stack: [0x000000fffd700000,0x000000fffd800000]
Native frames: (J=compiled Java code, j=interpreted, Vv=VM code, C=native code)
V  [jvm.dll+0x5f214a]
V  [jvm.dll+0x726fb5]
V  [jvm.dll+0x7285cd]
V  [jvm.dll+0x728c83]
V  [jvm.dll+0x243278]
V  [jvm.dll+0xbc53c]
V  [jvm.dll+0xbca3c]
V  [jvm.dll+0x2b5c34]
V  [jvm.dll+0x508488]
V  [jvm.dll+0x203d53]
V  [jvm.dll+0x1fdbac]
V  [jvm.dll+0x1fb35f]
V  [jvm.dll+0x183d6c]
V  [jvm.dll+0x209a57]
V  [jvm.dll+0x2082a1]
V  [jvm.dll+0x6ef58f]
V  [jvm.dll+0x6e80b5]
V  [jvm.dll+0x5f1036]
C  [ucrtbase.dll+0x21bb2]
C  [KERNEL32.DLL+0x17034]
C  [ntdll.dll+0x52651]


---------------  P R O C E S S  ---------------

Threads class SMR info:
_java_thread_list=0x0000021450c98ad0, length=87, elements={
0x000002142ee70000, 0x0000021448a58000, 0x0000021448a59800, 0x0000021448a6f800,
0x0000021448a71000, 0x0000021448a73000, 0x0000021448a7e800, 0x0000021448a83000,
0x0000021448a84000, 0x0000021449534800, 0x000002144aec1000, 0x000002144b64b800,
0x000002144bc0e800, 0x000002144b8e4000, 0x000002144af3e800, 0x000002144bc9e800,
0x000002144bc9f800, 0x000002144bc9c000, 0x000002144bca0000, 0x000002144bca1000,
0x000002144d497800, 0x000002144d497000, 0x000002144d498800, 0x000002144d499800,
0x000002144d4a0000, 0x000002144a7cc800, 0x000002144a7ca000, 0x000002144a7c1000,
0x000002144a7c2000, 0x000002144a7c5000, 0x000002144a7c3800, 0x000002144a7c2800,
0x000002144a7bf800, 0x000002144a7c4800, 0x000002144a7c6000, 0x000002144a7c0000,
0x000002144a7c8800, 0x000002144a7c6800, 0x000002144a7c7800, 0x000002144a7cb000,
0x000002144a7cb800, 0x000002144a7cd000, 0x000002144a7ce000, 0x000002144a7c9000,
0x000002144d49a000, 0x000002144d49b000, 0x000002144d49c000, 0x000002144d496000,
0x000002144d49d800, 0x000002144d4a2800, 0x000002144d4a0800, 0x000002144d49c800,
0x000002144d4a1800, 0x000002144d49e000, 0x000002144d49f000, 0x000002144bc9d800,
0x000002144bc9b800, 0x000002144bca2000, 0x000002144bc9d000, 0x000002144e6f0000,
0x000002144e6ee800, 0x000002144e6ec000, 0x000002144e6ef800, 0x000002144e6f1000,
0x000002144e6f2000, 0x000002144e6f2800, 0x000002144e6ed000, 0x000002144e6f3800,
0x000002144e6ee000, 0x000002144e6f6800, 0x000002144e6f7800, 0x000002144e6f8800,
0x000002144e6f9000, 0x000002144e6fa000, 0x000002144e6f4800, 0x000002144e6fb000,
0x000002144e6f5000, 0x000002144e6f6000, 0x000002144a235800, 0x000002144a237000,
0x000002144a237800, 0x000002144a239800, 0x000002144a238800, 0x000002144a23b000,
0x000002144a23c000, 0x000002144a236000, 0x000002144a240800
}

Java Threads: ( => current thread )
  0x000002142ee70000 JavaThread "main" [_thread_blocked, id=5400, stack(0x000000fffcb00000,0x000000fffcc00000)]
  0x0000021448a58000 JavaThread "Reference Handler" daemon [_thread_blocked, id=2220, stack(0x000000fffd200000,0x000000fffd300000)]
  0x0000021448a59800 JavaThread "Finalizer" daemon [_thread_blocked, id=1760, stack(0x000000fffd300000,0x000000fffd400000)]
  0x0000021448a6f800 JavaThread "Signal Dispatcher" daemon [_thread_blocked, id=7060, stack(0x000000fffd400000,0x000000fffd500000)]
  0x0000021448a71000 JavaThread "Attach Listener" daemon [_thread_blocked, id=5484, stack(0x000000fffd500000,0x000000fffd600000)]
  0x0000021448a73000 JavaThread "Service Thread" daemon [_thread_blocked, id=5224, stack(0x000000fffd600000,0x000000fffd700000)]
=>0x0000021448a7e800 JavaThread "C2 CompilerThread0" daemon [_thread_in_native, id=2800, stack(0x000000fffd700000,0x000000fffd800000)]
  0x0000021448a83000 JavaThread "C1 CompilerThread0" daemon [_thread_blocked, id=7068, stack(0x000000fffd800000,0x000000fffd900000)]
  0x0000021448a84000 JavaThread "Sweeper thread" daemon [_thread_blocked, id=1616, stack(0x000000fffd900000,0x000000fffda00000)]
  0x0000021449534800 JavaThread "Common-Cleaner" daemon [_thread_blocked, id=7044, stack(0x000000fffda00000,0x000000fffdb00000)]
  0x000002144aec1000 JavaThread "Daemon health stats" [_thread_blocked, id=2284, stack(0x000000fffde00000,0x000000fffdf00000)]
  0x000002144b64b800 JavaThread "Incoming local TCP Connector on port 49951" [_thread_in_native, id=5200, stack(0x000000fffdf00000,0x000000fffe000000)]
  0x000002144bc0e800 JavaThread "Daemon periodic checks" [_thread_blocked, id=3180, stack(0x000000fffe000000,0x000000fffe100000)]
  0x000002144b8e4000 JavaThread "Daemon" [_thread_blocked, id=6732, stack(0x000000fffe100000,0x000000fffe200000)]
  0x000002144af3e800 JavaThread "Daemon worker" [_thread_blocked, id=4916, stack(0x000000fffe400000,0x000000fffe500000)]
  0x000002144bc9e800 JavaThread "Cache worker for journal cache (C:\Users\giorgi\.gradle\caches\journal-1)" [_thread_blocked, id=1952, stack(0x000000fffea00000,0x000000fffeb00000)]
  0x000002144bc9f800 JavaThread "File lock request listener" [_thread_in_native, id=6920, stack(0x000000fffeb00000,0x000000fffec00000)]
  0x000002144bc9c000 JavaThread "Cache worker for file hash cache (C:\Users\giorgi\.gradle\caches\7.2\fileHashes)" [_thread_blocked, id=6912, stack(0x000000fffec00000,0x000000fffed00000)]
  0x000002144bca0000 JavaThread "File watcher server" daemon [_thread_in_native, id=2600, stack(0x000000fffee00000,0x000000fffef00000)]
  0x000002144bca1000 JavaThread "File watcher consumer" daemon [_thread_blocked, id=520, stack(0x000000fffef00000,0x000000ffff000000)]
  0x000002144d497800 JavaThread "Cache worker for execution history cache (C:\Users\giorgi\.gradle\caches\7.2\executionHistory)" [_thread_in_native, id=6608, stack(0x000000ffff300000,0x000000ffff400000)]
  0x000002144d497000 JavaThread "jar transforms" [_thread_blocked, id=772, stack(0x000000ffff400000,0x000000ffff500000)]
  0x000002144d498800 JavaThread "Cache worker for file content cache (C:\Users\giorgi\.gradle\caches\7.2\fileContent)" [_thread_blocked, id=2164, stack(0x000000ffff500000,0x000000ffff600000)]
  0x000002144d499800 JavaThread "jar transforms Thread 2" [_thread_blocked, id=1508, stack(0x000000ffff600000,0x000000ffff700000)]
  0x000002144d4a0000 JavaThread "jar transforms Thread 3" [_thread_blocked, id=1596, stack(0x000000ffff800000,0x000000ffff900000)]
  0x000002144a7cc800 JavaThread "jar transforms Thread 4" [_thread_blocked, id=6968, stack(0x000000ff82200000,0x000000ff82300000)]
  0x000002144a7ca000 JavaThread "Memory manager" [_thread_blocked, id=2808, stack(0x000000ff82300000,0x000000ff82400000)]
  0x000002144a7c1000 JavaThread "Handler for socket connection from /127.0.0.1:49951 to /127.0.0.1:49958" [_thread_in_native, id=5276, stack(0x000000ff80200000,0x000000ff80300000)]
  0x000002144a7c2000 JavaThread "Cancel handler" [_thread_blocked, id=5356, stack(0x000000ff80300000,0x000000ff80400000)]
  0x000002144a7c5000 JavaThread "Asynchronous log dispatcher for DefaultDaemonConnection: socket connection from /127.0.0.1:49951 to /127.0.0.1:49958" [_thread_blocked, id=5840, stack(0x000000ff80400000,0x000000ff80500000)]
  0x000002144a7c3800 JavaThread "Stdin handler" [_thread_blocked, id=1320, stack(0x000000ff80500000,0x000000ff80600000)]
  0x000002144a7c2800 JavaThread "Daemon client event forwarder" [_thread_blocked, id=4200, stack(0x000000ff80600000,0x000000ff80700000)]
  0x000002144a7bf800 JavaThread "Cache worker for file hash cache (C:\Users\giorgi\StudioProjects\altaapp\.gradle\7.2\fileHashes)" [_thread_blocked, id=6544, stack(0x000000ff80700000,0x000000ff80800000)]
  0x000002144a7c4800 JavaThread "Cache worker for checksums cache (C:\Users\giorgi\StudioProjects\altaapp\.gradle\checksums)" [_thread_blocked, id=1432, stack(0x000000ff80800000,0x000000ff80900000)]
  0x000002144a7c6000 JavaThread "Cache worker for cache directory md-supplier (C:\Users\giorgi\.gradle\caches\7.2\md-supplier)" [_thread_blocked, id=6964, stack(0x000000ff80900000,0x000000ff80a00000)]
  0x000002144a7c0000 JavaThread "Cache worker for cache directory md-rule (C:\Users\giorgi\.gradle\caches\7.2\md-rule)" [_thread_blocked, id=6268, stack(0x000000ff80a00000,0x000000ff80b00000)]
  0x000002144a7c8800 JavaThread "Cache worker for dependencies-accessors (C:\Users\giorgi\StudioProjects\altaapp\.gradle\7.2\dependencies-accessors)" [_thread_blocked, id=4600, stack(0x000000ff80b00000,0x000000ff80c00000)]
  0x000002144a7c6800 JavaThread "Cache worker for Build Output Cleanup Cache (C:\Users\giorgi\StudioProjects\altaapp\.gradle\buildOutputCleanup)" [_thread_blocked, id=2560, stack(0x000000ff80c00000,0x000000ff80d00000)]
  0x000002144a7c7800 JavaThread "Unconstrained build operations" [_thread_blocked, id=5492, stack(0x000000ff80d00000,0x000000ff80e00000)]
  0x000002144a7cb000 JavaThread "Unconstrained build operations Thread 2" [_thread_blocked, id=4868, stack(0x000000ff80e00000,0x000000ff80f00000)]
  0x000002144a7cb800 JavaThread "Unconstrained build operations Thread 3" [_thread_blocked, id=1624, stack(0x000000ff80f00000,0x000000ff81000000)]
  0x000002144a7cd000 JavaThread "Unconstrained build operations Thread 4" [_thread_blocked, id=5884, stack(0x000000ff81000000,0x000000ff81100000)]
  0x000002144a7ce000 JavaThread "Unconstrained build operations Thread 5" [_thread_blocked, id=4880, stack(0x000000ff81100000,0x000000ff81200000)]
  0x000002144a7c9000 JavaThread "Unconstrained build operations Thread 6" [_thread_blocked, id=6136, stack(0x000000ff81200000,0x000000ff81300000)]
  0x000002144d49a000 JavaThread "Unconstrained build operations Thread 7" [_thread_blocked, id=4948, stack(0x000000ff81300000,0x000000ff81400000)]
  0x000002144d49b000 JavaThread "Unconstrained build operations Thread 8" [_thread_blocked, id=4972, stack(0x000000ff81400000,0x000000ff81500000)]
  0x000002144d49c000 JavaThread "Unconstrained build operations Thread 9" [_thread_blocked, id=952, stack(0x000000ff81500000,0x000000ff81600000)]
  0x000002144d496000 JavaThread "Unconstrained build operations Thread 10" [_thread_blocked, id=5316, stack(0x000000ff81600000,0x000000ff81700000)]
  0x000002144d49d800 JavaThread "Unconstrained build operations Thread 11" [_thread_blocked, id=5432, stack(0x000000ff81700000,0x000000ff81800000)]
  0x000002144d4a2800 JavaThread "Unconstrained build operations Thread 12" [_thread_in_native, id=4848, stack(0x000000ff81800000,0x000000ff81900000)]
  0x000002144d4a0800 JavaThread "Unconstrained build operations Thread 13" [_thread_blocked, id=1348, stack(0x000000ff81900000,0x000000ff81a00000)]
  0x000002144d49c800 JavaThread "Unconstrained build operations Thread 14" [_thread_blocked, id=1376, stack(0x000000ff81a00000,0x000000ff81b00000)]
  0x000002144d4a1800 JavaThread "Unconstrained build operations Thread 15" [_thread_blocked, id=1956, stack(0x000000ff81b00000,0x000000ff81c00000)]
  0x000002144d49e000 JavaThread "Unconstrained build operations Thread 16" [_thread_blocked, id=72, stack(0x000000ff81c00000,0x000000ff81d00000)]
  0x000002144d49f000 JavaThread "Unconstrained build operations Thread 17" [_thread_blocked, id=6788, stack(0x000000ff81d00000,0x000000ff81e00000)]
  0x000002144bc9d800 JavaThread "Unconstrained build operations Thread 18" [_thread_blocked, id=1648, stack(0x000000ff81e00000,0x000000ff81f00000)]
  0x000002144bc9b800 JavaThread "Unconstrained build operations Thread 19" [_thread_blocked, id=6832, stack(0x000000ff81f00000,0x000000ff82000000)]
  0x000002144bca2000 JavaThread "Unconstrained build operations Thread 20" [_thread_blocked, id=6160, stack(0x000000ff82000000,0x000000ff82100000)]
  0x000002144bc9d000 JavaThread "Unconstrained build operations Thread 21" [_thread_blocked, id=6024, stack(0x000000ff82100000,0x000000ff82200000)]
  0x000002144e6f0000 JavaThread "Unconstrained build operations Thread 22" [_thread_blocked, id=4768, stack(0x000000ff82400000,0x000000ff82500000)]
  0x000002144e6ee800 JavaThread "Unconstrained build operations Thread 23" [_thread_blocked, id=4400, stack(0x000000ff82500000,0x000000ff82600000)]
  0x000002144e6ec000 JavaThread "Unconstrained build operations Thread 24" [_thread_blocked, id=1048, stack(0x000000ff82600000,0x000000ff82700000)]
  0x000002144e6ef800 JavaThread "Unconstrained build operations Thread 25" [_thread_blocked, id=4364, stack(0x000000ff82700000,0x000000ff82800000)]
  0x000002144e6f1000 JavaThread "Unconstrained build operations Thread 26" [_thread_blocked, id=6568, stack(0x000000ff82800000,0x000000ff82900000)]
  0x000002144e6f2000 JavaThread "Unconstrained build operations Thread 27" [_thread_blocked, id=1044, stack(0x000000ff82900000,0x000000ff82a00000)]
  0x000002144e6f2800 JavaThread "Unconstrained build operations Thread 28" [_thread_blocked, id=6868, stack(0x000000ff82a00000,0x000000ff82b00000)]
  0x000002144e6ed000 JavaThread "Unconstrained build operations Thread 29" [_thread_blocked, id=4444, stack(0x000000ff82b00000,0x000000ff82c00000)]
  0x000002144e6f3800 JavaThread "Unconstrained build operations Thread 30" [_thread_blocked, id=5392, stack(0x000000ff82c00000,0x000000ff82d00000)]
  0x000002144e6ee000 JavaThread "Unconstrained build operations Thread 31" [_thread_blocked, id=3740, stack(0x000000ff82d00000,0x000000ff82e00000)]
  0x000002144e6f6800 JavaThread "Unconstrained build operations Thread 32" [_thread_blocked, id=2640, stack(0x000000ff82e00000,0x000000ff82f00000)]
  0x000002144e6f7800 JavaThread "Unconstrained build operations Thread 33" [_thread_blocked, id=3748, stack(0x000000ff82f00000,0x000000ff83000000)]
  0x000002144e6f8800 JavaThread "Unconstrained build operations Thread 34" [_thread_blocked, id=7072, stack(0x000000ff83000000,0x000000ff83100000)]
  0x000002144e6f9000 JavaThread "Unconstrained build operations Thread 35" [_thread_blocked, id=7156, stack(0x000000ff83100000,0x000000ff83200000)]
  0x000002144e6fa000 JavaThread "Unconstrained build operations Thread 36" [_thread_blocked, id=6752, stack(0x000000ff83200000,0x000000ff83300000)]
  0x000002144e6f4800 JavaThread "Unconstrained build operations Thread 37" [_thread_blocked, id=6840, stack(0x000000ff83300000,0x000000ff83400000)]
  0x000002144e6fb000 JavaThread "Unconstrained build operations Thread 38" [_thread_blocked, id=6712, stack(0x000000ff83400000,0x000000ff83500000)]
  0x000002144e6f5000 JavaThread "Unconstrained build operations Thread 39" [_thread_blocked, id=1424, stack(0x000000ff83500000,0x000000ff83600000)]
  0x000002144e6f6000 JavaThread "Unconstrained build operations Thread 40" [_thread_blocked, id=4140, stack(0x000000ff83600000,0x000000ff83700000)]
  0x000002144a235800 JavaThread "build event listener" [_thread_blocked, id=5268, stack(0x000000ff83700000,0x000000ff83800000)]
  0x000002144a237000 JavaThread "Execution worker for ':'" [_thread_blocked, id=508, stack(0x000000ff83800000,0x000000ff83900000)]
  0x000002144a237800 JavaThread "Execution worker for ':' Thread 2" [_thread_blocked, id=2956, stack(0x000000ff83900000,0x000000ff83a00000)]
  0x000002144a239800 JavaThread "Execution worker for ':' Thread 3" [_thread_blocked, id=6776, stack(0x000000ff83a00000,0x000000ff83b00000)]
  0x000002144a238800 JavaThread "Cache worker for execution history cache (C:\Users\giorgi\StudioProjects\altaapp\.gradle\7.2\executionHistory)" [_thread_blocked, id=1316, stack(0x000000ff83b00000,0x000000ff83c00000)]
  0x000002144a23b000 JavaThread "WorkerExecutor Queue" [_thread_blocked, id=6592, stack(0x000000ff83c00000,0x000000ff83d00000)]
  0x000002144a23c000 JavaThread "WorkerExecutor Queue Thread 2" [_thread_blocked, id=6068, stack(0x000000ff83d00000,0x000000ff83e00000)]
  0x000002144a236000 JavaThread "WorkerExecutor Queue Thread 3" [_thread_blocked, id=5756, stack(0x000000ff83e00000,0x000000ff83f00000)]
  0x000002144a240800 JavaThread "WorkerExecutor Queue Thread 4" [_thread_in_native, id=2604, stack(0x000000ff83f00000,0x000000ff84000000)]

Other Threads:
  0x0000021448a54000 VMThread "VM Thread" [stack: 0x000000fffd100000,0x000000fffd200000] [id=3320]
  0x0000021449545800 WatcherThread [stack: 0x000000fffdb00000,0x000000fffdc00000] [id=6500]
  0x000002142ee89000 GCTaskThread "GC Thread#0" [stack: 0x000000fffcc00000,0x000000fffcd00000] [id=252]
  0x0000021449d0d000 GCTaskThread "GC Thread#1" [stack: 0x000000fffdd00000,0x000000fffde00000] [id=6088]
  0x000002144cd82800 GCTaskThread "GC Thread#2" [stack: 0x000000fffe800000,0x000000fffe900000] [id=2340]
  0x000002144b6f0000 GCTaskThread "GC Thread#3" [stack: 0x000000fffe900000,0x000000fffea00000] [id=7108]
  0x000002142eeb8800 ConcurrentGCThread "G1 Main Marker" [stack: 0x000000fffcd00000,0x000000fffce00000] [id=5084]
  0x000002142eeba000 ConcurrentGCThread "G1 Conc#0" [stack: 0x000000fffce00000,0x000000fffcf00000] [id=6620]
  0x00000214488b0800 ConcurrentGCThread "G1 Refine#0" [stack: 0x000000fffcf00000,0x000000fffd000000] [id=6952]
  0x00000214488b1000 ConcurrentGCThread "G1 Young RemSet Sampling" [stack: 0x000000fffd000000,0x000000fffd100000] [id=6292]

Threads with active compile tasks:
C2 CompilerThread0  81746 14299   !   4       java.io.ObjectOutputStream::writeOrdinaryObject (175 bytes)

VM state:not at safepoint (normal execution)

VM Mutex/Monitor currently owned by a thread: None

Heap address: 0x0000000080000000, size: 2048 MB, Compressed Oops mode: 32-bit
Narrow klass base: 0x0000000000000000, Narrow klass shift: 3
Compressed class space size: 1073741824 Address: 0x0000000100000000

Heap:
 garbage-first heap   total 199680K, used 131377K [0x0000000080000000, 0x0000000100000000)
  region size 1024K, 41 young (41984K), 2 survivors (2048K)
 Metaspace       used 100619K, capacity 102843K, committed 102988K, reserved 1138688K
  class space    used 12542K, capacity 13361K, committed 13440K, reserved 1048576K
Heap Regions: E=young(eden), S=young(survivor), O=old, HS=humongous(starts), HC=humongous(continues), CS=collection set, F=free, A=archive, TAMS=top-at-mark-start (previous, next)
|   0|0x0000000080000000, 0x0000000080100000, 0x0000000080100000|100%| O|  |TAMS 0x0000000080100000, 0x0000000080000000| Untracked 
|   1|0x0000000080100000, 0x0000000080200000, 0x0000000080200000|100%| O|  |TAMS 0x0000000080200000, 0x0000000080100000| Untracked 
|   2|0x0000000080200000, 0x0000000080300000, 0x0000000080300000|100%| O|  |TAMS 0x0000000080300000, 0x0000000080200000| Untracked 
|   3|0x0000000080300000, 0x0000000080400000, 0x0000000080400000|100%|HS|  |TAMS 0x0000000080400000, 0x0000000080300000| Complete 
|   4|0x0000000080400000, 0x0000000080500000, 0x0000000080500000|100%|HC|  |TAMS 0x0000000080500000, 0x0000000080400000| Complete 
|   5|0x0000000080500000, 0x0000000080600000, 0x0000000080600000|100%|HC|  |TAMS 0x0000000080600000, 0x0000000080500000| Complete 
|   6|0x0000000080600000, 0x0000000080700000, 0x0000000080700000|100%| O|  |TAMS 0x0000000080700000, 0x0000000080600000| Untracked 
|   7|0x0000000080700000, 0x0000000080800000, 0x0000000080800000|100%| O|  |TAMS 0x0000000080800000, 0x0000000080700000| Untracked 
|   8|0x0000000080800000, 0x0000000080900000, 0x0000000080900000|100%| O|  |TAMS 0x0000000080900000, 0x0000000080800000| Untracked 
|   9|0x0000000080900000, 0x0000000080a00000, 0x0000000080a00000|100%| O|  |TAMS 0x0000000080a00000, 0x0000000080900000| Untracked 
|  10|0x0000000080a00000, 0x0000000080b00000, 0x0000000080b00000|100%| O|  |TAMS 0x0000000080b00000, 0x0000000080a00000| Untracked 
|  11|0x0000000080b00000, 0x0000000080c00000, 0x0000000080c00000|100%| O|  |TAMS 0x0000000080c00000, 0x0000000080b00000| Untracked 
|  12|0x0000000080c00000, 0x0000000080d00000, 0x0000000080d00000|100%| O|  |TAMS 0x0000000080d00000, 0x0000000080c00000| Untracked 
|  13|0x0000000080d00000, 0x0000000080e00000, 0x0000000080e00000|100%| O|  |TAMS 0x0000000080e00000, 0x0000000080d00000| Untracked 
|  14|0x0000000080e00000, 0x0000000080f00000, 0x0000000080f00000|100%| O|  |TAMS 0x0000000080f00000, 0x0000000080e00000| Untracked 
|  15|0x0000000080f00000, 0x0000000081000000, 0x0000000081000000|100%| O|  |TAMS 0x0000000081000000, 0x0000000080f00000| Untracked 
|  16|0x0000000081000000, 0x0000000081100000, 0x0000000081100000|100%| O|  |TAMS 0x0000000081100000, 0x0000000081000000| Untracked 
|  17|0x0000000081100000, 0x0000000081200000, 0x0000000081200000|100%| O|  |TAMS 0x0000000081200000, 0x0000000081100000| Untracked 
|  18|0x0000000081200000, 0x0000000081300000, 0x0000000081300000|100%| O|  |TAMS 0x0000000081300000, 0x0000000081200000| Untracked 
|  19|0x0000000081300000, 0x0000000081400000, 0x0000000081400000|100%| O|  |TAMS 0x0000000081400000, 0x0000000081300000| Untracked 
|  20|0x0000000081400000, 0x0000000081500000, 0x0000000081500000|100%| O|  |TAMS 0x0000000081500000, 0x0000000081400000| Untracked 
|  21|0x0000000081500000, 0x0000000081600000, 0x0000000081600000|100%| O|  |TAMS 0x0000000081600000, 0x0000000081500000| Untracked 
|  22|0x0000000081600000, 0x0000000081700000, 0x0000000081700000|100%| O|  |TAMS 0x0000000081700000, 0x0000000081600000| Untracked 
|  23|0x0000000081700000, 0x0000000081800000, 0x0000000081800000|100%| O|  |TAMS 0x0000000081800000, 0x0000000081700000| Untracked 
|  24|0x0000000081800000, 0x0000000081900000, 0x0000000081900000|100%| O|  |TAMS 0x0000000081900000, 0x0000000081800000| Untracked 
|  25|0x0000000081900000, 0x0000000081a00000, 0x0000000081a00000|100%| O|  |TAMS 0x0000000081a00000, 0x0000000081900000| Untracked 
|  26|0x0000000081a00000, 0x0000000081b00000, 0x0000000081b00000|100%| O|  |TAMS 0x0000000081b00000, 0x0000000081a00000| Untracked 
|  27|0x0000000081b00000, 0x0000000081c00000, 0x0000000081c00000|100%| O|  |TAMS 0x0000000081c00000, 0x0000000081b00000| Untracked 
|  28|0x0000000081c00000, 0x0000000081d00000, 0x0000000081d00000|100%|HS|  |TAMS 0x0000000081d00000, 0x0000000081c00000| Complete 
|  29|0x0000000081d00000, 0x0000000081e00000, 0x0000000081e00000|100%|HS|  |TAMS 0x0000000081e00000, 0x0000000081d00000| Complete 
|  30|0x0000000081e00000, 0x0000000081f00000, 0x0000000081f00000|100%|HS|  |TAMS 0x0000000081f00000, 0x0000000081e00000| Complete 
|  31|0x0000000081f00000, 0x0000000082000000, 0x0000000082000000|100%|HS|  |TAMS 0x0000000082000000, 0x0000000081f00000| Complete 
|  32|0x0000000082000000, 0x0000000082100000, 0x0000000082100000|100%|HS|  |TAMS 0x0000000082100000, 0x0000000082000000| Complete 
|  33|0x0000000082100000, 0x0000000082200000, 0x0000000082200000|100%|HC|  |TAMS 0x0000000082200000, 0x0000000082100000| Complete 
|  34|0x0000000082200000, 0x0000000082300000, 0x0000000082300000|100%|HC|  |TAMS 0x0000000082300000, 0x0000000082200000| Complete 
|  35|0x0000000082300000, 0x0000000082400000, 0x0000000082400000|100%|HS|  |TAMS 0x0000000082400000, 0x0000000082300000| Complete 
|  36|0x0000000082400000, 0x0000000082500000, 0x0000000082500000|100%|HC|  |TAMS 0x0000000082500000, 0x0000000082400000| Complete 
|  37|0x0000000082500000, 0x0000000082600000, 0x0000000082600000|100%| O|  |TAMS 0x0000000082600000, 0x0000000082500000| Untracked 
|  38|0x0000000082600000, 0x0000000082700000, 0x0000000082700000|100%| O|  |TAMS 0x0000000082700000, 0x0000000082600000| Untracked 
|  39|0x0000000082700000, 0x0000000082800000, 0x0000000082800000|100%| O|  |TAMS 0x0000000082800000, 0x0000000082700000| Untracked 
|  40|0x0000000082800000, 0x0000000082900000, 0x0000000082900000|100%| O|  |TAMS 0x0000000082900000, 0x0000000082800000| Untracked 
|  41|0x0000000082900000, 0x0000000082a00000, 0x0000000082a00000|100%| O|  |TAMS 0x0000000082900000, 0x0000000082900000| Untracked 
|  42|0x0000000082a00000, 0x0000000082b00000, 0x0000000082b00000|100%| O|  |TAMS 0x0000000082b00000, 0x0000000082a00000| Untracked 
|  43|0x0000000082b00000, 0x0000000082c00000, 0x0000000082c00000|100%| O|  |TAMS 0x0000000082c00000, 0x0000000082b00000| Untracked 
|  44|0x0000000082c00000, 0x0000000082d00000, 0x0000000082d00000|100%| O|  |TAMS 0x0000000082d00000, 0x0000000082c00000| Untracked 
|  45|0x0000000082d00000, 0x0000000082e00000, 0x0000000082e00000|100%| O|  |TAMS 0x0000000082e00000, 0x0000000082d00000| Untracked 
|  46|0x0000000082e00000, 0x0000000082f00000, 0x0000000082f00000|100%| O|  |TAMS 0x0000000082f00000, 0x0000000082e00000| Untracked 
|  47|0x0000000082f00000, 0x0000000083000000, 0x0000000083000000|100%| O|  |TAMS 0x0000000083000000, 0x0000000082f00000| Untracked 
|  48|0x0000000083000000, 0x0000000083100000, 0x0000000083100000|100%| O|  |TAMS 0x0000000083100000, 0x0000000083000000| Untracked 
|  49|0x0000000083100000, 0x0000000083200000, 0x0000000083200000|100%| O|  |TAMS 0x0000000083200000, 0x0000000083100000| Untracked 
|  50|0x0000000083200000, 0x0000000083300000, 0x0000000083300000|100%| O|  |TAMS 0x0000000083300000, 0x0000000083200000| Untracked 
|  51|0x0000000083300000, 0x0000000083400000, 0x0000000083400000|100%| O|  |TAMS 0x0000000083400000, 0x0000000083300000| Untracked 
|  52|0x0000000083400000, 0x0000000083500000, 0x0000000083500000|100%| O|  |TAMS 0x0000000083500000, 0x0000000083400000| Untracked 
|  53|0x0000000083500000, 0x0000000083600000, 0x0000000083600000|100%| O|  |TAMS 0x0000000083600000, 0x0000000083500000| Untracked 
|  54|0x0000000083600000, 0x0000000083700000, 0x0000000083700000|100%| O|  |TAMS 0x0000000083700000, 0x0000000083600000| Untracked 
|  55|0x0000000083700000, 0x0000000083800000, 0x0000000083800000|100%| O|  |TAMS 0x0000000083800000, 0x0000000083700000| Untracked 
|  56|0x0000000083800000, 0x0000000083900000, 0x0000000083900000|100%| O|  |TAMS 0x0000000083900000, 0x0000000083800000| Untracked 
|  57|0x0000000083900000, 0x0000000083a00000, 0x0000000083a00000|100%| O|  |TAMS 0x0000000083a00000, 0x0000000083900000| Untracked 
|  58|0x0000000083a00000, 0x0000000083b00000, 0x0000000083b00000|100%| O|  |TAMS 0x0000000083b00000, 0x0000000083a00000| Untracked 
|  59|0x0000000083b00000, 0x0000000083c00000, 0x0000000083c00000|100%| O|  |TAMS 0x0000000083c00000, 0x0000000083b00000| Untracked 
|  60|0x0000000083c00000, 0x0000000083d00000, 0x0000000083d00000|100%| O|  |TAMS 0x0000000083d00000, 0x0000000083c00000| Untracked 
|  61|0x0000000083d00000, 0x0000000083e00000, 0x0000000083e00000|100%| O|  |TAMS 0x0000000083e00000, 0x0000000083d00000| Untracked 
|  62|0x0000000083e00000, 0x0000000083f00000, 0x0000000083f00000|100%| O|  |TAMS 0x0000000083f00000, 0x0000000083e00000| Untracked 
|  63|0x0000000083f00000, 0x0000000084000000, 0x0000000084000000|100%| O|  |TAMS 0x0000000084000000, 0x0000000083f00000| Untracked 
|  64|0x0000000084000000, 0x0000000084100000, 0x0000000084100000|100%| O|  |TAMS 0x0000000084100000, 0x0000000084000000| Untracked 
|  65|0x0000000084100000, 0x0000000084200000, 0x0000000084200000|100%| O|  |TAMS 0x0000000084200000, 0x0000000084100000| Untracked 
|  66|0x0000000084200000, 0x0000000084300000, 0x0000000084300000|100%| O|  |TAMS 0x0000000084300000, 0x0000000084200000| Untracked 
|  67|0x0000000084300000, 0x0000000084400000, 0x0000000084400000|100%| O|  |TAMS 0x0000000084400000, 0x0000000084300000| Untracked 
|  68|0x0000000084400000, 0x0000000084500000, 0x0000000084500000|100%| O|  |TAMS 0x0000000084500000, 0x0000000084400000| Untracked 
|  69|0x0000000084500000, 0x0000000084600000, 0x0000000084600000|100%| O|  |TAMS 0x0000000084600000, 0x0000000084500000| Untracked 
|  70|0x0000000084600000, 0x0000000084700000, 0x0000000084700000|100%| O|  |TAMS 0x0000000084700000, 0x0000000084600000| Untracked 
|  71|0x0000000084700000, 0x0000000084800000, 0x0000000084800000|100%| O|  |TAMS 0x0000000084800000, 0x0000000084700000| Untracked 
|  72|0x0000000084800000, 0x0000000084900000, 0x0000000084900000|100%| O|  |TAMS 0x0000000084900000, 0x0000000084800000| Untracked 
|  73|0x0000000084900000, 0x0000000084a00000, 0x0000000084a00000|100%| O|  |TAMS 0x0000000084a00000, 0x0000000084900000| Untracked 
|  74|0x0000000084a00000, 0x0000000084b00000, 0x0000000084b00000|100%| O|  |TAMS 0x0000000084b00000, 0x0000000084a00000| Untracked 
|  75|0x0000000084b00000, 0x0000000084c00000, 0x0000000084c00000|100%| O|  |TAMS 0x0000000084c00000, 0x0000000084b00000| Untracked 
|  76|0x0000000084c00000, 0x0000000084d00000, 0x0000000084d00000|100%| O|  |TAMS 0x0000000084d00000, 0x0000000084c00000| Untracked 
|  77|0x0000000084d00000, 0x0000000084e00000, 0x0000000084e00000|100%| O|  |TAMS 0x0000000084e00000, 0x0000000084d00000| Untracked 
|  78|0x0000000084e00000, 0x0000000084f00000, 0x0000000084f00000|100%| O|  |TAMS 0x0000000084f00000, 0x0000000084e00000| Untracked 
|  79|0x0000000084f00000, 0x0000000085000000, 0x0000000085000000|100%| O|  |TAMS 0x0000000085000000, 0x0000000084f00000| Untracked 
|  80|0x0000000085000000, 0x0000000085100000, 0x0000000085100000|100%| O|  |TAMS 0x0000000085100000, 0x0000000085000000| Untracked 
|  81|0x0000000085100000, 0x0000000085200000, 0x0000000085200000|100%| O|  |TAMS 0x0000000085200000, 0x0000000085100000| Untracked 
|  82|0x0000000085200000, 0x0000000085227800, 0x0000000085300000| 15%| O|  |TAMS 0x0000000085200000, 0x0000000085200000| Untracked 
|  83|0x0000000085300000, 0x0000000085400000, 0x0000000085400000|100%| O|  |TAMS 0x0000000085400000, 0x0000000085300000| Untracked 
|  84|0x0000000085400000, 0x0000000085400000, 0x0000000085500000|  0%| F|  |TAMS 0x0000000085400000, 0x0000000085400000| Untracked 
|  85|0x0000000085500000, 0x0000000085600000, 0x0000000085600000|100%| O|  |TAMS 0x0000000085600000, 0x0000000085500000| Untracked 
|  86|0x0000000085600000, 0x0000000085600000, 0x0000000085700000|  0%| F|  |TAMS 0x0000000085600000, 0x0000000085600000| Untracked 
|  87|0x0000000085700000, 0x0000000085700000, 0x0000000085800000|  0%| F|  |TAMS 0x0000000085700000, 0x0000000085700000| Untracked 
|  88|0x0000000085800000, 0x0000000085800000, 0x0000000085900000|  0%| F|  |TAMS 0x0000000085800000, 0x0000000085800000| Untracked 
|  89|0x0000000085900000, 0x0000000085900000, 0x0000000085a00000|  0%| F|  |TAMS 0x0000000085900000, 0x0000000085900000| Untracked 
|  90|0x0000000085a00000, 0x0000000085a00000, 0x0000000085b00000|  0%| F|  |TAMS 0x0000000085a00000, 0x0000000085a00000| Untracked 
|  91|0x0000000085b00000, 0x0000000085b00000, 0x0000000085c00000|  0%| F|  |TAMS 0x0000000085b00000, 0x0000000085b00000| Untracked 
|  92|0x0000000085c00000, 0x0000000085c00000, 0x0000000085d00000|  0%| F|  |TAMS 0x0000000085c00000, 0x0000000085c00000| Untracked 
|  93|0x0000000085d00000, 0x0000000085d00000, 0x0000000085e00000|  0%| F|  |TAMS 0x0000000085d00000, 0x0000000085d00000| Untracked 
|  94|0x0000000085e00000, 0x0000000085e00000, 0x0000000085f00000|  0%| F|  |TAMS 0x0000000085e00000, 0x0000000085e00000| Untracked 
|  95|0x0000000085f00000, 0x0000000085f00000, 0x0000000086000000|  0%| F|  |TAMS 0x0000000085f00000, 0x0000000085f00000| Untracked 
|  96|0x0000000086000000, 0x0000000086000000, 0x0000000086100000|  0%| F|  |TAMS 0x0000000086000000, 0x0000000086000000| Untracked 
|  97|0x0000000086100000, 0x0000000086100000, 0x0000000086200000|  0%| F|  |TAMS 0x0000000086100000, 0x0000000086100000| Untracked 
|  98|0x0000000086200000, 0x0000000086200000, 0x0000000086300000|  0%| F|  |TAMS 0x0000000086200000, 0x0000000086200000| Untracked 
|  99|0x0000000086300000, 0x0000000086300000, 0x0000000086400000|  0%| F|  |TAMS 0x0000000086300000, 0x0000000086300000| Untracked 
| 100|0x0000000086400000, 0x0000000086400000, 0x0000000086500000|  0%| F|  |TAMS 0x0000000086400000, 0x0000000086400000| Untracked 
| 101|0x0000000086500000, 0x0000000086500000, 0x0000000086600000|  0%| F|  |TAMS 0x0000000086500000, 0x0000000086500000| Untracked 
| 102|0x0000000086600000, 0x0000000086600000, 0x0000000086700000|  0%| F|  |TAMS 0x0000000086600000, 0x0000000086600000| Untracked 
| 103|0x0000000086700000, 0x0000000086700000, 0x0000000086800000|  0%| F|  |TAMS 0x0000000086700000, 0x0000000086700000| Untracked 
| 104|0x0000000086800000, 0x0000000086900000, 0x0000000086900000|100%| O|  |TAMS 0x0000000086900000, 0x0000000086800000| Untracked 
| 105|0x0000000086900000, 0x0000000086900000, 0x0000000086a00000|  0%| F|  |TAMS 0x0000000086900000, 0x0000000086900000| Untracked 
| 106|0x0000000086a00000, 0x0000000086a00000, 0x0000000086b00000|  0%| F|  |TAMS 0x0000000086a00000, 0x0000000086a00000| Untracked 
| 107|0x0000000086b00000, 0x0000000086b00000, 0x0000000086c00000|  0%| F|  |TAMS 0x0000000086b00000, 0x0000000086b00000| Untracked 
| 108|0x0000000086c00000, 0x0000000086d00000, 0x0000000086d00000|100%| O|  |TAMS 0x0000000086d00000, 0x0000000086c00000| Untracked 
| 109|0x0000000086d00000, 0x0000000086e00000, 0x0000000086e00000|100%| O|  |TAMS 0x0000000086e00000, 0x0000000086d00000| Untracked 
| 110|0x0000000086e00000, 0x0000000086e00000, 0x0000000086f00000|  0%| F|  |TAMS 0x0000000086e00000, 0x0000000086e00000| Untracked 
| 111|0x0000000086f00000, 0x0000000086f00000, 0x0000000087000000|  0%| F|  |TAMS 0x0000000086f00000, 0x0000000086f00000| Untracked 
| 112|0x0000000087000000, 0x0000000087000000, 0x0000000087100000|  0%| F|  |TAMS 0x0000000087000000, 0x0000000087000000| Untracked 
| 113|0x0000000087100000, 0x0000000087200000, 0x0000000087200000|100%| O|  |TAMS 0x0000000087200000, 0x0000000087100000| Untracked 
| 114|0x0000000087200000, 0x0000000087300000, 0x0000000087300000|100%| O|  |TAMS 0x0000000087300000, 0x0000000087200000| Untracked 
| 115|0x0000000087300000, 0x0000000087400000, 0x0000000087400000|100%| O|  |TAMS 0x0000000087400000, 0x0000000087300000| Untracked 
| 116|0x0000000087400000, 0x0000000087400000, 0x0000000087500000|  0%| F|  |TAMS 0x0000000087400000, 0x0000000087400000| Untracked 
| 117|0x0000000087500000, 0x0000000087500000, 0x0000000087600000|  0%| F|  |TAMS 0x0000000087500000, 0x0000000087500000| Untracked 
| 118|0x0000000087600000, 0x0000000087600000, 0x0000000087700000|  0%| F|  |TAMS 0x0000000087600000, 0x0000000087600000| Untracked 
| 119|0x0000000087700000, 0x0000000087700000, 0x0000000087800000|  0%| F|  |TAMS 0x0000000087700000, 0x0000000087700000| Untracked 
| 120|0x0000000087800000, 0x0000000087800000, 0x0000000087900000|  0%| F|  |TAMS 0x0000000087800000, 0x0000000087800000| Untracked 
| 121|0x0000000087900000, 0x0000000087900000, 0x0000000087a00000|  0%| F|  |TAMS 0x0000000087900000, 0x0000000087900000| Untracked 
| 122|0x0000000087a00000, 0x0000000087a00000, 0x0000000087b00000|  0%| F|  |TAMS 0x0000000087a00000, 0x0000000087a00000| Untracked 
| 123|0x0000000087b00000, 0x0000000087b00000, 0x0000000087c00000|  0%| F|  |TAMS 0x0000000087b00000, 0x0000000087b00000| Untracked 
| 124|0x0000000087c00000, 0x0000000087c00000, 0x0000000087d00000|  0%| F|  |TAMS 0x0000000087c00000, 0x0000000087c00000| Untracked 
| 125|0x0000000087d00000, 0x0000000087d00000, 0x0000000087e00000|  0%| F|  |TAMS 0x0000000087d00000, 0x0000000087d00000| Untracked 
| 126|0x0000000087e00000, 0x0000000087e00000, 0x0000000087f00000|  0%| F|  |TAMS 0x0000000087e00000, 0x0000000087e00000| Untracked 
| 127|0x0000000087f00000, 0x0000000087f00000, 0x0000000088000000|  0%| F|  |TAMS 0x0000000087f00000, 0x0000000087f00000| Untracked 
| 128|0x0000000088000000, 0x0000000088000000, 0x0000000088100000|  0%| F|  |TAMS 0x0000000088000000, 0x0000000088000000| Untracked 
| 129|0x0000000088100000, 0x0000000088100000, 0x0000000088200000|  0%| F|  |TAMS 0x0000000088100000, 0x0000000088100000| Untracked 
| 130|0x0000000088200000, 0x0000000088200000, 0x0000000088300000|  0%| F|  |TAMS 0x0000000088200000, 0x0000000088200000| Untracked 
| 131|0x0000000088300000, 0x0000000088300000, 0x0000000088400000|  0%| F|  |TAMS 0x0000000088300000, 0x0000000088300000| Untracked 
| 132|0x0000000088400000, 0x0000000088400000, 0x0000000088500000|  0%| F|  |TAMS 0x0000000088400000, 0x0000000088400000| Untracked 
| 133|0x0000000088500000, 0x0000000088500000, 0x0000000088600000|  0%| F|  |TAMS 0x0000000088500000, 0x0000000088500000| Untracked 
| 134|0x0000000088600000, 0x0000000088600000, 0x0000000088700000|  0%| F|  |TAMS 0x0000000088600000, 0x0000000088600000| Untracked 
| 135|0x0000000088700000, 0x0000000088700000, 0x0000000088800000|  0%| F|  |TAMS 0x0000000088700000, 0x0000000088700000| Untracked 
| 136|0x0000000088800000, 0x0000000088800000, 0x0000000088900000|  0%| F|  |TAMS 0x0000000088800000, 0x0000000088800000| Untracked 
| 137|0x0000000088900000, 0x0000000088900000, 0x0000000088a00000|  0%| F|  |TAMS 0x0000000088900000, 0x0000000088900000| Untracked 
| 138|0x0000000088a00000, 0x0000000088a00000, 0x0000000088b00000|  0%| F|  |TAMS 0x0000000088a00000, 0x0000000088a00000| Untracked 
| 139|0x0000000088b00000, 0x0000000088b00000, 0x0000000088c00000|  0%| F|  |TAMS 0x0000000088b00000, 0x0000000088b00000| Untracked 
| 140|0x0000000088c00000, 0x0000000088c00000, 0x0000000088d00000|  0%| F|  |TAMS 0x0000000088c00000, 0x0000000088c00000| Untracked 
| 141|0x0000000088d00000, 0x0000000088d00000, 0x0000000088e00000|  0%| F|  |TAMS 0x0000000088d00000, 0x0000000088d00000| Untracked 
| 142|0x0000000088e00000, 0x0000000088e24dd8, 0x0000000088f00000| 14%| S|CS|TAMS 0x0000000088e00000, 0x0000000088e00000| Complete 
| 143|0x0000000088f00000, 0x0000000089000000, 0x0000000089000000|100%| S|CS|TAMS 0x0000000088f00000, 0x0000000088f00000| Complete 
| 144|0x0000000089000000, 0x0000000089000000, 0x0000000089100000|  0%| F|  |TAMS 0x0000000089000000, 0x0000000089000000| Untracked 
| 145|0x0000000089100000, 0x0000000089100000, 0x0000000089200000|  0%| F|  |TAMS 0x0000000089100000, 0x0000000089100000| Untracked 
| 146|0x0000000089200000, 0x0000000089200000, 0x0000000089300000|  0%| F|  |TAMS 0x0000000089200000, 0x0000000089200000| Untracked 
| 147|0x0000000089300000, 0x0000000089300000, 0x0000000089400000|  0%| F|  |TAMS 0x0000000089300000, 0x0000000089300000| Untracked 
| 148|0x0000000089400000, 0x0000000089400000, 0x0000000089500000|  0%| F|  |TAMS 0x0000000089400000, 0x0000000089400000| Untracked 
| 149|0x0000000089500000, 0x0000000089500000, 0x0000000089600000|  0%| F|  |TAMS 0x0000000089500000, 0x0000000089500000| Untracked 
| 150|0x0000000089600000, 0x0000000089600000, 0x0000000089700000|  0%| F|  |TAMS 0x0000000089600000, 0x0000000089600000| Untracked 
| 151|0x0000000089700000, 0x0000000089700000, 0x0000000089800000|  0%| F|  |TAMS 0x0000000089700000, 0x0000000089700000| Untracked 
| 152|0x0000000089800000, 0x0000000089800000, 0x0000000089900000|  0%| F|  |TAMS 0x0000000089800000, 0x0000000089800000| Untracked 
| 153|0x0000000089900000, 0x0000000089900000, 0x0000000089a00000|  0%| F|  |TAMS 0x0000000089900000, 0x0000000089900000| Untracked 
| 154|0x0000000089a00000, 0x0000000089a00000, 0x0000000089b00000|  0%| F|  |TAMS 0x0000000089a00000, 0x0000000089a00000| Untracked 
| 155|0x0000000089b00000, 0x0000000089b09d78, 0x0000000089c00000|  3%| E|  |TAMS 0x0000000089b00000, 0x0000000089b00000| Complete 
| 156|0x0000000089c00000, 0x0000000089d00000, 0x0000000089d00000|100%| E|CS|TAMS 0x0000000089c00000, 0x0000000089c00000| Complete 
| 157|0x0000000089d00000, 0x0000000089e00000, 0x0000000089e00000|100%| E|CS|TAMS 0x0000000089d00000, 0x0000000089d00000| Complete 
| 158|0x0000000089e00000, 0x0000000089f00000, 0x0000000089f00000|100%| E|  |TAMS 0x0000000089e00000, 0x0000000089e00000| Complete 
| 159|0x0000000089f00000, 0x000000008a000000, 0x000000008a000000|100%| E|CS|TAMS 0x0000000089f00000, 0x0000000089f00000| Complete 
| 160|0x000000008a000000, 0x000000008a100000, 0x000000008a100000|100%| E|CS|TAMS 0x000000008a000000, 0x000000008a000000| Complete 
| 161|0x000000008a100000, 0x000000008a200000, 0x000000008a200000|100%| E|CS|TAMS 0x000000008a100000, 0x000000008a100000| Complete 
| 162|0x000000008a200000, 0x000000008a300000, 0x000000008a300000|100%| E|CS|TAMS 0x000000008a200000, 0x000000008a200000| Complete 
| 163|0x000000008a300000, 0x000000008a400000, 0x000000008a400000|100%| E|CS|TAMS 0x000000008a300000, 0x000000008a300000| Complete 
| 164|0x000000008a400000, 0x000000008a500000, 0x000000008a500000|100%| E|CS|TAMS 0x000000008a400000, 0x000000008a400000| Complete 
| 165|0x000000008a500000, 0x000000008a600000, 0x000000008a600000|100%| E|CS|TAMS 0x000000008a500000, 0x000000008a500000| Complete 
| 166|0x000000008a600000, 0x000000008a700000, 0x000000008a700000|100%| E|CS|TAMS 0x000000008a600000, 0x000000008a600000| Complete 
| 167|0x000000008a700000, 0x000000008a800000, 0x000000008a800000|100%| E|CS|TAMS 0x000000008a700000, 0x000000008a700000| Complete 
| 168|0x000000008a800000, 0x000000008a900000, 0x000000008a900000|100%| E|CS|TAMS 0x000000008a800000, 0x000000008a800000| Complete 
| 169|0x000000008a900000, 0x000000008aa00000, 0x000000008aa00000|100%| E|CS|TAMS 0x000000008a900000, 0x000000008a900000| Complete 
| 170|0x000000008aa00000, 0x000000008ab00000, 0x000000008ab00000|100%| E|CS|TAMS 0x000000008aa00000, 0x000000008aa00000| Complete 
| 171|0x000000008ab00000, 0x000000008ac00000, 0x000000008ac00000|100%| E|CS|TAMS 0x000000008ab00000, 0x000000008ab00000| Complete 
| 172|0x000000008ac00000, 0x000000008ad00000, 0x000000008ad00000|100%| E|CS|TAMS 0x000000008ac00000, 0x000000008ac00000| Complete 
| 173|0x000000008ad00000, 0x000000008ae00000, 0x000000008ae00000|100%| E|CS|TAMS 0x000000008ad00000, 0x000000008ad00000| Complete 
| 174|0x000000008ae00000, 0x000000008af00000, 0x000000008af00000|100%| E|CS|TAMS 0x000000008ae00000, 0x000000008ae00000| Complete 
| 175|0x000000008af00000, 0x000000008b000000, 0x000000008b000000|100%| E|CS|TAMS 0x000000008af00000, 0x000000008af00000| Complete 
| 176|0x000000008b000000, 0x000000008b100000, 0x000000008b100000|100%| E|CS|TAMS 0x000000008b000000, 0x000000008b000000| Complete 
| 177|0x000000008b100000, 0x000000008b200000, 0x000000008b200000|100%| E|CS|TAMS 0x000000008b100000, 0x000000008b100000| Complete 
| 178|0x000000008b200000, 0x000000008b300000, 0x000000008b300000|100%| E|CS|TAMS 0x000000008b200000, 0x000000008b200000| Complete 
| 179|0x000000008b300000, 0x000000008b400000, 0x000000008b400000|100%| E|CS|TAMS 0x000000008b300000, 0x000000008b300000| Complete 
| 180|0x000000008b400000, 0x000000008b500000, 0x000000008b500000|100%| E|CS|TAMS 0x000000008b400000, 0x000000008b400000| Complete 
| 181|0x000000008b500000, 0x000000008b600000, 0x000000008b600000|100%| E|CS|TAMS 0x000000008b500000, 0x000000008b500000| Complete 
| 182|0x000000008b600000, 0x000000008b700000, 0x000000008b700000|100%| E|CS|TAMS 0x000000008b600000, 0x000000008b600000| Complete 
| 183|0x000000008b700000, 0x000000008b800000, 0x000000008b800000|100%| E|CS|TAMS 0x000000008b700000, 0x000000008b700000| Complete 
| 184|0x000000008b800000, 0x000000008b900000, 0x000000008b900000|100%| E|CS|TAMS 0x000000008b800000, 0x000000008b800000| Complete 
| 185|0x000000008b900000, 0x000000008ba00000, 0x000000008ba00000|100%| E|CS|TAMS 0x000000008b900000, 0x000000008b900000| Complete 
| 186|0x000000008ba00000, 0x000000008bb00000, 0x000000008bb00000|100%| E|CS|TAMS 0x000000008ba00000, 0x000000008ba00000| Complete 
| 187|0x000000008bb00000, 0x000000008bc00000, 0x000000008bc00000|100%| E|CS|TAMS 0x000000008bb00000, 0x000000008bb00000| Complete 
| 188|0x000000008bc00000, 0x000000008bd00000, 0x000000008bd00000|100%| E|CS|TAMS 0x000000008bc00000, 0x000000008bc00000| Complete 
| 189|0x000000008bd00000, 0x000000008be00000, 0x000000008be00000|100%| E|CS|TAMS 0x000000008bd00000, 0x000000008bd00000| Complete 
| 190|0x000000008be00000, 0x000000008bf00000, 0x000000008bf00000|100%| E|CS|TAMS 0x000000008be00000, 0x000000008be00000| Complete 
| 191|0x000000008bf00000, 0x000000008c000000, 0x000000008c000000|100%| E|CS|TAMS 0x000000008bf00000, 0x000000008bf00000| Complete 
| 192|0x000000008c000000, 0x000000008c100000, 0x000000008c100000|100%| E|CS|TAMS 0x000000008c000000, 0x000000008c000000| Complete 
| 193|0x000000008c100000, 0x000000008c200000, 0x000000008c200000|100%| E|CS|TAMS 0x000000008c100000, 0x000000008c100000| Complete 
| 194|0x000000008c200000, 0x000000008c300000, 0x000000008c300000|100%| E|CS|TAMS 0x000000008c200000, 0x000000008c200000| Complete 

Card table byte_map: [0x0000021441d70000,0x0000021442170000] _byte_map_base: 0x0000021441970000

Marking Bits (Prev, Next): (CMBitMap*) 0x000002142eeafe28, (CMBitMap*) 0x000002142eeafe60
 Prev Bits: [0x0000021442570000, 0x0000021444570000)
 Next Bits: [0x0000021444570000, 0x0000021446570000)

Polling page: 0x000002142cdf0000

Metaspace:

Usage:
  Non-class:     87.38 MB capacity,    86.01 MB ( 98%) used,     1.11 MB (  1%) free+waste,   273.13 KB ( <1%) overhead. 
      Class:     13.05 MB capacity,    12.25 MB ( 94%) used,   698.24 KB (  5%) free+waste,   120.13 KB ( <1%) overhead. 
       Both:    100.43 MB capacity,    98.26 MB ( 98%) used,     1.79 MB (  2%) free+waste,   393.25 KB ( <1%) overhead. 

Virtual space:
  Non-class space:       88.00 MB reserved,      87.45 MB (>99%) committed 
      Class space:        1.00 GB reserved,      13.13 MB (  1%) committed 
             Both:        1.09 GB reserved,     100.57 MB (  9%) committed 

Chunk freelists:
   Non-Class:  1.00 KB
       Class:  15.00 KB
        Both:  16.00 KB

MaxMetaspaceSize: 17179869184.00 GB
CompressedClassSpaceSize: 1.00 GB

CodeHeap 'non-profiled nmethods': size=120064Kb used=8585Kb max_used=8585Kb free=111478Kb
 bounds [0x000002143a430000, 0x000002143aca0000, 0x0000021441970000]
CodeHeap 'profiled nmethods': size=120000Kb used=32329Kb max_used=32329Kb free=87670Kb
 bounds [0x0000021432f00000, 0x0000021434ea0000, 0x000002143a430000]
CodeHeap 'non-nmethods': size=5696Kb used=2303Kb max_used=2333Kb free=3392Kb
 bounds [0x0000021432970000, 0x0000021432be0000, 0x0000021432f00000]
 total_blobs=15271 nmethods=14359 adapters=823
 compilation: enabled
              stopped_count=0, restarted_count=0
 full_count=0

Compilation events (20 events):
Event: 80.339 Thread 0x0000021448a83000 14346       3       org.gradle.internal.fingerprint.impl.NameOnlyFingerprintingStrategy::normalizePath (7 bytes)
Event: 80.339 Thread 0x0000021448a83000 nmethod 14346 0x0000021434e41390 code [0x0000021434e41540, 0x0000021434e41718]
Event: 80.339 Thread 0x0000021448a83000 14347       3       org.gradle.api.internal.artifacts.transform.TransformationResult$Builder$EntireInputArtifact::resolveForInputArtifact (2 bytes)
Event: 80.340 Thread 0x0000021448a83000 nmethod 14347 0x0000021434e41810 code [0x0000021434e419c0, 0x0000021434e41ab8]
Event: 80.340 Thread 0x0000021448a83000 14348       3       org.gradle.internal.work.DefaultWorkerLeaseService::locksNotHeld (35 bytes)
Event: 80.340 Thread 0x0000021448a83000 nmethod 14348 0x0000021434e41b90 code [0x0000021434e41d80, 0x0000021434e421a8]
Event: 80.340 Thread 0x0000021448a83000 14349       3       org.gradle.internal.work.DefaultWorkerLeaseService$3::transform (9 bytes)
Event: 80.340 Thread 0x0000021448a83000 nmethod 14349 0x0000021434e42390 code [0x0000021434e42560, 0x0000021434e427a8]
Event: 80.343 Thread 0x0000021448a83000 14351       3       org.gradle.api.internal.artifacts.transform.AbstractTransformedArtifactSet$CalculateArtifacts::calculateValue (85 bytes)
Event: 80.344 Thread 0x0000021448a83000 nmethod 14351 0x0000021434e42890 code [0x0000021434e42b40, 0x0000021434e439a8]
Event: 80.344 Thread 0x0000021448a83000 14352       3       org.gradle.api.internal.artifacts.transform.CacheableInvocation$3::getCachedResult (4 bytes)
Event: 80.344 Thread 0x0000021448a83000 nmethod 14352 0x0000021434e43e90 code [0x0000021434e44040, 0x0000021434e44198]
Event: 80.391 Thread 0x0000021448a83000 14353       3       org.gradle.internal.execution.steps.CaptureStateBeforeExecutionStep::execute (10 bytes)
Event: 80.392 Thread 0x0000021448a83000 nmethod 14353 0x0000021434e44290 code [0x0000021434e44460, 0x0000021434e446a8]
Event: 80.392 Thread 0x0000021448a83000 14354       3       org.gradle.internal.execution.steps.CaptureStateBeforeExecutionStep::execute (42 bytes)
Event: 80.393 Thread 0x0000021448a83000 nmethod 14354 0x0000021434e44790 code [0x0000021434e44a80, 0x0000021434e45e38]
Event: 80.393 Thread 0x0000021448a83000 14355       3       org.gradle.internal.execution.steps.CaptureStateBeforeExecutionStep$$Lambda$783/0x0000000100a16c40::get$Lambda (11 bytes)
Event: 80.393 Thread 0x0000021448a83000 nmethod 14355 0x0000021434e46410 code [0x0000021434e465e0, 0x0000021434e468f8]
Event: 80.393 Thread 0x0000021448a83000 14356       3       org.gradle.internal.execution.steps.CaptureStateBeforeExecutionStep$$Lambda$783/0x0000000100a16c40::<init> (20 bytes)
Event: 80.393 Thread 0x0000021448a83000 nmethod 14356 0x0000021434e46a10 code [0x0000021434e46bc0, 0x0000021434e46e38]

GC Heap History (20 events):
Event: 68.616 GC heap before
{Heap before GC invocations=72 (full 0):
 garbage-first heap   total 165888K, used 130135K [0x0000000080000000, 0x0000000100000000)
  region size 1024K, 21 young (21504K), 2 survivors (2048K)
 Metaspace       used 90127K, capacity 92416K, committed 92492K, reserved 1130496K
  class space    used 11543K, capacity 12356K, committed 12416K, reserved 1048576K
}
Event: 68.620 GC heap after
{Heap after GC invocations=73 (full 0):
 garbage-first heap   total 165888K, used 110589K [0x0000000080000000, 0x0000000100000000)
  region size 1024K, 2 young (2048K), 2 survivors (2048K)
 Metaspace       used 90127K, capacity 92416K, committed 92492K, reserved 1130496K
  class space    used 11543K, capacity 12356K, committed 12416K, reserved 1048576K
}
Event: 68.722 GC heap before
{Heap before GC invocations=73 (full 0):
 garbage-first heap   total 165888K, used 131069K [0x0000000080000000, 0x0000000100000000)
  region size 1024K, 22 young (22528K), 2 survivors (2048K)
 Metaspace       used 90127K, capacity 92416K, committed 92492K, reserved 1130496K
  class space    used 11543K, capacity 12356K, committed 12416K, reserved 1048576K
}
Event: 68.726 GC heap after
{Heap after GC invocations=74 (full 0):
 garbage-first heap   total 165888K, used 110431K [0x0000000080000000, 0x0000000100000000)
  region size 1024K, 2 young (2048K), 2 survivors (2048K)
 Metaspace       used 90127K, capacity 92416K, committed 92492K, reserved 1130496K
  class space    used 11543K, capacity 12356K, committed 12416K, reserved 1048576K
}
Event: 69.155 GC heap before
{Heap before GC invocations=75 (full 0):
 garbage-first heap   total 165888K, used 141151K [0x0000000080000000, 0x0000000100000000)
  region size 1024K, 21 young (21504K), 2 survivors (2048K)
 Metaspace       used 90161K, capacity 92486K, committed 92748K, reserved 1130496K
  class space    used 11545K, capacity 12358K, committed 12416K, reserved 1048576K
}
Event: 69.168 GC heap after
{Heap after GC invocations=76 (full 0):
 garbage-first heap   total 165888K, used 117913K [0x0000000080000000, 0x0000000100000000)
  region size 1024K, 3 young (3072K), 3 survivors (3072K)
 Metaspace       used 90161K, capacity 92486K, committed 92748K, reserved 1130496K
  class space    used 11545K, capacity 12358K, committed 12416K, reserved 1048576K
}
Event: 69.620 GC heap before
{Heap before GC invocations=76 (full 0):
 garbage-first heap   total 165888K, used 137369K [0x0000000080000000, 0x0000000100000000)
  region size 1024K, 20 young (20480K), 3 survivors (3072K)
 Metaspace       used 90555K, capacity 92925K, committed 93004K, reserved 1130496K
  class space    used 11569K, capacity 12406K, committed 12416K, reserved 1048576K
}
Event: 69.634 GC heap after
{Heap after GC invocations=77 (full 0):
 garbage-first heap   total 199680K, used 117773K [0x0000000080000000, 0x0000000100000000)
  region size 1024K, 3 young (3072K), 3 survivors (3072K)
 Metaspace       used 90555K, capacity 92925K, committed 93004K, reserved 1130496K
  class space    used 11569K, capacity 12406K, committed 12416K, reserved 1048576K
}
Event: 70.457 GC heap before
{Heap before GC invocations=78 (full 0):
 garbage-first heap   total 199680K, used 149517K [0x0000000080000000, 0x0000000100000000)
  region size 1024K, 35 young (35840K), 3 survivors (3072K)
 Metaspace       used 93906K, capacity 96286K, committed 96332K, reserved 1132544K
  class space    used 11839K, capacity 12664K, committed 12672K, reserved 1048576K
}
Event: 70.473 GC heap after
{Heap after GC invocations=79 (full 0):
 garbage-first heap   total 199680K, used 122403K [0x0000000080000000, 0x0000000100000000)
  region size 1024K, 5 young (5120K), 5 survivors (5120K)
 Metaspace       used 93906K, capacity 96286K, committed 96332K, reserved 1132544K
  class space    used 11839K, capacity 12664K, committed 12672K, reserved 1048576K
}
Event: 70.750 GC heap before
{Heap before GC invocations=79 (full 0):
 garbage-first heap   total 199680K, used 154147K [0x0000000080000000, 0x0000000100000000)
  region size 1024K, 36 young (36864K), 5 survivors (5120K)
 Metaspace       used 94547K, capacity 96862K, committed 97100K, reserved 1134592K
  class space    used 11868K, capacity 12664K, committed 12672K, reserved 1048576K
}
Event: 70.767 GC heap after
{Heap after GC invocations=80 (full 0):
 garbage-first heap   total 199680K, used 129024K [0x0000000080000000, 0x0000000100000000)
  region size 1024K, 5 young (5120K), 5 survivors (5120K)
 Metaspace       used 94547K, capacity 96862K, committed 97100K, reserved 1134592K
  class space    used 11868K, capacity 12664K, committed 12672K, reserved 1048576K
}
Event: 71.611 GC heap before
{Heap before GC invocations=80 (full 0):
 garbage-first heap   total 199680K, used 157696K [0x0000000080000000, 0x0000000100000000)
  region size 1024K, 34 young (34816K), 5 survivors (5120K)
 Metaspace       used 95192K, capacity 97502K, committed 97740K, reserved 1134592K
  class space    used 11909K, capacity 12728K, committed 12800K, reserved 1048576K
}
Event: 71.615 GC heap after
{Heap after GC invocations=81 (full 0):
 garbage-first heap   total 199680K, used 126164K [0x0000000080000000, 0x0000000100000000)
  region size 1024K, 1 young (1024K), 1 survivors (1024K)
 Metaspace       used 95192K, capacity 97502K, committed 97740K, reserved 1134592K
  class space    used 11909K, capacity 12728K, committed 12800K, reserved 1048576K
}
Event: 74.325 GC heap before
{Heap before GC invocations=82 (full 0):
 garbage-first heap   total 199680K, used 149457K [0x0000000080000000, 0x0000000100000000)
  region size 1024K, 33 young (33792K), 1 survivors (1024K)
 Metaspace       used 96326K, capacity 98586K, committed 98892K, reserved 1134592K
  class space    used 12034K, capacity 12829K, committed 12928K, reserved 1048576K
}
Event: 74.332 GC heap after
{Heap after GC invocations=83 (full 0):
 garbage-first heap   total 199680K, used 109856K [0x0000000080000000, 0x0000000100000000)
  region size 1024K, 2 young (2048K), 2 survivors (2048K)
 Metaspace       used 96326K, capacity 98586K, committed 98892K, reserved 1134592K
  class space    used 12034K, capacity 12829K, committed 12928K, reserved 1048576K
}
Event: 74.776 GC heap before
{Heap before GC invocations=83 (full 0):
 garbage-first heap   total 199680K, used 116000K [0x0000000080000000, 0x0000000100000000)
  region size 1024K, 9 young (9216K), 2 survivors (2048K)
 Metaspace       used 96374K, capacity 98656K, committed 98892K, reserved 1134592K
  class space    used 12036K, capacity 12829K, committed 12928K, reserved 1048576K
}
Event: 74.781 GC heap after
{Heap after GC invocations=84 (full 0):
 garbage-first heap   total 199680K, used 92854K [0x0000000080000000, 0x0000000100000000)
  region size 1024K, 1 young (1024K), 1 survivors (1024K)
 Metaspace       used 96374K, capacity 98656K, committed 98892K, reserved 1134592K
  class space    used 12036K, capacity 12829K, committed 12928K, reserved 1048576K
}
Event: 79.195 GC heap before
{Heap before GC invocations=84 (full 0):
 garbage-first heap   total 199680K, used 143030K [0x0000000080000000, 0x0000000100000000)
  region size 1024K, 51 young (52224K), 1 survivors (1024K)
 Metaspace       used 99087K, capacity 101423K, committed 101580K, reserved 1138688K
  class space    used 12388K, capacity 13196K, committed 13312K, reserved 1048576K
}
Event: 79.207 GC heap after
{Heap after GC invocations=85 (full 0):
 garbage-first heap   total 199680K, used 93489K [0x0000000080000000, 0x0000000100000000)
  region size 1024K, 2 young (2048K), 2 survivors (2048K)
 Metaspace       used 99087K, capacity 101423K, committed 101580K, reserved 1138688K
  class space    used 12388K, capacity 13196K, committed 13312K, reserved 1048576K
}

Deoptimization events (20 events):
Event: 80.240 Thread 0x000002144a239800 Uncommon trap: trap_request=0xffffff7e fr.pc=0x000002143a940ec0 relative=0x0000000000000100
Event: 80.240 Thread 0x000002144a239800 Uncommon trap: reason=predicate action=maybe_recompile pc=0x000002143a940ec0 method=com.google.common.collect.ImmutableList.hashCode()I @ 11 c2
Event: 80.240 Thread 0x000002144a239800 DEOPT PACKING pc=0x000002143a940ec0 sp=0x000000ff83afcca0
Event: 80.240 Thread 0x000002144a239800 DEOPT UNPACKING pc=0x00000214329965af sp=0x000000ff83afcc28 mode 2
Event: 80.331 Thread 0x000002144a239800 Uncommon trap: trap_request=0xffffffd6 fr.pc=0x000002143ac3a9a8 relative=0x0000000000002a88
Event: 80.331 Thread 0x000002144a239800 Uncommon trap: reason=array_check action=maybe_recompile pc=0x000002143ac3a9a8 method=java.util.TimSort.reverseRange([Ljava/lang/Object;II)V @ 20 c2
Event: 80.331 Thread 0x000002144a239800 DEOPT PACKING pc=0x000002143ac3a9a8 sp=0x000000ff83afa7c0
Event: 80.331 Thread 0x000002144a239800 DEOPT UNPACKING pc=0x00000214329965af sp=0x000000ff83afa620 mode 2
Event: 80.331 Thread 0x000002144a239800 Uncommon trap: trap_request=0xffffffd6 fr.pc=0x000002143ac3a9a8 relative=0x0000000000002a88
Event: 80.331 Thread 0x000002144a239800 Uncommon trap: reason=array_check action=maybe_recompile pc=0x000002143ac3a9a8 method=java.util.TimSort.reverseRange([Ljava/lang/Object;II)V @ 20 c2
Event: 80.331 Thread 0x000002144a239800 DEOPT PACKING pc=0x000002143ac3a9a8 sp=0x000000ff83afa450
Event: 80.331 Thread 0x000002144a239800 DEOPT UNPACKING pc=0x00000214329965af sp=0x000000ff83afa2b0 mode 2
Event: 80.331 Thread 0x000002144a239800 Uncommon trap: trap_request=0xffffffd6 fr.pc=0x000002143ac3a9a8 relative=0x0000000000002a88
Event: 80.331 Thread 0x000002144a239800 Uncommon trap: reason=array_check action=maybe_recompile pc=0x000002143ac3a9a8 method=java.util.TimSort.reverseRange([Ljava/lang/Object;II)V @ 20 c2
Event: 80.331 Thread 0x000002144a239800 DEOPT PACKING pc=0x000002143ac3a9a8 sp=0x000000ff83afa450
Event: 80.331 Thread 0x000002144a239800 DEOPT UNPACKING pc=0x00000214329965af sp=0x000000ff83afa2b0 mode 2
Event: 80.332 Thread 0x000002144a239800 Uncommon trap: trap_request=0xffffffd6 fr.pc=0x000002143ac3a9a8 relative=0x0000000000002a88
Event: 80.332 Thread 0x000002144a239800 Uncommon trap: reason=array_check action=maybe_recompile pc=0x000002143ac3a9a8 method=java.util.TimSort.reverseRange([Ljava/lang/Object;II)V @ 20 c2
Event: 80.332 Thread 0x000002144a239800 DEOPT PACKING pc=0x000002143ac3a9a8 sp=0x000000ff83afa7c0
Event: 80.332 Thread 0x000002144a239800 DEOPT UNPACKING pc=0x00000214329965af sp=0x000000ff83afa620 mode 2

Classes redefined (0 events):
No events

Internal exceptions (20 events):
Event: 73.127 Thread 0x000002144a237000 Exception <a 'sun/nio/fs/WindowsException'{0x000000008b2ea400}> (0x000000008b2ea400) thrown at [./src/hotspot/share/prims/jni.cpp, line 615]
Event: 73.158 Thread 0x000002144a237000 Exception <a 'sun/nio/fs/WindowsException'{0x000000008b2ef660}> (0x000000008b2ef660) thrown at [./src/hotspot/share/prims/jni.cpp, line 615]
Event: 73.161 Thread 0x000002144a237000 Exception <a 'sun/nio/fs/WindowsException'{0x000000008b2f05d0}> (0x000000008b2f05d0) thrown at [./src/hotspot/share/prims/jni.cpp, line 615]
Event: 73.164 Thread 0x000002144a237000 Exception <a 'sun/nio/fs/WindowsException'{0x000000008b2f1570}> (0x000000008b2f1570) thrown at [./src/hotspot/share/prims/jni.cpp, line 615]
Event: 73.166 Thread 0x000002144a237000 Exception <a 'sun/nio/fs/WindowsException'{0x000000008b2f27e8}> (0x000000008b2f27e8) thrown at [./src/hotspot/share/prims/jni.cpp, line 615]
Event: 73.194 Thread 0x000002144a237000 Exception <a 'sun/nio/fs/WindowsException'{0x000000008b2f3748}> (0x000000008b2f3748) thrown at [./src/hotspot/share/prims/jni.cpp, line 615]
Event: 73.228 Thread 0x000002144a237000 Exception <a 'sun/nio/fs/WindowsException'{0x000000008b2f7360}> (0x000000008b2f7360) thrown at [./src/hotspot/share/prims/jni.cpp, line 615]
Event: 73.261 Thread 0x000002144a237000 Exception <a 'sun/nio/fs/WindowsException'{0x000000008b2f8340}> (0x000000008b2f8340) thrown at [./src/hotspot/share/prims/jni.cpp, line 615]
Event: 73.297 Thread 0x000002144a237000 Exception <a 'sun/nio/fs/WindowsException'{0x000000008b2f92a8}> (0x000000008b2f92a8) thrown at [./src/hotspot/share/prims/jni.cpp, line 615]
Event: 73.563 Thread 0x000002144a237000 Exception <a 'sun/nio/fs/WindowsException'{0x000000008af21830}> (0x000000008af21830) thrown at [./src/hotspot/share/prims/jni.cpp, line 615]
Event: 73.563 Thread 0x000002144a237000 Exception <a 'sun/nio/fs/WindowsException'{0x000000008af226b8}> (0x000000008af226b8) thrown at [./src/hotspot/share/prims/jni.cpp, line 615]
Event: 75.238 Thread 0x000002144af3e800 Exception <a 'sun/nio/fs/WindowsException'{0x000000008be70678}> (0x000000008be70678) thrown at [./src/hotspot/share/prims/jni.cpp, line 615]
Event: 75.238 Thread 0x000002144af3e800 Exception <a 'sun/nio/fs/WindowsException'{0x000000008be71fe0}> (0x000000008be71fe0) thrown at [./src/hotspot/share/prims/jni.cpp, line 615]
Event: 75.238 Thread 0x000002144af3e800 Exception <a 'sun/nio/fs/WindowsException'{0x000000008be722c8}> (0x000000008be722c8) thrown at [./src/hotspot/share/prims/jni.cpp, line 615]
Event: 75.238 Thread 0x000002144af3e800 Exception <a 'sun/nio/fs/WindowsException'{0x000000008be73bf0}> (0x000000008be73bf0) thrown at [./src/hotspot/share/prims/jni.cpp, line 615]
Event: 75.238 Thread 0x000002144af3e800 Exception <a 'sun/nio/fs/WindowsException'{0x000000008be73eb8}> (0x000000008be73eb8) thrown at [./src/hotspot/share/prims/jni.cpp, line 615]
Event: 75.238 Thread 0x000002144af3e800 Exception <a 'sun/nio/fs/WindowsException'{0x000000008be757d0}> (0x000000008be757d0) thrown at [./src/hotspot/share/prims/jni.cpp, line 615]
Event: 80.103 Thread 0x000002144af3e800 Exception <a 'sun/nio/fs/WindowsException'{0x000000008aaf5130}> (0x000000008aaf5130) thrown at [./src/hotspot/share/prims/jni.cpp, line 615]
Event: 80.103 Thread 0x000002144af3e800 Exception <a 'sun/nio/fs/WindowsException'{0x000000008aaf6a78}> (0x000000008aaf6a78) thrown at [./src/hotspot/share/prims/jni.cpp, line 615]
Event: 80.131 Thread 0x000002144af3e800 Exception <a 'java/lang/NoSuchMethodError'{0x000000008a97f148}: <clinit>> (0x000000008a97f148) thrown at [./src/hotspot/share/prims/jni.cpp, line 1362]

Events (20 events):
Event: 80.173 Executing VM operation: Deoptimize
Event: 80.176 Executing VM operation: Deoptimize done
Event: 80.177 loading class com/android/ide/common/resources/AssetMerger
Event: 80.177 loading class com/android/ide/common/resources/AssetMerger done
Event: 80.213 loading class com/android/ide/common/resources/MergedAssetWriter
Event: 80.213 loading class com/android/ide/common/resources/MergedAssetWriter done
Event: 80.240 loading class org/gradle/api/file/ReproducibleFileVisitor
Event: 80.240 loading class org/gradle/api/file/ReproducibleFileVisitor done
Event: 80.241 loading class org/gradle/api/internal/file/collections/DefaultDirectoryWalker$PathVisitor
Event: 80.241 loading class org/gradle/api/internal/file/collections/DefaultDirectoryWalker$PathVisitor done
Event: 80.264 loading class java/nio/file/FileTreeWalker$1
Event: 80.292 loading class java/nio/file/FileTreeWalker$1 done
Event: 80.292 loading class org/gradle/api/internal/file/DefaultFileVisitDetails
Event: 80.292 loading class org/gradle/api/internal/file/DefaultFileVisitDetails done
Event: 80.293 loading class org/gradle/api/internal/file/DefaultFileTreeElement
Event: 80.293 loading class org/gradle/api/internal/file/DefaultFileTreeElement done
Event: 80.307 loading class org/gradle/api/internal/file/AbstractFileTreeElement
Event: 80.307 loading class org/gradle/api/internal/file/AbstractFileTreeElement done
Event: 80.308 loading class org/gradle/api/internal/file/AbstractFileTreeElement$CopyFileElementException
Event: 80.308 loading class org/gradle/api/internal/file/AbstractFileTreeElement$CopyFileElementException done


Dynamic libraries:
0x00007ff7c9870000 - 0x00007ff7c987a000 	C:\Program Files\Android\Android Studio\jre\bin\java.exe
0x00007ffd8e0f0000 - 0x00007ffd8e2e5000 	C:\WINDOWS\SYSTEM32\ntdll.dll
0x00007ffd8c690000 - 0x00007ffd8c74e000 	C:\WINDOWS\System32\KERNEL32.DLL
0x00007ffd8b910000 - 0x00007ffd8bbd8000 	C:\WINDOWS\System32\KERNELBASE.dll
0x00007ffd8b810000 - 0x00007ffd8b910000 	C:\WINDOWS\System32\ucrtbase.dll
0x00007ffd87250000 - 0x00007ffd87267000 	C:\Program Files\Android\Android Studio\jre\bin\VCRUNTIME140.dll
0x00007ffd89140000 - 0x00007ffd89159000 	C:\Program Files\Android\Android Studio\jre\bin\jli.dll
0x00007ffd8d2d0000 - 0x00007ffd8d470000 	C:\WINDOWS\System32\USER32.dll
0x00007ffd84050000 - 0x00007ffd842ea000 	C:\WINDOWS\WinSxS\amd64_microsoft.windows.common-controls_6595b64144ccf1df_6.0.19041.1110_none_60b5254171f9507e\COMCTL32.dll
0x00007ffd8bf50000 - 0x00007ffd8bf72000 	C:\WINDOWS\System32\win32u.dll
0x00007ffd8c150000 - 0x00007ffd8c1ee000 	C:\WINDOWS\System32\msvcrt.dll
0x00007ffd8cfc0000 - 0x00007ffd8cfea000 	C:\WINDOWS\System32\GDI32.dll
0x00007ffd8bff0000 - 0x00007ffd8c0fb000 	C:\WINDOWS\System32\gdi32full.dll
0x00007ffd8bdf0000 - 0x00007ffd8be8d000 	C:\WINDOWS\System32\msvcp_win.dll
0x00007ffd8c1f0000 - 0x00007ffd8c220000 	C:\WINDOWS\System32\IMM32.DLL
0x00007ffd78c80000 - 0x00007ffd78d1d000 	C:\Program Files\Android\Android Studio\jre\bin\msvcp140.dll
0x00007ffd654e0000 - 0x00007ffd65fb5000 	C:\Program Files\Android\Android Studio\jre\bin\server\jvm.dll
0x00007ffd8d070000 - 0x00007ffd8d11e000 	C:\WINDOWS\System32\ADVAPI32.dll
0x00007ffd8cd60000 - 0x00007ffd8cdfc000 	C:\WINDOWS\System32\sechost.dll
0x00007ffd8d470000 - 0x00007ffd8d595000 	C:\WINDOWS\System32\RPCRT4.dll
0x00007ffd8c750000 - 0x00007ffd8c758000 	C:\WINDOWS\System32\PSAPI.DLL
0x00007ffd87580000 - 0x00007ffd87589000 	C:\WINDOWS\SYSTEM32\WSOCK32.dll
0x00007ffd85bb0000 - 0x00007ffd85bd7000 	C:\WINDOWS\SYSTEM32\WINMM.dll
0x00007ffd86090000 - 0x00007ffd8609a000 	C:\WINDOWS\SYSTEM32\VERSION.dll
0x00007ffd8cf50000 - 0x00007ffd8cfbb000 	C:\WINDOWS\System32\WS2_32.dll
0x00007ffd89670000 - 0x00007ffd89682000 	C:\WINDOWS\SYSTEM32\kernel.appcore.dll
0x00007ffd86610000 - 0x00007ffd86621000 	C:\Program Files\Android\Android Studio\jre\bin\verify.dll
0x00007ffd7d930000 - 0x00007ffd7db14000 	C:\WINDOWS\SYSTEM32\DBGHELP.DLL
0x00007ffd7d840000 - 0x00007ffd7d86c000 	C:\WINDOWS\SYSTEM32\dbgcore.DLL
0x00007ffd8bec0000 - 0x00007ffd8bf42000 	C:\WINDOWS\System32\bcryptPrimitives.dll
0x00007ffd7c460000 - 0x00007ffd7c489000 	C:\Program Files\Android\Android Studio\jre\bin\java.dll
0x00007ffd87350000 - 0x00007ffd8735b000 	C:\Program Files\Android\Android Studio\jre\bin\jimage.dll
0x00007ffd84f40000 - 0x00007ffd84f58000 	C:\Program Files\Android\Android Studio\jre\bin\zip.dll
0x00007ffd8d5a0000 - 0x00007ffd8dce4000 	C:\WINDOWS\System32\SHELL32.dll
0x00007ffd89950000 - 0x00007ffd8a0e4000 	C:\WINDOWS\SYSTEM32\windows.storage.dll
0x00007ffd8c760000 - 0x00007ffd8cab4000 	C:\WINDOWS\System32\combase.dll
0x00007ffd8b1b0000 - 0x00007ffd8b1dc000 	C:\WINDOWS\SYSTEM32\Wldp.dll
0x00007ffd8cbe0000 - 0x00007ffd8cc8d000 	C:\WINDOWS\System32\SHCORE.dll
0x00007ffd8cef0000 - 0x00007ffd8cf45000 	C:\WINDOWS\System32\shlwapi.dll
0x00007ffd8b750000 - 0x00007ffd8b76f000 	C:\WINDOWS\SYSTEM32\profapi.dll
0x00007ffd82b70000 - 0x00007ffd82b8a000 	C:\Program Files\Android\Android Studio\jre\bin\net.dll
0x00007ffd83890000 - 0x00007ffd8399a000 	C:\WINDOWS\SYSTEM32\WINHTTP.dll
0x00007ffd8af10000 - 0x00007ffd8af7a000 	C:\WINDOWS\system32\mswsock.dll
0x00007ffd7c440000 - 0x00007ffd7c454000 	C:\Program Files\Android\Android Studio\jre\bin\nio.dll
0x00007ffd743e0000 - 0x00007ffd74407000 	C:\Users\giorgi\.gradle\native\e1d6ef7f7dcc3fd88c89a11ec53ec762bb8ba0a96d01ffa2cd45eb1d1d8dd5c5\windows-amd64\native-platform.dll
0x00007ffd786b0000 - 0x00007ffd787f4000 	C:\Users\giorgi\.gradle\native\5664cfc778a61ccfe75a443a1ab52a65af34e5dc3c78e0209fed803814484fcb\windows-amd64\native-platform-file-events.dll
0x00007ffd86600000 - 0x00007ffd8660a000 	C:\Program Files\Android\Android Studio\jre\bin\management.dll
0x00007ffd83fb0000 - 0x00007ffd83fbd000 	C:\Program Files\Android\Android Studio\jre\bin\management_ext.dll
0x00007ffd8b100000 - 0x00007ffd8b118000 	C:\WINDOWS\SYSTEM32\CRYPTSP.dll
0x00007ffd8a890000 - 0x00007ffd8a8c4000 	C:\WINDOWS\system32\rsaenh.dll
0x00007ffd8be90000 - 0x00007ffd8beb7000 	C:\WINDOWS\System32\bcrypt.dll
0x00007ffd8b710000 - 0x00007ffd8b73e000 	C:\WINDOWS\SYSTEM32\USERENV.dll
0x00007ffd8b120000 - 0x00007ffd8b12c000 	C:\WINDOWS\SYSTEM32\CRYPTBASE.dll
0x00007ffd8ac00000 - 0x00007ffd8ac3b000 	C:\WINDOWS\SYSTEM32\IPHLPAPI.DLL
0x00007ffd8d060000 - 0x00007ffd8d068000 	C:\WINDOWS\System32\NSI.dll
0x00007ffd85140000 - 0x00007ffd85157000 	C:\WINDOWS\SYSTEM32\dhcpcsvc6.DLL
0x00007ffd84f60000 - 0x00007ffd84f7d000 	C:\WINDOWS\SYSTEM32\dhcpcsvc.DLL
0x00007ffd8ac40000 - 0x00007ffd8ad0b000 	C:\WINDOWS\SYSTEM32\DNSAPI.dll
0x00007ffd8a520000 - 0x00007ffd8a553000 	C:\WINDOWS\SYSTEM32\ntmarta.dll

dbghelp: loaded successfully - version: 4.0.5 - missing functions: none
symbol engine: initialized successfully - sym options: 0x614 - pdb path: .;C:\Program Files\Android\Android Studio\jre\bin;C:\WINDOWS\SYSTEM32;C:\WINDOWS\WinSxS\amd64_microsoft.windows.common-controls_6595b64144ccf1df_6.0.19041.1110_none_60b5254171f9507e;C:\Program Files\Android\Android Studio\jre\bin\server;C:\Users\giorgi\.gradle\native\e1d6ef7f7dcc3fd88c89a11ec53ec762bb8ba0a96d01ffa2cd45eb1d1d8dd5c5\windows-amd64;C:\Users\giorgi\.gradle\native\5664cfc778a61ccfe75a443a1ab52a65af34e5dc3c78e0209fed803814484fcb\windows-amd64

VM Arguments:
jvm_args: --add-opens=java.base/java.util=ALL-UNNAMED --add-opens=java.base/java.lang=ALL-UNNAMED --add-opens=java.base/java.lang.invoke=ALL-UNNAMED --add-opens=java.base/java.util=ALL-UNNAMED --add-opens=java.prefs/java.util.prefs=ALL-UNNAMED --add-opens=java.prefs/java.util.prefs=ALL-UNNAMED --add-opens=java.base/java.nio.charset=ALL-UNNAMED --add-opens=java.base/java.net=ALL-UNNAMED --add-opens=java.base/java.util.concurrent.atomic=ALL-UNNAMED -Xmx2048m -Dfile.encoding=UTF-8 -Duser.country=US -Duser.language=en -Duser.variant 
java_command: org.gradle.launcher.daemon.bootstrap.GradleDaemon 7.2
java_class_path (initial): C:\Users\giorgi\.gradle\wrapper\dists\gradle-7.2-bin\2dnblmf4td7x66yl1d74lt32g\gradle-7.2\lib\gradle-launcher-7.2.jar
Launcher Type: SUN_STANDARD

[Global flags]
     intx CICompilerCount                          = 3                                         {product} {ergonomic}
     uint ConcGCThreads                            = 1                                         {product} {ergonomic}
     uint G1ConcRefinementThreads                  = 4                                         {product} {ergonomic}
   size_t G1HeapRegionSize                         = 1048576                                   {product} {ergonomic}
    uintx GCDrainStackTargetSize                   = 64                                        {product} {ergonomic}
   size_t InitialHeapSize                          = 67108864                                  {product} {ergonomic}
   size_t MarkStackSize                            = 4194304                                   {product} {ergonomic}
   size_t MaxHeapSize                              = 2147483648                                {product} {command line}
   size_t MaxNewSize                               = 1287651328                                {product} {ergonomic}
   size_t MinHeapDeltaBytes                        = 1048576                                   {product} {ergonomic}
    uintx NonNMethodCodeHeapSize                   = 5830732                                {pd product} {ergonomic}
    uintx NonProfiledCodeHeapSize                  = 122913754                              {pd product} {ergonomic}
    uintx ProfiledCodeHeapSize                     = 122913754                              {pd product} {ergonomic}
    uintx ReservedCodeCacheSize                    = 251658240                              {pd product} {ergonomic}
     bool SegmentedCodeCache                       = true                                      {product} {ergonomic}
     bool UseCompressedClassPointers               = true                                 {lp64_product} {ergonomic}
     bool UseCompressedOops                        = true                                 {lp64_product} {ergonomic}
     bool UseG1GC                                  = true                                      {product} {ergonomic}
     bool UseLargePagesIndividualAllocation        = false                                  {pd product} {ergonomic}

Logging:
Log output configuration:
 #0: stdout all=warning uptime,level,tags
 #1: stderr all=off uptime,level,tags

Environment Variables:
PATH=C:\Program Files (x86)\VMware\VMware Workstation\bin\;C:\WINDOWS\system32;C:\WINDOWS;C:\WINDOWS\System32\Wbem;C:\WINDOWS\System32\WindowsPowerShell\v1.0\;C:\WINDOWS\System32\OpenSSH\;C:\Program Files\Git\cmd;C:\Program Files\Go\bin;C:\Users\giorgi\AppData\Local\Microsoft\WindowsApps;C:\Users\giorgi\AppData\Local\Programs\Microsoft VS Code\bin;C:\Flutter\flutter\bin;C:\Users\giorgi\go\bin
USERNAME=giorgi
OS=Windows_NT
PROCESSOR_IDENTIFIER=Intel64 Family 6 Model 42 Stepping 7, GenuineIntel



---------------  S Y S T E M  ---------------

OS: Windows 10 , 64 bit Build 19041 (10.0.19041.1645)
OS uptime: 0 days 1:17 hours

CPU:total 4 (initial active 4) (2 cores per cpu, 2 threads per core) family 6 model 42 stepping 7 microcode 0x2f, cmov, cx8, fxsr, mmx, sse, sse2, sse3, ssse3, sse4.1, sse4.2, popcnt, avx, clmul, ht, tsc, tscinvbit

Memory: 4k page, system-wide physical 4078M (293M free)
TotalPageFile size 4078M (AvailPageFile size 4M)
current process WorkingSet (physical memory assigned to process): 303M, peak: 383M
current process commit charge ("private bytes"): 497M, peak: 497M

vm_info: OpenJDK 64-Bit Server VM (11.0.11+9-b60-7590822) for windows-amd64 JRE (11.0.11+9-b60-7590822), built on Jul 29 2021 21:43:44 by "builder" with MS VC++ 14.0 (VS2015)

END.
