#
# There is insufficient memory for the Java Runtime Environment to continue.
# Native memory allocation (mmap) failed to map 327155712 bytes for Failed to commit area from 0x000000008f300000 to 0x00000000a2b00000 of length 327155712.
# Possible reasons:
#   The system is out of physical RAM or swap space
#   The process is running with CompressedOops enabled, and the Java Heap may be blocking the growth of the native heap
# Possible solutions:
#   Reduce memory load on the system
#   Increase physical memory or swap space
#   Check if swap backing store is full
#   Decrease Java heap size (-Xmx/-Xms)
#   Decrease number of Java threads
#   Decrease Java thread stack sizes (-Xss)
#   Set larger code cache with -XX:ReservedCodeCacheSize=
#   JVM is running with Unscaled Compressed Oops mode in which the Java heap is
#     placed in the first 4GB address space. The Java Heap base address is the
#     maximum limit for the native heap growth. Please use -XX:HeapBaseMinAddress
#     to set the Java Heap base and to place the Java Heap above 4GB virtual address.
# This output file may be truncated or incomplete.
#
#  Out of Memory Error (./src/hotspot/os/windows/os_windows.cpp:3301), pid=6944, tid=6480
#
# JRE version: OpenJDK Runtime Environment (11.0.11+9) (build 11.0.11+9-b60-7590822)
# Java VM: OpenJDK 64-Bit Server VM (11.0.11+9-b60-7590822, mixed mode, tiered, compressed oops, g1 gc, windows-amd64)
# No core dump will be written. Minidumps are not enabled by default on client versions of Windows
#

---------------  S U M M A R Y ------------

Command Line: --add-opens=java.base/java.util=ALL-UNNAMED --add-opens=java.base/java.lang=ALL-UNNAMED --add-opens=java.base/java.lang.invoke=ALL-UNNAMED --add-opens=java.base/java.util=ALL-UNNAMED --add-opens=java.prefs/java.util.prefs=ALL-UNNAMED --add-opens=java.prefs/java.util.prefs=ALL-UNNAMED --add-opens=java.base/java.nio.charset=ALL-UNNAMED --add-opens=java.base/java.net=ALL-UNNAMED --add-opens=java.base/java.util.concurrent.atomic=ALL-UNNAMED -Xmx2048m -Dfile.encoding=UTF-8 -Duser.country=US -Duser.language=en -Duser.variant org.gradle.launcher.daemon.bootstrap.GradleDaemon 7.2

Host: Intel(R) Core(TM) i3-2120 CPU @ 3.30GHz, 4 cores, 3G,  Windows 10 , 64 bit Build 19041 (10.0.19041.1645)
Time: Wed Apr 27 01:35:58 2022 Georgian Standard Time elapsed time: 310.491079 seconds (0d 0h 5m 10s)

---------------  T H R E A D  ---------------

Current thread (0x0000022186a81000):  VMThread "VM Thread" [stack: 0x00000090f8b00000,0x00000090f8c00000] [id=6480]

Stack: [0x00000090f8b00000,0x00000090f8c00000]
[error occurred during error reporting (printing stack bounds), id 0xc0000005, EXCEPTION_ACCESS_VIOLATION (0xc0000005) at pc=0x00000221f0230f2d]

Native frames: (J=compiled Java code, j=interpreted, Vv=VM code, C=native code)
V  [jvm.dll+0x5f214a]
V  [jvm.dll+0x726fb5]
V  [jvm.dll+0x7285cd]
V  [jvm.dll+0x728be5]
V  [jvm.dll+0x728b9b]
V  [jvm.dll+0x5f14e8]
V  [jvm.dll+0x5f1c78]
C  [ntdll.dll+0xa20cf]
C  [ntdll.dll+0x51454]
C  [ntdll.dll+0xa0bfe]
C  0x00000221f0230f2d

VM_Operation (0x00000090feffe310): G1CollectForAllocation, mode: safepoint, requested by thread 0x000002218f86a000


---------------  P R O C E S S  ---------------

Threads class SMR info:
_java_thread_list=0x00000221912fc150, length=98, elements={
0x00000221ec70d000, 0x0000022186a89000, 0x0000022186a8a000, 0x0000022186ae8800,
0x0000022186aea800, 0x0000022186aeb800, 0x0000022186aef000, 0x0000022187464000,
0x0000022187469000, 0x000002218755f000, 0x000002218a84a800, 0x00000221894aa000,
0x000002218a798000, 0x0000022189351000, 0x0000022189e1f000, 0x0000022189b0b800,
0x0000022189b12000, 0x0000022189b0c000, 0x0000022189b0d800, 0x0000022189b0e800,
0x000002218a9f6000, 0x000002218a9f8000, 0x000002218a9f5800, 0x000002218a9fe800,
0x000002218a9fa800, 0x000002218850d800, 0x000002218850e800, 0x000002218d504000,
0x000002218d4fe000, 0x000002218d502000, 0x000002218d503000, 0x000002218d4ff000,
0x0000022188506000, 0x0000022188505800, 0x0000022188504800, 0x0000022188507000,
0x0000022188508800, 0x0000022188509800, 0x0000022188503800, 0x000002218850a000,
0x000002218850c000, 0x000002218850b000, 0x0000022188510800, 0x0000022188511800,
0x0000022188512800, 0x000002218850c800, 0x000002218d4f6000, 0x000002218d4fb000,
0x000002218d4f9000, 0x000002218d4fa000, 0x000002218d4fb800, 0x000002218d4fc800,
0x000002218d4f6800, 0x000002218d4fd000, 0x000002218d4f7800, 0x000002218d4ff800,
0x000002218d500800, 0x000002218a9f9800, 0x000002218a9f3800, 0x000002218a9f4800,
0x000002218a9fc800, 0x000002218a9fd800, 0x000002218a9ff000, 0x000002218aa01000,
0x000002218aa00000, 0x000002218a9fb000, 0x0000022189b0f800, 0x0000022189b0d000,
0x0000022189b10000, 0x0000022189b11000, 0x000002218d6f6000, 0x000002218d6f5000,
0x000002218d6f3800, 0x000002218d6f4800, 0x000002218d6f0800, 0x000002218d6f7000,
0x000002218d6f2800, 0x000002218d6f1000, 0x000002218d6f2000, 0x000002218f863800,
0x000002218f863000, 0x000002218f862000, 0x000002218f864800, 0x000002218f865800,
0x000002218f866000, 0x000002218f860800, 0x000002218f867000, 0x000002218f86c800,
0x000002218f86b000, 0x000002218f868800, 0x000002218f86c000, 0x000002218f86d800,
0x000002218f868000, 0x000002218f86e800, 0x000002218f861000, 0x000002218f86f000,
0x000002218f869800, 0x000002218f86a000
}

Java Threads: ( => current thread )
  0x00000221ec70d000 JavaThread "main" [_thread_blocked, id=2352, stack(0x00000090f8500000,0x00000090f8600000)]
  0x0000022186a89000 JavaThread "Reference Handler" daemon [_thread_blocked, id=6552, stack(0x00000090f8c00000,0x00000090f8d00000)]
  0x0000022186a8a000 JavaThread "Finalizer" daemon [_thread_blocked, id=5016, stack(0x00000090f8d00000,0x00000090f8e00000)]
  0x0000022186ae8800 JavaThread "Signal Dispatcher" daemon [_thread_blocked, id=3984, stack(0x00000090f8e00000,0x00000090f8f00000)]
  0x0000022186aea800 JavaThread "Attach Listener" daemon [_thread_blocked, id=5012, stack(0x00000090f8f00000,0x00000090f9000000)]
  0x0000022186aeb800 JavaThread "Service Thread" daemon [_thread_blocked, id=1344, stack(0x00000090f9000000,0x00000090f9100000)]
  0x0000022186aef000 JavaThread "C2 CompilerThread0" daemon [_thread_blocked, id=6424, stack(0x00000090f9100000,0x00000090f9200000)]
  0x0000022187464000 JavaThread "C1 CompilerThread0" daemon [_thread_blocked, id=4472, stack(0x00000090f9200000,0x00000090f9300000)]
  0x0000022187469000 JavaThread "Sweeper thread" daemon [_thread_blocked, id=2176, stack(0x00000090f9300000,0x00000090f9400000)]
  0x000002218755f000 JavaThread "Common-Cleaner" daemon [_thread_blocked, id=2452, stack(0x00000090f9400000,0x00000090f9500000)]
  0x000002218a84a800 JavaThread "Daemon health stats" [_thread_blocked, id=6536, stack(0x00000090f9800000,0x00000090f9900000)]
  0x00000221894aa000 JavaThread "Incoming local TCP Connector on port 49864" [_thread_in_native, id=6320, stack(0x00000090f9900000,0x00000090f9a00000)]
  0x000002218a798000 JavaThread "Daemon periodic checks" [_thread_blocked, id=6824, stack(0x00000090f9a00000,0x00000090f9b00000)]
  0x0000022189351000 JavaThread "Daemon" [_thread_blocked, id=496, stack(0x00000090f9b00000,0x00000090f9c00000)]
  0x0000022189e1f000 JavaThread "Daemon worker" [_thread_blocked, id=1448, stack(0x00000090f9e00000,0x00000090f9f00000)]
  0x0000022189b0b800 JavaThread "Cache worker for journal cache (C:\Users\giorgi\.gradle\caches\journal-1)" [_thread_blocked, id=7020, stack(0x00000090f9700000,0x00000090f9800000)]
  0x0000022189b12000 JavaThread "File lock request listener" [_thread_in_native, id=4336, stack(0x00000090fa400000,0x00000090fa500000)]
  0x0000022189b0c000 JavaThread "Cache worker for file hash cache (C:\Users\giorgi\.gradle\caches\7.2\fileHashes)" [_thread_blocked, id=7072, stack(0x00000090fa500000,0x00000090fa600000)]
  0x0000022189b0d800 JavaThread "File watcher server" daemon [_thread_blocked, id=5088, stack(0x00000090fa800000,0x00000090fa900000)]
  0x0000022189b0e800 JavaThread "File watcher consumer" daemon [_thread_blocked, id=2376, stack(0x00000090fa900000,0x00000090faa00000)]
  0x000002218a9f6000 JavaThread "Cache worker for execution history cache (C:\Users\giorgi\.gradle\caches\7.2\executionHistory)" [_thread_blocked, id=6732, stack(0x00000090fad00000,0x00000090fae00000)]
  0x000002218a9f8000 JavaThread "jar transforms" [_thread_blocked, id=1436, stack(0x00000090fae00000,0x00000090faf00000)]
  0x000002218a9f5800 JavaThread "Cache worker for file content cache (C:\Users\giorgi\.gradle\caches\7.2\fileContent)" [_thread_blocked, id=1032, stack(0x00000090faf00000,0x00000090fb000000)]
  0x000002218a9fe800 JavaThread "jar transforms Thread 2" [_thread_blocked, id=3180, stack(0x00000090fb000000,0x00000090fb100000)]
  0x000002218a9fa800 JavaThread "jar transforms Thread 3" [_thread_blocked, id=4140, stack(0x00000090fb200000,0x00000090fb300000)]
  0x000002218850d800 JavaThread "jar transforms Thread 4" [_thread_blocked, id=3396, stack(0x00000090fdb00000,0x00000090fdc00000)]
  0x000002218850e800 JavaThread "Memory manager" [_thread_blocked, id=4848, stack(0x00000090fdd00000,0x00000090fde00000)]
  0x000002218d504000 JavaThread "RMI Scheduler(0)" daemon [_thread_blocked, id=4732, stack(0x00000090fde00000,0x00000090fdf00000)]
  0x000002218d4fe000 JavaThread "RMI RenewClean-[127.0.0.1:17618,org.jetbrains.kotlin.daemon.common.LoopbackNetworkInterface$ClientLoopbackSocketFactory@1d7b3afd]" daemon [_thread_blocked, id=2436, stack(0x00000090fdf00000,0x00000090fe000000)]
  0x000002218d502000 JavaThread "RMI GC Daemon" daemon [_thread_blocked, id=1256, stack(0x00000090fe400000,0x00000090fe500000)]
  0x000002218d503000 JavaThread "RMI TCP Accept-0" daemon [_thread_in_native, id=7052, stack(0x00000090fe800000,0x00000090fe900000)]
  0x000002218d4ff000 JavaThread "RMI Reaper" [_thread_blocked, id=4924, stack(0x00000090fe900000,0x00000090fea00000)]
  0x0000022188506000 JavaThread "Handler for socket connection from /127.0.0.1:49864 to /127.0.0.1:49885" [_thread_in_native, id=1752, stack(0x00000090f8300000,0x00000090f8400000)]
  0x0000022188505800 JavaThread "Cancel handler" [_thread_blocked, id=2896, stack(0x00000090f8400000,0x00000090f8500000)]
  0x0000022188504800 JavaThread "Asynchronous log dispatcher for DefaultDaemonConnection: socket connection from /127.0.0.1:49864 to /127.0.0.1:49885" [_thread_blocked, id=256, stack(0x00000090f9c00000,0x00000090f9d00000)]
  0x0000022188507000 JavaThread "Daemon client event forwarder" [_thread_blocked, id=2716, stack(0x00000090f9f00000,0x00000090fa000000)]
  0x0000022188508800 JavaThread "Cache worker for file hash cache (C:\Users\giorgi\StudioProjects\altaapp\.gradle\7.2\fileHashes)" [_thread_blocked, id=6420, stack(0x00000090fa000000,0x00000090fa100000)]
  0x0000022188509800 JavaThread "Cache worker for checksums cache (C:\Users\giorgi\StudioProjects\altaapp\.gradle\checksums)" [_thread_blocked, id=4348, stack(0x00000090fa100000,0x00000090fa200000)]
  0x0000022188503800 JavaThread "Cache worker for cache directory md-supplier (C:\Users\giorgi\.gradle\caches\7.2\md-supplier)" [_thread_blocked, id=4112, stack(0x00000090fa600000,0x00000090fa700000)]
  0x000002218850a000 JavaThread "Cache worker for cache directory md-rule (C:\Users\giorgi\.gradle\caches\7.2\md-rule)" [_thread_blocked, id=3428, stack(0x00000090fa700000,0x00000090fa800000)]
  0x000002218850c000 JavaThread "Cache worker for dependencies-accessors (C:\Users\giorgi\StudioProjects\altaapp\.gradle\7.2\dependencies-accessors)" [_thread_blocked, id=1236, stack(0x00000090faa00000,0x00000090fab00000)]
  0x000002218850b000 JavaThread "Cache worker for Build Output Cleanup Cache (C:\Users\giorgi\StudioProjects\altaapp\.gradle\buildOutputCleanup)" [_thread_blocked, id=1760, stack(0x00000090fab00000,0x00000090fac00000)]
  0x0000022188510800 JavaThread "Unconstrained build operations" [_thread_blocked, id=3292, stack(0x00000090fac00000,0x00000090fad00000)]
  0x0000022188511800 JavaThread "Unconstrained build operations Thread 2" [_thread_blocked, id=2580, stack(0x00000090fb100000,0x00000090fb200000)]
  0x0000022188512800 JavaThread "Unconstrained build operations Thread 3" [_thread_blocked, id=4652, stack(0x00000090fb300000,0x00000090fb400000)]
  0x000002218850c800 JavaThread "Unconstrained build operations Thread 4" [_thread_blocked, id=4560, stack(0x00000090fb400000,0x00000090fb500000)]
  0x000002218d4f6000 JavaThread "Unconstrained build operations Thread 5" [_thread_blocked, id=4280, stack(0x00000090fb500000,0x00000090fb600000)]
  0x000002218d4fb000 JavaThread "Unconstrained build operations Thread 6" [_thread_blocked, id=5324, stack(0x00000090fb600000,0x00000090fb700000)]
  0x000002218d4f9000 JavaThread "Unconstrained build operations Thread 7" [_thread_blocked, id=2976, stack(0x00000090fb700000,0x00000090fb800000)]
  0x000002218d4fa000 JavaThread "Unconstrained build operations Thread 8" [_thread_blocked, id=1076, stack(0x00000090fb800000,0x00000090fb900000)]
  0x000002218d4fb800 JavaThread "Unconstrained build operations Thread 9" [_thread_blocked, id=2432, stack(0x00000090fb900000,0x00000090fba00000)]
  0x000002218d4fc800 JavaThread "Unconstrained build operations Thread 10" [_thread_blocked, id=2712, stack(0x00000090fba00000,0x00000090fbb00000)]
  0x000002218d4f6800 JavaThread "Unconstrained build operations Thread 11" [_thread_blocked, id=1128, stack(0x00000090fbb00000,0x00000090fbc00000)]
  0x000002218d4fd000 JavaThread "Unconstrained build operations Thread 12" [_thread_blocked, id=1948, stack(0x00000090fbc00000,0x00000090fbd00000)]
  0x000002218d4f7800 JavaThread "Unconstrained build operations Thread 13" [_thread_blocked, id=1896, stack(0x00000090fbd00000,0x00000090fbe00000)]
  0x000002218d4ff800 JavaThread "Unconstrained build operations Thread 14" [_thread_blocked, id=6596, stack(0x00000090fbe00000,0x00000090fbf00000)]
  0x000002218d500800 JavaThread "Unconstrained build operations Thread 15" [_thread_blocked, id=3368, stack(0x00000090fbf00000,0x00000090fc000000)]
  0x000002218a9f9800 JavaThread "Unconstrained build operations Thread 16" [_thread_blocked, id=6504, stack(0x00000090fc000000,0x00000090fc100000)]
  0x000002218a9f3800 JavaThread "Unconstrained build operations Thread 17" [_thread_blocked, id=5092, stack(0x00000090fc100000,0x00000090fc200000)]
  0x000002218a9f4800 JavaThread "Unconstrained build operations Thread 18" [_thread_blocked, id=6872, stack(0x00000090fc200000,0x00000090fc300000)]
  0x000002218a9fc800 JavaThread "Unconstrained build operations Thread 19" [_thread_blocked, id=6784, stack(0x00000090fc300000,0x00000090fc400000)]
  0x000002218a9fd800 JavaThread "Unconstrained build operations Thread 20" [_thread_blocked, id=120, stack(0x00000090fc400000,0x00000090fc500000)]
  0x000002218a9ff000 JavaThread "Unconstrained build operations Thread 21" [_thread_blocked, id=6584, stack(0x00000090fc500000,0x00000090fc600000)]
  0x000002218aa01000 JavaThread "Unconstrained build operations Thread 22" [_thread_blocked, id=5124, stack(0x00000090fc600000,0x00000090fc700000)]
  0x000002218aa00000 JavaThread "Unconstrained build operations Thread 23" [_thread_blocked, id=1880, stack(0x00000090fc700000,0x00000090fc800000)]
  0x000002218a9fb000 JavaThread "Unconstrained build operations Thread 24" [_thread_blocked, id=4740, stack(0x00000090fc800000,0x00000090fc900000)]
  0x0000022189b0f800 JavaThread "Unconstrained build operations Thread 25" [_thread_blocked, id=1992, stack(0x00000090fc900000,0x00000090fca00000)]
  0x0000022189b0d000 JavaThread "Unconstrained build operations Thread 26" [_thread_blocked, id=6088, stack(0x00000090fca00000,0x00000090fcb00000)]
  0x0000022189b10000 JavaThread "Unconstrained build operations Thread 27" [_thread_blocked, id=2912, stack(0x00000090fcb00000,0x00000090fcc00000)]
  0x0000022189b11000 JavaThread "Unconstrained build operations Thread 28" [_thread_blocked, id=5840, stack(0x00000090fcc00000,0x00000090fcd00000)]
  0x000002218d6f6000 JavaThread "Unconstrained build operations Thread 29" [_thread_blocked, id=4628, stack(0x00000090fcd00000,0x00000090fce00000)]
  0x000002218d6f5000 JavaThread "Unconstrained build operations Thread 30" [_thread_blocked, id=4248, stack(0x00000090fce00000,0x00000090fcf00000)]
  0x000002218d6f3800 JavaThread "Unconstrained build operations Thread 31" [_thread_blocked, id=4972, stack(0x00000090fcf00000,0x00000090fd000000)]
  0x000002218d6f4800 JavaThread "Unconstrained build operations Thread 32" [_thread_blocked, id=2680, stack(0x00000090fd000000,0x00000090fd100000)]
  0x000002218d6f0800 JavaThread "Unconstrained build operations Thread 33" [_thread_blocked, id=6604, stack(0x00000090fd100000,0x00000090fd200000)]
  0x000002218d6f7000 JavaThread "Unconstrained build operations Thread 34" [_thread_blocked, id=4400, stack(0x00000090fd200000,0x00000090fd300000)]
  0x000002218d6f2800 JavaThread "Unconstrained build operations Thread 35" [_thread_blocked, id=4380, stack(0x00000090fd300000,0x00000090fd400000)]
  0x000002218d6f1000 JavaThread "Unconstrained build operations Thread 36" [_thread_blocked, id=5648, stack(0x00000090fd400000,0x00000090fd500000)]
  0x000002218d6f2000 JavaThread "Unconstrained build operations Thread 37" [_thread_blocked, id=4692, stack(0x00000090fd500000,0x00000090fd600000)]
  0x000002218f863800 JavaThread "Unconstrained build operations Thread 38" [_thread_blocked, id=4072, stack(0x00000090fd600000,0x00000090fd700000)]
  0x000002218f863000 JavaThread "Unconstrained build operations Thread 39" [_thread_blocked, id=4668, stack(0x00000090fd700000,0x00000090fd800000)]
  0x000002218f862000 JavaThread "Unconstrained build operations Thread 40" [_thread_blocked, id=4760, stack(0x00000090fd800000,0x00000090fd900000)]
  0x000002218f864800 JavaThread "build event listener" [_thread_blocked, id=5084, stack(0x00000090fd900000,0x00000090fda00000)]
  0x000002218f865800 JavaThread "Execution worker for ':'" [_thread_blocked, id=3872, stack(0x00000090fda00000,0x00000090fdb00000)]
  0x000002218f866000 JavaThread "Execution worker for ':' Thread 2" [_thread_blocked, id=2424, stack(0x00000090fdc00000,0x00000090fdd00000)]
  0x000002218f860800 JavaThread "Execution worker for ':' Thread 3" [_thread_blocked, id=2220, stack(0x00000090fe000000,0x00000090fe100000)]
  0x000002218f867000 JavaThread "Cache worker for execution history cache (C:\Users\giorgi\StudioProjects\altaapp\.gradle\7.2\executionHistory)" [_thread_blocked, id=3224, stack(0x00000090fe100000,0x00000090fe200000)]
  0x000002218f86c800 JavaThread "WorkerExecutor Queue Thread 3" [_thread_blocked, id=5416, stack(0x00000090fe500000,0x00000090fe600000)]
  0x000002218f86b000 JavaThread "WorkerExecutor Queue Thread 6" [_thread_blocked, id=2612, stack(0x00000090fe300000,0x00000090fe400000)]
  0x000002218f868800 JavaThread "WorkerExecutor Queue Thread 7" [_thread_blocked, id=6356, stack(0x00000090fe600000,0x00000090fe700000)]
  0x000002218f86c000 JavaThread "pool-7-thread-1" [_thread_blocked, id=3760, stack(0x00000090fe700000,0x00000090fe800000)]
  0x000002218f86d800 JavaThread "stderr" [_thread_in_native, id=6108, stack(0x00000090fea00000,0x00000090feb00000)]
  0x000002218f868000 JavaThread "stdout" [_thread_in_native, id=5172, stack(0x00000090feb00000,0x00000090fec00000)]
  0x000002218f86e800 JavaThread "WorkerExecutor Queue Thread 8" [_thread_blocked, id=2460, stack(0x00000090fec00000,0x00000090fed00000)]
  0x000002218f861000 JavaThread "ForkJoinPool-1-worker-3" daemon [_thread_blocked, id=6856, stack(0x00000090fe200000,0x00000090fe300000)]
  0x000002218f86f000 JavaThread "ForkJoinPool-1-worker-5" daemon [_thread_blocked, id=6048, stack(0x00000090fed00000,0x00000090fee00000)]
  0x000002218f869800 JavaThread "ForkJoinPool-1-worker-7" daemon [_thread_blocked, id=5384, stack(0x00000090fee00000,0x00000090fef00000)]
  0x000002218f86a000 JavaThread "ForkJoinPool-1-worker-1" daemon [_thread_blocked, id=6844, stack(0x00000090fef00000,0x00000090ff000000)]

Other Threads:
=>0x0000022186a81000 VMThread "VM Thread" [stack: 0x00000090f8b00000,0x00000090f8c00000] [id=6480]
  0x000002218758c800 WatcherThread [stack: 0x00000090f9500000,0x00000090f9600000] [id=420]
  0x00000221ec727000 GCTaskThread "GC Thread#0" [stack: 0x00000090f8600000,0x00000090f8700000] [id=5180]
  0x0000022187b87800 GCTaskThread "GC Thread#1" [stack: 0x00000090f9600000,0x00000090f9700000] [id=4968]
  0x0000022189e89000 GCTaskThread "GC Thread#2" [stack: 0x00000090fa200000,0x00000090fa300000] [id=6712]
  0x00000221898da000 GCTaskThread "GC Thread#3" [stack: 0x00000090fa300000,0x00000090fa400000] [id=4688]
  0x00000221ec755800 ConcurrentGCThread "G1 Main Marker" [stack: 0x00000090f8700000,0x00000090f8800000] [id=2120]
  0x00000221ec757000 ConcurrentGCThread "G1 Conc#0" [stack: 0x00000090f8800000,0x00000090f8900000] [id=3624]
  0x00000221ec7b1000 ConcurrentGCThread "G1 Refine#0" [stack: 0x00000090f8900000,0x00000090f8a00000] [id=1320]
  0x00000221ec7b2000 ConcurrentGCThread "G1 Young RemSet Sampling" [stack: 0x00000090f8a00000,0x00000090f8b00000] [id=2872]

Threads with active compile tasks:
C2 CompilerThread0 312479 18323       4       com.android.tools.r8.dex.r::e (654 bytes)

VM state:at safepoint (normal execution)

VM Mutex/Monitor currently owned by a thread:  ([mutex/lock_event])
[0x00000221ec70a050] Threads_lock - owner thread: 0x0000022186a81000
[0x00000221ec709d80] Heap_lock - owner thread: 0x000002218f86a000

Heap address: 0x0000000080000000, size: 2048 MB, Compressed Oops mode: 32-bit
Narrow klass base: 0x0000000000000000, Narrow klass shift: 3
Compressed class space size: 1073741824 Address: 0x0000000100000000

Heap:
 garbage-first heap   total 568320K, used 220155K [0x0000000080000000, 0x0000000100000000)
  region size 1024K, 2 young (2048K), 2 survivors (2048K)
 Metaspace       used 114107K, capacity 116974K, committed 117196K, reserved 1150976K
  class space    used 14392K, capacity 15425K, committed 15564K, reserved 1048576K
Heap Regions: E=young(eden), S=young(survivor), O=old, HS=humongous(starts), HC=humongous(continues), CS=collection set, F=free, A=archive, TAMS=top-at-mark-start (previous, next)
|   0|0x0000000080000000, 0x0000000080100000, 0x0000000080100000|100%| O|  |TAMS 0x0000000080100000, 0x0000000080000000| Untracked 
|   1|0x0000000080100000, 0x0000000080200000, 0x0000000080200000|100%| O|  |TAMS 0x0000000080200000, 0x0000000080100000| Untracked 
|   2|0x0000000080200000, 0x0000000080300000, 0x0000000080300000|100%| O|  |TAMS 0x0000000080300000, 0x0000000080200000| Complete 
|   3|0x0000000080300000, 0x0000000080400000, 0x0000000080400000|100%|HS|  |TAMS 0x0000000080400000, 0x0000000080300000| Complete 
|   4|0x0000000080400000, 0x0000000080500000, 0x0000000080500000|100%|HC|  |TAMS 0x0000000080500000, 0x0000000080400000| Complete 
|   5|0x0000000080500000, 0x0000000080600000, 0x0000000080600000|100%|HC|  |TAMS 0x0000000080600000, 0x0000000080500000| Complete 
|   6|0x0000000080600000, 0x0000000080700000, 0x0000000080700000|100%| O|  |TAMS 0x0000000080700000, 0x0000000080600000| Complete 
|   7|0x0000000080700000, 0x0000000080800000, 0x0000000080800000|100%| O|  |TAMS 0x0000000080800000, 0x0000000080700000| Untracked 
|   8|0x0000000080800000, 0x0000000080900000, 0x0000000080900000|100%| O|  |TAMS 0x0000000080900000, 0x0000000080800000| Untracked 
|   9|0x0000000080900000, 0x0000000080a00000, 0x0000000080a00000|100%| O|  |TAMS 0x0000000080a00000, 0x0000000080900000| Untracked 
|  10|0x0000000080a00000, 0x0000000080b00000, 0x0000000080b00000|100%| O|  |TAMS 0x0000000080b00000, 0x0000000080a00000| Untracked 
|  11|0x0000000080b00000, 0x0000000080c00000, 0x0000000080c00000|100%| O|  |TAMS 0x0000000080c00000, 0x0000000080b00000| Untracked 
|  12|0x0000000080c00000, 0x0000000080d00000, 0x0000000080d00000|100%| O|  |TAMS 0x0000000080d00000, 0x0000000080c00000| Untracked 
|  13|0x0000000080d00000, 0x0000000080e00000, 0x0000000080e00000|100%| O|  |TAMS 0x0000000080e00000, 0x0000000080d00000| Complete 
|  14|0x0000000080e00000, 0x0000000080f00000, 0x0000000080f00000|100%| O|  |TAMS 0x0000000080f00000, 0x0000000080e00000| Untracked 
|  15|0x0000000080f00000, 0x0000000081000000, 0x0000000081000000|100%| O|  |TAMS 0x0000000081000000, 0x0000000080f00000| Untracked 
|  16|0x0000000081000000, 0x0000000081100000, 0x0000000081100000|100%| O|  |TAMS 0x0000000081100000, 0x0000000081000000| Complete 
|  17|0x0000000081100000, 0x0000000081200000, 0x0000000081200000|100%| O|  |TAMS 0x0000000081200000, 0x0000000081100000| Complete 
|  18|0x0000000081200000, 0x0000000081300000, 0x0000000081300000|100%| O|  |TAMS 0x0000000081300000, 0x0000000081200000| Complete 
|  19|0x0000000081300000, 0x0000000081400000, 0x0000000081400000|100%| O|  |TAMS 0x0000000081400000, 0x0000000081300000| Complete 
|  20|0x0000000081400000, 0x0000000081500000, 0x0000000081500000|100%| O|  |TAMS 0x0000000081500000, 0x0000000081400000| Untracked 
|  21|0x0000000081500000, 0x0000000081600000, 0x0000000081600000|100%| O|  |TAMS 0x0000000081600000, 0x0000000081500000| Complete 
|  22|0x0000000081600000, 0x0000000081700000, 0x0000000081700000|100%| O|  |TAMS 0x0000000081700000, 0x0000000081600000| Untracked 
|  23|0x0000000081700000, 0x0000000081800000, 0x0000000081800000|100%| O|  |TAMS 0x0000000081800000, 0x0000000081700000| Untracked 
|  24|0x0000000081800000, 0x0000000081900000, 0x0000000081900000|100%| O|  |TAMS 0x0000000081900000, 0x0000000081800000| Untracked 
|  25|0x0000000081900000, 0x0000000081a00000, 0x0000000081a00000|100%| O|  |TAMS 0x0000000081a00000, 0x0000000081900000| Untracked 
|  26|0x0000000081a00000, 0x0000000081b00000, 0x0000000081b00000|100%| O|  |TAMS 0x0000000081b00000, 0x0000000081a00000| Untracked 
|  27|0x0000000081b00000, 0x0000000081c00000, 0x0000000081c00000|100%| O|  |TAMS 0x0000000081c00000, 0x0000000081b00000| Untracked 
|  28|0x0000000081c00000, 0x0000000081d00000, 0x0000000081d00000|100%| O|  |TAMS 0x0000000081d00000, 0x0000000081c00000| Complete 
|  29|0x0000000081d00000, 0x0000000081e00000, 0x0000000081e00000|100%|HS|  |TAMS 0x0000000081e00000, 0x0000000081d00000| Complete 
|  30|0x0000000081e00000, 0x0000000081f00000, 0x0000000081f00000|100%|HS|  |TAMS 0x0000000081f00000, 0x0000000081e00000| Complete 
|  31|0x0000000081f00000, 0x0000000082000000, 0x0000000082000000|100%|HS|  |TAMS 0x0000000082000000, 0x0000000081f00000| Complete 
|  32|0x0000000082000000, 0x0000000082100000, 0x0000000082100000|100%|HS|  |TAMS 0x0000000082100000, 0x0000000082000000| Complete 
|  33|0x0000000082100000, 0x0000000082200000, 0x0000000082200000|100%|HS|  |TAMS 0x0000000082200000, 0x0000000082100000| Complete 
|  34|0x0000000082200000, 0x0000000082300000, 0x0000000082300000|100%|HC|  |TAMS 0x0000000082300000, 0x0000000082200000| Complete 
|  35|0x0000000082300000, 0x0000000082400000, 0x0000000082400000|100%|HC|  |TAMS 0x0000000082400000, 0x0000000082300000| Complete 
|  36|0x0000000082400000, 0x0000000082500000, 0x0000000082500000|100%|HS|  |TAMS 0x0000000082500000, 0x0000000082400000| Complete 
|  37|0x0000000082500000, 0x0000000082600000, 0x0000000082600000|100%|HC|  |TAMS 0x0000000082600000, 0x0000000082500000| Complete 
|  38|0x0000000082600000, 0x0000000082700000, 0x0000000082700000|100%| O|  |TAMS 0x0000000082700000, 0x0000000082600000| Untracked 
|  39|0x0000000082700000, 0x0000000082800000, 0x0000000082800000|100%| O|  |TAMS 0x0000000082800000, 0x0000000082700000| Complete 
|  40|0x0000000082800000, 0x0000000082900000, 0x0000000082900000|100%| O|  |TAMS 0x0000000082900000, 0x0000000082800000| Complete 
|  41|0x0000000082900000, 0x0000000082a00000, 0x0000000082a00000|100%| O|  |TAMS 0x0000000082a00000, 0x0000000082900000| Complete 
|  42|0x0000000082a00000, 0x0000000082b00000, 0x0000000082b00000|100%| O|  |TAMS 0x0000000082b00000, 0x0000000082a00000| Untracked 
|  43|0x0000000082b00000, 0x0000000082c00000, 0x0000000082c00000|100%| O|  |TAMS 0x0000000082c00000, 0x0000000082b00000| Untracked 
|  44|0x0000000082c00000, 0x0000000082d00000, 0x0000000082d00000|100%| O|  |TAMS 0x0000000082d00000, 0x0000000082c00000| Untracked 
|  45|0x0000000082d00000, 0x0000000082e00000, 0x0000000082e00000|100%| O|  |TAMS 0x0000000082e00000, 0x0000000082d00000| Untracked 
|  46|0x0000000082e00000, 0x0000000082f00000, 0x0000000082f00000|100%| O|  |TAMS 0x0000000082f00000, 0x0000000082e00000| Untracked 
|  47|0x0000000082f00000, 0x0000000083000000, 0x0000000083000000|100%| O|  |TAMS 0x0000000083000000, 0x0000000082f00000| Untracked 
|  48|0x0000000083000000, 0x0000000083100000, 0x0000000083100000|100%| O|  |TAMS 0x0000000083100000, 0x0000000083000000| Untracked 
|  49|0x0000000083100000, 0x0000000083200000, 0x0000000083200000|100%| O|  |TAMS 0x0000000083200000, 0x0000000083100000| Complete 
|  50|0x0000000083200000, 0x0000000083300000, 0x0000000083300000|100%| O|  |TAMS 0x0000000083300000, 0x0000000083200000| Complete 
|  51|0x0000000083300000, 0x0000000083400000, 0x0000000083400000|100%| O|  |TAMS 0x0000000083400000, 0x0000000083300000| Untracked 
|  52|0x0000000083400000, 0x0000000083500000, 0x0000000083500000|100%| O|  |TAMS 0x0000000083500000, 0x0000000083400000| Complete 
|  53|0x0000000083500000, 0x0000000083600000, 0x0000000083600000|100%| O|  |TAMS 0x0000000083600000, 0x0000000083500000| Untracked 
|  54|0x0000000083600000, 0x0000000083700000, 0x0000000083700000|100%| O|  |TAMS 0x0000000083700000, 0x0000000083600000| Untracked 
|  55|0x0000000083700000, 0x0000000083800000, 0x0000000083800000|100%| O|  |TAMS 0x0000000083800000, 0x0000000083700000| Complete 
|  56|0x0000000083800000, 0x0000000083900000, 0x0000000083900000|100%| O|  |TAMS 0x0000000083900000, 0x0000000083800000| Untracked 
|  57|0x0000000083900000, 0x0000000083a00000, 0x0000000083a00000|100%| O|  |TAMS 0x0000000083a00000, 0x0000000083900000| Complete 
|  58|0x0000000083a00000, 0x0000000083b00000, 0x0000000083b00000|100%| O|  |TAMS 0x0000000083b00000, 0x0000000083a00000| Complete 
|  59|0x0000000083b00000, 0x0000000083c00000, 0x0000000083c00000|100%| O|  |TAMS 0x0000000083c00000, 0x0000000083b00000| Untracked 
|  60|0x0000000083c00000, 0x0000000083d00000, 0x0000000083d00000|100%| O|  |TAMS 0x0000000083d00000, 0x0000000083c00000| Complete 
|  61|0x0000000083d00000, 0x0000000083e00000, 0x0000000083e00000|100%| O|  |TAMS 0x0000000083e00000, 0x0000000083d00000| Untracked 
|  62|0x0000000083e00000, 0x0000000083f00000, 0x0000000083f00000|100%| O|  |TAMS 0x0000000083f00000, 0x0000000083e00000| Untracked 
|  63|0x0000000083f00000, 0x0000000084000000, 0x0000000084000000|100%| O|  |TAMS 0x0000000084000000, 0x0000000083f00000| Complete 
|  64|0x0000000084000000, 0x0000000084100000, 0x0000000084100000|100%| O|  |TAMS 0x0000000084100000, 0x0000000084000000| Complete 
|  65|0x0000000084100000, 0x0000000084200000, 0x0000000084200000|100%| O|  |TAMS 0x0000000084200000, 0x0000000084100000| Complete 
|  66|0x0000000084200000, 0x0000000084300000, 0x0000000084300000|100%| O|  |TAMS 0x0000000084300000, 0x0000000084200000| Complete 
|  67|0x0000000084300000, 0x0000000084400000, 0x0000000084400000|100%|HS|  |TAMS 0x0000000084400000, 0x0000000084300000| Complete 
|  68|0x0000000084400000, 0x0000000084500000, 0x0000000084500000|100%| O|  |TAMS 0x0000000084500000, 0x0000000084400000| Complete 
|  69|0x0000000084500000, 0x0000000084600000, 0x0000000084600000|100%|HS|  |TAMS 0x0000000084600000, 0x0000000084500000| Complete 
|  70|0x0000000084600000, 0x0000000084700000, 0x0000000084700000|100%| O|  |TAMS 0x0000000084700000, 0x0000000084600000| Untracked 
|  71|0x0000000084700000, 0x0000000084800000, 0x0000000084800000|100%|HS|  |TAMS 0x0000000084800000, 0x0000000084700000| Complete 
|  72|0x0000000084800000, 0x0000000084900000, 0x0000000084900000|100%|HC|  |TAMS 0x0000000084900000, 0x0000000084800000| Complete 
|  73|0x0000000084900000, 0x0000000084a00000, 0x0000000084a00000|100%| O|  |TAMS 0x0000000084a00000, 0x0000000084900000| Complete 
|  74|0x0000000084a00000, 0x0000000084b00000, 0x0000000084b00000|100%| O|  |TAMS 0x0000000084b00000, 0x0000000084a00000| Untracked 
|  75|0x0000000084b00000, 0x0000000084c00000, 0x0000000084c00000|100%| O|  |TAMS 0x0000000084c00000, 0x0000000084b00000| Complete 
|  76|0x0000000084c00000, 0x0000000084d00000, 0x0000000084d00000|100%| O|  |TAMS 0x0000000084d00000, 0x0000000084c00000| Complete 
|  77|0x0000000084d00000, 0x0000000084e00000, 0x0000000084e00000|100%|HS|  |TAMS 0x0000000084e00000, 0x0000000084d00000| Complete 
|  78|0x0000000084e00000, 0x0000000084f00000, 0x0000000084f00000|100%|HS|  |TAMS 0x0000000084f00000, 0x0000000084e00000| Complete 
|  79|0x0000000084f00000, 0x0000000085000000, 0x0000000085000000|100%| O|  |TAMS 0x0000000085000000, 0x0000000084f00000| Complete 
|  80|0x0000000085000000, 0x0000000085100000, 0x0000000085100000|100%| O|  |TAMS 0x0000000085100000, 0x0000000085000000| Untracked 
|  81|0x0000000085100000, 0x0000000085200000, 0x0000000085200000|100%| O|  |TAMS 0x0000000085200000, 0x0000000085100000| Complete 
|  82|0x0000000085200000, 0x0000000085300000, 0x0000000085300000|100%|HS|  |TAMS 0x0000000085300000, 0x0000000085200000| Complete 
|  83|0x0000000085300000, 0x0000000085400000, 0x0000000085400000|100%| O|  |TAMS 0x0000000085400000, 0x0000000085300000| Complete 
|  84|0x0000000085400000, 0x0000000085500000, 0x0000000085500000|100%| O|  |TAMS 0x0000000085500000, 0x0000000085400000| Untracked 
|  85|0x0000000085500000, 0x0000000085600000, 0x0000000085600000|100%|HS|  |TAMS 0x0000000085600000, 0x0000000085500000| Complete 
|  86|0x0000000085600000, 0x0000000085700000, 0x0000000085700000|100%|HC|  |TAMS 0x0000000085700000, 0x0000000085600000| Complete 
|  87|0x0000000085700000, 0x0000000085800000, 0x0000000085800000|100%|HS|  |TAMS 0x0000000085800000, 0x0000000085700000| Complete 
|  88|0x0000000085800000, 0x0000000085900000, 0x0000000085900000|100%| O|  |TAMS 0x0000000085900000, 0x0000000085800000| Complete 
|  89|0x0000000085900000, 0x0000000085a00000, 0x0000000085a00000|100%|HS|  |TAMS 0x0000000085a00000, 0x0000000085900000| Complete 
|  90|0x0000000085a00000, 0x0000000085b00000, 0x0000000085b00000|100%| O|  |TAMS 0x0000000085b00000, 0x0000000085a00000| Untracked 
|  91|0x0000000085b00000, 0x0000000085c00000, 0x0000000085c00000|100%| O|  |TAMS 0x0000000085c00000, 0x0000000085b00000| Untracked 
|  92|0x0000000085c00000, 0x0000000085d00000, 0x0000000085d00000|100%| O|  |TAMS 0x0000000085d00000, 0x0000000085c00000| Untracked 
|  93|0x0000000085d00000, 0x0000000085e00000, 0x0000000085e00000|100%| O|  |TAMS 0x0000000085e00000, 0x0000000085d00000| Untracked 
|  94|0x0000000085e00000, 0x0000000085f00000, 0x0000000085f00000|100%| O|  |TAMS 0x0000000085f00000, 0x0000000085e00000| Untracked 
|  95|0x0000000085f00000, 0x0000000086000000, 0x0000000086000000|100%| O|  |TAMS 0x0000000086000000, 0x0000000085f00000| Untracked 
|  96|0x0000000086000000, 0x0000000086100000, 0x0000000086100000|100%| O|  |TAMS 0x0000000086100000, 0x0000000086000000| Untracked 
|  97|0x0000000086100000, 0x0000000086200000, 0x0000000086200000|100%| O|  |TAMS 0x0000000086200000, 0x0000000086100000| Complete 
|  98|0x0000000086200000, 0x0000000086300000, 0x0000000086300000|100%| O|  |TAMS 0x0000000086300000, 0x0000000086200000| Untracked 
|  99|0x0000000086300000, 0x0000000086400000, 0x0000000086400000|100%| O|  |TAMS 0x0000000086400000, 0x0000000086300000| Untracked 
| 100|0x0000000086400000, 0x0000000086500000, 0x0000000086500000|100%| O|  |TAMS 0x0000000086500000, 0x0000000086400000| Untracked 
| 101|0x0000000086500000, 0x0000000086600000, 0x0000000086600000|100%| O|  |TAMS 0x0000000086600000, 0x0000000086500000| Complete 
| 102|0x0000000086600000, 0x0000000086700000, 0x0000000086700000|100%| O|  |TAMS 0x0000000086700000, 0x0000000086600000| Complete 
| 103|0x0000000086700000, 0x0000000086800000, 0x0000000086800000|100%| O|  |TAMS 0x0000000086800000, 0x0000000086700000| Complete 
| 104|0x0000000086800000, 0x0000000086900000, 0x0000000086900000|100%| O|  |TAMS 0x0000000086900000, 0x0000000086800000| Complete 
| 105|0x0000000086900000, 0x0000000086a00000, 0x0000000086a00000|100%| O|  |TAMS 0x0000000086a00000, 0x0000000086900000| Complete 
| 106|0x0000000086a00000, 0x0000000086b00000, 0x0000000086b00000|100%| O|  |TAMS 0x0000000086b00000, 0x0000000086a00000| Untracked 
| 107|0x0000000086b00000, 0x0000000086c00000, 0x0000000086c00000|100%| O|  |TAMS 0x0000000086c00000, 0x0000000086b00000| Complete 
| 108|0x0000000086c00000, 0x0000000086d00000, 0x0000000086d00000|100%|HS|  |TAMS 0x0000000086d00000, 0x0000000086c00000| Complete 
| 109|0x0000000086d00000, 0x0000000086e00000, 0x0000000086e00000|100%|HC|  |TAMS 0x0000000086e00000, 0x0000000086d00000| Complete 
| 110|0x0000000086e00000, 0x0000000086f00000, 0x0000000086f00000|100%| O|  |TAMS 0x0000000086f00000, 0x0000000086e00000| Untracked 
| 111|0x0000000086f00000, 0x0000000087000000, 0x0000000087000000|100%|HS|  |TAMS 0x0000000087000000, 0x0000000086f00000| Complete 
| 112|0x0000000087000000, 0x0000000087100000, 0x0000000087100000|100%|HC|  |TAMS 0x0000000087100000, 0x0000000087000000| Complete 
| 113|0x0000000087100000, 0x0000000087200000, 0x0000000087200000|100%|HC|  |TAMS 0x0000000087200000, 0x0000000087100000| Complete 
| 114|0x0000000087200000, 0x0000000087300000, 0x0000000087300000|100%|HS|  |TAMS 0x0000000087300000, 0x0000000087200000| Complete 
| 115|0x0000000087300000, 0x0000000087400000, 0x0000000087400000|100%| O|  |TAMS 0x0000000087400000, 0x0000000087300000| Untracked 
| 116|0x0000000087400000, 0x0000000087500000, 0x0000000087500000|100%| O|  |TAMS 0x0000000087500000, 0x0000000087400000| Untracked 
| 117|0x0000000087500000, 0x0000000087600000, 0x0000000087600000|100%|HS|  |TAMS 0x0000000087600000, 0x0000000087500000| Complete 
| 118|0x0000000087600000, 0x0000000087700000, 0x0000000087700000|100%|HC|  |TAMS 0x0000000087700000, 0x0000000087600000| Complete 
| 119|0x0000000087700000, 0x0000000087800000, 0x0000000087800000|100%| O|  |TAMS 0x0000000087800000, 0x0000000087700000| Untracked 
| 120|0x0000000087800000, 0x0000000087900000, 0x0000000087900000|100%|HS|  |TAMS 0x0000000087900000, 0x0000000087800000| Complete 
| 121|0x0000000087900000, 0x0000000087a00000, 0x0000000087a00000|100%| O|  |TAMS 0x0000000087a00000, 0x0000000087900000| Untracked 
| 122|0x0000000087a00000, 0x0000000087b00000, 0x0000000087b00000|100%|HS|  |TAMS 0x0000000087b00000, 0x0000000087a00000| Complete 
| 123|0x0000000087b00000, 0x0000000087c00000, 0x0000000087c00000|100%| O|  |TAMS 0x0000000087c00000, 0x0000000087b00000| Complete 
| 124|0x0000000087c00000, 0x0000000087d00000, 0x0000000087d00000|100%|HS|  |TAMS 0x0000000087d00000, 0x0000000087c00000| Complete 
| 125|0x0000000087d00000, 0x0000000087e00000, 0x0000000087e00000|100%| O|  |TAMS 0x0000000087e00000, 0x0000000087d00000| Complete 
| 126|0x0000000087e00000, 0x0000000087f00000, 0x0000000087f00000|100%| O|  |TAMS 0x0000000087f00000, 0x0000000087e00000| Untracked 
| 127|0x0000000087f00000, 0x0000000088000000, 0x0000000088000000|100%| O|  |TAMS 0x0000000088000000, 0x0000000087f00000| Complete 
| 128|0x0000000088000000, 0x0000000088100000, 0x0000000088100000|100%| O|  |TAMS 0x0000000088100000, 0x0000000088000000| Untracked 
| 129|0x0000000088100000, 0x0000000088200000, 0x0000000088200000|100%| O|  |TAMS 0x0000000088200000, 0x0000000088100000| Untracked 
| 130|0x0000000088200000, 0x0000000088300000, 0x0000000088300000|100%| O|  |TAMS 0x0000000088300000, 0x0000000088200000| Untracked 
| 131|0x0000000088300000, 0x0000000088400000, 0x0000000088400000|100%| O|  |TAMS 0x0000000088400000, 0x0000000088300000| Untracked 
| 132|0x0000000088400000, 0x0000000088500000, 0x0000000088500000|100%| O|  |TAMS 0x0000000088500000, 0x0000000088400000| Untracked 
| 133|0x0000000088500000, 0x0000000088600000, 0x0000000088600000|100%| O|  |TAMS 0x0000000088600000, 0x0000000088500000| Untracked 
| 134|0x0000000088600000, 0x0000000088700000, 0x0000000088700000|100%|HS|  |TAMS 0x0000000088700000, 0x0000000088600000| Complete 
| 135|0x0000000088700000, 0x0000000088800000, 0x0000000088800000|100%| O|  |TAMS 0x0000000088800000, 0x0000000088700000| Untracked 
| 136|0x0000000088800000, 0x0000000088900000, 0x0000000088900000|100%| O|  |TAMS 0x0000000088900000, 0x0000000088800000| Untracked 
| 137|0x0000000088900000, 0x0000000088a00000, 0x0000000088a00000|100%| O|  |TAMS 0x0000000088a00000, 0x0000000088900000| Untracked 
| 138|0x0000000088a00000, 0x0000000088b00000, 0x0000000088b00000|100%| O|  |TAMS 0x0000000088b00000, 0x0000000088a00000| Untracked 
| 139|0x0000000088b00000, 0x0000000088c00000, 0x0000000088c00000|100%| O|  |TAMS 0x0000000088c00000, 0x0000000088b00000| Untracked 
| 140|0x0000000088c00000, 0x0000000088d00000, 0x0000000088d00000|100%|HS|  |TAMS 0x0000000088d00000, 0x0000000088c00000| Complete 
| 141|0x0000000088d00000, 0x0000000088e00000, 0x0000000088e00000|100%|HC|  |TAMS 0x0000000088e00000, 0x0000000088d00000| Complete 
| 142|0x0000000088e00000, 0x0000000088f00000, 0x0000000088f00000|100%|HC|  |TAMS 0x0000000088f00000, 0x0000000088e00000| Complete 
| 143|0x0000000088f00000, 0x0000000089000000, 0x0000000089000000|100%| O|  |TAMS 0x0000000089000000, 0x0000000088f00000| Untracked 
| 144|0x0000000089000000, 0x0000000089100000, 0x0000000089100000|100%| O|  |TAMS 0x0000000089100000, 0x0000000089000000| Complete 
| 145|0x0000000089100000, 0x0000000089200000, 0x0000000089200000|100%| O|  |TAMS 0x0000000089200000, 0x0000000089100000| Complete 
| 146|0x0000000089200000, 0x0000000089300000, 0x0000000089300000|100%| O|  |TAMS 0x00000000892e5c00, 0x0000000089200000| Complete 
| 147|0x0000000089300000, 0x0000000089400000, 0x0000000089400000|100%| O|  |TAMS 0x0000000089400000, 0x0000000089300000| Complete 
| 148|0x0000000089400000, 0x0000000089500000, 0x0000000089500000|100%| O|  |TAMS 0x0000000089500000, 0x0000000089400000| Untracked 
| 149|0x0000000089500000, 0x0000000089600000, 0x0000000089600000|100%| O|  |TAMS 0x0000000089600000, 0x0000000089500000| Untracked 
| 150|0x0000000089600000, 0x0000000089700000, 0x0000000089700000|100%| O|  |TAMS 0x0000000089700000, 0x0000000089600000| Untracked 
| 151|0x0000000089700000, 0x0000000089800000, 0x0000000089800000|100%| O|  |TAMS 0x0000000089700000, 0x0000000089700000| Untracked 
| 152|0x0000000089800000, 0x0000000089900000, 0x0000000089900000|100%| O|  |TAMS 0x0000000089900000, 0x0000000089800000| Complete 
| 153|0x0000000089900000, 0x0000000089a00000, 0x0000000089a00000|100%| O|  |TAMS 0x0000000089a00000, 0x0000000089900000| Untracked 
| 154|0x0000000089a00000, 0x0000000089b00000, 0x0000000089b00000|100%| O|  |TAMS 0x0000000089b00000, 0x0000000089a00000| Complete 
| 155|0x0000000089b00000, 0x0000000089c00000, 0x0000000089c00000|100%| O|  |TAMS 0x0000000089c00000, 0x0000000089b00000| Untracked 
| 156|0x0000000089c00000, 0x0000000089d00000, 0x0000000089d00000|100%| O|  |TAMS 0x0000000089d00000, 0x0000000089c00000| Untracked 
| 157|0x0000000089d00000, 0x0000000089e00000, 0x0000000089e00000|100%| O|  |TAMS 0x0000000089e00000, 0x0000000089d00000| Untracked 
| 158|0x0000000089e00000, 0x0000000089f00000, 0x0000000089f00000|100%| O|  |TAMS 0x0000000089f00000, 0x0000000089e00000| Complete 
| 159|0x0000000089f00000, 0x000000008a000000, 0x000000008a000000|100%| O|  |TAMS 0x000000008a000000, 0x0000000089f00000| Untracked 
| 160|0x000000008a000000, 0x000000008a100000, 0x000000008a100000|100%| O|  |TAMS 0x000000008a100000, 0x000000008a000000| Complete 
| 161|0x000000008a100000, 0x000000008a200000, 0x000000008a200000|100%| O|  |TAMS 0x000000008a200000, 0x000000008a100000| Untracked 
| 162|0x000000008a200000, 0x000000008a300000, 0x000000008a300000|100%| O|  |TAMS 0x000000008a300000, 0x000000008a200000| Untracked 
| 163|0x000000008a300000, 0x000000008a400000, 0x000000008a400000|100%| O|  |TAMS 0x000000008a400000, 0x000000008a300000| Untracked 
| 164|0x000000008a400000, 0x000000008a500000, 0x000000008a500000|100%| O|  |TAMS 0x000000008a500000, 0x000000008a400000| Complete 
| 165|0x000000008a500000, 0x000000008a600000, 0x000000008a600000|100%| O|  |TAMS 0x000000008a600000, 0x000000008a500000| Untracked 
| 166|0x000000008a600000, 0x000000008a700000, 0x000000008a700000|100%| O|  |TAMS 0x000000008a700000, 0x000000008a600000| Untracked 
| 167|0x000000008a700000, 0x000000008a800000, 0x000000008a800000|100%| O|  |TAMS 0x000000008a700000, 0x000000008a700000| Untracked 
| 168|0x000000008a800000, 0x000000008a900000, 0x000000008a900000|100%| O|  |TAMS 0x000000008a800000, 0x000000008a800000| Untracked 
| 169|0x000000008a900000, 0x000000008aa00000, 0x000000008aa00000|100%| O|  |TAMS 0x000000008a900000, 0x000000008a900000| Untracked 
| 170|0x000000008aa00000, 0x000000008ab00000, 0x000000008ab00000|100%| O|  |TAMS 0x000000008aa00000, 0x000000008aa00000| Untracked 
| 171|0x000000008ab00000, 0x000000008ac00000, 0x000000008ac00000|100%| O|  |TAMS 0x000000008ab00000, 0x000000008ab00000| Untracked 
| 172|0x000000008ac00000, 0x000000008ad00000, 0x000000008ad00000|100%| O|  |TAMS 0x000000008ac00000, 0x000000008ac00000| Untracked 
| 173|0x000000008ad00000, 0x000000008ae00000, 0x000000008ae00000|100%| O|  |TAMS 0x000000008ad00000, 0x000000008ad00000| Untracked 
| 174|0x000000008ae00000, 0x000000008af00000, 0x000000008af00000|100%| O|  |TAMS 0x000000008ae00000, 0x000000008ae00000| Untracked 
| 175|0x000000008af00000, 0x000000008b000000, 0x000000008b000000|100%| O|  |TAMS 0x000000008af00000, 0x000000008af00000| Untracked 
| 176|0x000000008b000000, 0x000000008b100000, 0x000000008b100000|100%| O|  |TAMS 0x000000008b000000, 0x000000008b000000| Untracked 
| 177|0x000000008b100000, 0x000000008b200000, 0x000000008b200000|100%| O|  |TAMS 0x000000008b100000, 0x000000008b100000| Untracked 
| 178|0x000000008b200000, 0x000000008b300000, 0x000000008b300000|100%| O|  |TAMS 0x000000008b200000, 0x000000008b200000| Untracked 
| 179|0x000000008b300000, 0x000000008b400000, 0x000000008b400000|100%| O|  |TAMS 0x000000008b300000, 0x000000008b300000| Untracked 
| 180|0x000000008b400000, 0x000000008b500000, 0x000000008b500000|100%| O|  |TAMS 0x000000008b400000, 0x000000008b400000| Untracked 
| 181|0x000000008b500000, 0x000000008b600000, 0x000000008b600000|100%| O|  |TAMS 0x000000008b500000, 0x000000008b500000| Untracked 
| 182|0x000000008b600000, 0x000000008b700000, 0x000000008b700000|100%| O|  |TAMS 0x000000008b600000, 0x000000008b600000| Untracked 
| 183|0x000000008b700000, 0x000000008b800000, 0x000000008b800000|100%| O|  |TAMS 0x000000008b700000, 0x000000008b700000| Untracked 
| 184|0x000000008b800000, 0x000000008b900000, 0x000000008b900000|100%| O|  |TAMS 0x000000008b800000, 0x000000008b800000| Untracked 
| 185|0x000000008b900000, 0x000000008ba00000, 0x000000008ba00000|100%| O|  |TAMS 0x000000008b900000, 0x000000008b900000| Untracked 
| 186|0x000000008ba00000, 0x000000008bb00000, 0x000000008bb00000|100%| O|  |TAMS 0x000000008ba00000, 0x000000008ba00000| Untracked 
| 187|0x000000008bb00000, 0x000000008bc00000, 0x000000008bc00000|100%| O|  |TAMS 0x000000008bb00000, 0x000000008bb00000| Untracked 
| 188|0x000000008bc00000, 0x000000008bd00000, 0x000000008bd00000|100%| O|  |TAMS 0x000000008bc00000, 0x000000008bc00000| Untracked 
| 189|0x000000008bd00000, 0x000000008be00000, 0x000000008be00000|100%| O|  |TAMS 0x000000008bd00000, 0x000000008bd00000| Untracked 
| 190|0x000000008be00000, 0x000000008bf00000, 0x000000008bf00000|100%| O|  |TAMS 0x000000008be00000, 0x000000008be00000| Untracked 
| 191|0x000000008bf00000, 0x000000008c000000, 0x000000008c000000|100%| O|  |TAMS 0x000000008bf00000, 0x000000008bf00000| Untracked 
| 192|0x000000008c000000, 0x000000008c100000, 0x000000008c100000|100%| O|  |TAMS 0x000000008c000000, 0x000000008c000000| Untracked 
| 193|0x000000008c100000, 0x000000008c200000, 0x000000008c200000|100%| O|  |TAMS 0x000000008c100000, 0x000000008c100000| Untracked 
| 194|0x000000008c200000, 0x000000008c300000, 0x000000008c300000|100%| O|  |TAMS 0x000000008c200000, 0x000000008c200000| Untracked 
| 195|0x000000008c300000, 0x000000008c400000, 0x000000008c400000|100%| O|  |TAMS 0x000000008c300000, 0x000000008c300000| Untracked 
| 196|0x000000008c400000, 0x000000008c500000, 0x000000008c500000|100%| O|  |TAMS 0x000000008c400000, 0x000000008c400000| Untracked 
| 197|0x000000008c500000, 0x000000008c600000, 0x000000008c600000|100%| O|  |TAMS 0x000000008c500000, 0x000000008c500000| Untracked 
| 198|0x000000008c600000, 0x000000008c700000, 0x000000008c700000|100%| O|  |TAMS 0x000000008c600000, 0x000000008c600000| Untracked 
| 199|0x000000008c700000, 0x000000008c800000, 0x000000008c800000|100%| O|  |TAMS 0x000000008c700000, 0x000000008c700000| Untracked 
| 200|0x000000008c800000, 0x000000008c900000, 0x000000008c900000|100%| O|  |TAMS 0x000000008c800000, 0x000000008c800000| Untracked 
| 201|0x000000008c900000, 0x000000008ca00000, 0x000000008ca00000|100%| O|  |TAMS 0x000000008c900000, 0x000000008c900000| Untracked 
| 202|0x000000008ca00000, 0x000000008cb00000, 0x000000008cb00000|100%| O|  |TAMS 0x000000008ca00000, 0x000000008ca00000| Untracked 
| 203|0x000000008cb00000, 0x000000008cc00000, 0x000000008cc00000|100%| O|  |TAMS 0x000000008cb00000, 0x000000008cb00000| Untracked 
| 204|0x000000008cc00000, 0x000000008cd00000, 0x000000008cd00000|100%| O|  |TAMS 0x000000008cc00000, 0x000000008cc00000| Untracked 
| 205|0x000000008cd00000, 0x000000008ce00000, 0x000000008ce00000|100%| O|  |TAMS 0x000000008cd00000, 0x000000008cd00000| Untracked 
| 206|0x000000008ce00000, 0x000000008cf00000, 0x000000008cf00000|100%| O|  |TAMS 0x000000008ce00000, 0x000000008ce00000| Untracked 
| 207|0x000000008cf00000, 0x000000008d000000, 0x000000008d000000|100%| O|  |TAMS 0x000000008cf00000, 0x000000008cf00000| Untracked 
| 208|0x000000008d000000, 0x000000008d100000, 0x000000008d100000|100%| O|  |TAMS 0x000000008d000000, 0x000000008d000000| Untracked 
| 209|0x000000008d100000, 0x000000008d200000, 0x000000008d200000|100%| O|  |TAMS 0x000000008d100000, 0x000000008d100000| Untracked 
| 210|0x000000008d200000, 0x000000008d300000, 0x000000008d300000|100%| O|  |TAMS 0x000000008d200000, 0x000000008d200000| Untracked 
| 211|0x000000008d300000, 0x000000008d400000, 0x000000008d400000|100%| O|  |TAMS 0x000000008d300000, 0x000000008d300000| Untracked 
| 212|0x000000008d400000, 0x000000008d4fec00, 0x000000008d500000| 99%| O|  |TAMS 0x000000008d400000, 0x000000008d400000| Untracked 
| 213|0x000000008d500000, 0x000000008d500000, 0x000000008d600000|  0%| F|  |TAMS 0x000000008d500000, 0x000000008d500000| Untracked 
| 214|0x000000008d600000, 0x000000008d600000, 0x000000008d700000|  0%| F|  |TAMS 0x000000008d600000, 0x000000008d600000| Untracked 
| 215|0x000000008d700000, 0x000000008d700000, 0x000000008d800000|  0%| F|  |TAMS 0x000000008d700000, 0x000000008d700000| Untracked 
| 216|0x000000008d800000, 0x000000008d800000, 0x000000008d900000|  0%| F|  |TAMS 0x000000008d800000, 0x000000008d800000| Untracked 
| 217|0x000000008d900000, 0x000000008d900000, 0x000000008da00000|  0%| F|  |TAMS 0x000000008d900000, 0x000000008d900000| Untracked 
| 218|0x000000008da00000, 0x000000008da00000, 0x000000008db00000|  0%| F|  |TAMS 0x000000008da00000, 0x000000008da00000| Untracked 
| 219|0x000000008db00000, 0x000000008db00000, 0x000000008dc00000|  0%| F|  |TAMS 0x000000008db00000, 0x000000008db00000| Untracked 
| 220|0x000000008dc00000, 0x000000008dc00000, 0x000000008dd00000|  0%| F|  |TAMS 0x000000008dc00000, 0x000000008dc00000| Untracked 
| 221|0x000000008dd00000, 0x000000008dd00000, 0x000000008de00000|  0%| F|  |TAMS 0x000000008dd00000, 0x000000008dd00000| Untracked 
| 222|0x000000008de00000, 0x000000008de00000, 0x000000008df00000|  0%| F|  |TAMS 0x000000008de00000, 0x000000008de00000| Untracked 
| 223|0x000000008df00000, 0x000000008df00000, 0x000000008e000000|  0%| F|  |TAMS 0x000000008df00000, 0x000000008df00000| Untracked 
| 224|0x000000008e000000, 0x000000008e000000, 0x000000008e100000|  0%| F|  |TAMS 0x000000008e000000, 0x000000008e000000| Untracked 
| 225|0x000000008e100000, 0x000000008e100000, 0x000000008e200000|  0%| F|  |TAMS 0x000000008e100000, 0x000000008e100000| Untracked 
| 226|0x000000008e200000, 0x000000008e200000, 0x000000008e300000|  0%| F|  |TAMS 0x000000008e200000, 0x000000008e200000| Untracked 
| 227|0x000000008e300000, 0x000000008e300000, 0x000000008e400000|  0%| F|  |TAMS 0x000000008e300000, 0x000000008e300000| Untracked 
| 228|0x000000008e400000, 0x000000008e400000, 0x000000008e500000|  0%| F|  |TAMS 0x000000008e400000, 0x000000008e400000| Untracked 
| 229|0x000000008e500000, 0x000000008e600000, 0x000000008e600000|100%| S|CS|TAMS 0x000000008e500000, 0x000000008e500000| Complete 
| 230|0x000000008e600000, 0x000000008e700000, 0x000000008e700000|100%| S|CS|TAMS 0x000000008e600000, 0x000000008e600000| Complete 
| 231|0x000000008e700000, 0x000000008e700000, 0x000000008e800000|  0%| F|  |TAMS 0x000000008e700000, 0x000000008e700000| Untracked 
| 232|0x000000008e800000, 0x000000008e800000, 0x000000008e900000|  0%| F|  |TAMS 0x000000008e800000, 0x000000008e800000| Untracked 
| 233|0x000000008e900000, 0x000000008e900000, 0x000000008ea00000|  0%| F|  |TAMS 0x000000008e900000, 0x000000008e900000| Untracked 
| 234|0x000000008ea00000, 0x000000008ea00000, 0x000000008eb00000|  0%| F|  |TAMS 0x000000008ea00000, 0x000000008ea00000| Untracked 
| 235|0x000000008eb00000, 0x000000008eb00000, 0x000000008ec00000|  0%| F|  |TAMS 0x000000008eb00000, 0x000000008eb00000| Untracked 
| 236|0x000000008ec00000, 0x000000008ec00000, 0x000000008ed00000|  0%| F|  |TAMS 0x000000008ec00000, 0x000000008ec00000| Untracked 
| 237|0x000000008ed00000, 0x000000008ed00000, 0x000000008ee00000|  0%| F|  |TAMS 0x000000008ed00000, 0x000000008ed00000| Untracked 
| 238|0x000000008ee00000, 0x000000008ee00000, 0x000000008ef00000|  0%| F|  |TAMS 0x000000008ee00000, 0x000000008ee00000| Untracked 
| 239|0x000000008ef00000, 0x000000008ef00000, 0x000000008f000000|  0%| F|  |TAMS 0x000000008ef00000, 0x000000008ef00000| Untracked 
| 240|0x000000008f000000, 0x000000008f000000, 0x000000008f100000|  0%| F|  |TAMS 0x000000008f000000, 0x000000008f000000| Untracked 
| 241|0x000000008f100000, 0x000000008f100000, 0x000000008f200000|  0%| F|  |TAMS 0x000000008f100000, 0x000000008f100000| Untracked 
| 242|0x000000008f200000, 0x000000008f200000, 0x000000008f300000|  0%| F|  |TAMS 0x000000008f200000, 0x000000008f200000| Untracked 

Card table byte_map: [0x0000022180000000,0x0000022180400000] _byte_map_base: 0x000002217fc00000

Marking Bits (Prev, Next): (CMBitMap*) 0x00000221ec74cec0, (CMBitMap*) 0x00000221ec74ce88
 Prev Bits: [0x0000022182800000, 0x0000022184800000)
 Next Bits: [0x0000022180800000, 0x0000022182800000)

Polling page: 0x00000221ec7f0000

Metaspace:

Usage:
  Non-class:     99.17 MB capacity,    97.38 MB ( 98%) used,     1.46 MB (  1%) free+waste,   337.50 KB ( <1%) overhead. 
      Class:     15.06 MB capacity,    14.05 MB ( 93%) used,   884.41 KB (  6%) free+waste,   148.38 KB ( <1%) overhead. 
       Both:    114.23 MB capacity,   111.43 MB ( 98%) used,     2.32 MB (  2%) free+waste,   485.88 KB ( <1%) overhead. 

Virtual space:
  Non-class space:      100.00 MB reserved,      99.25 MB (>99%) committed 
      Class space:        1.00 GB reserved,      15.20 MB (  1%) committed 
             Both:        1.10 GB reserved,     114.45 MB ( 10%) committed 

Chunk freelists:
   Non-Class:  83.00 KB
       Class:  31.00 KB
        Both:  114.00 KB

MaxMetaspaceSize: 17179869184.00 GB
CompressedClassSpaceSize: 1.00 GB

CodeHeap 'non-profiled nmethods': size=120064Kb used=11498Kb max_used=11919Kb free=108565Kb
 bounds [0x00000221f7cf0000, 0x00000221f88b0000, 0x00000221ff230000]
CodeHeap 'profiled nmethods': size=120000Kb used=39349Kb max_used=39825Kb free=80650Kb
 bounds [0x00000221f07c0000, 0x00000221f2f30000, 0x00000221f7cf0000]
CodeHeap 'non-nmethods': size=5696Kb used=2364Kb max_used=2406Kb free=3331Kb
 bounds [0x00000221f0230000, 0x00000221f04a0000, 0x00000221f07c0000]
 total_blobs=18405 nmethods=17420 adapters=895
 compilation: enabled
              stopped_count=0, restarted_count=0
 full_count=0

Compilation events (20 events):
Event: 309.609 Thread 0x0000022187464000 18466       2       com.android.tools.r8.code.M0::hashCode (28 bytes)
Event: 309.610 Thread 0x0000022187464000 nmethod 18466 0x00000221f0a3a510 code [0x00000221f0a3a6c0, 0x00000221f0a3a808]
Event: 309.611 Thread 0x0000022187464000 18467       2       com.android.tools.r8.code.u::<init> (7 bytes)
Event: 309.611 Thread 0x0000022187464000 nmethod 18467 0x00000221f0a39f10 code [0x00000221f0a3a0e0, 0x00000221f0a3a318]
Event: 309.699 Thread 0x0000022187464000 18470       2       java.util.Arrays::hashCode (44 bytes)
Event: 309.699 Thread 0x0000022187464000 nmethod 18470 0x00000221f0a39b10 code [0x00000221f0a39cc0, 0x00000221f0a39e38]
Event: 309.708 Thread 0x0000022187464000 18472       2       com.android.tools.r8.code.O3::<init> (7 bytes)
Event: 309.709 Thread 0x0000022187464000 nmethod 18472 0x00000221f0a39710 code [0x00000221f0a398c0, 0x00000221f0a39a18]
Event: 309.709 Thread 0x0000022187464000 18473       2       com.android.tools.r8.code.d::<init> (7 bytes)
Event: 309.710 Thread 0x0000022187464000 nmethod 18473 0x00000221f0a39110 code [0x00000221f0a392e0, 0x00000221f0a39518]
Event: 309.714 Thread 0x0000022187464000 18474       2       com.android.tools.r8.code.t2::<init> (7 bytes)
Event: 309.714 Thread 0x0000022187464000 nmethod 18474 0x00000221f0a38d10 code [0x00000221f0a38ec0, 0x00000221f0a39018]
Event: 309.717 Thread 0x0000022187464000 18475       2       com.android.tools.r8.code.E3::hashCode (35 bytes)
Event: 309.717 Thread 0x0000022187464000 nmethod 18475 0x00000221f0a38910 code [0x00000221f0a38ae0, 0x00000221f0a38c38]
Event: 309.720 Thread 0x0000022187464000 18476       2       com.android.tools.r8.code.l0::<init> (7 bytes)
Event: 309.721 Thread 0x0000022187464000 nmethod 18476 0x00000221f0a3c790 code [0x00000221f0a3c960, 0x00000221f0a3cb98]
Event: 309.792 Thread 0x0000022187464000 18479       2       java.lang.Float::floatToIntBits (15 bytes)
Event: 309.792 Thread 0x0000022187464000 nmethod 18479 0x00000221f0a3c390 code [0x00000221f0a3c540, 0x00000221f0a3c678]
Event: 309.806 Thread 0x0000022187464000 18480       2       com.android.tools.r8.code.M2::<init> (7 bytes)
Event: 309.807 Thread 0x0000022187464000 nmethod 18480 0x00000221f0a45790 code [0x00000221f0a45940, 0x00000221f0a45a98]

GC Heap History (20 events):
Event: 308.774 GC heap after
{Heap after GC invocations=144 (full 0):
 garbage-first heap   total 203776K, used 175630K [0x0000000080000000, 0x0000000100000000)
  region size 1024K, 2 young (2048K), 2 survivors (2048K)
 Metaspace       used 114053K, capacity 116962K, committed 117196K, reserved 1150976K
  class space    used 14404K, capacity 15447K, committed 15564K, reserved 1048576K
}
Event: 308.829 GC heap before
{Heap before GC invocations=144 (full 0):
 garbage-first heap   total 203776K, used 181774K [0x0000000080000000, 0x0000000100000000)
  region size 1024K, 9 young (9216K), 2 survivors (2048K)
 Metaspace       used 114065K, capacity 116963K, committed 117196K, reserved 1150976K
  class space    used 14404K, capacity 15447K, committed 15564K, reserved 1048576K
}
Event: 308.839 GC heap after
{Heap after GC invocations=145 (full 0):
 garbage-first heap   total 203776K, used 179200K [0x0000000080000000, 0x0000000100000000)
  region size 1024K, 2 young (2048K), 2 survivors (2048K)
 Metaspace       used 114065K, capacity 116963K, committed 117196K, reserved 1150976K
  class space    used 14404K, capacity 15447K, committed 15564K, reserved 1048576K
}
Event: 308.892 GC heap before
{Heap before GC invocations=145 (full 0):
 garbage-first heap   total 203776K, used 185344K [0x0000000080000000, 0x0000000100000000)
  region size 1024K, 9 young (9216K), 2 survivors (2048K)
 Metaspace       used 114070K, capacity 116963K, committed 117196K, reserved 1150976K
  class space    used 14404K, capacity 15447K, committed 15564K, reserved 1048576K
}
Event: 308.902 GC heap after
{Heap after GC invocations=146 (full 0):
 garbage-first heap   total 203776K, used 182962K [0x0000000080000000, 0x0000000100000000)
  region size 1024K, 2 young (2048K), 2 survivors (2048K)
 Metaspace       used 114070K, capacity 116963K, committed 117196K, reserved 1150976K
  class space    used 14404K, capacity 15447K, committed 15564K, reserved 1048576K
}
Event: 308.959 GC heap before
{Heap before GC invocations=146 (full 0):
 garbage-first heap   total 203776K, used 190130K [0x0000000080000000, 0x0000000100000000)
  region size 1024K, 9 young (9216K), 2 survivors (2048K)
 Metaspace       used 114074K, capacity 116963K, committed 117196K, reserved 1150976K
  class space    used 14404K, capacity 15447K, committed 15564K, reserved 1048576K
}
Event: 308.969 GC heap after
{Heap after GC invocations=147 (full 0):
 garbage-first heap   total 203776K, used 186716K [0x0000000080000000, 0x0000000100000000)
  region size 1024K, 2 young (2048K), 2 survivors (2048K)
 Metaspace       used 114074K, capacity 116963K, committed 117196K, reserved 1150976K
  class space    used 14404K, capacity 15447K, committed 15564K, reserved 1048576K
}
Event: 309.019 GC heap before
{Heap before GC invocations=147 (full 0):
 garbage-first heap   total 203776K, used 192860K [0x0000000080000000, 0x0000000100000000)
  region size 1024K, 9 young (9216K), 2 survivors (2048K)
 Metaspace       used 114084K, capacity 116966K, committed 117196K, reserved 1150976K
  class space    used 14404K, capacity 15447K, committed 15564K, reserved 1048576K
}
Event: 309.030 GC heap after
{Heap after GC invocations=148 (full 0):
 garbage-first heap   total 203776K, used 190296K [0x0000000080000000, 0x0000000100000000)
  region size 1024K, 2 young (2048K), 2 survivors (2048K)
 Metaspace       used 114084K, capacity 116966K, committed 117196K, reserved 1150976K
  class space    used 14404K, capacity 15447K, committed 15564K, reserved 1048576K
}
Event: 309.078 GC heap before
{Heap before GC invocations=148 (full 0):
 garbage-first heap   total 203776K, used 197464K [0x0000000080000000, 0x0000000100000000)
  region size 1024K, 9 young (9216K), 2 survivors (2048K)
 Metaspace       used 114084K, capacity 116966K, committed 117196K, reserved 1150976K
  class space    used 14404K, capacity 15447K, committed 15564K, reserved 1048576K
}
Event: 309.088 GC heap after
{Heap after GC invocations=149 (full 0):
 garbage-first heap   total 203776K, used 193875K [0x0000000080000000, 0x0000000100000000)
  region size 1024K, 2 young (2048K), 2 survivors (2048K)
 Metaspace       used 114084K, capacity 116966K, committed 117196K, reserved 1150976K
  class space    used 14404K, capacity 15447K, committed 15564K, reserved 1048576K
}
Event: 309.176 GC heap before
{Heap before GC invocations=149 (full 0):
 garbage-first heap   total 203776K, used 201043K [0x0000000080000000, 0x0000000100000000)
  region size 1024K, 9 young (9216K), 2 survivors (2048K)
 Metaspace       used 114137K, capacity 117030K, committed 117196K, reserved 1150976K
  class space    used 14404K, capacity 15447K, committed 15564K, reserved 1048576K
}
Event: 309.355 GC heap after
{Heap after GC invocations=150 (full 0):
 garbage-first heap   total 248832K, used 197602K [0x0000000080000000, 0x0000000100000000)
  region size 1024K, 2 young (2048K), 2 survivors (2048K)
 Metaspace       used 114137K, capacity 117030K, committed 117196K, reserved 1150976K
  class space    used 14404K, capacity 15447K, committed 15564K, reserved 1048576K
}
Event: 309.546 GC heap before
{Heap before GC invocations=150 (full 0):
 garbage-first heap   total 248832K, used 207842K [0x0000000080000000, 0x0000000100000000)
  region size 1024K, 12 young (12288K), 2 survivors (2048K)
 Metaspace       used 114103K, capacity 116974K, committed 117196K, reserved 1150976K
  class space    used 14392K, capacity 15425K, committed 15564K, reserved 1048576K
}
Event: 309.558 GC heap after
{Heap after GC invocations=151 (full 0):
 garbage-first heap   total 248832K, used 203097K [0x0000000080000000, 0x0000000100000000)
  region size 1024K, 2 young (2048K), 2 survivors (2048K)
 Metaspace       used 114103K, capacity 116974K, committed 117196K, reserved 1150976K
  class space    used 14392K, capacity 15425K, committed 15564K, reserved 1048576K
}
Event: 309.623 GC heap before
{Heap before GC invocations=151 (full 0):
 garbage-first heap   total 248832K, used 213337K [0x0000000080000000, 0x0000000100000000)
  region size 1024K, 12 young (12288K), 2 survivors (2048K)
 Metaspace       used 114105K, capacity 116974K, committed 117196K, reserved 1150976K
  class space    used 14392K, capacity 15425K, committed 15564K, reserved 1048576K
}
Event: 309.641 GC heap after
{Heap after GC invocations=152 (full 0):
 garbage-first heap   total 248832K, used 208789K [0x0000000080000000, 0x0000000100000000)
  region size 1024K, 2 young (2048K), 2 survivors (2048K)
 Metaspace       used 114105K, capacity 116974K, committed 117196K, reserved 1150976K
  class space    used 14392K, capacity 15425K, committed 15564K, reserved 1048576K
}
Event: 309.741 GC heap before
{Heap before GC invocations=152 (full 0):
 garbage-first heap   total 248832K, used 219029K [0x0000000080000000, 0x0000000100000000)
  region size 1024K, 12 young (12288K), 2 survivors (2048K)
 Metaspace       used 114107K, capacity 116974K, committed 117196K, reserved 1150976K
  class space    used 14392K, capacity 15425K, committed 15564K, reserved 1048576K
}
Event: 309.758 GC heap after
{Heap after GC invocations=153 (full 0):
 garbage-first heap   total 248832K, used 214504K [0x0000000080000000, 0x0000000100000000)
  region size 1024K, 2 young (2048K), 2 survivors (2048K)
 Metaspace       used 114107K, capacity 116974K, committed 117196K, reserved 1150976K
  class space    used 14392K, capacity 15425K, committed 15564K, reserved 1048576K
}
Event: 309.831 GC heap before
{Heap before GC invocations=154 (full 0):
 garbage-first heap   total 248832K, used 224744K [0x0000000080000000, 0x0000000100000000)
  region size 1024K, 12 young (12288K), 2 survivors (2048K)
 Metaspace       used 114107K, capacity 116974K, committed 117196K, reserved 1150976K
  class space    used 14392K, capacity 15425K, committed 15564K, reserved 1048576K
}

Deoptimization events (20 events):
Event: 309.672 Thread 0x000002218f861000 DEOPT PACKING pc=0x00000221f2f23c4d sp=0x00000090fe2fe690
Event: 309.672 Thread 0x000002218f861000 DEOPT UNPACKING pc=0x00000221f0256d5e sp=0x00000090fe2fe2b0 mode 0
Event: 309.707 Thread 0x000002218f869800 DEOPT PACKING pc=0x00000221f2f23c4d sp=0x00000090feefde50
Event: 309.707 Thread 0x000002218f869800 DEOPT UNPACKING pc=0x00000221f0256d5e sp=0x00000090feefda70 mode 0
Event: 309.726 Thread 0x000002218f869800 DEOPT PACKING pc=0x00000221f2f23c4d sp=0x00000090feefde50
Event: 309.726 Thread 0x000002218f869800 DEOPT UNPACKING pc=0x00000221f0256d5e sp=0x00000090feefda70 mode 0
Event: 309.731 Thread 0x000002218f86a000 Uncommon trap: trap_request=0xffffff4d fr.pc=0x00000221f86d36f0 relative=0x0000000000000050
Event: 309.731 Thread 0x000002218f86a000 Uncommon trap: reason=unstable_if action=reinterpret pc=0x00000221f86d36f0 method=java.lang.Float.isNaN(F)Z @ 3 c2
Event: 309.731 Thread 0x000002218f86a000 DEOPT PACKING pc=0x00000221f86d36f0 sp=0x00000090feffe8d0
Event: 309.731 Thread 0x000002218f86a000 DEOPT UNPACKING pc=0x00000221f02565af sp=0x00000090feffe860 mode 2
Event: 309.779 Thread 0x000002218f86a000 DEOPT PACKING pc=0x00000221f2f23c4d sp=0x00000090feffe270
Event: 309.779 Thread 0x000002218f86a000 DEOPT UNPACKING pc=0x00000221f0256d5e sp=0x00000090feffde90 mode 0
Event: 309.795 Thread 0x000002218f86f000 DEOPT PACKING pc=0x00000221f2f23c4d sp=0x00000090fedfe110
Event: 309.795 Thread 0x000002218f86f000 DEOPT UNPACKING pc=0x00000221f0256d5e sp=0x00000090fedfdd30 mode 0
Event: 309.803 Thread 0x000002218f869800 DEOPT PACKING pc=0x00000221f2f23c4d sp=0x00000090feefde50
Event: 309.803 Thread 0x000002218f869800 DEOPT UNPACKING pc=0x00000221f0256d5e sp=0x00000090feefda70 mode 0
Event: 309.812 Thread 0x000002218f869800 DEOPT PACKING pc=0x00000221f2f23c4d sp=0x00000090feefde50
Event: 309.813 Thread 0x000002218f869800 DEOPT UNPACKING pc=0x00000221f0256d5e sp=0x00000090feefda70 mode 0
Event: 309.822 Thread 0x000002218f86a000 DEOPT PACKING pc=0x00000221f2f23c4d sp=0x00000090feffe270
Event: 309.822 Thread 0x000002218f86a000 DEOPT UNPACKING pc=0x00000221f0256d5e sp=0x00000090feffde90 mode 0

Classes redefined (0 events):
No events

Internal exceptions (20 events):
Event: 254.173 Thread 0x000002218f860800 Exception <a 'sun/nio/fs/WindowsException'{0x000000008c21a578}> (0x000000008c21a578) thrown at [./src/hotspot/share/prims/jni.cpp, line 615]
Event: 254.173 Thread 0x000002218f860800 Exception <a 'sun/nio/fs/WindowsException'{0x000000008c21b408}> (0x000000008c21b408) thrown at [./src/hotspot/share/prims/jni.cpp, line 615]
Event: 254.173 Thread 0x000002218f860800 Exception <a 'sun/nio/fs/WindowsException'{0x000000008c21b730}> (0x000000008c21b730) thrown at [./src/hotspot/share/prims/jni.cpp, line 615]
Event: 254.174 Thread 0x000002218f860800 Exception <a 'sun/nio/fs/WindowsException'{0x000000008c21c5d8}> (0x000000008c21c5d8) thrown at [./src/hotspot/share/prims/jni.cpp, line 615]
Event: 254.174 Thread 0x000002218f860800 Exception <a 'sun/nio/fs/WindowsException'{0x000000008c21c8a0}> (0x000000008c21c8a0) thrown at [./src/hotspot/share/prims/jni.cpp, line 615]
Event: 254.174 Thread 0x000002218f860800 Exception <a 'sun/nio/fs/WindowsException'{0x000000008c21d718}> (0x000000008c21d718) thrown at [./src/hotspot/share/prims/jni.cpp, line 615]
Event: 255.189 Thread 0x000002218f865800 Exception <a 'sun/nio/fs/WindowsException'{0x000000008b77c9f8}> (0x000000008b77c9f8) thrown at [./src/hotspot/share/prims/jni.cpp, line 615]
Event: 255.189 Thread 0x000002218f865800 Exception <a 'sun/nio/fs/WindowsException'{0x000000008b77dd30}> (0x000000008b77dd30) thrown at [./src/hotspot/share/prims/jni.cpp, line 615]
Event: 255.189 Thread 0x000002218f865800 Exception <a 'sun/nio/fs/WindowsException'{0x000000008b77e008}> (0x000000008b77e008) thrown at [./src/hotspot/share/prims/jni.cpp, line 615]
Event: 255.202 Thread 0x000002218f865800 Exception <a 'sun/nio/fs/WindowsException'{0x000000008b7a73d0}> (0x000000008b7a73d0) thrown at [./src/hotspot/share/prims/jni.cpp, line 615]
Event: 255.202 Thread 0x000002218f865800 Exception <a 'sun/nio/fs/WindowsException'{0x000000008b7a8850}> (0x000000008b7a8850) thrown at [./src/hotspot/share/prims/jni.cpp, line 615]
Event: 258.847 Thread 0x000002218f86c800 Exception <a 'sun/nio/fs/WindowsException'{0x000000008b4ce028}> (0x000000008b4ce028) thrown at [./src/hotspot/share/prims/jni.cpp, line 615]
Event: 283.396 Thread 0x000002218f86c800 Exception <a 'sun/nio/fs/WindowsException'{0x000000008a11cbe8}> (0x000000008a11cbe8) thrown at [./src/hotspot/share/prims/jni.cpp, line 615]
Event: 300.595 Thread 0x000002218f86c800 Exception <a 'java/lang/NoSuchMethodError'{0x0000000089a60f40}: 'java.lang.Object java.lang.invoke.DirectMethodHandle$Holder.invokeStaticInit(java.lang.Object, java.lang.Object, java.lang.Object, java.lang.Object, java.lang.Object, java.lang.Object, java.lang.Object, java.lang.Object, java.lang.Object, java.lang.Object, java.lang.Object, java.lang.Object, java.lang.Object, java.lang.Object, java.lang.Object, java.lang.Object, java.lang.Object, java.lang.Object, int, java.lang.Object, java.lang.Object)'> (0
Event: 303.765 Thread 0x000002218f86f000 Exception <a 'java/lang/IncompatibleClassChangeError'{0x000000008c5b3910}: Found class java.lang.Object, but interface was expected> (0x000000008c5b3910) thrown at [./src/hotspot/share/interpreter/linkResolver.cpp, line 839]
Event: 306.152 Thread 0x000002218f861000 Exception <a 'java/lang/IncompatibleClassChangeError'{0x000000008c33a740}: Found class java.lang.Object, but interface was expected> (0x000000008c33a740) thrown at [./src/hotspot/share/interpreter/linkResolver.cpp, line 839]
Event: 306.239 Thread 0x000002218f861000 Exception <a 'java/lang/IncompatibleClassChangeError'{0x000000008c341cc8}: Found class java.lang.Object, but interface was expected> (0x000000008c341cc8) thrown at [./src/hotspot/share/interpreter/linkResolver.cpp, line 839]
Event: 306.239 Thread 0x000002218f86a000 Exception <a 'java/lang/IncompatibleClassChangeError'{0x000000008c32b4a8}: Found class java.lang.Object, but interface was expected> (0x000000008c32b4a8) thrown at [./src/hotspot/share/interpreter/linkResolver.cpp, line 839]
Event: 306.239 Thread 0x000002218f86f000 Exception <a 'java/lang/IncompatibleClassChangeError'{0x000000008c3071e0}: Found class java.lang.Object, but interface was expected> (0x000000008c3071e0) thrown at [./src/hotspot/share/interpreter/linkResolver.cpp, line 839]
Event: 306.242 Thread 0x000002218f86a000 Exception <a 'java/lang/NoSuchMethodError'{0x000000008c35d378}: 'java.lang.Object java.lang.invoke.DirectMethodHandle$Holder.newInvokeSpecial(java.lang.Object, int)'> (0x000000008c35d378) thrown at [./src/hotspot/share/interpreter/linkResolver.cpp, line 773]

Events (20 events):
Event: 308.902 Executing VM operation: G1CollectForAllocation done
Event: 308.958 Executing VM operation: G1CollectForAllocation
Event: 308.969 Executing VM operation: G1CollectForAllocation done
Event: 309.019 Executing VM operation: G1CollectForAllocation
Event: 309.030 Executing VM operation: G1CollectForAllocation done
Event: 309.077 Executing VM operation: G1CollectForAllocation
Event: 309.088 Executing VM operation: G1CollectForAllocation done
Event: 309.176 Executing VM operation: G1CollectForAllocation
Event: 309.355 Executing VM operation: G1CollectForAllocation done
Event: 309.430 Executing VM operation: CGC_Operation
Event: 309.479 Executing VM operation: CGC_Operation done
Event: 309.544 Executing VM operation: G1CollectForAllocation
Event: 309.558 Executing VM operation: G1CollectForAllocation done
Event: 309.623 Executing VM operation: G1CollectForAllocation
Event: 309.641 Executing VM operation: G1CollectForAllocation done
Event: 309.737 Executing VM operation: G1CollectForAllocation
Event: 309.758 Executing VM operation: G1CollectForAllocation done
Event: 309.818 Executing VM operation: CGC_Operation
Event: 309.819 Executing VM operation: CGC_Operation done
Event: 309.831 Executing VM operation: G1CollectForAllocation


Dynamic libraries:
0x00007ff7c9870000 - 0x00007ff7c987a000 	C:\Program Files\Android\Android Studio\jre\bin\java.exe
0x00007ffd8e0f0000 - 0x00007ffd8e2e5000 	C:\WINDOWS\SYSTEM32\ntdll.dll
0x00007ffd8c690000 - 0x00007ffd8c74e000 	C:\WINDOWS\System32\KERNEL32.DLL
0x00007ffd8b910000 - 0x00007ffd8bbd8000 	C:\WINDOWS\System32\KERNELBASE.dll
0x00007ffd8b810000 - 0x00007ffd8b910000 	C:\WINDOWS\System32\ucrtbase.dll
0x00007ffd81090000 - 0x00007ffd810a9000 	C:\Program Files\Android\Android Studio\jre\bin\jli.dll
0x00007ffd81060000 - 0x00007ffd81077000 	C:\Program Files\Android\Android Studio\jre\bin\VCRUNTIME140.dll
0x00007ffd8d2d0000 - 0x00007ffd8d470000 	C:\WINDOWS\System32\USER32.dll
0x00007ffd8bf50000 - 0x00007ffd8bf72000 	C:\WINDOWS\System32\win32u.dll
0x00007ffd84050000 - 0x00007ffd842ea000 	C:\WINDOWS\WinSxS\amd64_microsoft.windows.common-controls_6595b64144ccf1df_6.0.19041.1110_none_60b5254171f9507e\COMCTL32.dll
0x00007ffd8cfc0000 - 0x00007ffd8cfea000 	C:\WINDOWS\System32\GDI32.dll
0x00007ffd8bff0000 - 0x00007ffd8c0fb000 	C:\WINDOWS\System32\gdi32full.dll
0x00007ffd8bdf0000 - 0x00007ffd8be8d000 	C:\WINDOWS\System32\msvcp_win.dll
0x00007ffd8c150000 - 0x00007ffd8c1ee000 	C:\WINDOWS\System32\msvcrt.dll
0x00007ffd8c1f0000 - 0x00007ffd8c220000 	C:\WINDOWS\System32\IMM32.DLL
0x00007ffd6e740000 - 0x00007ffd6e7dd000 	C:\Program Files\Android\Android Studio\jre\bin\msvcp140.dll
0x00007ffd654e0000 - 0x00007ffd65fb5000 	C:\Program Files\Android\Android Studio\jre\bin\server\jvm.dll
0x00007ffd8d070000 - 0x00007ffd8d11e000 	C:\WINDOWS\System32\ADVAPI32.dll
0x00007ffd8cd60000 - 0x00007ffd8cdfc000 	C:\WINDOWS\System32\sechost.dll
0x00007ffd8d470000 - 0x00007ffd8d595000 	C:\WINDOWS\System32\RPCRT4.dll
0x00007ffd8c750000 - 0x00007ffd8c758000 	C:\WINDOWS\System32\PSAPI.DLL
0x00007ffd87580000 - 0x00007ffd87589000 	C:\WINDOWS\SYSTEM32\WSOCK32.dll
0x00007ffd8cf50000 - 0x00007ffd8cfbb000 	C:\WINDOWS\System32\WS2_32.dll
0x00007ffd85bb0000 - 0x00007ffd85bd7000 	C:\WINDOWS\SYSTEM32\WINMM.dll
0x00007ffd86090000 - 0x00007ffd8609a000 	C:\WINDOWS\SYSTEM32\VERSION.dll
0x00007ffd89670000 - 0x00007ffd89682000 	C:\WINDOWS\SYSTEM32\kernel.appcore.dll
0x00007ffd86610000 - 0x00007ffd86621000 	C:\Program Files\Android\Android Studio\jre\bin\verify.dll
0x00007ffd7d930000 - 0x00007ffd7db14000 	C:\WINDOWS\SYSTEM32\DBGHELP.DLL
0x00007ffd7d840000 - 0x00007ffd7d86c000 	C:\WINDOWS\SYSTEM32\dbgcore.DLL
0x00007ffd8bec0000 - 0x00007ffd8bf42000 	C:\WINDOWS\System32\bcryptPrimitives.dll
0x00007ffd7c460000 - 0x00007ffd7c489000 	C:\Program Files\Android\Android Studio\jre\bin\java.dll
0x00007ffd87350000 - 0x00007ffd8735b000 	C:\Program Files\Android\Android Studio\jre\bin\jimage.dll
0x00007ffd84f40000 - 0x00007ffd84f58000 	C:\Program Files\Android\Android Studio\jre\bin\zip.dll
0x00007ffd8d5a0000 - 0x00007ffd8dce4000 	C:\WINDOWS\System32\SHELL32.dll
0x00007ffd89950000 - 0x00007ffd8a0e4000 	C:\WINDOWS\SYSTEM32\windows.storage.dll
0x00007ffd8c760000 - 0x00007ffd8cab4000 	C:\WINDOWS\System32\combase.dll
0x00007ffd8b1b0000 - 0x00007ffd8b1dc000 	C:\WINDOWS\SYSTEM32\Wldp.dll
0x00007ffd8cbe0000 - 0x00007ffd8cc8d000 	C:\WINDOWS\System32\SHCORE.dll
0x00007ffd8cef0000 - 0x00007ffd8cf45000 	C:\WINDOWS\System32\shlwapi.dll
0x00007ffd8b750000 - 0x00007ffd8b76f000 	C:\WINDOWS\SYSTEM32\profapi.dll
0x00007ffd82b70000 - 0x00007ffd82b8a000 	C:\Program Files\Android\Android Studio\jre\bin\net.dll
0x00007ffd83890000 - 0x00007ffd8399a000 	C:\WINDOWS\SYSTEM32\WINHTTP.dll
0x00007ffd8af10000 - 0x00007ffd8af7a000 	C:\WINDOWS\system32\mswsock.dll
0x00007ffd7c440000 - 0x00007ffd7c454000 	C:\Program Files\Android\Android Studio\jre\bin\nio.dll
0x00007ffd743e0000 - 0x00007ffd74407000 	C:\Users\giorgi\.gradle\native\e1d6ef7f7dcc3fd88c89a11ec53ec762bb8ba0a96d01ffa2cd45eb1d1d8dd5c5\windows-amd64\native-platform.dll
0x00007ffd687a0000 - 0x00007ffd688e4000 	C:\Users\giorgi\.gradle\native\5664cfc778a61ccfe75a443a1ab52a65af34e5dc3c78e0209fed803814484fcb\windows-amd64\native-platform-file-events.dll
0x00007ffd86600000 - 0x00007ffd8660a000 	C:\Program Files\Android\Android Studio\jre\bin\management.dll
0x00007ffd83fb0000 - 0x00007ffd83fbd000 	C:\Program Files\Android\Android Studio\jre\bin\management_ext.dll
0x00007ffd8b100000 - 0x00007ffd8b118000 	C:\WINDOWS\SYSTEM32\CRYPTSP.dll
0x00007ffd8a890000 - 0x00007ffd8a8c4000 	C:\WINDOWS\system32\rsaenh.dll
0x00007ffd8be90000 - 0x00007ffd8beb7000 	C:\WINDOWS\System32\bcrypt.dll
0x00007ffd8b710000 - 0x00007ffd8b73e000 	C:\WINDOWS\SYSTEM32\USERENV.dll
0x00007ffd8b120000 - 0x00007ffd8b12c000 	C:\WINDOWS\SYSTEM32\CRYPTBASE.dll
0x00007ffd8ac00000 - 0x00007ffd8ac3b000 	C:\WINDOWS\SYSTEM32\IPHLPAPI.DLL
0x00007ffd8d060000 - 0x00007ffd8d068000 	C:\WINDOWS\System32\NSI.dll
0x00007ffd85140000 - 0x00007ffd85157000 	C:\WINDOWS\SYSTEM32\dhcpcsvc6.DLL
0x00007ffd84f60000 - 0x00007ffd84f7d000 	C:\WINDOWS\SYSTEM32\dhcpcsvc.DLL
0x00007ffd8ac40000 - 0x00007ffd8ad0b000 	C:\WINDOWS\SYSTEM32\DNSAPI.dll
0x00007ffd8a520000 - 0x00007ffd8a553000 	C:\WINDOWS\SYSTEM32\ntmarta.dll
0x00007ffd872f0000 - 0x00007ffd8730e000 	C:\Users\giorgi\AppData\Local\Temp\native-platform15897756817779899790dir\native-platform.dll
0x00007ffd872e0000 - 0x00007ffd872e8000 	C:\Program Files\Android\Android Studio\jre\bin\rmi.dll

dbghelp: loaded successfully - version: 4.0.5 - missing functions: none
symbol engine: initialized successfully - sym options: 0x614 - pdb path: .;C:\Program Files\Android\Android Studio\jre\bin;C:\WINDOWS\SYSTEM32;C:\WINDOWS\WinSxS\amd64_microsoft.windows.common-controls_6595b64144ccf1df_6.0.19041.1110_none_60b5254171f9507e;C:\Program Files\Android\Android Studio\jre\bin\server;C:\Users\giorgi\.gradle\native\e1d6ef7f7dcc3fd88c89a11ec53ec762bb8ba0a96d01ffa2cd45eb1d1d8dd5c5\windows-amd64;C:\Users\giorgi\.gradle\native\5664cfc778a61ccfe75a443a1ab52a65af34e5dc3c78e0209fed803814484fcb\windows-amd64;C:\Users\giorgi\AppData\Local\Temp\native-platform15897756817779899790dir

VM Arguments:
jvm_args: --add-opens=java.base/java.util=ALL-UNNAMED --add-opens=java.base/java.lang=ALL-UNNAMED --add-opens=java.base/java.lang.invoke=ALL-UNNAMED --add-opens=java.base/java.util=ALL-UNNAMED --add-opens=java.prefs/java.util.prefs=ALL-UNNAMED --add-opens=java.prefs/java.util.prefs=ALL-UNNAMED --add-opens=java.base/java.nio.charset=ALL-UNNAMED --add-opens=java.base/java.net=ALL-UNNAMED --add-opens=java.base/java.util.concurrent.atomic=ALL-UNNAMED -Xmx2048m -Dfile.encoding=UTF-8 -Duser.country=US -Duser.language=en -Duser.variant 
java_command: org.gradle.launcher.daemon.bootstrap.GradleDaemon 7.2
java_class_path (initial): C:\Users\giorgi\.gradle\wrapper\dists\gradle-7.2-bin\2dnblmf4td7x66yl1d74lt32g\gradle-7.2\lib\gradle-launcher-7.2.jar
Launcher Type: SUN_STANDARD

[Global flags]
     intx CICompilerCount                          = 3                                         {product} {ergonomic}
     uint ConcGCThreads                            = 1                                         {product} {ergonomic}
     uint G1ConcRefinementThreads                  = 4                                         {product} {ergonomic}
   size_t G1HeapRegionSize                         = 1048576                                   {product} {ergonomic}
    uintx GCDrainStackTargetSize                   = 64                                        {product} {ergonomic}
   size_t InitialHeapSize                          = 67108864                                  {product} {ergonomic}
   size_t MarkStackSize                            = 4194304                                   {product} {ergonomic}
   size_t MaxHeapSize                              = 2147483648                                {product} {command line}
   size_t MaxNewSize                               = 1287651328                                {product} {ergonomic}
   size_t MinHeapDeltaBytes                        = 1048576                                   {product} {ergonomic}
    uintx NonNMethodCodeHeapSize                   = 5830732                                {pd product} {ergonomic}
    uintx NonProfiledCodeHeapSize                  = 122913754                              {pd product} {ergonomic}
    uintx ProfiledCodeHeapSize                     = 122913754                              {pd product} {ergonomic}
    uintx ReservedCodeCacheSize                    = 251658240                              {pd product} {ergonomic}
     bool SegmentedCodeCache                       = true                                      {product} {ergonomic}
     bool UseCompressedClassPointers               = true                                 {lp64_product} {ergonomic}
     bool UseCompressedOops                        = true                                 {lp64_product} {ergonomic}
     bool UseG1GC                                  = true                                      {product} {ergonomic}
     bool UseLargePagesIndividualAllocation        = false                                  {pd product} {ergonomic}

Logging:
Log output configuration:
 #0: stdout all=warning uptime,level,tags
 #1: stderr all=off uptime,level,tags

Environment Variables:
PATH=C:\Program Files (x86)\VMware\VMware Workstation\bin\;C:\WINDOWS\system32;C:\WINDOWS;C:\WINDOWS\System32\Wbem;C:\WINDOWS\System32\WindowsPowerShell\v1.0\;C:\WINDOWS\System32\OpenSSH\;C:\Program Files\Git\cmd;C:\Program Files\Go\bin;C:\Users\giorgi\AppData\Local\Microsoft\WindowsApps;C:\Users\giorgi\AppData\Local\Programs\Microsoft VS Code\bin;C:\Flutter\flutter\bin;C:\Users\giorgi\go\bin
USERNAME=giorgi
OS=Windows_NT
PROCESSOR_IDENTIFIER=Intel64 Family 6 Model 42 Stepping 7, GenuineIntel



---------------  S Y S T E M  ---------------

OS: Windows 10 , 64 bit Build 19041 (10.0.19041.1645)
OS uptime: 0 days 0:58 hours

CPU:total 4 (initial active 4) (2 cores per cpu, 2 threads per core) family 6 model 42 stepping 7 microcode 0x2f, cmov, cx8, fxsr, mmx, sse, sse2, sse3, ssse3, sse4.1, sse4.2, popcnt, avx, clmul, ht, tsc, tscinvbit

Memory: 4k page, system-wide physical 4078M (231M free)
TotalPageFile size 4078M (AvailPageFile size 8M)
current process WorkingSet (physical memory assigned to process): 449M, peak: 450M
current process commit charge ("private bytes"): 585M, peak: 898M

vm_info: OpenJDK 64-Bit Server VM (11.0.11+9-b60-7590822) for windows-amd64 JRE (11.0.11+9-b60-7590822), built on Jul 29 2021 21:43:44 by "builder" with MS VC++ 14.0 (VS2015)

END.
