#
# There is insufficient memory for the Java Runtime Environment to continue.
# Native memory allocation (malloc) failed to allocate 677296 bytes for Chunk::new
# Possible reasons:
#   The system is out of physical RAM or swap space
#   The process is running with CompressedOops enabled, and the Java Heap may be blocking the growth of the native heap
# Possible solutions:
#   Reduce memory load on the system
#   Increase physical memory or swap space
#   Check if swap backing store is full
#   Decrease Java heap size (-Xmx/-Xms)
#   Decrease number of Java threads
#   Decrease Java thread stack sizes (-Xss)
#   Set larger code cache with -XX:ReservedCodeCacheSize=
#   JVM is running with Unscaled Compressed Oops mode in which the Java heap is
#     placed in the first 4GB address space. The Java Heap base address is the
#     maximum limit for the native heap growth. Please use -XX:HeapBaseMinAddress
#     to set the Java Heap base and to place the Java Heap above 4GB virtual address.
# This output file may be truncated or incomplete.
#
#  Out of Memory Error (./src/hotspot/share/memory/arena.cpp:197), pid=7736, tid=3260
#
# JRE version: OpenJDK Runtime Environment (11.0.11+9) (build 11.0.11+9-b60-7590822)
# Java VM: OpenJDK 64-Bit Server VM (11.0.11+9-b60-7590822, mixed mode, tiered, compressed oops, g1 gc, windows-amd64)
# No core dump will be written. Minidumps are not enabled by default on client versions of Windows
#

---------------  S U M M A R Y ------------

Command Line: --add-opens=java.base/java.util=ALL-UNNAMED --add-opens=java.base/java.lang=ALL-UNNAMED --add-opens=java.base/java.lang.invoke=ALL-UNNAMED --add-opens=java.base/java.util=ALL-UNNAMED --add-opens=java.prefs/java.util.prefs=ALL-UNNAMED --add-opens=java.prefs/java.util.prefs=ALL-UNNAMED --add-opens=java.base/java.nio.charset=ALL-UNNAMED --add-opens=java.base/java.net=ALL-UNNAMED --add-opens=java.base/java.util.concurrent.atomic=ALL-UNNAMED -Xmx2048m -Dfile.encoding=UTF-8 -Duser.country=US -Duser.language=en -Duser.variant org.gradle.launcher.daemon.bootstrap.GradleDaemon 7.2

Host: Intel(R) Core(TM) i3-2120 CPU @ 3.30GHz, 4 cores, 3G,  Windows 10 , 64 bit Build 19041 (10.0.19041.1645)
Time: Wed Apr 27 14:04:16 2022 Georgian Standard Time elapsed time: 37.933973 seconds (0d 0h 0m 37s)

---------------  T H R E A D  ---------------

Current thread (0x0000028b4a0f0000):  JavaThread "C2 CompilerThread0" daemon [_thread_in_native, id=3260, stack(0x000000ced2300000,0x000000ced2400000)]


Current CompileTask:
C2:  37934 7044 % !   4       java.util.jar.Attributes::read @ 186 (390 bytes)

Stack: [0x000000ced2300000,0x000000ced2400000]
Native frames: (J=compiled Java code, j=interpreted, Vv=VM code, C=native code)
V  [jvm.dll+0x5f214a]
V  [jvm.dll+0x726fb5]
V  [jvm.dll+0x7285cd]
V  [jvm.dll+0x728c83]
V  [jvm.dll+0x243278]
V  [jvm.dll+0xbc53c]
V  [jvm.dll+0xbca3c]
V  [jvm.dll+0x353e3b]
V  [jvm.dll+0x19895c]
V  [jvm.dll+0x1fc2ee]
V  [jvm.dll+0x1fb3d4]
V  [jvm.dll+0x183d6c]
V  [jvm.dll+0x209a57]
V  [jvm.dll+0x2082a1]
V  [jvm.dll+0x6ef58f]
V  [jvm.dll+0x6e80b5]
V  [jvm.dll+0x5f1036]
C  [ucrtbase.dll+0x21bb2]
C  [KERNEL32.DLL+0x17034]
C  [ntdll.dll+0x52651]


---------------  P R O C E S S  ---------------

Threads class SMR info:
_java_thread_list=0x0000028b4d606990, length=77, elements={
0x0000028b2fdab800, 0x0000028b4a086800, 0x0000028b4a08a000, 0x0000028b4a0e3800,
0x0000028b4a0e6000, 0x0000028b4a0e8000, 0x0000028b4a0f0000, 0x0000028b4a0f6000,
0x0000028b4a0f9800, 0x0000028b4ab67000, 0x0000028b4bab3000, 0x0000028b4c483000,
0x0000028b4c2f9800, 0x0000028b4cd0e800, 0x0000028b4cb7d800, 0x0000028b4c412800,
0x0000028b4c808800, 0x0000028b4c87c800, 0x0000028b4ccb8000, 0x0000028b4c805000,
0x0000028b4c804800, 0x0000028b4c801000, 0x0000028b4c800800, 0x0000028b4c806000,
0x0000028b4c807000, 0x0000028b4c802000, 0x0000028b4c803000, 0x0000028b4c803800,
0x0000028b4b917000, 0x0000028b4b917800, 0x0000028b4b913000, 0x0000028b4b919800,
0x0000028b4b915000, 0x0000028b4b918800, 0x0000028b4b913800, 0x0000028b4b914800,
0x0000028b4b91c800, 0x0000028b4b91f000, 0x0000028b4b920000, 0x0000028b4b91d800,
0x0000028b4b920800, 0x0000028b4b91b800, 0x0000028b4b91e000, 0x0000028b4b91b000,
0x0000028b4b921800, 0x0000028b4d417000, 0x0000028b4d419800, 0x0000028b4d414800,
0x0000028b4d415800, 0x0000028b4d41a000, 0x0000028b4d41b000, 0x0000028b4d417800,
0x0000028b4d416000, 0x0000028b4d41e000, 0x0000028b4d41d800, 0x0000028b4d418800,
0x0000028b4d41f000, 0x0000028b4d420000, 0x0000028b4d420800, 0x0000028b4d421800,
0x0000028b4d41c000, 0x0000028b4d422800, 0x0000028b4d41c800, 0x0000028b4d423000,
0x0000028b4cd7c800, 0x0000028b4cd7f800, 0x0000028b4cd80800, 0x0000028b4cd7d800,
0x0000028b4cd7f000, 0x0000028b4cd83000, 0x0000028b4cd84000, 0x0000028b4cd82000,
0x0000028b4cd81800, 0x0000028b4cd7e000, 0x0000028b4cd86000, 0x0000028b4cd89800,
0x0000028b4cd85800
}

Java Threads: ( => current thread )
  0x0000028b2fdab800 JavaThread "main" [_thread_blocked, id=5444, stack(0x000000ced1700000,0x000000ced1800000)]
  0x0000028b4a086800 JavaThread "Reference Handler" daemon [_thread_blocked, id=7756, stack(0x000000ced1e00000,0x000000ced1f00000)]
  0x0000028b4a08a000 JavaThread "Finalizer" daemon [_thread_blocked, id=3164, stack(0x000000ced1f00000,0x000000ced2000000)]
  0x0000028b4a0e3800 JavaThread "Signal Dispatcher" daemon [_thread_blocked, id=6764, stack(0x000000ced2000000,0x000000ced2100000)]
  0x0000028b4a0e6000 JavaThread "Attach Listener" daemon [_thread_blocked, id=8028, stack(0x000000ced2100000,0x000000ced2200000)]
  0x0000028b4a0e8000 JavaThread "Service Thread" daemon [_thread_blocked, id=2804, stack(0x000000ced2200000,0x000000ced2300000)]
=>0x0000028b4a0f0000 JavaThread "C2 CompilerThread0" daemon [_thread_in_native, id=3260, stack(0x000000ced2300000,0x000000ced2400000)]
  0x0000028b4a0f6000 JavaThread "C1 CompilerThread0" daemon [_thread_blocked, id=3812, stack(0x000000ced2400000,0x000000ced2500000)]
  0x0000028b4a0f9800 JavaThread "Sweeper thread" daemon [_thread_blocked, id=8548, stack(0x000000ced2500000,0x000000ced2600000)]
  0x0000028b4ab67000 JavaThread "Common-Cleaner" daemon [_thread_blocked, id=7580, stack(0x000000ced2600000,0x000000ced2700000)]
  0x0000028b4bab3000 JavaThread "Daemon health stats" [_thread_blocked, id=1972, stack(0x000000ced2900000,0x000000ced2a00000)]
  0x0000028b4c483000 JavaThread "Incoming local TCP Connector on port 56280" [_thread_in_native, id=3472, stack(0x000000ced2a00000,0x000000ced2b00000)]
  0x0000028b4c2f9800 JavaThread "Daemon periodic checks" [_thread_blocked, id=2776, stack(0x000000ced2b00000,0x000000ced2c00000)]
  0x0000028b4cd0e800 JavaThread "Daemon" [_thread_blocked, id=5312, stack(0x000000ced2c00000,0x000000ced2d00000)]
  0x0000028b4cb7d800 JavaThread "Handler for socket connection from /127.0.0.1:56280 to /127.0.0.1:56281" [_thread_in_native, id=6572, stack(0x000000ced2d00000,0x000000ced2e00000)]
  0x0000028b4c412800 JavaThread "Cancel handler" [_thread_blocked, id=6704, stack(0x000000ced2e00000,0x000000ced2f00000)]
  0x0000028b4c808800 JavaThread "Daemon worker" [_thread_in_native, id=1124, stack(0x000000ced2f00000,0x000000ced3000000)]
  0x0000028b4c87c800 JavaThread "Asynchronous log dispatcher for DefaultDaemonConnection: socket connection from /127.0.0.1:56280 to /127.0.0.1:56281" [_thread_blocked, id=7460, stack(0x000000ced3000000,0x000000ced3100000)]
  0x0000028b4ccb8000 JavaThread "Stdin handler" [_thread_blocked, id=4784, stack(0x000000ced3100000,0x000000ced3200000)]
  0x0000028b4c805000 JavaThread "Daemon client event forwarder" [_thread_blocked, id=4920, stack(0x000000ced3200000,0x000000ced3300000)]
  0x0000028b4c804800 JavaThread "Cache worker for journal cache (C:\Users\giorgi\.gradle\caches\journal-1)" [_thread_blocked, id=6016, stack(0x000000ced3500000,0x000000ced3600000)]
  0x0000028b4c801000 JavaThread "File lock request listener" [_thread_in_native, id=1808, stack(0x000000ced3600000,0x000000ced3700000)]
  0x0000028b4c800800 JavaThread "Cache worker for file hash cache (C:\Users\giorgi\.gradle\caches\7.2\fileHashes)" [_thread_blocked, id=968, stack(0x000000ced3700000,0x000000ced3800000)]
  0x0000028b4c806000 JavaThread "Cache worker for file hash cache (C:\Users\giorgi\StudioProjects\altaapp\.gradle\7.2\fileHashes)" [_thread_blocked, id=4596, stack(0x000000ced3800000,0x000000ced3900000)]
  0x0000028b4c807000 JavaThread "File watcher server" daemon [_thread_in_native, id=6832, stack(0x000000ced3900000,0x000000ced3a00000)]
  0x0000028b4c802000 JavaThread "File watcher consumer" daemon [_thread_blocked, id=1324, stack(0x000000ced3a00000,0x000000ced3b00000)]
  0x0000028b4c803000 JavaThread "jar transforms" [_thread_blocked, id=8048, stack(0x000000ced3b00000,0x000000ced3c00000)]
  0x0000028b4c803800 JavaThread "jar transforms Thread 2" [_thread_blocked, id=7272, stack(0x000000ced3c00000,0x000000ced3d00000)]
  0x0000028b4b917000 JavaThread "jar transforms Thread 3" [_thread_blocked, id=5256, stack(0x000000ced3d00000,0x000000ced3e00000)]
  0x0000028b4b917800 JavaThread "jar transforms Thread 4" [_thread_blocked, id=208, stack(0x000000ced3e00000,0x000000ced3f00000)]
  0x0000028b4b913000 JavaThread "Cache worker for checksums cache (C:\Users\giorgi\StudioProjects\altaapp\.gradle\checksums)" [_thread_blocked, id=392, stack(0x000000ced3f00000,0x000000ced4000000)]
  0x0000028b4b919800 JavaThread "Cache worker for cache directory md-supplier (C:\Users\giorgi\.gradle\caches\7.2\md-supplier)" [_thread_blocked, id=1608, stack(0x000000ced4000000,0x000000ced4100000)]
  0x0000028b4b915000 JavaThread "Cache worker for cache directory md-rule (C:\Users\giorgi\.gradle\caches\7.2\md-rule)" [_thread_blocked, id=5956, stack(0x000000ced4100000,0x000000ced4200000)]
  0x0000028b4b918800 JavaThread "Cache worker for execution history cache (C:\Users\giorgi\.gradle\caches\7.2\executionHistory)" [_thread_blocked, id=4148, stack(0x000000ced4200000,0x000000ced4300000)]
  0x0000028b4b913800 JavaThread "Cache worker for file content cache (C:\Users\giorgi\.gradle\caches\7.2\fileContent)" [_thread_blocked, id=7156, stack(0x000000ced4300000,0x000000ced4400000)]
  0x0000028b4b914800 JavaThread "Cache worker for dependencies-accessors (C:\Users\giorgi\StudioProjects\altaapp\.gradle\7.2\dependencies-accessors)" [_thread_blocked, id=2420, stack(0x000000ced4400000,0x000000ced4500000)]
  0x0000028b4b91c800 JavaThread "Cache worker for Build Output Cleanup Cache (C:\Users\giorgi\StudioProjects\altaapp\.gradle\buildOutputCleanup)" [_thread_blocked, id=6780, stack(0x000000ced4500000,0x000000ced4600000)]
  0x0000028b4b91f000 JavaThread "Unconstrained build operations" [_thread_blocked, id=9148, stack(0x000000ced4600000,0x000000ced4700000)]
  0x0000028b4b920000 JavaThread "Unconstrained build operations Thread 2" [_thread_blocked, id=8748, stack(0x000000ced4700000,0x000000ced4800000)]
  0x0000028b4b91d800 JavaThread "Unconstrained build operations Thread 3" [_thread_blocked, id=7540, stack(0x000000ced4800000,0x000000ced4900000)]
  0x0000028b4b920800 JavaThread "Unconstrained build operations Thread 4" [_thread_blocked, id=5308, stack(0x000000ced4900000,0x000000ced4a00000)]
  0x0000028b4b91b800 JavaThread "Unconstrained build operations Thread 5" [_thread_blocked, id=1144, stack(0x000000ced4a00000,0x000000ced4b00000)]
  0x0000028b4b91e000 JavaThread "Unconstrained build operations Thread 6" [_thread_blocked, id=2436, stack(0x000000ced4b00000,0x000000ced4c00000)]
  0x0000028b4b91b000 JavaThread "Unconstrained build operations Thread 7" [_thread_blocked, id=1116, stack(0x000000ced4c00000,0x000000ced4d00000)]
  0x0000028b4b921800 JavaThread "Unconstrained build operations Thread 8" [_thread_blocked, id=5872, stack(0x000000ced4d00000,0x000000ced4e00000)]
  0x0000028b4d417000 JavaThread "Unconstrained build operations Thread 9" [_thread_blocked, id=8172, stack(0x000000ced4e00000,0x000000ced4f00000)]
  0x0000028b4d419800 JavaThread "Unconstrained build operations Thread 10" [_thread_blocked, id=6000, stack(0x000000ced4f00000,0x000000ced5000000)]
  0x0000028b4d414800 JavaThread "Unconstrained build operations Thread 11" [_thread_blocked, id=1616, stack(0x000000ced5000000,0x000000ced5100000)]
  0x0000028b4d415800 JavaThread "Unconstrained build operations Thread 12" [_thread_blocked, id=4776, stack(0x000000ced5100000,0x000000ced5200000)]
  0x0000028b4d41a000 JavaThread "Unconstrained build operations Thread 13" [_thread_blocked, id=5208, stack(0x000000ced5200000,0x000000ced5300000)]
  0x0000028b4d41b000 JavaThread "Unconstrained build operations Thread 14" [_thread_blocked, id=3868, stack(0x000000ced5300000,0x000000ced5400000)]
  0x0000028b4d417800 JavaThread "Unconstrained build operations Thread 15" [_thread_blocked, id=4932, stack(0x000000ced5400000,0x000000ced5500000)]
  0x0000028b4d416000 JavaThread "Unconstrained build operations Thread 16" [_thread_blocked, id=5088, stack(0x000000ced5500000,0x000000ced5600000)]
  0x0000028b4d41e000 JavaThread "Unconstrained build operations Thread 17" [_thread_blocked, id=7420, stack(0x000000ced5600000,0x000000ced5700000)]
  0x0000028b4d41d800 JavaThread "Unconstrained build operations Thread 18" [_thread_blocked, id=6168, stack(0x000000ced5700000,0x000000ced5800000)]
  0x0000028b4d418800 JavaThread "Unconstrained build operations Thread 19" [_thread_blocked, id=4068, stack(0x000000ced5800000,0x000000ced5900000)]
  0x0000028b4d41f000 JavaThread "Unconstrained build operations Thread 20" [_thread_blocked, id=8088, stack(0x000000ced5900000,0x000000ced5a00000)]
  0x0000028b4d420000 JavaThread "Unconstrained build operations Thread 21" [_thread_blocked, id=8348, stack(0x000000ced5a00000,0x000000ced5b00000)]
  0x0000028b4d420800 JavaThread "Unconstrained build operations Thread 22" [_thread_blocked, id=7848, stack(0x000000ced5b00000,0x000000ced5c00000)]
  0x0000028b4d421800 JavaThread "Unconstrained build operations Thread 23" [_thread_blocked, id=7300, stack(0x000000ced5c00000,0x000000ced5d00000)]
  0x0000028b4d41c000 JavaThread "Unconstrained build operations Thread 24" [_thread_blocked, id=5644, stack(0x000000ced5d00000,0x000000ced5e00000)]
  0x0000028b4d422800 JavaThread "Unconstrained build operations Thread 25" [_thread_blocked, id=6384, stack(0x000000ced5e00000,0x000000ced5f00000)]
  0x0000028b4d41c800 JavaThread "Unconstrained build operations Thread 26" [_thread_blocked, id=8500, stack(0x000000ced5f00000,0x000000ced6000000)]
  0x0000028b4d423000 JavaThread "Unconstrained build operations Thread 27" [_thread_blocked, id=4024, stack(0x000000ced6000000,0x000000ced6100000)]
  0x0000028b4cd7c800 JavaThread "Unconstrained build operations Thread 28" [_thread_blocked, id=8916, stack(0x000000ced6100000,0x000000ced6200000)]
  0x0000028b4cd7f800 JavaThread "Unconstrained build operations Thread 29" [_thread_blocked, id=6984, stack(0x000000ced6200000,0x000000ced6300000)]
  0x0000028b4cd80800 JavaThread "Unconstrained build operations Thread 30" [_thread_blocked, id=6088, stack(0x000000ced6300000,0x000000ced6400000)]
  0x0000028b4cd7d800 JavaThread "Unconstrained build operations Thread 31" [_thread_blocked, id=8700, stack(0x000000ced6400000,0x000000ced6500000)]
  0x0000028b4cd7f000 JavaThread "Unconstrained build operations Thread 32" [_thread_blocked, id=4760, stack(0x000000ced6500000,0x000000ced6600000)]
  0x0000028b4cd83000 JavaThread "Unconstrained build operations Thread 33" [_thread_blocked, id=3428, stack(0x000000ced6600000,0x000000ced6700000)]
  0x0000028b4cd84000 JavaThread "Unconstrained build operations Thread 34" [_thread_blocked, id=5380, stack(0x000000ced6700000,0x000000ced6800000)]
  0x0000028b4cd82000 JavaThread "Unconstrained build operations Thread 35" [_thread_blocked, id=8372, stack(0x000000ced6800000,0x000000ced6900000)]
  0x0000028b4cd81800 JavaThread "Unconstrained build operations Thread 36" [_thread_blocked, id=3832, stack(0x000000ced6900000,0x000000ced6a00000)]
  0x0000028b4cd7e000 JavaThread "Unconstrained build operations Thread 37" [_thread_blocked, id=2348, stack(0x000000ced6a00000,0x000000ced6b00000)]
  0x0000028b4cd86000 JavaThread "Unconstrained build operations Thread 38" [_thread_blocked, id=7576, stack(0x000000ced6b00000,0x000000ced6c00000)]
  0x0000028b4cd89800 JavaThread "Unconstrained build operations Thread 39" [_thread_blocked, id=4388, stack(0x000000ced6c00000,0x000000ced6d00000)]
  0x0000028b4cd85800 JavaThread "Unconstrained build operations Thread 40" [_thread_blocked, id=6336, stack(0x000000ced6d00000,0x000000ced6e00000)]

Other Threads:
  0x0000028b4a081800 VMThread "VM Thread" [stack: 0x000000ced1d00000,0x000000ced1e00000] [id=4568]
  0x0000028b4ab7f800 WatcherThread [stack: 0x000000ced2700000,0x000000ced2800000] [id=4604]
  0x0000028b2fdc4000 GCTaskThread "GC Thread#0" [stack: 0x000000ced1800000,0x000000ced1900000] [id=7592]
  0x0000028b4b364000 GCTaskThread "GC Thread#1" [stack: 0x000000ced2800000,0x000000ced2900000] [id=1960]
  0x0000028b4cc99800 GCTaskThread "GC Thread#2" [stack: 0x000000ced3300000,0x000000ced3400000] [id=7188]
  0x0000028b4cca7000 GCTaskThread "GC Thread#3" [stack: 0x000000ced3400000,0x000000ced3500000] [id=3352]
  0x0000028b2fdf5000 ConcurrentGCThread "G1 Main Marker" [stack: 0x000000ced1900000,0x000000ced1a00000] [id=2836]
  0x0000028b2fdf7000 ConcurrentGCThread "G1 Conc#0" [stack: 0x000000ced1a00000,0x000000ced1b00000] [id=9212]
  0x0000028b2fe4e000 ConcurrentGCThread "G1 Refine#0" [stack: 0x000000ced1b00000,0x000000ced1c00000] [id=7060]
  0x0000028b2fe4f800 ConcurrentGCThread "G1 Young RemSet Sampling" [stack: 0x000000ced1c00000,0x000000ced1d00000] [id=1076]

Threads with active compile tasks:
C2 CompilerThread0  38481 7044 % !   4       java.util.jar.Attributes::read @ 186 (390 bytes)

VM state:not at safepoint (normal execution)

VM Mutex/Monitor currently owned by a thread: None

Heap address: 0x0000000080000000, size: 2048 MB, Compressed Oops mode: 32-bit
Narrow klass base: 0x0000000000000000, Narrow klass shift: 3
Compressed class space size: 1073741824 Address: 0x0000000100000000

Heap:
 garbage-first heap   total 114688K, used 70639K [0x0000000080000000, 0x0000000100000000)
  region size 1024K, 5 young (5120K), 2 survivors (2048K)
 Metaspace       used 56416K, capacity 58249K, committed 58416K, reserved 1099776K
  class space    used 7225K, capacity 7780K, committed 7808K, reserved 1048576K
Heap Regions: E=young(eden), S=young(survivor), O=old, HS=humongous(starts), HC=humongous(continues), CS=collection set, F=free, A=archive, TAMS=top-at-mark-start (previous, next)
|   0|0x0000000080000000, 0x0000000080100000, 0x0000000080100000|100%| O|  |TAMS 0x0000000080100000, 0x0000000080000000| Untracked 
|   1|0x0000000080100000, 0x0000000080200000, 0x0000000080200000|100%| O|  |TAMS 0x0000000080200000, 0x0000000080100000| Untracked 
|   2|0x0000000080200000, 0x0000000080300000, 0x0000000080300000|100%| O|  |TAMS 0x0000000080300000, 0x0000000080200000| Untracked 
|   3|0x0000000080300000, 0x0000000080400000, 0x0000000080400000|100%|HS|  |TAMS 0x0000000080400000, 0x0000000080300000| Complete 
|   4|0x0000000080400000, 0x0000000080500000, 0x0000000080500000|100%|HC|  |TAMS 0x0000000080500000, 0x0000000080400000| Complete 
|   5|0x0000000080500000, 0x0000000080600000, 0x0000000080600000|100%|HC|  |TAMS 0x0000000080600000, 0x0000000080500000| Complete 
|   6|0x0000000080600000, 0x0000000080700000, 0x0000000080700000|100%| O|  |TAMS 0x0000000080700000, 0x0000000080600000| Untracked 
|   7|0x0000000080700000, 0x0000000080800000, 0x0000000080800000|100%| O|  |TAMS 0x0000000080800000, 0x0000000080700000| Untracked 
|   8|0x0000000080800000, 0x0000000080900000, 0x0000000080900000|100%| O|  |TAMS 0x0000000080900000, 0x0000000080800000| Untracked 
|   9|0x0000000080900000, 0x0000000080a00000, 0x0000000080a00000|100%| O|  |TAMS 0x0000000080a00000, 0x0000000080900000| Untracked 
|  10|0x0000000080a00000, 0x0000000080b00000, 0x0000000080b00000|100%| O|  |TAMS 0x0000000080b00000, 0x0000000080a00000| Untracked 
|  11|0x0000000080b00000, 0x0000000080c00000, 0x0000000080c00000|100%| O|  |TAMS 0x0000000080c00000, 0x0000000080b00000| Untracked 
|  12|0x0000000080c00000, 0x0000000080d00000, 0x0000000080d00000|100%| O|  |TAMS 0x0000000080d00000, 0x0000000080c00000| Untracked 
|  13|0x0000000080d00000, 0x0000000080e00000, 0x0000000080e00000|100%| O|  |TAMS 0x0000000080e00000, 0x0000000080d00000| Untracked 
|  14|0x0000000080e00000, 0x0000000080f00000, 0x0000000080f00000|100%| O|  |TAMS 0x0000000080f00000, 0x0000000080e00000| Untracked 
|  15|0x0000000080f00000, 0x0000000081000000, 0x0000000081000000|100%| O|  |TAMS 0x0000000081000000, 0x0000000080f00000| Untracked 
|  16|0x0000000081000000, 0x0000000081100000, 0x0000000081100000|100%| O|  |TAMS 0x0000000081100000, 0x0000000081000000| Untracked 
|  17|0x0000000081100000, 0x0000000081200000, 0x0000000081200000|100%|HS|  |TAMS 0x0000000081200000, 0x0000000081100000| Complete 
|  18|0x0000000081200000, 0x0000000081300000, 0x0000000081300000|100%|HC|  |TAMS 0x0000000081300000, 0x0000000081200000| Complete 
|  19|0x0000000081300000, 0x0000000081400000, 0x0000000081400000|100%|HS|  |TAMS 0x0000000081400000, 0x0000000081300000| Complete 
|  20|0x0000000081400000, 0x0000000081500000, 0x0000000081500000|100%|HC|  |TAMS 0x0000000081500000, 0x0000000081400000| Complete 
|  21|0x0000000081500000, 0x0000000081600000, 0x0000000081600000|100%|HC|  |TAMS 0x0000000081600000, 0x0000000081500000| Complete 
|  22|0x0000000081600000, 0x0000000081700000, 0x0000000081700000|100%|HS|  |TAMS 0x0000000081700000, 0x0000000081600000| Complete 
|  23|0x0000000081700000, 0x0000000081800000, 0x0000000081800000|100%|HC|  |TAMS 0x0000000081800000, 0x0000000081700000| Complete 
|  24|0x0000000081800000, 0x0000000081900000, 0x0000000081900000|100%|HC|  |TAMS 0x0000000081900000, 0x0000000081800000| Complete 
|  25|0x0000000081900000, 0x0000000081a00000, 0x0000000081a00000|100%|HC|  |TAMS 0x0000000081a00000, 0x0000000081900000| Complete 
|  26|0x0000000081a00000, 0x0000000081b00000, 0x0000000081b00000|100%| O|  |TAMS 0x0000000081b00000, 0x0000000081a00000| Untracked 
|  27|0x0000000081b00000, 0x0000000081c00000, 0x0000000081c00000|100%| O|  |TAMS 0x0000000081c00000, 0x0000000081b00000| Untracked 
|  28|0x0000000081c00000, 0x0000000081d00000, 0x0000000081d00000|100%| O|  |TAMS 0x0000000081d00000, 0x0000000081c00000| Untracked 
|  29|0x0000000081d00000, 0x0000000081e00000, 0x0000000081e00000|100%| O|  |TAMS 0x0000000081e00000, 0x0000000081d00000| Untracked 
|  30|0x0000000081e00000, 0x0000000081f00000, 0x0000000081f00000|100%| O|  |TAMS 0x0000000081f00000, 0x0000000081e00000| Untracked 
|  31|0x0000000081f00000, 0x0000000082000000, 0x0000000082000000|100%| O|  |TAMS 0x0000000082000000, 0x0000000081f00000| Untracked 
|  32|0x0000000082000000, 0x0000000082100000, 0x0000000082100000|100%| O|  |TAMS 0x0000000082100000, 0x0000000082000000| Untracked 
|  33|0x0000000082100000, 0x0000000082200000, 0x0000000082200000|100%| O|  |TAMS 0x0000000082200000, 0x0000000082100000| Untracked 
|  34|0x0000000082200000, 0x0000000082300000, 0x0000000082300000|100%| O|  |TAMS 0x0000000082300000, 0x0000000082200000| Untracked 
|  35|0x0000000082300000, 0x0000000082400000, 0x0000000082400000|100%| O|  |TAMS 0x0000000082400000, 0x0000000082300000| Untracked 
|  36|0x0000000082400000, 0x0000000082500000, 0x0000000082500000|100%| O|  |TAMS 0x0000000082500000, 0x0000000082400000| Untracked 
|  37|0x0000000082500000, 0x0000000082600000, 0x0000000082600000|100%| O|  |TAMS 0x0000000082600000, 0x0000000082500000| Untracked 
|  38|0x0000000082600000, 0x0000000082700000, 0x0000000082700000|100%| O|  |TAMS 0x0000000082700000, 0x0000000082600000| Untracked 
|  39|0x0000000082700000, 0x0000000082800000, 0x0000000082800000|100%| O|  |TAMS 0x0000000082800000, 0x0000000082700000| Untracked 
|  40|0x0000000082800000, 0x0000000082900000, 0x0000000082900000|100%| O|  |TAMS 0x0000000082900000, 0x0000000082800000| Untracked 
|  41|0x0000000082900000, 0x0000000082a00000, 0x0000000082a00000|100%| O|  |TAMS 0x0000000082a00000, 0x0000000082900000| Untracked 
|  42|0x0000000082a00000, 0x0000000082b00000, 0x0000000082b00000|100%|HS|  |TAMS 0x0000000082b00000, 0x0000000082a00000| Complete 
|  43|0x0000000082b00000, 0x0000000082c00000, 0x0000000082c00000|100%|HC|  |TAMS 0x0000000082c00000, 0x0000000082b00000| Complete 
|  44|0x0000000082c00000, 0x0000000082d00000, 0x0000000082d00000|100%|HC|  |TAMS 0x0000000082d00000, 0x0000000082c00000| Complete 
|  45|0x0000000082d00000, 0x0000000082e00000, 0x0000000082e00000|100%| O|  |TAMS 0x0000000082e00000, 0x0000000082d00000| Untracked 
|  46|0x0000000082e00000, 0x0000000082f00000, 0x0000000082f00000|100%| O|  |TAMS 0x0000000082f00000, 0x0000000082e00000| Untracked 
|  47|0x0000000082f00000, 0x0000000083000000, 0x0000000083000000|100%| O|  |TAMS 0x0000000083000000, 0x0000000082f00000| Untracked 
|  48|0x0000000083000000, 0x0000000083100000, 0x0000000083100000|100%| O|  |TAMS 0x0000000083100000, 0x0000000083000000| Untracked 
|  49|0x0000000083100000, 0x0000000083200000, 0x0000000083200000|100%| O|  |TAMS 0x0000000083200000, 0x0000000083100000| Untracked 
|  50|0x0000000083200000, 0x0000000083300000, 0x0000000083300000|100%| O|  |TAMS 0x0000000083300000, 0x0000000083200000| Untracked 
|  51|0x0000000083300000, 0x0000000083400000, 0x0000000083400000|100%|HS|  |TAMS 0x0000000083400000, 0x0000000083300000| Complete 
|  52|0x0000000083400000, 0x0000000083500000, 0x0000000083500000|100%|HC|  |TAMS 0x0000000083500000, 0x0000000083400000| Complete 
|  53|0x0000000083500000, 0x0000000083600000, 0x0000000083600000|100%|HC|  |TAMS 0x0000000083600000, 0x0000000083500000| Complete 
|  54|0x0000000083600000, 0x0000000083700000, 0x0000000083700000|100%|HC|  |TAMS 0x0000000083700000, 0x0000000083600000| Complete 
|  55|0x0000000083700000, 0x0000000083800000, 0x0000000083800000|100%| O|  |TAMS 0x0000000083800000, 0x0000000083700000| Untracked 
|  56|0x0000000083800000, 0x0000000083900000, 0x0000000083900000|100%| O|  |TAMS 0x0000000083900000, 0x0000000083800000| Untracked 
|  57|0x0000000083900000, 0x0000000083a00000, 0x0000000083a00000|100%| O|  |TAMS 0x0000000083a00000, 0x0000000083900000| Untracked 
|  58|0x0000000083a00000, 0x0000000083b00000, 0x0000000083b00000|100%| O|  |TAMS 0x0000000083b00000, 0x0000000083a00000| Untracked 
|  59|0x0000000083b00000, 0x0000000083c00000, 0x0000000083c00000|100%| O|  |TAMS 0x0000000083c00000, 0x0000000083b00000| Untracked 
|  60|0x0000000083c00000, 0x0000000083d00000, 0x0000000083d00000|100%|HS|  |TAMS 0x0000000083d00000, 0x0000000083c00000| Complete 
|  61|0x0000000083d00000, 0x0000000083e00000, 0x0000000083e00000|100%|HS|  |TAMS 0x0000000083e00000, 0x0000000083d00000| Complete 
|  62|0x0000000083e00000, 0x0000000083f00000, 0x0000000083f00000|100%|HS|  |TAMS 0x0000000083f00000, 0x0000000083e00000| Complete 
|  63|0x0000000083f00000, 0x0000000084000000, 0x0000000084000000|100%| O|  |TAMS 0x0000000084000000, 0x0000000083f00000| Untracked 
|  64|0x0000000084000000, 0x000000008406e600, 0x0000000084100000| 43%| O|  |TAMS 0x000000008406e600, 0x0000000084000000| Untracked 
|  65|0x0000000084100000, 0x0000000084200000, 0x0000000084200000|100%|HS|  |TAMS 0x0000000084100000, 0x0000000084100000| Complete 
|  66|0x0000000084200000, 0x0000000084200000, 0x0000000084300000|  0%| F|  |TAMS 0x0000000084200000, 0x0000000084200000| Untracked 
|  67|0x0000000084300000, 0x0000000084300000, 0x0000000084400000|  0%| F|  |TAMS 0x0000000084300000, 0x0000000084300000| Untracked 
|  68|0x0000000084400000, 0x0000000084400000, 0x0000000084500000|  0%| F|  |TAMS 0x0000000084400000, 0x0000000084400000| Untracked 
|  69|0x0000000084500000, 0x0000000084500000, 0x0000000084600000|  0%| F|  |TAMS 0x0000000084500000, 0x0000000084500000| Untracked 
|  70|0x0000000084600000, 0x0000000084600000, 0x0000000084700000|  0%| F|  |TAMS 0x0000000084600000, 0x0000000084600000| Untracked 
|  71|0x0000000084700000, 0x0000000084700000, 0x0000000084800000|  0%| F|  |TAMS 0x0000000084700000, 0x0000000084700000| Untracked 
|  72|0x0000000084800000, 0x0000000084800000, 0x0000000084900000|  0%| F|  |TAMS 0x0000000084800000, 0x0000000084800000| Untracked 
|  73|0x0000000084900000, 0x0000000084900000, 0x0000000084a00000|  0%| F|  |TAMS 0x0000000084900000, 0x0000000084900000| Untracked 
|  74|0x0000000084a00000, 0x0000000084a00000, 0x0000000084b00000|  0%| F|  |TAMS 0x0000000084a00000, 0x0000000084a00000| Untracked 
|  75|0x0000000084b00000, 0x0000000084b00000, 0x0000000084c00000|  0%| F|  |TAMS 0x0000000084b00000, 0x0000000084b00000| Untracked 
|  76|0x0000000084c00000, 0x0000000084c00000, 0x0000000084d00000|  0%| F|  |TAMS 0x0000000084c00000, 0x0000000084c00000| Untracked 
|  77|0x0000000084d00000, 0x0000000084d00000, 0x0000000084e00000|  0%| F|  |TAMS 0x0000000084d00000, 0x0000000084d00000| Untracked 
|  78|0x0000000084e00000, 0x0000000084e00000, 0x0000000084f00000|  0%| F|  |TAMS 0x0000000084e00000, 0x0000000084e00000| Untracked 
|  79|0x0000000084f00000, 0x0000000084f00000, 0x0000000085000000|  0%| F|  |TAMS 0x0000000084f00000, 0x0000000084f00000| Untracked 
|  80|0x0000000085000000, 0x0000000085000000, 0x0000000085100000|  0%| F|  |TAMS 0x0000000085000000, 0x0000000085000000| Untracked 
|  81|0x0000000085100000, 0x0000000085100000, 0x0000000085200000|  0%| F|  |TAMS 0x0000000085100000, 0x0000000085100000| Untracked 
|  82|0x0000000085200000, 0x0000000085200000, 0x0000000085300000|  0%| F|  |TAMS 0x0000000085200000, 0x0000000085200000| Untracked 
|  83|0x0000000085300000, 0x0000000085300000, 0x0000000085400000|  0%| F|  |TAMS 0x0000000085300000, 0x0000000085300000| Untracked 
|  84|0x0000000085400000, 0x0000000085400000, 0x0000000085500000|  0%| F|  |TAMS 0x0000000085400000, 0x0000000085400000| Untracked 
|  85|0x0000000085500000, 0x0000000085500000, 0x0000000085600000|  0%| F|  |TAMS 0x0000000085500000, 0x0000000085500000| Untracked 
|  86|0x0000000085600000, 0x0000000085600000, 0x0000000085700000|  0%| F|  |TAMS 0x0000000085600000, 0x0000000085600000| Untracked 
|  87|0x0000000085700000, 0x0000000085700000, 0x0000000085800000|  0%| F|  |TAMS 0x0000000085700000, 0x0000000085700000| Untracked 
|  88|0x0000000085800000, 0x0000000085800000, 0x0000000085900000|  0%| F|  |TAMS 0x0000000085800000, 0x0000000085800000| Untracked 
|  89|0x0000000085900000, 0x0000000085900000, 0x0000000085a00000|  0%| F|  |TAMS 0x0000000085900000, 0x0000000085900000| Untracked 
|  90|0x0000000085a00000, 0x0000000085a00000, 0x0000000085b00000|  0%| F|  |TAMS 0x0000000085a00000, 0x0000000085a00000| Untracked 
|  91|0x0000000085b00000, 0x0000000085b00000, 0x0000000085c00000|  0%| F|  |TAMS 0x0000000085b00000, 0x0000000085b00000| Untracked 
|  92|0x0000000085c00000, 0x0000000085c00000, 0x0000000085d00000|  0%| F|  |TAMS 0x0000000085c00000, 0x0000000085c00000| Untracked 
|  93|0x0000000085d00000, 0x0000000085d00000, 0x0000000085e00000|  0%| F|  |TAMS 0x0000000085d00000, 0x0000000085d00000| Untracked 
|  94|0x0000000085e00000, 0x0000000085e00000, 0x0000000085f00000|  0%| F|  |TAMS 0x0000000085e00000, 0x0000000085e00000| Untracked 
|  95|0x0000000085f00000, 0x0000000085f00000, 0x0000000086000000|  0%| F|  |TAMS 0x0000000085f00000, 0x0000000085f00000| Untracked 
|  96|0x0000000086000000, 0x0000000086000000, 0x0000000086100000|  0%| F|  |TAMS 0x0000000086000000, 0x0000000086000000| Untracked 
|  97|0x0000000086100000, 0x0000000086100000, 0x0000000086200000|  0%| F|  |TAMS 0x0000000086100000, 0x0000000086100000| Untracked 
|  98|0x0000000086200000, 0x0000000086200000, 0x0000000086300000|  0%| F|  |TAMS 0x0000000086200000, 0x0000000086200000| Untracked 
|  99|0x0000000086300000, 0x0000000086300000, 0x0000000086400000|  0%| F|  |TAMS 0x0000000086300000, 0x0000000086300000| Untracked 
| 100|0x0000000086400000, 0x0000000086400000, 0x0000000086500000|  0%| F|  |TAMS 0x0000000086400000, 0x0000000086400000| Untracked 
| 101|0x0000000086500000, 0x0000000086500000, 0x0000000086600000|  0%| F|  |TAMS 0x0000000086500000, 0x0000000086500000| Untracked 
| 102|0x0000000086600000, 0x0000000086600000, 0x0000000086700000|  0%| F|  |TAMS 0x0000000086600000, 0x0000000086600000| Untracked 
| 103|0x0000000086700000, 0x0000000086700000, 0x0000000086800000|  0%| F|  |TAMS 0x0000000086700000, 0x0000000086700000| Untracked 
| 104|0x0000000086800000, 0x0000000086800000, 0x0000000086900000|  0%| F|  |TAMS 0x0000000086800000, 0x0000000086800000| Untracked 
| 105|0x0000000086900000, 0x0000000086900000, 0x0000000086a00000|  0%| F|  |TAMS 0x0000000086900000, 0x0000000086900000| Untracked 
| 106|0x0000000086a00000, 0x0000000086a00000, 0x0000000086b00000|  0%| F|  |TAMS 0x0000000086a00000, 0x0000000086a00000| Untracked 
| 107|0x0000000086b00000, 0x0000000086b71520, 0x0000000086c00000| 44%| E|  |TAMS 0x0000000086b00000, 0x0000000086b00000| Complete 
| 108|0x0000000086c00000, 0x0000000086d00000, 0x0000000086d00000|100%| E|CS|TAMS 0x0000000086c00000, 0x0000000086c00000| Complete 
| 109|0x0000000086d00000, 0x0000000086d8d748, 0x0000000086e00000| 55%| S|CS|TAMS 0x0000000086d00000, 0x0000000086d00000| Complete 
| 110|0x0000000086e00000, 0x0000000086f00000, 0x0000000086f00000|100%| S|CS|TAMS 0x0000000086e00000, 0x0000000086e00000| Complete 
| 111|0x0000000086f00000, 0x0000000087000000, 0x0000000087000000|100%| E|CS|TAMS 0x0000000086f00000, 0x0000000086f00000| Complete 

Card table byte_map: [0x0000028b432d0000,0x0000028b436d0000] _byte_map_base: 0x0000028b42ed0000

Marking Bits (Prev, Next): (CMBitMap*) 0x0000028b2fdec0f8, (CMBitMap*) 0x0000028b2fdec130
 Prev Bits: [0x0000028b43ad0000, 0x0000028b45ad0000)
 Next Bits: [0x0000028b45ad0000, 0x0000028b47ad0000)

Polling page: 0x0000028b2e510000

Metaspace:

Usage:
  Non-class:     49.29 MB capacity,    48.04 MB ( 97%) used,     1.09 MB (  2%) free+waste,   160.13 KB ( <1%) overhead. 
      Class:      7.60 MB capacity,     7.06 MB ( 93%) used,   478.05 KB (  6%) free+waste,    76.00 KB ( <1%) overhead. 
       Both:     56.88 MB capacity,    55.09 MB ( 97%) used,     1.56 MB (  3%) free+waste,   236.13 KB ( <1%) overhead. 

Virtual space:
  Non-class space:       50.00 MB reserved,      49.42 MB ( 99%) committed 
      Class space:        1.00 GB reserved,       7.63 MB ( <1%) committed 
             Both:        1.05 GB reserved,      57.05 MB (  5%) committed 

Chunk freelists:
   Non-Class:  11.00 KB
       Class:  28.00 KB
        Both:  39.00 KB

MaxMetaspaceSize: 17179869184.00 GB
CompressedClassSpaceSize: 1.00 GB

CodeHeap 'non-profiled nmethods': size=120064Kb used=3727Kb max_used=3727Kb free=116336Kb
 bounds [0x0000028b3b370000, 0x0000028b3b720000, 0x0000028b428b0000]
CodeHeap 'profiled nmethods': size=120000Kb used=14341Kb max_used=14341Kb free=105658Kb
 bounds [0x0000028b33e40000, 0x0000028b34c50000, 0x0000028b3b370000]
CodeHeap 'non-nmethods': size=5696Kb used=2237Kb max_used=2266Kb free=3458Kb
 bounds [0x0000028b338b0000, 0x0000028b33b20000, 0x0000028b33e40000]
 total_blobs=7806 nmethods=6990 adapters=725
 compilation: enabled
              stopped_count=0, restarted_count=0
 full_count=0

Compilation events (20 events):
Event: 37.645 Thread 0x0000028b4a0f6000 nmethod 7036 0x0000028b34c36990 code [0x0000028b34c36c80, 0x0000028b34c37d78]
Event: 37.645 Thread 0x0000028b4a0f6000 7035       3       jdk.internal.loader.URLClassPath$JarLoader$1::run (5 bytes)
Event: 37.645 Thread 0x0000028b4a0f6000 nmethod 7035 0x0000028b34c38490 code [0x0000028b34c38640, 0x0000028b34c38788]
Event: 37.645 Thread 0x0000028b4a0f6000 7037       3       jdk.internal.loader.URLClassPath$JarLoader::getJarFile (102 bytes)
Event: 37.646 Thread 0x0000028b4a0f6000 nmethod 7037 0x0000028b34c38810 code [0x0000028b34c38b20, 0x0000028b34c39948]
Event: 37.646 Thread 0x0000028b4a0f6000 7038       3       jdk.internal.loader.URLClassPath$JarLoader::isOptimizable (10 bytes)
Event: 37.646 Thread 0x0000028b4a0f6000 nmethod 7038 0x0000028b34c39e90 code [0x0000028b34c3a040, 0x0000028b34c3a188]
Event: 37.646 Thread 0x0000028b4a0f6000 7039       3       jdk.internal.loader.FileURLMapper::<init> (10 bytes)
Event: 37.646 Thread 0x0000028b4a0f6000 nmethod 7039 0x0000028b34c3a290 code [0x0000028b34c3a440, 0x0000028b34c3a5f8]
Event: 37.646 Thread 0x0000028b4a0f6000 7040       3       jdk.internal.loader.FileURLMapper::exists (19 bytes)
Event: 37.646 Thread 0x0000028b4a0f6000 nmethod 7040 0x0000028b34c3a690 code [0x0000028b34c3a860, 0x0000028b34c3aa88]
Event: 37.681 Thread 0x0000028b4a0f6000 7041       3       jdk.internal.loader.URLClassPath$JarLoader::<init> (67 bytes)
Event: 37.682 Thread 0x0000028b4a0f6000 nmethod 7041 0x0000028b34c3ab90 code [0x0000028b34c3ae60, 0x0000028b34c3bc38]
Event: 37.682 Thread 0x0000028b4a0f6000 7042       3       jdk.internal.loader.URLClassPath$Loader::<init> (10 bytes)
Event: 37.682 Thread 0x0000028b4a0f6000 nmethod 7042 0x0000028b34c3c110 code [0x0000028b34c3c2c0, 0x0000028b34c3c478]
Event: 37.698 Thread 0x0000028b4a0f0000 7044 % !   4       java.util.jar.Attributes::read @ 186 (390 bytes)
Event: 37.698 Thread 0x0000028b4a0f6000 7043       3       java.util.jar.Manifest::read (340 bytes)
Event: 37.701 Thread 0x0000028b4a0f6000 nmethod 7043 0x0000028b34c3c510 code [0x0000028b34c3c900, 0x0000028b34c3e538]
Event: 37.777 Thread 0x0000028b4a0f6000 7045   !   3       java.util.jar.JarFile::checkForSpecialAttributes (163 bytes)
Event: 37.778 Thread 0x0000028b4a0f6000 nmethod 7045 0x0000028b34c3f090 code [0x0000028b34c3f3c0, 0x0000028b34c40658]

GC Heap History (20 events):
Event: 18.900 GC heap before
{Heap before GC invocations=27 (full 0):
 garbage-first heap   total 95232K, used 72499K [0x0000000080000000, 0x0000000100000000)
  region size 1024K, 25 young (25600K), 3 survivors (3072K)
 Metaspace       used 48605K, capacity 49942K, committed 50224K, reserved 1093632K
  class space    used 6265K, capacity 6753K, committed 6784K, reserved 1048576K
}
Event: 18.905 GC heap after
{Heap after GC invocations=28 (full 0):
 garbage-first heap   total 95232K, used 50510K [0x0000000080000000, 0x0000000100000000)
  region size 1024K, 2 young (2048K), 2 survivors (2048K)
 Metaspace       used 48605K, capacity 49942K, committed 50224K, reserved 1093632K
  class space    used 6265K, capacity 6753K, committed 6784K, reserved 1048576K
}
Event: 20.029 GC heap before
{Heap before GC invocations=29 (full 0):
 garbage-first heap   total 95232K, used 73038K [0x0000000080000000, 0x0000000100000000)
  region size 1024K, 24 young (24576K), 2 survivors (2048K)
 Metaspace       used 49898K, capacity 51475K, committed 51760K, reserved 1093632K
  class space    used 6407K, capacity 6943K, committed 7040K, reserved 1048576K
}
Event: 20.035 GC heap after
{Heap after GC invocations=30 (full 0):
 garbage-first heap   total 95232K, used 52213K [0x0000000080000000, 0x0000000100000000)
  region size 1024K, 3 young (3072K), 3 survivors (3072K)
 Metaspace       used 49898K, capacity 51475K, committed 51760K, reserved 1093632K
  class space    used 6407K, capacity 6943K, committed 7040K, reserved 1048576K
}
Event: 20.040 GC heap before
{Heap before GC invocations=30 (full 0):
 garbage-first heap   total 95232K, used 52213K [0x0000000080000000, 0x0000000100000000)
  region size 1024K, 5 young (5120K), 3 survivors (3072K)
 Metaspace       used 49912K, capacity 51475K, committed 51760K, reserved 1093632K
  class space    used 6412K, capacity 6943K, committed 7040K, reserved 1048576K
}
Event: 20.047 GC heap after
{Heap after GC invocations=31 (full 0):
 garbage-first heap   total 95232K, used 52735K [0x0000000080000000, 0x0000000100000000)
  region size 1024K, 1 young (1024K), 1 survivors (1024K)
 Metaspace       used 49912K, capacity 51475K, committed 51760K, reserved 1093632K
  class space    used 6412K, capacity 6943K, committed 7040K, reserved 1048576K
}
Event: 20.677 GC heap before
{Heap before GC invocations=32 (full 0):
 garbage-first heap   total 95232K, used 74239K [0x0000000080000000, 0x0000000100000000)
  region size 1024K, 21 young (21504K), 1 survivors (1024K)
 Metaspace       used 51339K, capacity 52965K, committed 53168K, reserved 1095680K
  class space    used 6507K, capacity 7055K, committed 7168K, reserved 1048576K
}
Event: 20.680 GC heap after
{Heap after GC invocations=33 (full 0):
 garbage-first heap   total 95232K, used 53358K [0x0000000080000000, 0x0000000100000000)
  region size 1024K, 2 young (2048K), 2 survivors (2048K)
 Metaspace       used 51339K, capacity 52965K, committed 53168K, reserved 1095680K
  class space    used 6507K, capacity 7055K, committed 7168K, reserved 1048576K
}
Event: 21.784 GC heap before
{Heap before GC invocations=33 (full 0):
 garbage-first heap   total 95232K, used 70766K [0x0000000080000000, 0x0000000100000000)
  region size 1024K, 20 young (20480K), 2 survivors (2048K)
 Metaspace       used 52177K, capacity 53836K, committed 54064K, reserved 1095680K
  class space    used 6646K, capacity 7175K, committed 7296K, reserved 1048576K
}
Event: 21.791 GC heap after
{Heap after GC invocations=34 (full 0):
 garbage-first heap   total 95232K, used 54775K [0x0000000080000000, 0x0000000100000000)
  region size 1024K, 3 young (3072K), 3 survivors (3072K)
 Metaspace       used 52177K, capacity 53836K, committed 54064K, reserved 1095680K
  class space    used 6646K, capacity 7175K, committed 7296K, reserved 1048576K
}
Event: 22.695 GC heap before
{Heap before GC invocations=35 (full 0):
 garbage-first heap   total 95232K, used 79351K [0x0000000080000000, 0x0000000100000000)
  region size 1024K, 23 young (23552K), 3 survivors (3072K)
 Metaspace       used 53136K, capacity 54802K, committed 54960K, reserved 1097728K
  class space    used 6796K, capacity 7307K, committed 7424K, reserved 1048576K
}
Event: 22.705 GC heap after
{Heap after GC invocations=36 (full 0):
 garbage-first heap   total 114688K, used 60270K [0x0000000080000000, 0x0000000100000000)
  region size 1024K, 3 young (3072K), 3 survivors (3072K)
 Metaspace       used 53136K, capacity 54802K, committed 54960K, reserved 1097728K
  class space    used 6796K, capacity 7307K, committed 7424K, reserved 1048576K
}
Event: 24.384 GC heap before
{Heap before GC invocations=36 (full 0):
 garbage-first heap   total 114688K, used 84846K [0x0000000080000000, 0x0000000100000000)
  region size 1024K, 28 young (28672K), 3 survivors (3072K)
 Metaspace       used 54922K, capacity 56625K, committed 56752K, reserved 1097728K
  class space    used 7084K, capacity 7615K, committed 7680K, reserved 1048576K
}
Event: 24.399 GC heap after
{Heap after GC invocations=37 (full 0):
 garbage-first heap   total 114688K, used 61222K [0x0000000080000000, 0x0000000100000000)
  region size 1024K, 3 young (3072K), 3 survivors (3072K)
 Metaspace       used 54922K, capacity 56625K, committed 56752K, reserved 1097728K
  class space    used 7084K, capacity 7615K, committed 7680K, reserved 1048576K
}
Event: 33.842 GC heap before
{Heap before GC invocations=38 (full 0):
 garbage-first heap   total 114688K, used 86822K [0x0000000080000000, 0x0000000100000000)
  region size 1024K, 29 young (29696K), 3 survivors (3072K)
 Metaspace       used 56040K, capacity 57788K, committed 57904K, reserved 1099776K
  class space    used 7191K, capacity 7740K, committed 7808K, reserved 1048576K
}
Event: 33.852 GC heap after
{Heap after GC invocations=39 (full 0):
 garbage-first heap   total 114688K, used 62870K [0x0000000080000000, 0x0000000100000000)
  region size 1024K, 3 young (3072K), 3 survivors (3072K)
 Metaspace       used 56040K, capacity 57788K, committed 57904K, reserved 1099776K
  class space    used 7191K, capacity 7740K, committed 7808K, reserved 1048576K
}
Event: 36.795 GC heap before
{Heap before GC invocations=39 (full 0):
 garbage-first heap   total 114688K, used 73110K [0x0000000080000000, 0x0000000100000000)
  region size 1024K, 15 young (15360K), 3 survivors (3072K)
 Metaspace       used 56405K, capacity 58249K, committed 58416K, reserved 1099776K
  class space    used 7225K, capacity 7780K, committed 7808K, reserved 1048576K
}
Event: 36.803 GC heap after
{Heap after GC invocations=40 (full 0):
 garbage-first heap   total 114688K, used 63801K [0x0000000080000000, 0x0000000100000000)
  region size 1024K, 3 young (3072K), 3 survivors (3072K)
 Metaspace       used 56405K, capacity 58249K, committed 58416K, reserved 1099776K
  class space    used 7225K, capacity 7780K, committed 7808K, reserved 1048576K
}
Event: 37.119 GC heap before
{Heap before GC invocations=41 (full 0):
 garbage-first heap   total 114688K, used 66873K [0x0000000080000000, 0x0000000100000000)
  region size 1024K, 4 young (4096K), 3 survivors (3072K)
 Metaspace       used 56405K, capacity 58249K, committed 58416K, reserved 1099776K
  class space    used 7225K, capacity 7780K, committed 7808K, reserved 1048576K
}
Event: 37.124 GC heap after
{Heap after GC invocations=42 (full 0):
 garbage-first heap   total 114688K, used 67567K [0x0000000080000000, 0x0000000100000000)
  region size 1024K, 2 young (2048K), 2 survivors (2048K)
 Metaspace       used 56405K, capacity 58249K, committed 58416K, reserved 1099776K
  class space    used 7225K, capacity 7780K, committed 7808K, reserved 1048576K
}

Deoptimization events (20 events):
Event: 31.125 Thread 0x0000028b4b91f000 DEOPT PACKING pc=0x0000028b3456c6f4 sp=0x000000ced46fd3f0
Event: 31.125 Thread 0x0000028b4b91f000 DEOPT UNPACKING pc=0x0000028b338d6d5e sp=0x000000ced46fc990 mode 0
Event: 31.741 Thread 0x0000028b4b91d800 DEOPT PACKING pc=0x0000028b3456c6f4 sp=0x000000ced48fdc40
Event: 31.741 Thread 0x0000028b4b91d800 DEOPT UNPACKING pc=0x0000028b338d6d5e sp=0x000000ced48fd1e0 mode 0
Event: 33.783 Thread 0x0000028b4c87c800 Uncommon trap: trap_request=0xffffff4d fr.pc=0x0000028b3b6e9890 relative=0x0000000000000230
Event: 33.783 Thread 0x0000028b4c87c800 Uncommon trap: reason=unstable_if action=reinterpret pc=0x0000028b3b6e9890 method=com.esotericsoftware.kryo.io.Output.writeString(Ljava/lang/CharSequence;)V @ 20 c2
Event: 33.783 Thread 0x0000028b4c87c800 DEOPT PACKING pc=0x0000028b3b6e9890 sp=0x000000ced30fef10
Event: 33.783 Thread 0x0000028b4c87c800 DEOPT UNPACKING pc=0x0000028b338d65af sp=0x000000ced30fee98 mode 2
Event: 33.821 Thread 0x0000028b4c808800 Uncommon trap: trap_request=0xffffff4d fr.pc=0x0000028b3b6f206c relative=0x00000000000001ac
Event: 33.821 Thread 0x0000028b4c808800 Uncommon trap: reason=unstable_if action=reinterpret pc=0x0000028b3b6f206c method=org.gradle.internal.snapshot.PathUtil.equalChars(CCLorg/gradle/internal/snapshot/CaseSensitivity;)Z @ 11 c2
Event: 33.821 Thread 0x0000028b4c808800 DEOPT PACKING pc=0x0000028b3b6f206c sp=0x000000ced2ff8a10
Event: 33.821 Thread 0x0000028b4c808800 DEOPT UNPACKING pc=0x0000028b338d65af sp=0x000000ced2ff89c0 mode 2
Event: 33.859 Thread 0x0000028b4c800800 DEOPT PACKING pc=0x0000028b3416637a sp=0x000000ced37fe340
Event: 33.859 Thread 0x0000028b4c800800 DEOPT UNPACKING pc=0x0000028b338d6d5e sp=0x000000ced37fd778 mode 0
Event: 36.997 Thread 0x0000028b4c808800 DEOPT PACKING pc=0x0000028b3433a92a sp=0x000000ced2fef780
Event: 36.998 Thread 0x0000028b4c808800 DEOPT UNPACKING pc=0x0000028b338d6d5e sp=0x000000ced2feed58 mode 0
Event: 37.144 Thread 0x0000028b4c808800 Uncommon trap: trap_request=0xffffff4d fr.pc=0x0000028b3b3cce2c relative=0x00000000000013ac
Event: 37.144 Thread 0x0000028b4c808800 Uncommon trap: reason=unstable_if action=reinterpret pc=0x0000028b3b3cce2c method=java.util.jar.JarFile.checkForSpecialAttributes()V @ 53 c2
Event: 37.144 Thread 0x0000028b4c808800 DEOPT PACKING pc=0x0000028b3b3cce2c sp=0x000000ced2fefd60
Event: 37.144 Thread 0x0000028b4c808800 DEOPT UNPACKING pc=0x0000028b338d65af sp=0x000000ced2fefd20 mode 2

Classes redefined (0 events):
No events

Internal exceptions (20 events):
Event: 37.146 Thread 0x0000028b4c808800 Exception <a 'java/security/PrivilegedActionException'{0x0000000086f545a8}> (0x0000000086f545a8) thrown at [./src/hotspot/share/prims/jvm.cpp, line 1306]
Event: 37.146 Thread 0x0000028b4c808800 Exception <a 'java/security/PrivilegedActionException'{0x0000000086f55b10}> (0x0000000086f55b10) thrown at [./src/hotspot/share/prims/jvm.cpp, line 1306]
Event: 37.146 Thread 0x0000028b4c808800 Exception <a 'java/security/PrivilegedActionException'{0x0000000086f58cc8}> (0x0000000086f58cc8) thrown at [./src/hotspot/share/prims/jvm.cpp, line 1306]
Event: 37.146 Thread 0x0000028b4c808800 Exception <a 'java/security/PrivilegedActionException'{0x0000000086f5a230}> (0x0000000086f5a230) thrown at [./src/hotspot/share/prims/jvm.cpp, line 1306]
Event: 37.147 Thread 0x0000028b4c808800 Exception <a 'java/security/PrivilegedActionException'{0x0000000086f5d420}> (0x0000000086f5d420) thrown at [./src/hotspot/share/prims/jvm.cpp, line 1306]
Event: 37.147 Thread 0x0000028b4c808800 Exception <a 'java/security/PrivilegedActionException'{0x0000000086f5e988}> (0x0000000086f5e988) thrown at [./src/hotspot/share/prims/jvm.cpp, line 1306]
Event: 37.147 Thread 0x0000028b4c808800 Exception <a 'java/security/PrivilegedActionException'{0x0000000086f61ae8}> (0x0000000086f61ae8) thrown at [./src/hotspot/share/prims/jvm.cpp, line 1306]
Event: 37.147 Thread 0x0000028b4c808800 Exception <a 'java/security/PrivilegedActionException'{0x0000000086f63050}> (0x0000000086f63050) thrown at [./src/hotspot/share/prims/jvm.cpp, line 1306]
Event: 37.699 Thread 0x0000028b4c808800 Exception <a 'java/security/PrivilegedActionException'{0x0000000086c43248}> (0x0000000086c43248) thrown at [./src/hotspot/share/prims/jvm.cpp, line 1306]
Event: 37.699 Thread 0x0000028b4c808800 Exception <a 'java/security/PrivilegedActionException'{0x0000000086c447b0}> (0x0000000086c447b0) thrown at [./src/hotspot/share/prims/jvm.cpp, line 1306]
Event: 37.699 Thread 0x0000028b4c808800 Exception <a 'java/security/PrivilegedActionException'{0x0000000086c47910}> (0x0000000086c47910) thrown at [./src/hotspot/share/prims/jvm.cpp, line 1306]
Event: 37.699 Thread 0x0000028b4c808800 Exception <a 'java/security/PrivilegedActionException'{0x0000000086c48e78}> (0x0000000086c48e78) thrown at [./src/hotspot/share/prims/jvm.cpp, line 1306]
Event: 37.699 Thread 0x0000028b4c808800 Exception <a 'java/security/PrivilegedActionException'{0x0000000086c4c090}> (0x0000000086c4c090) thrown at [./src/hotspot/share/prims/jvm.cpp, line 1306]
Event: 37.699 Thread 0x0000028b4c808800 Exception <a 'java/security/PrivilegedActionException'{0x0000000086c4d5f8}> (0x0000000086c4d5f8) thrown at [./src/hotspot/share/prims/jvm.cpp, line 1306]
Event: 37.699 Thread 0x0000028b4c808800 Exception <a 'java/security/PrivilegedActionException'{0x0000000086c50770}> (0x0000000086c50770) thrown at [./src/hotspot/share/prims/jvm.cpp, line 1306]
Event: 37.699 Thread 0x0000028b4c808800 Exception <a 'java/security/PrivilegedActionException'{0x0000000086c51cd8}> (0x0000000086c51cd8) thrown at [./src/hotspot/share/prims/jvm.cpp, line 1306]
Event: 37.700 Thread 0x0000028b4c808800 Exception <a 'java/security/PrivilegedActionException'{0x0000000086c54e90}> (0x0000000086c54e90) thrown at [./src/hotspot/share/prims/jvm.cpp, line 1306]
Event: 37.700 Thread 0x0000028b4c808800 Exception <a 'java/security/PrivilegedActionException'{0x0000000086c563f8}> (0x0000000086c563f8) thrown at [./src/hotspot/share/prims/jvm.cpp, line 1306]
Event: 37.700 Thread 0x0000028b4c808800 Exception <a 'java/security/PrivilegedActionException'{0x0000000086c59610}> (0x0000000086c59610) thrown at [./src/hotspot/share/prims/jvm.cpp, line 1306]
Event: 37.700 Thread 0x0000028b4c808800 Exception <a 'java/security/PrivilegedActionException'{0x0000000086c5ab78}> (0x0000000086c5ab78) thrown at [./src/hotspot/share/prims/jvm.cpp, line 1306]

Events (20 events):
Event: 36.757 loading class groovy/runtime/metaclass/org/gradle/api/tasks/Delete_DecoratedMetaClass
Event: 36.757 loading class groovy/runtime/metaclass/org/gradle/api/tasks/Delete_DecoratedMetaClass done
Event: 36.759 loading class org/gradle/api/tasks/Delete_DecoratedBeanInfo
Event: 36.759 loading class org/gradle/api/tasks/Delete_DecoratedBeanInfo done
Event: 36.760 loading class org/gradle/api/tasks/Delete_DecoratedBeanInfo
Event: 36.760 loading class org/gradle/api/tasks/Delete_DecoratedBeanInfo done
Event: 36.760 loading class org/gradle/api/tasks/Delete_DecoratedBeanInfo
Event: 36.760 loading class org/gradle/api/tasks/Delete_DecoratedBeanInfo done
Event: 36.794 Executing VM operation: G1CollectForAllocation
Event: 36.803 Executing VM operation: G1CollectForAllocation done
Event: 36.880 Executing VM operation: CGC_Operation
Event: 36.890 Executing VM operation: CGC_Operation done
Event: 36.941 Executing VM operation: CGC_Operation
Event: 36.941 Executing VM operation: CGC_Operation done
Event: 37.118 Executing VM operation: G1CollectForAllocation
Event: 37.124 Executing VM operation: G1CollectForAllocation done
Event: 37.201 Executing VM operation: CGC_Operation
Event: 37.209 Executing VM operation: CGC_Operation done
Event: 37.248 Executing VM operation: CGC_Operation
Event: 37.248 Executing VM operation: CGC_Operation done


Dynamic libraries:
0x00007ff68a270000 - 0x00007ff68a27a000 	C:\Program Files\Android\Android Studio1\jre\bin\java.exe
0x00007ffd8e0f0000 - 0x00007ffd8e2e5000 	C:\WINDOWS\SYSTEM32\ntdll.dll
0x00007ffd8c690000 - 0x00007ffd8c74e000 	C:\WINDOWS\System32\KERNEL32.DLL
0x00007ffd8b910000 - 0x00007ffd8bbd8000 	C:\WINDOWS\System32\KERNELBASE.dll
0x00007ffd8b810000 - 0x00007ffd8b910000 	C:\WINDOWS\System32\ucrtbase.dll
0x00007ffd7e3a0000 - 0x00007ffd7e3b9000 	C:\Program Files\Android\Android Studio1\jre\bin\jli.dll
0x00007ffd7e380000 - 0x00007ffd7e397000 	C:\Program Files\Android\Android Studio1\jre\bin\VCRUNTIME140.dll
0x00007ffd8d2d0000 - 0x00007ffd8d470000 	C:\WINDOWS\System32\USER32.dll
0x00007ffd8bf50000 - 0x00007ffd8bf72000 	C:\WINDOWS\System32\win32u.dll
0x00007ffd84050000 - 0x00007ffd842ea000 	C:\WINDOWS\WinSxS\amd64_microsoft.windows.common-controls_6595b64144ccf1df_6.0.19041.1110_none_60b5254171f9507e\COMCTL32.dll
0x00007ffd8cfc0000 - 0x00007ffd8cfea000 	C:\WINDOWS\System32\GDI32.dll
0x00007ffd8c150000 - 0x00007ffd8c1ee000 	C:\WINDOWS\System32\msvcrt.dll
0x00007ffd8bff0000 - 0x00007ffd8c0fb000 	C:\WINDOWS\System32\gdi32full.dll
0x00007ffd8bdf0000 - 0x00007ffd8be8d000 	C:\WINDOWS\System32\msvcp_win.dll
0x00007ffd8c1f0000 - 0x00007ffd8c220000 	C:\WINDOWS\System32\IMM32.DLL
0x00007ffd6f250000 - 0x00007ffd6f2ed000 	C:\Program Files\Android\Android Studio1\jre\bin\msvcp140.dll
0x00007ffd660a0000 - 0x00007ffd66b75000 	C:\Program Files\Android\Android Studio1\jre\bin\server\jvm.dll
0x00007ffd8d070000 - 0x00007ffd8d11e000 	C:\WINDOWS\System32\ADVAPI32.dll
0x00007ffd8cd60000 - 0x00007ffd8cdfc000 	C:\WINDOWS\System32\sechost.dll
0x00007ffd8d470000 - 0x00007ffd8d595000 	C:\WINDOWS\System32\RPCRT4.dll
0x00007ffd8c750000 - 0x00007ffd8c758000 	C:\WINDOWS\System32\PSAPI.DLL
0x00007ffd86090000 - 0x00007ffd8609a000 	C:\WINDOWS\SYSTEM32\VERSION.dll
0x00007ffd85bb0000 - 0x00007ffd85bd7000 	C:\WINDOWS\SYSTEM32\WINMM.dll
0x00007ffd85280000 - 0x00007ffd85289000 	C:\WINDOWS\SYSTEM32\WSOCK32.dll
0x00007ffd8cf50000 - 0x00007ffd8cfbb000 	C:\WINDOWS\System32\WS2_32.dll
0x00007ffd89670000 - 0x00007ffd89682000 	C:\WINDOWS\SYSTEM32\kernel.appcore.dll
0x00007ffd872f0000 - 0x00007ffd87301000 	C:\Program Files\Android\Android Studio1\jre\bin\verify.dll
0x00007ffd7d930000 - 0x00007ffd7db14000 	C:\WINDOWS\SYSTEM32\DBGHELP.DLL
0x00007ffd7d840000 - 0x00007ffd7d86c000 	C:\WINDOWS\SYSTEM32\dbgcore.DLL
0x00007ffd8bec0000 - 0x00007ffd8bf42000 	C:\WINDOWS\System32\bcryptPrimitives.dll
0x00007ffd852a0000 - 0x00007ffd852c9000 	C:\Program Files\Android\Android Studio1\jre\bin\java.dll
0x00007ffd89180000 - 0x00007ffd8918b000 	C:\Program Files\Android\Android Studio1\jre\bin\jimage.dll
0x00007ffd845e0000 - 0x00007ffd845f8000 	C:\Program Files\Android\Android Studio1\jre\bin\zip.dll
0x00007ffd8d5a0000 - 0x00007ffd8dce4000 	C:\WINDOWS\System32\SHELL32.dll
0x00007ffd89950000 - 0x00007ffd8a0e4000 	C:\WINDOWS\SYSTEM32\windows.storage.dll
0x00007ffd8c760000 - 0x00007ffd8cab4000 	C:\WINDOWS\System32\combase.dll
0x00007ffd8b1b0000 - 0x00007ffd8b1dc000 	C:\WINDOWS\SYSTEM32\Wldp.dll
0x00007ffd8cbe0000 - 0x00007ffd8cc8d000 	C:\WINDOWS\System32\SHCORE.dll
0x00007ffd8cef0000 - 0x00007ffd8cf45000 	C:\WINDOWS\System32\shlwapi.dll
0x00007ffd8b750000 - 0x00007ffd8b76f000 	C:\WINDOWS\SYSTEM32\profapi.dll
0x00007ffd845c0000 - 0x00007ffd845da000 	C:\Program Files\Android\Android Studio1\jre\bin\net.dll
0x00007ffd83890000 - 0x00007ffd8399a000 	C:\WINDOWS\SYSTEM32\WINHTTP.dll
0x00007ffd8af10000 - 0x00007ffd8af7a000 	C:\WINDOWS\system32\mswsock.dll
0x00007ffd844f0000 - 0x00007ffd84504000 	C:\Program Files\Android\Android Studio1\jre\bin\nio.dll
0x00007ffd7e7b0000 - 0x00007ffd7e7d7000 	C:\Users\giorgi\.gradle\native\e1d6ef7f7dcc3fd88c89a11ec53ec762bb8ba0a96d01ffa2cd45eb1d1d8dd5c5\windows-amd64\native-platform.dll
0x00007ffd69460000 - 0x00007ffd695a4000 	C:\Users\giorgi\.gradle\native\5664cfc778a61ccfe75a443a1ab52a65af34e5dc3c78e0209fed803814484fcb\windows-amd64\native-platform-file-events.dll
0x00007ffd87580000 - 0x00007ffd8758a000 	C:\Program Files\Android\Android Studio1\jre\bin\management.dll
0x00007ffd872e0000 - 0x00007ffd872ed000 	C:\Program Files\Android\Android Studio1\jre\bin\management_ext.dll
0x00007ffd8b100000 - 0x00007ffd8b118000 	C:\WINDOWS\SYSTEM32\CRYPTSP.dll
0x00007ffd8a890000 - 0x00007ffd8a8c4000 	C:\WINDOWS\system32\rsaenh.dll
0x00007ffd8be90000 - 0x00007ffd8beb7000 	C:\WINDOWS\System32\bcrypt.dll
0x00007ffd8b710000 - 0x00007ffd8b73e000 	C:\WINDOWS\SYSTEM32\USERENV.dll
0x00007ffd8b120000 - 0x00007ffd8b12c000 	C:\WINDOWS\SYSTEM32\CRYPTBASE.dll
0x00007ffd8ac00000 - 0x00007ffd8ac3b000 	C:\WINDOWS\SYSTEM32\IPHLPAPI.DLL
0x00007ffd8d060000 - 0x00007ffd8d068000 	C:\WINDOWS\System32\NSI.dll
0x00007ffd85140000 - 0x00007ffd85157000 	C:\WINDOWS\SYSTEM32\dhcpcsvc6.DLL
0x00007ffd84f60000 - 0x00007ffd84f7d000 	C:\WINDOWS\SYSTEM32\dhcpcsvc.DLL
0x00007ffd8ac40000 - 0x00007ffd8ad0b000 	C:\WINDOWS\SYSTEM32\DNSAPI.dll

dbghelp: loaded successfully - version: 4.0.5 - missing functions: none
symbol engine: initialized successfully - sym options: 0x614 - pdb path: .;C:\Program Files\Android\Android Studio1\jre\bin;C:\WINDOWS\SYSTEM32;C:\WINDOWS\WinSxS\amd64_microsoft.windows.common-controls_6595b64144ccf1df_6.0.19041.1110_none_60b5254171f9507e;C:\Program Files\Android\Android Studio1\jre\bin\server;C:\Users\giorgi\.gradle\native\e1d6ef7f7dcc3fd88c89a11ec53ec762bb8ba0a96d01ffa2cd45eb1d1d8dd5c5\windows-amd64;C:\Users\giorgi\.gradle\native\5664cfc778a61ccfe75a443a1ab52a65af34e5dc3c78e0209fed803814484fcb\windows-amd64

VM Arguments:
jvm_args: --add-opens=java.base/java.util=ALL-UNNAMED --add-opens=java.base/java.lang=ALL-UNNAMED --add-opens=java.base/java.lang.invoke=ALL-UNNAMED --add-opens=java.base/java.util=ALL-UNNAMED --add-opens=java.prefs/java.util.prefs=ALL-UNNAMED --add-opens=java.prefs/java.util.prefs=ALL-UNNAMED --add-opens=java.base/java.nio.charset=ALL-UNNAMED --add-opens=java.base/java.net=ALL-UNNAMED --add-opens=java.base/java.util.concurrent.atomic=ALL-UNNAMED -Xmx2048m -Dfile.encoding=UTF-8 -Duser.country=US -Duser.language=en -Duser.variant 
java_command: org.gradle.launcher.daemon.bootstrap.GradleDaemon 7.2
java_class_path (initial): C:\Users\giorgi\.gradle\wrapper\dists\gradle-7.2-bin\2dnblmf4td7x66yl1d74lt32g\gradle-7.2\lib\gradle-launcher-7.2.jar
Launcher Type: SUN_STANDARD

[Global flags]
     intx CICompilerCount                          = 3                                         {product} {ergonomic}
     uint ConcGCThreads                            = 1                                         {product} {ergonomic}
     uint G1ConcRefinementThreads                  = 4                                         {product} {ergonomic}
   size_t G1HeapRegionSize                         = 1048576                                   {product} {ergonomic}
    uintx GCDrainStackTargetSize                   = 64                                        {product} {ergonomic}
   size_t InitialHeapSize                          = 67108864                                  {product} {ergonomic}
   size_t MarkStackSize                            = 4194304                                   {product} {ergonomic}
   size_t MaxHeapSize                              = 2147483648                                {product} {command line}
   size_t MaxNewSize                               = 1287651328                                {product} {ergonomic}
   size_t MinHeapDeltaBytes                        = 1048576                                   {product} {ergonomic}
    uintx NonNMethodCodeHeapSize                   = 5830732                                {pd product} {ergonomic}
    uintx NonProfiledCodeHeapSize                  = 122913754                              {pd product} {ergonomic}
    uintx ProfiledCodeHeapSize                     = 122913754                              {pd product} {ergonomic}
    uintx ReservedCodeCacheSize                    = 251658240                              {pd product} {ergonomic}
     bool SegmentedCodeCache                       = true                                      {product} {ergonomic}
     bool UseCompressedClassPointers               = true                                 {lp64_product} {ergonomic}
     bool UseCompressedOops                        = true                                 {lp64_product} {ergonomic}
     bool UseG1GC                                  = true                                      {product} {ergonomic}
     bool UseLargePagesIndividualAllocation        = false                                  {pd product} {ergonomic}

Logging:
Log output configuration:
 #0: stdout all=warning uptime,level,tags
 #1: stderr all=off uptime,level,tags

Environment Variables:
PATH=C:\Program Files (x86)\Common Files\Oracle\Java\javapath;C:\Program Files (x86)\VMware\VMware Workstation\bin\;C:\WINDOWS\system32;C:\WINDOWS;C:\WINDOWS\System32\Wbem;C:\WINDOWS\System32\WindowsPowerShell\v1.0\;C:\WINDOWS\System32\OpenSSH\;C:\Program Files\Git\cmd;C:\Program Files\Go\bin;C:\Users\giorgi\AppData\Local\Microsoft\WindowsApps;C:\Users\giorgi\AppData\Local\Programs\Microsoft VS Code\bin;C:\Flutter\flutter\bin;C:\Users\giorgi\go\bin
USERNAME=giorgi
OS=Windows_NT
PROCESSOR_IDENTIFIER=Intel64 Family 6 Model 42 Stepping 7, GenuineIntel



---------------  S Y S T E M  ---------------

OS: Windows 10 , 64 bit Build 19041 (10.0.19041.1645)
OS uptime: 0 days 13:26 hours

CPU:total 4 (initial active 4) (2 cores per cpu, 2 threads per core) family 6 model 42 stepping 7 microcode 0x2f, cmov, cx8, fxsr, mmx, sse, sse2, sse3, ssse3, sse4.1, sse4.2, popcnt, avx, clmul, ht, tsc, tscinvbit

Memory: 4k page, system-wide physical 4078M (286M free)
TotalPageFile size 4078M (AvailPageFile size 5M)
current process WorkingSet (physical memory assigned to process): 164M, peak: 258M
current process commit charge ("private bytes"): 306M, peak: 311M

vm_info: OpenJDK 64-Bit Server VM (11.0.11+9-b60-7590822) for windows-amd64 JRE (11.0.11+9-b60-7590822), built on Jul 29 2021 21:43:44 by "builder" with MS VC++ 14.0 (VS2015)

END.
