#
# There is insufficient memory for the Java Runtime Environment to continue.
# Native memory allocation (malloc) failed to allocate 780176 bytes for Chunk::new
# Possible reasons:
#   The system is out of physical RAM or swap space
#   The process is running with CompressedOops enabled, and the Java Heap may be blocking the growth of the native heap
# Possible solutions:
#   Reduce memory load on the system
#   Increase physical memory or swap space
#   Check if swap backing store is full
#   Decrease Java heap size (-Xmx/-Xms)
#   Decrease number of Java threads
#   Decrease Java thread stack sizes (-Xss)
#   Set larger code cache with -XX:ReservedCodeCacheSize=
#   JVM is running with Unscaled Compressed Oops mode in which the Java heap is
#     placed in the first 4GB address space. The Java Heap base address is the
#     maximum limit for the native heap growth. Please use -XX:HeapBaseMinAddress
#     to set the Java Heap base and to place the Java Heap above 4GB virtual address.
# This output file may be truncated or incomplete.
#
#  Out of Memory Error (./src/hotspot/share/memory/arena.cpp:197), pid=6576, tid=1592
#
# JRE version: OpenJDK Runtime Environment (11.0.11+9) (build 11.0.11+9-b60-7590822)
# Java VM: OpenJDK 64-Bit Server VM (11.0.11+9-b60-7590822, mixed mode, tiered, compressed oops, g1 gc, windows-amd64)
# No core dump will be written. Minidumps are not enabled by default on client versions of Windows
#

---------------  S U M M A R Y ------------

Command Line: --add-opens=java.base/java.util=ALL-UNNAMED --add-opens=java.base/java.lang=ALL-UNNAMED --add-opens=java.base/java.lang.invoke=ALL-UNNAMED --add-opens=java.base/java.util=ALL-UNNAMED --add-opens=java.prefs/java.util.prefs=ALL-UNNAMED --add-opens=java.prefs/java.util.prefs=ALL-UNNAMED --add-opens=java.base/java.nio.charset=ALL-UNNAMED --add-opens=java.base/java.net=ALL-UNNAMED --add-opens=java.base/java.util.concurrent.atomic=ALL-UNNAMED -Xmx2048m -Dfile.encoding=UTF-8 -Duser.country=US -Duser.language=en -Duser.variant org.gradle.launcher.daemon.bootstrap.GradleDaemon 7.2

Host: Intel(R) Core(TM) i3-2120 CPU @ 3.30GHz, 4 cores, 3G,  Windows 10 , 64 bit Build 19041 (10.0.19041.1645)
Time: Wed Apr 27 01:43:47 2022 Georgian Standard Time elapsed time: 62.934795 seconds (0d 0h 1m 2s)

---------------  T H R E A D  ---------------

Current thread (0x00000237f885b000):  JavaThread "C2 CompilerThread0" daemon [_thread_in_native, id=1592, stack(0x000000a8d0300000,0x000000a8d0400000)]


Current CompileTask:
C2:  62935 14336   !   4       org.gradle.internal.classloader.CachingClassLoader::loadClass (85 bytes)

Stack: [0x000000a8d0300000,0x000000a8d0400000]
Native frames: (J=compiled Java code, j=interpreted, Vv=VM code, C=native code)
V  [jvm.dll+0x5f214a]
V  [jvm.dll+0x726fb5]
V  [jvm.dll+0x7285cd]
V  [jvm.dll+0x728c83]
V  [jvm.dll+0x243278]
V  [jvm.dll+0xbc53c]
V  [jvm.dll+0xbca3c]
V  [jvm.dll+0x2b5c34]
V  [jvm.dll+0x508488]
V  [jvm.dll+0x1fd826]
V  [jvm.dll+0x1fb35f]
V  [jvm.dll+0x183d6c]
V  [jvm.dll+0x209a57]
V  [jvm.dll+0x2082a1]
V  [jvm.dll+0x6ef58f]
V  [jvm.dll+0x6e80b5]
V  [jvm.dll+0x5f1036]
C  [ucrtbase.dll+0x21bb2]
C  [KERNEL32.DLL+0x17034]
C  [ntdll.dll+0x52651]


---------------  P R O C E S S  ---------------

Threads class SMR info:
_java_thread_list=0x00000237809533e0, length=86, elements={
0x00000237dcce4800, 0x00000237f87ee000, 0x00000237f87f7800, 0x00000237f884b800,
0x00000237f884c800, 0x00000237f884f000, 0x00000237f885b000, 0x00000237f885e800,
0x00000237f886a800, 0x00000237f92ce800, 0x00000237fbcf3000, 0x00000237fafd4800,
0x00000237fc8a4000, 0x00000237fb470000, 0x00000237fb7aa800, 0x00000237fb55f800,
0x00000237faf52800, 0x00000237faf53000, 0x00000237f885f000, 0x00000237f8863000,
0x00000237f8861000, 0x00000237f8861800, 0x00000237f8862800, 0x00000237f8865000,
0x00000237fcc78000, 0x00000237fcc74000, 0x00000237fcc75000, 0x00000237fcc73000,
0x00000237fcc79800, 0x00000237fcc7a800, 0x00000237fcc76800, 0x00000237fcc7c000,
0x00000237fcc80800, 0x00000237fcc7d000, 0x00000237fcc79000, 0x00000237fcc7e800,
0x00000237fcc7f800, 0x00000237f8860000, 0x00000237ff3d3000, 0x00000237ff3ce800,
0x00000237ff3d3800, 0x00000237ff3d0800, 0x00000237ff3d1000, 0x00000237ff3cf800,
0x00000237ff3d2000, 0x00000237ff3ce000, 0x00000237ff3d8800, 0x00000237ff3d9800,
0x00000237ff3da000, 0x00000237ff3d7800, 0x00000237ff3d5000, 0x00000237ff3d4800,
0x00000237ff3db000, 0x00000237ff3dc000, 0x00000237ff3d6000, 0x00000237ff3d7000,
0x00000237ff3dc800, 0x00000237f9a06800, 0x00000237f9a02800, 0x00000237f9a03800,
0x00000237f9a04000, 0x00000237f9a01800, 0x00000237f9a0a000, 0x00000237f9a05800,
0x00000237f9a0a800, 0x00000237f9a05000, 0x00000237f9a0c800, 0x00000237f9a08000,
0x00000237f9a09000, 0x00000237f9a07800, 0x00000237f9a0d000, 0x00000237f9a0e800,
0x00000237f9a0f800, 0x00000237f9a0b800, 0x00000237f9a0e000, 0x00000237f996f000,
0x00000237f9970000, 0x00000237f9972800, 0x00000237f9971800, 0x00000237f996e800,
0x00000237f9973800, 0x00000237f997a000, 0x00000237f9977800, 0x00000237f9978000,
0x00000237f9975000, 0x00000237f9974000
}

Java Threads: ( => current thread )
  0x00000237dcce4800 JavaThread "main" [_thread_blocked, id=5412, stack(0x000000a8cf700000,0x000000a8cf800000)]
  0x00000237f87ee000 JavaThread "Reference Handler" daemon [_thread_blocked, id=4600, stack(0x000000a8cfe00000,0x000000a8cff00000)]
  0x00000237f87f7800 JavaThread "Finalizer" daemon [_thread_blocked, id=2560, stack(0x000000a8cff00000,0x000000a8d0000000)]
  0x00000237f884b800 JavaThread "Signal Dispatcher" daemon [_thread_blocked, id=5492, stack(0x000000a8d0000000,0x000000a8d0100000)]
  0x00000237f884c800 JavaThread "Attach Listener" daemon [_thread_blocked, id=4868, stack(0x000000a8d0100000,0x000000a8d0200000)]
  0x00000237f884f000 JavaThread "Service Thread" daemon [_thread_blocked, id=1624, stack(0x000000a8d0200000,0x000000a8d0300000)]
=>0x00000237f885b000 JavaThread "C2 CompilerThread0" daemon [_thread_in_native, id=1592, stack(0x000000a8d0300000,0x000000a8d0400000)]
  0x00000237f885e800 JavaThread "C1 CompilerThread0" daemon [_thread_blocked, id=1328, stack(0x000000a8d0400000,0x000000a8d0500000)]
  0x00000237f886a800 JavaThread "Sweeper thread" daemon [_thread_blocked, id=4100, stack(0x000000a8d0500000,0x000000a8d0600000)]
  0x00000237f92ce800 JavaThread "Common-Cleaner" daemon [_thread_blocked, id=328, stack(0x000000a8d0600000,0x000000a8d0700000)]
  0x00000237fbcf3000 JavaThread "Daemon health stats" [_thread_blocked, id=4520, stack(0x000000a8d0a00000,0x000000a8d0b00000)]
  0x00000237fafd4800 JavaThread "Incoming local TCP Connector on port 49915" [_thread_in_native, id=1644, stack(0x000000a8d0b00000,0x000000a8d0c00000)]
  0x00000237fc8a4000 JavaThread "Daemon periodic checks" [_thread_blocked, id=4880, stack(0x000000a8d0c00000,0x000000a8d0d00000)]
  0x00000237fb470000 JavaThread "Daemon" [_thread_blocked, id=6136, stack(0x000000a8d0d00000,0x000000a8d0e00000)]
  0x00000237fb7aa800 JavaThread "Handler for socket connection from /127.0.0.1:49915 to /127.0.0.1:49916" [_thread_in_native, id=2900, stack(0x000000a8d0e00000,0x000000a8d0f00000)]
  0x00000237fb55f800 JavaThread "Cancel handler" [_thread_blocked, id=5312, stack(0x000000a8d0f00000,0x000000a8d1000000)]
  0x00000237faf52800 JavaThread "Daemon worker" [_thread_blocked, id=5048, stack(0x000000a8d1000000,0x000000a8d1100000)]
  0x00000237faf53000 JavaThread "Asynchronous log dispatcher for DefaultDaemonConnection: socket connection from /127.0.0.1:49915 to /127.0.0.1:49916" [_thread_blocked, id=1156, stack(0x000000a8d1100000,0x000000a8d1200000)]
  0x00000237f885f000 JavaThread "Daemon client event forwarder" [_thread_blocked, id=4344, stack(0x000000a8d1300000,0x000000a8d1400000)]
  0x00000237f8863000 JavaThread "Cache worker for journal cache (C:\Users\giorgi\.gradle\caches\journal-1)" [_thread_blocked, id=5616, stack(0x000000a8d1600000,0x000000a8d1700000)]
  0x00000237f8861000 JavaThread "File lock request listener" [_thread_in_native, id=6456, stack(0x000000a8d1700000,0x000000a8d1800000)]
  0x00000237f8861800 JavaThread "Cache worker for file hash cache (C:\Users\giorgi\.gradle\caches\7.2\fileHashes)" [_thread_blocked, id=3064, stack(0x000000a8d1800000,0x000000a8d1900000)]
  0x00000237f8862800 JavaThread "Cache worker for file hash cache (C:\Users\giorgi\StudioProjects\altaapp\.gradle\7.2\fileHashes)" [_thread_blocked, id=6928, stack(0x000000a8d1900000,0x000000a8d1a00000)]
  0x00000237f8865000 JavaThread "File watcher server" daemon [_thread_in_native, id=4860, stack(0x000000a8d1a00000,0x000000a8d1b00000)]
  0x00000237fcc78000 JavaThread "File watcher consumer" daemon [_thread_blocked, id=2936, stack(0x000000a8d1b00000,0x000000a8d1c00000)]
  0x00000237fcc74000 JavaThread "Cache worker for checksums cache (C:\Users\giorgi\StudioProjects\altaapp\.gradle\checksums)" [_thread_blocked, id=2488, stack(0x000000a8d0800000,0x000000a8d0900000)]
  0x00000237fcc75000 JavaThread "Cache worker for cache directory md-supplier (C:\Users\giorgi\.gradle\caches\7.2\md-supplier)" [_thread_blocked, id=1952, stack(0x000000a8d1c00000,0x000000a8d1d00000)]
  0x00000237fcc73000 JavaThread "Cache worker for cache directory md-rule (C:\Users\giorgi\.gradle\caches\7.2\md-rule)" [_thread_blocked, id=5200, stack(0x000000a8d1e00000,0x000000a8d1f00000)]
  0x00000237fcc79800 JavaThread "Cache worker for execution history cache (C:\Users\giorgi\.gradle\caches\7.2\executionHistory)" [_thread_blocked, id=6304, stack(0x000000a8d1f00000,0x000000a8d2000000)]
  0x00000237fcc7a800 JavaThread "jar transforms" [_thread_blocked, id=7108, stack(0x000000a8d2000000,0x000000a8d2100000)]
  0x00000237fcc76800 JavaThread "Cache worker for file content cache (C:\Users\giorgi\.gradle\caches\7.2\fileContent)" [_thread_blocked, id=2892, stack(0x000000a8d2100000,0x000000a8d2200000)]
  0x00000237fcc7c000 JavaThread "jar transforms Thread 2" [_thread_blocked, id=4552, stack(0x000000a8d2200000,0x000000a8d2300000)]
  0x00000237fcc80800 JavaThread "Cache worker for dependencies-accessors (C:\Users\giorgi\StudioProjects\altaapp\.gradle\7.2\dependencies-accessors)" [_thread_blocked, id=2428, stack(0x000000a8d2300000,0x000000a8d2400000)]
  0x00000237fcc7d000 JavaThread "jar transforms Thread 3" [_thread_blocked, id=772, stack(0x000000a8d2400000,0x000000a8d2500000)]
  0x00000237fcc79000 JavaThread "Cache worker for Build Output Cleanup Cache (C:\Users\giorgi\StudioProjects\altaapp\.gradle\buildOutputCleanup)" [_thread_blocked, id=836, stack(0x000000a8d2500000,0x000000a8d2600000)]
  0x00000237fcc7e800 JavaThread "Unconstrained build operations" [_thread_blocked, id=4916, stack(0x000000a8d1d00000,0x000000a8d1e00000)]
  0x00000237fcc7f800 JavaThread "Unconstrained build operations Thread 2" [_thread_blocked, id=2600, stack(0x000000a8d2600000,0x000000a8d2700000)]
  0x00000237f8860000 JavaThread "Unconstrained build operations Thread 3" [_thread_blocked, id=6912, stack(0x000000a8d2700000,0x000000a8d2800000)]
  0x00000237ff3d3000 JavaThread "Unconstrained build operations Thread 4" [_thread_blocked, id=520, stack(0x000000a8d2800000,0x000000a8d2900000)]
  0x00000237ff3ce800 JavaThread "Unconstrained build operations Thread 5" [_thread_blocked, id=2700, stack(0x000000a8d2900000,0x000000a8d2a00000)]
  0x00000237ff3d3800 JavaThread "Unconstrained build operations Thread 6" [_thread_blocked, id=688, stack(0x000000a8d2a00000,0x000000a8d2b00000)]
  0x00000237ff3d0800 JavaThread "Unconstrained build operations Thread 7" [_thread_blocked, id=2176, stack(0x000000a8d2b00000,0x000000a8d2c00000)]
  0x00000237ff3d1000 JavaThread "Unconstrained build operations Thread 8" [_thread_blocked, id=6608, stack(0x000000a8d2c00000,0x000000a8d2d00000)]
  0x00000237ff3cf800 JavaThread "Unconstrained build operations Thread 9" [_thread_blocked, id=6900, stack(0x000000a8d2d00000,0x000000a8d2e00000)]
  0x00000237ff3d2000 JavaThread "Unconstrained build operations Thread 10" [_thread_blocked, id=5800, stack(0x000000a8d2e00000,0x000000a8d2f00000)]
  0x00000237ff3ce000 JavaThread "Unconstrained build operations Thread 11" [_thread_blocked, id=1152, stack(0x000000a8d2f00000,0x000000a8d3000000)]
  0x00000237ff3d8800 JavaThread "Unconstrained build operations Thread 12" [_thread_blocked, id=1508, stack(0x000000a8d3000000,0x000000a8d3100000)]
  0x00000237ff3d9800 JavaThread "Unconstrained build operations Thread 13" [_thread_blocked, id=2708, stack(0x000000a8d3100000,0x000000a8d3200000)]
  0x00000237ff3da000 JavaThread "Unconstrained build operations Thread 14" [_thread_blocked, id=1344, stack(0x000000a8d3200000,0x000000a8d3300000)]
  0x00000237ff3d7800 JavaThread "Unconstrained build operations Thread 15" [_thread_blocked, id=5012, stack(0x000000a8d3300000,0x000000a8d3400000)]
  0x00000237ff3d5000 JavaThread "Unconstrained build operations Thread 16" [_thread_blocked, id=3180, stack(0x000000a8d3400000,0x000000a8d3500000)]
  0x00000237ff3d4800 JavaThread "Unconstrained build operations Thread 17" [_thread_blocked, id=2452, stack(0x000000a8d3500000,0x000000a8d3600000)]
  0x00000237ff3db000 JavaThread "Unconstrained build operations Thread 18" [_thread_blocked, id=2352, stack(0x000000a8d3600000,0x000000a8d3700000)]
  0x00000237ff3dc000 JavaThread "Unconstrained build operations Thread 19" [_thread_blocked, id=6596, stack(0x000000a8d3700000,0x000000a8d3800000)]
  0x00000237ff3d6000 JavaThread "Unconstrained build operations Thread 20" [_thread_blocked, id=6732, stack(0x000000a8d3800000,0x000000a8d3900000)]
  0x00000237ff3d7000 JavaThread "Unconstrained build operations Thread 21" [_thread_in_native, id=1436, stack(0x000000a8d3900000,0x000000a8d3a00000)]
  0x00000237ff3dc800 JavaThread "Unconstrained build operations Thread 22" [_thread_blocked, id=1032, stack(0x000000a8d3a00000,0x000000a8d3b00000)]
  0x00000237f9a06800 JavaThread "Unconstrained build operations Thread 23" [_thread_blocked, id=2340, stack(0x000000a8d3b00000,0x000000a8d3c00000)]
  0x00000237f9a02800 JavaThread "Unconstrained build operations Thread 24" [_thread_blocked, id=1928, stack(0x000000a8d3c00000,0x000000a8d3d00000)]
  0x00000237f9a03800 JavaThread "Unconstrained build operations Thread 25" [_thread_blocked, id=2848, stack(0x000000a8d3d00000,0x000000a8d3e00000)]
  0x00000237f9a04000 JavaThread "Unconstrained build operations Thread 26" [_thread_blocked, id=6984, stack(0x000000a8d3e00000,0x000000a8d3f00000)]
  0x00000237f9a01800 JavaThread "Unconstrained build operations Thread 27" [_thread_blocked, id=5352, stack(0x000000a8d3f00000,0x000000a8d4000000)]
  0x00000237f9a0a000 JavaThread "Unconstrained build operations Thread 28" [_thread_blocked, id=2164, stack(0x000000a8d4000000,0x000000a8d4100000)]
  0x00000237f9a05800 JavaThread "Unconstrained build operations Thread 29" [_thread_blocked, id=6920, stack(0x000000a8d4100000,0x000000a8d4200000)]
  0x00000237f9a0a800 JavaThread "Unconstrained build operations Thread 30" [_thread_blocked, id=5304, stack(0x000000a8d4200000,0x000000a8d4300000)]
  0x00000237f9a05000 JavaThread "Unconstrained build operations Thread 31" [_thread_blocked, id=324, stack(0x000000a8d4300000,0x000000a8d4400000)]
  0x00000237f9a0c800 JavaThread "Unconstrained build operations Thread 32" [_thread_blocked, id=2808, stack(0x000000a8d4400000,0x000000a8d4500000)]
  0x00000237f9a08000 JavaThread "Unconstrained build operations Thread 33" [_thread_blocked, id=2248, stack(0x000000a8d4500000,0x000000a8d4600000)]
  0x00000237f9a09000 JavaThread "Unconstrained build operations Thread 34" [_thread_blocked, id=4444, stack(0x000000a8d4600000,0x000000a8d4700000)]
  0x00000237f9a07800 JavaThread "Unconstrained build operations Thread 35" [_thread_blocked, id=4628, stack(0x000000a8d4700000,0x000000a8d4800000)]
  0x00000237f9a0d000 JavaThread "Unconstrained build operations Thread 36" [_thread_blocked, id=6604, stack(0x000000a8d4800000,0x000000a8d4900000)]
  0x00000237f9a0e800 JavaThread "Unconstrained build operations Thread 37" [_thread_blocked, id=4668, stack(0x000000a8d4900000,0x000000a8d4a00000)]
  0x00000237f9a0f800 JavaThread "Unconstrained build operations Thread 38" [_thread_blocked, id=2284, stack(0x000000a8d4a00000,0x000000a8d4b00000)]
  0x00000237f9a0b800 JavaThread "Unconstrained build operations Thread 39" [_thread_blocked, id=4716, stack(0x000000a8d4b00000,0x000000a8d4c00000)]
  0x00000237f9a0e000 JavaThread "Unconstrained build operations Thread 40" [_thread_blocked, id=6588, stack(0x000000a8d4c00000,0x000000a8d4d00000)]
  0x00000237f996f000 JavaThread "jar transforms Thread 4" [_thread_blocked, id=5772, stack(0x000000a8d4e00000,0x000000a8d4f00000)]
  0x00000237f9970000 JavaThread "Memory manager" [_thread_blocked, id=6072, stack(0x000000a8d4d00000,0x000000a8d4e00000)]
  0x00000237f9972800 JavaThread "build event listener" [_thread_blocked, id=3740, stack(0x000000a8d4f00000,0x000000a8d5000000)]
  0x00000237f9971800 JavaThread "Execution worker for ':'" [_thread_blocked, id=5356, stack(0x000000a8d5000000,0x000000a8d5100000)]
  0x00000237f996e800 JavaThread "Execution worker for ':' Thread 2" [_thread_blocked, id=5880, stack(0x000000a8d5100000,0x000000a8d5200000)]
  0x00000237f9973800 JavaThread "Execution worker for ':' Thread 3" [_thread_blocked, id=336, stack(0x000000a8d5200000,0x000000a8d5300000)]
  0x00000237f997a000 JavaThread "Cache worker for execution history cache (C:\Users\giorgi\StudioProjects\altaapp\.gradle\7.2\executionHistory)" [_thread_blocked, id=5948, stack(0x000000a8d5300000,0x000000a8d5400000)]
  0x00000237f9977800 JavaThread "WorkerExecutor Queue" [_thread_blocked, id=4156, stack(0x000000a8d5600000,0x000000a8d5700000)]
  0x00000237f9978000 JavaThread "WorkerExecutor Queue Thread 2" [_thread_blocked, id=6624, stack(0x000000a8d5700000,0x000000a8d5800000)]
  0x00000237f9975000 JavaThread "WorkerExecutor Queue Thread 3" [_thread_blocked, id=1312, stack(0x000000a8d5800000,0x000000a8d5900000)]
  0x00000237f9974000 JavaThread "WorkerExecutor Queue Thread 4" [_thread_blocked, id=3460, stack(0x000000a8d5900000,0x000000a8d5a00000)]

Other Threads:
  0x00000237f87eb000 VMThread "VM Thread" [stack: 0x000000a8cfd00000,0x000000a8cfe00000] [id=6268]
  0x00000237f92e7800 WatcherThread [stack: 0x000000a8d0700000,0x000000a8d0800000] [id=3876]
  0x00000237dccf7800 GCTaskThread "GC Thread#0" [stack: 0x000000a8cf800000,0x000000a8cf900000] [id=1432]
  0x00000237f9e95800 GCTaskThread "GC Thread#1" [stack: 0x000000a8d0900000,0x000000a8d0a00000] [id=3484]
  0x00000237fbc7c000 GCTaskThread "GC Thread#2" [stack: 0x000000a8d1400000,0x000000a8d1500000] [id=4516]
  0x00000237fbead800 GCTaskThread "GC Thread#3" [stack: 0x000000a8d1500000,0x000000a8d1600000] [id=6908]
  0x00000237dcd27000 ConcurrentGCThread "G1 Main Marker" [stack: 0x000000a8cf900000,0x000000a8cfa00000] [id=6964]
  0x00000237dcd28800 ConcurrentGCThread "G1 Conc#0" [stack: 0x000000a8cfa00000,0x000000a8cfb00000] [id=7068]
  0x00000237dcd85000 ConcurrentGCThread "G1 Refine#0" [stack: 0x000000a8cfb00000,0x000000a8cfc00000] [id=6744]
  0x00000237dcd86000 ConcurrentGCThread "G1 Young RemSet Sampling" [stack: 0x000000a8cfc00000,0x000000a8cfd00000] [id=2196]

Threads with active compile tasks:
C2 CompilerThread0  64007 14336   !   4       org.gradle.internal.classloader.CachingClassLoader::loadClass (85 bytes)

VM state:not at safepoint (normal execution)

VM Mutex/Monitor currently owned by a thread: None

Heap address: 0x0000000080000000, size: 2048 MB, Compressed Oops mode: 32-bit
Narrow klass base: 0x0000000000000000, Narrow klass shift: 3
Compressed class space size: 1073741824 Address: 0x0000000100000000

Heap:
 garbage-first heap   total 239616K, used 144992K [0x0000000080000000, 0x0000000100000000)
  region size 1024K, 41 young (41984K), 1 survivors (1024K)
 Metaspace       used 101956K, capacity 104306K, committed 104524K, reserved 1140736K
  class space    used 12763K, capacity 13624K, committed 13696K, reserved 1048576K
Heap Regions: E=young(eden), S=young(survivor), O=old, HS=humongous(starts), HC=humongous(continues), CS=collection set, F=free, A=archive, TAMS=top-at-mark-start (previous, next)
|   0|0x0000000080000000, 0x0000000080100000, 0x0000000080100000|100%| O|  |TAMS 0x0000000080100000, 0x0000000080000000| Untracked 
|   1|0x0000000080100000, 0x0000000080200000, 0x0000000080200000|100%| O|  |TAMS 0x0000000080200000, 0x0000000080100000| Untracked 
|   2|0x0000000080200000, 0x0000000080300000, 0x0000000080300000|100%| O|  |TAMS 0x0000000080300000, 0x0000000080200000| Untracked 
|   3|0x0000000080300000, 0x0000000080400000, 0x0000000080400000|100%|HS|  |TAMS 0x0000000080400000, 0x0000000080300000| Complete 
|   4|0x0000000080400000, 0x0000000080500000, 0x0000000080500000|100%|HC|  |TAMS 0x0000000080500000, 0x0000000080400000| Complete 
|   5|0x0000000080500000, 0x0000000080600000, 0x0000000080600000|100%|HC|  |TAMS 0x0000000080600000, 0x0000000080500000| Complete 
|   6|0x0000000080600000, 0x0000000080700000, 0x0000000080700000|100%| O|  |TAMS 0x0000000080700000, 0x0000000080600000| Untracked 
|   7|0x0000000080700000, 0x0000000080800000, 0x0000000080800000|100%| O|  |TAMS 0x0000000080800000, 0x0000000080700000| Untracked 
|   8|0x0000000080800000, 0x0000000080900000, 0x0000000080900000|100%| O|  |TAMS 0x0000000080900000, 0x0000000080800000| Untracked 
|   9|0x0000000080900000, 0x0000000080a00000, 0x0000000080a00000|100%| O|  |TAMS 0x0000000080a00000, 0x0000000080900000| Untracked 
|  10|0x0000000080a00000, 0x0000000080b00000, 0x0000000080b00000|100%| O|  |TAMS 0x0000000080b00000, 0x0000000080a00000| Untracked 
|  11|0x0000000080b00000, 0x0000000080c00000, 0x0000000080c00000|100%| O|  |TAMS 0x0000000080c00000, 0x0000000080b00000| Untracked 
|  12|0x0000000080c00000, 0x0000000080d00000, 0x0000000080d00000|100%| O|  |TAMS 0x0000000080d00000, 0x0000000080c00000| Untracked 
|  13|0x0000000080d00000, 0x0000000080e00000, 0x0000000080e00000|100%| O|  |TAMS 0x0000000080e00000, 0x0000000080d00000| Untracked 
|  14|0x0000000080e00000, 0x0000000080f00000, 0x0000000080f00000|100%| O|  |TAMS 0x0000000080f00000, 0x0000000080e00000| Untracked 
|  15|0x0000000080f00000, 0x0000000081000000, 0x0000000081000000|100%| O|  |TAMS 0x0000000081000000, 0x0000000080f00000| Untracked 
|  16|0x0000000081000000, 0x0000000081100000, 0x0000000081100000|100%| O|  |TAMS 0x0000000081100000, 0x0000000081000000| Untracked 
|  17|0x0000000081100000, 0x0000000081200000, 0x0000000081200000|100%| O|  |TAMS 0x0000000081200000, 0x0000000081100000| Untracked 
|  18|0x0000000081200000, 0x0000000081300000, 0x0000000081300000|100%| O|  |TAMS 0x0000000081300000, 0x0000000081200000| Untracked 
|  19|0x0000000081300000, 0x0000000081400000, 0x0000000081400000|100%| O|  |TAMS 0x0000000081400000, 0x0000000081300000| Untracked 
|  20|0x0000000081400000, 0x0000000081500000, 0x0000000081500000|100%| O|  |TAMS 0x0000000081500000, 0x0000000081400000| Untracked 
|  21|0x0000000081500000, 0x0000000081600000, 0x0000000081600000|100%| O|  |TAMS 0x0000000081600000, 0x0000000081500000| Untracked 
|  22|0x0000000081600000, 0x0000000081700000, 0x0000000081700000|100%| O|  |TAMS 0x0000000081700000, 0x0000000081600000| Untracked 
|  23|0x0000000081700000, 0x0000000081800000, 0x0000000081800000|100%| O|  |TAMS 0x0000000081800000, 0x0000000081700000| Untracked 
|  24|0x0000000081800000, 0x0000000081900000, 0x0000000081900000|100%| O|  |TAMS 0x0000000081900000, 0x0000000081800000| Untracked 
|  25|0x0000000081900000, 0x0000000081a00000, 0x0000000081a00000|100%| O|  |TAMS 0x0000000081a00000, 0x0000000081900000| Untracked 
|  26|0x0000000081a00000, 0x0000000081b00000, 0x0000000081b00000|100%| O|  |TAMS 0x0000000081b00000, 0x0000000081a00000| Untracked 
|  27|0x0000000081b00000, 0x0000000081c00000, 0x0000000081c00000|100%| O|  |TAMS 0x0000000081c00000, 0x0000000081b00000| Untracked 
|  28|0x0000000081c00000, 0x0000000081d00000, 0x0000000081d00000|100%|HS|  |TAMS 0x0000000081d00000, 0x0000000081c00000| Complete 
|  29|0x0000000081d00000, 0x0000000081e00000, 0x0000000081e00000|100%|HS|  |TAMS 0x0000000081e00000, 0x0000000081d00000| Complete 
|  30|0x0000000081e00000, 0x0000000081f00000, 0x0000000081f00000|100%|HS|  |TAMS 0x0000000081f00000, 0x0000000081e00000| Complete 
|  31|0x0000000081f00000, 0x0000000082000000, 0x0000000082000000|100%|HS|  |TAMS 0x0000000082000000, 0x0000000081f00000| Complete 
|  32|0x0000000082000000, 0x0000000082100000, 0x0000000082100000|100%|HS|  |TAMS 0x0000000082100000, 0x0000000082000000| Complete 
|  33|0x0000000082100000, 0x0000000082200000, 0x0000000082200000|100%|HC|  |TAMS 0x0000000082200000, 0x0000000082100000| Complete 
|  34|0x0000000082200000, 0x0000000082300000, 0x0000000082300000|100%|HC|  |TAMS 0x0000000082300000, 0x0000000082200000| Complete 
|  35|0x0000000082300000, 0x0000000082400000, 0x0000000082400000|100%|HS|  |TAMS 0x0000000082400000, 0x0000000082300000| Complete 
|  36|0x0000000082400000, 0x0000000082500000, 0x0000000082500000|100%|HC|  |TAMS 0x0000000082500000, 0x0000000082400000| Complete 
|  37|0x0000000082500000, 0x0000000082600000, 0x0000000082600000|100%| O|  |TAMS 0x0000000082600000, 0x0000000082500000| Untracked 
|  38|0x0000000082600000, 0x0000000082700000, 0x0000000082700000|100%| O|  |TAMS 0x0000000082700000, 0x0000000082600000| Untracked 
|  39|0x0000000082700000, 0x0000000082800000, 0x0000000082800000|100%| O|  |TAMS 0x0000000082800000, 0x0000000082700000| Untracked 
|  40|0x0000000082800000, 0x0000000082900000, 0x0000000082900000|100%| O|  |TAMS 0x0000000082900000, 0x0000000082800000| Untracked 
|  41|0x0000000082900000, 0x0000000082a00000, 0x0000000082a00000|100%| O|  |TAMS 0x0000000082a00000, 0x0000000082900000| Untracked 
|  42|0x0000000082a00000, 0x0000000082b00000, 0x0000000082b00000|100%| O|  |TAMS 0x0000000082b00000, 0x0000000082a00000| Untracked 
|  43|0x0000000082b00000, 0x0000000082c00000, 0x0000000082c00000|100%| O|  |TAMS 0x0000000082c00000, 0x0000000082b00000| Untracked 
|  44|0x0000000082c00000, 0x0000000082d00000, 0x0000000082d00000|100%| O|  |TAMS 0x0000000082d00000, 0x0000000082c00000| Untracked 
|  45|0x0000000082d00000, 0x0000000082e00000, 0x0000000082e00000|100%| O|  |TAMS 0x0000000082e00000, 0x0000000082d00000| Untracked 
|  46|0x0000000082e00000, 0x0000000082f00000, 0x0000000082f00000|100%| O|  |TAMS 0x0000000082f00000, 0x0000000082e00000| Untracked 
|  47|0x0000000082f00000, 0x0000000083000000, 0x0000000083000000|100%| O|  |TAMS 0x0000000083000000, 0x0000000082f00000| Untracked 
|  48|0x0000000083000000, 0x0000000083100000, 0x0000000083100000|100%| O|  |TAMS 0x0000000083100000, 0x0000000083000000| Untracked 
|  49|0x0000000083100000, 0x0000000083200000, 0x0000000083200000|100%| O|  |TAMS 0x0000000083200000, 0x0000000083100000| Untracked 
|  50|0x0000000083200000, 0x0000000083300000, 0x0000000083300000|100%| O|  |TAMS 0x0000000083300000, 0x0000000083200000| Untracked 
|  51|0x0000000083300000, 0x0000000083400000, 0x0000000083400000|100%| O|  |TAMS 0x0000000083400000, 0x0000000083300000| Untracked 
|  52|0x0000000083400000, 0x0000000083500000, 0x0000000083500000|100%| O|  |TAMS 0x0000000083500000, 0x0000000083400000| Untracked 
|  53|0x0000000083500000, 0x0000000083600000, 0x0000000083600000|100%| O|  |TAMS 0x0000000083600000, 0x0000000083500000| Untracked 
|  54|0x0000000083600000, 0x0000000083700000, 0x0000000083700000|100%| O|  |TAMS 0x0000000083700000, 0x0000000083600000| Untracked 
|  55|0x0000000083700000, 0x0000000083800000, 0x0000000083800000|100%| O|  |TAMS 0x0000000083800000, 0x0000000083700000| Untracked 
|  56|0x0000000083800000, 0x0000000083900000, 0x0000000083900000|100%| O|  |TAMS 0x0000000083900000, 0x0000000083800000| Untracked 
|  57|0x0000000083900000, 0x0000000083a00000, 0x0000000083a00000|100%| O|  |TAMS 0x0000000083a00000, 0x0000000083900000| Untracked 
|  58|0x0000000083a00000, 0x0000000083b00000, 0x0000000083b00000|100%| O|  |TAMS 0x0000000083b00000, 0x0000000083a00000| Untracked 
|  59|0x0000000083b00000, 0x0000000083c00000, 0x0000000083c00000|100%| O|  |TAMS 0x0000000083c00000, 0x0000000083b00000| Untracked 
|  60|0x0000000083c00000, 0x0000000083d00000, 0x0000000083d00000|100%| O|  |TAMS 0x0000000083d00000, 0x0000000083c00000| Untracked 
|  61|0x0000000083d00000, 0x0000000083e00000, 0x0000000083e00000|100%| O|  |TAMS 0x0000000083e00000, 0x0000000083d00000| Untracked 
|  62|0x0000000083e00000, 0x0000000083f00000, 0x0000000083f00000|100%| O|  |TAMS 0x0000000083f00000, 0x0000000083e00000| Untracked 
|  63|0x0000000083f00000, 0x0000000084000000, 0x0000000084000000|100%| O|  |TAMS 0x0000000084000000, 0x0000000083f00000| Untracked 
|  64|0x0000000084000000, 0x0000000084100000, 0x0000000084100000|100%| O|  |TAMS 0x0000000084100000, 0x0000000084000000| Untracked 
|  65|0x0000000084100000, 0x0000000084200000, 0x0000000084200000|100%| O|  |TAMS 0x0000000084200000, 0x0000000084100000| Untracked 
|  66|0x0000000084200000, 0x0000000084300000, 0x0000000084300000|100%| O|  |TAMS 0x0000000084300000, 0x0000000084200000| Untracked 
|  67|0x0000000084300000, 0x0000000084400000, 0x0000000084400000|100%| O|  |TAMS 0x0000000084400000, 0x0000000084300000| Untracked 
|  68|0x0000000084400000, 0x0000000084500000, 0x0000000084500000|100%| O|  |TAMS 0x0000000084500000, 0x0000000084400000| Untracked 
|  69|0x0000000084500000, 0x0000000084600000, 0x0000000084600000|100%| O|  |TAMS 0x0000000084600000, 0x0000000084500000| Untracked 
|  70|0x0000000084600000, 0x0000000084700000, 0x0000000084700000|100%| O|  |TAMS 0x0000000084700000, 0x0000000084600000| Untracked 
|  71|0x0000000084700000, 0x0000000084800000, 0x0000000084800000|100%| O|  |TAMS 0x0000000084800000, 0x0000000084700000| Untracked 
|  72|0x0000000084800000, 0x0000000084900000, 0x0000000084900000|100%| O|  |TAMS 0x0000000084900000, 0x0000000084800000| Untracked 
|  73|0x0000000084900000, 0x0000000084a00000, 0x0000000084a00000|100%| O|  |TAMS 0x0000000084a00000, 0x0000000084900000| Untracked 
|  74|0x0000000084a00000, 0x0000000084b00000, 0x0000000084b00000|100%| O|  |TAMS 0x0000000084b00000, 0x0000000084a00000| Untracked 
|  75|0x0000000084b00000, 0x0000000084c00000, 0x0000000084c00000|100%| O|  |TAMS 0x0000000084c00000, 0x0000000084b00000| Untracked 
|  76|0x0000000084c00000, 0x0000000084d00000, 0x0000000084d00000|100%| O|  |TAMS 0x0000000084c00000, 0x0000000084c00000| Untracked 
|  77|0x0000000084d00000, 0x0000000084e00000, 0x0000000084e00000|100%| O|  |TAMS 0x0000000084d00000, 0x0000000084d00000| Untracked 
|  78|0x0000000084e00000, 0x0000000084f00000, 0x0000000084f00000|100%| O|  |TAMS 0x0000000084f00000, 0x0000000084e00000| Untracked 
|  79|0x0000000084f00000, 0x0000000085000000, 0x0000000085000000|100%| O|  |TAMS 0x0000000085000000, 0x0000000084f00000| Untracked 
|  80|0x0000000085000000, 0x0000000085100000, 0x0000000085100000|100%| O|  |TAMS 0x0000000085100000, 0x0000000085000000| Untracked 
|  81|0x0000000085100000, 0x0000000085200000, 0x0000000085200000|100%| O|  |TAMS 0x0000000085200000, 0x0000000085100000| Untracked 
|  82|0x0000000085200000, 0x0000000085300000, 0x0000000085300000|100%| O|  |TAMS 0x0000000085300000, 0x0000000085200000| Untracked 
|  83|0x0000000085300000, 0x0000000085400000, 0x0000000085400000|100%| O|  |TAMS 0x0000000085400000, 0x0000000085300000| Untracked 
|  84|0x0000000085400000, 0x0000000085500000, 0x0000000085500000|100%| O|  |TAMS 0x0000000085500000, 0x0000000085400000| Untracked 
|  85|0x0000000085500000, 0x0000000085600000, 0x0000000085600000|100%| O|  |TAMS 0x0000000085600000, 0x0000000085500000| Untracked 
|  86|0x0000000085600000, 0x0000000085700000, 0x0000000085700000|100%| O|  |TAMS 0x0000000085700000, 0x0000000085600000| Untracked 
|  87|0x0000000085700000, 0x0000000085800000, 0x0000000085800000|100%| O|  |TAMS 0x00000000857e0600, 0x0000000085700000| Untracked 
|  88|0x0000000085800000, 0x0000000085900000, 0x0000000085900000|100%|HS|  |TAMS 0x0000000085800000, 0x0000000085800000| Complete 
|  89|0x0000000085900000, 0x0000000085a00000, 0x0000000085a00000|100%|HC|  |TAMS 0x0000000085900000, 0x0000000085900000| Complete 
|  90|0x0000000085a00000, 0x0000000085b00000, 0x0000000085b00000|100%| O|  |TAMS 0x0000000085a00000, 0x0000000085a00000| Untracked 
|  91|0x0000000085b00000, 0x0000000085c00000, 0x0000000085c00000|100%| O|  |TAMS 0x0000000085b00000, 0x0000000085b00000| Untracked 
|  92|0x0000000085c00000, 0x0000000085d00000, 0x0000000085d00000|100%| O|  |TAMS 0x0000000085c00000, 0x0000000085c00000| Untracked 
|  93|0x0000000085d00000, 0x0000000085e00000, 0x0000000085e00000|100%| O|  |TAMS 0x0000000085d00000, 0x0000000085d00000| Untracked 
|  94|0x0000000085e00000, 0x0000000085f00000, 0x0000000085f00000|100%| O|  |TAMS 0x0000000085e00000, 0x0000000085e00000| Untracked 
|  95|0x0000000085f00000, 0x0000000086000000, 0x0000000086000000|100%| O|  |TAMS 0x0000000085f00000, 0x0000000085f00000| Untracked 
|  96|0x0000000086000000, 0x0000000086100000, 0x0000000086100000|100%| O|  |TAMS 0x0000000086000000, 0x0000000086000000| Untracked 
|  97|0x0000000086100000, 0x0000000086198200, 0x0000000086200000| 59%| O|  |TAMS 0x0000000086100000, 0x0000000086100000| Untracked 
|  98|0x0000000086200000, 0x0000000086200000, 0x0000000086300000|  0%| F|  |TAMS 0x0000000086200000, 0x0000000086200000| Untracked 
|  99|0x0000000086300000, 0x0000000086300000, 0x0000000086400000|  0%| F|  |TAMS 0x0000000086300000, 0x0000000086300000| Untracked 
| 100|0x0000000086400000, 0x0000000086400000, 0x0000000086500000|  0%| F|  |TAMS 0x0000000086400000, 0x0000000086400000| Untracked 
| 101|0x0000000086500000, 0x0000000086600000, 0x0000000086600000|100%| O|  |TAMS 0x0000000086600000, 0x0000000086500000| Untracked 
| 102|0x0000000086600000, 0x0000000086600000, 0x0000000086700000|  0%| F|  |TAMS 0x0000000086600000, 0x0000000086600000| Untracked 
| 103|0x0000000086700000, 0x0000000086700000, 0x0000000086800000|  0%| F|  |TAMS 0x0000000086700000, 0x0000000086700000| Untracked 
| 104|0x0000000086800000, 0x0000000086800000, 0x0000000086900000|  0%| F|  |TAMS 0x0000000086800000, 0x0000000086800000| Untracked 
| 105|0x0000000086900000, 0x0000000086900000, 0x0000000086a00000|  0%| F|  |TAMS 0x0000000086900000, 0x0000000086900000| Untracked 
| 106|0x0000000086a00000, 0x0000000086b00000, 0x0000000086b00000|100%| O|  |TAMS 0x0000000086b00000, 0x0000000086a00000| Untracked 
| 107|0x0000000086b00000, 0x0000000086b00000, 0x0000000086c00000|  0%| F|  |TAMS 0x0000000086b00000, 0x0000000086b00000| Untracked 
| 108|0x0000000086c00000, 0x0000000086c00000, 0x0000000086d00000|  0%| F|  |TAMS 0x0000000086c00000, 0x0000000086c00000| Untracked 
| 109|0x0000000086d00000, 0x0000000086d00000, 0x0000000086e00000|  0%| F|  |TAMS 0x0000000086d00000, 0x0000000086d00000| Untracked 
| 110|0x0000000086e00000, 0x0000000086e00000, 0x0000000086f00000|  0%| F|  |TAMS 0x0000000086e00000, 0x0000000086e00000| Untracked 
| 111|0x0000000086f00000, 0x0000000086f00000, 0x0000000087000000|  0%| F|  |TAMS 0x0000000086f00000, 0x0000000086f00000| Untracked 
| 112|0x0000000087000000, 0x0000000087100000, 0x0000000087100000|100%| O|  |TAMS 0x0000000087100000, 0x0000000087000000| Untracked 
| 113|0x0000000087100000, 0x0000000087100000, 0x0000000087200000|  0%| F|  |TAMS 0x0000000087100000, 0x0000000087100000| Untracked 
| 114|0x0000000087200000, 0x0000000087300000, 0x0000000087300000|100%| O|  |TAMS 0x0000000087300000, 0x0000000087200000| Untracked 
| 115|0x0000000087300000, 0x0000000087300000, 0x0000000087400000|  0%| F|  |TAMS 0x0000000087300000, 0x0000000087300000| Untracked 
| 116|0x0000000087400000, 0x0000000087500000, 0x0000000087500000|100%| O|  |TAMS 0x0000000087500000, 0x0000000087400000| Untracked 
| 117|0x0000000087500000, 0x0000000087500000, 0x0000000087600000|  0%| F|  |TAMS 0x0000000087500000, 0x0000000087500000| Untracked 
| 118|0x0000000087600000, 0x0000000087600000, 0x0000000087700000|  0%| F|  |TAMS 0x0000000087600000, 0x0000000087600000| Untracked 
| 119|0x0000000087700000, 0x0000000087700000, 0x0000000087800000|  0%| F|  |TAMS 0x0000000087700000, 0x0000000087700000| Untracked 
| 120|0x0000000087800000, 0x0000000087800000, 0x0000000087900000|  0%| F|  |TAMS 0x0000000087800000, 0x0000000087800000| Untracked 
| 121|0x0000000087900000, 0x0000000087900000, 0x0000000087a00000|  0%| F|  |TAMS 0x0000000087900000, 0x0000000087900000| Untracked 
| 122|0x0000000087a00000, 0x0000000087a00000, 0x0000000087b00000|  0%| F|  |TAMS 0x0000000087a00000, 0x0000000087a00000| Untracked 
| 123|0x0000000087b00000, 0x0000000087b00000, 0x0000000087c00000|  0%| F|  |TAMS 0x0000000087b00000, 0x0000000087b00000| Untracked 
| 124|0x0000000087c00000, 0x0000000087c00000, 0x0000000087d00000|  0%| F|  |TAMS 0x0000000087c00000, 0x0000000087c00000| Untracked 
| 125|0x0000000087d00000, 0x0000000087d00000, 0x0000000087e00000|  0%| F|  |TAMS 0x0000000087d00000, 0x0000000087d00000| Untracked 
| 126|0x0000000087e00000, 0x0000000087e00000, 0x0000000087f00000|  0%| F|  |TAMS 0x0000000087e00000, 0x0000000087e00000| Untracked 
| 127|0x0000000087f00000, 0x0000000087f00000, 0x0000000088000000|  0%| F|  |TAMS 0x0000000087f00000, 0x0000000087f00000| Untracked 
| 128|0x0000000088000000, 0x0000000088000000, 0x0000000088100000|  0%| F|  |TAMS 0x0000000088000000, 0x0000000088000000| Untracked 
| 129|0x0000000088100000, 0x0000000088100000, 0x0000000088200000|  0%| F|  |TAMS 0x0000000088100000, 0x0000000088100000| Untracked 
| 130|0x0000000088200000, 0x0000000088200000, 0x0000000088300000|  0%| F|  |TAMS 0x0000000088200000, 0x0000000088200000| Untracked 
| 131|0x0000000088300000, 0x0000000088300000, 0x0000000088400000|  0%| F|  |TAMS 0x0000000088300000, 0x0000000088300000| Untracked 
| 132|0x0000000088400000, 0x0000000088400000, 0x0000000088500000|  0%| F|  |TAMS 0x0000000088400000, 0x0000000088400000| Untracked 
| 133|0x0000000088500000, 0x0000000088500000, 0x0000000088600000|  0%| F|  |TAMS 0x0000000088500000, 0x0000000088500000| Untracked 
| 134|0x0000000088600000, 0x0000000088600000, 0x0000000088700000|  0%| F|  |TAMS 0x0000000088600000, 0x0000000088600000| Untracked 
| 135|0x0000000088700000, 0x0000000088700000, 0x0000000088800000|  0%| F|  |TAMS 0x0000000088700000, 0x0000000088700000| Untracked 
| 136|0x0000000088800000, 0x0000000088800000, 0x0000000088900000|  0%| F|  |TAMS 0x0000000088800000, 0x0000000088800000| Untracked 
| 137|0x0000000088900000, 0x0000000088900000, 0x0000000088a00000|  0%| F|  |TAMS 0x0000000088900000, 0x0000000088900000| Untracked 
| 138|0x0000000088a00000, 0x0000000088a00000, 0x0000000088b00000|  0%| F|  |TAMS 0x0000000088a00000, 0x0000000088a00000| Untracked 
| 139|0x0000000088b00000, 0x0000000088b00000, 0x0000000088c00000|  0%| F|  |TAMS 0x0000000088b00000, 0x0000000088b00000| Untracked 
| 140|0x0000000088c00000, 0x0000000088c00000, 0x0000000088d00000|  0%| F|  |TAMS 0x0000000088c00000, 0x0000000088c00000| Untracked 
| 141|0x0000000088d00000, 0x0000000088d00000, 0x0000000088e00000|  0%| F|  |TAMS 0x0000000088d00000, 0x0000000088d00000| Untracked 
| 142|0x0000000088e00000, 0x0000000088e00000, 0x0000000088f00000|  0%| F|  |TAMS 0x0000000088e00000, 0x0000000088e00000| Untracked 
| 143|0x0000000088f00000, 0x0000000088f00000, 0x0000000089000000|  0%| F|  |TAMS 0x0000000088f00000, 0x0000000088f00000| Untracked 
| 144|0x0000000089000000, 0x0000000089000000, 0x0000000089100000|  0%| F|  |TAMS 0x0000000089000000, 0x0000000089000000| Untracked 
| 145|0x0000000089100000, 0x0000000089100000, 0x0000000089200000|  0%| F|  |TAMS 0x0000000089100000, 0x0000000089100000| Untracked 
| 146|0x0000000089200000, 0x0000000089200000, 0x0000000089300000|  0%| F|  |TAMS 0x0000000089200000, 0x0000000089200000| Untracked 
| 147|0x0000000089300000, 0x0000000089300000, 0x0000000089400000|  0%| F|  |TAMS 0x0000000089300000, 0x0000000089300000| Untracked 
| 148|0x0000000089400000, 0x0000000089400000, 0x0000000089500000|  0%| F|  |TAMS 0x0000000089400000, 0x0000000089400000| Untracked 
| 149|0x0000000089500000, 0x0000000089500000, 0x0000000089600000|  0%| F|  |TAMS 0x0000000089500000, 0x0000000089500000| Untracked 
| 150|0x0000000089600000, 0x0000000089600000, 0x0000000089700000|  0%| F|  |TAMS 0x0000000089600000, 0x0000000089600000| Untracked 
| 151|0x0000000089700000, 0x0000000089700000, 0x0000000089800000|  0%| F|  |TAMS 0x0000000089700000, 0x0000000089700000| Untracked 
| 152|0x0000000089800000, 0x0000000089800000, 0x0000000089900000|  0%| F|  |TAMS 0x0000000089800000, 0x0000000089800000| Untracked 
| 153|0x0000000089900000, 0x0000000089900000, 0x0000000089a00000|  0%| F|  |TAMS 0x0000000089900000, 0x0000000089900000| Untracked 
| 154|0x0000000089a00000, 0x0000000089a00000, 0x0000000089b00000|  0%| F|  |TAMS 0x0000000089a00000, 0x0000000089a00000| Untracked 
| 155|0x0000000089b00000, 0x0000000089b00000, 0x0000000089c00000|  0%| F|  |TAMS 0x0000000089b00000, 0x0000000089b00000| Untracked 
| 156|0x0000000089c00000, 0x0000000089c00000, 0x0000000089d00000|  0%| F|  |TAMS 0x0000000089c00000, 0x0000000089c00000| Untracked 
| 157|0x0000000089d00000, 0x0000000089d00000, 0x0000000089e00000|  0%| F|  |TAMS 0x0000000089d00000, 0x0000000089d00000| Untracked 
| 158|0x0000000089e00000, 0x0000000089e00000, 0x0000000089f00000|  0%| F|  |TAMS 0x0000000089e00000, 0x0000000089e00000| Untracked 
| 159|0x0000000089f00000, 0x0000000089f00000, 0x000000008a000000|  0%| F|  |TAMS 0x0000000089f00000, 0x0000000089f00000| Untracked 
| 160|0x000000008a000000, 0x000000008a000000, 0x000000008a100000|  0%| F|  |TAMS 0x000000008a000000, 0x000000008a000000| Untracked 
| 161|0x000000008a100000, 0x000000008a100000, 0x000000008a200000|  0%| F|  |TAMS 0x000000008a100000, 0x000000008a100000| Untracked 
| 162|0x000000008a200000, 0x000000008a200000, 0x000000008a300000|  0%| F|  |TAMS 0x000000008a200000, 0x000000008a200000| Untracked 
| 163|0x000000008a300000, 0x000000008a300000, 0x000000008a400000|  0%| F|  |TAMS 0x000000008a300000, 0x000000008a300000| Untracked 
| 164|0x000000008a400000, 0x000000008a400000, 0x000000008a500000|  0%| F|  |TAMS 0x000000008a400000, 0x000000008a400000| Untracked 
| 165|0x000000008a500000, 0x000000008a500000, 0x000000008a600000|  0%| F|  |TAMS 0x000000008a500000, 0x000000008a500000| Untracked 
| 166|0x000000008a600000, 0x000000008a600000, 0x000000008a700000|  0%| F|  |TAMS 0x000000008a600000, 0x000000008a600000| Untracked 
| 167|0x000000008a700000, 0x000000008a700000, 0x000000008a800000|  0%| F|  |TAMS 0x000000008a700000, 0x000000008a700000| Untracked 
| 168|0x000000008a800000, 0x000000008a800000, 0x000000008a900000|  0%| F|  |TAMS 0x000000008a800000, 0x000000008a800000| Untracked 
| 169|0x000000008a900000, 0x000000008a900000, 0x000000008aa00000|  0%| F|  |TAMS 0x000000008a900000, 0x000000008a900000| Untracked 
| 170|0x000000008aa00000, 0x000000008aa00000, 0x000000008ab00000|  0%| F|  |TAMS 0x000000008aa00000, 0x000000008aa00000| Untracked 
| 171|0x000000008ab00000, 0x000000008ab00000, 0x000000008ac00000|  0%| F|  |TAMS 0x000000008ab00000, 0x000000008ab00000| Untracked 
| 172|0x000000008ac00000, 0x000000008ac00000, 0x000000008ad00000|  0%| F|  |TAMS 0x000000008ac00000, 0x000000008ac00000| Untracked 
| 173|0x000000008ad00000, 0x000000008ad00000, 0x000000008ae00000|  0%| F|  |TAMS 0x000000008ad00000, 0x000000008ad00000| Untracked 
| 174|0x000000008ae00000, 0x000000008ae00000, 0x000000008af00000|  0%| F|  |TAMS 0x000000008ae00000, 0x000000008ae00000| Untracked 
| 175|0x000000008af00000, 0x000000008af00000, 0x000000008b000000|  0%| F|  |TAMS 0x000000008af00000, 0x000000008af00000| Untracked 
| 176|0x000000008b000000, 0x000000008b000000, 0x000000008b100000|  0%| F|  |TAMS 0x000000008b000000, 0x000000008b000000| Untracked 
| 177|0x000000008b100000, 0x000000008b100000, 0x000000008b200000|  0%| F|  |TAMS 0x000000008b100000, 0x000000008b100000| Untracked 
| 178|0x000000008b200000, 0x000000008b200000, 0x000000008b300000|  0%| F|  |TAMS 0x000000008b200000, 0x000000008b200000| Untracked 
| 179|0x000000008b300000, 0x000000008b300000, 0x000000008b400000|  0%| F|  |TAMS 0x000000008b300000, 0x000000008b300000| Untracked 
| 180|0x000000008b400000, 0x000000008b400000, 0x000000008b500000|  0%| F|  |TAMS 0x000000008b400000, 0x000000008b400000| Untracked 
| 181|0x000000008b500000, 0x000000008b500000, 0x000000008b600000|  0%| F|  |TAMS 0x000000008b500000, 0x000000008b500000| Untracked 
| 182|0x000000008b600000, 0x000000008b600000, 0x000000008b700000|  0%| F|  |TAMS 0x000000008b600000, 0x000000008b600000| Untracked 
| 183|0x000000008b700000, 0x000000008b700000, 0x000000008b800000|  0%| F|  |TAMS 0x000000008b700000, 0x000000008b700000| Untracked 
| 184|0x000000008b800000, 0x000000008b800000, 0x000000008b900000|  0%| F|  |TAMS 0x000000008b800000, 0x000000008b800000| Untracked 
| 185|0x000000008b900000, 0x000000008b900000, 0x000000008ba00000|  0%| F|  |TAMS 0x000000008b900000, 0x000000008b900000| Untracked 
| 186|0x000000008ba00000, 0x000000008ba00000, 0x000000008bb00000|  0%| F|  |TAMS 0x000000008ba00000, 0x000000008ba00000| Untracked 
| 187|0x000000008bb00000, 0x000000008bb00000, 0x000000008bc00000|  0%| F|  |TAMS 0x000000008bb00000, 0x000000008bb00000| Untracked 
| 188|0x000000008bc00000, 0x000000008bc00000, 0x000000008bd00000|  0%| F|  |TAMS 0x000000008bc00000, 0x000000008bc00000| Untracked 
| 189|0x000000008bd00000, 0x000000008bd00000, 0x000000008be00000|  0%| F|  |TAMS 0x000000008bd00000, 0x000000008bd00000| Untracked 
| 190|0x000000008be00000, 0x000000008be00000, 0x000000008bf00000|  0%| F|  |TAMS 0x000000008be00000, 0x000000008be00000| Untracked 
| 191|0x000000008bf00000, 0x000000008bf00000, 0x000000008c000000|  0%| F|  |TAMS 0x000000008bf00000, 0x000000008bf00000| Untracked 
| 192|0x000000008c000000, 0x000000008c000000, 0x000000008c100000|  0%| F|  |TAMS 0x000000008c000000, 0x000000008c000000| Untracked 
| 193|0x000000008c100000, 0x000000008c200000, 0x000000008c200000|100%| S|CS|TAMS 0x000000008c100000, 0x000000008c100000| Complete 
| 194|0x000000008c200000, 0x000000008c2840b0, 0x000000008c300000| 51%| E|  |TAMS 0x000000008c200000, 0x000000008c200000| Complete 
| 195|0x000000008c300000, 0x000000008c400000, 0x000000008c400000|100%| E|CS|TAMS 0x000000008c300000, 0x000000008c300000| Complete 
| 196|0x000000008c400000, 0x000000008c500000, 0x000000008c500000|100%| E|CS|TAMS 0x000000008c400000, 0x000000008c400000| Complete 
| 197|0x000000008c500000, 0x000000008c600000, 0x000000008c600000|100%| E|CS|TAMS 0x000000008c500000, 0x000000008c500000| Complete 
| 198|0x000000008c600000, 0x000000008c700000, 0x000000008c700000|100%| E|CS|TAMS 0x000000008c600000, 0x000000008c600000| Complete 
| 199|0x000000008c700000, 0x000000008c800000, 0x000000008c800000|100%| E|CS|TAMS 0x000000008c700000, 0x000000008c700000| Complete 
| 200|0x000000008c800000, 0x000000008c900000, 0x000000008c900000|100%| E|CS|TAMS 0x000000008c800000, 0x000000008c800000| Complete 
| 201|0x000000008c900000, 0x000000008ca00000, 0x000000008ca00000|100%| E|CS|TAMS 0x000000008c900000, 0x000000008c900000| Complete 
| 202|0x000000008ca00000, 0x000000008cb00000, 0x000000008cb00000|100%| E|CS|TAMS 0x000000008ca00000, 0x000000008ca00000| Complete 
| 203|0x000000008cb00000, 0x000000008cc00000, 0x000000008cc00000|100%| E|CS|TAMS 0x000000008cb00000, 0x000000008cb00000| Complete 
| 204|0x000000008cc00000, 0x000000008cd00000, 0x000000008cd00000|100%| E|CS|TAMS 0x000000008cc00000, 0x000000008cc00000| Complete 
| 205|0x000000008cd00000, 0x000000008ce00000, 0x000000008ce00000|100%| E|CS|TAMS 0x000000008cd00000, 0x000000008cd00000| Complete 
| 206|0x000000008ce00000, 0x000000008cf00000, 0x000000008cf00000|100%| E|CS|TAMS 0x000000008ce00000, 0x000000008ce00000| Complete 
| 207|0x000000008cf00000, 0x000000008d000000, 0x000000008d000000|100%| E|CS|TAMS 0x000000008cf00000, 0x000000008cf00000| Complete 
| 208|0x000000008d000000, 0x000000008d100000, 0x000000008d100000|100%| E|CS|TAMS 0x000000008d000000, 0x000000008d000000| Complete 
| 209|0x000000008d100000, 0x000000008d200000, 0x000000008d200000|100%| E|CS|TAMS 0x000000008d100000, 0x000000008d100000| Complete 
| 210|0x000000008d200000, 0x000000008d300000, 0x000000008d300000|100%| E|CS|TAMS 0x000000008d200000, 0x000000008d200000| Complete 
| 211|0x000000008d300000, 0x000000008d400000, 0x000000008d400000|100%| E|CS|TAMS 0x000000008d300000, 0x000000008d300000| Complete 
| 212|0x000000008d400000, 0x000000008d500000, 0x000000008d500000|100%| E|CS|TAMS 0x000000008d400000, 0x000000008d400000| Complete 
| 213|0x000000008d500000, 0x000000008d600000, 0x000000008d600000|100%| E|CS|TAMS 0x000000008d500000, 0x000000008d500000| Complete 
| 214|0x000000008d600000, 0x000000008d700000, 0x000000008d700000|100%| E|CS|TAMS 0x000000008d600000, 0x000000008d600000| Complete 
| 215|0x000000008d700000, 0x000000008d800000, 0x000000008d800000|100%| E|CS|TAMS 0x000000008d700000, 0x000000008d700000| Complete 
| 216|0x000000008d800000, 0x000000008d900000, 0x000000008d900000|100%| E|CS|TAMS 0x000000008d800000, 0x000000008d800000| Complete 
| 217|0x000000008d900000, 0x000000008da00000, 0x000000008da00000|100%| E|CS|TAMS 0x000000008d900000, 0x000000008d900000| Complete 
| 218|0x000000008da00000, 0x000000008db00000, 0x000000008db00000|100%| E|CS|TAMS 0x000000008da00000, 0x000000008da00000| Complete 
| 219|0x000000008db00000, 0x000000008dc00000, 0x000000008dc00000|100%| E|CS|TAMS 0x000000008db00000, 0x000000008db00000| Complete 
| 220|0x000000008dc00000, 0x000000008dd00000, 0x000000008dd00000|100%| E|CS|TAMS 0x000000008dc00000, 0x000000008dc00000| Complete 
| 221|0x000000008dd00000, 0x000000008de00000, 0x000000008de00000|100%| E|CS|TAMS 0x000000008dd00000, 0x000000008dd00000| Complete 
| 222|0x000000008de00000, 0x000000008df00000, 0x000000008df00000|100%| E|CS|TAMS 0x000000008de00000, 0x000000008de00000| Complete 
| 223|0x000000008df00000, 0x000000008dffffe8, 0x000000008e000000| 99%| E|  |TAMS 0x000000008df00000, 0x000000008df00000| Complete 
| 224|0x000000008e000000, 0x000000008e100000, 0x000000008e100000|100%| E|CS|TAMS 0x000000008e000000, 0x000000008e000000| Complete 
| 225|0x000000008e100000, 0x000000008e200000, 0x000000008e200000|100%| E|CS|TAMS 0x000000008e100000, 0x000000008e100000| Complete 
| 226|0x000000008e200000, 0x000000008e300000, 0x000000008e300000|100%| E|CS|TAMS 0x000000008e200000, 0x000000008e200000| Complete 
| 227|0x000000008e300000, 0x000000008e400000, 0x000000008e400000|100%| E|CS|TAMS 0x000000008e300000, 0x000000008e300000| Complete 
| 228|0x000000008e400000, 0x000000008e500000, 0x000000008e500000|100%| E|CS|TAMS 0x000000008e400000, 0x000000008e400000| Complete 
| 229|0x000000008e500000, 0x000000008e600000, 0x000000008e600000|100%| E|CS|TAMS 0x000000008e500000, 0x000000008e500000| Complete 
| 230|0x000000008e600000, 0x000000008e700000, 0x000000008e700000|100%| E|CS|TAMS 0x000000008e600000, 0x000000008e600000| Complete 
| 231|0x000000008e700000, 0x000000008e800000, 0x000000008e800000|100%| E|CS|TAMS 0x000000008e700000, 0x000000008e700000| Complete 
| 232|0x000000008e800000, 0x000000008e900000, 0x000000008e900000|100%| E|CS|TAMS 0x000000008e800000, 0x000000008e800000| Complete 
| 233|0x000000008e900000, 0x000000008ea00000, 0x000000008ea00000|100%| E|CS|TAMS 0x000000008e900000, 0x000000008e900000| Complete 

Card table byte_map: [0x00000237f1a30000,0x00000237f1e30000] _byte_map_base: 0x00000237f1630000

Marking Bits (Prev, Next): (CMBitMap*) 0x00000237dcd1df60, (CMBitMap*) 0x00000237dcd1df28
 Prev Bits: [0x00000237f4230000, 0x00000237f6230000)
 Next Bits: [0x00000237f2230000, 0x00000237f4230000)

Polling page: 0x00000237dcb70000

Metaspace:

Usage:
  Non-class:     88.56 MB capacity,    87.10 MB ( 98%) used,     1.18 MB (  1%) free+waste,   275.56 KB ( <1%) overhead. 
      Class:     13.30 MB capacity,    12.46 MB ( 94%) used,   739.50 KB (  5%) free+waste,   121.06 KB ( <1%) overhead. 
       Both:    101.86 MB capacity,    99.57 MB ( 98%) used,     1.91 MB (  2%) free+waste,   396.63 KB ( <1%) overhead. 

Virtual space:
  Non-class space:       90.00 MB reserved,      88.70 MB ( 99%) committed 
      Class space:        1.00 GB reserved,      13.38 MB (  1%) committed 
             Both:        1.09 GB reserved,     102.07 MB (  9%) committed 

Chunk freelists:
   Non-Class:  18.00 KB
       Class:  8.00 KB
        Both:  26.00 KB

MaxMetaspaceSize: 17179869184.00 GB
CompressedClassSpaceSize: 1.00 GB

CodeHeap 'non-profiled nmethods': size=120064Kb used=9123Kb max_used=9123Kb free=110940Kb
 bounds [0x00000237e9ad0000, 0x00000237ea3c0000, 0x00000237f1010000]
CodeHeap 'profiled nmethods': size=120000Kb used=30898Kb max_used=30898Kb free=89101Kb
 bounds [0x00000237e25a0000, 0x00000237e43d0000, 0x00000237e9ad0000]
CodeHeap 'non-nmethods': size=5696Kb used=2307Kb max_used=2346Kb free=3388Kb
 bounds [0x00000237e2010000, 0x00000237e2280000, 0x00000237e25a0000]
 total_blobs=15130 nmethods=14211 adapters=830
 compilation: enabled
              stopped_count=0, restarted_count=0
 full_count=0

Compilation events (20 events):
Event: 62.290 Thread 0x00000237f885e800 nmethod 14329 0x00000237e43c4d90 code [0x00000237e43c4f60, 0x00000237e43c52f8]
Event: 62.290 Thread 0x00000237f885e800 14330       3       com.android.tools.r8.graph.p0::b (16 bytes)
Event: 62.291 Thread 0x00000237f885e800 nmethod 14330 0x00000237e43c5490 code [0x00000237e43c5720, 0x00000237e43c6208]
Event: 62.300 Thread 0x00000237f885b000 14331       4       com.android.tools.r8.internal.mS0::d (140 bytes)
Event: 62.301 Thread 0x00000237f885e800 14332       3       com.android.tools.r8.graph.X0::M (8 bytes)
Event: 62.301 Thread 0x00000237f885e800 nmethod 14332 0x00000237e43c6710 code [0x00000237e43c68c0, 0x00000237e43c69e8]
Event: 62.302 Thread 0x00000237f885b000 nmethod 14331 0x00000237ea3b8510 code [0x00000237ea3b86a0, 0x00000237ea3b8758]
Event: 62.317 Thread 0x00000237f885e800 14333       3       com.android.tools.r8.internal.mI0::a (55 bytes)
Event: 62.319 Thread 0x00000237f885e800 nmethod 14333 0x00000237e43c6a90 code [0x00000237e43c6d60, 0x00000237e43c7958]
Event: 62.324 Thread 0x00000237f885e800 14334       3       com.android.tools.r8.internal.q::hasNext (17 bytes)
Event: 62.324 Thread 0x00000237f885e800 nmethod 14334 0x00000237e43c7d90 code [0x00000237e43c7f40, 0x00000237e43c8098]
Event: 62.324 Thread 0x00000237f885e800 14335       3       com.android.tools.r8.internal.Jc1::a (20 bytes)
Event: 62.325 Thread 0x00000237f885e800 nmethod 14335 0x00000237e43c8110 code [0x00000237e43c82e0, 0x00000237e43c84f8]
Event: 62.340 Thread 0x00000237f885b000 14336   !   4       org.gradle.internal.classloader.CachingClassLoader::loadClass (85 bytes)
Event: 62.381 Thread 0x00000237f885e800 14339       1       com.android.tools.r8.internal.oR0::b (5 bytes)
Event: 62.381 Thread 0x00000237f885e800 nmethod 14339 0x00000237ea3b8810 code [0x00000237ea3b89c0, 0x00000237ea3b8a58]
Event: 62.449 Thread 0x00000237f885e800 14340       3       java.lang.Integer::toString (55 bytes)
Event: 62.450 Thread 0x00000237f885e800 nmethod 14340 0x00000237e43c8610 code [0x00000237e43c8800, 0x00000237e43c8b78]
Event: 62.450 Thread 0x00000237f885e800 14341       3       com.android.tools.r8.graph.X0::g (24 bytes)
Event: 62.450 Thread 0x00000237f885e800 nmethod 14341 0x00000237e43c8d10 code [0x00000237e43c8f00, 0x00000237e43c9368]

GC Heap History (20 events):
Event: 46.077 GC heap before
{Heap before GC invocations=54 (full 0):
 garbage-first heap   total 165888K, used 122818K [0x0000000080000000, 0x0000000100000000)
  region size 1024K, 8 young (8192K), 4 survivors (4096K)
 Metaspace       used 93322K, capacity 95595K, committed 95692K, reserved 1132544K
  class space    used 11753K, capacity 12541K, committed 12544K, reserved 1048576K
}
Event: 46.095 GC heap after
{Heap after GC invocations=55 (full 0):
 garbage-first heap   total 199680K, used 109220K [0x0000000080000000, 0x0000000100000000)
  region size 1024K, 1 young (1024K), 1 survivors (1024K)
 Metaspace       used 93322K, capacity 95595K, committed 95692K, reserved 1132544K
  class space    used 11753K, capacity 12541K, committed 12544K, reserved 1048576K
}
Event: 46.607 GC heap before
{Heap before GC invocations=55 (full 0):
 garbage-first heap   total 199680K, used 146084K [0x0000000080000000, 0x0000000100000000)
  region size 1024K, 37 young (37888K), 1 survivors (1024K)
 Metaspace       used 93561K, capacity 95787K, committed 95948K, reserved 1132544K
  class space    used 11763K, capacity 12541K, committed 12544K, reserved 1048576K
}
Event: 46.619 GC heap after
{Heap after GC invocations=56 (full 0):
 garbage-first heap   total 199680K, used 112003K [0x0000000080000000, 0x0000000100000000)
  region size 1024K, 4 young (4096K), 4 survivors (4096K)
 Metaspace       used 93561K, capacity 95787K, committed 95948K, reserved 1132544K
  class space    used 11763K, capacity 12541K, committed 12544K, reserved 1048576K
}
Event: 49.685 GC heap before
{Heap before GC invocations=57 (full 0):
 garbage-first heap   total 199680K, used 148867K [0x0000000080000000, 0x0000000100000000)
  region size 1024K, 41 young (41984K), 4 survivors (4096K)
 Metaspace       used 95228K, capacity 97490K, committed 97740K, reserved 1134592K
  class space    used 11929K, capacity 12740K, committed 12800K, reserved 1048576K
}
Event: 49.701 GC heap after
{Heap after GC invocations=58 (full 0):
 garbage-first heap   total 199680K, used 104587K [0x0000000080000000, 0x0000000100000000)
  region size 1024K, 4 young (4096K), 4 survivors (4096K)
 Metaspace       used 95228K, capacity 97490K, committed 97740K, reserved 1134592K
  class space    used 11929K, capacity 12740K, committed 12800K, reserved 1048576K
}
Event: 50.131 GC heap before
{Heap before GC invocations=58 (full 0):
 garbage-first heap   total 199680K, used 108683K [0x0000000080000000, 0x0000000100000000)
  region size 1024K, 9 young (9216K), 4 survivors (4096K)
 Metaspace       used 95245K, capacity 97493K, committed 97740K, reserved 1134592K
  class space    used 11929K, capacity 12740K, committed 12800K, reserved 1048576K
}
Event: 50.141 GC heap after
{Heap after GC invocations=59 (full 0):
 garbage-first heap   total 199680K, used 98345K [0x0000000080000000, 0x0000000100000000)
  region size 1024K, 2 young (2048K), 2 survivors (2048K)
 Metaspace       used 95245K, capacity 97493K, committed 97740K, reserved 1134592K
  class space    used 11929K, capacity 12740K, committed 12800K, reserved 1048576K
}
Event: 53.295 GC heap before
{Heap before GC invocations=59 (full 0):
 garbage-first heap   total 199680K, used 142377K [0x0000000080000000, 0x0000000100000000)
  region size 1024K, 46 young (47104K), 2 survivors (2048K)
 Metaspace       used 97506K, capacity 99760K, committed 99788K, reserved 1136640K
  class space    used 12227K, capacity 13044K, committed 13056K, reserved 1048576K
}
Event: 53.301 GC heap after
{Heap after GC invocations=60 (full 0):
 garbage-first heap   total 199680K, used 98693K [0x0000000080000000, 0x0000000100000000)
  region size 1024K, 2 young (2048K), 2 survivors (2048K)
 Metaspace       used 97506K, capacity 99760K, committed 99788K, reserved 1136640K
  class space    used 12227K, capacity 13044K, committed 13056K, reserved 1048576K
}
Event: 56.401 GC heap before
{Heap before GC invocations=61 (full 0):
 garbage-first heap   total 199680K, used 148869K [0x0000000080000000, 0x0000000100000000)
  region size 1024K, 53 young (54272K), 2 survivors (2048K)
 Metaspace       used 99588K, capacity 101874K, committed 102092K, reserved 1138688K
  class space    used 12445K, capacity 13246K, committed 13312K, reserved 1048576K
}
Event: 56.415 GC heap after
{Heap after GC invocations=62 (full 0):
 garbage-first heap   total 199680K, used 101192K [0x0000000080000000, 0x0000000100000000)
  region size 1024K, 6 young (6144K), 6 survivors (6144K)
 Metaspace       used 99588K, capacity 101874K, committed 102092K, reserved 1138688K
  class space    used 12445K, capacity 13246K, committed 13312K, reserved 1048576K
}
Event: 56.494 GC heap before
{Heap before GC invocations=62 (full 0):
 garbage-first heap   total 199680K, used 104264K [0x0000000080000000, 0x0000000100000000)
  region size 1024K, 9 young (9216K), 6 survivors (6144K)
 Metaspace       used 99593K, capacity 101875K, committed 102092K, reserved 1138688K
  class space    used 12445K, capacity 13246K, committed 13312K, reserved 1048576K
}
Event: 56.506 GC heap after
{Heap after GC invocations=63 (full 0):
 garbage-first heap   total 199680K, used 94971K [0x0000000080000000, 0x0000000100000000)
  region size 1024K, 1 young (1024K), 1 survivors (1024K)
 Metaspace       used 99593K, capacity 101875K, committed 102092K, reserved 1138688K
  class space    used 12445K, capacity 13246K, committed 13312K, reserved 1048576K
}
Event: 59.456 GC heap before
{Heap before GC invocations=63 (full 0):
 garbage-first heap   total 199680K, used 148219K [0x0000000080000000, 0x0000000100000000)
  region size 1024K, 54 young (55296K), 1 survivors (1024K)
 Metaspace       used 99782K, capacity 102068K, committed 102348K, reserved 1138688K
  class space    used 12460K, capacity 13283K, committed 13312K, reserved 1048576K
}
Event: 59.467 GC heap after
{Heap after GC invocations=64 (full 0):
 garbage-first heap   total 199680K, used 97214K [0x0000000080000000, 0x0000000100000000)
  region size 1024K, 4 young (4096K), 4 survivors (4096K)
 Metaspace       used 99782K, capacity 102068K, committed 102348K, reserved 1138688K
  class space    used 12460K, capacity 13283K, committed 13312K, reserved 1048576K
}
Event: 61.366 GC heap before
{Heap before GC invocations=65 (full 0):
 garbage-first heap   total 199680K, used 161726K [0x0000000080000000, 0x0000000100000000)
  region size 1024K, 60 young (61440K), 4 survivors (4096K)
 Metaspace       used 100632K, capacity 102992K, committed 103372K, reserved 1138688K
  class space    used 12591K, capacity 13442K, committed 13568K, reserved 1048576K
}
Event: 61.398 GC heap after
{Heap after GC invocations=66 (full 0):
 garbage-first heap   total 199680K, used 106427K [0x0000000080000000, 0x0000000100000000)
  region size 1024K, 8 young (8192K), 8 survivors (8192K)
 Metaspace       used 100632K, capacity 102992K, committed 103372K, reserved 1138688K
  class space    used 12591K, capacity 13442K, committed 13568K, reserved 1048576K
}
Event: 61.401 GC heap before
{Heap before GC invocations=66 (full 0):
 garbage-first heap   total 199680K, used 107451K [0x0000000080000000, 0x0000000100000000)
  region size 1024K, 9 young (9216K), 8 survivors (8192K)
 Metaspace       used 100632K, capacity 102992K, committed 103372K, reserved 1138688K
  class space    used 12591K, capacity 13442K, committed 13568K, reserved 1048576K
}
Event: 61.438 GC heap after
{Heap after GC invocations=67 (full 0):
 garbage-first heap   total 239616K, used 106080K [0x0000000080000000, 0x0000000100000000)
  region size 1024K, 1 young (1024K), 1 survivors (1024K)
 Metaspace       used 100632K, capacity 102992K, committed 103372K, reserved 1138688K
  class space    used 12591K, capacity 13442K, committed 13568K, reserved 1048576K
}

Deoptimization events (20 events):
Event: 61.994 Thread 0x00000237ff3d5000 DEOPT UNPACKING pc=0x00000237e20365af sp=0x000000a8d34fa9a0 mode 2
Event: 61.994 Thread 0x00000237ff3d5000 Uncommon trap: trap_request=0xffffffc6 fr.pc=0x00000237ea3a8068 relative=0x0000000000001a08
Event: 61.994 Thread 0x00000237ff3d5000 Uncommon trap: reason=bimorphic_or_optimized_type_check action=maybe_recompile pc=0x00000237ea3a8068 method=java.util.concurrent.ConcurrentHashMap.putVal(Ljava/lang/Object;Ljava/lang/Object;Z)Ljava/lang/Object; @ 159 c2
Event: 61.994 Thread 0x00000237ff3d5000 DEOPT PACKING pc=0x00000237ea3a8068 sp=0x000000a8d34faa10
Event: 61.994 Thread 0x00000237ff3d5000 DEOPT UNPACKING pc=0x00000237e20365af sp=0x000000a8d34fa9b0 mode 2
Event: 61.994 Thread 0x00000237ff3d5000 Uncommon trap: trap_request=0xffffffc6 fr.pc=0x00000237ea3a8068 relative=0x0000000000001a08
Event: 61.994 Thread 0x00000237ff3d5000 Uncommon trap: reason=bimorphic_or_optimized_type_check action=maybe_recompile pc=0x00000237ea3a8068 method=java.util.concurrent.ConcurrentHashMap.putVal(Ljava/lang/Object;Ljava/lang/Object;Z)Ljava/lang/Object; @ 159 c2
Event: 61.994 Thread 0x00000237ff3d5000 DEOPT PACKING pc=0x00000237ea3a8068 sp=0x000000a8d34faa30
Event: 61.994 Thread 0x00000237ff3d5000 DEOPT UNPACKING pc=0x00000237e20365af sp=0x000000a8d34fa9d0 mode 2
Event: 61.994 Thread 0x00000237ff3d5000 Uncommon trap: trap_request=0xffffffc6 fr.pc=0x00000237ea3a8068 relative=0x0000000000001a08
Event: 61.994 Thread 0x00000237ff3d5000 Uncommon trap: reason=bimorphic_or_optimized_type_check action=maybe_recompile pc=0x00000237ea3a8068 method=java.util.concurrent.ConcurrentHashMap.putVal(Ljava/lang/Object;Ljava/lang/Object;Z)Ljava/lang/Object; @ 159 c2
Event: 61.994 Thread 0x00000237ff3d5000 DEOPT PACKING pc=0x00000237ea3a8068 sp=0x000000a8d34faa40
Event: 61.994 Thread 0x00000237ff3d5000 DEOPT UNPACKING pc=0x00000237e20365af sp=0x000000a8d34fa9e0 mode 2
Event: 61.994 Thread 0x00000237ff3d2000 Uncommon trap: trap_request=0xffffffc6 fr.pc=0x00000237ea3a8068 relative=0x0000000000001a08
Event: 61.995 Thread 0x00000237ff3d2000 Uncommon trap: reason=bimorphic_or_optimized_type_check action=maybe_recompile pc=0x00000237ea3a8068 method=java.util.concurrent.ConcurrentHashMap.putVal(Ljava/lang/Object;Ljava/lang/Object;Z)Ljava/lang/Object; @ 159 c2
Event: 61.995 Thread 0x00000237ff3d2000 DEOPT PACKING pc=0x00000237ea3a8068 sp=0x000000a8d2efabf0
Event: 61.995 Thread 0x00000237ff3d2000 DEOPT UNPACKING pc=0x00000237e20365af sp=0x000000a8d2efab90 mode 2
Event: 61.994 Thread 0x00000237ff3d7000 Uncommon trap: reason=bimorphic_or_optimized_type_check action=maybe_recompile pc=0x00000237ea3a8068 method=java.util.concurrent.ConcurrentHashMap.putVal(Ljava/lang/Object;Ljava/lang/Object;Z)Ljava/lang/Object; @ 159 c2
Event: 61.996 Thread 0x00000237ff3d7000 DEOPT PACKING pc=0x00000237ea3a8068 sp=0x000000a8d39fa740
Event: 61.996 Thread 0x00000237ff3d7000 DEOPT UNPACKING pc=0x00000237e20365af sp=0x000000a8d39fa6e0 mode 2

Classes redefined (0 events):
No events

Internal exceptions (20 events):
Event: 48.590 Thread 0x00000237f9973800 Exception <a 'sun/nio/fs/WindowsException'{0x000000008add08d8}> (0x000000008add08d8) thrown at [./src/hotspot/share/prims/jni.cpp, line 615]
Event: 48.601 Thread 0x00000237f9973800 Exception <a 'sun/nio/fs/WindowsException'{0x000000008add1840}> (0x000000008add1840) thrown at [./src/hotspot/share/prims/jni.cpp, line 615]
Event: 48.934 Thread 0x00000237f9973800 Exception <a 'sun/nio/fs/WindowsException'{0x000000008abf2be8}> (0x000000008abf2be8) thrown at [./src/hotspot/share/prims/jni.cpp, line 615]
Event: 48.934 Thread 0x00000237f9973800 Exception <a 'sun/nio/fs/WindowsException'{0x000000008abf3a70}> (0x000000008abf3a70) thrown at [./src/hotspot/share/prims/jni.cpp, line 615]
Event: 50.100 Thread 0x00000237ff3d3000 Implicit null exception at 0x00000237ea234152 to 0x00000237ea234558
Event: 50.684 Thread 0x00000237f9971800 Exception <a 'sun/nio/fs/WindowsException'{0x000000008ba22548}> (0x000000008ba22548) thrown at [./src/hotspot/share/prims/jni.cpp, line 615]
Event: 50.684 Thread 0x00000237f9971800 Exception <a 'sun/nio/fs/WindowsException'{0x000000008ba23410}> (0x000000008ba23410) thrown at [./src/hotspot/share/prims/jni.cpp, line 615]
Event: 50.684 Thread 0x00000237f9971800 Exception <a 'sun/nio/fs/WindowsException'{0x000000008ba236f8}> (0x000000008ba236f8) thrown at [./src/hotspot/share/prims/jni.cpp, line 615]
Event: 50.684 Thread 0x00000237f9971800 Exception <a 'sun/nio/fs/WindowsException'{0x000000008ba24580}> (0x000000008ba24580) thrown at [./src/hotspot/share/prims/jni.cpp, line 615]
Event: 50.684 Thread 0x00000237f9971800 Exception <a 'sun/nio/fs/WindowsException'{0x000000008ba24848}> (0x000000008ba24848) thrown at [./src/hotspot/share/prims/jni.cpp, line 615]
Event: 50.684 Thread 0x00000237f9971800 Exception <a 'sun/nio/fs/WindowsException'{0x000000008ba256c0}> (0x000000008ba256c0) thrown at [./src/hotspot/share/prims/jni.cpp, line 615]
Event: 52.203 Thread 0x00000237f9971800 Implicit null exception at 0x00000237e9ec59f4 to 0x00000237e9ec6044
Event: 54.608 Thread 0x00000237faf52800 Exception <a 'sun/nio/fs/WindowsException'{0x000000008a43d558}> (0x000000008a43d558) thrown at [./src/hotspot/share/prims/jni.cpp, line 615]
Event: 54.608 Thread 0x00000237faf52800 Exception <a 'sun/nio/fs/WindowsException'{0x000000008a43eea0}> (0x000000008a43eea0) thrown at [./src/hotspot/share/prims/jni.cpp, line 615]
Event: 54.689 Thread 0x00000237faf52800 Exception <a 'java/lang/NoSuchMethodError'{0x000000008a4ac528}: <clinit>> (0x000000008a4ac528) thrown at [./src/hotspot/share/prims/jni.cpp, line 1362]
Event: 56.133 Thread 0x00000237f9974000 Exception <a 'sun/nio/fs/WindowsException'{0x0000000089a9c4d8}> (0x0000000089a9c4d8) thrown at [./src/hotspot/share/prims/jni.cpp, line 615]
Event: 61.500 Thread 0x00000237ff3d0800 Exception <a 'sun/nio/fs/WindowsException'{0x000000008e1701e0}> (0x000000008e1701e0) thrown at [./src/hotspot/share/prims/jni.cpp, line 615]
Event: 61.518 Thread 0x00000237ff3d5000 Exception <a 'sun/nio/fs/WindowsException'{0x000000008df60cd0}> (0x000000008df60cd0) thrown at [./src/hotspot/share/prims/jni.cpp, line 615]
Event: 61.673 Thread 0x00000237ff3d7000 Exception <a 'sun/nio/fs/WindowsException'{0x000000008d116dd8}> (0x000000008d116dd8) thrown at [./src/hotspot/share/prims/jni.cpp, line 615]
Event: 61.762 Thread 0x00000237ff3d2000 Exception <a 'sun/nio/fs/WindowsException'{0x000000008c8fef90}> (0x000000008c8fef90) thrown at [./src/hotspot/share/prims/jni.cpp, line 615]

Events (20 events):
Event: 62.448 loading class com/android/tools/r8/graph/X0
Event: 62.448 loading class com/android/tools/r8/graph/X0 done
Event: 62.448 loading class com/android/tools/r8/graph/X0
Event: 62.448 loading class com/android/tools/r8/graph/X0 done
Event: 62.448 loading class com/android/tools/r8/graph/X0
Event: 62.448 loading class com/android/tools/r8/graph/X0 done
Event: 62.448 loading class com/android/tools/r8/graph/X0
Event: 62.448 loading class com/android/tools/r8/graph/X0 done
Event: 62.448 loading class com/android/tools/r8/graph/X0
Event: 62.448 loading class com/android/tools/r8/graph/X0 done
Event: 62.448 loading class com/android/tools/r8/internal/j21
Event: 62.448 loading class com/android/tools/r8/internal/j21 done
Event: 62.448 loading class com/android/tools/r8/internal/j21
Event: 62.448 loading class com/android/tools/r8/internal/j21 done
Event: 62.448 loading class com/android/tools/r8/internal/j21
Event: 62.448 loading class com/android/tools/r8/internal/j21 done
Event: 62.448 loading class com/android/tools/r8/internal/j21
Event: 62.448 loading class com/android/tools/r8/internal/j21 done
Event: 62.450 loading class com/android/tools/r8/internal/k21
Event: 62.450 loading class com/android/tools/r8/internal/k21 done


Dynamic libraries:
0x00007ff7c9870000 - 0x00007ff7c987a000 	C:\Program Files\Android\Android Studio\jre\bin\java.exe
0x00007ffd8e0f0000 - 0x00007ffd8e2e5000 	C:\WINDOWS\SYSTEM32\ntdll.dll
0x00007ffd8c690000 - 0x00007ffd8c74e000 	C:\WINDOWS\System32\KERNEL32.DLL
0x00007ffd8b910000 - 0x00007ffd8bbd8000 	C:\WINDOWS\System32\KERNELBASE.dll
0x00007ffd8b810000 - 0x00007ffd8b910000 	C:\WINDOWS\System32\ucrtbase.dll
0x00007ffd872b0000 - 0x00007ffd872c7000 	C:\Program Files\Android\Android Studio\jre\bin\VCRUNTIME140.dll
0x00007ffd872e0000 - 0x00007ffd872f9000 	C:\Program Files\Android\Android Studio\jre\bin\jli.dll
0x00007ffd8d2d0000 - 0x00007ffd8d470000 	C:\WINDOWS\System32\USER32.dll
0x00007ffd8bf50000 - 0x00007ffd8bf72000 	C:\WINDOWS\System32\win32u.dll
0x00007ffd84050000 - 0x00007ffd842ea000 	C:\WINDOWS\WinSxS\amd64_microsoft.windows.common-controls_6595b64144ccf1df_6.0.19041.1110_none_60b5254171f9507e\COMCTL32.dll
0x00007ffd8cfc0000 - 0x00007ffd8cfea000 	C:\WINDOWS\System32\GDI32.dll
0x00007ffd8c150000 - 0x00007ffd8c1ee000 	C:\WINDOWS\System32\msvcrt.dll
0x00007ffd8bff0000 - 0x00007ffd8c0fb000 	C:\WINDOWS\System32\gdi32full.dll
0x00007ffd8bdf0000 - 0x00007ffd8be8d000 	C:\WINDOWS\System32\msvcp_win.dll
0x00007ffd8c1f0000 - 0x00007ffd8c220000 	C:\WINDOWS\System32\IMM32.DLL
0x00007ffd78730000 - 0x00007ffd787cd000 	C:\Program Files\Android\Android Studio\jre\bin\msvcp140.dll
0x00007ffd654e0000 - 0x00007ffd65fb5000 	C:\Program Files\Android\Android Studio\jre\bin\server\jvm.dll
0x00007ffd8d070000 - 0x00007ffd8d11e000 	C:\WINDOWS\System32\ADVAPI32.dll
0x00007ffd8cd60000 - 0x00007ffd8cdfc000 	C:\WINDOWS\System32\sechost.dll
0x00007ffd8d470000 - 0x00007ffd8d595000 	C:\WINDOWS\System32\RPCRT4.dll
0x00007ffd8c750000 - 0x00007ffd8c758000 	C:\WINDOWS\System32\PSAPI.DLL
0x00007ffd87580000 - 0x00007ffd87589000 	C:\WINDOWS\SYSTEM32\WSOCK32.dll
0x00007ffd85bb0000 - 0x00007ffd85bd7000 	C:\WINDOWS\SYSTEM32\WINMM.dll
0x00007ffd86090000 - 0x00007ffd8609a000 	C:\WINDOWS\SYSTEM32\VERSION.dll
0x00007ffd8cf50000 - 0x00007ffd8cfbb000 	C:\WINDOWS\System32\WS2_32.dll
0x00007ffd89670000 - 0x00007ffd89682000 	C:\WINDOWS\SYSTEM32\kernel.appcore.dll
0x00007ffd86610000 - 0x00007ffd86621000 	C:\Program Files\Android\Android Studio\jre\bin\verify.dll
0x00007ffd7d930000 - 0x00007ffd7db14000 	C:\WINDOWS\SYSTEM32\DBGHELP.DLL
0x00007ffd7d840000 - 0x00007ffd7d86c000 	C:\WINDOWS\SYSTEM32\dbgcore.DLL
0x00007ffd8bec0000 - 0x00007ffd8bf42000 	C:\WINDOWS\System32\bcryptPrimitives.dll
0x00007ffd7c460000 - 0x00007ffd7c489000 	C:\Program Files\Android\Android Studio\jre\bin\java.dll
0x00007ffd87350000 - 0x00007ffd8735b000 	C:\Program Files\Android\Android Studio\jre\bin\jimage.dll
0x00007ffd84f40000 - 0x00007ffd84f58000 	C:\Program Files\Android\Android Studio\jre\bin\zip.dll
0x00007ffd8d5a0000 - 0x00007ffd8dce4000 	C:\WINDOWS\System32\SHELL32.dll
0x00007ffd89950000 - 0x00007ffd8a0e4000 	C:\WINDOWS\SYSTEM32\windows.storage.dll
0x00007ffd8c760000 - 0x00007ffd8cab4000 	C:\WINDOWS\System32\combase.dll
0x00007ffd8b1b0000 - 0x00007ffd8b1dc000 	C:\WINDOWS\SYSTEM32\Wldp.dll
0x00007ffd8cbe0000 - 0x00007ffd8cc8d000 	C:\WINDOWS\System32\SHCORE.dll
0x00007ffd8cef0000 - 0x00007ffd8cf45000 	C:\WINDOWS\System32\shlwapi.dll
0x00007ffd8b750000 - 0x00007ffd8b76f000 	C:\WINDOWS\SYSTEM32\profapi.dll
0x00007ffd82b70000 - 0x00007ffd82b8a000 	C:\Program Files\Android\Android Studio\jre\bin\net.dll
0x00007ffd83890000 - 0x00007ffd8399a000 	C:\WINDOWS\SYSTEM32\WINHTTP.dll
0x00007ffd8af10000 - 0x00007ffd8af7a000 	C:\WINDOWS\system32\mswsock.dll
0x00007ffd7c440000 - 0x00007ffd7c454000 	C:\Program Files\Android\Android Studio\jre\bin\nio.dll
0x00007ffd743e0000 - 0x00007ffd74407000 	C:\Users\giorgi\.gradle\native\e1d6ef7f7dcc3fd88c89a11ec53ec762bb8ba0a96d01ffa2cd45eb1d1d8dd5c5\windows-amd64\native-platform.dll
0x00007ffd785e0000 - 0x00007ffd78724000 	C:\Users\giorgi\.gradle\native\5664cfc778a61ccfe75a443a1ab52a65af34e5dc3c78e0209fed803814484fcb\windows-amd64\native-platform-file-events.dll
0x00007ffd86600000 - 0x00007ffd8660a000 	C:\Program Files\Android\Android Studio\jre\bin\management.dll
0x00007ffd83fb0000 - 0x00007ffd83fbd000 	C:\Program Files\Android\Android Studio\jre\bin\management_ext.dll
0x00007ffd8b100000 - 0x00007ffd8b118000 	C:\WINDOWS\SYSTEM32\CRYPTSP.dll
0x00007ffd8a890000 - 0x00007ffd8a8c4000 	C:\WINDOWS\system32\rsaenh.dll
0x00007ffd8be90000 - 0x00007ffd8beb7000 	C:\WINDOWS\System32\bcrypt.dll
0x00007ffd8b710000 - 0x00007ffd8b73e000 	C:\WINDOWS\SYSTEM32\USERENV.dll
0x00007ffd8b120000 - 0x00007ffd8b12c000 	C:\WINDOWS\SYSTEM32\CRYPTBASE.dll
0x00007ffd8ac00000 - 0x00007ffd8ac3b000 	C:\WINDOWS\SYSTEM32\IPHLPAPI.DLL
0x00007ffd8d060000 - 0x00007ffd8d068000 	C:\WINDOWS\System32\NSI.dll
0x00007ffd85140000 - 0x00007ffd85157000 	C:\WINDOWS\SYSTEM32\dhcpcsvc6.DLL
0x00007ffd84f60000 - 0x00007ffd84f7d000 	C:\WINDOWS\SYSTEM32\dhcpcsvc.DLL
0x00007ffd8ac40000 - 0x00007ffd8ad0b000 	C:\WINDOWS\SYSTEM32\DNSAPI.dll
0x00007ffd8a520000 - 0x00007ffd8a553000 	C:\WINDOWS\SYSTEM32\ntmarta.dll

dbghelp: loaded successfully - version: 4.0.5 - missing functions: none
symbol engine: initialized successfully - sym options: 0x614 - pdb path: .;C:\Program Files\Android\Android Studio\jre\bin;C:\WINDOWS\SYSTEM32;C:\WINDOWS\WinSxS\amd64_microsoft.windows.common-controls_6595b64144ccf1df_6.0.19041.1110_none_60b5254171f9507e;C:\Program Files\Android\Android Studio\jre\bin\server;C:\Users\giorgi\.gradle\native\e1d6ef7f7dcc3fd88c89a11ec53ec762bb8ba0a96d01ffa2cd45eb1d1d8dd5c5\windows-amd64;C:\Users\giorgi\.gradle\native\5664cfc778a61ccfe75a443a1ab52a65af34e5dc3c78e0209fed803814484fcb\windows-amd64

VM Arguments:
jvm_args: --add-opens=java.base/java.util=ALL-UNNAMED --add-opens=java.base/java.lang=ALL-UNNAMED --add-opens=java.base/java.lang.invoke=ALL-UNNAMED --add-opens=java.base/java.util=ALL-UNNAMED --add-opens=java.prefs/java.util.prefs=ALL-UNNAMED --add-opens=java.prefs/java.util.prefs=ALL-UNNAMED --add-opens=java.base/java.nio.charset=ALL-UNNAMED --add-opens=java.base/java.net=ALL-UNNAMED --add-opens=java.base/java.util.concurrent.atomic=ALL-UNNAMED -Xmx2048m -Dfile.encoding=UTF-8 -Duser.country=US -Duser.language=en -Duser.variant 
java_command: org.gradle.launcher.daemon.bootstrap.GradleDaemon 7.2
java_class_path (initial): C:\Users\giorgi\.gradle\wrapper\dists\gradle-7.2-bin\2dnblmf4td7x66yl1d74lt32g\gradle-7.2\lib\gradle-launcher-7.2.jar
Launcher Type: SUN_STANDARD

[Global flags]
     intx CICompilerCount                          = 3                                         {product} {ergonomic}
     uint ConcGCThreads                            = 1                                         {product} {ergonomic}
     uint G1ConcRefinementThreads                  = 4                                         {product} {ergonomic}
   size_t G1HeapRegionSize                         = 1048576                                   {product} {ergonomic}
    uintx GCDrainStackTargetSize                   = 64                                        {product} {ergonomic}
   size_t InitialHeapSize                          = 67108864                                  {product} {ergonomic}
   size_t MarkStackSize                            = 4194304                                   {product} {ergonomic}
   size_t MaxHeapSize                              = 2147483648                                {product} {command line}
   size_t MaxNewSize                               = 1287651328                                {product} {ergonomic}
   size_t MinHeapDeltaBytes                        = 1048576                                   {product} {ergonomic}
    uintx NonNMethodCodeHeapSize                   = 5830732                                {pd product} {ergonomic}
    uintx NonProfiledCodeHeapSize                  = 122913754                              {pd product} {ergonomic}
    uintx ProfiledCodeHeapSize                     = 122913754                              {pd product} {ergonomic}
    uintx ReservedCodeCacheSize                    = 251658240                              {pd product} {ergonomic}
     bool SegmentedCodeCache                       = true                                      {product} {ergonomic}
     bool UseCompressedClassPointers               = true                                 {lp64_product} {ergonomic}
     bool UseCompressedOops                        = true                                 {lp64_product} {ergonomic}
     bool UseG1GC                                  = true                                      {product} {ergonomic}
     bool UseLargePagesIndividualAllocation        = false                                  {pd product} {ergonomic}

Logging:
Log output configuration:
 #0: stdout all=warning uptime,level,tags
 #1: stderr all=off uptime,level,tags

Environment Variables:
PATH=C:\Program Files (x86)\VMware\VMware Workstation\bin\;C:\WINDOWS\system32;C:\WINDOWS;C:\WINDOWS\System32\Wbem;C:\WINDOWS\System32\WindowsPowerShell\v1.0\;C:\WINDOWS\System32\OpenSSH\;C:\Program Files\Git\cmd;C:\Program Files\Go\bin;C:\Users\giorgi\AppData\Local\Microsoft\WindowsApps;C:\Users\giorgi\AppData\Local\Programs\Microsoft VS Code\bin;C:\Flutter\flutter\bin;C:\Users\giorgi\go\bin
USERNAME=giorgi
OS=Windows_NT
PROCESSOR_IDENTIFIER=Intel64 Family 6 Model 42 Stepping 7, GenuineIntel



---------------  S Y S T E M  ---------------

OS: Windows 10 , 64 bit Build 19041 (10.0.19041.1645)
OS uptime: 0 days 1:06 hours

CPU:total 4 (initial active 4) (2 cores per cpu, 2 threads per core) family 6 model 42 stepping 7 microcode 0x2f, cmov, cx8, fxsr, mmx, sse, sse2, sse3, ssse3, sse4.1, sse4.2, popcnt, avx, clmul, ht, tsc, tscinvbit

Memory: 4k page, system-wide physical 4078M (229M free)
TotalPageFile size 4078M (AvailPageFile size 2M)
current process WorkingSet (physical memory assigned to process): 365M, peak: 398M
current process commit charge ("private bytes"): 571M, peak: 571M

vm_info: OpenJDK 64-Bit Server VM (11.0.11+9-b60-7590822) for windows-amd64 JRE (11.0.11+9-b60-7590822), built on Jul 29 2021 21:43:44 by "builder" with MS VC++ 14.0 (VS2015)

END.
