#
# There is insufficient memory for the Java Runtime Environment to continue.
# Native memory allocation (malloc) failed to allocate 32744 bytes for ChunkPool::allocate
# Possible reasons:
#   The system is out of physical RAM or swap space
#   The process is running with CompressedOops enabled, and the Java Heap may be blocking the growth of the native heap
# Possible solutions:
#   Reduce memory load on the system
#   Increase physical memory or swap space
#   Check if swap backing store is full
#   Decrease Java heap size (-Xmx/-Xms)
#   Decrease number of Java threads
#   Decrease Java thread stack sizes (-Xss)
#   Set larger code cache with -XX:ReservedCodeCacheSize=
#   JVM is running with Unscaled Compressed Oops mode in which the Java heap is
#     placed in the first 4GB address space. The Java Heap base address is the
#     maximum limit for the native heap growth. Please use -XX:HeapBaseMinAddress
#     to set the Java Heap base and to place the Java Heap above 4GB virtual address.
# This output file may be truncated or incomplete.
#
#  Out of Memory Error (./src/hotspot/share/memory/arena.cpp:81), pid=4732, tid=2344
#
# JRE version: OpenJDK Runtime Environment (11.0.11+9) (build 11.0.11+9-b60-7590822)
# Java VM: OpenJDK 64-Bit Server VM (11.0.11+9-b60-7590822, mixed mode, tiered, compressed oops, g1 gc, windows-amd64)
# No core dump will be written. Minidumps are not enabled by default on client versions of Windows
#

---------------  S U M M A R Y ------------

Command Line: --add-opens=java.base/java.util=ALL-UNNAMED --add-opens=java.base/java.lang=ALL-UNNAMED --add-opens=java.base/java.lang.invoke=ALL-UNNAMED --add-opens=java.base/java.util=ALL-UNNAMED --add-opens=java.prefs/java.util.prefs=ALL-UNNAMED --add-opens=java.prefs/java.util.prefs=ALL-UNNAMED --add-opens=java.base/java.nio.charset=ALL-UNNAMED --add-opens=java.base/java.net=ALL-UNNAMED --add-opens=java.base/java.util.concurrent.atomic=ALL-UNNAMED -Xmx2048m -Dfile.encoding=UTF-8 -Duser.country=US -Duser.language=en -Duser.variant org.gradle.launcher.daemon.bootstrap.GradleDaemon 7.2

Host: Intel(R) Core(TM) i3-2120 CPU @ 3.30GHz, 4 cores, 3G,  Windows 10 , 64 bit Build 19041 (10.0.19041.1645)
Time: Wed Apr 27 01:52:05 2022 Georgian Standard Time elapsed time: 40.064328 seconds (0d 0h 0m 40s)

---------------  T H R E A D  ---------------

Current thread (0x000001497f40e000):  JavaThread "C2 CompilerThread0" daemon [_thread_in_native, id=2344, stack(0x0000003b63d00000,0x0000003b63e00000)]


Current CompileTask:
C2:  40064 11285       4       org.gradle.internal.service.DefaultServiceRegistry$SingletonService::get (5 bytes)

Stack: [0x0000003b63d00000,0x0000003b63e00000]
Native frames: (J=compiled Java code, j=interpreted, Vv=VM code, C=native code)
V  [jvm.dll+0x5f214a]
V  [jvm.dll+0x726fb5]
V  [jvm.dll+0x7285cd]
V  [jvm.dll+0x728c83]
V  [jvm.dll+0x243278]
V  [jvm.dll+0xbc78b]
V  [jvm.dll+0xbca3c]
V  [jvm.dll+0x35926c]
V  [jvm.dll+0x4ecc6e]
V  [jvm.dll+0x4ec083]
V  [jvm.dll+0x4ec856]
V  [jvm.dll+0x198971]
V  [jvm.dll+0x1fc2ee]
V  [jvm.dll+0x1fb3d4]
V  [jvm.dll+0x183d6c]
V  [jvm.dll+0x209a57]
V  [jvm.dll+0x2082a1]
V  [jvm.dll+0x6ef58f]
V  [jvm.dll+0x6e80b5]
V  [jvm.dll+0x5f1036]
C  [ucrtbase.dll+0x21bb2]
C  [KERNEL32.DLL+0x17034]
C  [ntdll.dll+0x52651]


---------------  P R O C E S S  ---------------

Threads class SMR info:
_java_thread_list=0x000001490a327690, length=87, elements={
0x000001496904c800, 0x000001497f3ac000, 0x000001497f3af000, 0x000001497f408000,
0x000001497f409000, 0x000001497f40b000, 0x000001497f40e000, 0x000001497f414800,
0x000001497f418000, 0x0000014904159000, 0x000001490596d800, 0x0000014905ff5000,
0x00000149071b4800, 0x000001490582c800, 0x00000149062bf000, 0x00000149062bf800,
0x0000014906072000, 0x0000014906072800, 0x0000014906ec7800, 0x0000014906e62000,
0x0000014906e5e000, 0x0000014906e5e800, 0x0000014906e5f800, 0x0000014906e61000,
0x0000014906e60800, 0x0000014906e63800, 0x0000014906e62800, 0x0000014906e64800,
0x000001490982e000, 0x0000014909828800, 0x000001490982f000, 0x000001490982b000,
0x000001490982b800, 0x0000014909829000, 0x0000014909835800, 0x000001490982f800,
0x0000014909833000, 0x0000014909836000, 0x0000014909830800, 0x0000014909837000,
0x0000014909832000, 0x0000014909831800, 0x0000014909833800, 0x0000014909834800,
0x0000014909c52000, 0x0000014909c50800, 0x0000014909c53000, 0x0000014909c51000,
0x0000014909c53800, 0x0000014909c4e000, 0x0000014909c4f800, 0x0000014909c54800,
0x0000014909c4e800, 0x0000014909c58800, 0x0000014909c55800, 0x0000014909c59800,
0x0000014909c5b000, 0x0000014909c5c000, 0x0000014909c57000, 0x0000014909c57800,
0x0000014909c5a000, 0x0000014909c56000, 0x0000014909c5c800, 0x00000149046d7000,
0x00000149046d8000, 0x00000149046d8800, 0x00000149046d9800, 0x00000149046da000,
0x00000149046d5800, 0x00000149046db000, 0x00000149046dc000, 0x00000149046d6000,
0x00000149046de800, 0x00000149046e2800, 0x00000149046df000, 0x00000149046e0000,
0x00000149046e1000, 0x00000149046e1800, 0x00000149046dc800, 0x00000149046e3000,
0x00000149046dd800, 0x00000149046e4000, 0x000001490a577000, 0x000001490a575800,
0x000001490a57e800, 0x000001490a57d800, 0x000001490a57d000
}

Java Threads: ( => current thread )
  0x000001496904c800 JavaThread "main" [_thread_blocked, id=2908, stack(0x0000003b63100000,0x0000003b63200000)]
  0x000001497f3ac000 JavaThread "Reference Handler" daemon [_thread_blocked, id=5140, stack(0x0000003b63800000,0x0000003b63900000)]
  0x000001497f3af000 JavaThread "Finalizer" daemon [_thread_blocked, id=2388, stack(0x0000003b63900000,0x0000003b63a00000)]
  0x000001497f408000 JavaThread "Signal Dispatcher" daemon [_thread_blocked, id=5508, stack(0x0000003b63a00000,0x0000003b63b00000)]
  0x000001497f409000 JavaThread "Attach Listener" daemon [_thread_blocked, id=3568, stack(0x0000003b63b00000,0x0000003b63c00000)]
  0x000001497f40b000 JavaThread "Service Thread" daemon [_thread_blocked, id=6684, stack(0x0000003b63c00000,0x0000003b63d00000)]
=>0x000001497f40e000 JavaThread "C2 CompilerThread0" daemon [_thread_in_native, id=2344, stack(0x0000003b63d00000,0x0000003b63e00000)]
  0x000001497f414800 JavaThread "C1 CompilerThread0" daemon [_thread_blocked, id=5664, stack(0x0000003b63e00000,0x0000003b63f00000)]
  0x000001497f418000 JavaThread "Sweeper thread" daemon [_thread_blocked, id=1588, stack(0x0000003b63f00000,0x0000003b64000000)]
  0x0000014904159000 JavaThread "Common-Cleaner" daemon [_thread_blocked, id=2492, stack(0x0000003b64000000,0x0000003b64100000)]
  0x000001490596d800 JavaThread "Daemon health stats" [_thread_blocked, id=3960, stack(0x0000003b64400000,0x0000003b64500000)]
  0x0000014905ff5000 JavaThread "Incoming local TCP Connector on port 49945" [_thread_in_native, id=5816, stack(0x0000003b64700000,0x0000003b64800000)]
  0x00000149071b4800 JavaThread "Daemon periodic checks" [_thread_blocked, id=2296, stack(0x0000003b64800000,0x0000003b64900000)]
  0x000001490582c800 JavaThread "Daemon" [_thread_blocked, id=4504, stack(0x0000003b64900000,0x0000003b64a00000)]
  0x00000149062bf000 JavaThread "Handler for socket connection from /127.0.0.1:49945 to /127.0.0.1:49946" [_thread_in_native, id=3044, stack(0x0000003b64a00000,0x0000003b64b00000)]
  0x00000149062bf800 JavaThread "Cancel handler" [_thread_blocked, id=6332, stack(0x0000003b64b00000,0x0000003b64c00000)]
  0x0000014906072000 JavaThread "Daemon worker" [_thread_in_native, id=2460, stack(0x0000003b64c00000,0x0000003b64d00000)]
  0x0000014906072800 JavaThread "Asynchronous log dispatcher for DefaultDaemonConnection: socket connection from /127.0.0.1:49945 to /127.0.0.1:49946" [_thread_blocked, id=6988, stack(0x0000003b64d00000,0x0000003b64e00000)]
  0x0000014906ec7800 JavaThread "Stdin handler" [_thread_blocked, id=1060, stack(0x0000003b64e00000,0x0000003b64f00000)]
  0x0000014906e62000 JavaThread "Daemon client event forwarder" [_thread_blocked, id=4560, stack(0x0000003b64f00000,0x0000003b65000000)]
  0x0000014906e5e000 JavaThread "Cache worker for journal cache (C:\Users\giorgi\.gradle\caches\journal-1)" [_thread_blocked, id=2916, stack(0x0000003b65000000,0x0000003b65100000)]
  0x0000014906e5e800 JavaThread "File lock request listener" [_thread_in_native, id=6880, stack(0x0000003b65100000,0x0000003b65200000)]
  0x0000014906e5f800 JavaThread "Cache worker for file hash cache (C:\Users\giorgi\.gradle\caches\7.2\fileHashes)" [_thread_blocked, id=2992, stack(0x0000003b65200000,0x0000003b65300000)]
  0x0000014906e61000 JavaThread "Cache worker for file hash cache (C:\Users\giorgi\StudioProjects\altaapp\.gradle\7.2\fileHashes)" [_thread_blocked, id=1804, stack(0x0000003b64200000,0x0000003b64300000)]
  0x0000014906e60800 JavaThread "File watcher server" daemon [_thread_in_native, id=3760, stack(0x0000003b65400000,0x0000003b65500000)]
  0x0000014906e63800 JavaThread "File watcher consumer" daemon [_thread_blocked, id=6816, stack(0x0000003b65500000,0x0000003b65600000)]
  0x0000014906e62800 JavaThread "Cache worker for checksums cache (C:\Users\giorgi\StudioProjects\altaapp\.gradle\checksums)" [_thread_blocked, id=4500, stack(0x0000003b65600000,0x0000003b65700000)]
  0x0000014906e64800 JavaThread "Cache worker for cache directory md-supplier (C:\Users\giorgi\.gradle\caches\7.2\md-supplier)" [_thread_blocked, id=5296, stack(0x0000003b65700000,0x0000003b65800000)]
  0x000001490982e000 JavaThread "Cache worker for cache directory md-rule (C:\Users\giorgi\.gradle\caches\7.2\md-rule)" [_thread_blocked, id=2644, stack(0x0000003b65800000,0x0000003b65900000)]
  0x0000014909828800 JavaThread "Cache worker for execution history cache (C:\Users\giorgi\.gradle\caches\7.2\executionHistory)" [_thread_blocked, id=4280, stack(0x0000003b65900000,0x0000003b65a00000)]
  0x000001490982f000 JavaThread "jar transforms" [_thread_blocked, id=1084, stack(0x0000003b65a00000,0x0000003b65b00000)]
  0x000001490982b000 JavaThread "Cache worker for file content cache (C:\Users\giorgi\.gradle\caches\7.2\fileContent)" [_thread_blocked, id=5568, stack(0x0000003b65b00000,0x0000003b65c00000)]
  0x000001490982b800 JavaThread "jar transforms Thread 2" [_thread_blocked, id=1296, stack(0x0000003b65c00000,0x0000003b65d00000)]
  0x0000014909829000 JavaThread "Cache worker for dependencies-accessors (C:\Users\giorgi\StudioProjects\altaapp\.gradle\7.2\dependencies-accessors)" [_thread_blocked, id=6092, stack(0x0000003b65d00000,0x0000003b65e00000)]
  0x0000014909835800 JavaThread "jar transforms Thread 3" [_thread_blocked, id=804, stack(0x0000003b65e00000,0x0000003b65f00000)]
  0x000001490982f800 JavaThread "Cache worker for Build Output Cleanup Cache (C:\Users\giorgi\StudioProjects\altaapp\.gradle\buildOutputCleanup)" [_thread_blocked, id=6284, stack(0x0000003b65300000,0x0000003b65400000)]
  0x0000014909833000 JavaThread "Unconstrained build operations" [_thread_blocked, id=6696, stack(0x0000003b66000000,0x0000003b66100000)]
  0x0000014909836000 JavaThread "Unconstrained build operations Thread 2" [_thread_blocked, id=6972, stack(0x0000003b66100000,0x0000003b66200000)]
  0x0000014909830800 JavaThread "Unconstrained build operations Thread 3" [_thread_blocked, id=3708, stack(0x0000003b66200000,0x0000003b66300000)]
  0x0000014909837000 JavaThread "Unconstrained build operations Thread 4" [_thread_blocked, id=1532, stack(0x0000003b66300000,0x0000003b66400000)]
  0x0000014909832000 JavaThread "Unconstrained build operations Thread 5" [_thread_blocked, id=2472, stack(0x0000003b66400000,0x0000003b66500000)]
  0x0000014909831800 JavaThread "Unconstrained build operations Thread 6" [_thread_blocked, id=5692, stack(0x0000003b66500000,0x0000003b66600000)]
  0x0000014909833800 JavaThread "Unconstrained build operations Thread 7" [_thread_blocked, id=6580, stack(0x0000003b66600000,0x0000003b66700000)]
  0x0000014909834800 JavaThread "Unconstrained build operations Thread 8" [_thread_blocked, id=5620, stack(0x0000003b66700000,0x0000003b66800000)]
  0x0000014909c52000 JavaThread "Unconstrained build operations Thread 9" [_thread_blocked, id=2988, stack(0x0000003b66800000,0x0000003b66900000)]
  0x0000014909c50800 JavaThread "Unconstrained build operations Thread 10" [_thread_blocked, id=3060, stack(0x0000003b66900000,0x0000003b66a00000)]
  0x0000014909c53000 JavaThread "Unconstrained build operations Thread 11" [_thread_blocked, id=3176, stack(0x0000003b66a00000,0x0000003b66b00000)]
  0x0000014909c51000 JavaThread "Unconstrained build operations Thread 12" [_thread_blocked, id=3776, stack(0x0000003b66b00000,0x0000003b66c00000)]
  0x0000014909c53800 JavaThread "Unconstrained build operations Thread 13" [_thread_blocked, id=6300, stack(0x0000003b66c00000,0x0000003b66d00000)]
  0x0000014909c4e000 JavaThread "Unconstrained build operations Thread 14" [_thread_blocked, id=1096, stack(0x0000003b66d00000,0x0000003b66e00000)]
  0x0000014909c4f800 JavaThread "Unconstrained build operations Thread 15" [_thread_blocked, id=4528, stack(0x0000003b66e00000,0x0000003b66f00000)]
  0x0000014909c54800 JavaThread "Unconstrained build operations Thread 16" [_thread_blocked, id=1904, stack(0x0000003b66f00000,0x0000003b67000000)]
  0x0000014909c4e800 JavaThread "Unconstrained build operations Thread 17" [_thread_blocked, id=2484, stack(0x0000003b67000000,0x0000003b67100000)]
  0x0000014909c58800 JavaThread "Unconstrained build operations Thread 18" [_thread_blocked, id=4180, stack(0x0000003b67100000,0x0000003b67200000)]
  0x0000014909c55800 JavaThread "Unconstrained build operations Thread 19" [_thread_blocked, id=2128, stack(0x0000003b67200000,0x0000003b67300000)]
  0x0000014909c59800 JavaThread "Unconstrained build operations Thread 20" [_thread_blocked, id=2612, stack(0x0000003b67300000,0x0000003b67400000)]
  0x0000014909c5b000 JavaThread "Unconstrained build operations Thread 21" [_thread_blocked, id=6636, stack(0x0000003b67400000,0x0000003b67500000)]
  0x0000014909c5c000 JavaThread "Unconstrained build operations Thread 22" [_thread_blocked, id=1544, stack(0x0000003b67500000,0x0000003b67600000)]
  0x0000014909c57000 JavaThread "Unconstrained build operations Thread 23" [_thread_blocked, id=5672, stack(0x0000003b67600000,0x0000003b67700000)]
  0x0000014909c57800 JavaThread "Unconstrained build operations Thread 24" [_thread_blocked, id=6272, stack(0x0000003b67700000,0x0000003b67800000)]
  0x0000014909c5a000 JavaThread "Unconstrained build operations Thread 25" [_thread_blocked, id=188, stack(0x0000003b67800000,0x0000003b67900000)]
  0x0000014909c56000 JavaThread "Unconstrained build operations Thread 26" [_thread_blocked, id=3964, stack(0x0000003b67900000,0x0000003b67a00000)]
  0x0000014909c5c800 JavaThread "Unconstrained build operations Thread 27" [_thread_blocked, id=5680, stack(0x0000003b67a00000,0x0000003b67b00000)]
  0x00000149046d7000 JavaThread "Unconstrained build operations Thread 28" [_thread_blocked, id=5828, stack(0x0000003b67b00000,0x0000003b67c00000)]
  0x00000149046d8000 JavaThread "Unconstrained build operations Thread 29" [_thread_blocked, id=6600, stack(0x0000003b67c00000,0x0000003b67d00000)]
  0x00000149046d8800 JavaThread "Unconstrained build operations Thread 30" [_thread_blocked, id=2744, stack(0x0000003b67d00000,0x0000003b67e00000)]
  0x00000149046d9800 JavaThread "Unconstrained build operations Thread 31" [_thread_blocked, id=2596, stack(0x0000003b67e00000,0x0000003b67f00000)]
  0x00000149046da000 JavaThread "Unconstrained build operations Thread 32" [_thread_blocked, id=5088, stack(0x0000003b67f00000,0x0000003b68000000)]
  0x00000149046d5800 JavaThread "Unconstrained build operations Thread 33" [_thread_blocked, id=6176, stack(0x0000003b68000000,0x0000003b68100000)]
  0x00000149046db000 JavaThread "Unconstrained build operations Thread 34" [_thread_blocked, id=5156, stack(0x0000003b68100000,0x0000003b68200000)]
  0x00000149046dc000 JavaThread "Unconstrained build operations Thread 35" [_thread_blocked, id=4692, stack(0x0000003b68200000,0x0000003b68300000)]
  0x00000149046d6000 JavaThread "Unconstrained build operations Thread 36" [_thread_blocked, id=4128, stack(0x0000003b68300000,0x0000003b68400000)]
  0x00000149046de800 JavaThread "Unconstrained build operations Thread 37" [_thread_blocked, id=5420, stack(0x0000003b68400000,0x0000003b68500000)]
  0x00000149046e2800 JavaThread "Unconstrained build operations Thread 38" [_thread_blocked, id=5984, stack(0x0000003b68500000,0x0000003b68600000)]
  0x00000149046df000 JavaThread "Unconstrained build operations Thread 39" [_thread_blocked, id=5064, stack(0x0000003b68600000,0x0000003b68700000)]
  0x00000149046e0000 JavaThread "Unconstrained build operations Thread 40" [_thread_blocked, id=3048, stack(0x0000003b68700000,0x0000003b68800000)]
  0x00000149046e1000 JavaThread "jar transforms Thread 4" [_thread_blocked, id=1448, stack(0x0000003b68800000,0x0000003b68900000)]
  0x00000149046e1800 JavaThread "Memory manager" [_thread_blocked, id=5500, stack(0x0000003b65f00000,0x0000003b66000000)]
  0x00000149046dc800 JavaThread "build event listener" [_thread_blocked, id=420, stack(0x0000003b68900000,0x0000003b68a00000)]
  0x00000149046e3000 JavaThread "Execution worker for ':'" [_thread_blocked, id=5704, stack(0x0000003b68a00000,0x0000003b68b00000)]
  0x00000149046dd800 JavaThread "Execution worker for ':' Thread 2" [_thread_blocked, id=1948, stack(0x0000003b68b00000,0x0000003b68c00000)]
  0x00000149046e4000 JavaThread "Execution worker for ':' Thread 3" [_thread_blocked, id=3428, stack(0x0000003b68c00000,0x0000003b68d00000)]
  0x000001490a577000 JavaThread "Cache worker for execution history cache (C:\Users\giorgi\StudioProjects\altaapp\.gradle\7.2\executionHistory)" [_thread_blocked, id=5748, stack(0x0000003b68d00000,0x0000003b68e00000)]
  0x000001490a575800 JavaThread "WorkerExecutor Queue" [_thread_blocked, id=5244, stack(0x0000003b68e00000,0x0000003b68f00000)]
  0x000001490a57e800 JavaThread "WorkerExecutor Queue Thread 2" [_thread_blocked, id=1072, stack(0x0000003b69400000,0x0000003b69500000)]
  0x000001490a57d800 JavaThread "WorkerExecutor Queue Thread 3" [_thread_in_native, id=2536, stack(0x0000003b69500000,0x0000003b69600000)]
  0x000001490a57d000 JavaThread "WorkerExecutor Queue Thread 4" [_thread_blocked, id=1796, stack(0x0000003b69600000,0x0000003b69700000)]

Other Threads:
  0x000001497f3a5800 VMThread "VM Thread" [stack: 0x0000003b63700000,0x0000003b63800000] [id=6524]
  0x000001490416c800 WatcherThread [stack: 0x0000003b64100000,0x0000003b64200000] [id=1116]
  0x0000014969065800 GCTaskThread "GC Thread#0" [stack: 0x0000003b63200000,0x0000003b63300000] [id=3544]
  0x0000014904772000 GCTaskThread "GC Thread#1" [stack: 0x0000003b64300000,0x0000003b64400000] [id=6064]
  0x0000014905ba8800 GCTaskThread "GC Thread#2" [stack: 0x0000003b64500000,0x0000003b64600000] [id=4568]
  0x000001490545c000 GCTaskThread "GC Thread#3" [stack: 0x0000003b64600000,0x0000003b64700000] [id=6260]
  0x0000014969097000 ConcurrentGCThread "G1 Main Marker" [stack: 0x0000003b63300000,0x0000003b63400000] [id=5752]
  0x0000014969099000 ConcurrentGCThread "G1 Conc#0" [stack: 0x0000003b63400000,0x0000003b63500000] [id=5164]
  0x00000149690f1000 ConcurrentGCThread "G1 Refine#0" [stack: 0x0000003b63500000,0x0000003b63600000] [id=2136]
  0x00000149690f2000 ConcurrentGCThread "G1 Young RemSet Sampling" [stack: 0x0000003b63600000,0x0000003b63700000] [id=2124]

Threads with active compile tasks:
C2 CompilerThread0  40951 11285       4       org.gradle.internal.service.DefaultServiceRegistry$SingletonService::get (5 bytes)

VM state:not at safepoint (normal execution)

VM Mutex/Monitor currently owned by a thread: None

Heap address: 0x0000000080000000, size: 2048 MB, Compressed Oops mode: 32-bit
Narrow klass base: 0x0000000000000000, Narrow klass shift: 3
Compressed class space size: 1073741824 Address: 0x0000000100000000

Heap:
 garbage-first heap   total 199680K, used 110750K [0x0000000080000000, 0x0000000100000000)
  region size 1024K, 9 young (9216K), 5 survivors (5120K)
 Metaspace       used 91153K, capacity 93340K, committed 93440K, reserved 1130496K
  class space    used 11733K, capacity 12501K, committed 12544K, reserved 1048576K
Heap Regions: E=young(eden), S=young(survivor), O=old, HS=humongous(starts), HC=humongous(continues), CS=collection set, F=free, A=archive, TAMS=top-at-mark-start (previous, next)
|   0|0x0000000080000000, 0x0000000080100000, 0x0000000080100000|100%| O|  |TAMS 0x0000000080100000, 0x0000000080000000| Untracked 
|   1|0x0000000080100000, 0x0000000080200000, 0x0000000080200000|100%| O|  |TAMS 0x0000000080200000, 0x0000000080100000| Untracked 
|   2|0x0000000080200000, 0x0000000080300000, 0x0000000080300000|100%| O|  |TAMS 0x0000000080300000, 0x0000000080200000| Untracked 
|   3|0x0000000080300000, 0x0000000080400000, 0x0000000080400000|100%|HS|  |TAMS 0x0000000080400000, 0x0000000080300000| Complete 
|   4|0x0000000080400000, 0x0000000080500000, 0x0000000080500000|100%|HC|  |TAMS 0x0000000080500000, 0x0000000080400000| Complete 
|   5|0x0000000080500000, 0x0000000080600000, 0x0000000080600000|100%|HC|  |TAMS 0x0000000080600000, 0x0000000080500000| Complete 
|   6|0x0000000080600000, 0x0000000080700000, 0x0000000080700000|100%| O|  |TAMS 0x0000000080700000, 0x0000000080600000| Untracked 
|   7|0x0000000080700000, 0x0000000080800000, 0x0000000080800000|100%| O|  |TAMS 0x0000000080800000, 0x0000000080700000| Untracked 
|   8|0x0000000080800000, 0x0000000080900000, 0x0000000080900000|100%| O|  |TAMS 0x0000000080900000, 0x0000000080800000| Untracked 
|   9|0x0000000080900000, 0x0000000080a00000, 0x0000000080a00000|100%| O|  |TAMS 0x0000000080a00000, 0x0000000080900000| Untracked 
|  10|0x0000000080a00000, 0x0000000080b00000, 0x0000000080b00000|100%| O|  |TAMS 0x0000000080b00000, 0x0000000080a00000| Untracked 
|  11|0x0000000080b00000, 0x0000000080c00000, 0x0000000080c00000|100%| O|  |TAMS 0x0000000080c00000, 0x0000000080b00000| Untracked 
|  12|0x0000000080c00000, 0x0000000080d00000, 0x0000000080d00000|100%| O|  |TAMS 0x0000000080d00000, 0x0000000080c00000| Untracked 
|  13|0x0000000080d00000, 0x0000000080e00000, 0x0000000080e00000|100%| O|  |TAMS 0x0000000080e00000, 0x0000000080d00000| Untracked 
|  14|0x0000000080e00000, 0x0000000080f00000, 0x0000000080f00000|100%| O|  |TAMS 0x0000000080f00000, 0x0000000080e00000| Untracked 
|  15|0x0000000080f00000, 0x0000000081000000, 0x0000000081000000|100%| O|  |TAMS 0x0000000081000000, 0x0000000080f00000| Untracked 
|  16|0x0000000081000000, 0x0000000081100000, 0x0000000081100000|100%| O|  |TAMS 0x0000000081100000, 0x0000000081000000| Untracked 
|  17|0x0000000081100000, 0x0000000081200000, 0x0000000081200000|100%| O|  |TAMS 0x0000000081200000, 0x0000000081100000| Untracked 
|  18|0x0000000081200000, 0x0000000081300000, 0x0000000081300000|100%| O|  |TAMS 0x0000000081300000, 0x0000000081200000| Untracked 
|  19|0x0000000081300000, 0x0000000081400000, 0x0000000081400000|100%| O|  |TAMS 0x0000000081400000, 0x0000000081300000| Untracked 
|  20|0x0000000081400000, 0x0000000081500000, 0x0000000081500000|100%| O|  |TAMS 0x0000000081500000, 0x0000000081400000| Untracked 
|  21|0x0000000081500000, 0x0000000081600000, 0x0000000081600000|100%| O|  |TAMS 0x0000000081600000, 0x0000000081500000| Untracked 
|  22|0x0000000081600000, 0x0000000081700000, 0x0000000081700000|100%| O|  |TAMS 0x0000000081700000, 0x0000000081600000| Untracked 
|  23|0x0000000081700000, 0x0000000081800000, 0x0000000081800000|100%| O|  |TAMS 0x0000000081800000, 0x0000000081700000| Untracked 
|  24|0x0000000081800000, 0x0000000081900000, 0x0000000081900000|100%| O|  |TAMS 0x0000000081900000, 0x0000000081800000| Untracked 
|  25|0x0000000081900000, 0x0000000081a00000, 0x0000000081a00000|100%| O|  |TAMS 0x0000000081a00000, 0x0000000081900000| Untracked 
|  26|0x0000000081a00000, 0x0000000081b00000, 0x0000000081b00000|100%| O|  |TAMS 0x0000000081b00000, 0x0000000081a00000| Untracked 
|  27|0x0000000081b00000, 0x0000000081c00000, 0x0000000081c00000|100%| O|  |TAMS 0x0000000081c00000, 0x0000000081b00000| Untracked 
|  28|0x0000000081c00000, 0x0000000081d00000, 0x0000000081d00000|100%|HS|  |TAMS 0x0000000081d00000, 0x0000000081c00000| Complete 
|  29|0x0000000081d00000, 0x0000000081e00000, 0x0000000081e00000|100%|HS|  |TAMS 0x0000000081e00000, 0x0000000081d00000| Complete 
|  30|0x0000000081e00000, 0x0000000081f00000, 0x0000000081f00000|100%|HS|  |TAMS 0x0000000081f00000, 0x0000000081e00000| Complete 
|  31|0x0000000081f00000, 0x0000000082000000, 0x0000000082000000|100%|HS|  |TAMS 0x0000000082000000, 0x0000000081f00000| Complete 
|  32|0x0000000082000000, 0x0000000082100000, 0x0000000082100000|100%|HS|  |TAMS 0x0000000082100000, 0x0000000082000000| Complete 
|  33|0x0000000082100000, 0x0000000082200000, 0x0000000082200000|100%|HC|  |TAMS 0x0000000082200000, 0x0000000082100000| Complete 
|  34|0x0000000082200000, 0x0000000082300000, 0x0000000082300000|100%|HC|  |TAMS 0x0000000082300000, 0x0000000082200000| Complete 
|  35|0x0000000082300000, 0x0000000082400000, 0x0000000082400000|100%|HS|  |TAMS 0x0000000082400000, 0x0000000082300000| Complete 
|  36|0x0000000082400000, 0x0000000082500000, 0x0000000082500000|100%|HC|  |TAMS 0x0000000082500000, 0x0000000082400000| Complete 
|  37|0x0000000082500000, 0x0000000082600000, 0x0000000082600000|100%| O|  |TAMS 0x0000000082600000, 0x0000000082500000| Untracked 
|  38|0x0000000082600000, 0x0000000082700000, 0x0000000082700000|100%| O|  |TAMS 0x0000000082700000, 0x0000000082600000| Untracked 
|  39|0x0000000082700000, 0x0000000082800000, 0x0000000082800000|100%| O|  |TAMS 0x0000000082800000, 0x0000000082700000| Untracked 
|  40|0x0000000082800000, 0x0000000082900000, 0x0000000082900000|100%| O|  |TAMS 0x0000000082900000, 0x0000000082800000| Untracked 
|  41|0x0000000082900000, 0x0000000082a00000, 0x0000000082a00000|100%| O|  |TAMS 0x0000000082a00000, 0x0000000082900000| Untracked 
|  42|0x0000000082a00000, 0x0000000082b00000, 0x0000000082b00000|100%| O|  |TAMS 0x0000000082b00000, 0x0000000082a00000| Untracked 
|  43|0x0000000082b00000, 0x0000000082c00000, 0x0000000082c00000|100%| O|  |TAMS 0x0000000082c00000, 0x0000000082b00000| Untracked 
|  44|0x0000000082c00000, 0x0000000082d00000, 0x0000000082d00000|100%| O|  |TAMS 0x0000000082d00000, 0x0000000082c00000| Untracked 
|  45|0x0000000082d00000, 0x0000000082e00000, 0x0000000082e00000|100%| O|  |TAMS 0x0000000082e00000, 0x0000000082d00000| Untracked 
|  46|0x0000000082e00000, 0x0000000082f00000, 0x0000000082f00000|100%| O|  |TAMS 0x0000000082f00000, 0x0000000082e00000| Untracked 
|  47|0x0000000082f00000, 0x0000000083000000, 0x0000000083000000|100%| O|  |TAMS 0x0000000083000000, 0x0000000082f00000| Untracked 
|  48|0x0000000083000000, 0x0000000083100000, 0x0000000083100000|100%| O|  |TAMS 0x0000000083100000, 0x0000000083000000| Untracked 
|  49|0x0000000083100000, 0x0000000083200000, 0x0000000083200000|100%| O|  |TAMS 0x0000000083200000, 0x0000000083100000| Untracked 
|  50|0x0000000083200000, 0x0000000083300000, 0x0000000083300000|100%| O|  |TAMS 0x0000000083300000, 0x0000000083200000| Untracked 
|  51|0x0000000083300000, 0x0000000083400000, 0x0000000083400000|100%| O|  |TAMS 0x0000000083400000, 0x0000000083300000| Untracked 
|  52|0x0000000083400000, 0x0000000083500000, 0x0000000083500000|100%| O|  |TAMS 0x0000000083500000, 0x0000000083400000| Untracked 
|  53|0x0000000083500000, 0x0000000083600000, 0x0000000083600000|100%| O|  |TAMS 0x0000000083600000, 0x0000000083500000| Untracked 
|  54|0x0000000083600000, 0x0000000083700000, 0x0000000083700000|100%| O|  |TAMS 0x0000000083700000, 0x0000000083600000| Untracked 
|  55|0x0000000083700000, 0x0000000083800000, 0x0000000083800000|100%| O|  |TAMS 0x0000000083800000, 0x0000000083700000| Untracked 
|  56|0x0000000083800000, 0x0000000083900000, 0x0000000083900000|100%| O|  |TAMS 0x0000000083900000, 0x0000000083800000| Untracked 
|  57|0x0000000083900000, 0x0000000083a00000, 0x0000000083a00000|100%| O|  |TAMS 0x0000000083a00000, 0x0000000083900000| Untracked 
|  58|0x0000000083a00000, 0x0000000083b00000, 0x0000000083b00000|100%| O|  |TAMS 0x0000000083b00000, 0x0000000083a00000| Untracked 
|  59|0x0000000083b00000, 0x0000000083c00000, 0x0000000083c00000|100%| O|  |TAMS 0x0000000083c00000, 0x0000000083b00000| Untracked 
|  60|0x0000000083c00000, 0x0000000083d00000, 0x0000000083d00000|100%| O|  |TAMS 0x0000000083d00000, 0x0000000083c00000| Untracked 
|  61|0x0000000083d00000, 0x0000000083e00000, 0x0000000083e00000|100%| O|  |TAMS 0x0000000083e00000, 0x0000000083d00000| Untracked 
|  62|0x0000000083e00000, 0x0000000083f00000, 0x0000000083f00000|100%| O|  |TAMS 0x0000000083f00000, 0x0000000083e00000| Untracked 
|  63|0x0000000083f00000, 0x0000000084000000, 0x0000000084000000|100%| O|  |TAMS 0x0000000084000000, 0x0000000083f00000| Untracked 
|  64|0x0000000084000000, 0x0000000084100000, 0x0000000084100000|100%| O|  |TAMS 0x0000000084100000, 0x0000000084000000| Untracked 
|  65|0x0000000084100000, 0x0000000084200000, 0x0000000084200000|100%| O|  |TAMS 0x0000000084200000, 0x0000000084100000| Untracked 
|  66|0x0000000084200000, 0x0000000084300000, 0x0000000084300000|100%| O|  |TAMS 0x0000000084300000, 0x0000000084200000| Untracked 
|  67|0x0000000084300000, 0x0000000084400000, 0x0000000084400000|100%| O|  |TAMS 0x0000000084400000, 0x0000000084300000| Untracked 
|  68|0x0000000084400000, 0x0000000084500000, 0x0000000084500000|100%| O|  |TAMS 0x0000000084500000, 0x0000000084400000| Untracked 
|  69|0x0000000084500000, 0x0000000084600000, 0x0000000084600000|100%| O|  |TAMS 0x0000000084600000, 0x0000000084500000| Untracked 
|  70|0x0000000084600000, 0x0000000084700000, 0x0000000084700000|100%| O|  |TAMS 0x0000000084700000, 0x0000000084600000| Untracked 
|  71|0x0000000084700000, 0x0000000084800000, 0x0000000084800000|100%| O|  |TAMS 0x0000000084800000, 0x0000000084700000| Untracked 
|  72|0x0000000084800000, 0x0000000084900000, 0x0000000084900000|100%| O|  |TAMS 0x0000000084900000, 0x0000000084800000| Untracked 
|  73|0x0000000084900000, 0x0000000084a00000, 0x0000000084a00000|100%| O|  |TAMS 0x0000000084a00000, 0x0000000084900000| Untracked 
|  74|0x0000000084a00000, 0x0000000084b00000, 0x0000000084b00000|100%| O|  |TAMS 0x0000000084b00000, 0x0000000084a00000| Untracked 
|  75|0x0000000084b00000, 0x0000000084c00000, 0x0000000084c00000|100%| O|  |TAMS 0x0000000084c00000, 0x0000000084b00000| Untracked 
|  76|0x0000000084c00000, 0x0000000084d00000, 0x0000000084d00000|100%| O|  |TAMS 0x0000000084d00000, 0x0000000084c00000| Untracked 
|  77|0x0000000084d00000, 0x0000000084e00000, 0x0000000084e00000|100%| O|  |TAMS 0x0000000084e00000, 0x0000000084d00000| Untracked 
|  78|0x0000000084e00000, 0x0000000084f00000, 0x0000000084f00000|100%| O|  |TAMS 0x0000000084f00000, 0x0000000084e00000| Untracked 
|  79|0x0000000084f00000, 0x0000000085000000, 0x0000000085000000|100%| O|  |TAMS 0x0000000085000000, 0x0000000084f00000| Untracked 
|  80|0x0000000085000000, 0x0000000085100000, 0x0000000085100000|100%| O|  |TAMS 0x0000000085100000, 0x0000000085000000| Untracked 
|  81|0x0000000085100000, 0x0000000085200000, 0x0000000085200000|100%|HS|  |TAMS 0x0000000085200000, 0x0000000085100000| Complete 
|  82|0x0000000085200000, 0x0000000085300000, 0x0000000085300000|100%|HC|  |TAMS 0x0000000085300000, 0x0000000085200000| Complete 
|  83|0x0000000085300000, 0x0000000085400000, 0x0000000085400000|100%|HS|  |TAMS 0x0000000085400000, 0x0000000085300000| Complete 
|  84|0x0000000085400000, 0x0000000085500000, 0x0000000085500000|100%|HS|  |TAMS 0x0000000085500000, 0x0000000085400000| Complete 
|  85|0x0000000085500000, 0x0000000085600000, 0x0000000085600000|100%|HC|  |TAMS 0x0000000085600000, 0x0000000085500000| Complete 
|  86|0x0000000085600000, 0x0000000085700000, 0x0000000085700000|100%|HS|  |TAMS 0x0000000085700000, 0x0000000085600000| Complete 
|  87|0x0000000085700000, 0x0000000085800000, 0x0000000085800000|100%|HS|  |TAMS 0x0000000085800000, 0x0000000085700000| Complete 
|  88|0x0000000085800000, 0x0000000085900000, 0x0000000085900000|100%| O|  |TAMS 0x0000000085900000, 0x0000000085800000| Untracked 
|  89|0x0000000085900000, 0x0000000085a00000, 0x0000000085a00000|100%| O|  |TAMS 0x0000000085a00000, 0x0000000085900000| Untracked 
|  90|0x0000000085a00000, 0x0000000085b00000, 0x0000000085b00000|100%| O|  |TAMS 0x0000000085b00000, 0x0000000085a00000| Untracked 
|  91|0x0000000085b00000, 0x0000000085c00000, 0x0000000085c00000|100%| O|  |TAMS 0x0000000085c00000, 0x0000000085b00000| Untracked 
|  92|0x0000000085c00000, 0x0000000085d00000, 0x0000000085d00000|100%|HS|  |TAMS 0x0000000085d00000, 0x0000000085c00000| Complete 
|  93|0x0000000085d00000, 0x0000000085e00000, 0x0000000085e00000|100%| O|  |TAMS 0x0000000085e00000, 0x0000000085d00000| Untracked 
|  94|0x0000000085e00000, 0x0000000085f00000, 0x0000000085f00000|100%| O|  |TAMS 0x0000000085f00000, 0x0000000085e00000| Untracked 
|  95|0x0000000085f00000, 0x0000000086000000, 0x0000000086000000|100%| O|  |TAMS 0x0000000086000000, 0x0000000085f00000| Untracked 
|  96|0x0000000086000000, 0x0000000086100000, 0x0000000086100000|100%| O|  |TAMS 0x0000000086100000, 0x0000000086000000| Untracked 
|  97|0x0000000086100000, 0x0000000086127c00, 0x0000000086200000| 15%| O|  |TAMS 0x0000000086127c00, 0x0000000086100000| Untracked 
|  98|0x0000000086200000, 0x0000000086300000, 0x0000000086300000|100%|HS|  |TAMS 0x0000000086300000, 0x0000000086200000| Complete 
|  99|0x0000000086300000, 0x0000000086400000, 0x0000000086400000|100%|HS|  |TAMS 0x0000000086300000, 0x0000000086300000| Complete 
| 100|0x0000000086400000, 0x0000000086500000, 0x0000000086500000|100%|HC|  |TAMS 0x0000000086400000, 0x0000000086400000| Complete 
| 101|0x0000000086500000, 0x0000000086600000, 0x0000000086600000|100%|HC|  |TAMS 0x0000000086500000, 0x0000000086500000| Complete 
| 102|0x0000000086600000, 0x0000000086600000, 0x0000000086700000|  0%| F|  |TAMS 0x0000000086600000, 0x0000000086600000| Untracked 
| 103|0x0000000086700000, 0x0000000086700000, 0x0000000086800000|  0%| F|  |TAMS 0x0000000086700000, 0x0000000086700000| Untracked 
| 104|0x0000000086800000, 0x0000000086800000, 0x0000000086900000|  0%| F|  |TAMS 0x0000000086800000, 0x0000000086800000| Untracked 
| 105|0x0000000086900000, 0x0000000086900000, 0x0000000086a00000|  0%| F|  |TAMS 0x0000000086900000, 0x0000000086900000| Untracked 
| 106|0x0000000086a00000, 0x0000000086a00000, 0x0000000086b00000|  0%| F|  |TAMS 0x0000000086a00000, 0x0000000086a00000| Untracked 
| 107|0x0000000086b00000, 0x0000000086b00000, 0x0000000086c00000|  0%| F|  |TAMS 0x0000000086b00000, 0x0000000086b00000| Untracked 
| 108|0x0000000086c00000, 0x0000000086c00000, 0x0000000086d00000|  0%| F|  |TAMS 0x0000000086c00000, 0x0000000086c00000| Untracked 
| 109|0x0000000086d00000, 0x0000000086d00000, 0x0000000086e00000|  0%| F|  |TAMS 0x0000000086d00000, 0x0000000086d00000| Untracked 
| 110|0x0000000086e00000, 0x0000000086e00000, 0x0000000086f00000|  0%| F|  |TAMS 0x0000000086e00000, 0x0000000086e00000| Untracked 
| 111|0x0000000086f00000, 0x0000000086f00000, 0x0000000087000000|  0%| F|  |TAMS 0x0000000086f00000, 0x0000000086f00000| Untracked 
| 112|0x0000000087000000, 0x0000000087000000, 0x0000000087100000|  0%| F|  |TAMS 0x0000000087000000, 0x0000000087000000| Untracked 
| 113|0x0000000087100000, 0x0000000087100000, 0x0000000087200000|  0%| F|  |TAMS 0x0000000087100000, 0x0000000087100000| Untracked 
| 114|0x0000000087200000, 0x0000000087200000, 0x0000000087300000|  0%| F|  |TAMS 0x0000000087200000, 0x0000000087200000| Untracked 
| 115|0x0000000087300000, 0x0000000087300000, 0x0000000087400000|  0%| F|  |TAMS 0x0000000087300000, 0x0000000087300000| Untracked 
| 116|0x0000000087400000, 0x0000000087400000, 0x0000000087500000|  0%| F|  |TAMS 0x0000000087400000, 0x0000000087400000| Untracked 
| 117|0x0000000087500000, 0x0000000087500000, 0x0000000087600000|  0%| F|  |TAMS 0x0000000087500000, 0x0000000087500000| Untracked 
| 118|0x0000000087600000, 0x0000000087600000, 0x0000000087700000|  0%| F|  |TAMS 0x0000000087600000, 0x0000000087600000| Untracked 
| 119|0x0000000087700000, 0x0000000087700000, 0x0000000087800000|  0%| F|  |TAMS 0x0000000087700000, 0x0000000087700000| Untracked 
| 120|0x0000000087800000, 0x0000000087800000, 0x0000000087900000|  0%| F|  |TAMS 0x0000000087800000, 0x0000000087800000| Untracked 
| 121|0x0000000087900000, 0x0000000087900000, 0x0000000087a00000|  0%| F|  |TAMS 0x0000000087900000, 0x0000000087900000| Untracked 
| 122|0x0000000087a00000, 0x0000000087a00000, 0x0000000087b00000|  0%| F|  |TAMS 0x0000000087a00000, 0x0000000087a00000| Untracked 
| 123|0x0000000087b00000, 0x0000000087b00000, 0x0000000087c00000|  0%| F|  |TAMS 0x0000000087b00000, 0x0000000087b00000| Untracked 
| 124|0x0000000087c00000, 0x0000000087c00000, 0x0000000087d00000|  0%| F|  |TAMS 0x0000000087c00000, 0x0000000087c00000| Untracked 
| 125|0x0000000087d00000, 0x0000000087d00000, 0x0000000087e00000|  0%| F|  |TAMS 0x0000000087d00000, 0x0000000087d00000| Untracked 
| 126|0x0000000087e00000, 0x0000000087e00000, 0x0000000087f00000|  0%| F|  |TAMS 0x0000000087e00000, 0x0000000087e00000| Untracked 
| 127|0x0000000087f00000, 0x0000000087f00000, 0x0000000088000000|  0%| F|  |TAMS 0x0000000087f00000, 0x0000000087f00000| Untracked 
| 128|0x0000000088000000, 0x0000000088000000, 0x0000000088100000|  0%| F|  |TAMS 0x0000000088000000, 0x0000000088000000| Untracked 
| 129|0x0000000088100000, 0x0000000088100000, 0x0000000088200000|  0%| F|  |TAMS 0x0000000088100000, 0x0000000088100000| Untracked 
| 130|0x0000000088200000, 0x0000000088200000, 0x0000000088300000|  0%| F|  |TAMS 0x0000000088200000, 0x0000000088200000| Untracked 
| 131|0x0000000088300000, 0x0000000088300000, 0x0000000088400000|  0%| F|  |TAMS 0x0000000088300000, 0x0000000088300000| Untracked 
| 132|0x0000000088400000, 0x0000000088400000, 0x0000000088500000|  0%| F|  |TAMS 0x0000000088400000, 0x0000000088400000| Untracked 
| 133|0x0000000088500000, 0x0000000088500000, 0x0000000088600000|  0%| F|  |TAMS 0x0000000088500000, 0x0000000088500000| Untracked 
| 134|0x0000000088600000, 0x0000000088600000, 0x0000000088700000|  0%| F|  |TAMS 0x0000000088600000, 0x0000000088600000| Untracked 
| 135|0x0000000088700000, 0x0000000088700000, 0x0000000088800000|  0%| F|  |TAMS 0x0000000088700000, 0x0000000088700000| Untracked 
| 136|0x0000000088800000, 0x0000000088800000, 0x0000000088900000|  0%| F|  |TAMS 0x0000000088800000, 0x0000000088800000| Untracked 
| 137|0x0000000088900000, 0x0000000088900000, 0x0000000088a00000|  0%| F|  |TAMS 0x0000000088900000, 0x0000000088900000| Untracked 
| 138|0x0000000088a00000, 0x0000000088a00000, 0x0000000088b00000|  0%| F|  |TAMS 0x0000000088a00000, 0x0000000088a00000| Untracked 
| 139|0x0000000088b00000, 0x0000000088b00000, 0x0000000088c00000|  0%| F|  |TAMS 0x0000000088b00000, 0x0000000088b00000| Untracked 
| 140|0x0000000088c00000, 0x0000000088c00000, 0x0000000088d00000|  0%| F|  |TAMS 0x0000000088c00000, 0x0000000088c00000| Untracked 
| 141|0x0000000088d00000, 0x0000000088d00000, 0x0000000088e00000|  0%| F|  |TAMS 0x0000000088d00000, 0x0000000088d00000| Untracked 
| 142|0x0000000088e00000, 0x0000000088e00000, 0x0000000088f00000|  0%| F|  |TAMS 0x0000000088e00000, 0x0000000088e00000| Untracked 
| 143|0x0000000088f00000, 0x0000000088f00000, 0x0000000089000000|  0%| F|  |TAMS 0x0000000088f00000, 0x0000000088f00000| Untracked 
| 144|0x0000000089000000, 0x0000000089000000, 0x0000000089100000|  0%| F|  |TAMS 0x0000000089000000, 0x0000000089000000| Untracked 
| 145|0x0000000089100000, 0x0000000089100000, 0x0000000089200000|  0%| F|  |TAMS 0x0000000089100000, 0x0000000089100000| Untracked 
| 146|0x0000000089200000, 0x0000000089200000, 0x0000000089300000|  0%| F|  |TAMS 0x0000000089200000, 0x0000000089200000| Untracked 
| 147|0x0000000089300000, 0x0000000089300000, 0x0000000089400000|  0%| F|  |TAMS 0x0000000089300000, 0x0000000089300000| Untracked 
| 148|0x0000000089400000, 0x0000000089400000, 0x0000000089500000|  0%| F|  |TAMS 0x0000000089400000, 0x0000000089400000| Untracked 
| 149|0x0000000089500000, 0x0000000089500000, 0x0000000089600000|  0%| F|  |TAMS 0x0000000089500000, 0x0000000089500000| Untracked 
| 150|0x0000000089600000, 0x0000000089600000, 0x0000000089700000|  0%| F|  |TAMS 0x0000000089600000, 0x0000000089600000| Untracked 
| 151|0x0000000089700000, 0x0000000089700000, 0x0000000089800000|  0%| F|  |TAMS 0x0000000089700000, 0x0000000089700000| Untracked 
| 152|0x0000000089800000, 0x0000000089800000, 0x0000000089900000|  0%| F|  |TAMS 0x0000000089800000, 0x0000000089800000| Untracked 
| 153|0x0000000089900000, 0x0000000089900000, 0x0000000089a00000|  0%| F|  |TAMS 0x0000000089900000, 0x0000000089900000| Untracked 
| 154|0x0000000089a00000, 0x0000000089a00000, 0x0000000089b00000|  0%| F|  |TAMS 0x0000000089a00000, 0x0000000089a00000| Untracked 
| 155|0x0000000089b00000, 0x0000000089b00000, 0x0000000089c00000|  0%| F|  |TAMS 0x0000000089b00000, 0x0000000089b00000| Untracked 
| 156|0x0000000089c00000, 0x0000000089c00000, 0x0000000089d00000|  0%| F|  |TAMS 0x0000000089c00000, 0x0000000089c00000| Untracked 
| 157|0x0000000089d00000, 0x0000000089d00000, 0x0000000089e00000|  0%| F|  |TAMS 0x0000000089d00000, 0x0000000089d00000| Untracked 
| 158|0x0000000089e00000, 0x0000000089e00000, 0x0000000089f00000|  0%| F|  |TAMS 0x0000000089e00000, 0x0000000089e00000| Untracked 
| 159|0x0000000089f00000, 0x0000000089f00000, 0x000000008a000000|  0%| F|  |TAMS 0x0000000089f00000, 0x0000000089f00000| Untracked 
| 160|0x000000008a000000, 0x000000008a000000, 0x000000008a100000|  0%| F|  |TAMS 0x000000008a000000, 0x000000008a000000| Untracked 
| 161|0x000000008a100000, 0x000000008a100000, 0x000000008a200000|  0%| F|  |TAMS 0x000000008a100000, 0x000000008a100000| Untracked 
| 162|0x000000008a200000, 0x000000008a200000, 0x000000008a300000|  0%| F|  |TAMS 0x000000008a200000, 0x000000008a200000| Untracked 
| 163|0x000000008a300000, 0x000000008a300000, 0x000000008a400000|  0%| F|  |TAMS 0x000000008a300000, 0x000000008a300000| Untracked 
| 164|0x000000008a400000, 0x000000008a400000, 0x000000008a500000|  0%| F|  |TAMS 0x000000008a400000, 0x000000008a400000| Untracked 
| 165|0x000000008a500000, 0x000000008a500000, 0x000000008a600000|  0%| F|  |TAMS 0x000000008a500000, 0x000000008a500000| Untracked 
| 166|0x000000008a600000, 0x000000008a600000, 0x000000008a700000|  0%| F|  |TAMS 0x000000008a600000, 0x000000008a600000| Untracked 
| 167|0x000000008a700000, 0x000000008a700000, 0x000000008a800000|  0%| F|  |TAMS 0x000000008a700000, 0x000000008a700000| Untracked 
| 168|0x000000008a800000, 0x000000008a800000, 0x000000008a900000|  0%| F|  |TAMS 0x000000008a800000, 0x000000008a800000| Untracked 
| 169|0x000000008a900000, 0x000000008a900000, 0x000000008aa00000|  0%| F|  |TAMS 0x000000008a900000, 0x000000008a900000| Untracked 
| 170|0x000000008aa00000, 0x000000008aa00000, 0x000000008ab00000|  0%| F|  |TAMS 0x000000008aa00000, 0x000000008aa00000| Untracked 
| 171|0x000000008ab00000, 0x000000008ab00000, 0x000000008ac00000|  0%| F|  |TAMS 0x000000008ab00000, 0x000000008ab00000| Untracked 
| 172|0x000000008ac00000, 0x000000008ac00000, 0x000000008ad00000|  0%| F|  |TAMS 0x000000008ac00000, 0x000000008ac00000| Untracked 
| 173|0x000000008ad00000, 0x000000008ad00000, 0x000000008ae00000|  0%| F|  |TAMS 0x000000008ad00000, 0x000000008ad00000| Untracked 
| 174|0x000000008ae00000, 0x000000008ae00000, 0x000000008af00000|  0%| F|  |TAMS 0x000000008ae00000, 0x000000008ae00000| Untracked 
| 175|0x000000008af00000, 0x000000008af00000, 0x000000008b000000|  0%| F|  |TAMS 0x000000008af00000, 0x000000008af00000| Untracked 
| 176|0x000000008b000000, 0x000000008b000000, 0x000000008b100000|  0%| F|  |TAMS 0x000000008b000000, 0x000000008b000000| Untracked 
| 177|0x000000008b100000, 0x000000008b100000, 0x000000008b200000|  0%| F|  |TAMS 0x000000008b100000, 0x000000008b100000| Untracked 
| 178|0x000000008b200000, 0x000000008b200000, 0x000000008b300000|  0%| F|  |TAMS 0x000000008b200000, 0x000000008b200000| Untracked 
| 179|0x000000008b300000, 0x000000008b300000, 0x000000008b400000|  0%| F|  |TAMS 0x000000008b300000, 0x000000008b300000| Untracked 
| 180|0x000000008b400000, 0x000000008b400000, 0x000000008b500000|  0%| F|  |TAMS 0x000000008b400000, 0x000000008b400000| Untracked 
| 181|0x000000008b500000, 0x000000008b500000, 0x000000008b600000|  0%| F|  |TAMS 0x000000008b500000, 0x000000008b500000| Untracked 
| 182|0x000000008b600000, 0x000000008b600000, 0x000000008b700000|  0%| F|  |TAMS 0x000000008b600000, 0x000000008b600000| Untracked 
| 183|0x000000008b700000, 0x000000008b700000, 0x000000008b800000|  0%| F|  |TAMS 0x000000008b700000, 0x000000008b700000| Untracked 
| 184|0x000000008b800000, 0x000000008b800000, 0x000000008b900000|  0%| F|  |TAMS 0x000000008b800000, 0x000000008b800000| Untracked 
| 185|0x000000008b900000, 0x000000008b9ffe50, 0x000000008ba00000| 99%| S|CS|TAMS 0x000000008b900000, 0x000000008b900000| Complete 
| 186|0x000000008ba00000, 0x000000008bb00000, 0x000000008bb00000|100%| S|CS|TAMS 0x000000008ba00000, 0x000000008ba00000| Complete 
| 187|0x000000008bb00000, 0x000000008bc00000, 0x000000008bc00000|100%| S|CS|TAMS 0x000000008bb00000, 0x000000008bb00000| Complete 
| 188|0x000000008bc00000, 0x000000008bd00000, 0x000000008bd00000|100%| S|CS|TAMS 0x000000008bc00000, 0x000000008bc00000| Complete 
| 189|0x000000008bd00000, 0x000000008be00000, 0x000000008be00000|100%| S|CS|TAMS 0x000000008bd00000, 0x000000008bd00000| Complete 
| 190|0x000000008be00000, 0x000000008be00000, 0x000000008bf00000|  0%| F|  |TAMS 0x000000008be00000, 0x000000008be00000| Untracked 
| 191|0x000000008bf00000, 0x000000008bf47380, 0x000000008c000000| 27%| E|  |TAMS 0x000000008bf00000, 0x000000008bf00000| Complete 
| 192|0x000000008c000000, 0x000000008c100000, 0x000000008c100000|100%| E|CS|TAMS 0x000000008c000000, 0x000000008c000000| Complete 
| 193|0x000000008c100000, 0x000000008c200000, 0x000000008c200000|100%| E|CS|TAMS 0x000000008c100000, 0x000000008c100000| Complete 
| 194|0x000000008c200000, 0x000000008c300000, 0x000000008c300000|100%| E|  |TAMS 0x000000008c200000, 0x000000008c200000| Complete 

Card table byte_map: [0x000001497c5a0000,0x000001497c9a0000] _byte_map_base: 0x000001497c1a0000

Marking Bits (Prev, Next): (CMBitMap*) 0x000001496908e0c0, (CMBitMap*) 0x000001496908e088
 Prev Bits: [0x0000014900000000, 0x0000014902000000)
 Next Bits: [0x000001497cda0000, 0x000001497eda0000)

Polling page: 0x000001496cb50000

Metaspace:

Usage:
  Non-class:     78.94 MB capacity,    77.56 MB ( 98%) used,     1.14 MB (  1%) free+waste,   253.00 KB ( <1%) overhead. 
      Class:     12.21 MB capacity,    11.47 MB ( 94%) used,   647.56 KB (  5%) free+waste,   112.88 KB ( <1%) overhead. 
       Both:     91.15 MB capacity,    89.02 MB ( 98%) used,     1.77 MB (  2%) free+waste,   365.88 KB ( <1%) overhead. 

Virtual space:
  Non-class space:       80.00 MB reserved,      79.25 MB (>99%) committed 
      Class space:        1.00 GB reserved,      12.25 MB (  1%) committed 
             Both:        1.08 GB reserved,      91.50 MB (  8%) committed 

Chunk freelists:
   Non-Class:  57.00 KB
       Class:  11.00 KB
        Both:  68.00 KB

MaxMetaspaceSize: 17179869184.00 GB
CompressedClassSpaceSize: 1.00 GB

CodeHeap 'non-profiled nmethods': size=120064Kb used=6647Kb max_used=6647Kb free=113416Kb
 bounds [0x0000014974630000, 0x0000014974cb0000, 0x000001497bb70000]
CodeHeap 'profiled nmethods': size=120000Kb used=24146Kb max_used=24146Kb free=95853Kb
 bounds [0x000001496d100000, 0x000001496e8a0000, 0x0000014974630000]
CodeHeap 'non-nmethods': size=5696Kb used=2295Kb max_used=2354Kb free=3400Kb
 bounds [0x000001496cb70000, 0x000001496cde0000, 0x000001496d100000]
 total_blobs=12130 nmethods=11232 adapters=809
 compilation: enabled
              stopped_count=0, restarted_count=0
 full_count=0

Compilation events (20 events):
Event: 38.708 Thread 0x000001497f40e000 nmethod 11282 0x0000014974cac790 code [0x0000014974cac940, 0x0000014974cace98]
Event: 38.740 Thread 0x000001497f40e000 11285       4       org.gradle.internal.service.DefaultServiceRegistry$SingletonService::get (5 bytes)
Event: 38.742 Thread 0x000001497f414800 11286       3       org.gradle.api.DefaultTask::getOutputs (5 bytes)
Event: 38.742 Thread 0x000001497f414800 nmethod 11286 0x000001496e887090 code [0x000001496e887240, 0x000001496e887358]
Event: 38.742 Thread 0x000001497f414800 11287   !   3       java.io.ObjectStreamClass::lookup (334 bytes)
Event: 38.747 Thread 0x000001497f414800 nmethod 11287 0x000001496e887410 code [0x000001496e887960, 0x000001496e88ad48]
Event: 38.747 Thread 0x000001497f414800 11288       3       java.util.HashSet::writeObject (75 bytes)
Event: 38.748 Thread 0x000001497f414800 nmethod 11288 0x000001496e88bb10 code [0x000001496e88bda0, 0x000001496e88c8a8]
Event: 38.752 Thread 0x000001497f414800 11290       3       org.gradle.api.internal.tasks.properties.DefaultValidatingProperty::<init> (10 bytes)
Event: 38.753 Thread 0x000001497f414800 nmethod 11290 0x000001496e88cc90 code [0x000001496e88ce60, 0x000001496e88d138]
Event: 38.757 Thread 0x000001497f414800 11291       3       java.util.concurrent.locks.AbstractQueuedSynchronizer$ConditionObject::awaitNanos (181 bytes)
Event: 38.760 Thread 0x000001497f414800 nmethod 11291 0x000001496e88d210 code [0x000001496e88d620, 0x000001496e88f1f8]
Event: 38.762 Thread 0x000001497f414800 11292       1       org.gradle.internal.build.event.types.DefaultTaskDescriptor::getId (5 bytes)
Event: 38.763 Thread 0x000001497f414800 nmethod 11292 0x0000014974cad310 code [0x0000014974cad4c0, 0x0000014974cad578]
Event: 38.769 Thread 0x000001497f414800 11293       1       org.gradle.api.internal.tasks.properties.OutputFilePropertyType::getOutputType (5 bytes)
Event: 38.770 Thread 0x000001497f414800 nmethod 11293 0x0000014974cad610 code [0x0000014974cad7c0, 0x0000014974cad878]
Event: 38.771 Thread 0x000001497f414800 11294   !   3       jdk.internal.reflect.GeneratedMethodAccessor26::invoke (66 bytes)
Event: 38.772 Thread 0x000001497f414800 nmethod 11294 0x000001496e88fd90 code [0x000001496e88ffe0, 0x000001496e8906f8]
Event: 39.033 Thread 0x000001497f414800 11295       1       com.android.builder.dexing.DexEntry::getRelativePath (5 bytes)
Event: 39.033 Thread 0x000001497f414800 nmethod 11295 0x0000014974cad910 code [0x0000014974cadac0, 0x0000014974cadb78]

GC Heap History (20 events):
Event: 23.248 GC heap before
{Heap before GC invocations=34 (full 0):
 garbage-first heap   total 138240K, used 104377K [0x0000000080000000, 0x0000000100000000)
  region size 1024K, 34 young (34816K), 4 survivors (4096K)
 Metaspace       used 82935K, capacity 84962K, committed 84992K, reserved 1122304K
  class space    used 10826K, capacity 11518K, committed 11520K, reserved 1048576K
}
Event: 23.260 GC heap after
{Heap after GC invocations=35 (full 0):
 garbage-first heap   total 138240K, used 73387K [0x0000000080000000, 0x0000000100000000)
  region size 1024K, 4 young (4096K), 4 survivors (4096K)
 Metaspace       used 82935K, capacity 84962K, committed 84992K, reserved 1122304K
  class space    used 10826K, capacity 11518K, committed 11520K, reserved 1048576K
}
Event: 26.130 GC heap before
{Heap before GC invocations=35 (full 0):
 garbage-first heap   total 138240K, used 103083K [0x0000000080000000, 0x0000000100000000)
  region size 1024K, 34 young (34816K), 4 survivors (4096K)
 Metaspace       used 84525K, capacity 86576K, committed 86912K, reserved 1124352K
  class space    used 11038K, capacity 11805K, committed 11904K, reserved 1048576K
}
Event: 26.143 GC heap after
{Heap after GC invocations=36 (full 0):
 garbage-first heap   total 165888K, used 75810K [0x0000000080000000, 0x0000000100000000)
  region size 1024K, 5 young (5120K), 5 survivors (5120K)
 Metaspace       used 84525K, capacity 86576K, committed 86912K, reserved 1124352K
  class space    used 11038K, capacity 11805K, committed 11904K, reserved 1048576K
}
Event: 28.477 GC heap before
{Heap before GC invocations=37 (full 0):
 garbage-first heap   total 165888K, used 119842K [0x0000000080000000, 0x0000000100000000)
  region size 1024K, 49 young (50176K), 5 survivors (5120K)
 Metaspace       used 84869K, capacity 86947K, committed 87168K, reserved 1124352K
  class space    used 11042K, capacity 11811K, committed 11904K, reserved 1048576K
}
Event: 28.492 GC heap after
{Heap after GC invocations=38 (full 0):
 garbage-first heap   total 165888K, used 78848K [0x0000000080000000, 0x0000000100000000)
  region size 1024K, 6 young (6144K), 6 survivors (6144K)
 Metaspace       used 84869K, capacity 86947K, committed 87168K, reserved 1124352K
  class space    used 11042K, capacity 11811K, committed 11904K, reserved 1048576K
}
Event: 30.422 GC heap before
{Heap before GC invocations=38 (full 0):
 garbage-first heap   total 165888K, used 122880K [0x0000000080000000, 0x0000000100000000)
  region size 1024K, 50 young (51200K), 6 survivors (6144K)
 Metaspace       used 85435K, capacity 87657K, committed 87936K, reserved 1126400K
  class space    used 11087K, capacity 11868K, committed 11904K, reserved 1048576K
}
Event: 30.438 GC heap after
{Heap after GC invocations=39 (full 0):
 garbage-first heap   total 165888K, used 82548K [0x0000000080000000, 0x0000000100000000)
  region size 1024K, 7 young (7168K), 7 survivors (7168K)
 Metaspace       used 85435K, capacity 87657K, committed 87936K, reserved 1126400K
  class space    used 11087K, capacity 11868K, committed 11904K, reserved 1048576K
}
Event: 31.639 GC heap before
{Heap before GC invocations=39 (full 0):
 garbage-first heap   total 165888K, used 126580K [0x0000000080000000, 0x0000000100000000)
  region size 1024K, 51 young (52224K), 7 survivors (7168K)
 Metaspace       used 87317K, capacity 89482K, committed 89600K, reserved 1126400K
  class space    used 11260K, capacity 12030K, committed 12032K, reserved 1048576K
}
Event: 31.655 GC heap after
{Heap after GC invocations=40 (full 0):
 garbage-first heap   total 165888K, used 86020K [0x0000000080000000, 0x0000000100000000)
  region size 1024K, 7 young (7168K), 7 survivors (7168K)
 Metaspace       used 87317K, capacity 89482K, committed 89600K, reserved 1126400K
  class space    used 11260K, capacity 12030K, committed 12032K, reserved 1048576K
}
Event: 32.833 GC heap before
{Heap before GC invocations=41 (full 0):
 garbage-first heap   total 165888K, used 129028K [0x0000000080000000, 0x0000000100000000)
  region size 1024K, 50 young (51200K), 7 survivors (7168K)
 Metaspace       used 88972K, capacity 91099K, committed 91392K, reserved 1128448K
  class space    used 11485K, capacity 12247K, committed 12288K, reserved 1048576K
}
Event: 32.849 GC heap after
{Heap after GC invocations=42 (full 0):
 garbage-first heap   total 199680K, used 87502K [0x0000000080000000, 0x0000000100000000)
  region size 1024K, 5 young (5120K), 5 survivors (5120K)
 Metaspace       used 88972K, capacity 91099K, committed 91392K, reserved 1128448K
  class space    used 11485K, capacity 12247K, committed 12288K, reserved 1048576K
}
Event: 36.412 GC heap before
{Heap before GC invocations=42 (full 0):
 garbage-first heap   total 199680K, used 148942K [0x0000000080000000, 0x0000000100000000)
  region size 1024K, 66 young (67584K), 5 survivors (5120K)
 Metaspace       used 90763K, capacity 92949K, committed 93184K, reserved 1130496K
  class space    used 11678K, capacity 12459K, committed 12544K, reserved 1048576K
}
Event: 36.434 GC heap after
{Heap after GC invocations=43 (full 0):
 garbage-first heap   total 199680K, used 91156K [0x0000000080000000, 0x0000000100000000)
  region size 1024K, 9 young (9216K), 9 survivors (9216K)
 Metaspace       used 90763K, capacity 92949K, committed 93184K, reserved 1130496K
  class space    used 11678K, capacity 12459K, committed 12544K, reserved 1048576K
}
Event: 37.364 GC heap before
{Heap before GC invocations=43 (full 0):
 garbage-first heap   total 199680K, used 100372K [0x0000000080000000, 0x0000000100000000)
  region size 1024K, 13 young (13312K), 9 survivors (9216K)
 Metaspace       used 90873K, capacity 93096K, committed 93184K, reserved 1130496K
  class space    used 11688K, capacity 12462K, committed 12544K, reserved 1048576K
}
Event: 37.380 GC heap after
{Heap after GC invocations=44 (full 0):
 garbage-first heap   total 199680K, used 100034K [0x0000000080000000, 0x0000000100000000)
  region size 1024K, 6 young (6144K), 6 survivors (6144K)
 Metaspace       used 90873K, capacity 93096K, committed 93184K, reserved 1130496K
  class space    used 11688K, capacity 12462K, committed 12544K, reserved 1048576K
}
Event: 38.367 GC heap before
{Heap before GC invocations=45 (full 0):
 garbage-first heap   total 199680K, used 109250K [0x0000000080000000, 0x0000000100000000)
  region size 1024K, 16 young (16384K), 6 survivors (6144K)
 Metaspace       used 90875K, capacity 93096K, committed 93184K, reserved 1130496K
  class space    used 11688K, capacity 12462K, committed 12544K, reserved 1048576K
}
Event: 38.380 GC heap after
{Heap after GC invocations=46 (full 0):
 garbage-first heap   total 199680K, used 104052K [0x0000000080000000, 0x0000000100000000)
  region size 1024K, 5 young (5120K), 5 survivors (5120K)
 Metaspace       used 90875K, capacity 93096K, committed 93184K, reserved 1130496K
  class space    used 11688K, capacity 12462K, committed 12544K, reserved 1048576K
}
Event: 38.779 GC heap before
{Heap before GC invocations=47 (full 0):
 garbage-first heap   total 199680K, used 109172K [0x0000000080000000, 0x0000000100000000)
  region size 1024K, 10 young (10240K), 5 survivors (5120K)
 Metaspace       used 90886K, capacity 93099K, committed 93184K, reserved 1130496K
  class space    used 11689K, capacity 12463K, committed 12544K, reserved 1048576K
}
Event: 38.787 GC heap after
{Heap after GC invocations=48 (full 0):
 garbage-first heap   total 199680K, used 105630K [0x0000000080000000, 0x0000000100000000)
  region size 1024K, 5 young (5120K), 5 survivors (5120K)
 Metaspace       used 90886K, capacity 93099K, committed 93184K, reserved 1130496K
  class space    used 11689K, capacity 12463K, committed 12544K, reserved 1048576K
}

Deoptimization events (20 events):
Event: 36.275 Thread 0x00000149046e4000 Uncommon trap: trap_request=0xffffffc6 fr.pc=0x0000014974bc52dc relative=0x0000000000000efc
Event: 36.275 Thread 0x00000149046e4000 Uncommon trap: reason=bimorphic_or_optimized_type_check action=maybe_recompile pc=0x0000014974bc52dc method=org.gradle.internal.snapshot.SnapshotUtil$1.handleAsDescendantOfChild(Lorg/gradle/internal/snapshot/VfsRelativePath;Lorg/gradle/internal/snapshot/F
Event: 36.275 Thread 0x00000149046e4000 DEOPT PACKING pc=0x0000014974bc52dc sp=0x0000003b68cfbd30
Event: 36.275 Thread 0x00000149046e4000 DEOPT UNPACKING pc=0x000001496cb965af sp=0x0000003b68cfbc30 mode 2
Event: 36.275 Thread 0x00000149046e4000 Uncommon trap: trap_request=0xffffffc6 fr.pc=0x0000014974bc52dc relative=0x0000000000000efc
Event: 36.275 Thread 0x00000149046e4000 Uncommon trap: reason=bimorphic_or_optimized_type_check action=maybe_recompile pc=0x0000014974bc52dc method=org.gradle.internal.snapshot.SnapshotUtil$1.handleAsDescendantOfChild(Lorg/gradle/internal/snapshot/VfsRelativePath;Lorg/gradle/internal/snapshot/F
Event: 36.275 Thread 0x00000149046e4000 DEOPT PACKING pc=0x0000014974bc52dc sp=0x0000003b68cfbd30
Event: 36.275 Thread 0x00000149046e4000 DEOPT UNPACKING pc=0x000001496cb965af sp=0x0000003b68cfbc30 mode 2
Event: 36.407 Thread 0x000001490a57e800 Uncommon trap: trap_request=0xffffffd6 fr.pc=0x0000014974c4a89c relative=0x0000000000000d3c
Event: 36.407 Thread 0x000001490a57e800 Uncommon trap: reason=array_check action=maybe_recompile pc=0x0000014974c4a89c method=com.google.common.collect.RegularImmutableMap.fromEntryArray(I[Ljava/util/Map$Entry;)Lcom/google/common/collect/ImmutableMap; @ 157 c2
Event: 36.407 Thread 0x000001490a57e800 DEOPT PACKING pc=0x0000014974c4a89c sp=0x0000003b694fd970
Event: 36.407 Thread 0x000001490a57e800 DEOPT UNPACKING pc=0x000001496cb965af sp=0x0000003b694fd8c8 mode 2
Event: 36.469 Thread 0x000001490a57d800 Uncommon trap: trap_request=0x00000186 fr.pc=0x0000014974c8036c relative=0x000000000000100c
Event: 36.469 Thread 0x000001490a57d800 Uncommon trap: reason=unloaded action=reinterpret pc=0x0000014974c8036c method=java.util.regex.Pattern.newSlice([IIZ)Ljava/util/regex/Pattern$Node; @ 68 c2
Event: 36.469 Thread 0x000001490a57d800 DEOPT PACKING pc=0x0000014974c8036c sp=0x0000003b695fcf50
Event: 36.469 Thread 0x000001490a57d800 DEOPT UNPACKING pc=0x000001496cb965af sp=0x0000003b695fceb8 mode 2
Event: 38.056 Thread 0x0000014909828800 Uncommon trap: trap_request=0xffffff4d fr.pc=0x0000014974c9ea3c relative=0x00000000000005fc
Event: 38.056 Thread 0x0000014909828800 Uncommon trap: reason=unstable_if action=reinterpret pc=0x0000014974c9ea3c method=java.util.concurrent.locks.AbstractQueuedSynchronizer.findNodeFromTail(Ljava/util/concurrent/locks/AbstractQueuedSynchronizer$Node;)Z @ 7 c2
Event: 38.056 Thread 0x0000014909828800 DEOPT PACKING pc=0x0000014974c9ea3c sp=0x0000003b659fed30
Event: 38.056 Thread 0x0000014909828800 DEOPT UNPACKING pc=0x000001496cb965af sp=0x0000003b659fec00 mode 2

Classes redefined (0 events):
No events

Internal exceptions (20 events):
Event: 29.846 Thread 0x0000014906072000 Exception <a 'java/lang/NoSuchMethodError'{0x000000008828f498}: <clinit>> (0x000000008828f498) thrown at [./src/hotspot/share/prims/jni.cpp, line 1362]
Event: 29.846 Thread 0x0000014906072000 Exception <a 'java/lang/NoSuchMethodError'{0x0000000088291170}: <clinit>> (0x0000000088291170) thrown at [./src/hotspot/share/prims/jni.cpp, line 1362]
Event: 31.020 Thread 0x0000014906072000 Exception <a 'sun/nio/fs/WindowsException'{0x0000000088731870}> (0x0000000088731870) thrown at [./src/hotspot/share/prims/jni.cpp, line 615]
Event: 31.021 Thread 0x0000014906072000 Exception <a 'sun/nio/fs/WindowsException'{0x00000000887331c0}> (0x00000000887331c0) thrown at [./src/hotspot/share/prims/jni.cpp, line 615]
Event: 31.021 Thread 0x0000014906072000 Exception <a 'sun/nio/fs/WindowsException'{0x00000000887335e0}> (0x00000000887335e0) thrown at [./src/hotspot/share/prims/jni.cpp, line 615]
Event: 31.022 Thread 0x0000014906072000 Exception <a 'sun/nio/fs/WindowsException'{0x0000000088734f10}> (0x0000000088734f10) thrown at [./src/hotspot/share/prims/jni.cpp, line 615]
Event: 31.022 Thread 0x0000014906072000 Exception <a 'sun/nio/fs/WindowsException'{0x0000000088735238}> (0x0000000088735238) thrown at [./src/hotspot/share/prims/jni.cpp, line 615]
Event: 31.022 Thread 0x0000014906072000 Exception <a 'sun/nio/fs/WindowsException'{0x0000000088736b80}> (0x0000000088736b80) thrown at [./src/hotspot/share/prims/jni.cpp, line 615]
Event: 31.022 Thread 0x0000014906072000 Exception <a 'sun/nio/fs/WindowsException'{0x0000000088736e48}> (0x0000000088736e48) thrown at [./src/hotspot/share/prims/jni.cpp, line 615]
Event: 31.022 Thread 0x0000014906072000 Exception <a 'sun/nio/fs/WindowsException'{0x0000000088738760}> (0x0000000088738760) thrown at [./src/hotspot/share/prims/jni.cpp, line 615]
Event: 31.061 Thread 0x0000014906072000 Exception <a 'java/lang/NoSuchMethodError'{0x00000000886e0870}: <clinit>> (0x00000000886e0870) thrown at [./src/hotspot/share/prims/jni.cpp, line 1362]
Event: 31.067 Thread 0x0000014906072000 Exception <a 'java/lang/NoSuchMethodError'{0x000000008852c308}: <clinit>> (0x000000008852c308) thrown at [./src/hotspot/share/prims/jni.cpp, line 1362]
Event: 31.070 Thread 0x0000014906072000 Exception <a 'java/lang/NoSuchMethodError'{0x000000008856cf58}: <clinit>> (0x000000008856cf58) thrown at [./src/hotspot/share/prims/jni.cpp, line 1362]
Event: 31.071 Thread 0x0000014906072000 Exception <a 'java/lang/NoSuchMethodError'{0x0000000088586248}: <clinit>> (0x0000000088586248) thrown at [./src/hotspot/share/prims/jni.cpp, line 1362]
Event: 33.489 Thread 0x0000014909c4e800 Implicit null exception at 0x0000014974c2703f to 0x0000014974c2789c
Event: 34.619 Thread 0x000001490a575800 Exception <a 'java/lang/NoSuchMethodError'{0x000000008a185ac8}: 'void java.lang.invoke.DirectMethodHandle$Holder.invokeStatic(java.lang.Object, long)'> (0x000000008a185ac8) thrown at [./src/hotspot/share/interpreter/linkResolver.cpp, line 773]
Event: 34.620 Thread 0x000001490a575800 Exception <a 'java/lang/NoSuchMethodError'{0x000000008a18ace0}: 'java.lang.Object java.lang.invoke.DirectMethodHandle$Holder.invokeStatic(java.lang.Object, long)'> (0x000000008a18ace0) thrown at [./src/hotspot/share/interpreter/linkResolver.cpp, line 773]
Event: 34.622 Thread 0x000001490a575800 Exception <a 'java/lang/NoSuchMethodError'{0x000000008a199048}: 'java.lang.Object java.lang.invoke.DirectMethodHandle$Holder.invokeStaticInit(java.lang.Object, java.lang.Object, long, java.lang.Object)'> (0x000000008a199048) thrown at [./src/hotspot/share/interpreter/linkResolver.cpp, line 773]
Event: 34.622 Thread 0x000001490a575800 Exception <a 'java/lang/NoSuchMethodError'{0x000000008a19f1e0}: 'java.lang.Object java.lang.invoke.DirectMethodHandle$Holder.invokeStatic(java.lang.Object, java.lang.Object, long)'> (0x000000008a19f1e0) thrown at [./src/hotspot/share/interpreter/linkResolver.cpp, line 773]
Event: 34.623 Thread 0x000001490a575800 Exception <a 'java/lang/NoSuchMethodError'{0x000000008a1a5758}: 'java.lang.Object java.lang.invoke.Invokers$Holder.linkToTargetMethod(java.lang.Object, long, java.lang.Object)'> (0x000000008a1a5758) thrown at [./src/hotspot/share/interpreter/linkResolver.cpp, line 773]

Events (20 events):
Event: 37.364 Executing VM operation: G1CollectForAllocation
Event: 37.380 Executing VM operation: G1CollectForAllocation done
Event: 37.533 Executing VM operation: CGC_Operation
Event: 37.548 Executing VM operation: CGC_Operation done
Event: 37.632 Executing VM operation: CGC_Operation
Event: 37.632 Executing VM operation: CGC_Operation done
Event: 38.367 Executing VM operation: G1CollectForAllocation
Event: 38.380 Executing VM operation: G1CollectForAllocation done
Event: 38.554 Executing VM operation: CGC_Operation
Event: 38.569 Executing VM operation: CGC_Operation done
Event: 38.672 Executing VM operation: CGC_Operation
Event: 38.672 Executing VM operation: CGC_Operation done
Event: 38.754 loading class com/android/build/gradle/internal/tasks/ValidateSigningTask$forceRerun$storeFile$1
Event: 38.754 loading class com/android/build/gradle/internal/tasks/ValidateSigningTask$forceRerun$storeFile$1 done
Event: 38.778 Executing VM operation: G1CollectForAllocation
Event: 38.787 Executing VM operation: G1CollectForAllocation done
Event: 39.089 Executing VM operation: CGC_Operation
Event: 39.108 Executing VM operation: CGC_Operation done
Event: 39.222 Executing VM operation: CGC_Operation
Event: 39.222 Executing VM operation: CGC_Operation done


Dynamic libraries:
0x00007ff7c9870000 - 0x00007ff7c987a000 	C:\Program Files\Android\Android Studio\jre\bin\java.exe
0x00007ffd8e0f0000 - 0x00007ffd8e2e5000 	C:\WINDOWS\SYSTEM32\ntdll.dll
0x00007ffd8c690000 - 0x00007ffd8c74e000 	C:\WINDOWS\System32\KERNEL32.DLL
0x00007ffd8b910000 - 0x00007ffd8bbd8000 	C:\WINDOWS\System32\KERNELBASE.dll
0x00007ffd8b810000 - 0x00007ffd8b910000 	C:\WINDOWS\System32\ucrtbase.dll
0x00007ffd81090000 - 0x00007ffd810a7000 	C:\Program Files\Android\Android Studio\jre\bin\VCRUNTIME140.dll
0x00007ffd87250000 - 0x00007ffd87269000 	C:\Program Files\Android\Android Studio\jre\bin\jli.dll
0x00007ffd8d2d0000 - 0x00007ffd8d470000 	C:\WINDOWS\System32\USER32.dll
0x00007ffd8bf50000 - 0x00007ffd8bf72000 	C:\WINDOWS\System32\win32u.dll
0x00007ffd84050000 - 0x00007ffd842ea000 	C:\WINDOWS\WinSxS\amd64_microsoft.windows.common-controls_6595b64144ccf1df_6.0.19041.1110_none_60b5254171f9507e\COMCTL32.dll
0x00007ffd8cfc0000 - 0x00007ffd8cfea000 	C:\WINDOWS\System32\GDI32.dll
0x00007ffd8c150000 - 0x00007ffd8c1ee000 	C:\WINDOWS\System32\msvcrt.dll
0x00007ffd8bff0000 - 0x00007ffd8c0fb000 	C:\WINDOWS\System32\gdi32full.dll
0x00007ffd8bdf0000 - 0x00007ffd8be8d000 	C:\WINDOWS\System32\msvcp_win.dll
0x00007ffd8c1f0000 - 0x00007ffd8c220000 	C:\WINDOWS\System32\IMM32.DLL
0x00007ffd78c80000 - 0x00007ffd78d1d000 	C:\Program Files\Android\Android Studio\jre\bin\msvcp140.dll
0x00007ffd654e0000 - 0x00007ffd65fb5000 	C:\Program Files\Android\Android Studio\jre\bin\server\jvm.dll
0x00007ffd8d070000 - 0x00007ffd8d11e000 	C:\WINDOWS\System32\ADVAPI32.dll
0x00007ffd8cd60000 - 0x00007ffd8cdfc000 	C:\WINDOWS\System32\sechost.dll
0x00007ffd8d470000 - 0x00007ffd8d595000 	C:\WINDOWS\System32\RPCRT4.dll
0x00007ffd8c750000 - 0x00007ffd8c758000 	C:\WINDOWS\System32\PSAPI.DLL
0x00007ffd86090000 - 0x00007ffd8609a000 	C:\WINDOWS\SYSTEM32\VERSION.dll
0x00007ffd85bb0000 - 0x00007ffd85bd7000 	C:\WINDOWS\SYSTEM32\WINMM.dll
0x00007ffd87580000 - 0x00007ffd87589000 	C:\WINDOWS\SYSTEM32\WSOCK32.dll
0x00007ffd8cf50000 - 0x00007ffd8cfbb000 	C:\WINDOWS\System32\WS2_32.dll
0x00007ffd89670000 - 0x00007ffd89682000 	C:\WINDOWS\SYSTEM32\kernel.appcore.dll
0x00007ffd86610000 - 0x00007ffd86621000 	C:\Program Files\Android\Android Studio\jre\bin\verify.dll
0x00007ffd7d930000 - 0x00007ffd7db14000 	C:\WINDOWS\SYSTEM32\DBGHELP.DLL
0x00007ffd7d840000 - 0x00007ffd7d86c000 	C:\WINDOWS\SYSTEM32\dbgcore.DLL
0x00007ffd8bec0000 - 0x00007ffd8bf42000 	C:\WINDOWS\System32\bcryptPrimitives.dll
0x00007ffd7c460000 - 0x00007ffd7c489000 	C:\Program Files\Android\Android Studio\jre\bin\java.dll
0x00007ffd87350000 - 0x00007ffd8735b000 	C:\Program Files\Android\Android Studio\jre\bin\jimage.dll
0x00007ffd84f40000 - 0x00007ffd84f58000 	C:\Program Files\Android\Android Studio\jre\bin\zip.dll
0x00007ffd8d5a0000 - 0x00007ffd8dce4000 	C:\WINDOWS\System32\SHELL32.dll
0x00007ffd89950000 - 0x00007ffd8a0e4000 	C:\WINDOWS\SYSTEM32\windows.storage.dll
0x00007ffd8c760000 - 0x00007ffd8cab4000 	C:\WINDOWS\System32\combase.dll
0x00007ffd8b1b0000 - 0x00007ffd8b1dc000 	C:\WINDOWS\SYSTEM32\Wldp.dll
0x00007ffd8cbe0000 - 0x00007ffd8cc8d000 	C:\WINDOWS\System32\SHCORE.dll
0x00007ffd8cef0000 - 0x00007ffd8cf45000 	C:\WINDOWS\System32\shlwapi.dll
0x00007ffd8b750000 - 0x00007ffd8b76f000 	C:\WINDOWS\SYSTEM32\profapi.dll
0x00007ffd82b70000 - 0x00007ffd82b8a000 	C:\Program Files\Android\Android Studio\jre\bin\net.dll
0x00007ffd83890000 - 0x00007ffd8399a000 	C:\WINDOWS\SYSTEM32\WINHTTP.dll
0x00007ffd8af10000 - 0x00007ffd8af7a000 	C:\WINDOWS\system32\mswsock.dll
0x00007ffd7c440000 - 0x00007ffd7c454000 	C:\Program Files\Android\Android Studio\jre\bin\nio.dll
0x00007ffd743e0000 - 0x00007ffd74407000 	C:\Users\giorgi\.gradle\native\e1d6ef7f7dcc3fd88c89a11ec53ec762bb8ba0a96d01ffa2cd45eb1d1d8dd5c5\windows-amd64\native-platform.dll
0x00007ffd786b0000 - 0x00007ffd787f4000 	C:\Users\giorgi\.gradle\native\5664cfc778a61ccfe75a443a1ab52a65af34e5dc3c78e0209fed803814484fcb\windows-amd64\native-platform-file-events.dll
0x00007ffd86600000 - 0x00007ffd8660a000 	C:\Program Files\Android\Android Studio\jre\bin\management.dll
0x00007ffd83fb0000 - 0x00007ffd83fbd000 	C:\Program Files\Android\Android Studio\jre\bin\management_ext.dll
0x00007ffd8b100000 - 0x00007ffd8b118000 	C:\WINDOWS\SYSTEM32\CRYPTSP.dll
0x00007ffd8a890000 - 0x00007ffd8a8c4000 	C:\WINDOWS\system32\rsaenh.dll
0x00007ffd8be90000 - 0x00007ffd8beb7000 	C:\WINDOWS\System32\bcrypt.dll
0x00007ffd8b710000 - 0x00007ffd8b73e000 	C:\WINDOWS\SYSTEM32\USERENV.dll
0x00007ffd8b120000 - 0x00007ffd8b12c000 	C:\WINDOWS\SYSTEM32\CRYPTBASE.dll
0x00007ffd8ac00000 - 0x00007ffd8ac3b000 	C:\WINDOWS\SYSTEM32\IPHLPAPI.DLL
0x00007ffd8d060000 - 0x00007ffd8d068000 	C:\WINDOWS\System32\NSI.dll
0x00007ffd85140000 - 0x00007ffd85157000 	C:\WINDOWS\SYSTEM32\dhcpcsvc6.DLL
0x00007ffd84f60000 - 0x00007ffd84f7d000 	C:\WINDOWS\SYSTEM32\dhcpcsvc.DLL
0x00007ffd8ac40000 - 0x00007ffd8ad0b000 	C:\WINDOWS\SYSTEM32\DNSAPI.dll

dbghelp: loaded successfully - version: 4.0.5 - missing functions: none
symbol engine: initialized successfully - sym options: 0x614 - pdb path: .;C:\Program Files\Android\Android Studio\jre\bin;C:\WINDOWS\SYSTEM32;C:\WINDOWS\WinSxS\amd64_microsoft.windows.common-controls_6595b64144ccf1df_6.0.19041.1110_none_60b5254171f9507e;C:\Program Files\Android\Android Studio\jre\bin\server;C:\Users\giorgi\.gradle\native\e1d6ef7f7dcc3fd88c89a11ec53ec762bb8ba0a96d01ffa2cd45eb1d1d8dd5c5\windows-amd64;C:\Users\giorgi\.gradle\native\5664cfc778a61ccfe75a443a1ab52a65af34e5dc3c78e0209fed803814484fcb\windows-amd64

VM Arguments:
jvm_args: --add-opens=java.base/java.util=ALL-UNNAMED --add-opens=java.base/java.lang=ALL-UNNAMED --add-opens=java.base/java.lang.invoke=ALL-UNNAMED --add-opens=java.base/java.util=ALL-UNNAMED --add-opens=java.prefs/java.util.prefs=ALL-UNNAMED --add-opens=java.prefs/java.util.prefs=ALL-UNNAMED --add-opens=java.base/java.nio.charset=ALL-UNNAMED --add-opens=java.base/java.net=ALL-UNNAMED --add-opens=java.base/java.util.concurrent.atomic=ALL-UNNAMED -Xmx2048m -Dfile.encoding=UTF-8 -Duser.country=US -Duser.language=en -Duser.variant 
java_command: org.gradle.launcher.daemon.bootstrap.GradleDaemon 7.2
java_class_path (initial): C:\Users\giorgi\.gradle\wrapper\dists\gradle-7.2-bin\2dnblmf4td7x66yl1d74lt32g\gradle-7.2\lib\gradle-launcher-7.2.jar
Launcher Type: SUN_STANDARD

[Global flags]
     intx CICompilerCount                          = 3                                         {product} {ergonomic}
     uint ConcGCThreads                            = 1                                         {product} {ergonomic}
     uint G1ConcRefinementThreads                  = 4                                         {product} {ergonomic}
   size_t G1HeapRegionSize                         = 1048576                                   {product} {ergonomic}
    uintx GCDrainStackTargetSize                   = 64                                        {product} {ergonomic}
   size_t InitialHeapSize                          = 67108864                                  {product} {ergonomic}
   size_t MarkStackSize                            = 4194304                                   {product} {ergonomic}
   size_t MaxHeapSize                              = 2147483648                                {product} {command line}
   size_t MaxNewSize                               = 1287651328                                {product} {ergonomic}
   size_t MinHeapDeltaBytes                        = 1048576                                   {product} {ergonomic}
    uintx NonNMethodCodeHeapSize                   = 5830732                                {pd product} {ergonomic}
    uintx NonProfiledCodeHeapSize                  = 122913754                              {pd product} {ergonomic}
    uintx ProfiledCodeHeapSize                     = 122913754                              {pd product} {ergonomic}
    uintx ReservedCodeCacheSize                    = 251658240                              {pd product} {ergonomic}
     bool SegmentedCodeCache                       = true                                      {product} {ergonomic}
     bool UseCompressedClassPointers               = true                                 {lp64_product} {ergonomic}
     bool UseCompressedOops                        = true                                 {lp64_product} {ergonomic}
     bool UseG1GC                                  = true                                      {product} {ergonomic}
     bool UseLargePagesIndividualAllocation        = false                                  {pd product} {ergonomic}

Logging:
Log output configuration:
 #0: stdout all=warning uptime,level,tags
 #1: stderr all=off uptime,level,tags

Environment Variables:
PATH=C:\Program Files (x86)\VMware\VMware Workstation\bin\;C:\WINDOWS\system32;C:\WINDOWS;C:\WINDOWS\System32\Wbem;C:\WINDOWS\System32\WindowsPowerShell\v1.0\;C:\WINDOWS\System32\OpenSSH\;C:\Program Files\Git\cmd;C:\Program Files\Go\bin;C:\Users\giorgi\AppData\Local\Microsoft\WindowsApps;C:\Users\giorgi\AppData\Local\Programs\Microsoft VS Code\bin;C:\Flutter\flutter\bin;C:\Users\giorgi\go\bin
USERNAME=giorgi
OS=Windows_NT
PROCESSOR_IDENTIFIER=Intel64 Family 6 Model 42 Stepping 7, GenuineIntel



---------------  S Y S T E M  ---------------

OS: Windows 10 , 64 bit Build 19041 (10.0.19041.1645)
OS uptime: 0 days 1:14 hours

CPU:total 4 (initial active 4) (2 cores per cpu, 2 threads per core) family 6 model 42 stepping 7 microcode 0x2f, cmov, cx8, fxsr, mmx, sse, sse2, sse3, ssse3, sse4.1, sse4.2, popcnt, avx, clmul, ht, tsc, tscinvbit

Memory: 4k page, system-wide physical 4078M (302M free)
TotalPageFile size 4078M (AvailPageFile size 5M)
current process WorkingSet (physical memory assigned to process): 335M, peak: 403M
current process commit charge ("private bytes"): 499M, peak: 499M

vm_info: OpenJDK 64-Bit Server VM (11.0.11+9-b60-7590822) for windows-amd64 JRE (11.0.11+9-b60-7590822), built on Jul 29 2021 21:43:44 by "builder" with MS VC++ 14.0 (VS2015)

END.
