#
# There is insufficient memory for the Java Runtime Environment to continue.
# Native memory allocation (malloc) failed to allocate 1247536 bytes for Chunk::new
# Possible reasons:
#   The system is out of physical RAM or swap space
#   The process is running with CompressedOops enabled, and the Java Heap may be blocking the growth of the native heap
# Possible solutions:
#   Reduce memory load on the system
#   Increase physical memory or swap space
#   Check if swap backing store is full
#   Decrease Java heap size (-Xmx/-Xms)
#   Decrease number of Java threads
#   Decrease Java thread stack sizes (-Xss)
#   Set larger code cache with -XX:ReservedCodeCacheSize=
#   JVM is running with Unscaled Compressed Oops mode in which the Java heap is
#     placed in the first 4GB address space. The Java Heap base address is the
#     maximum limit for the native heap growth. Please use -XX:HeapBaseMinAddress
#     to set the Java Heap base and to place the Java Heap above 4GB virtual address.
# This output file may be truncated or incomplete.
#
#  Out of Memory Error (./src/hotspot/share/memory/arena.cpp:197), pid=2060, tid=8436
#
# JRE version: OpenJDK Runtime Environment (11.0.11+9) (build 11.0.11+9-b60-7590822)
# Java VM: OpenJDK 64-Bit Server VM (11.0.11+9-b60-7590822, mixed mode, tiered, compressed oops, g1 gc, windows-amd64)
# No core dump will be written. Minidumps are not enabled by default on client versions of Windows
#

---------------  S U M M A R Y ------------

Command Line: --add-opens=java.base/java.util=ALL-UNNAMED --add-opens=java.base/java.lang=ALL-UNNAMED --add-opens=java.base/java.lang.invoke=ALL-UNNAMED --add-opens=java.base/java.util=ALL-UNNAMED --add-opens=java.prefs/java.util.prefs=ALL-UNNAMED --add-opens=java.prefs/java.util.prefs=ALL-UNNAMED --add-opens=java.base/java.nio.charset=ALL-UNNAMED --add-opens=java.base/java.net=ALL-UNNAMED --add-opens=java.base/java.util.concurrent.atomic=ALL-UNNAMED -Xmx2048m -Dfile.encoding=UTF-8 -Duser.country=US -Duser.language=en -Duser.variant org.gradle.launcher.daemon.bootstrap.GradleDaemon 7.2

Host: Intel(R) Core(TM) i3-2120 CPU @ 3.30GHz, 4 cores, 3G,  Windows 10 , 64 bit Build 19041 (10.0.19041.1645)
Time: Wed Apr 27 14:07:43 2022 Georgian Standard Time elapsed time: 18.549391 seconds (0d 0h 0m 18s)

---------------  T H R E A D  ---------------

Current thread (0x000002106d0d0000):  JavaThread "C2 CompilerThread0" daemon [_thread_in_native, id=8436, stack(0x0000006834000000,0x0000006834100000)]


Current CompileTask:
C2:  18549 6180       4       java.util.regex.Pattern::compile (498 bytes)

Stack: [0x0000006834000000,0x0000006834100000]
Native frames: (J=compiled Java code, j=interpreted, Vv=VM code, C=native code)
V  [jvm.dll+0x5f214a]
V  [jvm.dll+0x726fb5]
V  [jvm.dll+0x7285cd]
V  [jvm.dll+0x728c83]
V  [jvm.dll+0x243278]
V  [jvm.dll+0xbc53c]
V  [jvm.dll+0xbca3c]
V  [jvm.dll+0x353e7d]
V  [jvm.dll+0x321893]
V  [jvm.dll+0x320d8a]
V  [jvm.dll+0x1fc1e2]
V  [jvm.dll+0x1fb3d4]
V  [jvm.dll+0x183d6c]
V  [jvm.dll+0x209a57]
V  [jvm.dll+0x2082a1]
V  [jvm.dll+0x6ef58f]
V  [jvm.dll+0x6e80b5]
V  [jvm.dll+0x5f1036]
C  [ucrtbase.dll+0x21bb2]
C  [KERNEL32.DLL+0x17034]
C  [ntdll.dll+0x52651]


---------------  P R O C E S S  ---------------

Threads class SMR info:
_java_thread_list=0x00000210722909c0, length=77, elements={
0x000002105157d800, 0x000002106d069000, 0x000002106d074800, 0x000002106d0c6800,
0x000002106d0c7800, 0x000002106d0ca000, 0x000002106d0d0000, 0x000002106d0d5000,
0x000002106d0d6800, 0x000002106db43000, 0x000002106f3de800, 0x000002106ec69000,
0x000002106ec69800, 0x000002106ed65800, 0x000002106ed66000, 0x0000021070583000,
0x0000021070583800, 0x000002106e150800, 0x000002106e151800, 0x0000021070593000,
0x0000021070594000, 0x000002107058e000, 0x0000021070590800, 0x0000021070594800,
0x0000021070591800, 0x000002107058f000, 0x000002107058f800, 0x0000021070592000,
0x0000021071f3e000, 0x0000021071f40800, 0x0000021071f43000, 0x0000021071f45800,
0x0000021071f48000, 0x0000021071f42800, 0x0000021071f4a800, 0x0000021071f46800,
0x0000021071f4d000, 0x0000021071f4c000, 0x0000021071f47000, 0x0000021071f49000,
0x0000021071f4b800, 0x0000021071f49800, 0x000002107254d800, 0x000002107254f000,
0x000002107254b000, 0x000002107254e800, 0x0000021072550000, 0x000002107254a800,
0x0000021072551000, 0x000002107254c000, 0x0000021072551800, 0x0000021072552800,
0x000002107254d000, 0x0000021072559000, 0x0000021072558000, 0x0000021072555000,
0x0000021072556800, 0x0000021072553800, 0x0000021072557800, 0x0000021072556000,
0x0000021072554000, 0x0000021071f7b800, 0x0000021071f7f000, 0x0000021071f7c800,
0x0000021071f7a000, 0x0000021071f7d800, 0x0000021071f7b000, 0x0000021071f7e000,
0x0000021071f79800, 0x0000021071f83000, 0x0000021071f84800, 0x0000021071f84000,
0x0000021071f80000, 0x0000021071f85800, 0x0000021071f86800, 0x0000021071f80800,
0x0000021071f87000
}

Java Threads: ( => current thread )
  0x000002105157d800 JavaThread "main" [_thread_blocked, id=8616, stack(0x0000006833400000,0x0000006833500000)]
  0x000002106d069000 JavaThread "Reference Handler" daemon [_thread_blocked, id=6688, stack(0x0000006833b00000,0x0000006833c00000)]
  0x000002106d074800 JavaThread "Finalizer" daemon [_thread_blocked, id=9180, stack(0x0000006833c00000,0x0000006833d00000)]
  0x000002106d0c6800 JavaThread "Signal Dispatcher" daemon [_thread_blocked, id=7716, stack(0x0000006833d00000,0x0000006833e00000)]
  0x000002106d0c7800 JavaThread "Attach Listener" daemon [_thread_blocked, id=108, stack(0x0000006833e00000,0x0000006833f00000)]
  0x000002106d0ca000 JavaThread "Service Thread" daemon [_thread_blocked, id=5660, stack(0x0000006833f00000,0x0000006834000000)]
=>0x000002106d0d0000 JavaThread "C2 CompilerThread0" daemon [_thread_in_native, id=8436, stack(0x0000006834000000,0x0000006834100000)]
  0x000002106d0d5000 JavaThread "C1 CompilerThread0" daemon [_thread_blocked, id=500, stack(0x0000006834100000,0x0000006834200000)]
  0x000002106d0d6800 JavaThread "Sweeper thread" daemon [_thread_blocked, id=508, stack(0x0000006834200000,0x0000006834300000)]
  0x000002106db43000 JavaThread "Common-Cleaner" daemon [_thread_blocked, id=4104, stack(0x0000006834300000,0x0000006834400000)]
  0x000002106f3de800 JavaThread "Daemon health stats" [_thread_blocked, id=6256, stack(0x0000006834700000,0x0000006834800000)]
  0x000002106ec69000 JavaThread "Incoming local TCP Connector on port 56702" [_thread_in_native, id=7244, stack(0x0000006834500000,0x0000006834600000)]
  0x000002106ec69800 JavaThread "Daemon periodic checks" [_thread_blocked, id=8708, stack(0x0000006834800000,0x0000006834900000)]
  0x000002106ed65800 JavaThread "Daemon" [_thread_blocked, id=4324, stack(0x0000006834900000,0x0000006834a00000)]
  0x000002106ed66000 JavaThread "Handler for socket connection from /127.0.0.1:56702 to /127.0.0.1:56705" [_thread_in_native, id=6020, stack(0x0000006834a00000,0x0000006834b00000)]
  0x0000021070583000 JavaThread "Cancel handler" [_thread_blocked, id=6936, stack(0x0000006834b00000,0x0000006834c00000)]
  0x0000021070583800 JavaThread "Daemon worker" [_thread_in_native, id=7544, stack(0x0000006834c00000,0x0000006834d00000)]
  0x000002106e150800 JavaThread "Asynchronous log dispatcher for DefaultDaemonConnection: socket connection from /127.0.0.1:56702 to /127.0.0.1:56705" [_thread_blocked, id=240, stack(0x0000006834d00000,0x0000006834e00000)]
  0x000002106e151800 JavaThread "Stdin handler" [_thread_blocked, id=2808, stack(0x0000006834e00000,0x0000006834f00000)]
  0x0000021070593000 JavaThread "Daemon client event forwarder" [_thread_blocked, id=3580, stack(0x0000006834f00000,0x0000006835000000)]
  0x0000021070594000 JavaThread "Cache worker for journal cache (C:\Users\giorgi\.gradle\caches\journal-1)" [_thread_blocked, id=2672, stack(0x0000006835200000,0x0000006835300000)]
  0x000002107058e000 JavaThread "File lock request listener" [_thread_in_native, id=5188, stack(0x0000006835300000,0x0000006835400000)]
  0x0000021070590800 JavaThread "Cache worker for file hash cache (C:\Users\giorgi\.gradle\caches\7.2\fileHashes)" [_thread_blocked, id=7612, stack(0x0000006835400000,0x0000006835500000)]
  0x0000021070594800 JavaThread "Cache worker for file hash cache (C:\Users\giorgi\StudioProjects\altaapp\.gradle\7.2\fileHashes)" [_thread_blocked, id=8624, stack(0x0000006835500000,0x0000006835600000)]
  0x0000021070591800 JavaThread "File watcher server" daemon [_thread_in_native, id=6680, stack(0x0000006835700000,0x0000006835800000)]
  0x000002107058f000 JavaThread "File watcher consumer" daemon [_thread_blocked, id=1228, stack(0x0000006835800000,0x0000006835900000)]
  0x000002107058f800 JavaThread "Cache worker for checksums cache (C:\Users\giorgi\StudioProjects\altaapp\.gradle\checksums)" [_thread_blocked, id=9192, stack(0x0000006835900000,0x0000006835a00000)]
  0x0000021070592000 JavaThread "Cache worker for cache directory md-supplier (C:\Users\giorgi\.gradle\caches\7.2\md-supplier)" [_thread_blocked, id=760, stack(0x0000006835a00000,0x0000006835b00000)]
  0x0000021071f3e000 JavaThread "Cache worker for cache directory md-rule (C:\Users\giorgi\.gradle\caches\7.2\md-rule)" [_thread_blocked, id=5744, stack(0x0000006835b00000,0x0000006835c00000)]
  0x0000021071f40800 JavaThread "Cache worker for execution history cache (C:\Users\giorgi\.gradle\caches\7.2\executionHistory)" [_thread_blocked, id=6840, stack(0x0000006835c00000,0x0000006835d00000)]
  0x0000021071f43000 JavaThread "jar transforms" [_thread_blocked, id=5248, stack(0x0000006835d00000,0x0000006835e00000)]
  0x0000021071f45800 JavaThread "Cache worker for file content cache (C:\Users\giorgi\.gradle\caches\7.2\fileContent)" [_thread_blocked, id=3824, stack(0x0000006835e00000,0x0000006835f00000)]
  0x0000021071f48000 JavaThread "jar transforms Thread 2" [_thread_blocked, id=4032, stack(0x0000006835f00000,0x0000006836000000)]
  0x0000021071f42800 JavaThread "Cache worker for dependencies-accessors (C:\Users\giorgi\StudioProjects\altaapp\.gradle\7.2\dependencies-accessors)" [_thread_blocked, id=5988, stack(0x0000006836000000,0x0000006836100000)]
  0x0000021071f4a800 JavaThread "jar transforms Thread 3" [_thread_blocked, id=7072, stack(0x0000006836100000,0x0000006836200000)]
  0x0000021071f46800 JavaThread "Cache worker for Build Output Cleanup Cache (C:\Users\giorgi\StudioProjects\altaapp\.gradle\buildOutputCleanup)" [_thread_blocked, id=8432, stack(0x0000006836200000,0x0000006836300000)]
  0x0000021071f4d000 JavaThread "Unconstrained build operations" [_thread_blocked, id=4264, stack(0x0000006836300000,0x0000006836400000)]
  0x0000021071f4c000 JavaThread "Unconstrained build operations Thread 2" [_thread_blocked, id=8736, stack(0x0000006836400000,0x0000006836500000)]
  0x0000021071f47000 JavaThread "Unconstrained build operations Thread 3" [_thread_blocked, id=2120, stack(0x0000006836500000,0x0000006836600000)]
  0x0000021071f49000 JavaThread "Unconstrained build operations Thread 4" [_thread_blocked, id=3152, stack(0x0000006836600000,0x0000006836700000)]
  0x0000021071f4b800 JavaThread "Unconstrained build operations Thread 5" [_thread_blocked, id=4184, stack(0x0000006836700000,0x0000006836800000)]
  0x0000021071f49800 JavaThread "Unconstrained build operations Thread 6" [_thread_blocked, id=6060, stack(0x0000006836800000,0x0000006836900000)]
  0x000002107254d800 JavaThread "Unconstrained build operations Thread 7" [_thread_blocked, id=6660, stack(0x0000006836900000,0x0000006836a00000)]
  0x000002107254f000 JavaThread "Unconstrained build operations Thread 8" [_thread_blocked, id=6132, stack(0x0000006836a00000,0x0000006836b00000)]
  0x000002107254b000 JavaThread "Unconstrained build operations Thread 9" [_thread_blocked, id=4100, stack(0x0000006836b00000,0x0000006836c00000)]
  0x000002107254e800 JavaThread "Unconstrained build operations Thread 10" [_thread_blocked, id=7744, stack(0x0000006836c00000,0x0000006836d00000)]
  0x0000021072550000 JavaThread "Unconstrained build operations Thread 11" [_thread_blocked, id=5052, stack(0x0000006836d00000,0x0000006836e00000)]
  0x000002107254a800 JavaThread "Unconstrained build operations Thread 12" [_thread_blocked, id=9076, stack(0x0000006836e00000,0x0000006836f00000)]
  0x0000021072551000 JavaThread "Unconstrained build operations Thread 13" [_thread_blocked, id=4488, stack(0x0000006836f00000,0x0000006837000000)]
  0x000002107254c000 JavaThread "Unconstrained build operations Thread 14" [_thread_blocked, id=5816, stack(0x0000006837000000,0x0000006837100000)]
  0x0000021072551800 JavaThread "Unconstrained build operations Thread 15" [_thread_blocked, id=3176, stack(0x0000006837100000,0x0000006837200000)]
  0x0000021072552800 JavaThread "Unconstrained build operations Thread 16" [_thread_blocked, id=3332, stack(0x0000006837200000,0x0000006837300000)]
  0x000002107254d000 JavaThread "Unconstrained build operations Thread 17" [_thread_blocked, id=8480, stack(0x0000006837300000,0x0000006837400000)]
  0x0000021072559000 JavaThread "Unconstrained build operations Thread 18" [_thread_blocked, id=3016, stack(0x0000006837400000,0x0000006837500000)]
  0x0000021072558000 JavaThread "Unconstrained build operations Thread 19" [_thread_blocked, id=7748, stack(0x0000006837500000,0x0000006837600000)]
  0x0000021072555000 JavaThread "Unconstrained build operations Thread 20" [_thread_blocked, id=3216, stack(0x0000006837600000,0x0000006837700000)]
  0x0000021072556800 JavaThread "Unconstrained build operations Thread 21" [_thread_blocked, id=6876, stack(0x0000006837700000,0x0000006837800000)]
  0x0000021072553800 JavaThread "Unconstrained build operations Thread 22" [_thread_blocked, id=8100, stack(0x0000006837800000,0x0000006837900000)]
  0x0000021072557800 JavaThread "Unconstrained build operations Thread 23" [_thread_blocked, id=4520, stack(0x0000006837900000,0x0000006837a00000)]
  0x0000021072556000 JavaThread "Unconstrained build operations Thread 24" [_thread_blocked, id=2592, stack(0x0000006837a00000,0x0000006837b00000)]
  0x0000021072554000 JavaThread "Unconstrained build operations Thread 25" [_thread_blocked, id=2032, stack(0x0000006837b00000,0x0000006837c00000)]
  0x0000021071f7b800 JavaThread "Unconstrained build operations Thread 26" [_thread_blocked, id=7836, stack(0x0000006837c00000,0x0000006837d00000)]
  0x0000021071f7f000 JavaThread "Unconstrained build operations Thread 27" [_thread_blocked, id=3484, stack(0x0000006837d00000,0x0000006837e00000)]
  0x0000021071f7c800 JavaThread "Unconstrained build operations Thread 28" [_thread_blocked, id=5536, stack(0x0000006837e00000,0x0000006837f00000)]
  0x0000021071f7a000 JavaThread "Unconstrained build operations Thread 29" [_thread_blocked, id=4860, stack(0x0000006837f00000,0x0000006838000000)]
  0x0000021071f7d800 JavaThread "Unconstrained build operations Thread 30" [_thread_blocked, id=7604, stack(0x0000006838000000,0x0000006838100000)]
  0x0000021071f7b000 JavaThread "Unconstrained build operations Thread 31" [_thread_blocked, id=5300, stack(0x0000006838100000,0x0000006838200000)]
  0x0000021071f7e000 JavaThread "Unconstrained build operations Thread 32" [_thread_blocked, id=7932, stack(0x0000006838200000,0x0000006838300000)]
  0x0000021071f79800 JavaThread "Unconstrained build operations Thread 33" [_thread_blocked, id=6528, stack(0x0000006838300000,0x0000006838400000)]
  0x0000021071f83000 JavaThread "Unconstrained build operations Thread 34" [_thread_blocked, id=6812, stack(0x0000006838400000,0x0000006838500000)]
  0x0000021071f84800 JavaThread "Unconstrained build operations Thread 35" [_thread_blocked, id=8972, stack(0x0000006838500000,0x0000006838600000)]
  0x0000021071f84000 JavaThread "Unconstrained build operations Thread 36" [_thread_blocked, id=3752, stack(0x0000006838600000,0x0000006838700000)]
  0x0000021071f80000 JavaThread "Unconstrained build operations Thread 37" [_thread_blocked, id=4132, stack(0x0000006838700000,0x0000006838800000)]
  0x0000021071f85800 JavaThread "Unconstrained build operations Thread 38" [_thread_blocked, id=8280, stack(0x0000006838800000,0x0000006838900000)]
  0x0000021071f86800 JavaThread "Unconstrained build operations Thread 39" [_thread_blocked, id=9112, stack(0x0000006838900000,0x0000006838a00000)]
  0x0000021071f80800 JavaThread "Unconstrained build operations Thread 40" [_thread_blocked, id=7320, stack(0x0000006838a00000,0x0000006838b00000)]
  0x0000021071f87000 JavaThread "jar transforms Thread 4" [_thread_blocked, id=9000, stack(0x0000006838b00000,0x0000006838c00000)]

Other Threads:
  0x000002106d061800 VMThread "VM Thread" [stack: 0x0000006833a00000,0x0000006833b00000] [id=5408]
  0x000002106db55000 WatcherThread [stack: 0x0000006834400000,0x0000006834500000] [id=8804]
  0x0000021051595800 GCTaskThread "GC Thread#0" [stack: 0x0000006833500000,0x0000006833600000] [id=8944]
  0x000002106e216800 GCTaskThread "GC Thread#1" [stack: 0x0000006834600000,0x0000006834700000] [id=8284]
  0x00000210702f9800 GCTaskThread "GC Thread#2" [stack: 0x0000006835000000,0x0000006835100000] [id=7720]
  0x000002106ed75000 GCTaskThread "GC Thread#3" [stack: 0x0000006835100000,0x0000006835200000] [id=8484]
  0x00000210515c6800 ConcurrentGCThread "G1 Main Marker" [stack: 0x0000006833600000,0x0000006833700000] [id=2276]
  0x00000210515c9000 ConcurrentGCThread "G1 Conc#0" [stack: 0x0000006833700000,0x0000006833800000] [id=9168]
  0x0000021051620000 ConcurrentGCThread "G1 Refine#0" [stack: 0x0000006833800000,0x0000006833900000] [id=4192]
  0x0000021051621000 ConcurrentGCThread "G1 Young RemSet Sampling" [stack: 0x0000006833900000,0x0000006833a00000] [id=1760]

Threads with active compile tasks:
C2 CompilerThread0  18611 6180       4       java.util.regex.Pattern::compile (498 bytes)

VM state:not at safepoint (normal execution)

VM Mutex/Monitor currently owned by a thread: None

Heap address: 0x0000000080000000, size: 2048 MB, Compressed Oops mode: 32-bit
Narrow klass base: 0x0000000000000000, Narrow klass shift: 3
Compressed class space size: 1073741824 Address: 0x0000000100000000

Heap:
 garbage-first heap   total 114688K, used 68477K [0x0000000080000000, 0x0000000100000000)
  region size 1024K, 18 young (18432K), 3 survivors (3072K)
 Metaspace       used 55679K, capacity 57152K, committed 57420K, reserved 1099776K
  class space    used 7135K, capacity 7643K, committed 7756K, reserved 1048576K
Heap Regions: E=young(eden), S=young(survivor), O=old, HS=humongous(starts), HC=humongous(continues), CS=collection set, F=free, A=archive, TAMS=top-at-mark-start (previous, next)
|   0|0x0000000080000000, 0x0000000080100000, 0x0000000080100000|100%| O|  |TAMS 0x0000000080100000, 0x0000000080000000| Untracked 
|   1|0x0000000080100000, 0x0000000080200000, 0x0000000080200000|100%| O|  |TAMS 0x0000000080200000, 0x0000000080100000| Untracked 
|   2|0x0000000080200000, 0x0000000080300000, 0x0000000080300000|100%| O|  |TAMS 0x0000000080300000, 0x0000000080200000| Untracked 
|   3|0x0000000080300000, 0x0000000080400000, 0x0000000080400000|100%|HS|  |TAMS 0x0000000080400000, 0x0000000080300000| Complete 
|   4|0x0000000080400000, 0x0000000080500000, 0x0000000080500000|100%|HC|  |TAMS 0x0000000080500000, 0x0000000080400000| Complete 
|   5|0x0000000080500000, 0x0000000080600000, 0x0000000080600000|100%|HC|  |TAMS 0x0000000080600000, 0x0000000080500000| Complete 
|   6|0x0000000080600000, 0x0000000080700000, 0x0000000080700000|100%| O|  |TAMS 0x0000000080700000, 0x0000000080600000| Untracked 
|   7|0x0000000080700000, 0x0000000080800000, 0x0000000080800000|100%| O|  |TAMS 0x0000000080800000, 0x0000000080700000| Untracked 
|   8|0x0000000080800000, 0x0000000080900000, 0x0000000080900000|100%| O|  |TAMS 0x0000000080900000, 0x0000000080800000| Untracked 
|   9|0x0000000080900000, 0x0000000080a00000, 0x0000000080a00000|100%| O|  |TAMS 0x0000000080a00000, 0x0000000080900000| Untracked 
|  10|0x0000000080a00000, 0x0000000080b00000, 0x0000000080b00000|100%| O|  |TAMS 0x0000000080b00000, 0x0000000080a00000| Untracked 
|  11|0x0000000080b00000, 0x0000000080c00000, 0x0000000080c00000|100%| O|  |TAMS 0x0000000080c00000, 0x0000000080b00000| Untracked 
|  12|0x0000000080c00000, 0x0000000080d00000, 0x0000000080d00000|100%| O|  |TAMS 0x0000000080d00000, 0x0000000080c00000| Untracked 
|  13|0x0000000080d00000, 0x0000000080e00000, 0x0000000080e00000|100%| O|  |TAMS 0x0000000080e00000, 0x0000000080d00000| Untracked 
|  14|0x0000000080e00000, 0x0000000080f00000, 0x0000000080f00000|100%| O|  |TAMS 0x0000000080f00000, 0x0000000080e00000| Untracked 
|  15|0x0000000080f00000, 0x0000000081000000, 0x0000000081000000|100%| O|  |TAMS 0x0000000081000000, 0x0000000080f00000| Untracked 
|  16|0x0000000081000000, 0x0000000081100000, 0x0000000081100000|100%| O|  |TAMS 0x0000000081100000, 0x0000000081000000| Untracked 
|  17|0x0000000081100000, 0x0000000081200000, 0x0000000081200000|100%| O|  |TAMS 0x0000000081200000, 0x0000000081100000| Untracked 
|  18|0x0000000081200000, 0x0000000081300000, 0x0000000081300000|100%| O|  |TAMS 0x0000000081300000, 0x0000000081200000| Untracked 
|  19|0x0000000081300000, 0x0000000081400000, 0x0000000081400000|100%| O|  |TAMS 0x0000000081400000, 0x0000000081300000| Untracked 
|  20|0x0000000081400000, 0x0000000081500000, 0x0000000081500000|100%| O|  |TAMS 0x0000000081500000, 0x0000000081400000| Untracked 
|  21|0x0000000081500000, 0x0000000081600000, 0x0000000081600000|100%| O|  |TAMS 0x0000000081600000, 0x0000000081500000| Untracked 
|  22|0x0000000081600000, 0x0000000081700000, 0x0000000081700000|100%| O|  |TAMS 0x0000000081700000, 0x0000000081600000| Untracked 
|  23|0x0000000081700000, 0x0000000081800000, 0x0000000081800000|100%| O|  |TAMS 0x0000000081800000, 0x0000000081700000| Untracked 
|  24|0x0000000081800000, 0x0000000081900000, 0x0000000081900000|100%| O|  |TAMS 0x0000000081900000, 0x0000000081800000| Untracked 
|  25|0x0000000081900000, 0x0000000081a00000, 0x0000000081a00000|100%| O|  |TAMS 0x0000000081a00000, 0x0000000081900000| Untracked 
|  26|0x0000000081a00000, 0x0000000081b00000, 0x0000000081b00000|100%| O|  |TAMS 0x0000000081b00000, 0x0000000081a00000| Untracked 
|  27|0x0000000081b00000, 0x0000000081c00000, 0x0000000081c00000|100%| O|  |TAMS 0x0000000081c00000, 0x0000000081b00000| Untracked 
|  28|0x0000000081c00000, 0x0000000081d00000, 0x0000000081d00000|100%| O|  |TAMS 0x0000000081d00000, 0x0000000081c00000| Untracked 
|  29|0x0000000081d00000, 0x0000000081e00000, 0x0000000081e00000|100%|HS|  |TAMS 0x0000000081e00000, 0x0000000081d00000| Complete 
|  30|0x0000000081e00000, 0x0000000081f00000, 0x0000000081f00000|100%|HS|  |TAMS 0x0000000081f00000, 0x0000000081e00000| Complete 
|  31|0x0000000081f00000, 0x0000000082000000, 0x0000000082000000|100%|HS|  |TAMS 0x0000000082000000, 0x0000000081f00000| Complete 
|  32|0x0000000082000000, 0x0000000082100000, 0x0000000082100000|100%|HS|  |TAMS 0x0000000082100000, 0x0000000082000000| Complete 
|  33|0x0000000082100000, 0x0000000082200000, 0x0000000082200000|100%|HS|  |TAMS 0x0000000082200000, 0x0000000082100000| Complete 
|  34|0x0000000082200000, 0x0000000082300000, 0x0000000082300000|100%|HC|  |TAMS 0x0000000082300000, 0x0000000082200000| Complete 
|  35|0x0000000082300000, 0x0000000082400000, 0x0000000082400000|100%|HC|  |TAMS 0x0000000082400000, 0x0000000082300000| Complete 
|  36|0x0000000082400000, 0x0000000082500000, 0x0000000082500000|100%|HS|  |TAMS 0x0000000082500000, 0x0000000082400000| Complete 
|  37|0x0000000082500000, 0x0000000082600000, 0x0000000082600000|100%|HC|  |TAMS 0x0000000082600000, 0x0000000082500000| Complete 
|  38|0x0000000082600000, 0x0000000082700000, 0x0000000082700000|100%| O|  |TAMS 0x0000000082700000, 0x0000000082600000| Untracked 
|  39|0x0000000082700000, 0x0000000082800000, 0x0000000082800000|100%| O|  |TAMS 0x0000000082800000, 0x0000000082700000| Untracked 
|  40|0x0000000082800000, 0x0000000082900000, 0x0000000082900000|100%| O|  |TAMS 0x0000000082900000, 0x0000000082800000| Untracked 
|  41|0x0000000082900000, 0x0000000082a00000, 0x0000000082a00000|100%| O|  |TAMS 0x0000000082a00000, 0x0000000082900000| Untracked 
|  42|0x0000000082a00000, 0x0000000082b00000, 0x0000000082b00000|100%| O|  |TAMS 0x0000000082b00000, 0x0000000082a00000| Untracked 
|  43|0x0000000082b00000, 0x0000000082c00000, 0x0000000082c00000|100%| O|  |TAMS 0x0000000082c00000, 0x0000000082b00000| Untracked 
|  44|0x0000000082c00000, 0x0000000082c00000, 0x0000000082d00000|  0%| F|  |TAMS 0x0000000082c00000, 0x0000000082c00000| Untracked 
|  45|0x0000000082d00000, 0x0000000082d00000, 0x0000000082e00000|  0%| F|  |TAMS 0x0000000082d00000, 0x0000000082d00000| Untracked 
|  46|0x0000000082e00000, 0x0000000082e00000, 0x0000000082f00000|  0%| F|  |TAMS 0x0000000082e00000, 0x0000000082e00000| Untracked 
|  47|0x0000000082f00000, 0x0000000082f00000, 0x0000000083000000|  0%| F|  |TAMS 0x0000000082f00000, 0x0000000082f00000| Untracked 
|  48|0x0000000083000000, 0x0000000083000000, 0x0000000083100000|  0%| F|  |TAMS 0x0000000083000000, 0x0000000083000000| Untracked 
|  49|0x0000000083100000, 0x0000000083100000, 0x0000000083200000|  0%| F|  |TAMS 0x0000000083100000, 0x0000000083100000| Untracked 
|  50|0x0000000083200000, 0x0000000083300000, 0x0000000083300000|100%| O|  |TAMS 0x0000000083300000, 0x0000000083200000| Untracked 
|  51|0x0000000083300000, 0x0000000083400000, 0x0000000083400000|100%| O|  |TAMS 0x0000000083400000, 0x0000000083300000| Untracked 
|  52|0x0000000083400000, 0x0000000083500000, 0x0000000083500000|100%| O|  |TAMS 0x0000000083500000, 0x0000000083400000| Untracked 
|  53|0x0000000083500000, 0x0000000083600000, 0x0000000083600000|100%| O|  |TAMS 0x0000000083600000, 0x0000000083500000| Untracked 
|  54|0x0000000083600000, 0x0000000083700000, 0x0000000083700000|100%| O|  |TAMS 0x0000000083700000, 0x0000000083600000| Untracked 
|  55|0x0000000083700000, 0x00000000837df400, 0x0000000083800000| 87%| O|  |TAMS 0x00000000837df400, 0x0000000083700000| Untracked 
|  56|0x0000000083800000, 0x0000000083800000, 0x0000000083900000|  0%| F|  |TAMS 0x0000000083800000, 0x0000000083800000| Untracked 
|  57|0x0000000083900000, 0x0000000083900000, 0x0000000083a00000|  0%| F|  |TAMS 0x0000000083900000, 0x0000000083900000| Untracked 
|  58|0x0000000083a00000, 0x0000000083a00000, 0x0000000083b00000|  0%| F|  |TAMS 0x0000000083a00000, 0x0000000083a00000| Untracked 
|  59|0x0000000083b00000, 0x0000000083b00000, 0x0000000083c00000|  0%| F|  |TAMS 0x0000000083b00000, 0x0000000083b00000| Untracked 
|  60|0x0000000083c00000, 0x0000000083c00000, 0x0000000083d00000|  0%| F|  |TAMS 0x0000000083c00000, 0x0000000083c00000| Untracked 
|  61|0x0000000083d00000, 0x0000000083d00000, 0x0000000083e00000|  0%| F|  |TAMS 0x0000000083d00000, 0x0000000083d00000| Untracked 
|  62|0x0000000083e00000, 0x0000000083e00000, 0x0000000083f00000|  0%| F|  |TAMS 0x0000000083e00000, 0x0000000083e00000| Untracked 
|  63|0x0000000083f00000, 0x0000000083f00000, 0x0000000084000000|  0%| F|  |TAMS 0x0000000083f00000, 0x0000000083f00000| Untracked 
|  64|0x0000000084000000, 0x0000000084000000, 0x0000000084100000|  0%| F|  |TAMS 0x0000000084000000, 0x0000000084000000| Untracked 
|  65|0x0000000084100000, 0x0000000084100000, 0x0000000084200000|  0%| F|  |TAMS 0x0000000084100000, 0x0000000084100000| Untracked 
|  66|0x0000000084200000, 0x0000000084300000, 0x0000000084300000|100%| S|CS|TAMS 0x0000000084200000, 0x0000000084200000| Complete 
|  67|0x0000000084300000, 0x0000000084400000, 0x0000000084400000|100%| S|CS|TAMS 0x0000000084300000, 0x0000000084300000| Complete 
|  68|0x0000000084400000, 0x0000000084400000, 0x0000000084500000|  0%| F|  |TAMS 0x0000000084400000, 0x0000000084400000| Untracked 
|  69|0x0000000084500000, 0x0000000084500000, 0x0000000084600000|  0%| F|  |TAMS 0x0000000084500000, 0x0000000084500000| Untracked 
|  70|0x0000000084600000, 0x0000000084700000, 0x0000000084700000|100%| S|CS|TAMS 0x0000000084600000, 0x0000000084600000| Complete 
|  71|0x0000000084700000, 0x0000000084700000, 0x0000000084800000|  0%| F|  |TAMS 0x0000000084700000, 0x0000000084700000| Untracked 
|  72|0x0000000084800000, 0x0000000084800000, 0x0000000084900000|  0%| F|  |TAMS 0x0000000084800000, 0x0000000084800000| Untracked 
|  73|0x0000000084900000, 0x0000000084900000, 0x0000000084a00000|  0%| F|  |TAMS 0x0000000084900000, 0x0000000084900000| Untracked 
|  74|0x0000000084a00000, 0x0000000084a00000, 0x0000000084b00000|  0%| F|  |TAMS 0x0000000084a00000, 0x0000000084a00000| Untracked 
|  75|0x0000000084b00000, 0x0000000084b00000, 0x0000000084c00000|  0%| F|  |TAMS 0x0000000084b00000, 0x0000000084b00000| Untracked 
|  76|0x0000000084c00000, 0x0000000084c00000, 0x0000000084d00000|  0%| F|  |TAMS 0x0000000084c00000, 0x0000000084c00000| Untracked 
|  77|0x0000000084d00000, 0x0000000084d00000, 0x0000000084e00000|  0%| F|  |TAMS 0x0000000084d00000, 0x0000000084d00000| Untracked 
|  78|0x0000000084e00000, 0x0000000084e00000, 0x0000000084f00000|  0%| F|  |TAMS 0x0000000084e00000, 0x0000000084e00000| Untracked 
|  79|0x0000000084f00000, 0x0000000084f00000, 0x0000000085000000|  0%| F|  |TAMS 0x0000000084f00000, 0x0000000084f00000| Untracked 
|  80|0x0000000085000000, 0x0000000085000000, 0x0000000085100000|  0%| F|  |TAMS 0x0000000085000000, 0x0000000085000000| Untracked 
|  81|0x0000000085100000, 0x0000000085100000, 0x0000000085200000|  0%| F|  |TAMS 0x0000000085100000, 0x0000000085100000| Untracked 
|  82|0x0000000085200000, 0x0000000085200000, 0x0000000085300000|  0%| F|  |TAMS 0x0000000085200000, 0x0000000085200000| Untracked 
|  83|0x0000000085300000, 0x0000000085300000, 0x0000000085400000|  0%| F|  |TAMS 0x0000000085300000, 0x0000000085300000| Untracked 
|  84|0x0000000085400000, 0x0000000085400000, 0x0000000085500000|  0%| F|  |TAMS 0x0000000085400000, 0x0000000085400000| Untracked 
|  85|0x0000000085500000, 0x0000000085500000, 0x0000000085600000|  0%| F|  |TAMS 0x0000000085500000, 0x0000000085500000| Untracked 
|  86|0x0000000085600000, 0x0000000085600000, 0x0000000085700000|  0%| F|  |TAMS 0x0000000085600000, 0x0000000085600000| Untracked 
|  87|0x0000000085700000, 0x0000000085700000, 0x0000000085800000|  0%| F|  |TAMS 0x0000000085700000, 0x0000000085700000| Untracked 
|  88|0x0000000085800000, 0x0000000085800000, 0x0000000085900000|  0%| F|  |TAMS 0x0000000085800000, 0x0000000085800000| Untracked 
|  89|0x0000000085900000, 0x0000000085900000, 0x0000000085a00000|  0%| F|  |TAMS 0x0000000085900000, 0x0000000085900000| Untracked 
|  90|0x0000000085a00000, 0x0000000085a00000, 0x0000000085b00000|  0%| F|  |TAMS 0x0000000085a00000, 0x0000000085a00000| Untracked 
|  91|0x0000000085b00000, 0x0000000085b00000, 0x0000000085c00000|  0%| F|  |TAMS 0x0000000085b00000, 0x0000000085b00000| Untracked 
|  92|0x0000000085c00000, 0x0000000085c00000, 0x0000000085d00000|  0%| F|  |TAMS 0x0000000085c00000, 0x0000000085c00000| Untracked 
|  93|0x0000000085d00000, 0x0000000085d00000, 0x0000000085e00000|  0%| F|  |TAMS 0x0000000085d00000, 0x0000000085d00000| Untracked 
|  94|0x0000000085e00000, 0x0000000085e00000, 0x0000000085f00000|  0%| F|  |TAMS 0x0000000085e00000, 0x0000000085e00000| Untracked 
|  95|0x0000000085f00000, 0x0000000085f00000, 0x0000000086000000|  0%| F|  |TAMS 0x0000000085f00000, 0x0000000085f00000| Untracked 
|  96|0x0000000086000000, 0x0000000086000000, 0x0000000086100000|  0%| F|  |TAMS 0x0000000086000000, 0x0000000086000000| Untracked 
|  97|0x0000000086100000, 0x0000000086185b38, 0x0000000086200000| 52%| E|  |TAMS 0x0000000086100000, 0x0000000086100000| Complete 
|  98|0x0000000086200000, 0x0000000086300000, 0x0000000086300000|100%| E|CS|TAMS 0x0000000086200000, 0x0000000086200000| Complete 
|  99|0x0000000086300000, 0x0000000086400000, 0x0000000086400000|100%| E|CS|TAMS 0x0000000086300000, 0x0000000086300000| Complete 
| 100|0x0000000086400000, 0x0000000086500000, 0x0000000086500000|100%| E|CS|TAMS 0x0000000086400000, 0x0000000086400000| Complete 
| 101|0x0000000086500000, 0x0000000086600000, 0x0000000086600000|100%| E|CS|TAMS 0x0000000086500000, 0x0000000086500000| Complete 
| 102|0x0000000086600000, 0x0000000086700000, 0x0000000086700000|100%| E|CS|TAMS 0x0000000086600000, 0x0000000086600000| Complete 
| 103|0x0000000086700000, 0x0000000086800000, 0x0000000086800000|100%| E|CS|TAMS 0x0000000086700000, 0x0000000086700000| Complete 
| 104|0x0000000086800000, 0x0000000086900000, 0x0000000086900000|100%| E|CS|TAMS 0x0000000086800000, 0x0000000086800000| Complete 
| 105|0x0000000086900000, 0x0000000086a00000, 0x0000000086a00000|100%| E|CS|TAMS 0x0000000086900000, 0x0000000086900000| Complete 
| 106|0x0000000086a00000, 0x0000000086b00000, 0x0000000086b00000|100%| E|CS|TAMS 0x0000000086a00000, 0x0000000086a00000| Complete 
| 107|0x0000000086b00000, 0x0000000086c00000, 0x0000000086c00000|100%| E|CS|TAMS 0x0000000086b00000, 0x0000000086b00000| Complete 
| 108|0x0000000086c00000, 0x0000000086d00000, 0x0000000086d00000|100%| E|CS|TAMS 0x0000000086c00000, 0x0000000086c00000| Complete 
| 109|0x0000000086d00000, 0x0000000086e00000, 0x0000000086e00000|100%| E|CS|TAMS 0x0000000086d00000, 0x0000000086d00000| Complete 
| 110|0x0000000086e00000, 0x0000000086f00000, 0x0000000086f00000|100%| E|CS|TAMS 0x0000000086e00000, 0x0000000086e00000| Complete 
| 111|0x0000000086f00000, 0x0000000087000000, 0x0000000087000000|100%| E|CS|TAMS 0x0000000086f00000, 0x0000000086f00000| Complete 

Card table byte_map: [0x00000210662b0000,0x00000210666b0000] _byte_map_base: 0x0000021065eb0000

Marking Bits (Prev, Next): (CMBitMap*) 0x00000210515bdc20, (CMBitMap*) 0x00000210515bdbe8
 Prev Bits: [0x0000021068ab0000, 0x000002106aab0000)
 Next Bits: [0x0000021066ab0000, 0x0000021068ab0000)

Polling page: 0x00000210513f0000

Metaspace:

Usage:
  Non-class:     48.35 MB capacity,    47.41 MB ( 98%) used,   818.18 KB (  2%) free+waste,   146.06 KB ( <1%) overhead. 
      Class:      7.46 MB capacity,     6.97 MB ( 93%) used,   438.88 KB (  6%) free+waste,    69.06 KB ( <1%) overhead. 
       Both:     55.81 MB capacity,    54.37 MB ( 97%) used,     1.23 MB (  2%) free+waste,   215.13 KB ( <1%) overhead. 

Virtual space:
  Non-class space:       50.00 MB reserved,      48.50 MB ( 97%) committed 
      Class space:        1.00 GB reserved,       7.57 MB ( <1%) committed 
             Both:        1.05 GB reserved,      56.07 MB (  5%) committed 

Chunk freelists:
   Non-Class:  27.00 KB
       Class:  5.00 KB
        Both:  32.00 KB

MaxMetaspaceSize: 17179869184.00 GB
CompressedClassSpaceSize: 1.00 GB

CodeHeap 'non-profiled nmethods': size=120064Kb used=3281Kb max_used=3281Kb free=116782Kb
 bounds [0x000002105e350000, 0x000002105e690000, 0x0000021065890000]
CodeHeap 'profiled nmethods': size=120000Kb used=12524Kb max_used=12524Kb free=107475Kb
 bounds [0x0000021056e20000, 0x0000021057a60000, 0x000002105e350000]
CodeHeap 'non-nmethods': size=5696Kb used=2232Kb max_used=2272Kb free=3464Kb
 bounds [0x0000021056890000, 0x0000021056b00000, 0x0000021056e20000]
 total_blobs=6985 nmethods=6177 adapters=719
 compilation: enabled
              stopped_count=0, restarted_count=0
 full_count=0

Compilation events (20 events):
Event: 18.426 Thread 0x000002106d0d5000 nmethod 6179 0x0000021057a42990 code [0x0000021057a42b40, 0x0000021057a42c38]
Event: 18.451 Thread 0x000002106d0d5000 6181       3       java.util.regex.Pattern::isSupplementary (20 bytes)
Event: 18.451 Thread 0x000002106d0d0000 6180       4       java.util.regex.Pattern::compile (498 bytes)
Event: 18.452 Thread 0x000002106d0d5000 nmethod 6181 0x0000021057a42d10 code [0x0000021057a42ec0, 0x0000021057a43138]
Event: 18.472 Thread 0x000002106d0d5000 6182       3       java.util.concurrent.atomic.AtomicReferenceArray::<init> (13 bytes)
Event: 18.472 Thread 0x000002106d0d5000 nmethod 6182 0x0000021057a43210 code [0x0000021057a433c0, 0x0000021057a43618]
Event: 18.472 Thread 0x000002106d0d5000 6183       3       com.google.common.cache.LocalCache::customWeigher (16 bytes)
Event: 18.472 Thread 0x000002106d0d5000 nmethod 6183 0x0000021057a43710 code [0x0000021057a438c0, 0x0000021057a43a38]
Event: 18.481 Thread 0x000002106d0d5000 6185       3       org.gradle.internal.classloader.FilteringClassLoader::classAllowed (80 bytes)
Event: 18.482 Thread 0x000002106d0d5000 nmethod 6185 0x0000021057a43b10 code [0x0000021057a43d80, 0x0000021057a446d8]
Event: 18.482 Thread 0x000002106d0d5000 6186       3       org.gradle.internal.instantiation.generator.AbstractClassGenerator$ClassGenerationHandler::startType (1 bytes)
Event: 18.483 Thread 0x000002106d0d5000 nmethod 6186 0x0000021057a44a90 code [0x0000021057a44c40, 0x0000021057a44d38]
Event: 18.495 Thread 0x000002106d0d5000 6192       1       java.util.zip.ZipEntry::getName (5 bytes)
Event: 18.495 Thread 0x000002106d0d5000 nmethod 6192 0x000002105e683b90 code [0x000002105e683d40, 0x000002105e683df8]
Event: 18.498 Thread 0x000002106d0d5000 6193       3       org.objectweb.asm.SymbolTable::addConstantUtf8 (98 bytes)
Event: 18.499 Thread 0x000002106d0d5000 nmethod 6193 0x0000021057a44e10 code [0x0000021057a45060, 0x0000021057a456d8]
Event: 18.504 Thread 0x000002106d0d5000 6194       1       java.lang.Enum::toString (5 bytes)
Event: 18.504 Thread 0x000002106d0d5000 nmethod 6194 0x000002105e683e90 code [0x000002105e684040, 0x000002105e6840f8]
Event: 18.541 Thread 0x000002106d0d5000 6195       3       java.util.regex.Pattern$GroupTail::match (111 bytes)
Event: 18.542 Thread 0x000002106d0d5000 nmethod 6195 0x0000021057a45a90 code [0x0000021057a45c60, 0x0000021057a45fe8]

GC Heap History (20 events):
Event: 7.891 GC heap before
{Heap before GC invocations=9 (full 0):
 garbage-first heap   total 78848K, used 52473K [0x0000000080000000, 0x0000000100000000)
  region size 1024K, 35 young (35840K), 3 survivors (3072K)
 Metaspace       used 29881K, capacity 30504K, committed 30720K, reserved 1075200K
  class space    used 4007K, capacity 4271K, committed 4352K, reserved 1048576K
}
Event: 7.897 GC heap after
{Heap after GC invocations=10 (full 0):
 garbage-first heap   total 78848K, used 20679K [0x0000000080000000, 0x0000000100000000)
  region size 1024K, 4 young (4096K), 4 survivors (4096K)
 Metaspace       used 29881K, capacity 30504K, committed 30720K, reserved 1075200K
  class space    used 4007K, capacity 4271K, committed 4352K, reserved 1048576K
}
Event: 8.619 GC heap before
{Heap before GC invocations=10 (full 0):
 garbage-first heap   total 78848K, used 38087K [0x0000000080000000, 0x0000000100000000)
  region size 1024K, 22 young (22528K), 4 survivors (4096K)
 Metaspace       used 34997K, capacity 35790K, committed 35840K, reserved 1081344K
  class space    used 4544K, capacity 4863K, committed 4864K, reserved 1048576K
}
Event: 8.632 GC heap after
{Heap after GC invocations=11 (full 0):
 garbage-first heap   total 78848K, used 23301K [0x0000000080000000, 0x0000000100000000)
  region size 1024K, 5 young (5120K), 5 survivors (5120K)
 Metaspace       used 34997K, capacity 35790K, committed 35840K, reserved 1081344K
  class space    used 4544K, capacity 4863K, committed 4864K, reserved 1048576K
}
Event: 9.429 GC heap before
{Heap before GC invocations=12 (full 0):
 garbage-first heap   total 78848K, used 56069K [0x0000000080000000, 0x0000000100000000)
  region size 1024K, 37 young (37888K), 5 survivors (5120K)
 Metaspace       used 37563K, capacity 38393K, committed 38604K, reserved 1083392K
  class space    used 4856K, capacity 5194K, committed 5324K, reserved 1048576K
}
Event: 9.441 GC heap after
{Heap after GC invocations=13 (full 0):
 garbage-first heap   total 78848K, used 26190K [0x0000000080000000, 0x0000000100000000)
  region size 1024K, 5 young (5120K), 5 survivors (5120K)
 Metaspace       used 37563K, capacity 38393K, committed 38604K, reserved 1083392K
  class space    used 4856K, capacity 5194K, committed 5324K, reserved 1048576K
}
Event: 10.135 GC heap before
{Heap before GC invocations=13 (full 0):
 garbage-first heap   total 78848K, used 61006K [0x0000000080000000, 0x0000000100000000)
  region size 1024K, 37 young (37888K), 5 survivors (5120K)
 Metaspace       used 39629K, capacity 40607K, committed 40780K, reserved 1085440K
  class space    used 5067K, capacity 5398K, committed 5452K, reserved 1048576K
}
Event: 10.150 GC heap after
{Heap after GC invocations=14 (full 0):
 garbage-first heap   total 78848K, used 28757K [0x0000000080000000, 0x0000000100000000)
  region size 1024K, 5 young (5120K), 5 survivors (5120K)
 Metaspace       used 39629K, capacity 40607K, committed 40780K, reserved 1085440K
  class space    used 5067K, capacity 5398K, committed 5452K, reserved 1048576K
}
Event: 10.827 GC heap before
{Heap before GC invocations=14 (full 0):
 garbage-first heap   total 78848K, used 61525K [0x0000000080000000, 0x0000000100000000)
  region size 1024K, 36 young (36864K), 5 survivors (5120K)
 Metaspace       used 43238K, capacity 44379K, committed 44620K, reserved 1087488K
  class space    used 5489K, capacity 5837K, committed 5964K, reserved 1048576K
}
Event: 10.838 GC heap after
{Heap after GC invocations=15 (full 0):
 garbage-first heap   total 78848K, used 30248K [0x0000000080000000, 0x0000000100000000)
  region size 1024K, 4 young (4096K), 4 survivors (4096K)
 Metaspace       used 43238K, capacity 44379K, committed 44620K, reserved 1087488K
  class space    used 5489K, capacity 5837K, committed 5964K, reserved 1048576K
}
Event: 11.501 GC heap before
{Heap before GC invocations=15 (full 0):
 garbage-first heap   total 78848K, used 61992K [0x0000000080000000, 0x0000000100000000)
  region size 1024K, 35 young (35840K), 4 survivors (4096K)
 Metaspace       used 45486K, capacity 46600K, committed 46668K, reserved 1089536K
  class space    used 5834K, capacity 6215K, committed 6220K, reserved 1048576K
}
Event: 11.512 GC heap after
{Heap after GC invocations=16 (full 0):
 garbage-first heap   total 95232K, used 31330K [0x0000000080000000, 0x0000000100000000)
  region size 1024K, 3 young (3072K), 3 survivors (3072K)
 Metaspace       used 45486K, capacity 46600K, committed 46668K, reserved 1089536K
  class space    used 5834K, capacity 6215K, committed 6220K, reserved 1048576K
}
Event: 12.468 GC heap before
{Heap before GC invocations=16 (full 0):
 garbage-first heap   total 95232K, used 68194K [0x0000000080000000, 0x0000000100000000)
  region size 1024K, 39 young (39936K), 3 survivors (3072K)
 Metaspace       used 47561K, capacity 48863K, committed 49100K, reserved 1091584K
  class space    used 6082K, capacity 6542K, committed 6604K, reserved 1048576K
}
Event: 12.477 GC heap after
{Heap after GC invocations=17 (full 0):
 garbage-first heap   total 95232K, used 33409K [0x0000000080000000, 0x0000000100000000)
  region size 1024K, 5 young (5120K), 5 survivors (5120K)
 Metaspace       used 47561K, capacity 48863K, committed 49100K, reserved 1091584K
  class space    used 6082K, capacity 6542K, committed 6604K, reserved 1048576K
}
Event: 16.392 GC heap before
{Heap before GC invocations=17 (full 0):
 garbage-first heap   total 95232K, used 80513K [0x0000000080000000, 0x0000000100000000)
  region size 1024K, 43 young (44032K), 5 survivors (5120K)
 Metaspace       used 49533K, capacity 50905K, committed 51148K, reserved 1093632K
  class space    used 6345K, capacity 6824K, committed 6860K, reserved 1048576K
}
Event: 16.405 GC heap after
{Heap after GC invocations=18 (full 0):
 garbage-first heap   total 95232K, used 50877K [0x0000000080000000, 0x0000000100000000)
  region size 1024K, 6 young (6144K), 6 survivors (6144K)
 Metaspace       used 49533K, capacity 50905K, committed 51148K, reserved 1093632K
  class space    used 6345K, capacity 6824K, committed 6860K, reserved 1048576K
}
Event: 16.854 GC heap before
{Heap before GC invocations=18 (full 0):
 garbage-first heap   total 95232K, used 73405K [0x0000000080000000, 0x0000000100000000)
  region size 1024K, 29 young (29696K), 6 survivors (6144K)
 Metaspace       used 51505K, capacity 52868K, committed 53068K, reserved 1095680K
  class space    used 6673K, capacity 7116K, committed 7244K, reserved 1048576K
}
Event: 16.869 GC heap after
{Heap after GC invocations=19 (full 0):
 garbage-first heap   total 95232K, used 52807K [0x0000000080000000, 0x0000000100000000)
  region size 1024K, 2 young (2048K), 2 survivors (2048K)
 Metaspace       used 51505K, capacity 52868K, committed 53068K, reserved 1095680K
  class space    used 6673K, capacity 7116K, committed 7244K, reserved 1048576K
}
Event: 17.630 GC heap before
{Heap before GC invocations=20 (full 0):
 garbage-first heap   total 95232K, used 75335K [0x0000000080000000, 0x0000000100000000)
  region size 1024K, 24 young (24576K), 2 survivors (2048K)
 Metaspace       used 53832K, capacity 55402K, committed 55628K, reserved 1097728K
  class space    used 6919K, capacity 7442K, committed 7500K, reserved 1048576K
}
Event: 17.637 GC heap after
{Heap after GC invocations=21 (full 0):
 garbage-first heap   total 114688K, used 54141K [0x0000000080000000, 0x0000000100000000)
  region size 1024K, 3 young (3072K), 3 survivors (3072K)
 Metaspace       used 53832K, capacity 55402K, committed 55628K, reserved 1097728K
  class space    used 6919K, capacity 7442K, committed 7500K, reserved 1048576K
}

Deoptimization events (20 events):
Event: 17.641 Thread 0x0000021070583800 Uncommon trap: trap_request=0xffffff4d fr.pc=0x000002105e50708c relative=0x000000000000418c
Event: 17.641 Thread 0x0000021070583800 Uncommon trap: reason=unstable_if action=reinterpret pc=0x000002105e50708c method=java.lang.ClassValue.match(Ljava/lang/ClassValue$Entry;)Z @ 12 c2
Event: 17.641 Thread 0x0000021070583800 DEOPT PACKING pc=0x000002105e50708c sp=0x0000006834cf8ac0
Event: 17.641 Thread 0x0000021070583800 DEOPT UNPACKING pc=0x00000210568b65af sp=0x0000006834cf87e0 mode 2
Event: 17.642 Thread 0x0000021070583800 Uncommon trap: trap_request=0xffffff4d fr.pc=0x000002105e540274 relative=0x0000000000005cf4
Event: 17.642 Thread 0x0000021070583800 Uncommon trap: reason=unstable_if action=reinterpret pc=0x000002105e540274 method=java.lang.ClassValue.match(Ljava/lang/ClassValue$Entry;)Z @ 12 c2
Event: 17.642 Thread 0x0000021070583800 DEOPT PACKING pc=0x000002105e540274 sp=0x0000006834cf8ea0
Event: 17.642 Thread 0x0000021070583800 DEOPT UNPACKING pc=0x00000210568b65af sp=0x0000006834cf8c08 mode 2
Event: 18.451 Thread 0x0000021070583800 Uncommon trap: trap_request=0xffffff4d fr.pc=0x000002105e3c6274 relative=0x0000000000000054
Event: 18.451 Thread 0x0000021070583800 Uncommon trap: reason=unstable_if action=reinterpret pc=0x000002105e3c6274 method=java.util.regex.Pattern.has(I)Z @ 6 c2
Event: 18.451 Thread 0x0000021070583800 DEOPT PACKING pc=0x000002105e3c6274 sp=0x0000006834cf6140
Event: 18.452 Thread 0x0000021070583800 DEOPT UNPACKING pc=0x00000210568b65af sp=0x0000006834cf60d0 mode 2
Event: 18.497 Thread 0x0000021070583800 Uncommon trap: trap_request=0xffffff45 fr.pc=0x000002105e532d34 relative=0x0000000000000d14
Event: 18.497 Thread 0x0000021070583800 Uncommon trap: reason=unstable_fused_if action=reinterpret pc=0x000002105e532d34 method=org.objectweb.asm.ByteVector.putUTF8(Ljava/lang/String;)Lorg/objectweb/asm/ByteVector; @ 93 c2
Event: 18.497 Thread 0x0000021070583800 DEOPT PACKING pc=0x000002105e532d34 sp=0x0000006834cf7ba0
Event: 18.497 Thread 0x0000021070583800 DEOPT UNPACKING pc=0x00000210568b65af sp=0x0000006834cf7af8 mode 2
Event: 18.498 Thread 0x0000021070583800 Uncommon trap: trap_request=0xffffff4d fr.pc=0x000002105e5145cc relative=0x0000000000005ccc
Event: 18.498 Thread 0x0000021070583800 Uncommon trap: reason=unstable_if action=reinterpret pc=0x000002105e5145cc method=org.objectweb.asm.Frame.execute(IILorg/objectweb/asm/Symbol;Lorg/objectweb/asm/SymbolTable;)V @ 1 c2
Event: 18.498 Thread 0x0000021070583800 DEOPT PACKING pc=0x000002105e5145cc sp=0x0000006834cf7d90
Event: 18.498 Thread 0x0000021070583800 DEOPT UNPACKING pc=0x00000210568b65af sp=0x0000006834cf7d38 mode 2

Classes redefined (0 events):
No events

Internal exceptions (20 events):
Event: 16.186 Thread 0x0000021070583800 Exception <a 'java/lang/ClassNotFoundException'{0x0000000083dcc2a0}: org/gradle/api/tasks/Delete_DecoratedCustomizer> (0x0000000083dcc2a0) thrown at [./src/hotspot/share/classfile/systemDictionary.cpp, line 231]
Event: 16.205 Thread 0x0000021070583800 Exception <a 'java/lang/NoSuchMethodError'{0x0000000083cdf1d0}: 'long java.lang.invoke.DirectMethodHandle$Holder.invokeVirtual(java.lang.Object, java.lang.Object)'> (0x0000000083cdf1d0) thrown at [./src/hotspot/share/interpreter/linkResolver.cpp, line 773]
Event: 16.209 Thread 0x0000021070593000 Exception <a 'java/lang/NoSuchMethodError'{0x0000000083b89570}: <clinit>> (0x0000000083b89570) thrown at [./src/hotspot/share/prims/jni.cpp, line 1362]
Event: 16.215 Thread 0x0000021070593000 Exception <a 'java/lang/NoSuchMethodError'{0x0000000083babed0}: <clinit>> (0x0000000083babed0) thrown at [./src/hotspot/share/prims/jni.cpp, line 1362]
Event: 16.215 Thread 0x0000021070593000 Exception <a 'java/lang/NoSuchMethodError'{0x0000000083bad498}: <clinit>> (0x0000000083bad498) thrown at [./src/hotspot/share/prims/jni.cpp, line 1362]
Event: 16.215 Thread 0x0000021070593000 Exception <a 'java/lang/NoSuchMethodError'{0x0000000083bae9f8}: <clinit>> (0x0000000083bae9f8) thrown at [./src/hotspot/share/prims/jni.cpp, line 1362]
Event: 16.215 Thread 0x0000021070593000 Exception <a 'java/lang/NoSuchMethodError'{0x0000000083bafc60}: <clinit>> (0x0000000083bafc60) thrown at [./src/hotspot/share/prims/jni.cpp, line 1362]
Event: 16.218 Thread 0x0000021070593000 Exception <a 'java/lang/NoSuchMethodError'{0x0000000083bc53a0}: <clinit>> (0x0000000083bc53a0) thrown at [./src/hotspot/share/prims/jni.cpp, line 1362]
Event: 16.219 Thread 0x0000021070593000 Exception <a 'java/lang/NoSuchMethodError'{0x0000000083bd1278}: <clinit>> (0x0000000083bd1278) thrown at [./src/hotspot/share/prims/jni.cpp, line 1362]
Event: 16.222 Thread 0x0000021070593000 Exception <a 'java/lang/NoSuchMethodError'{0x0000000083be83f0}: <clinit>> (0x0000000083be83f0) thrown at [./src/hotspot/share/prims/jni.cpp, line 1362]
Event: 16.306 Thread 0x0000021070583800 Exception <a 'java/lang/NoSuchMethodError'{0x0000000083ac3540}: 'void java.lang.invoke.DirectMethodHandle$Holder.invokeVirtual(java.lang.Object, java.lang.Object)'> (0x0000000083ac3540) thrown at [./src/hotspot/share/interpreter/linkResolver.cpp, line 773]
Event: 17.115 Thread 0x0000021070583800 Exception <a 'java/lang/NoSuchMethodError'{0x000000008545f720}: 'void java.lang.invoke.DirectMethodHandle$Holder.invokeSpecialIFC(java.lang.Object, java.lang.Object, java.lang.Object)'> (0x000000008545f720) thrown at [./src/hotspot/share/interpreter/linkResolver.cpp, line 773]
Event: 17.257 Thread 0x0000021070583800 Exception <a 'java/lang/NoSuchMethodError'{0x0000000084f590d0}: 'int java.lang.invoke.DirectMethodHandle$Holder.invokeStatic(java.lang.Object, int, java.lang.Object, java.lang.Object)'> (0x0000000084f590d0) thrown at [./src/hotspot/share/interpreter/linkResolver.cpp, line 773]
Event: 17.541 Thread 0x0000021070583800 Exception <a 'java/lang/ClassNotFoundException'{0x000000008483f578}: build_3ckubrglrovxfmhr3fvjgycfwBeanInfo> (0x000000008483f578) thrown at [./src/hotspot/share/classfile/systemDictionary.cpp, line 231]
Event: 17.542 Thread 0x0000021070583800 Exception <a 'java/lang/ClassNotFoundException'{0x000000008484a530}: build_3ckubrglrovxfmhr3fvjgycfwCustomizer> (0x000000008484a530) thrown at [./src/hotspot/share/classfile/systemDictionary.cpp, line 231]
Event: 17.644 Thread 0x0000021070583800 Exception <a 'java/lang/ClassNotFoundException'{0x0000000086f88908}: org/gradle/api/internal/plugins/DefaultObjectConfigurationActionBeanInfo> (0x0000000086f88908) thrown at [./src/hotspot/share/classfile/systemDictionary.cpp, line 231]
Event: 17.645 Thread 0x0000021070583800 Exception <a 'java/lang/ClassNotFoundException'{0x0000000086fbec88}: org/gradle/api/internal/plugins/DefaultObjectConfigurationActionCustomizer> (0x0000000086fbec88) thrown at [./src/hotspot/share/classfile/systemDictionary.cpp, line 231]
Event: 18.484 Thread 0x0000021070583800 Exception <a 'java/lang/NoSuchMethodError'{0x0000000086449588}: 'java.lang.Object java.lang.invoke.DirectMethodHandle$Holder.invokeStatic(java.lang.Object, java.lang.Object, java.lang.Object, java.lang.Object, int)'> (0x0000000086449588) thrown at [./src/hotspot/share/interpreter/linkResolver.cpp, line 773]
Event: 18.484 Thread 0x0000021070583800 Exception <a 'java/lang/NoSuchMethodError'{0x000000008644df80}: 'java.lang.Object java.lang.invoke.DirectMethodHandle$Holder.invokeSpecial(java.lang.Object, java.lang.Object, java.lang.Object, java.lang.Object, java.lang.Object, int)'> (0x000000008644df80) thrown at [./src/hotspot/share/interpreter/linkResolver.cpp, line 773]
Event: 18.485 Thread 0x0000021070583800 Exception <a 'java/lang/NoSuchMethodError'{0x00000000864525c0}: 'java.lang.Object java.lang.invoke.Invokers$Holder.linkToTargetMethod(java.lang.Object, java.lang.Object, java.lang.Object, int, java.lang.Object)'> (0x00000000864525c0) thrown at [./src/hotspot/share/interpreter/linkResolver.cpp, line 773]

Events (20 events):
Event: 18.541 loading class org/gradle/api/internal/provider/DefaultMapProperty$NoValueSupplier
Event: 18.541 loading class org/gradle/api/internal/provider/DefaultMapProperty$NoValueSupplier done
Event: 18.542 loading class org/gradle/api/internal/provider/DefaultMapProperty$EmptySupplier
Event: 18.542 loading class org/gradle/api/internal/provider/DefaultMapProperty$EmptySupplier done
Event: 18.543 loading class org/gradle/api/internal/provider/ValidatingMapEntryCollector
Event: 18.543 loading class org/gradle/api/internal/provider/ValidatingMapEntryCollector done
Event: 18.543 loading class org/gradle/api/internal/provider/DefaultMapProperty$CollectingSupplier
Event: 18.543 loading class org/gradle/api/internal/provider/DefaultMapProperty$CollectingSupplier done
Event: 18.544 loading class org/gradle/api/internal/provider/MapCollectors$EntriesFromMap
Event: 18.544 loading class org/gradle/api/internal/provider/MapCollectors$EntriesFromMap done
Event: 18.545 loading class org/gradle/internal/snapshot/impl/IsolatedMap
Event: 18.545 loading class org/gradle/internal/snapshot/impl/IsolatedMap done
Event: 18.546 loading class org/gradle/internal/snapshot/impl/AbstractIsolatedMap
Event: 18.546 loading class org/gradle/internal/snapshot/impl/AbstractIsolatedMap done
Event: 18.546 loading class org/gradle/internal/snapshot/impl/AbstractMapSnapshot
Event: 18.546 loading class org/gradle/internal/snapshot/impl/AbstractMapSnapshot done
Event: 18.547 loading class org/gradle/internal/snapshot/impl/IsolatedManagedValue
Event: 18.547 loading class org/gradle/internal/snapshot/impl/IsolatedManagedValue done
Event: 18.547 loading class org/gradle/internal/snapshot/impl/AbstractManagedValueSnapshot
Event: 18.547 loading class org/gradle/internal/snapshot/impl/AbstractManagedValueSnapshot done


Dynamic libraries:
0x00007ff68a270000 - 0x00007ff68a27a000 	C:\Program Files\Android\Android Studio1\jre\bin\java.exe
0x00007ffd8e0f0000 - 0x00007ffd8e2e5000 	C:\WINDOWS\SYSTEM32\ntdll.dll
0x00007ffd8c690000 - 0x00007ffd8c74e000 	C:\WINDOWS\System32\KERNEL32.DLL
0x00007ffd8b910000 - 0x00007ffd8bbd8000 	C:\WINDOWS\System32\KERNELBASE.dll
0x00007ffd8b810000 - 0x00007ffd8b910000 	C:\WINDOWS\System32\ucrtbase.dll
0x00007ffd7ea00000 - 0x00007ffd7ea19000 	C:\Program Files\Android\Android Studio1\jre\bin\jli.dll
0x00007ffd7e9e0000 - 0x00007ffd7e9f7000 	C:\Program Files\Android\Android Studio1\jre\bin\VCRUNTIME140.dll
0x00007ffd8d2d0000 - 0x00007ffd8d470000 	C:\WINDOWS\System32\USER32.dll
0x00007ffd84050000 - 0x00007ffd842ea000 	C:\WINDOWS\WinSxS\amd64_microsoft.windows.common-controls_6595b64144ccf1df_6.0.19041.1110_none_60b5254171f9507e\COMCTL32.dll
0x00007ffd8bf50000 - 0x00007ffd8bf72000 	C:\WINDOWS\System32\win32u.dll
0x00007ffd8c150000 - 0x00007ffd8c1ee000 	C:\WINDOWS\System32\msvcrt.dll
0x00007ffd8cfc0000 - 0x00007ffd8cfea000 	C:\WINDOWS\System32\GDI32.dll
0x00007ffd8bff0000 - 0x00007ffd8c0fb000 	C:\WINDOWS\System32\gdi32full.dll
0x00007ffd8bdf0000 - 0x00007ffd8be8d000 	C:\WINDOWS\System32\msvcp_win.dll
0x00007ffd8c1f0000 - 0x00007ffd8c220000 	C:\WINDOWS\System32\IMM32.DLL
0x00007ffd6f250000 - 0x00007ffd6f2ed000 	C:\Program Files\Android\Android Studio1\jre\bin\msvcp140.dll
0x00007ffd660a0000 - 0x00007ffd66b75000 	C:\Program Files\Android\Android Studio1\jre\bin\server\jvm.dll
0x00007ffd8d070000 - 0x00007ffd8d11e000 	C:\WINDOWS\System32\ADVAPI32.dll
0x00007ffd8cd60000 - 0x00007ffd8cdfc000 	C:\WINDOWS\System32\sechost.dll
0x00007ffd8d470000 - 0x00007ffd8d595000 	C:\WINDOWS\System32\RPCRT4.dll
0x00007ffd8c750000 - 0x00007ffd8c758000 	C:\WINDOWS\System32\PSAPI.DLL
0x00007ffd85280000 - 0x00007ffd85289000 	C:\WINDOWS\SYSTEM32\WSOCK32.dll
0x00007ffd85bb0000 - 0x00007ffd85bd7000 	C:\WINDOWS\SYSTEM32\WINMM.dll
0x00007ffd8cf50000 - 0x00007ffd8cfbb000 	C:\WINDOWS\System32\WS2_32.dll
0x00007ffd86090000 - 0x00007ffd8609a000 	C:\WINDOWS\SYSTEM32\VERSION.dll
0x00007ffd89670000 - 0x00007ffd89682000 	C:\WINDOWS\SYSTEM32\kernel.appcore.dll
0x00007ffd872f0000 - 0x00007ffd87301000 	C:\Program Files\Android\Android Studio1\jre\bin\verify.dll
0x00007ffd7d930000 - 0x00007ffd7db14000 	C:\WINDOWS\SYSTEM32\DBGHELP.DLL
0x00007ffd7d840000 - 0x00007ffd7d86c000 	C:\WINDOWS\SYSTEM32\dbgcore.DLL
0x00007ffd8bec0000 - 0x00007ffd8bf42000 	C:\WINDOWS\System32\bcryptPrimitives.dll
0x00007ffd852a0000 - 0x00007ffd852c9000 	C:\Program Files\Android\Android Studio1\jre\bin\java.dll
0x00007ffd89180000 - 0x00007ffd8918b000 	C:\Program Files\Android\Android Studio1\jre\bin\jimage.dll
0x00007ffd845e0000 - 0x00007ffd845f8000 	C:\Program Files\Android\Android Studio1\jre\bin\zip.dll
0x00007ffd8d5a0000 - 0x00007ffd8dce4000 	C:\WINDOWS\System32\SHELL32.dll
0x00007ffd89950000 - 0x00007ffd8a0e4000 	C:\WINDOWS\SYSTEM32\windows.storage.dll
0x00007ffd8c760000 - 0x00007ffd8cab4000 	C:\WINDOWS\System32\combase.dll
0x00007ffd8b1b0000 - 0x00007ffd8b1dc000 	C:\WINDOWS\SYSTEM32\Wldp.dll
0x00007ffd8cbe0000 - 0x00007ffd8cc8d000 	C:\WINDOWS\System32\SHCORE.dll
0x00007ffd8cef0000 - 0x00007ffd8cf45000 	C:\WINDOWS\System32\shlwapi.dll
0x00007ffd8b750000 - 0x00007ffd8b76f000 	C:\WINDOWS\SYSTEM32\profapi.dll
0x00007ffd845c0000 - 0x00007ffd845da000 	C:\Program Files\Android\Android Studio1\jre\bin\net.dll
0x00007ffd83890000 - 0x00007ffd8399a000 	C:\WINDOWS\SYSTEM32\WINHTTP.dll
0x00007ffd8af10000 - 0x00007ffd8af7a000 	C:\WINDOWS\system32\mswsock.dll
0x00007ffd844f0000 - 0x00007ffd84504000 	C:\Program Files\Android\Android Studio1\jre\bin\nio.dll
0x00007ffd7e7b0000 - 0x00007ffd7e7d7000 	C:\Users\giorgi\.gradle\native\e1d6ef7f7dcc3fd88c89a11ec53ec762bb8ba0a96d01ffa2cd45eb1d1d8dd5c5\windows-amd64\native-platform.dll
0x00007ffd69460000 - 0x00007ffd695a4000 	C:\Users\giorgi\.gradle\native\5664cfc778a61ccfe75a443a1ab52a65af34e5dc3c78e0209fed803814484fcb\windows-amd64\native-platform-file-events.dll
0x00007ffd87580000 - 0x00007ffd8758a000 	C:\Program Files\Android\Android Studio1\jre\bin\management.dll
0x00007ffd872e0000 - 0x00007ffd872ed000 	C:\Program Files\Android\Android Studio1\jre\bin\management_ext.dll
0x00007ffd8b100000 - 0x00007ffd8b118000 	C:\WINDOWS\SYSTEM32\CRYPTSP.dll
0x00007ffd8a890000 - 0x00007ffd8a8c4000 	C:\WINDOWS\system32\rsaenh.dll
0x00007ffd8be90000 - 0x00007ffd8beb7000 	C:\WINDOWS\System32\bcrypt.dll
0x00007ffd8b710000 - 0x00007ffd8b73e000 	C:\WINDOWS\SYSTEM32\USERENV.dll
0x00007ffd8b120000 - 0x00007ffd8b12c000 	C:\WINDOWS\SYSTEM32\CRYPTBASE.dll
0x00007ffd8ac00000 - 0x00007ffd8ac3b000 	C:\WINDOWS\SYSTEM32\IPHLPAPI.DLL
0x00007ffd8d060000 - 0x00007ffd8d068000 	C:\WINDOWS\System32\NSI.dll
0x00007ffd85140000 - 0x00007ffd85157000 	C:\WINDOWS\SYSTEM32\dhcpcsvc6.DLL
0x00007ffd84f60000 - 0x00007ffd84f7d000 	C:\WINDOWS\SYSTEM32\dhcpcsvc.DLL
0x00007ffd8ac40000 - 0x00007ffd8ad0b000 	C:\WINDOWS\SYSTEM32\DNSAPI.dll

dbghelp: loaded successfully - version: 4.0.5 - missing functions: none
symbol engine: initialized successfully - sym options: 0x614 - pdb path: .;C:\Program Files\Android\Android Studio1\jre\bin;C:\WINDOWS\SYSTEM32;C:\WINDOWS\WinSxS\amd64_microsoft.windows.common-controls_6595b64144ccf1df_6.0.19041.1110_none_60b5254171f9507e;C:\Program Files\Android\Android Studio1\jre\bin\server;C:\Users\giorgi\.gradle\native\e1d6ef7f7dcc3fd88c89a11ec53ec762bb8ba0a96d01ffa2cd45eb1d1d8dd5c5\windows-amd64;C:\Users\giorgi\.gradle\native\5664cfc778a61ccfe75a443a1ab52a65af34e5dc3c78e0209fed803814484fcb\windows-amd64

VM Arguments:
jvm_args: --add-opens=java.base/java.util=ALL-UNNAMED --add-opens=java.base/java.lang=ALL-UNNAMED --add-opens=java.base/java.lang.invoke=ALL-UNNAMED --add-opens=java.base/java.util=ALL-UNNAMED --add-opens=java.prefs/java.util.prefs=ALL-UNNAMED --add-opens=java.prefs/java.util.prefs=ALL-UNNAMED --add-opens=java.base/java.nio.charset=ALL-UNNAMED --add-opens=java.base/java.net=ALL-UNNAMED --add-opens=java.base/java.util.concurrent.atomic=ALL-UNNAMED -Xmx2048m -Dfile.encoding=UTF-8 -Duser.country=US -Duser.language=en -Duser.variant 
java_command: org.gradle.launcher.daemon.bootstrap.GradleDaemon 7.2
java_class_path (initial): C:\Users\giorgi\.gradle\wrapper\dists\gradle-7.2-bin\2dnblmf4td7x66yl1d74lt32g\gradle-7.2\lib\gradle-launcher-7.2.jar
Launcher Type: SUN_STANDARD

[Global flags]
     intx CICompilerCount                          = 3                                         {product} {ergonomic}
     uint ConcGCThreads                            = 1                                         {product} {ergonomic}
     uint G1ConcRefinementThreads                  = 4                                         {product} {ergonomic}
   size_t G1HeapRegionSize                         = 1048576                                   {product} {ergonomic}
    uintx GCDrainStackTargetSize                   = 64                                        {product} {ergonomic}
   size_t InitialHeapSize                          = 67108864                                  {product} {ergonomic}
   size_t MarkStackSize                            = 4194304                                   {product} {ergonomic}
   size_t MaxHeapSize                              = 2147483648                                {product} {command line}
   size_t MaxNewSize                               = 1287651328                                {product} {ergonomic}
   size_t MinHeapDeltaBytes                        = 1048576                                   {product} {ergonomic}
    uintx NonNMethodCodeHeapSize                   = 5830732                                {pd product} {ergonomic}
    uintx NonProfiledCodeHeapSize                  = 122913754                              {pd product} {ergonomic}
    uintx ProfiledCodeHeapSize                     = 122913754                              {pd product} {ergonomic}
    uintx ReservedCodeCacheSize                    = 251658240                              {pd product} {ergonomic}
     bool SegmentedCodeCache                       = true                                      {product} {ergonomic}
     bool UseCompressedClassPointers               = true                                 {lp64_product} {ergonomic}
     bool UseCompressedOops                        = true                                 {lp64_product} {ergonomic}
     bool UseG1GC                                  = true                                      {product} {ergonomic}
     bool UseLargePagesIndividualAllocation        = false                                  {pd product} {ergonomic}

Logging:
Log output configuration:
 #0: stdout all=warning uptime,level,tags
 #1: stderr all=off uptime,level,tags

Environment Variables:
PATH=C:\Program Files (x86)\Common Files\Oracle\Java\javapath;C:\Program Files (x86)\VMware\VMware Workstation\bin\;C:\WINDOWS\system32;C:\WINDOWS;C:\WINDOWS\System32\Wbem;C:\WINDOWS\System32\WindowsPowerShell\v1.0\;C:\WINDOWS\System32\OpenSSH\;C:\Program Files\Git\cmd;C:\Program Files\Go\bin;C:\Users\giorgi\AppData\Local\Microsoft\WindowsApps;C:\Users\giorgi\AppData\Local\Programs\Microsoft VS Code\bin;C:\Flutter\flutter\bin;C:\Users\giorgi\go\bin
USERNAME=giorgi
OS=Windows_NT
PROCESSOR_IDENTIFIER=Intel64 Family 6 Model 42 Stepping 7, GenuineIntel



---------------  S Y S T E M  ---------------

OS: Windows 10 , 64 bit Build 19041 (10.0.19041.1645)
OS uptime: 0 days 13:29 hours

CPU:total 4 (initial active 4) (2 cores per cpu, 2 threads per core) family 6 model 42 stepping 7 microcode 0x2f, cmov, cx8, fxsr, mmx, sse, sse2, sse3, ssse3, sse4.1, sse4.2, popcnt, avx, clmul, ht, tsc, tscinvbit

Memory: 4k page, system-wide physical 4078M (347M free)
TotalPageFile size 4078M (AvailPageFile size 5M)
current process WorkingSet (physical memory assigned to process): 285M, peak: 285M
current process commit charge ("private bytes"): 323M, peak: 324M

vm_info: OpenJDK 64-Bit Server VM (11.0.11+9-b60-7590822) for windows-amd64 JRE (11.0.11+9-b60-7590822), built on Jul 29 2021 21:43:44 by "builder" with MS VC++ 14.0 (VS2015)

END.
