#
# There is insufficient memory for the Java Runtime Environment to continue.
# Native memory allocation (malloc) failed to allocate 3066736 bytes for Chunk::new
# Possible reasons:
#   The system is out of physical RAM or swap space
#   The process is running with CompressedOops enabled, and the Java Heap may be blocking the growth of the native heap
# Possible solutions:
#   Reduce memory load on the system
#   Increase physical memory or swap space
#   Check if swap backing store is full
#   Decrease Java heap size (-Xmx/-Xms)
#   Decrease number of Java threads
#   Decrease Java thread stack sizes (-Xss)
#   Set larger code cache with -XX:ReservedCodeCacheSize=
#   JVM is running with Unscaled Compressed Oops mode in which the Java heap is
#     placed in the first 4GB address space. The Java Heap base address is the
#     maximum limit for the native heap growth. Please use -XX:HeapBaseMinAddress
#     to set the Java Heap base and to place the Java Heap above 4GB virtual address.
# This output file may be truncated or incomplete.
#
#  Out of Memory Error (./src/hotspot/share/memory/arena.cpp:197), pid=6860, tid=6332
#
# JRE version: OpenJDK Runtime Environment (11.0.11+9) (build 11.0.11+9-b60-7590822)
# Java VM: OpenJDK 64-Bit Server VM (11.0.11+9-b60-7590822, mixed mode, tiered, compressed oops, g1 gc, windows-amd64)
# No core dump will be written. Minidumps are not enabled by default on client versions of Windows
#

---------------  S U M M A R Y ------------

Command Line: --add-opens=java.base/java.util=ALL-UNNAMED --add-opens=java.base/java.lang=ALL-UNNAMED --add-opens=java.base/java.lang.invoke=ALL-UNNAMED --add-opens=java.base/java.util=ALL-UNNAMED --add-opens=java.prefs/java.util.prefs=ALL-UNNAMED --add-opens=java.prefs/java.util.prefs=ALL-UNNAMED --add-opens=java.base/java.nio.charset=ALL-UNNAMED --add-opens=java.base/java.net=ALL-UNNAMED --add-opens=java.base/java.util.concurrent.atomic=ALL-UNNAMED -Xmx2048m -Dfile.encoding=UTF-8 -Duser.country=US -Duser.language=en -Duser.variant org.gradle.launcher.daemon.bootstrap.GradleDaemon 7.2

Host: Intel(R) Core(TM) i3-2120 CPU @ 3.30GHz, 4 cores, 3G,  Windows 10 , 64 bit Build 19041 (10.0.19041.1645)
Time: Wed Apr 27 01:45:59 2022 Georgian Standard Time elapsed time: 43.655529 seconds (0d 0h 0m 43s)

---------------  T H R E A D  ---------------

Current thread (0x000002621b6da800):  JavaThread "C2 CompilerThread0" daemon [_thread_in_native, id=6332, stack(0x000000c152500000,0x000000c152600000)]


Current CompileTask:
C2:  43655 9048       4       java.lang.Class::getAnnotation (22 bytes)

Stack: [0x000000c152500000,0x000000c152600000]
Native frames: (J=compiled Java code, j=interpreted, Vv=VM code, C=native code)
V  [jvm.dll+0x5f214a]
V  [jvm.dll+0x726fb5]
V  [jvm.dll+0x7285cd]
V  [jvm.dll+0x728c83]
V  [jvm.dll+0x243278]
V  [jvm.dll+0xbc53c]
V  [jvm.dll+0xbca3c]
V  [jvm.dll+0x353e7d]
V  [jvm.dll+0x19895c]
V  [jvm.dll+0x1fc2ee]
V  [jvm.dll+0x1fb3d4]
V  [jvm.dll+0x183d6c]
V  [jvm.dll+0x209a57]
V  [jvm.dll+0x2082a1]
V  [jvm.dll+0x6ef58f]
V  [jvm.dll+0x6e80b5]
V  [jvm.dll+0x5f1036]
C  [ucrtbase.dll+0x21bb2]
C  [KERNEL32.DLL+0x17034]
C  [ntdll.dll+0x52651]


---------------  P R O C E S S  ---------------

Threads class SMR info:
_java_thread_list=0x0000026222741b20, length=78, elements={
0x000002627f36c800, 0x000002621b66e800, 0x000002621b6b5800, 0x000002621b6d0800,
0x000002621b6d2000, 0x000002621b6d4000, 0x000002621b6da800, 0x000002621b6dd800,
0x000002621b6e1000, 0x000002621c1b2000, 0x000002621c1b3000, 0x000002621c1af800,
0x000002621c1ad800, 0x000002621c1af000, 0x000002621c1b4000, 0x000002621c1ae000,
0x000002621c1b0800, 0x000002621c1b1800, 0x000002621e474000, 0x000002621e471800,
0x000002621e46e000, 0x000002621e474800, 0x000002621e472800, 0x000002621e470000,
0x000002621e473000, 0x000002621e46f000, 0x000002621e475800, 0x000002621e476800,
0x000002621e470800, 0x000002621e477000, 0x000002621e47c000, 0x000002621e479000,
0x000002621e47d000, 0x000002621e47b800, 0x000002621e478000, 0x000002621e7dc000,
0x000002621e7d8000, 0x000002621e7dd000, 0x000002621e7d9000, 0x000002621e7d7800,
0x000002621e7de000, 0x000002621e7df800, 0x000002621e7de800, 0x000002621e7d9800,
0x000002621e7e0000, 0x000002621e7da800, 0x000002621e7db800, 0x000002621e7e2000,
0x000002621e7e1000, 0x000002621e7e2800, 0x000002621e7e4800, 0x000002621e7e3800,
0x000002621e7e6000, 0x000002621e7e5000, 0x0000026221cae000, 0x0000026221cac000,
0x0000026221caf800, 0x0000026221cae800, 0x0000026221cad000, 0x0000026221cb1000,
0x0000026221cb2000, 0x0000026221cb6000, 0x0000026221cb0000, 0x0000026221cb4800,
0x0000026221cb2800, 0x0000026221cb5000, 0x0000026221cb9000, 0x0000026221cb6800,
0x0000026221cb3800, 0x0000026221cba000, 0x0000026221cbb000, 0x0000026221cb8800,
0x0000026221cb7800, 0x0000026221cca000, 0x0000026221cc6800, 0x0000026221cc5000,
0x0000026221cc8000, 0x0000026221cc6000
}

Java Threads: ( => current thread )
  0x000002627f36c800 JavaThread "main" [_thread_blocked, id=120, stack(0x000000c151900000,0x000000c151a00000)]
  0x000002621b66e800 JavaThread "Reference Handler" daemon [_thread_blocked, id=6664, stack(0x000000c152000000,0x000000c152100000)]
  0x000002621b6b5800 JavaThread "Finalizer" daemon [_thread_blocked, id=2912, stack(0x000000c152100000,0x000000c152200000)]
  0x000002621b6d0800 JavaThread "Signal Dispatcher" daemon [_thread_blocked, id=5172, stack(0x000000c152200000,0x000000c152300000)]
  0x000002621b6d2000 JavaThread "Attach Listener" daemon [_thread_blocked, id=724, stack(0x000000c152300000,0x000000c152400000)]
  0x000002621b6d4000 JavaThread "Service Thread" daemon [_thread_blocked, id=6416, stack(0x000000c152400000,0x000000c152500000)]
=>0x000002621b6da800 JavaThread "C2 CompilerThread0" daemon [_thread_in_native, id=6332, stack(0x000000c152500000,0x000000c152600000)]
  0x000002621b6dd800 JavaThread "C1 CompilerThread0" daemon [_thread_blocked, id=244, stack(0x000000c152600000,0x000000c152700000)]
  0x000002621b6e1000 JavaThread "Sweeper thread" daemon [_thread_blocked, id=1428, stack(0x000000c152700000,0x000000c152800000)]
  0x000002621c1b2000 JavaThread "Common-Cleaner" daemon [_thread_blocked, id=5036, stack(0x000000c152800000,0x000000c152900000)]
  0x000002621c1b3000 JavaThread "Daemon health stats" [_thread_blocked, id=5132, stack(0x000000c152c00000,0x000000c152d00000)]
  0x000002621c1af800 JavaThread "Incoming local TCP Connector on port 49923" [_thread_in_native, id=1724, stack(0x000000c152a00000,0x000000c152b00000)]
  0x000002621c1ad800 JavaThread "Daemon periodic checks" [_thread_blocked, id=6824, stack(0x000000c152f00000,0x000000c153000000)]
  0x000002621c1af000 JavaThread "Daemon" [_thread_blocked, id=1788, stack(0x000000c153000000,0x000000c153100000)]
  0x000002621c1b4000 JavaThread "Handler for socket connection from /127.0.0.1:49923 to /127.0.0.1:49924" [_thread_in_native, id=3732, stack(0x000000c153100000,0x000000c153200000)]
  0x000002621c1ae000 JavaThread "Cancel handler" [_thread_blocked, id=4336, stack(0x000000c153200000,0x000000c153300000)]
  0x000002621c1b0800 JavaThread "Daemon worker" [_thread_in_native, id=6536, stack(0x000000c153300000,0x000000c153400000)]
  0x000002621c1b1800 JavaThread "Asynchronous log dispatcher for DefaultDaemonConnection: socket connection from /127.0.0.1:49923 to /127.0.0.1:49924" [_thread_blocked, id=5056, stack(0x000000c153400000,0x000000c153500000)]
  0x000002621e474000 JavaThread "Stdin handler" [_thread_blocked, id=2940, stack(0x000000c153500000,0x000000c153600000)]
  0x000002621e471800 JavaThread "Daemon client event forwarder" [_thread_blocked, id=3044, stack(0x000000c153700000,0x000000c153800000)]
  0x000002621e46e000 JavaThread "Cache worker for journal cache (C:\Users\giorgi\.gradle\caches\journal-1)" [_thread_blocked, id=1064, stack(0x000000c153800000,0x000000c153900000)]
  0x000002621e474800 JavaThread "File lock request listener" [_thread_in_native, id=3524, stack(0x000000c153900000,0x000000c153a00000)]
  0x000002621e472800 JavaThread "Cache worker for file hash cache (C:\Users\giorgi\.gradle\caches\7.2\fileHashes)" [_thread_blocked, id=3260, stack(0x000000c153a00000,0x000000c153b00000)]
  0x000002621e470000 JavaThread "Cache worker for file hash cache (C:\Users\giorgi\StudioProjects\altaapp\.gradle\7.2\fileHashes)" [_thread_blocked, id=1128, stack(0x000000c153b00000,0x000000c153c00000)]
  0x000002621e473000 JavaThread "File watcher server" daemon [_thread_in_native, id=6020, stack(0x000000c153c00000,0x000000c153d00000)]
  0x000002621e46f000 JavaThread "File watcher consumer" daemon [_thread_blocked, id=2716, stack(0x000000c153d00000,0x000000c153e00000)]
  0x000002621e475800 JavaThread "jar transforms" [_thread_blocked, id=1992, stack(0x000000c153e00000,0x000000c153f00000)]
  0x000002621e476800 JavaThread "jar transforms Thread 2" [_thread_blocked, id=6152, stack(0x000000c153f00000,0x000000c154000000)]
  0x000002621e470800 JavaThread "jar transforms Thread 3" [_thread_blocked, id=2680, stack(0x000000c154000000,0x000000c154100000)]
  0x000002621e477000 JavaThread "jar transforms Thread 4" [_thread_blocked, id=6504, stack(0x000000c154100000,0x000000c154200000)]
  0x000002621e47c000 JavaThread "Cache worker for checksums cache (C:\Users\giorgi\StudioProjects\altaapp\.gradle\checksums)" [_thread_blocked, id=2436, stack(0x000000c153600000,0x000000c153700000)]
  0x000002621e479000 JavaThread "Cache worker for cache directory md-supplier (C:\Users\giorgi\.gradle\caches\7.2\md-supplier)" [_thread_blocked, id=1076, stack(0x000000c154200000,0x000000c154300000)]
  0x000002621e47d000 JavaThread "Cache worker for cache directory md-rule (C:\Users\giorgi\.gradle\caches\7.2\md-rule)" [_thread_blocked, id=3292, stack(0x000000c154300000,0x000000c154400000)]
  0x000002621e47b800 JavaThread "Cache worker for execution history cache (C:\Users\giorgi\.gradle\caches\7.2\executionHistory)" [_thread_blocked, id=1256, stack(0x000000c154400000,0x000000c154500000)]
  0x000002621e478000 JavaThread "Cache worker for file content cache (C:\Users\giorgi\.gradle\caches\7.2\fileContent)" [_thread_blocked, id=4732, stack(0x000000c154600000,0x000000c154700000)]
  0x000002621e7dc000 JavaThread "Cache worker for dependencies-accessors (C:\Users\giorgi\StudioProjects\altaapp\.gradle\7.2\dependencies-accessors)" [_thread_blocked, id=6784, stack(0x000000c154500000,0x000000c154600000)]
  0x000002621e7d8000 JavaThread "Cache worker for Build Output Cleanup Cache (C:\Users\giorgi\StudioProjects\altaapp\.gradle\buildOutputCleanup)" [_thread_blocked, id=2976, stack(0x000000c154700000,0x000000c154800000)]
  0x000002621e7dd000 JavaThread "Unconstrained build operations" [_thread_blocked, id=6356, stack(0x000000c154800000,0x000000c154900000)]
  0x000002621e7d9000 JavaThread "Unconstrained build operations Thread 2" [_thread_blocked, id=6108, stack(0x000000c154900000,0x000000c154a00000)]
  0x000002621e7d7800 JavaThread "Unconstrained build operations Thread 3" [_thread_blocked, id=6856, stack(0x000000c154a00000,0x000000c154b00000)]
  0x000002621e7de000 JavaThread "Unconstrained build operations Thread 4" [_thread_blocked, id=2896, stack(0x000000c154b00000,0x000000c154c00000)]
  0x000002621e7df800 JavaThread "Unconstrained build operations Thread 5" [_thread_blocked, id=6480, stack(0x000000c154c00000,0x000000c154d00000)]
  0x000002621e7de800 JavaThread "Unconstrained build operations Thread 6" [_thread_blocked, id=5384, stack(0x000000c154d00000,0x000000c154e00000)]
  0x000002621e7d9800 JavaThread "Unconstrained build operations Thread 7" [_thread_blocked, id=5976, stack(0x000000c154e00000,0x000000c154f00000)]
  0x000002621e7e0000 JavaThread "Unconstrained build operations Thread 8" [_thread_blocked, id=4928, stack(0x000000c154f00000,0x000000c155000000)]
  0x000002621e7da800 JavaThread "Unconstrained build operations Thread 9" [_thread_blocked, id=6956, stack(0x000000c155000000,0x000000c155100000)]
  0x000002621e7db800 JavaThread "Unconstrained build operations Thread 10" [_thread_blocked, id=5480, stack(0x000000c155100000,0x000000c155200000)]
  0x000002621e7e2000 JavaThread "Unconstrained build operations Thread 11" [_thread_blocked, id=4908, stack(0x000000c155200000,0x000000c155300000)]
  0x000002621e7e1000 JavaThread "Unconstrained build operations Thread 12" [_thread_blocked, id=7152, stack(0x000000c155300000,0x000000c155400000)]
  0x000002621e7e2800 JavaThread "Unconstrained build operations Thread 13" [_thread_blocked, id=232, stack(0x000000c155400000,0x000000c155500000)]
  0x000002621e7e4800 JavaThread "Unconstrained build operations Thread 14" [_thread_blocked, id=6388, stack(0x000000c155500000,0x000000c155600000)]
  0x000002621e7e3800 JavaThread "Unconstrained build operations Thread 15" [_thread_blocked, id=4360, stack(0x000000c155600000,0x000000c155700000)]
  0x000002621e7e6000 JavaThread "Unconstrained build operations Thread 16" [_thread_blocked, id=6828, stack(0x000000c155700000,0x000000c155800000)]
  0x000002621e7e5000 JavaThread "Unconstrained build operations Thread 17" [_thread_blocked, id=2908, stack(0x000000c155800000,0x000000c155900000)]
  0x0000026221cae000 JavaThread "Unconstrained build operations Thread 18" [_thread_blocked, id=3544, stack(0x000000c155900000,0x000000c155a00000)]
  0x0000026221cac000 JavaThread "Unconstrained build operations Thread 19" [_thread_blocked, id=5752, stack(0x000000c155a00000,0x000000c155b00000)]
  0x0000026221caf800 JavaThread "Unconstrained build operations Thread 20" [_thread_blocked, id=5164, stack(0x000000c155b00000,0x000000c155c00000)]
  0x0000026221cae800 JavaThread "Unconstrained build operations Thread 21" [_thread_blocked, id=2136, stack(0x000000c155c00000,0x000000c155d00000)]
  0x0000026221cad000 JavaThread "Unconstrained build operations Thread 22" [_thread_blocked, id=2124, stack(0x000000c155d00000,0x000000c155e00000)]
  0x0000026221cb1000 JavaThread "Unconstrained build operations Thread 23" [_thread_blocked, id=6524, stack(0x000000c155e00000,0x000000c155f00000)]
  0x0000026221cb2000 JavaThread "Unconstrained build operations Thread 24" [_thread_blocked, id=5140, stack(0x000000c155f00000,0x000000c156000000)]
  0x0000026221cb6000 JavaThread "Unconstrained build operations Thread 25" [_thread_blocked, id=2388, stack(0x000000c156000000,0x000000c156100000)]
  0x0000026221cb0000 JavaThread "Unconstrained build operations Thread 26" [_thread_blocked, id=5508, stack(0x000000c156100000,0x000000c156200000)]
  0x0000026221cb4800 JavaThread "Unconstrained build operations Thread 27" [_thread_blocked, id=3568, stack(0x000000c156200000,0x000000c156300000)]
  0x0000026221cb2800 JavaThread "Unconstrained build operations Thread 28" [_thread_blocked, id=6684, stack(0x000000c156300000,0x000000c156400000)]
  0x0000026221cb5000 JavaThread "Unconstrained build operations Thread 29" [_thread_blocked, id=2344, stack(0x000000c156400000,0x000000c156500000)]
  0x0000026221cb9000 JavaThread "Unconstrained build operations Thread 30" [_thread_blocked, id=5664, stack(0x000000c156500000,0x000000c156600000)]
  0x0000026221cb6800 JavaThread "Unconstrained build operations Thread 31" [_thread_blocked, id=1588, stack(0x000000c156600000,0x000000c156700000)]
  0x0000026221cb3800 JavaThread "Unconstrained build operations Thread 32" [_thread_blocked, id=2492, stack(0x000000c156700000,0x000000c156800000)]
  0x0000026221cba000 JavaThread "Unconstrained build operations Thread 33" [_thread_blocked, id=1116, stack(0x000000c156800000,0x000000c156900000)]
  0x0000026221cbb000 JavaThread "Unconstrained build operations Thread 34" [_thread_blocked, id=1260, stack(0x000000c156900000,0x000000c156a00000)]
  0x0000026221cb8800 JavaThread "Unconstrained build operations Thread 35" [_thread_blocked, id=6064, stack(0x000000c156a00000,0x000000c156b00000)]
  0x0000026221cb7800 JavaThread "Unconstrained build operations Thread 36" [_thread_blocked, id=5256, stack(0x000000c156b00000,0x000000c156c00000)]
  0x0000026221cca000 JavaThread "Unconstrained build operations Thread 37" [_thread_blocked, id=3960, stack(0x000000c156c00000,0x000000c156d00000)]
  0x0000026221cc6800 JavaThread "Unconstrained build operations Thread 38" [_thread_blocked, id=4568, stack(0x000000c156d00000,0x000000c156e00000)]
  0x0000026221cc5000 JavaThread "Unconstrained build operations Thread 39" [_thread_blocked, id=6260, stack(0x000000c156e00000,0x000000c156f00000)]
  0x0000026221cc8000 JavaThread "Unconstrained build operations Thread 40" [_thread_blocked, id=5816, stack(0x000000c156f00000,0x000000c157000000)]
  0x0000026221cc6000 JavaThread "Memory manager" [_thread_blocked, id=4504, stack(0x000000c157000000,0x000000c157100000)]

Other Threads:
  0x000002621b66b000 VMThread "VM Thread" [stack: 0x000000c151f00000,0x000000c152000000] [id=4448]
  0x000002621c1c8800 WatcherThread [stack: 0x000000c152900000,0x000000c152a00000] [id=5068]
  0x000002627f385800 GCTaskThread "GC Thread#0" [stack: 0x000000c151a00000,0x000000c151b00000] [id=1484]
  0x000002621cca2000 GCTaskThread "GC Thread#1" [stack: 0x000000c152b00000,0x000000c152c00000] [id=924]
  0x000002621f566000 GCTaskThread "GC Thread#2" [stack: 0x000000c152d00000,0x000000c152e00000] [id=3844]
  0x000002621e6aa000 GCTaskThread "GC Thread#3" [stack: 0x000000c152e00000,0x000000c152f00000] [id=5812]
  0x000002627f3b7000 ConcurrentGCThread "G1 Main Marker" [stack: 0x000000c151b00000,0x000000c151c00000] [id=5180]
  0x000002627f3b8000 ConcurrentGCThread "G1 Conc#0" [stack: 0x000000c151c00000,0x000000c151d00000] [id=4936]
  0x000002627f410000 ConcurrentGCThread "G1 Refine#0" [stack: 0x000000c151d00000,0x000000c151e00000] [id=4632]
  0x000002627f411000 ConcurrentGCThread "G1 Young RemSet Sampling" [stack: 0x000000c151e00000,0x000000c151f00000] [id=6944]

Threads with active compile tasks:
C2 CompilerThread0  43981 9048       4       java.lang.Class::getAnnotation (22 bytes)

VM state:not at safepoint (normal execution)

VM Mutex/Monitor currently owned by a thread: None

Heap address: 0x0000000080000000, size: 2048 MB, Compressed Oops mode: 32-bit
Narrow klass base: 0x0000000000000000, Narrow klass shift: 3
Compressed class space size: 1073741824 Address: 0x0000000100000000

Heap:
 garbage-first heap   total 138240K, used 113379K [0x0000000080000000, 0x0000000100000000)
  region size 1024K, 5 young (5120K), 2 survivors (2048K)
 Metaspace       used 90981K, capacity 93335K, committed 93440K, reserved 1130496K
  class space    used 11767K, capacity 12537K, committed 12544K, reserved 1048576K
Heap Regions: E=young(eden), S=young(survivor), O=old, HS=humongous(starts), HC=humongous(continues), CS=collection set, F=free, A=archive, TAMS=top-at-mark-start (previous, next)
|   0|0x0000000080000000, 0x0000000080100000, 0x0000000080100000|100%| O|  |TAMS 0x0000000080100000, 0x0000000080000000| Untracked 
|   1|0x0000000080100000, 0x0000000080200000, 0x0000000080200000|100%| O|  |TAMS 0x0000000080200000, 0x0000000080100000| Untracked 
|   2|0x0000000080200000, 0x0000000080300000, 0x0000000080300000|100%| O|  |TAMS 0x0000000080300000, 0x0000000080200000| Untracked 
|   3|0x0000000080300000, 0x0000000080400000, 0x0000000080400000|100%|HS|  |TAMS 0x0000000080400000, 0x0000000080300000| Complete 
|   4|0x0000000080400000, 0x0000000080500000, 0x0000000080500000|100%|HC|  |TAMS 0x0000000080500000, 0x0000000080400000| Complete 
|   5|0x0000000080500000, 0x0000000080600000, 0x0000000080600000|100%|HC|  |TAMS 0x0000000080600000, 0x0000000080500000| Complete 
|   6|0x0000000080600000, 0x0000000080700000, 0x0000000080700000|100%| O|  |TAMS 0x0000000080700000, 0x0000000080600000| Untracked 
|   7|0x0000000080700000, 0x0000000080800000, 0x0000000080800000|100%| O|  |TAMS 0x0000000080800000, 0x0000000080700000| Untracked 
|   8|0x0000000080800000, 0x0000000080900000, 0x0000000080900000|100%| O|  |TAMS 0x0000000080900000, 0x0000000080800000| Untracked 
|   9|0x0000000080900000, 0x0000000080a00000, 0x0000000080a00000|100%| O|  |TAMS 0x0000000080a00000, 0x0000000080900000| Untracked 
|  10|0x0000000080a00000, 0x0000000080b00000, 0x0000000080b00000|100%| O|  |TAMS 0x0000000080b00000, 0x0000000080a00000| Untracked 
|  11|0x0000000080b00000, 0x0000000080c00000, 0x0000000080c00000|100%| O|  |TAMS 0x0000000080c00000, 0x0000000080b00000| Untracked 
|  12|0x0000000080c00000, 0x0000000080d00000, 0x0000000080d00000|100%| O|  |TAMS 0x0000000080d00000, 0x0000000080c00000| Untracked 
|  13|0x0000000080d00000, 0x0000000080e00000, 0x0000000080e00000|100%| O|  |TAMS 0x0000000080e00000, 0x0000000080d00000| Untracked 
|  14|0x0000000080e00000, 0x0000000080f00000, 0x0000000080f00000|100%| O|  |TAMS 0x0000000080f00000, 0x0000000080e00000| Untracked 
|  15|0x0000000080f00000, 0x0000000081000000, 0x0000000081000000|100%|HS|  |TAMS 0x0000000081000000, 0x0000000080f00000| Complete 
|  16|0x0000000081000000, 0x0000000081100000, 0x0000000081100000|100%|HC|  |TAMS 0x0000000081100000, 0x0000000081000000| Complete 
|  17|0x0000000081100000, 0x0000000081200000, 0x0000000081200000|100%|HS|  |TAMS 0x0000000081200000, 0x0000000081100000| Complete 
|  18|0x0000000081200000, 0x0000000081300000, 0x0000000081300000|100%|HC|  |TAMS 0x0000000081300000, 0x0000000081200000| Complete 
|  19|0x0000000081300000, 0x0000000081400000, 0x0000000081400000|100%|HC|  |TAMS 0x0000000081400000, 0x0000000081300000| Complete 
|  20|0x0000000081400000, 0x0000000081500000, 0x0000000081500000|100%|HS|  |TAMS 0x0000000081500000, 0x0000000081400000| Complete 
|  21|0x0000000081500000, 0x0000000081600000, 0x0000000081600000|100%|HC|  |TAMS 0x0000000081600000, 0x0000000081500000| Complete 
|  22|0x0000000081600000, 0x0000000081700000, 0x0000000081700000|100%|HC|  |TAMS 0x0000000081700000, 0x0000000081600000| Complete 
|  23|0x0000000081700000, 0x0000000081800000, 0x0000000081800000|100%|HC|  |TAMS 0x0000000081800000, 0x0000000081700000| Complete 
|  24|0x0000000081800000, 0x0000000081900000, 0x0000000081900000|100%| O|  |TAMS 0x0000000081900000, 0x0000000081800000| Untracked 
|  25|0x0000000081900000, 0x0000000081a00000, 0x0000000081a00000|100%| O|  |TAMS 0x0000000081a00000, 0x0000000081900000| Untracked 
|  26|0x0000000081a00000, 0x0000000081b00000, 0x0000000081b00000|100%| O|  |TAMS 0x0000000081b00000, 0x0000000081a00000| Untracked 
|  27|0x0000000081b00000, 0x0000000081c00000, 0x0000000081c00000|100%| O|  |TAMS 0x0000000081c00000, 0x0000000081b00000| Untracked 
|  28|0x0000000081c00000, 0x0000000081d00000, 0x0000000081d00000|100%| O|  |TAMS 0x0000000081d00000, 0x0000000081c00000| Untracked 
|  29|0x0000000081d00000, 0x0000000081e00000, 0x0000000081e00000|100%| O|  |TAMS 0x0000000081e00000, 0x0000000081d00000| Untracked 
|  30|0x0000000081e00000, 0x0000000081f00000, 0x0000000081f00000|100%| O|  |TAMS 0x0000000081f00000, 0x0000000081e00000| Untracked 
|  31|0x0000000081f00000, 0x0000000082000000, 0x0000000082000000|100%| O|  |TAMS 0x0000000082000000, 0x0000000081f00000| Untracked 
|  32|0x0000000082000000, 0x0000000082100000, 0x0000000082100000|100%|HS|  |TAMS 0x0000000082100000, 0x0000000082000000| Complete 
|  33|0x0000000082100000, 0x0000000082200000, 0x0000000082200000|100%|HC|  |TAMS 0x0000000082200000, 0x0000000082100000| Complete 
|  34|0x0000000082200000, 0x0000000082300000, 0x0000000082300000|100%|HC|  |TAMS 0x0000000082300000, 0x0000000082200000| Complete 
|  35|0x0000000082300000, 0x0000000082400000, 0x0000000082400000|100%| O|  |TAMS 0x0000000082400000, 0x0000000082300000| Untracked 
|  36|0x0000000082400000, 0x0000000082500000, 0x0000000082500000|100%| O|  |TAMS 0x0000000082500000, 0x0000000082400000| Untracked 
|  37|0x0000000082500000, 0x0000000082600000, 0x0000000082600000|100%| O|  |TAMS 0x0000000082600000, 0x0000000082500000| Untracked 
|  38|0x0000000082600000, 0x0000000082700000, 0x0000000082700000|100%| O|  |TAMS 0x0000000082700000, 0x0000000082600000| Untracked 
|  39|0x0000000082700000, 0x0000000082800000, 0x0000000082800000|100%| O|  |TAMS 0x0000000082800000, 0x0000000082700000| Untracked 
|  40|0x0000000082800000, 0x0000000082900000, 0x0000000082900000|100%| O|  |TAMS 0x0000000082900000, 0x0000000082800000| Untracked 
|  41|0x0000000082900000, 0x0000000082a00000, 0x0000000082a00000|100%| O|  |TAMS 0x0000000082a00000, 0x0000000082900000| Untracked 
|  42|0x0000000082a00000, 0x0000000082b00000, 0x0000000082b00000|100%| O|  |TAMS 0x0000000082b00000, 0x0000000082a00000| Untracked 
|  43|0x0000000082b00000, 0x0000000082c00000, 0x0000000082c00000|100%| O|  |TAMS 0x0000000082c00000, 0x0000000082b00000| Untracked 
|  44|0x0000000082c00000, 0x0000000082d00000, 0x0000000082d00000|100%| O|  |TAMS 0x0000000082d00000, 0x0000000082c00000| Untracked 
|  45|0x0000000082d00000, 0x0000000082e00000, 0x0000000082e00000|100%| O|  |TAMS 0x0000000082e00000, 0x0000000082d00000| Untracked 
|  46|0x0000000082e00000, 0x0000000082f00000, 0x0000000082f00000|100%|HS|  |TAMS 0x0000000082f00000, 0x0000000082e00000| Complete 
|  47|0x0000000082f00000, 0x0000000083000000, 0x0000000083000000|100%|HC|  |TAMS 0x0000000083000000, 0x0000000082f00000| Complete 
|  48|0x0000000083000000, 0x0000000083100000, 0x0000000083100000|100%|HC|  |TAMS 0x0000000083100000, 0x0000000083000000| Complete 
|  49|0x0000000083100000, 0x0000000083200000, 0x0000000083200000|100%|HC|  |TAMS 0x0000000083200000, 0x0000000083100000| Complete 
|  50|0x0000000083200000, 0x0000000083300000, 0x0000000083300000|100%| O|  |TAMS 0x0000000083300000, 0x0000000083200000| Untracked 
|  51|0x0000000083300000, 0x0000000083400000, 0x0000000083400000|100%| O|  |TAMS 0x0000000083400000, 0x0000000083300000| Untracked 
|  52|0x0000000083400000, 0x0000000083500000, 0x0000000083500000|100%| O|  |TAMS 0x0000000083500000, 0x0000000083400000| Untracked 
|  53|0x0000000083500000, 0x0000000083600000, 0x0000000083600000|100%| O|  |TAMS 0x0000000083600000, 0x0000000083500000| Untracked 
|  54|0x0000000083600000, 0x0000000083700000, 0x0000000083700000|100%|HS|  |TAMS 0x0000000083700000, 0x0000000083600000| Complete 
|  55|0x0000000083700000, 0x0000000083800000, 0x0000000083800000|100%|HS|  |TAMS 0x0000000083800000, 0x0000000083700000| Complete 
|  56|0x0000000083800000, 0x0000000083900000, 0x0000000083900000|100%|HS|  |TAMS 0x0000000083900000, 0x0000000083800000| Complete 
|  57|0x0000000083900000, 0x0000000083a00000, 0x0000000083a00000|100%|HS|  |TAMS 0x0000000083a00000, 0x0000000083900000| Complete 
|  58|0x0000000083a00000, 0x0000000083b00000, 0x0000000083b00000|100%|HS|  |TAMS 0x0000000083b00000, 0x0000000083a00000| Complete 
|  59|0x0000000083b00000, 0x0000000083c00000, 0x0000000083c00000|100%|HC|  |TAMS 0x0000000083c00000, 0x0000000083b00000| Complete 
|  60|0x0000000083c00000, 0x0000000083d00000, 0x0000000083d00000|100%|HC|  |TAMS 0x0000000083d00000, 0x0000000083c00000| Complete 
|  61|0x0000000083d00000, 0x0000000083e00000, 0x0000000083e00000|100%| O|  |TAMS 0x0000000083e00000, 0x0000000083d00000| Untracked 
|  62|0x0000000083e00000, 0x0000000083f00000, 0x0000000083f00000|100%| O|  |TAMS 0x0000000083f00000, 0x0000000083e00000| Untracked 
|  63|0x0000000083f00000, 0x0000000084000000, 0x0000000084000000|100%|HS|  |TAMS 0x0000000084000000, 0x0000000083f00000| Complete 
|  64|0x0000000084000000, 0x0000000084100000, 0x0000000084100000|100%|HC|  |TAMS 0x0000000084100000, 0x0000000084000000| Complete 
|  65|0x0000000084100000, 0x0000000084200000, 0x0000000084200000|100%| O|  |TAMS 0x0000000084200000, 0x0000000084100000| Untracked 
|  66|0x0000000084200000, 0x0000000084300000, 0x0000000084300000|100%| O|  |TAMS 0x0000000084300000, 0x0000000084200000| Untracked 
|  67|0x0000000084300000, 0x0000000084400000, 0x0000000084400000|100%| O|  |TAMS 0x0000000084400000, 0x0000000084300000| Untracked 
|  68|0x0000000084400000, 0x0000000084500000, 0x0000000084500000|100%| O|  |TAMS 0x0000000084500000, 0x0000000084400000| Untracked 
|  69|0x0000000084500000, 0x0000000084600000, 0x0000000084600000|100%| O|  |TAMS 0x0000000084600000, 0x0000000084500000| Untracked 
|  70|0x0000000084600000, 0x0000000084700000, 0x0000000084700000|100%| O|  |TAMS 0x0000000084700000, 0x0000000084600000| Untracked 
|  71|0x0000000084700000, 0x0000000084800000, 0x0000000084800000|100%| O|  |TAMS 0x0000000084800000, 0x0000000084700000| Untracked 
|  72|0x0000000084800000, 0x0000000084900000, 0x0000000084900000|100%| O|  |TAMS 0x0000000084900000, 0x0000000084800000| Untracked 
|  73|0x0000000084900000, 0x0000000084a00000, 0x0000000084a00000|100%| O|  |TAMS 0x0000000084a00000, 0x0000000084900000| Untracked 
|  74|0x0000000084a00000, 0x0000000084b00000, 0x0000000084b00000|100%| O|  |TAMS 0x0000000084b00000, 0x0000000084a00000| Untracked 
|  75|0x0000000084b00000, 0x0000000084c00000, 0x0000000084c00000|100%| O|  |TAMS 0x0000000084c00000, 0x0000000084b00000| Untracked 
|  76|0x0000000084c00000, 0x0000000084d00000, 0x0000000084d00000|100%| O|  |TAMS 0x0000000084d00000, 0x0000000084c00000| Untracked 
|  77|0x0000000084d00000, 0x0000000084e00000, 0x0000000084e00000|100%| O|  |TAMS 0x0000000084e00000, 0x0000000084d00000| Untracked 
|  78|0x0000000084e00000, 0x0000000084f00000, 0x0000000084f00000|100%| O|  |TAMS 0x0000000084f00000, 0x0000000084e00000| Untracked 
|  79|0x0000000084f00000, 0x0000000085000000, 0x0000000085000000|100%| O|  |TAMS 0x0000000085000000, 0x0000000084f00000| Untracked 
|  80|0x0000000085000000, 0x0000000085100000, 0x0000000085100000|100%| O|  |TAMS 0x0000000085100000, 0x0000000085000000| Untracked 
|  81|0x0000000085100000, 0x0000000085200000, 0x0000000085200000|100%| O|  |TAMS 0x0000000085200000, 0x0000000085100000| Untracked 
|  82|0x0000000085200000, 0x0000000085300000, 0x0000000085300000|100%| O|  |TAMS 0x0000000085300000, 0x0000000085200000| Untracked 
|  83|0x0000000085300000, 0x0000000085400000, 0x0000000085400000|100%| O|  |TAMS 0x0000000085400000, 0x0000000085300000| Untracked 
|  84|0x0000000085400000, 0x0000000085500000, 0x0000000085500000|100%| O|  |TAMS 0x0000000085500000, 0x0000000085400000| Untracked 
|  85|0x0000000085500000, 0x0000000085600000, 0x0000000085600000|100%| O|  |TAMS 0x0000000085600000, 0x0000000085500000| Untracked 
|  86|0x0000000085600000, 0x0000000085700000, 0x0000000085700000|100%| O|  |TAMS 0x0000000085700000, 0x0000000085600000| Untracked 
|  87|0x0000000085700000, 0x0000000085800000, 0x0000000085800000|100%| O|  |TAMS 0x0000000085800000, 0x0000000085700000| Untracked 
|  88|0x0000000085800000, 0x0000000085900000, 0x0000000085900000|100%| O|  |TAMS 0x0000000085900000, 0x0000000085800000| Untracked 
|  89|0x0000000085900000, 0x0000000085a00000, 0x0000000085a00000|100%| O|  |TAMS 0x0000000085a00000, 0x0000000085900000| Untracked 
|  90|0x0000000085a00000, 0x0000000085b00000, 0x0000000085b00000|100%|HS|  |TAMS 0x0000000085b00000, 0x0000000085a00000| Complete 
|  91|0x0000000085b00000, 0x0000000085c00000, 0x0000000085c00000|100%|HC|  |TAMS 0x0000000085c00000, 0x0000000085b00000| Complete 
|  92|0x0000000085c00000, 0x0000000085d00000, 0x0000000085d00000|100%|HS|  |TAMS 0x0000000085d00000, 0x0000000085c00000| Complete 
|  93|0x0000000085d00000, 0x0000000085e00000, 0x0000000085e00000|100%|HC|  |TAMS 0x0000000085e00000, 0x0000000085d00000| Complete 
|  94|0x0000000085e00000, 0x0000000085f00000, 0x0000000085f00000|100%|HC|  |TAMS 0x0000000085f00000, 0x0000000085e00000| Complete 
|  95|0x0000000085f00000, 0x0000000086000000, 0x0000000086000000|100%|HS|  |TAMS 0x0000000086000000, 0x0000000085f00000| Complete 
|  96|0x0000000086000000, 0x0000000086100000, 0x0000000086100000|100%|HC|  |TAMS 0x0000000086100000, 0x0000000086000000| Complete 
|  97|0x0000000086100000, 0x0000000086200000, 0x0000000086200000|100%|HC|  |TAMS 0x0000000086200000, 0x0000000086100000| Complete 
|  98|0x0000000086200000, 0x0000000086300000, 0x0000000086300000|100%|HC|  |TAMS 0x0000000086300000, 0x0000000086200000| Complete 
|  99|0x0000000086300000, 0x0000000086400000, 0x0000000086400000|100%| O|  |TAMS 0x0000000086400000, 0x0000000086300000| Untracked 
| 100|0x0000000086400000, 0x0000000086500000, 0x0000000086500000|100%| O|  |TAMS 0x0000000086500000, 0x0000000086400000| Untracked 
| 101|0x0000000086500000, 0x0000000086600000, 0x0000000086600000|100%| O|  |TAMS 0x0000000086600000, 0x0000000086500000| Untracked 
| 102|0x0000000086600000, 0x0000000086700000, 0x0000000086700000|100%| O|  |TAMS 0x0000000086700000, 0x0000000086600000| Untracked 
| 103|0x0000000086700000, 0x0000000086800000, 0x0000000086800000|100%| O|  |TAMS 0x0000000086800000, 0x0000000086700000| Untracked 
| 104|0x0000000086800000, 0x0000000086900000, 0x0000000086900000|100%| O|  |TAMS 0x0000000086900000, 0x0000000086800000| Untracked 
| 105|0x0000000086900000, 0x0000000086a00000, 0x0000000086a00000|100%| O|  |TAMS 0x0000000086a00000, 0x0000000086900000| Untracked 
| 106|0x0000000086a00000, 0x0000000086b00000, 0x0000000086b00000|100%| O|  |TAMS 0x0000000086b00000, 0x0000000086a00000| Untracked 
| 107|0x0000000086b00000, 0x0000000086b39a00, 0x0000000086c00000| 22%| O|  |TAMS 0x0000000086b39a00, 0x0000000086b00000| Untracked 
| 108|0x0000000086c00000, 0x0000000086c00000, 0x0000000086d00000|  0%| F|  |TAMS 0x0000000086c00000, 0x0000000086c00000| Untracked 
| 109|0x0000000086d00000, 0x0000000086d00000, 0x0000000086e00000|  0%| F|  |TAMS 0x0000000086d00000, 0x0000000086d00000| Untracked 
| 110|0x0000000086e00000, 0x0000000086e00000, 0x0000000086f00000|  0%| F|  |TAMS 0x0000000086e00000, 0x0000000086e00000| Untracked 
| 111|0x0000000086f00000, 0x0000000086f00000, 0x0000000087000000|  0%| F|  |TAMS 0x0000000086f00000, 0x0000000086f00000| Untracked 
| 112|0x0000000087000000, 0x0000000087000000, 0x0000000087100000|  0%| F|  |TAMS 0x0000000087000000, 0x0000000087000000| Untracked 
| 113|0x0000000087100000, 0x0000000087100000, 0x0000000087200000|  0%| F|  |TAMS 0x0000000087100000, 0x0000000087100000| Untracked 
| 114|0x0000000087200000, 0x0000000087200000, 0x0000000087300000|  0%| F|  |TAMS 0x0000000087200000, 0x0000000087200000| Untracked 
| 115|0x0000000087300000, 0x0000000087300000, 0x0000000087400000|  0%| F|  |TAMS 0x0000000087300000, 0x0000000087300000| Untracked 
| 116|0x0000000087400000, 0x0000000087400000, 0x0000000087500000|  0%| F|  |TAMS 0x0000000087400000, 0x0000000087400000| Untracked 
| 117|0x0000000087500000, 0x0000000087500000, 0x0000000087600000|  0%| F|  |TAMS 0x0000000087500000, 0x0000000087500000| Untracked 
| 118|0x0000000087600000, 0x0000000087600000, 0x0000000087700000|  0%| F|  |TAMS 0x0000000087600000, 0x0000000087600000| Untracked 
| 119|0x0000000087700000, 0x0000000087700000, 0x0000000087800000|  0%| F|  |TAMS 0x0000000087700000, 0x0000000087700000| Untracked 
| 120|0x0000000087800000, 0x0000000087800000, 0x0000000087900000|  0%| F|  |TAMS 0x0000000087800000, 0x0000000087800000| Untracked 
| 121|0x0000000087900000, 0x0000000087900000, 0x0000000087a00000|  0%| F|  |TAMS 0x0000000087900000, 0x0000000087900000| Untracked 
| 122|0x0000000087a00000, 0x0000000087a00000, 0x0000000087b00000|  0%| F|  |TAMS 0x0000000087a00000, 0x0000000087a00000| Untracked 
| 123|0x0000000087b00000, 0x0000000087b7f4b8, 0x0000000087c00000| 49%| S|CS|TAMS 0x0000000087b00000, 0x0000000087b00000| Complete 
| 124|0x0000000087c00000, 0x0000000087c00000, 0x0000000087d00000|  0%| F|  |TAMS 0x0000000087c00000, 0x0000000087c00000| Untracked 
| 125|0x0000000087d00000, 0x0000000087e00000, 0x0000000087e00000|100%| S|CS|TAMS 0x0000000087d00000, 0x0000000087d00000| Complete 
| 126|0x0000000087e00000, 0x0000000087e00000, 0x0000000087f00000|  0%| F|  |TAMS 0x0000000087e00000, 0x0000000087e00000| Untracked 
| 127|0x0000000087f00000, 0x0000000087f00000, 0x0000000088000000|  0%| F|  |TAMS 0x0000000087f00000, 0x0000000087f00000| Untracked 
| 128|0x0000000088000000, 0x0000000088000000, 0x0000000088100000|  0%| F|  |TAMS 0x0000000088000000, 0x0000000088000000| Untracked 
| 129|0x0000000088100000, 0x0000000088100000, 0x0000000088200000|  0%| F|  |TAMS 0x0000000088100000, 0x0000000088100000| Untracked 
| 130|0x0000000088200000, 0x0000000088200000, 0x0000000088300000|  0%| F|  |TAMS 0x0000000088200000, 0x0000000088200000| Untracked 
| 131|0x0000000088300000, 0x0000000088300000, 0x0000000088400000|  0%| F|  |TAMS 0x0000000088300000, 0x0000000088300000| Untracked 
| 132|0x0000000088400000, 0x00000000884e5850, 0x0000000088500000| 89%| E|  |TAMS 0x0000000088400000, 0x0000000088400000| Complete 
| 133|0x0000000088500000, 0x0000000088600000, 0x0000000088600000|100%| E|CS|TAMS 0x0000000088500000, 0x0000000088500000| Complete 
| 134|0x0000000088600000, 0x0000000088700000, 0x0000000088700000|100%| E|CS|TAMS 0x0000000088600000, 0x0000000088600000| Complete 

Card table byte_map: [0x0000026214880000,0x0000026214c80000] _byte_map_base: 0x0000026214480000

Marking Bits (Prev, Next): (CMBitMap*) 0x000002627f3ae278, (CMBitMap*) 0x000002627f3ae2b0
 Prev Bits: [0x0000026215080000, 0x0000026217080000)
 Next Bits: [0x0000026217080000, 0x0000026219080000)

Polling page: 0x0000026201410000

Metaspace:

Usage:
  Non-class:     78.90 MB capacity,    77.36 MB ( 98%) used,     1.32 MB (  2%) free+waste,   235.44 KB ( <1%) overhead. 
      Class:     12.24 MB capacity,    11.49 MB ( 94%) used,   659.16 KB (  5%) free+waste,   108.94 KB ( <1%) overhead. 
       Both:     91.15 MB capacity,    88.85 MB ( 97%) used,     1.96 MB (  2%) free+waste,   344.38 KB ( <1%) overhead. 

Virtual space:
  Non-class space:       80.00 MB reserved,      79.00 MB ( 99%) committed 
      Class space:        1.00 GB reserved,      12.25 MB (  1%) committed 
             Both:        1.08 GB reserved,      91.25 MB (  8%) committed 

Chunk freelists:
   Non-Class:  34.00 KB
       Class:  7.00 KB
        Both:  41.00 KB

MaxMetaspaceSize: 17179869184.00 GB
CompressedClassSpaceSize: 1.00 GB

CodeHeap 'non-profiled nmethods': size=120064Kb used=5679Kb max_used=5679Kb free=114385Kb
 bounds [0x000002620c910000, 0x000002620cea0000, 0x0000026213e50000]
CodeHeap 'profiled nmethods': size=120000Kb used=19497Kb max_used=19497Kb free=100502Kb
 bounds [0x00000262053e0000, 0x00000262066f0000, 0x000002620c910000]
CodeHeap 'non-nmethods': size=5696Kb used=2289Kb max_used=2346Kb free=3407Kb
 bounds [0x0000026204e50000, 0x00000262050c0000, 0x00000262053e0000]
 total_blobs=10032 nmethods=9137 adapters=806
 compilation: enabled
              stopped_count=0, restarted_count=0
 full_count=0

Compilation events (20 events):
Event: 43.297 Thread 0x000002621b6dd800 9183       3       com.sun.xml.bind.v2.model.impl.RuntimeTypeRefImpl::getTarget (5 bytes)
Event: 43.297 Thread 0x000002621b6dd800 nmethod 9183 0x00000262066dcf90 code [0x00000262066dd160, 0x00000262066dd4a8]
Event: 43.297 Thread 0x000002621b6dd800 9184       1       com.sun.xml.bind.v2.model.impl.TypeRefImpl::isNillable (5 bytes)
Event: 43.297 Thread 0x000002621b6dd800 nmethod 9184 0x000002620ce9ab10 code [0x000002620ce9acc0, 0x000002620ce9ad78]
Event: 43.297 Thread 0x000002621b6dd800 9185       3       com.sun.xml.bind.v2.runtime.NameBuilder::allocIndex (39 bytes)
Event: 43.298 Thread 0x000002621b6dd800 nmethod 9185 0x00000262066dd590 code [0x00000262066dd7a0, 0x00000262066dddf8]
Event: 43.298 Thread 0x000002621b6dd800 9187       3       com.sun.xml.bind.v2.util.QNameMap::hash (36 bytes)
Event: 43.298 Thread 0x000002621b6dd800 nmethod 9187 0x00000262066de090 code [0x00000262066de240, 0x00000262066de388]
Event: 43.298 Thread 0x000002621b6dd800 9186       3       com.sun.xml.bind.v2.runtime.Name::<init> (41 bytes)
Event: 43.298 Thread 0x000002621b6dd800 nmethod 9186 0x00000262066de490 code [0x00000262066de640, 0x00000262066de878]
Event: 43.299 Thread 0x000002621b6dd800 9188       1       com.sun.xml.bind.v2.runtime.property.PropertyImpl::hasSerializeURIAction (2 bytes)
Event: 43.299 Thread 0x000002621b6dd800 nmethod 9188 0x000002620ce9ae10 code [0x000002620ce9afc0, 0x000002620ce9b078]
Event: 43.299 Thread 0x000002621b6dd800 9189       1       com.sun.xml.bind.v2.model.impl.TypeRefImpl::getDefaultValue (5 bytes)
Event: 43.299 Thread 0x000002621b6dd800 nmethod 9189 0x000002620ce9b110 code [0x000002620ce9b2c0, 0x000002620ce9b378]
Event: 43.299 Thread 0x000002621b6dd800 9190       3       com.sun.xml.bind.v2.util.QNameMap::put (169 bytes)
Event: 43.299 Thread 0x000002621b6dd800 nmethod 9190 0x00000262066de990 code [0x00000262066deb80, 0x00000262066defb8]
Event: 43.299 Thread 0x000002621b6dd800 9192       3       com.sun.istack.FinalArrayList::<init> (5 bytes)
Event: 43.300 Thread 0x000002621b6dd800 nmethod 9192 0x00000262066df190 code [0x00000262066df360, 0x00000262066df658]
Event: 43.300 Thread 0x000002621b6dd800 9191       3       com.sun.xml.bind.v2.util.QNameMap::addEntry (60 bytes)
Event: 43.300 Thread 0x000002621b6dd800 nmethod 9191 0x00000262066df790 code [0x00000262066df980, 0x00000262066dff68]

GC Heap History (20 events):
Event: 30.982 GC heap before
{Heap before GC invocations=40 (full 0):
 garbage-first heap   total 138240K, used 116085K [0x0000000080000000, 0x0000000100000000)
  region size 1024K, 26 young (26624K), 2 survivors (2048K)
 Metaspace       used 80609K, capacity 82801K, committed 82944K, reserved 1120256K
  class space    used 10478K, capacity 11184K, committed 11264K, reserved 1048576K
}
Event: 30.990 GC heap after
{Heap after GC invocations=41 (full 0):
 garbage-first heap   total 138240K, used 92938K [0x0000000080000000, 0x0000000100000000)
  region size 1024K, 4 young (4096K), 4 survivors (4096K)
 Metaspace       used 80609K, capacity 82801K, committed 82944K, reserved 1120256K
  class space    used 10478K, capacity 11184K, committed 11264K, reserved 1048576K
}
Event: 32.486 GC heap before
{Heap before GC invocations=41 (full 0):
 garbage-first heap   total 138240K, used 107274K [0x0000000080000000, 0x0000000100000000)
  region size 1024K, 20 young (20480K), 4 survivors (4096K)
 Metaspace       used 82064K, capacity 84209K, committed 84480K, reserved 1122304K
  class space    used 10693K, capacity 11418K, committed 11520K, reserved 1048576K
}
Event: 32.501 GC heap after
{Heap after GC invocations=42 (full 0):
 garbage-first heap   total 138240K, used 94858K [0x0000000080000000, 0x0000000100000000)
  region size 1024K, 4 young (4096K), 4 survivors (4096K)
 Metaspace       used 82064K, capacity 84209K, committed 84480K, reserved 1122304K
  class space    used 10693K, capacity 11418K, committed 11520K, reserved 1048576K
}
Event: 34.751 GC heap before
{Heap before GC invocations=43 (full 0):
 garbage-first heap   total 138240K, used 124554K [0x0000000080000000, 0x0000000100000000)
  region size 1024K, 25 young (25600K), 4 survivors (4096K)
 Metaspace       used 83102K, capacity 85392K, committed 85632K, reserved 1124352K
  class space    used 10831K, capacity 11597K, committed 11648K, reserved 1048576K
}
Event: 34.769 GC heap after
{Heap after GC invocations=44 (full 0):
 garbage-first heap   total 138240K, used 108190K [0x0000000080000000, 0x0000000100000000)
  region size 1024K, 4 young (4096K), 4 survivors (4096K)
 Metaspace       used 83102K, capacity 85392K, committed 85632K, reserved 1124352K
  class space    used 10831K, capacity 11597K, committed 11648K, reserved 1048576K
}
Event: 40.275 GC heap before
{Heap before GC invocations=44 (full 0):
 garbage-first heap   total 138240K, used 119454K [0x0000000080000000, 0x0000000100000000)
  region size 1024K, 15 young (15360K), 4 survivors (4096K)
 Metaspace       used 83255K, capacity 85466K, committed 85632K, reserved 1124352K
  class space    used 10837K, capacity 11597K, committed 11648K, reserved 1048576K
}
Event: 40.284 GC heap after
{Heap after GC invocations=45 (full 0):
 garbage-first heap   total 138240K, used 108969K [0x0000000080000000, 0x0000000100000000)
  region size 1024K, 1 young (1024K), 1 survivors (1024K)
 Metaspace       used 83255K, capacity 85466K, committed 85632K, reserved 1124352K
  class space    used 10837K, capacity 11597K, committed 11648K, reserved 1048576K
}
Event: 40.759 GC heap before
{Heap before GC invocations=46 (full 0):
 garbage-first heap   total 138240K, used 118185K [0x0000000080000000, 0x0000000100000000)
  region size 1024K, 11 young (11264K), 1 survivors (1024K)
 Metaspace       used 83873K, capacity 86204K, committed 86272K, reserved 1124352K
  class space    used 10924K, capacity 11710K, committed 11776K, reserved 1048576K
}
Event: 40.762 GC heap after
{Heap after GC invocations=47 (full 0):
 garbage-first heap   total 138240K, used 109593K [0x0000000080000000, 0x0000000100000000)
  region size 1024K, 2 young (2048K), 2 survivors (2048K)
 Metaspace       used 83873K, capacity 86204K, committed 86272K, reserved 1124352K
  class space    used 10924K, capacity 11710K, committed 11776K, reserved 1048576K
}
Event: 41.281 GC heap before
{Heap before GC invocations=47 (full 0):
 garbage-first heap   total 138240K, used 117785K [0x0000000080000000, 0x0000000100000000)
  region size 1024K, 12 young (12288K), 2 survivors (2048K)
 Metaspace       used 85286K, capacity 87560K, committed 87680K, reserved 1124352K
  class space    used 11081K, capacity 11840K, committed 11904K, reserved 1048576K
}
Event: 41.289 GC heap after
{Heap after GC invocations=48 (full 0):
 garbage-first heap   total 138240K, used 110400K [0x0000000080000000, 0x0000000100000000)
  region size 1024K, 2 young (2048K), 2 survivors (2048K)
 Metaspace       used 85286K, capacity 87560K, committed 87680K, reserved 1124352K
  class space    used 11081K, capacity 11840K, committed 11904K, reserved 1048576K
}
Event: 41.643 GC heap before
{Heap before GC invocations=49 (full 0):
 garbage-first heap   total 138240K, used 120640K [0x0000000080000000, 0x0000000100000000)
  region size 1024K, 11 young (11264K), 2 survivors (2048K)
 Metaspace       used 86622K, capacity 88889K, committed 89088K, reserved 1126400K
  class space    used 11161K, capacity 11963K, committed 12032K, reserved 1048576K
}
Event: 41.647 GC heap after
{Heap after GC invocations=50 (full 0):
 garbage-first heap   total 138240K, used 110076K [0x0000000080000000, 0x0000000100000000)
  region size 1024K, 1 young (1024K), 1 survivors (1024K)
 Metaspace       used 86622K, capacity 88889K, committed 89088K, reserved 1126400K
  class space    used 11161K, capacity 11963K, committed 12032K, reserved 1048576K
}
Event: 42.513 GC heap before
{Heap before GC invocations=50 (full 0):
 garbage-first heap   total 138240K, used 119292K [0x0000000080000000, 0x0000000100000000)
  region size 1024K, 11 young (11264K), 1 survivors (1024K)
 Metaspace       used 87797K, capacity 90162K, committed 90240K, reserved 1128448K
  class space    used 11334K, capacity 12130K, committed 12160K, reserved 1048576K
}
Event: 42.517 GC heap after
{Heap after GC invocations=51 (full 0):
 garbage-first heap   total 138240K, used 110487K [0x0000000080000000, 0x0000000100000000)
  region size 1024K, 1 young (1024K), 1 survivors (1024K)
 Metaspace       used 87797K, capacity 90162K, committed 90240K, reserved 1128448K
  class space    used 11334K, capacity 12130K, committed 12160K, reserved 1048576K
}
Event: 42.972 GC heap before
{Heap before GC invocations=52 (full 0):
 garbage-first heap   total 138240K, used 120727K [0x0000000080000000, 0x0000000100000000)
  region size 1024K, 11 young (11264K), 1 survivors (1024K)
 Metaspace       used 88873K, capacity 91218K, committed 91520K, reserved 1128448K
  class space    used 11507K, capacity 12290K, committed 12416K, reserved 1048576K
}
Event: 42.976 GC heap after
{Heap after GC invocations=53 (full 0):
 garbage-first heap   total 138240K, used 110748K [0x0000000080000000, 0x0000000100000000)
  region size 1024K, 2 young (2048K), 2 survivors (2048K)
 Metaspace       used 88873K, capacity 91218K, committed 91520K, reserved 1128448K
  class space    used 11507K, capacity 12290K, committed 12416K, reserved 1048576K
}
Event: 43.274 GC heap before
{Heap before GC invocations=53 (full 0):
 garbage-first heap   total 138240K, used 119964K [0x0000000080000000, 0x0000000100000000)
  region size 1024K, 11 young (11264K), 2 survivors (2048K)
 Metaspace       used 89715K, capacity 92020K, committed 92288K, reserved 1128448K
  class space    used 11635K, capacity 12400K, committed 12416K, reserved 1048576K
}
Event: 43.281 GC heap after
{Heap after GC invocations=54 (full 0):
 garbage-first heap   total 138240K, used 111331K [0x0000000080000000, 0x0000000100000000)
  region size 1024K, 2 young (2048K), 2 survivors (2048K)
 Metaspace       used 89715K, capacity 92020K, committed 92288K, reserved 1128448K
  class space    used 11635K, capacity 12400K, committed 12416K, reserved 1048576K
}

Deoptimization events (20 events):
Event: 41.991 Thread 0x000002621c1b0800 Uncommon trap: trap_request=0xffffff4d fr.pc=0x000002620ca8c944 relative=0x0000000000000aa4
Event: 41.991 Thread 0x000002621c1b0800 Uncommon trap: reason=unstable_if action=reinterpret pc=0x000002620ca8c944 method=java.util.Properties$LineReader.readLine()I @ 25 c2
Event: 41.991 Thread 0x000002621c1b0800 DEOPT PACKING pc=0x000002620ca8c944 sp=0x000000c1533fa640
Event: 41.991 Thread 0x000002621c1b0800 DEOPT UNPACKING pc=0x0000026204e765af sp=0x000000c1533fa5d0 mode 2
Event: 42.434 Thread 0x000002621c1b0800 Uncommon trap: trap_request=0xffffff4d fr.pc=0x000002620cc1cd2c relative=0x0000000000001d0c
Event: 42.434 Thread 0x000002621c1b0800 Uncommon trap: reason=unstable_if action=reinterpret pc=0x000002620cc1cd2c method=sun.nio.fs.WindowsPathParser.normalize(Ljava/lang/StringBuilder;Ljava/lang/String;I)Ljava/lang/String; @ 172 c2
Event: 42.434 Thread 0x000002621c1b0800 DEOPT PACKING pc=0x000002620cc1cd2c sp=0x000000c1533f9b20
Event: 42.435 Thread 0x000002621c1b0800 DEOPT UNPACKING pc=0x0000026204e765af sp=0x000000c1533f9b10 mode 2
Event: 42.584 Thread 0x000002621c1b0800 Uncommon trap: trap_request=0xffffff4d fr.pc=0x000002620ca68818 relative=0x0000000000000798
Event: 42.584 Thread 0x000002621c1b0800 Uncommon trap: reason=unstable_if action=reinterpret pc=0x000002620ca68818 method=java.util.jar.JarFile.getVersionedEntry(Ljava/lang/String;Ljava/util/jar/JarEntry;)Ljava/util/jar/JarEntry; @ 67 c2
Event: 42.584 Thread 0x000002621c1b0800 DEOPT PACKING pc=0x000002620ca68818 sp=0x000000c1533f7d40
Event: 42.584 Thread 0x000002621c1b0800 DEOPT UNPACKING pc=0x0000026204e765af sp=0x000000c1533f7d28 mode 2
Event: 42.953 Thread 0x000002621c1b0800 Uncommon trap: trap_request=0xffffffde fr.pc=0x000002620cd42b6c relative=0x000000000000792c
Event: 42.953 Thread 0x000002621c1b0800 Uncommon trap: reason=class_check action=maybe_recompile pc=0x000002620cd42b6c method=java.lang.Class.createAnnotationData(I)Ljava/lang/Class$AnnotationData; @ 103 c2
Event: 42.953 Thread 0x000002621c1b0800 DEOPT PACKING pc=0x000002620cd42b6c sp=0x000000c1533f8f90
Event: 42.953 Thread 0x000002621c1b0800 DEOPT UNPACKING pc=0x0000026204e765af sp=0x000000c1533f8e70 mode 2
Event: 43.014 Thread 0x000002621c1b0800 Uncommon trap: trap_request=0xfffffff4 fr.pc=0x000002620cd42d08 relative=0x0000000000007ac8
Event: 43.014 Thread 0x000002621c1b0800 Uncommon trap: reason=null_check action=make_not_entrant pc=0x000002620cd42d08 method=java.lang.Class.createAnnotationData(I)Ljava/lang/Class$AnnotationData; @ 14 c2
Event: 43.014 Thread 0x000002621c1b0800 DEOPT PACKING pc=0x000002620cd42d08 sp=0x000000c1533f8790
Event: 43.014 Thread 0x000002621c1b0800 DEOPT UNPACKING pc=0x0000026204e765af sp=0x000000c1533f8798 mode 2

Classes redefined (0 events):
No events

Internal exceptions (20 events):
Event: 40.403 Thread 0x000002621c1b0800 Exception <a 'java/lang/ClassNotFoundException'{0x00000000882f9b70}: java/lang/NumberBeanInfo> (0x00000000882f9b70) thrown at [./src/hotspot/share/classfile/systemDictionary.cpp, line 231]
Event: 40.404 Thread 0x000002621c1b0800 Exception <a 'java/lang/ClassNotFoundException'{0x0000000088102f08}: java/lang/NumberCustomizer> (0x0000000088102f08) thrown at [./src/hotspot/share/classfile/systemDictionary.cpp, line 231]
Event: 40.404 Thread 0x000002621c1b0800 Exception <a 'java/lang/ClassNotFoundException'{0x000000008810ecc8}: java/lang/IntegerCustomizer> (0x000000008810ecc8) thrown at [./src/hotspot/share/classfile/systemDictionary.cpp, line 231]
Event: 40.444 Thread 0x000002621c1b0800 Exception <a 'java/lang/ClassNotFoundException'{0x000000008816f668}: org/gradle/internal/extensibility/DefaultConventionBeanInfo> (0x000000008816f668) thrown at [./src/hotspot/share/classfile/systemDictionary.cpp, line 231]
Event: 40.444 Thread 0x000002621c1b0800 Exception <a 'java/lang/ClassNotFoundException'{0x00000000881847e0}: org/gradle/internal/extensibility/DefaultConventionCustomizer> (0x00000000881847e0) thrown at [./src/hotspot/share/classfile/systemDictionary.cpp, line 231]
Event: 40.497 Thread 0x000002621c1b0800 Exception <a 'java/lang/ClassNotFoundException'{0x00000000880276d0}: org/gradle/internal/extensibility/DefaultExtensionsSchemaBeanInfo> (0x00000000880276d0) thrown at [./src/hotspot/share/classfile/systemDictionary.cpp, line 231]
Event: 40.497 Thread 0x000002621c1b0800 Exception <a 'java/lang/ClassNotFoundException'{0x000000008803dce8}: org/gradle/internal/extensibility/DefaultExtensionsSchemaCustomizer> (0x000000008803dce8) thrown at [./src/hotspot/share/classfile/systemDictionary.cpp, line 231]
Event: 40.500 Thread 0x000002621c1b0800 Exception <a 'java/lang/ClassNotFoundException'{0x000000008807b0c8}: org/gradle/internal/extensibility/ExtensionsStorage$ExtensionHolderBeanInfo> (0x000000008807b0c8) thrown at [./src/hotspot/share/classfile/systemDictionary.cpp, line 231]
Event: 40.501 Thread 0x000002621c1b0800 Exception <a 'java/lang/ClassNotFoundException'{0x0000000088092a48}: org/gradle/internal/extensibility/ExtensionsStorage$ExtensionHolderCustomizer> (0x0000000088092a48) thrown at [./src/hotspot/share/classfile/systemDictionary.cpp, line 231]
Event: 40.575 Thread 0x000002621c1b0800 Exception <a 'java/lang/NoSuchMethodError'{0x0000000087efbe40}: <clinit>> (0x0000000087efbe40) thrown at [./src/hotspot/share/prims/jni.cpp, line 1362]
Event: 40.577 Thread 0x000002621c1b0800 Exception <a 'java/lang/NoSuchMethodError'{0x0000000087d15c20}: <clinit>> (0x0000000087d15c20) thrown at [./src/hotspot/share/prims/jni.cpp, line 1362]
Event: 40.578 Thread 0x000002621c1b0800 Exception <a 'java/lang/NoSuchMethodError'{0x0000000087d27290}: <clinit>> (0x0000000087d27290) thrown at [./src/hotspot/share/prims/jni.cpp, line 1362]
Event: 40.581 Thread 0x000002621c1b0800 Exception <a 'java/lang/NoSuchMethodError'{0x0000000087d3d950}: <clinit>> (0x0000000087d3d950) thrown at [./src/hotspot/share/prims/jni.cpp, line 1362]
Event: 40.870 Thread 0x000002621c1b0800 Exception <a 'java/lang/NoSuchMethodError'{0x000000008835d7f0}: <clinit>> (0x000000008835d7f0) thrown at [./src/hotspot/share/prims/jni.cpp, line 1362]
Event: 41.039 Thread 0x000002621c1b0800 Exception <a 'java/lang/NoSuchMethodError'{0x0000000087f35b78}: <clinit>> (0x0000000087f35b78) thrown at [./src/hotspot/share/prims/jni.cpp, line 1362]
Event: 42.068 Thread 0x000002621c1b0800 Exception <a 'sun/nio/fs/WindowsException'{0x00000000881f0678}> (0x00000000881f0678) thrown at [./src/hotspot/share/prims/jni.cpp, line 615]
Event: 42.068 Thread 0x000002621c1b0800 Exception <a 'sun/nio/fs/WindowsException'{0x00000000881f0a50}> (0x00000000881f0a50) thrown at [./src/hotspot/share/prims/jni.cpp, line 615]
Event: 42.816 Thread 0x000002621c1b0800 Exception <a 'java/lang/NullPointerException'{0x0000000088152320}> (0x0000000088152320) thrown at [./src/hotspot/share/interpreter/linkResolver.cpp, line 1440]
Event: 43.014 Thread 0x000002621c1b0800 Implicit null exception at 0x000002620cd3b4f3 to 0x000002620cd42cec
Event: 43.343 Thread 0x000002621c1b0800 Exception <a 'java/lang/NoSuchMethodError'{0x0000000088593f60}: 'int java.lang.invoke.DirectMethodHandle$Holder.invokeStatic(java.lang.Object, java.lang.Object, int, java.lang.Object)'> (0x0000000088593f60) thrown at [./src/hotspot/share/interpreter/linkResolver.cpp, line 773]

Events (20 events):
Event: 43.344 loading class com/android/repository/impl/meta/SchemaModuleUtil$NamespaceFallbackFilter done
Event: 43.344 loading class org/xml/sax/helpers/XMLFilterImpl
Event: 43.392 loading class org/xml/sax/helpers/XMLFilterImpl done
Event: 43.392 loading class javax/xml/parsers/SAXParserFactory
Event: 43.392 loading class javax/xml/parsers/SAXParserFactory done
Event: 43.393 loading class com/sun/org/apache/xerces/internal/jaxp/SAXParserFactoryImpl
Event: 43.405 loading class com/sun/org/apache/xerces/internal/jaxp/SAXParserFactoryImpl done
Event: 43.406 loading class com/sun/org/apache/xerces/internal/jaxp/SAXParserImpl
Event: 43.406 loading class com/sun/org/apache/xerces/internal/jaxp/JAXPConstants
Event: 43.423 loading class com/sun/org/apache/xerces/internal/jaxp/JAXPConstants done
Event: 43.423 loading class com/sun/org/apache/xerces/internal/xs/PSVIProvider
Event: 43.430 Executing VM operation: CGC_Operation
Event: 43.449 loading class com/sun/org/apache/xerces/internal/xs/PSVIProvider done
Event: 43.449 loading class javax/xml/parsers/SAXParser
Event: 43.449 loading class javax/xml/parsers/SAXParser done
Event: 43.449 loading class com/sun/org/apache/xerces/internal/jaxp/SAXParserImpl done
Event: 43.462 Executing VM operation: CGC_Operation done
Event: 43.462 loading class com/sun/org/apache/xerces/internal/utils/XMLSecurityManager
Event: 43.479 loading class com/sun/org/apache/xerces/internal/utils/XMLSecurityManager done
Event: 43.479 loading class com/sun/org/apache/xerces/internal/utils/XMLSecurityManager$Limit


Dynamic libraries:
0x00007ff7c9870000 - 0x00007ff7c987a000 	C:\Program Files\Android\Android Studio\jre\bin\java.exe
0x00007ffd8e0f0000 - 0x00007ffd8e2e5000 	C:\WINDOWS\SYSTEM32\ntdll.dll
0x00007ffd8c690000 - 0x00007ffd8c74e000 	C:\WINDOWS\System32\KERNEL32.DLL
0x00007ffd8b910000 - 0x00007ffd8bbd8000 	C:\WINDOWS\System32\KERNELBASE.dll
0x00007ffd8b810000 - 0x00007ffd8b910000 	C:\WINDOWS\System32\ucrtbase.dll
0x00007ffd89140000 - 0x00007ffd89157000 	C:\Program Files\Android\Android Studio\jre\bin\VCRUNTIME140.dll
0x00007ffd872f0000 - 0x00007ffd87309000 	C:\Program Files\Android\Android Studio\jre\bin\jli.dll
0x00007ffd8d2d0000 - 0x00007ffd8d470000 	C:\WINDOWS\System32\USER32.dll
0x00007ffd8bf50000 - 0x00007ffd8bf72000 	C:\WINDOWS\System32\win32u.dll
0x00007ffd84050000 - 0x00007ffd842ea000 	C:\WINDOWS\WinSxS\amd64_microsoft.windows.common-controls_6595b64144ccf1df_6.0.19041.1110_none_60b5254171f9507e\COMCTL32.dll
0x00007ffd8cfc0000 - 0x00007ffd8cfea000 	C:\WINDOWS\System32\GDI32.dll
0x00007ffd8c150000 - 0x00007ffd8c1ee000 	C:\WINDOWS\System32\msvcrt.dll
0x00007ffd8bff0000 - 0x00007ffd8c0fb000 	C:\WINDOWS\System32\gdi32full.dll
0x00007ffd8bdf0000 - 0x00007ffd8be8d000 	C:\WINDOWS\System32\msvcp_win.dll
0x00007ffd8c1f0000 - 0x00007ffd8c220000 	C:\WINDOWS\System32\IMM32.DLL
0x00007ffd78b20000 - 0x00007ffd78bbd000 	C:\Program Files\Android\Android Studio\jre\bin\msvcp140.dll
0x00007ffd654e0000 - 0x00007ffd65fb5000 	C:\Program Files\Android\Android Studio\jre\bin\server\jvm.dll
0x00007ffd8d070000 - 0x00007ffd8d11e000 	C:\WINDOWS\System32\ADVAPI32.dll
0x00007ffd8cd60000 - 0x00007ffd8cdfc000 	C:\WINDOWS\System32\sechost.dll
0x00007ffd8d470000 - 0x00007ffd8d595000 	C:\WINDOWS\System32\RPCRT4.dll
0x00007ffd8c750000 - 0x00007ffd8c758000 	C:\WINDOWS\System32\PSAPI.DLL
0x00007ffd85bb0000 - 0x00007ffd85bd7000 	C:\WINDOWS\SYSTEM32\WINMM.dll
0x00007ffd87580000 - 0x00007ffd87589000 	C:\WINDOWS\SYSTEM32\WSOCK32.dll
0x00007ffd86090000 - 0x00007ffd8609a000 	C:\WINDOWS\SYSTEM32\VERSION.dll
0x00007ffd8cf50000 - 0x00007ffd8cfbb000 	C:\WINDOWS\System32\WS2_32.dll
0x00007ffd89670000 - 0x00007ffd89682000 	C:\WINDOWS\SYSTEM32\kernel.appcore.dll
0x00007ffd86610000 - 0x00007ffd86621000 	C:\Program Files\Android\Android Studio\jre\bin\verify.dll
0x00007ffd7d930000 - 0x00007ffd7db14000 	C:\WINDOWS\SYSTEM32\DBGHELP.DLL
0x00007ffd7d840000 - 0x00007ffd7d86c000 	C:\WINDOWS\SYSTEM32\dbgcore.DLL
0x00007ffd8bec0000 - 0x00007ffd8bf42000 	C:\WINDOWS\System32\bcryptPrimitives.dll
0x00007ffd7c460000 - 0x00007ffd7c489000 	C:\Program Files\Android\Android Studio\jre\bin\java.dll
0x00007ffd87350000 - 0x00007ffd8735b000 	C:\Program Files\Android\Android Studio\jre\bin\jimage.dll
0x00007ffd84f40000 - 0x00007ffd84f58000 	C:\Program Files\Android\Android Studio\jre\bin\zip.dll
0x00007ffd8d5a0000 - 0x00007ffd8dce4000 	C:\WINDOWS\System32\SHELL32.dll
0x00007ffd89950000 - 0x00007ffd8a0e4000 	C:\WINDOWS\SYSTEM32\windows.storage.dll
0x00007ffd8c760000 - 0x00007ffd8cab4000 	C:\WINDOWS\System32\combase.dll
0x00007ffd8b1b0000 - 0x00007ffd8b1dc000 	C:\WINDOWS\SYSTEM32\Wldp.dll
0x00007ffd8cbe0000 - 0x00007ffd8cc8d000 	C:\WINDOWS\System32\SHCORE.dll
0x00007ffd8cef0000 - 0x00007ffd8cf45000 	C:\WINDOWS\System32\shlwapi.dll
0x00007ffd8b750000 - 0x00007ffd8b76f000 	C:\WINDOWS\SYSTEM32\profapi.dll
0x00007ffd82b70000 - 0x00007ffd82b8a000 	C:\Program Files\Android\Android Studio\jre\bin\net.dll
0x00007ffd83890000 - 0x00007ffd8399a000 	C:\WINDOWS\SYSTEM32\WINHTTP.dll
0x00007ffd8af10000 - 0x00007ffd8af7a000 	C:\WINDOWS\system32\mswsock.dll
0x00007ffd7c440000 - 0x00007ffd7c454000 	C:\Program Files\Android\Android Studio\jre\bin\nio.dll
0x00007ffd743e0000 - 0x00007ffd74407000 	C:\Users\giorgi\.gradle\native\e1d6ef7f7dcc3fd88c89a11ec53ec762bb8ba0a96d01ffa2cd45eb1d1d8dd5c5\windows-amd64\native-platform.dll
0x00007ffd789d0000 - 0x00007ffd78b14000 	C:\Users\giorgi\.gradle\native\5664cfc778a61ccfe75a443a1ab52a65af34e5dc3c78e0209fed803814484fcb\windows-amd64\native-platform-file-events.dll
0x00007ffd86600000 - 0x00007ffd8660a000 	C:\Program Files\Android\Android Studio\jre\bin\management.dll
0x00007ffd83fb0000 - 0x00007ffd83fbd000 	C:\Program Files\Android\Android Studio\jre\bin\management_ext.dll
0x00007ffd8b100000 - 0x00007ffd8b118000 	C:\WINDOWS\SYSTEM32\CRYPTSP.dll
0x00007ffd8a890000 - 0x00007ffd8a8c4000 	C:\WINDOWS\system32\rsaenh.dll
0x00007ffd8be90000 - 0x00007ffd8beb7000 	C:\WINDOWS\System32\bcrypt.dll
0x00007ffd8b710000 - 0x00007ffd8b73e000 	C:\WINDOWS\SYSTEM32\USERENV.dll
0x00007ffd8b120000 - 0x00007ffd8b12c000 	C:\WINDOWS\SYSTEM32\CRYPTBASE.dll
0x00007ffd8ac00000 - 0x00007ffd8ac3b000 	C:\WINDOWS\SYSTEM32\IPHLPAPI.DLL
0x00007ffd8d060000 - 0x00007ffd8d068000 	C:\WINDOWS\System32\NSI.dll
0x00007ffd85140000 - 0x00007ffd85157000 	C:\WINDOWS\SYSTEM32\dhcpcsvc6.DLL
0x00007ffd84f60000 - 0x00007ffd84f7d000 	C:\WINDOWS\SYSTEM32\dhcpcsvc.DLL
0x00007ffd8ac40000 - 0x00007ffd8ad0b000 	C:\WINDOWS\SYSTEM32\DNSAPI.dll

dbghelp: loaded successfully - version: 4.0.5 - missing functions: none
symbol engine: initialized successfully - sym options: 0x614 - pdb path: .;C:\Program Files\Android\Android Studio\jre\bin;C:\WINDOWS\SYSTEM32;C:\WINDOWS\WinSxS\amd64_microsoft.windows.common-controls_6595b64144ccf1df_6.0.19041.1110_none_60b5254171f9507e;C:\Program Files\Android\Android Studio\jre\bin\server;C:\Users\giorgi\.gradle\native\e1d6ef7f7dcc3fd88c89a11ec53ec762bb8ba0a96d01ffa2cd45eb1d1d8dd5c5\windows-amd64;C:\Users\giorgi\.gradle\native\5664cfc778a61ccfe75a443a1ab52a65af34e5dc3c78e0209fed803814484fcb\windows-amd64

VM Arguments:
jvm_args: --add-opens=java.base/java.util=ALL-UNNAMED --add-opens=java.base/java.lang=ALL-UNNAMED --add-opens=java.base/java.lang.invoke=ALL-UNNAMED --add-opens=java.base/java.util=ALL-UNNAMED --add-opens=java.prefs/java.util.prefs=ALL-UNNAMED --add-opens=java.prefs/java.util.prefs=ALL-UNNAMED --add-opens=java.base/java.nio.charset=ALL-UNNAMED --add-opens=java.base/java.net=ALL-UNNAMED --add-opens=java.base/java.util.concurrent.atomic=ALL-UNNAMED -Xmx2048m -Dfile.encoding=UTF-8 -Duser.country=US -Duser.language=en -Duser.variant 
java_command: org.gradle.launcher.daemon.bootstrap.GradleDaemon 7.2
java_class_path (initial): C:\Users\giorgi\.gradle\wrapper\dists\gradle-7.2-bin\2dnblmf4td7x66yl1d74lt32g\gradle-7.2\lib\gradle-launcher-7.2.jar
Launcher Type: SUN_STANDARD

[Global flags]
     intx CICompilerCount                          = 3                                         {product} {ergonomic}
     uint ConcGCThreads                            = 1                                         {product} {ergonomic}
     uint G1ConcRefinementThreads                  = 4                                         {product} {ergonomic}
   size_t G1HeapRegionSize                         = 1048576                                   {product} {ergonomic}
    uintx GCDrainStackTargetSize                   = 64                                        {product} {ergonomic}
   size_t InitialHeapSize                          = 67108864                                  {product} {ergonomic}
   size_t MarkStackSize                            = 4194304                                   {product} {ergonomic}
   size_t MaxHeapSize                              = 2147483648                                {product} {command line}
   size_t MaxNewSize                               = 1287651328                                {product} {ergonomic}
   size_t MinHeapDeltaBytes                        = 1048576                                   {product} {ergonomic}
    uintx NonNMethodCodeHeapSize                   = 5830732                                {pd product} {ergonomic}
    uintx NonProfiledCodeHeapSize                  = 122913754                              {pd product} {ergonomic}
    uintx ProfiledCodeHeapSize                     = 122913754                              {pd product} {ergonomic}
    uintx ReservedCodeCacheSize                    = 251658240                              {pd product} {ergonomic}
     bool SegmentedCodeCache                       = true                                      {product} {ergonomic}
     bool UseCompressedClassPointers               = true                                 {lp64_product} {ergonomic}
     bool UseCompressedOops                        = true                                 {lp64_product} {ergonomic}
     bool UseG1GC                                  = true                                      {product} {ergonomic}
     bool UseLargePagesIndividualAllocation        = false                                  {pd product} {ergonomic}

Logging:
Log output configuration:
 #0: stdout all=warning uptime,level,tags
 #1: stderr all=off uptime,level,tags

Environment Variables:
PATH=C:\Program Files (x86)\VMware\VMware Workstation\bin\;C:\WINDOWS\system32;C:\WINDOWS;C:\WINDOWS\System32\Wbem;C:\WINDOWS\System32\WindowsPowerShell\v1.0\;C:\WINDOWS\System32\OpenSSH\;C:\Program Files\Git\cmd;C:\Program Files\Go\bin;C:\Users\giorgi\AppData\Local\Microsoft\WindowsApps;C:\Users\giorgi\AppData\Local\Programs\Microsoft VS Code\bin;C:\Flutter\flutter\bin;C:\Users\giorgi\go\bin
USERNAME=giorgi
OS=Windows_NT
PROCESSOR_IDENTIFIER=Intel64 Family 6 Model 42 Stepping 7, GenuineIntel



---------------  S Y S T E M  ---------------

OS: Windows 10 , 64 bit Build 19041 (10.0.19041.1645)
OS uptime: 0 days 1:08 hours

CPU:total 4 (initial active 4) (2 cores per cpu, 2 threads per core) family 6 model 42 stepping 7 microcode 0x2f, cmov, cx8, fxsr, mmx, sse, sse2, sse3, ssse3, sse4.1, sse4.2, popcnt, avx, clmul, ht, tsc, tscinvbit

Memory: 4k page, system-wide physical 4078M (260M free)
TotalPageFile size 4078M (AvailPageFile size 5M)
current process WorkingSet (physical memory assigned to process): 285M, peak: 316M
current process commit charge ("private bytes"): 416M, peak: 418M

vm_info: OpenJDK 64-Bit Server VM (11.0.11+9-b60-7590822) for windows-amd64 JRE (11.0.11+9-b60-7590822), built on Jul 29 2021 21:43:44 by "builder" with MS VC++ 14.0 (VS2015)

END.
