#
# There is insufficient memory for the Java Runtime Environment to continue.
# Native memory allocation (malloc) failed to allocate 1716336 bytes for Chunk::new
# Possible reasons:
#   The system is out of physical RAM or swap space
#   The process is running with CompressedOops enabled, and the Java Heap may be blocking the growth of the native heap
# Possible solutions:
#   Reduce memory load on the system
#   Increase physical memory or swap space
#   Check if swap backing store is full
#   Decrease Java heap size (-Xmx/-Xms)
#   Decrease number of Java threads
#   Decrease Java thread stack sizes (-Xss)
#   Set larger code cache with -XX:ReservedCodeCacheSize=
#   JVM is running with Unscaled Compressed Oops mode in which the Java heap is
#     placed in the first 4GB address space. The Java Heap base address is the
#     maximum limit for the native heap growth. Please use -XX:HeapBaseMinAddress
#     to set the Java Heap base and to place the Java Heap above 4GB virtual address.
# This output file may be truncated or incomplete.
#
#  Out of Memory Error (./src/hotspot/share/memory/arena.cpp:197), pid=908, tid=208
#
# JRE version: OpenJDK Runtime Environment (11.0.11+9) (build 11.0.11+9-b60-7590822)
# Java VM: OpenJDK 64-Bit Server VM (11.0.11+9-b60-7590822, mixed mode, tiered, compressed oops, g1 gc, windows-amd64)
# No core dump will be written. Minidumps are not enabled by default on client versions of Windows
#

---------------  S U M M A R Y ------------

Command Line: --add-opens=java.base/java.util=ALL-UNNAMED --add-opens=java.base/java.lang=ALL-UNNAMED --add-opens=java.base/java.lang.invoke=ALL-UNNAMED --add-opens=java.base/java.util=ALL-UNNAMED --add-opens=java.prefs/java.util.prefs=ALL-UNNAMED --add-opens=java.prefs/java.util.prefs=ALL-UNNAMED --add-opens=java.base/java.nio.charset=ALL-UNNAMED --add-opens=java.base/java.net=ALL-UNNAMED --add-opens=java.base/java.util.concurrent.atomic=ALL-UNNAMED -Xmx2048m -Dfile.encoding=UTF-8 -Duser.country=US -Duser.language=en -Duser.variant org.gradle.launcher.daemon.bootstrap.GradleDaemon 7.2

Host: Intel(R) Core(TM) i3-2120 CPU @ 3.30GHz, 4 cores, 3G,  Windows 10 , 64 bit Build 19041 (10.0.19041.1645)
Time: Wed Apr 27 02:30:06 2022 Georgian Standard Time elapsed time: 101.396930 seconds (0d 0h 1m 41s)

---------------  T H R E A D  ---------------

Current thread (0x0000015dd450d000):  JavaThread "C2 CompilerThread0" daemon [_thread_in_native, id=208, stack(0x0000003acba00000,0x0000003acbb00000)]


Current CompileTask:
C2: 101397 15800       4       com.android.tools.r8.code.x1::a (4130 bytes)

Stack: [0x0000003acba00000,0x0000003acbb00000]
Native frames: (J=compiled Java code, j=interpreted, Vv=VM code, C=native code)
V  [jvm.dll+0x5f214a]
V  [jvm.dll+0x726fb5]
V  [jvm.dll+0x7285cd]
V  [jvm.dll+0x728c83]
V  [jvm.dll+0x243278]
V  [jvm.dll+0xbc53c]
V  [jvm.dll+0xbca3c]
V  [jvm.dll+0x353e7d]
V  [jvm.dll+0x321893]
V  [jvm.dll+0x320d8a]
V  [jvm.dll+0x1fc1e2]
V  [jvm.dll+0x1fb3d4]
V  [jvm.dll+0x183d6c]
V  [jvm.dll+0x209a57]
V  [jvm.dll+0x2082a1]
V  [jvm.dll+0x6ef58f]
V  [jvm.dll+0x6e80b5]
V  [jvm.dll+0x5f1036]
C  [ucrtbase.dll+0x21bb2]
C  [KERNEL32.DLL+0x17034]
C  [ntdll.dll+0x52651]


---------------  P R O C E S S  ---------------

Threads class SMR info:
_java_thread_list=0x0000015ddb42f070, length=94, elements={
0x0000015dba16c800, 0x0000015dd44a9000, 0x0000015dd44b3000, 0x0000015dd4504800,
0x0000015dd4507000, 0x0000015dd4509000, 0x0000015dd450d000, 0x0000015dd4515000,
0x0000015dd4517000, 0x0000015dd4f8a000, 0x0000015dd72d2000, 0x0000015dd72d6000,
0x0000015dd72d5000, 0x0000015dd72d4800, 0x0000015dd72d7000, 0x0000015dd71e9000,
0x0000015dd71e7800, 0x0000015dd71e8800, 0x0000015dd71ea800, 0x0000015dd71eb800,
0x0000015dd71ec800, 0x0000015dd71ed000, 0x0000015dd71ee000, 0x0000015dd71f3000,
0x0000015dd71ef000, 0x0000015dd76b6000, 0x0000015dd76b0800, 0x0000015dd71e6000,
0x0000015dd71e6800, 0x0000015dd71ef800, 0x0000015dd71ea000, 0x0000015dd71f4800,
0x0000015dd71f2000, 0x0000015dd71f1800, 0x0000015dd76b7000, 0x0000015dd76b5800,
0x0000015dd76b1800, 0x0000015dd76b2000, 0x0000015dd76b4000, 0x0000015dd76b4800,
0x0000015dd72d1000, 0x0000015dd72d2800, 0x0000015dd72d0800, 0x0000015dd72d3800,
0x0000015dd7fb1800, 0x0000015dd7fb4000, 0x0000015dd7fb2800, 0x0000015dd7fb3000,
0x0000015dd7fae000, 0x0000015dd7fb5000, 0x0000015dd7faf000, 0x0000015dd7fb0000,
0x0000015dd7fb5800, 0x0000015dd7fb6800, 0x0000015dd7fb0800, 0x0000015dd7fbc000,
0x0000015dd7fb7000, 0x0000015dd7fba800, 0x0000015dd7fbb800, 0x0000015dd7fb8000,
0x0000015dd7fb9000, 0x0000015dd7fb9800, 0x0000015dd7fbd000, 0x0000015dda6eb000,
0x0000015dda6f0000, 0x0000015dda6ea000, 0x0000015dda6ec800, 0x0000015dda6f0800,
0x0000015dda6ed800, 0x0000015dda6ee000, 0x0000015dda6f1800, 0x0000015dda6eb800,
0x0000015dda6f2800, 0x0000015dda6ef000, 0x0000015dda6f4800, 0x0000015dda6f3000,
0x0000015dda6f9000, 0x0000015dda6f6800, 0x0000015dda6f4000, 0x0000015dda6f8000,
0x0000015dd7eed800, 0x0000015dd7ef1000, 0x0000015dd7eef000, 0x0000015dd7eec000,
0x0000015dd7eec800, 0x0000015dd7eeb000, 0x0000015dd7ef4000, 0x0000015dd7ef1800,
0x0000015dd7eee800, 0x0000015dd7ef0000, 0x0000015dd7ef6800, 0x0000015dd7ef8000,
0x0000015dd7ef2800, 0x0000015dd7ef5800
}

Java Threads: ( => current thread )
  0x0000015dba16c800 JavaThread "main" [_thread_blocked, id=1952, stack(0x0000003acae00000,0x0000003acaf00000)]
  0x0000015dd44a9000 JavaThread "Reference Handler" daemon [_thread_blocked, id=5252, stack(0x0000003acb500000,0x0000003acb600000)]
  0x0000015dd44b3000 JavaThread "Finalizer" daemon [_thread_blocked, id=5016, stack(0x0000003acb600000,0x0000003acb700000)]
  0x0000015dd4504800 JavaThread "Signal Dispatcher" daemon [_thread_blocked, id=6628, stack(0x0000003acb700000,0x0000003acb800000)]
  0x0000015dd4507000 JavaThread "Attach Listener" daemon [_thread_blocked, id=840, stack(0x0000003acb800000,0x0000003acb900000)]
  0x0000015dd4509000 JavaThread "Service Thread" daemon [_thread_blocked, id=3436, stack(0x0000003acb900000,0x0000003acba00000)]
=>0x0000015dd450d000 JavaThread "C2 CompilerThread0" daemon [_thread_in_native, id=208, stack(0x0000003acba00000,0x0000003acbb00000)]
  0x0000015dd4515000 JavaThread "C1 CompilerThread0" daemon [_thread_blocked, id=4904, stack(0x0000003acbb00000,0x0000003acbc00000)]
  0x0000015dd4517000 JavaThread "Sweeper thread" daemon [_thread_blocked, id=2916, stack(0x0000003acbc00000,0x0000003acbd00000)]
  0x0000015dd4f8a000 JavaThread "Common-Cleaner" daemon [_thread_blocked, id=5828, stack(0x0000003acbd00000,0x0000003acbe00000)]
  0x0000015dd72d2000 JavaThread "Daemon health stats" [_thread_blocked, id=3048, stack(0x0000003acc100000,0x0000003acc200000)]
  0x0000015dd72d6000 JavaThread "Incoming local TCP Connector on port 50162" [_thread_in_native, id=5624, stack(0x0000003acbf00000,0x0000003acc000000)]
  0x0000015dd72d5000 JavaThread "Daemon periodic checks" [_thread_blocked, id=1700, stack(0x0000003acc200000,0x0000003acc300000)]
  0x0000015dd72d4800 JavaThread "Daemon" [_thread_blocked, id=4344, stack(0x0000003acc300000,0x0000003acc400000)]
  0x0000015dd72d7000 JavaThread "Daemon worker" [_thread_blocked, id=1076, stack(0x0000003acc600000,0x0000003acc700000)]
  0x0000015dd71e9000 JavaThread "Cache worker for journal cache (C:\Users\giorgi\.gradle\caches\journal-1)" [_thread_blocked, id=6308, stack(0x0000003acc700000,0x0000003acc800000)]
  0x0000015dd71e7800 JavaThread "File lock request listener" [_thread_in_native, id=2680, stack(0x0000003accd00000,0x0000003acce00000)]
  0x0000015dd71e8800 JavaThread "Cache worker for file hash cache (C:\Users\giorgi\.gradle\caches\7.2\fileHashes)" [_thread_blocked, id=4472, stack(0x0000003acce00000,0x0000003accf00000)]
  0x0000015dd71ea800 JavaThread "File watcher server" daemon [_thread_in_native, id=916, stack(0x0000003acd100000,0x0000003acd200000)]
  0x0000015dd71eb800 JavaThread "File watcher consumer" daemon [_thread_blocked, id=3700, stack(0x0000003acd200000,0x0000003acd300000)]
  0x0000015dd71ec800 JavaThread "Cache worker for execution history cache (C:\Users\giorgi\.gradle\caches\7.2\executionHistory)" [_thread_blocked, id=1592, stack(0x0000003acd400000,0x0000003acd500000)]
  0x0000015dd71ed000 JavaThread "jar transforms" [_thread_blocked, id=4140, stack(0x0000003acd700000,0x0000003acd800000)]
  0x0000015dd71ee000 JavaThread "Cache worker for file content cache (C:\Users\giorgi\.gradle\caches\7.2\fileContent)" [_thread_blocked, id=1244, stack(0x0000003acd800000,0x0000003acd900000)]
  0x0000015dd71f3000 JavaThread "jar transforms Thread 2" [_thread_blocked, id=800, stack(0x0000003acd900000,0x0000003acda00000)]
  0x0000015dd71ef000 JavaThread "jar transforms Thread 3" [_thread_blocked, id=6744, stack(0x0000003acd600000,0x0000003acd700000)]
  0x0000015dd76b6000 JavaThread "jar transforms Thread 4" [_thread_blocked, id=6668, stack(0x0000003ad0400000,0x0000003ad0500000)]
  0x0000015dd76b0800 JavaThread "Memory manager" [_thread_blocked, id=1960, stack(0x0000003ad0500000,0x0000003ad0600000)]
  0x0000015dd71e6000 JavaThread "Handler for socket connection from /127.0.0.1:50162 to /127.0.0.1:50168" [_thread_in_native, id=1252, stack(0x0000003acac00000,0x0000003acad00000)]
  0x0000015dd71e6800 JavaThread "Cancel handler" [_thread_blocked, id=2640, stack(0x0000003acc400000,0x0000003acc500000)]
  0x0000015dd71ef800 JavaThread "Asynchronous log dispatcher for DefaultDaemonConnection: socket connection from /127.0.0.1:50162 to /127.0.0.1:50168" [_thread_blocked, id=2028, stack(0x0000003acc500000,0x0000003acc600000)]
  0x0000015dd71ea000 JavaThread "Stdin handler" [_thread_blocked, id=5460, stack(0x0000003acc800000,0x0000003acc900000)]
  0x0000015dd71f4800 JavaThread "Daemon client event forwarder" [_thread_blocked, id=5292, stack(0x0000003acc900000,0x0000003acca00000)]
  0x0000015dd71f2000 JavaThread "Cache worker for file hash cache (C:\Users\giorgi\StudioProjects\altaapp\.gradle\7.2\fileHashes)" [_thread_blocked, id=4880, stack(0x0000003acca00000,0x0000003accb00000)]
  0x0000015dd71f1800 JavaThread "Cache worker for checksums cache (C:\Users\giorgi\StudioProjects\altaapp\.gradle\checksums)" [_thread_blocked, id=5360, stack(0x0000003accf00000,0x0000003acd000000)]
  0x0000015dd76b7000 JavaThread "Cache worker for cache directory md-supplier (C:\Users\giorgi\.gradle\caches\7.2\md-supplier)" [_thread_blocked, id=4836, stack(0x0000003acd000000,0x0000003acd100000)]
  0x0000015dd76b5800 JavaThread "Cache worker for cache directory md-rule (C:\Users\giorgi\.gradle\caches\7.2\md-rule)" [_thread_blocked, id=1180, stack(0x0000003acd300000,0x0000003acd400000)]
  0x0000015dd76b1800 JavaThread "Cache worker for dependencies-accessors (C:\Users\giorgi\StudioProjects\altaapp\.gradle\7.2\dependencies-accessors)" [_thread_blocked, id=2360, stack(0x0000003acd500000,0x0000003acd600000)]
  0x0000015dd76b2000 JavaThread "Cache worker for Build Output Cleanup Cache (C:\Users\giorgi\StudioProjects\altaapp\.gradle\buildOutputCleanup)" [_thread_blocked, id=328, stack(0x0000003acda00000,0x0000003acdb00000)]
  0x0000015dd76b4000 JavaThread "Unconstrained build operations" [_thread_blocked, id=1384, stack(0x0000003acdc00000,0x0000003acdd00000)]
  0x0000015dd76b4800 JavaThread "Unconstrained build operations Thread 2" [_thread_blocked, id=5232, stack(0x0000003acdd00000,0x0000003acde00000)]
  0x0000015dd72d1000 JavaThread "Unconstrained build operations Thread 3" [_thread_blocked, id=6572, stack(0x0000003acde00000,0x0000003acdf00000)]
  0x0000015dd72d2800 JavaThread "Unconstrained build operations Thread 4" [_thread_blocked, id=4444, stack(0x0000003acdf00000,0x0000003ace000000)]
  0x0000015dd72d0800 JavaThread "Unconstrained build operations Thread 5" [_thread_blocked, id=5680, stack(0x0000003ace000000,0x0000003ace100000)]
  0x0000015dd72d3800 JavaThread "Unconstrained build operations Thread 6" [_thread_blocked, id=6656, stack(0x0000003ace100000,0x0000003ace200000)]
  0x0000015dd7fb1800 JavaThread "Unconstrained build operations Thread 7" [_thread_blocked, id=3196, stack(0x0000003ace200000,0x0000003ace300000)]
  0x0000015dd7fb4000 JavaThread "Unconstrained build operations Thread 8" [_thread_blocked, id=120, stack(0x0000003ace300000,0x0000003ace400000)]
  0x0000015dd7fb2800 JavaThread "Unconstrained build operations Thread 9" [_thread_blocked, id=4888, stack(0x0000003ace400000,0x0000003ace500000)]
  0x0000015dd7fb3000 JavaThread "Unconstrained build operations Thread 10" [_thread_blocked, id=5116, stack(0x0000003ace500000,0x0000003ace600000)]
  0x0000015dd7fae000 JavaThread "Unconstrained build operations Thread 11" [_thread_blocked, id=4804, stack(0x0000003ace600000,0x0000003ace700000)]
  0x0000015dd7fb5000 JavaThread "Unconstrained build operations Thread 12" [_thread_blocked, id=1292, stack(0x0000003ace700000,0x0000003ace800000)]
  0x0000015dd7faf000 JavaThread "Unconstrained build operations Thread 13" [_thread_blocked, id=1128, stack(0x0000003ace800000,0x0000003ace900000)]
  0x0000015dd7fb0000 JavaThread "Unconstrained build operations Thread 14" [_thread_blocked, id=2596, stack(0x0000003ace900000,0x0000003acea00000)]
  0x0000015dd7fb5800 JavaThread "Unconstrained build operations Thread 15" [_thread_blocked, id=4644, stack(0x0000003acea00000,0x0000003aceb00000)]
  0x0000015dd7fb6800 JavaThread "Unconstrained build operations Thread 16" [_thread_blocked, id=6640, stack(0x0000003aceb00000,0x0000003acec00000)]
  0x0000015dd7fb0800 JavaThread "Unconstrained build operations Thread 17" [_thread_blocked, id=3704, stack(0x0000003acec00000,0x0000003aced00000)]
  0x0000015dd7fbc000 JavaThread "Unconstrained build operations Thread 18" [_thread_blocked, id=4116, stack(0x0000003aced00000,0x0000003acee00000)]
  0x0000015dd7fb7000 JavaThread "Unconstrained build operations Thread 19" [_thread_blocked, id=464, stack(0x0000003acee00000,0x0000003acef00000)]
  0x0000015dd7fba800 JavaThread "Unconstrained build operations Thread 20" [_thread_blocked, id=2308, stack(0x0000003acef00000,0x0000003acf000000)]
  0x0000015dd7fbb800 JavaThread "Unconstrained build operations Thread 21" [_thread_blocked, id=4684, stack(0x0000003acf000000,0x0000003acf100000)]
  0x0000015dd7fb8000 JavaThread "Unconstrained build operations Thread 22" [_thread_blocked, id=3948, stack(0x0000003acf100000,0x0000003acf200000)]
  0x0000015dd7fb9000 JavaThread "Unconstrained build operations Thread 23" [_thread_blocked, id=1624, stack(0x0000003acf200000,0x0000003acf300000)]
  0x0000015dd7fb9800 JavaThread "Unconstrained build operations Thread 24" [_thread_blocked, id=6452, stack(0x0000003acf300000,0x0000003acf400000)]
  0x0000015dd7fbd000 JavaThread "Unconstrained build operations Thread 25" [_thread_blocked, id=4960, stack(0x0000003acf400000,0x0000003acf500000)]
  0x0000015dda6eb000 JavaThread "Unconstrained build operations Thread 26" [_thread_blocked, id=4448, stack(0x0000003acf500000,0x0000003acf600000)]
  0x0000015dda6f0000 JavaThread "Unconstrained build operations Thread 27" [_thread_blocked, id=5084, stack(0x0000003acf600000,0x0000003acf700000)]
  0x0000015dda6ea000 JavaThread "Unconstrained build operations Thread 28" [_thread_blocked, id=724, stack(0x0000003acf700000,0x0000003acf800000)]
  0x0000015dda6ec800 JavaThread "Unconstrained build operations Thread 29" [_thread_blocked, id=1036, stack(0x0000003acf800000,0x0000003acf900000)]
  0x0000015dda6f0800 JavaThread "Unconstrained build operations Thread 30" [_thread_blocked, id=5564, stack(0x0000003acf900000,0x0000003acfa00000)]
  0x0000015dda6ed800 JavaThread "Unconstrained build operations Thread 31" [_thread_blocked, id=3260, stack(0x0000003acfa00000,0x0000003acfb00000)]
  0x0000015dda6ee000 JavaThread "Unconstrained build operations Thread 32" [_thread_blocked, id=5592, stack(0x0000003acfb00000,0x0000003acfc00000)]
  0x0000015dda6f1800 JavaThread "Unconstrained build operations Thread 33" [_thread_blocked, id=3500, stack(0x0000003acfc00000,0x0000003acfd00000)]
  0x0000015dda6eb800 JavaThread "Unconstrained build operations Thread 34" [_thread_blocked, id=6392, stack(0x0000003acfd00000,0x0000003acfe00000)]
  0x0000015dda6f2800 JavaThread "Unconstrained build operations Thread 35" [_thread_blocked, id=6904, stack(0x0000003acfe00000,0x0000003acff00000)]
  0x0000015dda6ef000 JavaThread "Unconstrained build operations Thread 36" [_thread_blocked, id=5632, stack(0x0000003acff00000,0x0000003ad0000000)]
  0x0000015dda6f4800 JavaThread "Unconstrained build operations Thread 37" [_thread_blocked, id=6664, stack(0x0000003ad0000000,0x0000003ad0100000)]
  0x0000015dda6f3000 JavaThread "Unconstrained build operations Thread 38" [_thread_blocked, id=1684, stack(0x0000003ad0100000,0x0000003ad0200000)]
  0x0000015dda6f9000 JavaThread "Unconstrained build operations Thread 39" [_thread_blocked, id=2428, stack(0x0000003ad0200000,0x0000003ad0300000)]
  0x0000015dda6f6800 JavaThread "Unconstrained build operations Thread 40" [_thread_blocked, id=1352, stack(0x0000003ad0300000,0x0000003ad0400000)]
  0x0000015dda6f4000 JavaThread "build event listener" [_thread_blocked, id=4672, stack(0x0000003acdb00000,0x0000003acdc00000)]
  0x0000015dda6f8000 JavaThread "Execution worker for ':'" [_thread_blocked, id=4172, stack(0x0000003ad0600000,0x0000003ad0700000)]
  0x0000015dd7eed800 JavaThread "Execution worker for ':' Thread 2" [_thread_blocked, id=4000, stack(0x0000003ad0700000,0x0000003ad0800000)]
  0x0000015dd7ef1000 JavaThread "Execution worker for ':' Thread 3" [_thread_blocked, id=4760, stack(0x0000003ad0800000,0x0000003ad0900000)]
  0x0000015dd7eef000 JavaThread "Cache worker for execution history cache (C:\Users\giorgi\StudioProjects\altaapp\.gradle\7.2\executionHistory)" [_thread_blocked, id=6576, stack(0x0000003ad0900000,0x0000003ad0a00000)]
  0x0000015dd7eec000 JavaThread "WorkerExecutor Queue" [_thread_blocked, id=4156, stack(0x0000003acab00000,0x0000003acac00000)]
  0x0000015dd7eec800 JavaThread "WorkerExecutor Queue Thread 2" [_thread_blocked, id=3180, stack(0x0000003acad00000,0x0000003acae00000)]
  0x0000015dd7eeb000 JavaThread "WorkerExecutor Queue Thread 3" [_thread_in_native, id=2992, stack(0x0000003ad0c00000,0x0000003ad0d00000)]
  0x0000015dd7ef4000 JavaThread "WorkerExecutor Queue Thread 4" [_thread_blocked, id=4232, stack(0x0000003ad0d00000,0x0000003ad0e00000)]
  0x0000015dd7ef1800 JavaThread "pool-4-thread-1" [_thread_blocked, id=3088, stack(0x0000003ad0f00000,0x0000003ad1000000)]
  0x0000015dd7eee800 JavaThread "stderr" [_thread_in_native, id=5004, stack(0x0000003ad1000000,0x0000003ad1100000)]
  0x0000015dd7ef0000 JavaThread "stdout" [_thread_in_native, id=1928, stack(0x0000003ad1100000,0x0000003ad1200000)]
  0x0000015dd7ef6800 JavaThread "ForkJoinPool-1-worker-3" daemon [_thread_blocked, id=6516, stack(0x0000003ad1200000,0x0000003ad1300000)]
  0x0000015dd7ef8000 JavaThread "ForkJoinPool-1-worker-5" daemon [_thread_blocked, id=3764, stack(0x0000003ad1300000,0x0000003ad1400000)]
  0x0000015dd7ef2800 JavaThread "ForkJoinPool-1-worker-7" daemon [_thread_blocked, id=4076, stack(0x0000003ad1400000,0x0000003ad1500000)]
  0x0000015dd7ef5800 JavaThread "ForkJoinPool-1-worker-1" daemon [_thread_blocked, id=5392, stack(0x0000003ad1500000,0x0000003ad1600000)]

Other Threads:
  0x0000015dd44a2800 VMThread "VM Thread" [stack: 0x0000003acb400000,0x0000003acb500000] [id=5948]
  0x0000015dd4fa3000 WatcherThread [stack: 0x0000003acbe00000,0x0000003acbf00000] [id=6856]
  0x0000015dba183800 GCTaskThread "GC Thread#0" [stack: 0x0000003acaf00000,0x0000003acb000000] [id=5868]
  0x0000015dd5a9d000 GCTaskThread "GC Thread#1" [stack: 0x0000003acc000000,0x0000003acc100000] [id=6172]
  0x0000015dd6661800 GCTaskThread "GC Thread#2" [stack: 0x0000003accb00000,0x0000003accc00000] [id=5212]
  0x0000015dd5ccf000 GCTaskThread "GC Thread#3" [stack: 0x0000003accc00000,0x0000003accd00000] [id=3496]
  0x0000015dba1b5800 ConcurrentGCThread "G1 Main Marker" [stack: 0x0000003acb000000,0x0000003acb100000] [id=5168]
  0x0000015dba1b7000 ConcurrentGCThread "G1 Conc#0" [stack: 0x0000003acb100000,0x0000003acb200000] [id=4040]
  0x0000015dba20e800 ConcurrentGCThread "G1 Refine#0" [stack: 0x0000003acb200000,0x0000003acb300000] [id=4404]
  0x0000015ddaec0000 ConcurrentGCThread "G1 Refine#1" [stack: 0x0000003ad1600000,0x0000003ad1700000] [id=6168]
  0x0000015dba20f800 ConcurrentGCThread "G1 Young RemSet Sampling" [stack: 0x0000003acb300000,0x0000003acb400000] [id=6928]

Threads with active compile tasks:
C2 CompilerThread0 102231 15800       4       com.android.tools.r8.code.x1::a (4130 bytes)

VM state:not at safepoint (normal execution)

VM Mutex/Monitor currently owned by a thread: None

Heap address: 0x0000000080000000, size: 2048 MB, Compressed Oops mode: 32-bit
Narrow klass base: 0x0000000000000000, Narrow klass shift: 3
Compressed class space size: 1073741824 Address: 0x0000000100000000

Heap:
 garbage-first heap   total 274432K, used 222208K [0x0000000080000000, 0x0000000100000000)
  region size 1024K, 15 young (15360K), 4 survivors (4096K)
 Metaspace       used 107400K, capacity 109935K, committed 110284K, reserved 1144832K
  class space    used 13556K, capacity 14441K, committed 14540K, reserved 1048576K
Heap Regions: E=young(eden), S=young(survivor), O=old, HS=humongous(starts), HC=humongous(continues), CS=collection set, F=free, A=archive, TAMS=top-at-mark-start (previous, next)
|   0|0x0000000080000000, 0x0000000080100000, 0x0000000080100000|100%| O|  |TAMS 0x0000000080100000, 0x0000000080000000| Updating 
|   1|0x0000000080100000, 0x0000000080200000, 0x0000000080200000|100%| O|  |TAMS 0x0000000080200000, 0x0000000080100000| Updating 
|   2|0x0000000080200000, 0x0000000080300000, 0x0000000080300000|100%| O|  |TAMS 0x0000000080300000, 0x0000000080200000| Updating 
|   3|0x0000000080300000, 0x0000000080400000, 0x0000000080400000|100%|HS|  |TAMS 0x0000000080400000, 0x0000000080300000| Complete 
|   4|0x0000000080400000, 0x0000000080500000, 0x0000000080500000|100%|HC|  |TAMS 0x0000000080500000, 0x0000000080400000| Complete 
|   5|0x0000000080500000, 0x0000000080600000, 0x0000000080600000|100%|HC|  |TAMS 0x0000000080600000, 0x0000000080500000| Complete 
|   6|0x0000000080600000, 0x0000000080700000, 0x0000000080700000|100%| O|  |TAMS 0x0000000080700000, 0x0000000080600000| Updating 
|   7|0x0000000080700000, 0x0000000080800000, 0x0000000080800000|100%| O|  |TAMS 0x0000000080800000, 0x0000000080700000| Updating 
|   8|0x0000000080800000, 0x0000000080900000, 0x0000000080900000|100%| O|  |TAMS 0x0000000080900000, 0x0000000080800000| Updating 
|   9|0x0000000080900000, 0x0000000080a00000, 0x0000000080a00000|100%| O|  |TAMS 0x0000000080a00000, 0x0000000080900000| Updating 
|  10|0x0000000080a00000, 0x0000000080b00000, 0x0000000080b00000|100%| O|  |TAMS 0x0000000080b00000, 0x0000000080a00000| Updating 
|  11|0x0000000080b00000, 0x0000000080c00000, 0x0000000080c00000|100%| O|  |TAMS 0x0000000080c00000, 0x0000000080b00000| Updating 
|  12|0x0000000080c00000, 0x0000000080d00000, 0x0000000080d00000|100%| O|  |TAMS 0x0000000080d00000, 0x0000000080c00000| Updating 
|  13|0x0000000080d00000, 0x0000000080e00000, 0x0000000080e00000|100%| O|  |TAMS 0x0000000080e00000, 0x0000000080d00000| Updating 
|  14|0x0000000080e00000, 0x0000000080f00000, 0x0000000080f00000|100%| O|  |TAMS 0x0000000080f00000, 0x0000000080e00000| Updating 
|  15|0x0000000080f00000, 0x0000000081000000, 0x0000000081000000|100%| O|  |TAMS 0x0000000081000000, 0x0000000080f00000| Updating 
|  16|0x0000000081000000, 0x0000000081100000, 0x0000000081100000|100%| O|  |TAMS 0x0000000081100000, 0x0000000081000000| Updating 
|  17|0x0000000081100000, 0x0000000081200000, 0x0000000081200000|100%| O|  |TAMS 0x0000000081200000, 0x0000000081100000| Updating 
|  18|0x0000000081200000, 0x0000000081300000, 0x0000000081300000|100%| O|  |TAMS 0x0000000081300000, 0x0000000081200000| Updating 
|  19|0x0000000081300000, 0x0000000081400000, 0x0000000081400000|100%| O|  |TAMS 0x0000000081400000, 0x0000000081300000| Updating 
|  20|0x0000000081400000, 0x0000000081500000, 0x0000000081500000|100%| O|  |TAMS 0x0000000081500000, 0x0000000081400000| Updating 
|  21|0x0000000081500000, 0x0000000081600000, 0x0000000081600000|100%| O|  |TAMS 0x0000000081600000, 0x0000000081500000| Updating 
|  22|0x0000000081600000, 0x0000000081700000, 0x0000000081700000|100%| O|  |TAMS 0x0000000081700000, 0x0000000081600000| Updating 
|  23|0x0000000081700000, 0x0000000081800000, 0x0000000081800000|100%| O|  |TAMS 0x0000000081800000, 0x0000000081700000| Updating 
|  24|0x0000000081800000, 0x0000000081900000, 0x0000000081900000|100%| O|  |TAMS 0x0000000081900000, 0x0000000081800000| Updating 
|  25|0x0000000081900000, 0x0000000081a00000, 0x0000000081a00000|100%| O|  |TAMS 0x0000000081a00000, 0x0000000081900000| Updating 
|  26|0x0000000081a00000, 0x0000000081b00000, 0x0000000081b00000|100%| O|  |TAMS 0x0000000081b00000, 0x0000000081a00000| Updating 
|  27|0x0000000081b00000, 0x0000000081c00000, 0x0000000081c00000|100%| O|  |TAMS 0x0000000081c00000, 0x0000000081b00000| Updating 
|  28|0x0000000081c00000, 0x0000000081d00000, 0x0000000081d00000|100%|HS|  |TAMS 0x0000000081d00000, 0x0000000081c00000| Complete 
|  29|0x0000000081d00000, 0x0000000081e00000, 0x0000000081e00000|100%|HS|  |TAMS 0x0000000081e00000, 0x0000000081d00000| Complete 
|  30|0x0000000081e00000, 0x0000000081f00000, 0x0000000081f00000|100%|HS|  |TAMS 0x0000000081f00000, 0x0000000081e00000| Complete 
|  31|0x0000000081f00000, 0x0000000082000000, 0x0000000082000000|100%|HS|  |TAMS 0x0000000082000000, 0x0000000081f00000| Complete 
|  32|0x0000000082000000, 0x0000000082100000, 0x0000000082100000|100%|HS|  |TAMS 0x0000000082100000, 0x0000000082000000| Complete 
|  33|0x0000000082100000, 0x0000000082200000, 0x0000000082200000|100%|HC|  |TAMS 0x0000000082200000, 0x0000000082100000| Complete 
|  34|0x0000000082200000, 0x0000000082300000, 0x0000000082300000|100%|HC|  |TAMS 0x0000000082300000, 0x0000000082200000| Complete 
|  35|0x0000000082300000, 0x0000000082400000, 0x0000000082400000|100%|HS|  |TAMS 0x0000000082400000, 0x0000000082300000| Complete 
|  36|0x0000000082400000, 0x0000000082500000, 0x0000000082500000|100%|HC|  |TAMS 0x0000000082500000, 0x0000000082400000| Complete 
|  37|0x0000000082500000, 0x0000000082600000, 0x0000000082600000|100%| O|  |TAMS 0x0000000082600000, 0x0000000082500000| Updating 
|  38|0x0000000082600000, 0x0000000082700000, 0x0000000082700000|100%| O|  |TAMS 0x0000000082700000, 0x0000000082600000| Updating 
|  39|0x0000000082700000, 0x0000000082800000, 0x0000000082800000|100%| O|  |TAMS 0x0000000082800000, 0x0000000082700000| Updating 
|  40|0x0000000082800000, 0x0000000082900000, 0x0000000082900000|100%| O|  |TAMS 0x0000000082900000, 0x0000000082800000| Updating 
|  41|0x0000000082900000, 0x0000000082a00000, 0x0000000082a00000|100%| O|  |TAMS 0x0000000082a00000, 0x0000000082900000| Updating 
|  42|0x0000000082a00000, 0x0000000082b00000, 0x0000000082b00000|100%| O|  |TAMS 0x0000000082b00000, 0x0000000082a00000| Updating 
|  43|0x0000000082b00000, 0x0000000082c00000, 0x0000000082c00000|100%| O|  |TAMS 0x0000000082c00000, 0x0000000082b00000| Updating 
|  44|0x0000000082c00000, 0x0000000082d00000, 0x0000000082d00000|100%| O|  |TAMS 0x0000000082d00000, 0x0000000082c00000| Updating 
|  45|0x0000000082d00000, 0x0000000082e00000, 0x0000000082e00000|100%| O|  |TAMS 0x0000000082e00000, 0x0000000082d00000| Updating 
|  46|0x0000000082e00000, 0x0000000082f00000, 0x0000000082f00000|100%| O|  |TAMS 0x0000000082f00000, 0x0000000082e00000| Updating 
|  47|0x0000000082f00000, 0x0000000083000000, 0x0000000083000000|100%| O|  |TAMS 0x0000000083000000, 0x0000000082f00000| Updating 
|  48|0x0000000083000000, 0x0000000083100000, 0x0000000083100000|100%| O|  |TAMS 0x0000000083100000, 0x0000000083000000| Updating 
|  49|0x0000000083100000, 0x0000000083200000, 0x0000000083200000|100%| O|  |TAMS 0x0000000083200000, 0x0000000083100000| Updating 
|  50|0x0000000083200000, 0x0000000083300000, 0x0000000083300000|100%| O|  |TAMS 0x0000000083300000, 0x0000000083200000| Updating 
|  51|0x0000000083300000, 0x0000000083400000, 0x0000000083400000|100%| O|  |TAMS 0x0000000083400000, 0x0000000083300000| Updating 
|  52|0x0000000083400000, 0x0000000083500000, 0x0000000083500000|100%| O|  |TAMS 0x0000000083500000, 0x0000000083400000| Updating 
|  53|0x0000000083500000, 0x0000000083600000, 0x0000000083600000|100%|HS|  |TAMS 0x0000000083600000, 0x0000000083500000| Complete 
|  54|0x0000000083600000, 0x0000000083700000, 0x0000000083700000|100%| O|  |TAMS 0x0000000083700000, 0x0000000083600000| Updating 
|  55|0x0000000083700000, 0x0000000083800000, 0x0000000083800000|100%| O|  |TAMS 0x0000000083800000, 0x0000000083700000| Updating 
|  56|0x0000000083800000, 0x0000000083900000, 0x0000000083900000|100%| O|  |TAMS 0x0000000083900000, 0x0000000083800000| Updating 
|  57|0x0000000083900000, 0x0000000083a00000, 0x0000000083a00000|100%| O|  |TAMS 0x0000000083a00000, 0x0000000083900000| Updating 
|  58|0x0000000083a00000, 0x0000000083b00000, 0x0000000083b00000|100%| O|  |TAMS 0x0000000083b00000, 0x0000000083a00000| Updating 
|  59|0x0000000083b00000, 0x0000000083c00000, 0x0000000083c00000|100%| O|  |TAMS 0x0000000083c00000, 0x0000000083b00000| Updating 
|  60|0x0000000083c00000, 0x0000000083d00000, 0x0000000083d00000|100%| O|  |TAMS 0x0000000083d00000, 0x0000000083c00000| Updating 
|  61|0x0000000083d00000, 0x0000000083e00000, 0x0000000083e00000|100%| O|  |TAMS 0x0000000083e00000, 0x0000000083d00000| Updating 
|  62|0x0000000083e00000, 0x0000000083f00000, 0x0000000083f00000|100%| O|  |TAMS 0x0000000083f00000, 0x0000000083e00000| Updating 
|  63|0x0000000083f00000, 0x0000000084000000, 0x0000000084000000|100%| O|  |TAMS 0x0000000084000000, 0x0000000083f00000| Updating 
|  64|0x0000000084000000, 0x0000000084100000, 0x0000000084100000|100%| O|  |TAMS 0x0000000084100000, 0x0000000084000000| Updating 
|  65|0x0000000084100000, 0x0000000084200000, 0x0000000084200000|100%| O|  |TAMS 0x0000000084200000, 0x0000000084100000| Updating 
|  66|0x0000000084200000, 0x0000000084300000, 0x0000000084300000|100%| O|  |TAMS 0x0000000084300000, 0x0000000084200000| Updating 
|  67|0x0000000084300000, 0x0000000084400000, 0x0000000084400000|100%| O|  |TAMS 0x0000000084400000, 0x0000000084300000| Updating 
|  68|0x0000000084400000, 0x0000000084500000, 0x0000000084500000|100%| O|  |TAMS 0x0000000084500000, 0x0000000084400000| Updating 
|  69|0x0000000084500000, 0x0000000084600000, 0x0000000084600000|100%| O|  |TAMS 0x0000000084600000, 0x0000000084500000| Updating 
|  70|0x0000000084600000, 0x0000000084700000, 0x0000000084700000|100%| O|  |TAMS 0x0000000084700000, 0x0000000084600000| Updating 
|  71|0x0000000084700000, 0x0000000084800000, 0x0000000084800000|100%| O|  |TAMS 0x0000000084800000, 0x0000000084700000| Updating 
|  72|0x0000000084800000, 0x0000000084900000, 0x0000000084900000|100%| O|  |TAMS 0x0000000084900000, 0x0000000084800000| Updating 
|  73|0x0000000084900000, 0x0000000084a00000, 0x0000000084a00000|100%| O|  |TAMS 0x0000000084a00000, 0x0000000084900000| Updating 
|  74|0x0000000084a00000, 0x0000000084b00000, 0x0000000084b00000|100%| O|  |TAMS 0x0000000084b00000, 0x0000000084a00000| Updating 
|  75|0x0000000084b00000, 0x0000000084c00000, 0x0000000084c00000|100%| O|  |TAMS 0x0000000084c00000, 0x0000000084b00000| Updating 
|  76|0x0000000084c00000, 0x0000000084d00000, 0x0000000084d00000|100%| O|  |TAMS 0x0000000084d00000, 0x0000000084c00000| Updating 
|  77|0x0000000084d00000, 0x0000000084e00000, 0x0000000084e00000|100%| O|  |TAMS 0x0000000084e00000, 0x0000000084d00000| Updating 
|  78|0x0000000084e00000, 0x0000000084f00000, 0x0000000084f00000|100%| O|  |TAMS 0x0000000084f00000, 0x0000000084e00000| Updating 
|  79|0x0000000084f00000, 0x0000000085000000, 0x0000000085000000|100%| O|  |TAMS 0x0000000085000000, 0x0000000084f00000| Updating 
|  80|0x0000000085000000, 0x0000000085100000, 0x0000000085100000|100%| O|  |TAMS 0x0000000085100000, 0x0000000085000000| Updating 
|  81|0x0000000085100000, 0x0000000085200000, 0x0000000085200000|100%| O|  |TAMS 0x0000000085200000, 0x0000000085100000| Updating 
|  82|0x0000000085200000, 0x0000000085300000, 0x0000000085300000|100%| O|  |TAMS 0x0000000085300000, 0x0000000085200000| Updating 
|  83|0x0000000085300000, 0x0000000085400000, 0x0000000085400000|100%| O|  |TAMS 0x0000000085400000, 0x0000000085300000| Updating 
|  84|0x0000000085400000, 0x0000000085500000, 0x0000000085500000|100%| O|  |TAMS 0x0000000085500000, 0x0000000085400000| Updating 
|  85|0x0000000085500000, 0x0000000085600000, 0x0000000085600000|100%| O|  |TAMS 0x0000000085600000, 0x0000000085500000| Updating 
|  86|0x0000000085600000, 0x0000000085700000, 0x0000000085700000|100%|HS|  |TAMS 0x0000000085700000, 0x0000000085600000| Complete 
|  87|0x0000000085700000, 0x0000000085800000, 0x0000000085800000|100%|HC|  |TAMS 0x0000000085800000, 0x0000000085700000| Complete 
|  88|0x0000000085800000, 0x0000000085900000, 0x0000000085900000|100%| O|  |TAMS 0x0000000085900000, 0x0000000085800000| Updating 
|  89|0x0000000085900000, 0x0000000085a00000, 0x0000000085a00000|100%|HS|  |TAMS 0x0000000085a00000, 0x0000000085900000| Complete 
|  90|0x0000000085a00000, 0x0000000085b00000, 0x0000000085b00000|100%|HC|  |TAMS 0x0000000085b00000, 0x0000000085a00000| Complete 
|  91|0x0000000085b00000, 0x0000000085c00000, 0x0000000085c00000|100%| O|  |TAMS 0x0000000085c00000, 0x0000000085b00000| Updating 
|  92|0x0000000085c00000, 0x0000000085d00000, 0x0000000085d00000|100%|HS|  |TAMS 0x0000000085d00000, 0x0000000085c00000| Complete 
|  93|0x0000000085d00000, 0x0000000085e00000, 0x0000000085e00000|100%| O|  |TAMS 0x0000000085e00000, 0x0000000085d00000| Updating 
|  94|0x0000000085e00000, 0x0000000085f00000, 0x0000000085f00000|100%|HS|  |TAMS 0x0000000085f00000, 0x0000000085e00000| Complete 
|  95|0x0000000085f00000, 0x0000000086000000, 0x0000000086000000|100%|HS|  |TAMS 0x0000000086000000, 0x0000000085f00000| Complete 
|  96|0x0000000086000000, 0x0000000086100000, 0x0000000086100000|100%|HS|  |TAMS 0x0000000086100000, 0x0000000086000000| Complete 
|  97|0x0000000086100000, 0x0000000086200000, 0x0000000086200000|100%|HC|  |TAMS 0x0000000086200000, 0x0000000086100000| Complete 
|  98|0x0000000086200000, 0x0000000086300000, 0x0000000086300000|100%|HC|  |TAMS 0x0000000086300000, 0x0000000086200000| Complete 
|  99|0x0000000086300000, 0x0000000086400000, 0x0000000086400000|100%| O|  |TAMS 0x0000000086400000, 0x0000000086300000| Updating 
| 100|0x0000000086400000, 0x0000000086500000, 0x0000000086500000|100%| O|  |TAMS 0x0000000086500000, 0x0000000086400000| Updating 
| 101|0x0000000086500000, 0x0000000086600000, 0x0000000086600000|100%|HS|  |TAMS 0x0000000086600000, 0x0000000086500000| Complete 
| 102|0x0000000086600000, 0x0000000086700000, 0x0000000086700000|100%|HC|  |TAMS 0x0000000086700000, 0x0000000086600000| Complete 
| 103|0x0000000086700000, 0x0000000086800000, 0x0000000086800000|100%| O|  |TAMS 0x0000000086800000, 0x0000000086700000| Updating 
| 104|0x0000000086800000, 0x0000000086900000, 0x0000000086900000|100%|HS|  |TAMS 0x0000000086900000, 0x0000000086800000| Complete 
| 105|0x0000000086900000, 0x0000000086a00000, 0x0000000086a00000|100%| O|  |TAMS 0x0000000086a00000, 0x0000000086900000| Updating 
| 106|0x0000000086a00000, 0x0000000086b00000, 0x0000000086b00000|100%| O|  |TAMS 0x0000000086b00000, 0x0000000086a00000| Updating 
| 107|0x0000000086b00000, 0x0000000086c00000, 0x0000000086c00000|100%| O|  |TAMS 0x0000000086c00000, 0x0000000086b00000| Updating 
| 108|0x0000000086c00000, 0x0000000086d00000, 0x0000000086d00000|100%| O|  |TAMS 0x0000000086d00000, 0x0000000086c00000| Updating 
| 109|0x0000000086d00000, 0x0000000086e00000, 0x0000000086e00000|100%| O|  |TAMS 0x0000000086e00000, 0x0000000086d00000| Updating 
| 110|0x0000000086e00000, 0x0000000086f00000, 0x0000000086f00000|100%| O|  |TAMS 0x0000000086f00000, 0x0000000086e00000| Updating 
| 111|0x0000000086f00000, 0x0000000087000000, 0x0000000087000000|100%|HS|  |TAMS 0x0000000087000000, 0x0000000086f00000| Complete 
| 112|0x0000000087000000, 0x0000000087100000, 0x0000000087100000|100%| O|  |TAMS 0x0000000087100000, 0x0000000087000000| Updating 
| 113|0x0000000087100000, 0x0000000087200000, 0x0000000087200000|100%| O|  |TAMS 0x0000000087200000, 0x0000000087100000| Updating 
| 114|0x0000000087200000, 0x0000000087300000, 0x0000000087300000|100%|HS|  |TAMS 0x0000000087300000, 0x0000000087200000| Complete 
| 115|0x0000000087300000, 0x0000000087400000, 0x0000000087400000|100%|HC|  |TAMS 0x0000000087400000, 0x0000000087300000| Complete 
| 116|0x0000000087400000, 0x0000000087500000, 0x0000000087500000|100%|HS|  |TAMS 0x0000000087500000, 0x0000000087400000| Complete 
| 117|0x0000000087500000, 0x0000000087600000, 0x0000000087600000|100%| O|  |TAMS 0x0000000087600000, 0x0000000087500000| Updating 
| 118|0x0000000087600000, 0x0000000087700000, 0x0000000087700000|100%|HS|  |TAMS 0x0000000087700000, 0x0000000087600000| Complete 
| 119|0x0000000087700000, 0x0000000087800000, 0x0000000087800000|100%| O|  |TAMS 0x0000000087800000, 0x0000000087700000| Updating 
| 120|0x0000000087800000, 0x0000000087900000, 0x0000000087900000|100%|HS|  |TAMS 0x0000000087900000, 0x0000000087800000| Complete 
| 121|0x0000000087900000, 0x0000000087a00000, 0x0000000087a00000|100%| O|  |TAMS 0x0000000087a00000, 0x0000000087900000| Updating 
| 122|0x0000000087a00000, 0x0000000087b00000, 0x0000000087b00000|100%| O|  |TAMS 0x0000000087b00000, 0x0000000087a00000| Updating 
| 123|0x0000000087b00000, 0x0000000087c00000, 0x0000000087c00000|100%| O|  |TAMS 0x0000000087c00000, 0x0000000087b00000| Updating 
| 124|0x0000000087c00000, 0x0000000087d00000, 0x0000000087d00000|100%|HS|  |TAMS 0x0000000087d00000, 0x0000000087c00000| Complete 
| 125|0x0000000087d00000, 0x0000000087e00000, 0x0000000087e00000|100%|HC|  |TAMS 0x0000000087e00000, 0x0000000087d00000| Complete 
| 126|0x0000000087e00000, 0x0000000087f00000, 0x0000000087f00000|100%|HC|  |TAMS 0x0000000087f00000, 0x0000000087e00000| Complete 
| 127|0x0000000087f00000, 0x0000000088000000, 0x0000000088000000|100%|HS|  |TAMS 0x0000000088000000, 0x0000000087f00000| Complete 
| 128|0x0000000088000000, 0x0000000088100000, 0x0000000088100000|100%| O|  |TAMS 0x0000000088100000, 0x0000000088000000| Updating 
| 129|0x0000000088100000, 0x0000000088200000, 0x0000000088200000|100%| O|  |TAMS 0x0000000088200000, 0x0000000088100000| Updating 
| 130|0x0000000088200000, 0x0000000088300000, 0x0000000088300000|100%| O|  |TAMS 0x0000000088300000, 0x0000000088200000| Updating 
| 131|0x0000000088300000, 0x0000000088400000, 0x0000000088400000|100%| O|  |TAMS 0x0000000088400000, 0x0000000088300000| Updating 
| 132|0x0000000088400000, 0x0000000088500000, 0x0000000088500000|100%| O|  |TAMS 0x0000000088500000, 0x0000000088400000| Updating 
| 133|0x0000000088500000, 0x0000000088600000, 0x0000000088600000|100%| O|  |TAMS 0x0000000088600000, 0x0000000088500000| Updating 
| 134|0x0000000088600000, 0x0000000088700000, 0x0000000088700000|100%| O|  |TAMS 0x0000000088700000, 0x0000000088600000| Updating 
| 135|0x0000000088700000, 0x0000000088800000, 0x0000000088800000|100%| O|  |TAMS 0x0000000088800000, 0x0000000088700000| Updating 
| 136|0x0000000088800000, 0x0000000088900000, 0x0000000088900000|100%| O|  |TAMS 0x0000000088900000, 0x0000000088800000| Updating 
| 137|0x0000000088900000, 0x0000000088a00000, 0x0000000088a00000|100%| O|  |TAMS 0x0000000088a00000, 0x0000000088900000| Updating 
| 138|0x0000000088a00000, 0x0000000088b00000, 0x0000000088b00000|100%| O|  |TAMS 0x0000000088b00000, 0x0000000088a00000| Updating 
| 139|0x0000000088b00000, 0x0000000088c00000, 0x0000000088c00000|100%| O|  |TAMS 0x0000000088c00000, 0x0000000088b00000| Updating 
| 140|0x0000000088c00000, 0x0000000088d00000, 0x0000000088d00000|100%| O|  |TAMS 0x0000000088d00000, 0x0000000088c00000| Updating 
| 141|0x0000000088d00000, 0x0000000088e00000, 0x0000000088e00000|100%| O|  |TAMS 0x0000000088e00000, 0x0000000088d00000| Updating 
| 142|0x0000000088e00000, 0x0000000088f00000, 0x0000000088f00000|100%| O|  |TAMS 0x0000000088f00000, 0x0000000088e00000| Updating 
| 143|0x0000000088f00000, 0x0000000089000000, 0x0000000089000000|100%| O|  |TAMS 0x0000000089000000, 0x0000000088f00000| Updating 
| 144|0x0000000089000000, 0x0000000089100000, 0x0000000089100000|100%| O|  |TAMS 0x0000000089100000, 0x0000000089000000| Updating 
| 145|0x0000000089100000, 0x0000000089200000, 0x0000000089200000|100%| O|  |TAMS 0x0000000089200000, 0x0000000089100000| Updating 
| 146|0x0000000089200000, 0x0000000089300000, 0x0000000089300000|100%| O|  |TAMS 0x0000000089300000, 0x0000000089200000| Updating 
| 147|0x0000000089300000, 0x0000000089400000, 0x0000000089400000|100%| O|  |TAMS 0x0000000089400000, 0x0000000089300000| Updating 
| 148|0x0000000089400000, 0x0000000089500000, 0x0000000089500000|100%| O|  |TAMS 0x0000000089500000, 0x0000000089400000| Updating 
| 149|0x0000000089500000, 0x0000000089600000, 0x0000000089600000|100%| O|  |TAMS 0x0000000089600000, 0x0000000089500000| Updating 
| 150|0x0000000089600000, 0x0000000089700000, 0x0000000089700000|100%| O|  |TAMS 0x0000000089700000, 0x0000000089600000| Updating 
| 151|0x0000000089700000, 0x0000000089800000, 0x0000000089800000|100%| O|  |TAMS 0x0000000089800000, 0x0000000089700000| Updating 
| 152|0x0000000089800000, 0x0000000089900000, 0x0000000089900000|100%| O|  |TAMS 0x0000000089900000, 0x0000000089800000| Updating 
| 153|0x0000000089900000, 0x0000000089a00000, 0x0000000089a00000|100%| O|  |TAMS 0x0000000089a00000, 0x0000000089900000| Updating 
| 154|0x0000000089a00000, 0x0000000089b00000, 0x0000000089b00000|100%| O|  |TAMS 0x0000000089b00000, 0x0000000089a00000| Updating 
| 155|0x0000000089b00000, 0x0000000089c00000, 0x0000000089c00000|100%| O|  |TAMS 0x0000000089c00000, 0x0000000089b00000| Updating 
| 156|0x0000000089c00000, 0x0000000089d00000, 0x0000000089d00000|100%| O|  |TAMS 0x0000000089d00000, 0x0000000089c00000| Updating 
| 157|0x0000000089d00000, 0x0000000089e00000, 0x0000000089e00000|100%| O|  |TAMS 0x0000000089e00000, 0x0000000089d00000| Updating 
| 158|0x0000000089e00000, 0x0000000089f00000, 0x0000000089f00000|100%| O|  |TAMS 0x0000000089f00000, 0x0000000089e00000| Updating 
| 159|0x0000000089f00000, 0x000000008a000000, 0x000000008a000000|100%| O|  |TAMS 0x000000008a000000, 0x0000000089f00000| Updating 
| 160|0x000000008a000000, 0x000000008a100000, 0x000000008a100000|100%| O|  |TAMS 0x000000008a100000, 0x000000008a000000| Updating 
| 161|0x000000008a100000, 0x000000008a200000, 0x000000008a200000|100%| O|  |TAMS 0x000000008a200000, 0x000000008a100000| Updating 
| 162|0x000000008a200000, 0x000000008a300000, 0x000000008a300000|100%| O|  |TAMS 0x000000008a300000, 0x000000008a200000| Updating 
| 163|0x000000008a300000, 0x000000008a400000, 0x000000008a400000|100%| O|  |TAMS 0x000000008a400000, 0x000000008a300000| Updating 
| 164|0x000000008a400000, 0x000000008a500000, 0x000000008a500000|100%| O|  |TAMS 0x000000008a500000, 0x000000008a400000| Updating 
| 165|0x000000008a500000, 0x000000008a600000, 0x000000008a600000|100%| O|  |TAMS 0x000000008a600000, 0x000000008a500000| Updating 
| 166|0x000000008a600000, 0x000000008a700000, 0x000000008a700000|100%| O|  |TAMS 0x000000008a700000, 0x000000008a600000| Updating 
| 167|0x000000008a700000, 0x000000008a800000, 0x000000008a800000|100%| O|  |TAMS 0x000000008a800000, 0x000000008a700000| Updating 
| 168|0x000000008a800000, 0x000000008a900000, 0x000000008a900000|100%| O|  |TAMS 0x000000008a900000, 0x000000008a800000| Updating 
| 169|0x000000008a900000, 0x000000008aa00000, 0x000000008aa00000|100%| O|  |TAMS 0x000000008aa00000, 0x000000008a900000| Updating 
| 170|0x000000008aa00000, 0x000000008ab00000, 0x000000008ab00000|100%| O|  |TAMS 0x000000008ab00000, 0x000000008aa00000| Updating 
| 171|0x000000008ab00000, 0x000000008ac00000, 0x000000008ac00000|100%| O|  |TAMS 0x000000008ac00000, 0x000000008ab00000| Updating 
| 172|0x000000008ac00000, 0x000000008ad00000, 0x000000008ad00000|100%| O|  |TAMS 0x000000008ad00000, 0x000000008ac00000| Updating 
| 173|0x000000008ad00000, 0x000000008ae00000, 0x000000008ae00000|100%| O|  |TAMS 0x000000008ae00000, 0x000000008ad00000| Updating 
| 174|0x000000008ae00000, 0x000000008af00000, 0x000000008af00000|100%| O|  |TAMS 0x000000008af00000, 0x000000008ae00000| Updating 
| 175|0x000000008af00000, 0x000000008b000000, 0x000000008b000000|100%| O|  |TAMS 0x000000008b000000, 0x000000008af00000| Updating 
| 176|0x000000008b000000, 0x000000008b100000, 0x000000008b100000|100%| O|  |TAMS 0x000000008b100000, 0x000000008b000000| Updating 
| 177|0x000000008b100000, 0x000000008b200000, 0x000000008b200000|100%| O|  |TAMS 0x000000008b200000, 0x000000008b100000| Updating 
| 178|0x000000008b200000, 0x000000008b300000, 0x000000008b300000|100%| O|  |TAMS 0x000000008b300000, 0x000000008b200000| Updating 
| 179|0x000000008b300000, 0x000000008b400000, 0x000000008b400000|100%| O|  |TAMS 0x000000008b400000, 0x000000008b300000| Updating 
| 180|0x000000008b400000, 0x000000008b500000, 0x000000008b500000|100%| O|  |TAMS 0x000000008b500000, 0x000000008b400000| Updating 
| 181|0x000000008b500000, 0x000000008b600000, 0x000000008b600000|100%| O|  |TAMS 0x000000008b600000, 0x000000008b500000| Updating 
| 182|0x000000008b600000, 0x000000008b700000, 0x000000008b700000|100%| O|  |TAMS 0x000000008b700000, 0x000000008b600000| Updating 
| 183|0x000000008b700000, 0x000000008b800000, 0x000000008b800000|100%| O|  |TAMS 0x000000008b800000, 0x000000008b700000| Updating 
| 184|0x000000008b800000, 0x000000008b800000, 0x000000008b900000|  0%| F|  |TAMS 0x000000008b800000, 0x000000008b800000| Untracked 
| 185|0x000000008b900000, 0x000000008b900000, 0x000000008ba00000|  0%| F|  |TAMS 0x000000008b900000, 0x000000008b900000| Untracked 
| 186|0x000000008ba00000, 0x000000008ba00000, 0x000000008bb00000|  0%| F|  |TAMS 0x000000008ba00000, 0x000000008ba00000| Untracked 
| 187|0x000000008bb00000, 0x000000008bb00000, 0x000000008bc00000|  0%| F|  |TAMS 0x000000008bb00000, 0x000000008bb00000| Untracked 
| 188|0x000000008bc00000, 0x000000008bc00000, 0x000000008bd00000|  0%| F|  |TAMS 0x000000008bc00000, 0x000000008bc00000| Untracked 
| 189|0x000000008bd00000, 0x000000008bd00000, 0x000000008be00000|  0%| F|  |TAMS 0x000000008bd00000, 0x000000008bd00000| Untracked 
| 190|0x000000008be00000, 0x000000008be00000, 0x000000008bf00000|  0%| F|  |TAMS 0x000000008be00000, 0x000000008be00000| Untracked 
| 191|0x000000008bf00000, 0x000000008bf00000, 0x000000008c000000|  0%| F|  |TAMS 0x000000008bf00000, 0x000000008bf00000| Untracked 
| 192|0x000000008c000000, 0x000000008c000000, 0x000000008c100000|  0%| F|  |TAMS 0x000000008c000000, 0x000000008c000000| Untracked 
| 193|0x000000008c100000, 0x000000008c100000, 0x000000008c200000|  0%| F|  |TAMS 0x000000008c100000, 0x000000008c100000| Untracked 
| 194|0x000000008c200000, 0x000000008c200000, 0x000000008c300000|  0%| F|  |TAMS 0x000000008c200000, 0x000000008c200000| Untracked 
| 195|0x000000008c300000, 0x000000008c300000, 0x000000008c400000|  0%| F|  |TAMS 0x000000008c300000, 0x000000008c300000| Untracked 
| 196|0x000000008c400000, 0x000000008c400000, 0x000000008c500000|  0%| F|  |TAMS 0x000000008c400000, 0x000000008c400000| Untracked 
| 197|0x000000008c500000, 0x000000008c500000, 0x000000008c600000|  0%| F|  |TAMS 0x000000008c500000, 0x000000008c500000| Untracked 
| 198|0x000000008c600000, 0x000000008c700000, 0x000000008c700000|100%| O|  |TAMS 0x000000008c700000, 0x000000008c600000| Updating 
| 199|0x000000008c700000, 0x000000008c700000, 0x000000008c800000|  0%| F|  |TAMS 0x000000008c700000, 0x000000008c700000| Untracked 
| 200|0x000000008c800000, 0x000000008c900000, 0x000000008c900000|100%| O|  |TAMS 0x000000008c900000, 0x000000008c800000| Updating 
| 201|0x000000008c900000, 0x000000008c900000, 0x000000008ca00000|  0%| F|  |TAMS 0x000000008c900000, 0x000000008c900000| Untracked 
| 202|0x000000008ca00000, 0x000000008cb00000, 0x000000008cb00000|100%| O|  |TAMS 0x000000008cb00000, 0x000000008ca00000| Updating 
| 203|0x000000008cb00000, 0x000000008cb00000, 0x000000008cc00000|  0%| F|  |TAMS 0x000000008cb00000, 0x000000008cb00000| Untracked 
| 204|0x000000008cc00000, 0x000000008cc00000, 0x000000008cd00000|  0%| F|  |TAMS 0x000000008cc00000, 0x000000008cc00000| Untracked 
| 205|0x000000008cd00000, 0x000000008cd00000, 0x000000008ce00000|  0%| F|  |TAMS 0x000000008cd00000, 0x000000008cd00000| Untracked 
| 206|0x000000008ce00000, 0x000000008ce00000, 0x000000008cf00000|  0%| F|  |TAMS 0x000000008ce00000, 0x000000008ce00000| Untracked 
| 207|0x000000008cf00000, 0x000000008d000000, 0x000000008d000000|100%| O|  |TAMS 0x000000008d000000, 0x000000008cf00000| Updating 
| 208|0x000000008d000000, 0x000000008d100000, 0x000000008d100000|100%| O|  |TAMS 0x000000008d100000, 0x000000008d000000| Updating 
| 209|0x000000008d100000, 0x000000008d200000, 0x000000008d200000|100%| O|  |TAMS 0x000000008d200000, 0x000000008d100000| Updating 
| 210|0x000000008d200000, 0x000000008d300000, 0x000000008d300000|100%| O|  |TAMS 0x000000008d300000, 0x000000008d200000| Updating 
| 211|0x000000008d300000, 0x000000008d400000, 0x000000008d400000|100%| O|  |TAMS 0x000000008d400000, 0x000000008d300000| Updating 
| 212|0x000000008d400000, 0x000000008d500000, 0x000000008d500000|100%| O|  |TAMS 0x000000008d500000, 0x000000008d400000| Updating 
| 213|0x000000008d500000, 0x000000008d600000, 0x000000008d600000|100%| O|  |TAMS 0x000000008d600000, 0x000000008d500000| Updating 
| 214|0x000000008d600000, 0x000000008d700000, 0x000000008d700000|100%| O|  |TAMS 0x000000008d700000, 0x000000008d600000| Updating 
| 215|0x000000008d700000, 0x000000008d800000, 0x000000008d800000|100%| O|  |TAMS 0x000000008d800000, 0x000000008d700000| Updating 
| 216|0x000000008d800000, 0x000000008d900000, 0x000000008d900000|100%| O|  |TAMS 0x000000008d900000, 0x000000008d800000| Updating 
| 217|0x000000008d900000, 0x000000008da00000, 0x000000008da00000|100%| O|  |TAMS 0x000000008da00000, 0x000000008d900000| Updating 
| 218|0x000000008da00000, 0x000000008db00000, 0x000000008db00000|100%| O|  |TAMS 0x000000008db00000, 0x000000008da00000| Updating 
| 219|0x000000008db00000, 0x000000008dc00000, 0x000000008dc00000|100%| O|  |TAMS 0x000000008dc00000, 0x000000008db00000| Updating 
| 220|0x000000008dc00000, 0x000000008dd00000, 0x000000008dd00000|100%| O|  |TAMS 0x000000008dd00000, 0x000000008dc00000| Updating 
| 221|0x000000008dd00000, 0x000000008de00000, 0x000000008de00000|100%| O|  |TAMS 0x000000008de00000, 0x000000008dd00000| Updating 
| 222|0x000000008de00000, 0x000000008df00000, 0x000000008df00000|100%| O|  |TAMS 0x000000008df00000, 0x000000008de00000| Updating 
| 223|0x000000008df00000, 0x000000008df00000, 0x000000008e000000|  0%| F|  |TAMS 0x000000008df00000, 0x000000008df00000| Untracked 
| 224|0x000000008e000000, 0x000000008e000000, 0x000000008e100000|  0%| F|  |TAMS 0x000000008e000000, 0x000000008e000000| Untracked 
| 225|0x000000008e100000, 0x000000008e100000, 0x000000008e200000|  0%| F|  |TAMS 0x000000008e100000, 0x000000008e100000| Untracked 
| 226|0x000000008e200000, 0x000000008e200000, 0x000000008e300000|  0%| F|  |TAMS 0x000000008e200000, 0x000000008e200000| Untracked 
| 227|0x000000008e300000, 0x000000008e300000, 0x000000008e400000|  0%| F|  |TAMS 0x000000008e300000, 0x000000008e300000| Untracked 
| 228|0x000000008e400000, 0x000000008e400000, 0x000000008e500000|  0%| F|  |TAMS 0x000000008e400000, 0x000000008e400000| Untracked 
| 229|0x000000008e500000, 0x000000008e500000, 0x000000008e600000|  0%| F|  |TAMS 0x000000008e500000, 0x000000008e500000| Untracked 
| 230|0x000000008e600000, 0x000000008e600000, 0x000000008e700000|  0%| F|  |TAMS 0x000000008e600000, 0x000000008e600000| Untracked 
| 231|0x000000008e700000, 0x000000008e700000, 0x000000008e800000|  0%| F|  |TAMS 0x000000008e700000, 0x000000008e700000| Untracked 
| 232|0x000000008e800000, 0x000000008e800000, 0x000000008e900000|  0%| F|  |TAMS 0x000000008e800000, 0x000000008e800000| Untracked 
| 233|0x000000008e900000, 0x000000008e900000, 0x000000008ea00000|  0%| F|  |TAMS 0x000000008e900000, 0x000000008e900000| Untracked 
| 234|0x000000008ea00000, 0x000000008ea00000, 0x000000008eb00000|  0%| F|  |TAMS 0x000000008ea00000, 0x000000008ea00000| Untracked 
| 235|0x000000008eb00000, 0x000000008eb00000, 0x000000008ec00000|  0%| F|  |TAMS 0x000000008eb00000, 0x000000008eb00000| Untracked 
| 236|0x000000008ec00000, 0x000000008ec00000, 0x000000008ed00000|  0%| F|  |TAMS 0x000000008ec00000, 0x000000008ec00000| Untracked 
| 237|0x000000008ed00000, 0x000000008ed00000, 0x000000008ee00000|  0%| F|  |TAMS 0x000000008ed00000, 0x000000008ed00000| Untracked 
| 238|0x000000008ee00000, 0x000000008ee00000, 0x000000008ef00000|  0%| F|  |TAMS 0x000000008ee00000, 0x000000008ee00000| Untracked 
| 239|0x000000008ef00000, 0x000000008ef00000, 0x000000008f000000|  0%| F|  |TAMS 0x000000008ef00000, 0x000000008ef00000| Untracked 
| 240|0x000000008f000000, 0x000000008f000000, 0x000000008f100000|  0%| F|  |TAMS 0x000000008f000000, 0x000000008f000000| Untracked 
| 241|0x000000008f100000, 0x000000008f200000, 0x000000008f200000|100%| S|CS|TAMS 0x000000008f100000, 0x000000008f100000| Complete 
| 242|0x000000008f200000, 0x000000008f300000, 0x000000008f300000|100%| S|CS|TAMS 0x000000008f200000, 0x000000008f200000| Complete 
| 243|0x000000008f300000, 0x000000008f400000, 0x000000008f400000|100%| S|CS|TAMS 0x000000008f300000, 0x000000008f300000| Complete 
| 244|0x000000008f400000, 0x000000008f500000, 0x000000008f500000|100%| S|CS|TAMS 0x000000008f400000, 0x000000008f400000| Complete 
| 245|0x000000008f500000, 0x000000008f500000, 0x000000008f600000|  0%| F|  |TAMS 0x000000008f500000, 0x000000008f500000| Untracked 
| 246|0x000000008f600000, 0x000000008f600000, 0x000000008f700000|  0%| F|  |TAMS 0x000000008f600000, 0x000000008f600000| Untracked 
| 247|0x000000008f700000, 0x000000008f700000, 0x000000008f800000|  0%| F|  |TAMS 0x000000008f700000, 0x000000008f700000| Untracked 
| 248|0x000000008f800000, 0x000000008f800000, 0x000000008f900000|  0%| F|  |TAMS 0x000000008f800000, 0x000000008f800000| Untracked 
| 249|0x000000008f900000, 0x000000008f900000, 0x000000008fa00000|  0%| F|  |TAMS 0x000000008f900000, 0x000000008f900000| Untracked 
| 250|0x000000008fa00000, 0x000000008fa00000, 0x000000008fb00000|  0%| F|  |TAMS 0x000000008fa00000, 0x000000008fa00000| Untracked 
| 251|0x000000008fb00000, 0x000000008fb00000, 0x000000008fc00000|  0%| F|  |TAMS 0x000000008fb00000, 0x000000008fb00000| Untracked 
| 252|0x000000008fc00000, 0x000000008fc00000, 0x000000008fd00000|  0%| F|  |TAMS 0x000000008fc00000, 0x000000008fc00000| Untracked 
| 253|0x000000008fd00000, 0x000000008fd00000, 0x000000008fe00000|  0%| F|  |TAMS 0x000000008fd00000, 0x000000008fd00000| Untracked 
| 254|0x000000008fe00000, 0x000000008fe00000, 0x000000008ff00000|  0%| F|  |TAMS 0x000000008fe00000, 0x000000008fe00000| Untracked 
| 255|0x000000008ff00000, 0x000000008ff00000, 0x0000000090000000|  0%| F|  |TAMS 0x000000008ff00000, 0x000000008ff00000| Untracked 
| 256|0x0000000090000000, 0x0000000090000000, 0x0000000090100000|  0%| F|  |TAMS 0x0000000090000000, 0x0000000090000000| Untracked 
| 257|0x0000000090100000, 0x000000009012ddc8, 0x0000000090200000| 17%| E|  |TAMS 0x0000000090100000, 0x0000000090100000| Complete 
| 258|0x0000000090200000, 0x0000000090300000, 0x0000000090300000|100%| E|CS|TAMS 0x0000000090200000, 0x0000000090200000| Complete 
| 259|0x0000000090300000, 0x0000000090400000, 0x0000000090400000|100%| E|CS|TAMS 0x0000000090300000, 0x0000000090300000| Complete 
| 260|0x0000000090400000, 0x0000000090500000, 0x0000000090500000|100%| E|CS|TAMS 0x0000000090400000, 0x0000000090400000| Complete 
| 261|0x0000000090500000, 0x0000000090600000, 0x0000000090600000|100%| E|CS|TAMS 0x0000000090500000, 0x0000000090500000| Complete 
| 262|0x0000000090600000, 0x0000000090700000, 0x0000000090700000|100%| E|CS|TAMS 0x0000000090600000, 0x0000000090600000| Complete 
| 263|0x0000000090700000, 0x0000000090800000, 0x0000000090800000|100%| E|CS|TAMS 0x0000000090700000, 0x0000000090700000| Complete 
| 264|0x0000000090800000, 0x0000000090900000, 0x0000000090900000|100%| E|CS|TAMS 0x0000000090800000, 0x0000000090800000| Complete 
| 265|0x0000000090900000, 0x0000000090a00000, 0x0000000090a00000|100%| E|CS|TAMS 0x0000000090900000, 0x0000000090900000| Complete 
| 266|0x0000000090a00000, 0x0000000090b00000, 0x0000000090b00000|100%| E|CS|TAMS 0x0000000090a00000, 0x0000000090a00000| Complete 
| 267|0x0000000090b00000, 0x0000000090c00000, 0x0000000090c00000|100%| E|CS|TAMS 0x0000000090b00000, 0x0000000090b00000| Complete 

Card table byte_map: [0x0000015dcd6a0000,0x0000015dcdaa0000] _byte_map_base: 0x0000015dcd2a0000

Marking Bits (Prev, Next): (CMBitMap*) 0x0000015dba1acad8, (CMBitMap*) 0x0000015dba1acb10
 Prev Bits: [0x0000015dcdea0000, 0x0000015dcfea0000)
 Next Bits: [0x0000015dcfea0000, 0x0000015dd1ea0000)

Polling page: 0x0000015db8b10000

Metaspace:

Usage:
  Non-class:     93.26 MB capacity,    91.64 MB ( 98%) used,     1.32 MB (  1%) free+waste,   300.31 KB ( <1%) overhead. 
      Class:     14.10 MB capacity,    13.24 MB ( 94%) used,   753.54 KB (  5%) free+waste,   131.44 KB ( <1%) overhead. 
       Both:    107.36 MB capacity,   104.88 MB ( 98%) used,     2.05 MB (  2%) free+waste,   431.75 KB ( <1%) overhead. 

Virtual space:
  Non-class space:       94.00 MB reserved,      93.50 MB (>99%) committed 
      Class space:        1.00 GB reserved,      14.20 MB (  1%) committed 
             Both:        1.09 GB reserved,     107.70 MB ( 10%) committed 

Chunk freelists:
   Non-Class:  58.00 KB
       Class:  55.00 KB
        Both:  113.00 KB

MaxMetaspaceSize: 17179869184.00 GB
CompressedClassSpaceSize: 1.00 GB

CodeHeap 'non-profiled nmethods': size=120064Kb used=10267Kb max_used=10267Kb free=109796Kb
 bounds [0x0000015dc5730000, 0x0000015dc6140000, 0x0000015dccc70000]
CodeHeap 'profiled nmethods': size=120000Kb used=34705Kb max_used=34705Kb free=85294Kb
 bounds [0x0000015dbe200000, 0x0000015dc03f0000, 0x0000015dc5730000]
CodeHeap 'non-nmethods': size=5696Kb used=2326Kb max_used=2356Kb free=3370Kb
 bounds [0x0000015dbdc70000, 0x0000015dbdee0000, 0x0000015dbe200000]
 total_blobs=16743 nmethods=15805 adapters=849
 compilation: enabled
              stopped_count=0, restarted_count=0
 full_count=0

Compilation events (20 events):
Event: 101.221 Thread 0x0000015dd4515000 15881       2       com.android.tools.r8.internal.nF0$$Lambda$1127/0x0000000100d48840::applyAsInt (8 bytes)
Event: 101.221 Thread 0x0000015dd4515000 nmethod 15881 0x0000015dc03c9990 code [0x0000015dc03c9b40, 0x0000015dc03c9c78]
Event: 101.221 Thread 0x0000015dd4515000 15882       2       com.android.tools.r8.internal.nF0::b (8 bytes)
Event: 101.221 Thread 0x0000015dd4515000 nmethod 15882 0x0000015dc03c9d90 code [0x0000015dc03c9f40, 0x0000015dc03ca038]
Event: 101.223 Thread 0x0000015dd4515000 15883       2       com.android.tools.r8.code.J0::<init> (20 bytes)
Event: 101.223 Thread 0x0000015dd4515000 nmethod 15883 0x0000015dc03ca110 code [0x0000015dc03ca2e0, 0x0000015dc03ca4a8]
Event: 101.224 Thread 0x0000015dd4515000 15884       2       com.android.tools.r8.code.c::<init> (7 bytes)
Event: 101.224 Thread 0x0000015dd4515000 nmethod 15884 0x0000015dc03ca610 code [0x0000015dc03ca7c0, 0x0000015dc03ca918]
Event: 101.226 Thread 0x0000015dd4515000 15885       2       com.android.tools.r8.code.v1::b (25 bytes)
Event: 101.226 Thread 0x0000015dd4515000 nmethod 15885 0x0000015dc03caa10 code [0x0000015dc03cabe0, 0x0000015dc03cadb8]
Event: 101.232 Thread 0x0000015dd4515000 15888       2       com.android.tools.r8.code.T::<init> (7 bytes)
Event: 101.232 Thread 0x0000015dd4515000 nmethod 15888 0x0000015dc03caf10 code [0x0000015dc03cb0e0, 0x0000015dc03cb338]
Event: 101.235 Thread 0x0000015dd4515000 15890       2       com.android.tools.r8.graph.M$b$a::hashCode (16 bytes)
Event: 101.235 Thread 0x0000015dd4515000 nmethod 15890 0x0000015dc03cb510 code [0x0000015dc03cb6c0, 0x0000015dc03cb7e8]
Event: 101.244 Thread 0x0000015dd4515000 15891       2       com.android.tools.r8.code.i1::<init> (7 bytes)
Event: 101.244 Thread 0x0000015dd4515000 nmethod 15891 0x0000015dc03cb910 code [0x0000015dc03cbae0, 0x0000015dc03cbca8]
Event: 101.250 Thread 0x0000015dd4515000 15893       2       com.android.tools.r8.code.I0::<init> (20 bytes)
Event: 101.250 Thread 0x0000015dd4515000 nmethod 15893 0x0000015dc03cbe10 code [0x0000015dc03cbfe0, 0x0000015dc03cc1a8]
Event: 101.251 Thread 0x0000015dd4515000 15894       1       com.android.tools.r8.internal.dc1::size (5 bytes)
Event: 101.251 Thread 0x0000015dd4515000 nmethod 15894 0x0000015dc6136c90 code [0x0000015dc6136e40, 0x0000015dc6136ef8]

GC Heap History (20 events):
Event: 73.720 GC heap before
{Heap before GC invocations=65 (full 0):
 garbage-first heap   total 202752K, used 155563K [0x0000000080000000, 0x0000000100000000)
  region size 1024K, 46 young (47104K), 3 survivors (3072K)
 Metaspace       used 94311K, capacity 96653K, committed 96972K, reserved 1134592K
  class space    used 11839K, capacity 12670K, committed 12748K, reserved 1048576K
}
Event: 73.735 GC heap after
{Heap after GC invocations=66 (full 0):
 garbage-first heap   total 202752K, used 117632K [0x0000000080000000, 0x0000000100000000)
  region size 1024K, 6 young (6144K), 6 survivors (6144K)
 Metaspace       used 94311K, capacity 96653K, committed 96972K, reserved 1134592K
  class space    used 11839K, capacity 12670K, committed 12748K, reserved 1048576K
}
Event: 74.318 GC heap before
{Heap before GC invocations=66 (full 0):
 garbage-first heap   total 202752K, used 160640K [0x0000000080000000, 0x0000000100000000)
  region size 1024K, 48 young (49152K), 6 survivors (6144K)
 Metaspace       used 94716K, capacity 97069K, committed 97228K, reserved 1134592K
  class space    used 11862K, capacity 12702K, committed 12748K, reserved 1048576K
}
Event: 74.328 GC heap after
{Heap after GC invocations=67 (full 0):
 garbage-first heap   total 202752K, used 116720K [0x0000000080000000, 0x0000000100000000)
  region size 1024K, 1 young (1024K), 1 survivors (1024K)
 Metaspace       used 94716K, capacity 97069K, committed 97228K, reserved 1134592K
  class space    used 11862K, capacity 12702K, committed 12748K, reserved 1048576K
}
Event: 75.619 GC heap before
{Heap before GC invocations=67 (full 0):
 garbage-first heap   total 202752K, used 137200K [0x0000000080000000, 0x0000000100000000)
  region size 1024K, 18 young (18432K), 1 survivors (1024K)
 Metaspace       used 95341K, capacity 97678K, committed 97740K, reserved 1134592K
  class space    used 11904K, capacity 12734K, committed 12748K, reserved 1048576K
}
Event: 75.623 GC heap after
{Heap after GC invocations=68 (full 0):
 garbage-first heap   total 202752K, used 120530K [0x0000000080000000, 0x0000000100000000)
  region size 1024K, 1 young (1024K), 1 survivors (1024K)
 Metaspace       used 95341K, capacity 97678K, committed 97740K, reserved 1134592K
  class space    used 11904K, capacity 12734K, committed 12748K, reserved 1048576K
}
Event: 78.295 GC heap before
{Heap before GC invocations=69 (full 0):
 garbage-first heap   total 202752K, used 158418K [0x0000000080000000, 0x0000000100000000)
  region size 1024K, 45 young (46080K), 1 survivors (1024K)
 Metaspace       used 96938K, capacity 99238K, committed 99532K, reserved 1136640K
  class space    used 12089K, capacity 12907K, committed 13004K, reserved 1048576K
}
Event: 78.305 GC heap after
{Heap after GC invocations=70 (full 0):
 garbage-first heap   total 202752K, used 107641K [0x0000000080000000, 0x0000000100000000)
  region size 1024K, 2 young (2048K), 2 survivors (2048K)
 Metaspace       used 96938K, capacity 99238K, committed 99532K, reserved 1136640K
  class space    used 12089K, capacity 12907K, committed 13004K, reserved 1048576K
}
Event: 79.425 GC heap before
{Heap before GC invocations=70 (full 0):
 garbage-first heap   total 202752K, used 114809K [0x0000000080000000, 0x0000000100000000)
  region size 1024K, 9 young (9216K), 2 survivors (2048K)
 Metaspace       used 97090K, capacity 99449K, committed 99788K, reserved 1136640K
  class space    used 12099K, capacity 12913K, committed 13004K, reserved 1048576K
}
Event: 79.432 GC heap after
{Heap after GC invocations=71 (full 0):
 garbage-first heap   total 202752K, used 93482K [0x0000000080000000, 0x0000000100000000)
  region size 1024K, 1 young (1024K), 1 survivors (1024K)
 Metaspace       used 97090K, capacity 99449K, committed 99788K, reserved 1136640K
  class space    used 12099K, capacity 12913K, committed 13004K, reserved 1048576K
}
Event: 82.454 GC heap before
{Heap before GC invocations=71 (full 0):
 garbage-first heap   total 202752K, used 157994K [0x0000000080000000, 0x0000000100000000)
  region size 1024K, 65 young (66560K), 1 survivors (1024K)
 Metaspace       used 100635K, capacity 102927K, committed 102988K, reserved 1138688K
  class space    used 12531K, capacity 13364K, committed 13388K, reserved 1048576K
}
Event: 82.463 GC heap after
{Heap after GC invocations=72 (full 0):
 garbage-first heap   total 202752K, used 96065K [0x0000000080000000, 0x0000000100000000)
  region size 1024K, 3 young (3072K), 3 survivors (3072K)
 Metaspace       used 100635K, capacity 102927K, committed 102988K, reserved 1138688K
  class space    used 12531K, capacity 13364K, committed 13388K, reserved 1048576K
}
Event: 86.702 GC heap before
{Heap before GC invocations=72 (full 0):
 garbage-first heap   total 202752K, used 165697K [0x0000000080000000, 0x0000000100000000)
  region size 1024K, 72 young (73728K), 3 survivors (3072K)
 Metaspace       used 101570K, capacity 103979K, committed 104140K, reserved 1140736K
  class space    used 12614K, capacity 13434K, committed 13516K, reserved 1048576K
}
Event: 86.731 GC heap after
{Heap after GC invocations=73 (full 0):
 garbage-first heap   total 202752K, used 100999K [0x0000000080000000, 0x0000000100000000)
  region size 1024K, 8 young (8192K), 8 survivors (8192K)
 Metaspace       used 101570K, capacity 103979K, committed 104140K, reserved 1140736K
  class space    used 12614K, capacity 13434K, committed 13516K, reserved 1048576K
}
Event: 91.718 GC heap before
{Heap before GC invocations=73 (full 0):
 garbage-first heap   total 202752K, used 160391K [0x0000000080000000, 0x0000000100000000)
  region size 1024K, 63 young (64512K), 8 survivors (8192K)
 Metaspace       used 102273K, capacity 104685K, committed 105036K, reserved 1140736K
  class space    used 12688K, capacity 13528K, committed 13644K, reserved 1048576K
}
Event: 91.756 GC heap after
{Heap after GC invocations=74 (full 0):
 garbage-first heap   total 202752K, used 110020K [0x0000000080000000, 0x0000000100000000)
  region size 1024K, 9 young (9216K), 9 survivors (9216K)
 Metaspace       used 102273K, capacity 104685K, committed 105036K, reserved 1140736K
  class space    used 12688K, capacity 13528K, committed 13644K, reserved 1048576K
}
Event: 98.109 GC heap before
{Heap before GC invocations=75 (full 0):
 garbage-first heap   total 202752K, used 196036K [0x0000000080000000, 0x0000000100000000)
  region size 1024K, 65 young (66560K), 9 survivors (9216K)
 Metaspace       used 105086K, capacity 107561K, committed 107724K, reserved 1142784K
  class space    used 13088K, capacity 13911K, committed 14028K, reserved 1048576K
}
Event: 98.171 GC heap after
{Heap after GC invocations=76 (full 0):
 garbage-first heap   total 274432K, used 150500K [0x0000000080000000, 0x0000000100000000)
  region size 1024K, 9 young (9216K), 9 survivors (9216K)
 Metaspace       used 105086K, capacity 107561K, committed 107724K, reserved 1142784K
  class space    used 13088K, capacity 13911K, committed 14028K, reserved 1048576K
}
Event: 98.202 GC heap before
{Heap before GC invocations=76 (full 0):
 garbage-first heap   total 274432K, used 154596K [0x0000000080000000, 0x0000000100000000)
  region size 1024K, 13 young (13312K), 9 survivors (9216K)
 Metaspace       used 105086K, capacity 107561K, committed 107724K, reserved 1142784K
  class space    used 13088K, capacity 13911K, committed 14028K, reserved 1048576K
}
Event: 98.238 GC heap after
{Heap after GC invocations=77 (full 0):
 garbage-first heap   total 274432K, used 153042K [0x0000000080000000, 0x0000000100000000)
  region size 1024K, 2 young (2048K), 2 survivors (2048K)
 Metaspace       used 105086K, capacity 107561K, committed 107724K, reserved 1142784K
  class space    used 13088K, capacity 13911K, committed 14028K, reserved 1048576K
}

Deoptimization events (20 events):
Event: 99.841 Thread 0x0000015dd7ef5800 DEOPT PACKING pc=0x0000015dc611d0f0 sp=0x0000003ad15feca0
Event: 99.841 Thread 0x0000015dd7ef5800 DEOPT UNPACKING pc=0x0000015dbdc965af sp=0x0000003ad15fecc8 mode 2
Event: 99.841 Thread 0x0000015dd7ef8000 Uncommon trap: trap_request=0xffffff4d fr.pc=0x0000015dc6108174 relative=0x0000000000000134
Event: 99.841 Thread 0x0000015dd7ef8000 Uncommon trap: reason=unstable_if action=reinterpret pc=0x0000015dc6108174 method=com.android.tools.r8.internal.TV0.get(I)Ljava/lang/Object; @ 1 c2
Event: 99.841 Thread 0x0000015dd7ef8000 DEOPT PACKING pc=0x0000015dc6108174 sp=0x0000003ad13fe6f0
Event: 99.841 Thread 0x0000015dd7ef8000 DEOPT UNPACKING pc=0x0000015dbdc965af sp=0x0000003ad13fe688 mode 2
Event: 100.791 Thread 0x0000015dd7ef6800 Uncommon trap: trap_request=0xffffff4d fr.pc=0x0000015dc6124378 relative=0x00000000000002b8
Event: 100.791 Thread 0x0000015dd7ef6800 Uncommon trap: reason=unstable_if action=reinterpret pc=0x0000015dc6124378 method=com.android.tools.r8.graph.W0.a(Lcom/android/tools/r8/graph/W0;)I @ 49 c2
Event: 100.791 Thread 0x0000015dd7ef6800 DEOPT PACKING pc=0x0000015dc6124378 sp=0x0000003ad12fe3d0
Event: 100.791 Thread 0x0000015dd7ef6800 DEOPT UNPACKING pc=0x0000015dbdc965af sp=0x0000003ad12fe350 mode 2
Event: 101.034 Thread 0x0000015dd7ef2800 Uncommon trap: trap_request=0xffffff4d fr.pc=0x0000015dc6123650 relative=0x0000000000000f10
Event: 101.034 Thread 0x0000015dd7ef2800 Uncommon trap: reason=unstable_if action=reinterpret pc=0x0000015dc6123650 method=com.android.tools.r8.internal.TV0.d(I)V @ 38 c2
Event: 101.034 Thread 0x0000015dd7ef2800 DEOPT PACKING pc=0x0000015dc6123650 sp=0x0000003ad14fe820
Event: 101.034 Thread 0x0000015dd7ef2800 DEOPT UNPACKING pc=0x0000015dbdc965af sp=0x0000003ad14fe768 mode 2
Event: 101.067 Thread 0x0000015dd7ef6800 Uncommon trap: trap_request=0xffffff4d fr.pc=0x0000015dc613398c relative=0x000000000000102c
Event: 101.067 Thread 0x0000015dd7ef6800 Uncommon trap: reason=unstable_if action=reinterpret pc=0x0000015dc613398c method=com.android.tools.r8.dex.r.i()Lcom/android/tools/r8/graph/c1; @ 33 c2
Event: 101.067 Thread 0x0000015dd7ef6800 DEOPT PACKING pc=0x0000015dc613398c sp=0x0000003ad12fe710
Event: 101.067 Thread 0x0000015dd7ef6800 DEOPT UNPACKING pc=0x0000015dbdc965af sp=0x0000003ad12fe6f0 mode 2
Event: 101.163 Thread 0x0000015dd7ef5800 DEOPT PACKING pc=0x0000015dc02ed55b sp=0x0000003ad15fe960
Event: 101.163 Thread 0x0000015dd7ef5800 DEOPT UNPACKING pc=0x0000015dbdc96d5e sp=0x0000003ad15fdeb8 mode 0

Classes redefined (0 events):
No events

Internal exceptions (20 events):
Event: 85.192 Thread 0x0000015dd7eec800 Exception <a 'java/lang/NoSuchMethodError'{0x0000000088ff08c0}: 'void java.lang.invoke.DirectMethodHandle$Holder.invokeStatic(java.lang.Object, long)'> (0x0000000088ff08c0) thrown at [./src/hotspot/share/interpreter/linkResolver.cpp, line 773]
Event: 85.193 Thread 0x0000015dd7eec800 Exception <a 'java/lang/NoSuchMethodError'{0x0000000088ff5ad8}: 'java.lang.Object java.lang.invoke.DirectMethodHandle$Holder.invokeStatic(java.lang.Object, long)'> (0x0000000088ff5ad8) thrown at [./src/hotspot/share/interpreter/linkResolver.cpp, line 773]
Event: 85.196 Thread 0x0000015dd7eec800 Exception <a 'java/lang/NoSuchMethodError'{0x0000000088cb69c8}: 'java.lang.Object java.lang.invoke.DirectMethodHandle$Holder.invokeStaticInit(java.lang.Object, java.lang.Object, long, java.lang.Object)'> (0x0000000088cb69c8) thrown at [./src/hotspot/share/interpreter/linkResolver.cpp, line 773]
Event: 85.197 Thread 0x0000015dd7eec800 Exception <a 'java/lang/NoSuchMethodError'{0x0000000088cbcb60}: 'java.lang.Object java.lang.invoke.DirectMethodHandle$Holder.invokeStatic(java.lang.Object, java.lang.Object, long)'> (0x0000000088cbcb60) thrown at [./src/hotspot/share/interpreter/linkResolver.cpp, line 773]
Event: 85.197 Thread 0x0000015dd7eec800 Exception <a 'java/lang/NoSuchMethodError'{0x0000000088cc30d8}: 'java.lang.Object java.lang.invoke.Invokers$Holder.linkToTargetMethod(java.lang.Object, long, java.lang.Object)'> (0x0000000088cc30d8) thrown at [./src/hotspot/share/interpreter/linkResolver.cpp, line 773]
Event: 89.107 Thread 0x0000015dd7eec800 Exception <a 'java/lang/NoSuchMethodError'{0x000000008ac4a408}: 'int java.lang.invoke.DirectMethodHandle$Holder.invokeSpecialIFC(java.lang.Object, java.lang.Object, java.lang.Object)'> (0x000000008ac4a408) thrown at [./src/hotspot/share/interpreter/linkResolver.cpp, line 773]
Event: 90.924 Thread 0x0000015dd7eed800 Exception <a 'sun/nio/fs/WindowsException'{0x0000000089181508}> (0x0000000089181508) thrown at [./src/hotspot/share/prims/jni.cpp, line 615]
Event: 90.924 Thread 0x0000015dd7eed800 Exception <a 'sun/nio/fs/WindowsException'{0x0000000089182688}> (0x0000000089182688) thrown at [./src/hotspot/share/prims/jni.cpp, line 615]
Event: 90.924 Thread 0x0000015dd7eed800 Exception <a 'sun/nio/fs/WindowsException'{0x0000000089182960}> (0x0000000089182960) thrown at [./src/hotspot/share/prims/jni.cpp, line 615]
Event: 90.958 Thread 0x0000015dd7eed800 Exception <a 'sun/nio/fs/WindowsException'{0x00000000891c7458}> (0x00000000891c7458) thrown at [./src/hotspot/share/prims/jni.cpp, line 615]
Event: 90.958 Thread 0x0000015dd7eed800 Exception <a 'sun/nio/fs/WindowsException'{0x00000000891c8580}> (0x00000000891c8580) thrown at [./src/hotspot/share/prims/jni.cpp, line 615]
Event: 95.132 Thread 0x0000015dd7eeb000 Exception <a 'sun/nio/fs/WindowsException'{0x000000008c0d2880}> (0x000000008c0d2880) thrown at [./src/hotspot/share/prims/jni.cpp, line 615]
Event: 97.630 Thread 0x0000015dd7eeb000 Exception <a 'java/lang/NoSuchMethodError'{0x000000008b9d2818}: 'java.lang.Object java.lang.invoke.DirectMethodHandle$Holder.invokeStaticInit(java.lang.Object, java.lang.Object, java.lang.Object, java.lang.Object, java.lang.Object, java.lang.Object, java.lang.Object, java.lang.Object, java.lang.Object, java.lang.Object, java.lang.Object, java.lang.Object, java.lang.Object, java.lang.Object, java.lang.Object, java.lang.Object, java.lang.Object, java.lang.Object, int, java.lang.Object, java.lang.Object)'> (0
Event: 98.380 Thread 0x0000015dd7ef8000 Exception <a 'java/lang/IncompatibleClassChangeError'{0x000000008fca5760}: Found class java.lang.Object, but interface was expected> (0x000000008fca5760) thrown at [./src/hotspot/share/interpreter/linkResolver.cpp, line 839]
Event: 99.842 Thread 0x0000015dd7ef5800 Exception <a 'java/lang/IncompatibleClassChangeError'{0x000000008fa0a490}: Found class java.lang.Object, but interface was expected> (0x000000008fa0a490) thrown at [./src/hotspot/share/interpreter/linkResolver.cpp, line 839]
Event: 99.842 Thread 0x0000015dd7ef8000 Exception <a 'java/lang/IncompatibleClassChangeError'{0x000000008fa32e20}: Found class java.lang.Object, but interface was expected> (0x000000008fa32e20) thrown at [./src/hotspot/share/interpreter/linkResolver.cpp, line 839]
Event: 99.889 Thread 0x0000015dd7ef6800 Exception <a 'java/lang/IncompatibleClassChangeError'{0x000000008fa246f0}: Found class java.lang.Object, but interface was expected> (0x000000008fa246f0) thrown at [./src/hotspot/share/interpreter/linkResolver.cpp, line 839]
Event: 99.889 Thread 0x0000015dd7ef5800 Exception <a 'java/lang/IncompatibleClassChangeError'{0x000000008fa3e8e0}: Found class java.lang.Object, but interface was expected> (0x000000008fa3e8e0) thrown at [./src/hotspot/share/interpreter/linkResolver.cpp, line 839]
Event: 99.889 Thread 0x0000015dd7ef8000 Exception <a 'java/lang/IncompatibleClassChangeError'{0x000000008fa359c0}: Found class java.lang.Object, but interface was expected> (0x000000008fa359c0) thrown at [./src/hotspot/share/interpreter/linkResolver.cpp, line 839]
Event: 99.892 Thread 0x0000015dd7ef5800 Exception <a 'java/lang/NoSuchMethodError'{0x000000008fa43bd0}: 'java.lang.Object java.lang.invoke.DirectMethodHandle$Holder.newInvokeSpecial(java.lang.Object, int)'> (0x000000008fa43bd0) thrown at [./src/hotspot/share/interpreter/linkResolver.cpp, line 773]

Events (20 events):
Event: 100.952 loading class com/android/tools/r8/graph/D2
Event: 100.952 loading class com/android/tools/r8/graph/D2 done
Event: 100.952 loading class com/android/tools/r8/graph/D2
Event: 100.952 loading class com/android/tools/r8/graph/D2 done
Event: 100.952 loading class com/android/tools/r8/graph/D2
Event: 100.952 loading class com/android/tools/r8/graph/D2 done
Event: 100.952 loading class com/android/tools/r8/internal/Zb1
Event: 100.952 loading class com/android/tools/r8/internal/Zb1 done
Event: 100.961 loading class com/android/tools/r8/internal/ec1
Event: 100.961 loading class com/android/tools/r8/internal/ec1 done
Event: 100.989 loading class com/android/tools/r8/internal/c61
Event: 100.989 loading class com/android/tools/r8/internal/c61 done
Event: 101.019 loading class com/android/tools/r8/internal/Ft1
Event: 101.019 loading class com/android/tools/r8/internal/Ft1 done
Event: 101.026 loading class com/android/tools/r8/internal/HP0
Event: 101.026 loading class com/android/tools/r8/internal/HP0 done
Event: 101.077 loading class com/android/tools/r8/internal/MM0
Event: 101.077 loading class com/android/tools/r8/internal/MM0 done
Event: 101.083 loading class com/android/tools/r8/internal/KI0
Event: 101.083 loading class com/android/tools/r8/internal/KI0 done


Dynamic libraries:
0x00007ff667670000 - 0x00007ff66767a000 	C:\Program Files\Android\Android Studio1\jre\bin\java.exe
0x00007ffd8e0f0000 - 0x00007ffd8e2e5000 	C:\WINDOWS\SYSTEM32\ntdll.dll
0x00007ffd8c690000 - 0x00007ffd8c74e000 	C:\WINDOWS\System32\KERNEL32.DLL
0x00007ffd8b910000 - 0x00007ffd8bbd8000 	C:\WINDOWS\System32\KERNELBASE.dll
0x00007ffd8b810000 - 0x00007ffd8b910000 	C:\WINDOWS\System32\ucrtbase.dll
0x00007ffd81070000 - 0x00007ffd81087000 	C:\Program Files\Android\Android Studio1\jre\bin\VCRUNTIME140.dll
0x00007ffd798f0000 - 0x00007ffd79909000 	C:\Program Files\Android\Android Studio1\jre\bin\jli.dll
0x00007ffd8d2d0000 - 0x00007ffd8d470000 	C:\WINDOWS\System32\USER32.dll
0x00007ffd84050000 - 0x00007ffd842ea000 	C:\WINDOWS\WinSxS\amd64_microsoft.windows.common-controls_6595b64144ccf1df_6.0.19041.1110_none_60b5254171f9507e\COMCTL32.dll
0x00007ffd8bf50000 - 0x00007ffd8bf72000 	C:\WINDOWS\System32\win32u.dll
0x00007ffd8c150000 - 0x00007ffd8c1ee000 	C:\WINDOWS\System32\msvcrt.dll
0x00007ffd8cfc0000 - 0x00007ffd8cfea000 	C:\WINDOWS\System32\GDI32.dll
0x00007ffd8bff0000 - 0x00007ffd8c0fb000 	C:\WINDOWS\System32\gdi32full.dll
0x00007ffd8bdf0000 - 0x00007ffd8be8d000 	C:\WINDOWS\System32\msvcp_win.dll
0x00007ffd8c1f0000 - 0x00007ffd8c220000 	C:\WINDOWS\System32\IMM32.DLL
0x00007ffd78c30000 - 0x00007ffd78ccd000 	C:\Program Files\Android\Android Studio1\jre\bin\msvcp140.dll
0x00007ffd66260000 - 0x00007ffd66d35000 	C:\Program Files\Android\Android Studio1\jre\bin\server\jvm.dll
0x00007ffd8d070000 - 0x00007ffd8d11e000 	C:\WINDOWS\System32\ADVAPI32.dll
0x00007ffd8cd60000 - 0x00007ffd8cdfc000 	C:\WINDOWS\System32\sechost.dll
0x00007ffd8d470000 - 0x00007ffd8d595000 	C:\WINDOWS\System32\RPCRT4.dll
0x00007ffd8c750000 - 0x00007ffd8c758000 	C:\WINDOWS\System32\PSAPI.DLL
0x00007ffd85bb0000 - 0x00007ffd85bd7000 	C:\WINDOWS\SYSTEM32\WINMM.dll
0x00007ffd87270000 - 0x00007ffd87279000 	C:\WINDOWS\SYSTEM32\WSOCK32.dll
0x00007ffd86090000 - 0x00007ffd8609a000 	C:\WINDOWS\SYSTEM32\VERSION.dll
0x00007ffd8cf50000 - 0x00007ffd8cfbb000 	C:\WINDOWS\System32\WS2_32.dll
0x00007ffd89670000 - 0x00007ffd89682000 	C:\WINDOWS\SYSTEM32\kernel.appcore.dll
0x00007ffd86610000 - 0x00007ffd86621000 	C:\Program Files\Android\Android Studio1\jre\bin\verify.dll
0x00007ffd7d930000 - 0x00007ffd7db14000 	C:\WINDOWS\SYSTEM32\DBGHELP.DLL
0x00007ffd7d840000 - 0x00007ffd7d86c000 	C:\WINDOWS\SYSTEM32\dbgcore.DLL
0x00007ffd8bec0000 - 0x00007ffd8bf42000 	C:\WINDOWS\System32\bcryptPrimitives.dll
0x00007ffd81120000 - 0x00007ffd81149000 	C:\Program Files\Android\Android Studio1\jre\bin\java.dll
0x00007ffd87260000 - 0x00007ffd8726b000 	C:\Program Files\Android\Android Studio1\jre\bin\jimage.dll
0x00007ffd810f0000 - 0x00007ffd81108000 	C:\Program Files\Android\Android Studio1\jre\bin\zip.dll
0x00007ffd8d5a0000 - 0x00007ffd8dce4000 	C:\WINDOWS\System32\SHELL32.dll
0x00007ffd89950000 - 0x00007ffd8a0e4000 	C:\WINDOWS\SYSTEM32\windows.storage.dll
0x00007ffd8c760000 - 0x00007ffd8cab4000 	C:\WINDOWS\System32\combase.dll
0x00007ffd8b1b0000 - 0x00007ffd8b1dc000 	C:\WINDOWS\SYSTEM32\Wldp.dll
0x00007ffd8cbe0000 - 0x00007ffd8cc8d000 	C:\WINDOWS\System32\SHCORE.dll
0x00007ffd8cef0000 - 0x00007ffd8cf45000 	C:\WINDOWS\System32\shlwapi.dll
0x00007ffd8b750000 - 0x00007ffd8b76f000 	C:\WINDOWS\SYSTEM32\profapi.dll
0x00007ffd7c240000 - 0x00007ffd7c25a000 	C:\Program Files\Android\Android Studio1\jre\bin\net.dll
0x00007ffd83890000 - 0x00007ffd8399a000 	C:\WINDOWS\SYSTEM32\WINHTTP.dll
0x00007ffd8af10000 - 0x00007ffd8af7a000 	C:\WINDOWS\system32\mswsock.dll
0x00007ffd79630000 - 0x00007ffd79644000 	C:\Program Files\Android\Android Studio1\jre\bin\nio.dll
0x00007ffd7c4a0000 - 0x00007ffd7c4c7000 	C:\Users\giorgi\.gradle\native\e1d6ef7f7dcc3fd88c89a11ec53ec762bb8ba0a96d01ffa2cd45eb1d1d8dd5c5\windows-amd64\native-platform.dll
0x00007ffd78870000 - 0x00007ffd789b4000 	C:\Users\giorgi\.gradle\native\5664cfc778a61ccfe75a443a1ab52a65af34e5dc3c78e0209fed803814484fcb\windows-amd64\native-platform-file-events.dll
0x00007ffd86600000 - 0x00007ffd8660a000 	C:\Program Files\Android\Android Studio1\jre\bin\management.dll
0x00007ffd84f50000 - 0x00007ffd84f5d000 	C:\Program Files\Android\Android Studio1\jre\bin\management_ext.dll
0x00007ffd8b100000 - 0x00007ffd8b118000 	C:\WINDOWS\SYSTEM32\CRYPTSP.dll
0x00007ffd8a890000 - 0x00007ffd8a8c4000 	C:\WINDOWS\system32\rsaenh.dll
0x00007ffd8be90000 - 0x00007ffd8beb7000 	C:\WINDOWS\System32\bcrypt.dll
0x00007ffd8b710000 - 0x00007ffd8b73e000 	C:\WINDOWS\SYSTEM32\USERENV.dll
0x00007ffd8b120000 - 0x00007ffd8b12c000 	C:\WINDOWS\SYSTEM32\CRYPTBASE.dll
0x00007ffd8ac00000 - 0x00007ffd8ac3b000 	C:\WINDOWS\SYSTEM32\IPHLPAPI.DLL
0x00007ffd8d060000 - 0x00007ffd8d068000 	C:\WINDOWS\System32\NSI.dll
0x00007ffd85140000 - 0x00007ffd85157000 	C:\WINDOWS\SYSTEM32\dhcpcsvc6.DLL
0x00007ffd84f60000 - 0x00007ffd84f7d000 	C:\WINDOWS\SYSTEM32\dhcpcsvc.DLL
0x00007ffd8ac40000 - 0x00007ffd8ad0b000 	C:\WINDOWS\SYSTEM32\DNSAPI.dll
0x00007ffd8a520000 - 0x00007ffd8a553000 	C:\WINDOWS\SYSTEM32\ntmarta.dll

dbghelp: loaded successfully - version: 4.0.5 - missing functions: none
symbol engine: initialized successfully - sym options: 0x614 - pdb path: .;C:\Program Files\Android\Android Studio1\jre\bin;C:\WINDOWS\SYSTEM32;C:\WINDOWS\WinSxS\amd64_microsoft.windows.common-controls_6595b64144ccf1df_6.0.19041.1110_none_60b5254171f9507e;C:\Program Files\Android\Android Studio1\jre\bin\server;C:\Users\giorgi\.gradle\native\e1d6ef7f7dcc3fd88c89a11ec53ec762bb8ba0a96d01ffa2cd45eb1d1d8dd5c5\windows-amd64;C:\Users\giorgi\.gradle\native\5664cfc778a61ccfe75a443a1ab52a65af34e5dc3c78e0209fed803814484fcb\windows-amd64

VM Arguments:
jvm_args: --add-opens=java.base/java.util=ALL-UNNAMED --add-opens=java.base/java.lang=ALL-UNNAMED --add-opens=java.base/java.lang.invoke=ALL-UNNAMED --add-opens=java.base/java.util=ALL-UNNAMED --add-opens=java.prefs/java.util.prefs=ALL-UNNAMED --add-opens=java.prefs/java.util.prefs=ALL-UNNAMED --add-opens=java.base/java.nio.charset=ALL-UNNAMED --add-opens=java.base/java.net=ALL-UNNAMED --add-opens=java.base/java.util.concurrent.atomic=ALL-UNNAMED -Xmx2048m -Dfile.encoding=UTF-8 -Duser.country=US -Duser.language=en -Duser.variant 
java_command: org.gradle.launcher.daemon.bootstrap.GradleDaemon 7.2
java_class_path (initial): C:\Users\giorgi\.gradle\wrapper\dists\gradle-7.2-bin\2dnblmf4td7x66yl1d74lt32g\gradle-7.2\lib\gradle-launcher-7.2.jar
Launcher Type: SUN_STANDARD

[Global flags]
     intx CICompilerCount                          = 3                                         {product} {ergonomic}
     uint ConcGCThreads                            = 1                                         {product} {ergonomic}
     uint G1ConcRefinementThreads                  = 4                                         {product} {ergonomic}
   size_t G1HeapRegionSize                         = 1048576                                   {product} {ergonomic}
    uintx GCDrainStackTargetSize                   = 64                                        {product} {ergonomic}
   size_t InitialHeapSize                          = 67108864                                  {product} {ergonomic}
   size_t MarkStackSize                            = 4194304                                   {product} {ergonomic}
   size_t MaxHeapSize                              = 2147483648                                {product} {command line}
   size_t MaxNewSize                               = 1287651328                                {product} {ergonomic}
   size_t MinHeapDeltaBytes                        = 1048576                                   {product} {ergonomic}
    uintx NonNMethodCodeHeapSize                   = 5830732                                {pd product} {ergonomic}
    uintx NonProfiledCodeHeapSize                  = 122913754                              {pd product} {ergonomic}
    uintx ProfiledCodeHeapSize                     = 122913754                              {pd product} {ergonomic}
    uintx ReservedCodeCacheSize                    = 251658240                              {pd product} {ergonomic}
     bool SegmentedCodeCache                       = true                                      {product} {ergonomic}
     bool UseCompressedClassPointers               = true                                 {lp64_product} {ergonomic}
     bool UseCompressedOops                        = true                                 {lp64_product} {ergonomic}
     bool UseG1GC                                  = true                                      {product} {ergonomic}
     bool UseLargePagesIndividualAllocation        = false                                  {pd product} {ergonomic}

Logging:
Log output configuration:
 #0: stdout all=warning uptime,level,tags
 #1: stderr all=off uptime,level,tags

Environment Variables:
PATH=C:\Program Files\Google\Chrome\Application;C:\Program Files (x86)\VMware\VMware Workstation\bin\;C:\WINDOWS\system32;C:\WINDOWS;C:\WINDOWS\System32\Wbem;C:\WINDOWS\System32\WindowsPowerShell\v1.0\;C:\WINDOWS\System32\OpenSSH\;C:\Program Files\Git\cmd;C:\Program Files\Go\bin;C:\Users\giorgi\AppData\Local\Microsoft\WindowsApps;C:\Users\giorgi\AppData\Local\Programs\Microsoft VS Code\bin;C:\Flutter\flutter\bin;C:\Users\giorgi\go\bin
USERNAME=giorgi
OS=Windows_NT
PROCESSOR_IDENTIFIER=Intel64 Family 6 Model 42 Stepping 7, GenuineIntel



---------------  S Y S T E M  ---------------

OS: Windows 10 , 64 bit Build 19041 (10.0.19041.1645)
OS uptime: 0 days 1:52 hours

CPU:total 4 (initial active 4) (2 cores per cpu, 2 threads per core) family 6 model 42 stepping 7 microcode 0x2f, cmov, cx8, fxsr, mmx, sse, sse2, sse3, ssse3, sse4.1, sse4.2, popcnt, avx, clmul, ht, tsc, tscinvbit

Memory: 4k page, system-wide physical 4078M (240M free)
TotalPageFile size 4078M (AvailPageFile size 6M)
current process WorkingSet (physical memory assigned to process): 452M, peak: 455M
current process commit charge ("private bytes"): 591M, peak: 593M

vm_info: OpenJDK 64-Bit Server VM (11.0.11+9-b60-7590822) for windows-amd64 JRE (11.0.11+9-b60-7590822), built on Jul 29 2021 21:43:44 by "builder" with MS VC++ 14.0 (VS2015)

END.
