#
# There is insufficient memory for the Java Runtime Environment to continue.
# Native memory allocation (malloc) failed to allocate 2048976 bytes for Chunk::new
# Possible reasons:
#   The system is out of physical RAM or swap space
#   The process is running with CompressedOops enabled, and the Java Heap may be blocking the growth of the native heap
# Possible solutions:
#   Reduce memory load on the system
#   Increase physical memory or swap space
#   Check if swap backing store is full
#   Decrease Java heap size (-Xmx/-Xms)
#   Decrease number of Java threads
#   Decrease Java thread stack sizes (-Xss)
#   Set larger code cache with -XX:ReservedCodeCacheSize=
#   JVM is running with Unscaled Compressed Oops mode in which the Java heap is
#     placed in the first 4GB address space. The Java Heap base address is the
#     maximum limit for the native heap growth. Please use -XX:HeapBaseMinAddress
#     to set the Java Heap base and to place the Java Heap above 4GB virtual address.
# This output file may be truncated or incomplete.
#
#  Out of Memory Error (./src/hotspot/share/memory/arena.cpp:197), pid=5580, tid=2220
#
# JRE version: OpenJDK Runtime Environment (11.0.11+9) (build 11.0.11+9-b60-7590822)
# Java VM: OpenJDK 64-Bit Server VM (11.0.11+9-b60-7590822, mixed mode, tiered, compressed oops, g1 gc, windows-amd64)
# No core dump will be written. Minidumps are not enabled by default on client versions of Windows
#

---------------  S U M M A R Y ------------

Command Line: --add-opens=java.base/java.util=ALL-UNNAMED --add-opens=java.base/java.lang=ALL-UNNAMED --add-opens=java.base/java.lang.invoke=ALL-UNNAMED --add-opens=java.base/java.util=ALL-UNNAMED --add-opens=java.prefs/java.util.prefs=ALL-UNNAMED --add-opens=java.prefs/java.util.prefs=ALL-UNNAMED --add-opens=java.base/java.nio.charset=ALL-UNNAMED --add-opens=java.base/java.net=ALL-UNNAMED --add-opens=java.base/java.util.concurrent.atomic=ALL-UNNAMED -Xmx2048m -Dfile.encoding=UTF-8 -Duser.country=US -Duser.language=en -Duser.variant org.gradle.launcher.daemon.bootstrap.GradleDaemon 7.2

Host: Intel(R) Core(TM) i3-2120 CPU @ 3.30GHz, 4 cores, 3G,  Windows 10 , 64 bit Build 19041 (10.0.19041.1645)
Time: Wed Apr 27 14:08:54 2022 Georgian Standard Time elapsed time: 12.283404 seconds (0d 0h 0m 12s)

---------------  T H R E A D  ---------------

Current thread (0x0000029130f03000):  JavaThread "C2 CompilerThread0" daemon [_thread_in_native, id=2220, stack(0x000000bb8c400000,0x000000bb8c500000)]


Current CompileTask:
C2:  12283 5887       4       org.objectweb.asm.Frame::execute (2318 bytes)

Stack: [0x000000bb8c400000,0x000000bb8c500000]
Native frames: (J=compiled Java code, j=interpreted, Vv=VM code, C=native code)
V  [jvm.dll+0x5f214a]
V  [jvm.dll+0x726fb5]
V  [jvm.dll+0x7285cd]
V  [jvm.dll+0x728c83]
V  [jvm.dll+0x243278]
V  [jvm.dll+0xbc53c]
V  [jvm.dll+0xbca3c]
V  [jvm.dll+0x353e7d]
V  [jvm.dll+0x321893]
V  [jvm.dll+0x320d8a]
V  [jvm.dll+0x1fc1e2]
V  [jvm.dll+0x1fb3d4]
V  [jvm.dll+0x183d6c]
V  [jvm.dll+0x209a57]
V  [jvm.dll+0x2082a1]
V  [jvm.dll+0x6ef58f]
V  [jvm.dll+0x6e80b5]
V  [jvm.dll+0x5f1036]
C  [ucrtbase.dll+0x21bb2]
C  [KERNEL32.DLL+0x17034]
C  [ntdll.dll+0x52651]


---------------  P R O C E S S  ---------------

Threads class SMR info:
_java_thread_list=0x0000029138faa5b0, length=77, elements={
0x00000291172ef800, 0x0000029130e9e800, 0x0000029130ea9800, 0x0000029130efb800,
0x0000029130efd800, 0x0000029130eff000, 0x0000029130f03000, 0x0000029130f07800,
0x0000029130f10800, 0x0000029131989800, 0x00000291336af000, 0x000002913252f000,
0x0000029133996800, 0x0000029133c81800, 0x0000029133d31800, 0x0000029133d32800,
0x0000029134274800, 0x0000029133e6d800, 0x0000029132993800, 0x0000029132994000,
0x0000029132995000, 0x0000029132992800, 0x0000029134509000, 0x000002913450a000,
0x000002913450b000, 0x000002913450b800, 0x000002913450c800, 0x000002913450d000,
0x000002913450e000, 0x000002913450f000, 0x0000029135958800, 0x000002913595a800,
0x000002913595a000, 0x0000029135959000, 0x000002913595b800, 0x000002913595d000,
0x0000029135957800, 0x0000029135963800, 0x0000029135960800, 0x000002913595f000,
0x000002913595e000, 0x000002913595f800, 0x0000029135962000, 0x0000029135961000,
0x0000029135963000, 0x0000029135964800, 0x0000029135965800, 0x0000029135966000,
0x00000291373d9000, 0x00000291373d7800, 0x00000291373d4000, 0x00000291373da000,
0x00000291373d8800, 0x00000291373db000, 0x00000291373d5000, 0x00000291373db800,
0x00000291373d6000, 0x00000291373dc800, 0x00000291373d6800, 0x00000291373e3000,
0x00000291373de000, 0x00000291373e2000, 0x00000291373e0800, 0x00000291373df800,
0x00000291373e1800, 0x00000291373dd000, 0x00000291373df000, 0x0000029137181800,
0x0000029137182000, 0x0000029137180800, 0x0000029137184000, 0x000002913717e000,
0x000002913717f000, 0x000002913717f800, 0x0000029137186000, 0x0000029137188000,
0x0000029137184800
}

Java Threads: ( => current thread )
  0x00000291172ef800 JavaThread "main" [_thread_blocked, id=8852, stack(0x000000bb8b800000,0x000000bb8b900000)]
  0x0000029130e9e800 JavaThread "Reference Handler" daemon [_thread_blocked, id=8688, stack(0x000000bb8bf00000,0x000000bb8c000000)]
  0x0000029130ea9800 JavaThread "Finalizer" daemon [_thread_blocked, id=8084, stack(0x000000bb8c000000,0x000000bb8c100000)]
  0x0000029130efb800 JavaThread "Signal Dispatcher" daemon [_thread_blocked, id=8508, stack(0x000000bb8c100000,0x000000bb8c200000)]
  0x0000029130efd800 JavaThread "Attach Listener" daemon [_thread_blocked, id=2248, stack(0x000000bb8c200000,0x000000bb8c300000)]
  0x0000029130eff000 JavaThread "Service Thread" daemon [_thread_blocked, id=5528, stack(0x000000bb8c300000,0x000000bb8c400000)]
=>0x0000029130f03000 JavaThread "C2 CompilerThread0" daemon [_thread_in_native, id=2220, stack(0x000000bb8c400000,0x000000bb8c500000)]
  0x0000029130f07800 JavaThread "C1 CompilerThread0" daemon [_thread_blocked, id=6552, stack(0x000000bb8c500000,0x000000bb8c600000)]
  0x0000029130f10800 JavaThread "Sweeper thread" daemon [_thread_blocked, id=7448, stack(0x000000bb8c600000,0x000000bb8c700000)]
  0x0000029131989800 JavaThread "Common-Cleaner" daemon [_thread_blocked, id=7340, stack(0x000000bb8c700000,0x000000bb8c800000)]
  0x00000291336af000 JavaThread "Daemon health stats" [_thread_blocked, id=5484, stack(0x000000bb8cb00000,0x000000bb8cc00000)]
  0x000002913252f000 JavaThread "Incoming local TCP Connector on port 56788" [_thread_in_native, id=9024, stack(0x000000bb8cc00000,0x000000bb8cd00000)]
  0x0000029133996800 JavaThread "Daemon periodic checks" [_thread_blocked, id=4892, stack(0x000000bb8cd00000,0x000000bb8ce00000)]
  0x0000029133c81800 JavaThread "Daemon" [_thread_blocked, id=6500, stack(0x000000bb8ce00000,0x000000bb8cf00000)]
  0x0000029133d31800 JavaThread "Handler for socket connection from /127.0.0.1:56788 to /127.0.0.1:56789" [_thread_in_native, id=5140, stack(0x000000bb8cf00000,0x000000bb8d000000)]
  0x0000029133d32800 JavaThread "Cancel handler" [_thread_blocked, id=1588, stack(0x000000bb8d000000,0x000000bb8d100000)]
  0x0000029134274800 JavaThread "Daemon worker" [_thread_in_vm, id=8408, stack(0x000000bb8d100000,0x000000bb8d200000)]
  0x0000029133e6d800 JavaThread "Asynchronous log dispatcher for DefaultDaemonConnection: socket connection from /127.0.0.1:56788 to /127.0.0.1:56789" [_thread_blocked, id=1700, stack(0x000000bb8d200000,0x000000bb8d300000)]
  0x0000029132993800 JavaThread "Stdin handler" [_thread_blocked, id=3020, stack(0x000000bb8d300000,0x000000bb8d400000)]
  0x0000029132994000 JavaThread "Daemon client event forwarder" [_thread_blocked, id=5760, stack(0x000000bb8d400000,0x000000bb8d500000)]
  0x0000029132995000 JavaThread "Cache worker for journal cache (C:\Users\giorgi\.gradle\caches\journal-1)" [_thread_blocked, id=8712, stack(0x000000bb8c900000,0x000000bb8ca00000)]
  0x0000029132992800 JavaThread "File lock request listener" [_thread_in_native, id=8124, stack(0x000000bb8d700000,0x000000bb8d800000)]
  0x0000029134509000 JavaThread "Cache worker for file hash cache (C:\Users\giorgi\.gradle\caches\7.2\fileHashes)" [_thread_blocked, id=4204, stack(0x000000bb8d800000,0x000000bb8d900000)]
  0x000002913450a000 JavaThread "Cache worker for file hash cache (C:\Users\giorgi\StudioProjects\altaapp\.gradle\7.2\fileHashes)" [_thread_blocked, id=1180, stack(0x000000bb8da00000,0x000000bb8db00000)]
  0x000002913450b000 JavaThread "File watcher server" daemon [_thread_in_native, id=8768, stack(0x000000bb8db00000,0x000000bb8dc00000)]
  0x000002913450b800 JavaThread "File watcher consumer" daemon [_thread_blocked, id=7752, stack(0x000000bb8dc00000,0x000000bb8dd00000)]
  0x000002913450c800 JavaThread "Cache worker for checksums cache (C:\Users\giorgi\StudioProjects\altaapp\.gradle\checksums)" [_thread_blocked, id=2164, stack(0x000000bb8dd00000,0x000000bb8de00000)]
  0x000002913450d000 JavaThread "Cache worker for cache directory md-supplier (C:\Users\giorgi\.gradle\caches\7.2\md-supplier)" [_thread_blocked, id=5072, stack(0x000000bb8de00000,0x000000bb8df00000)]
  0x000002913450e000 JavaThread "Cache worker for cache directory md-rule (C:\Users\giorgi\.gradle\caches\7.2\md-rule)" [_thread_blocked, id=7804, stack(0x000000bb8df00000,0x000000bb8e000000)]
  0x000002913450f000 JavaThread "Cache worker for execution history cache (C:\Users\giorgi\.gradle\caches\7.2\executionHistory)" [_thread_blocked, id=8416, stack(0x000000bb8e000000,0x000000bb8e100000)]
  0x0000029135958800 JavaThread "jar transforms" [_thread_blocked, id=4484, stack(0x000000bb8e100000,0x000000bb8e200000)]
  0x000002913595a800 JavaThread "Cache worker for file content cache (C:\Users\giorgi\.gradle\caches\7.2\fileContent)" [_thread_blocked, id=6656, stack(0x000000bb8e200000,0x000000bb8e300000)]
  0x000002913595a000 JavaThread "jar transforms Thread 2" [_thread_blocked, id=5948, stack(0x000000bb8e300000,0x000000bb8e400000)]
  0x0000029135959000 JavaThread "Cache worker for dependencies-accessors (C:\Users\giorgi\StudioProjects\altaapp\.gradle\7.2\dependencies-accessors)" [_thread_blocked, id=1868, stack(0x000000bb8e400000,0x000000bb8e500000)]
  0x000002913595b800 JavaThread "jar transforms Thread 3" [_thread_blocked, id=6700, stack(0x000000bb8e500000,0x000000bb8e600000)]
  0x000002913595d000 JavaThread "Cache worker for Build Output Cleanup Cache (C:\Users\giorgi\StudioProjects\altaapp\.gradle\buildOutputCleanup)" [_thread_blocked, id=1352, stack(0x000000bb8e600000,0x000000bb8e700000)]
  0x0000029135957800 JavaThread "Unconstrained build operations" [_thread_blocked, id=7940, stack(0x000000bb8e700000,0x000000bb8e800000)]
  0x0000029135963800 JavaThread "Unconstrained build operations Thread 2" [_thread_blocked, id=5980, stack(0x000000bb8e800000,0x000000bb8e900000)]
  0x0000029135960800 JavaThread "Unconstrained build operations Thread 3" [_thread_blocked, id=4724, stack(0x000000bb8e900000,0x000000bb8ea00000)]
  0x000002913595f000 JavaThread "Unconstrained build operations Thread 4" [_thread_blocked, id=5820, stack(0x000000bb8ea00000,0x000000bb8eb00000)]
  0x000002913595e000 JavaThread "Unconstrained build operations Thread 5" [_thread_blocked, id=6848, stack(0x000000bb8eb00000,0x000000bb8ec00000)]
  0x000002913595f800 JavaThread "Unconstrained build operations Thread 6" [_thread_blocked, id=7484, stack(0x000000bb8ec00000,0x000000bb8ed00000)]
  0x0000029135962000 JavaThread "Unconstrained build operations Thread 7" [_thread_blocked, id=6592, stack(0x000000bb8ed00000,0x000000bb8ee00000)]
  0x0000029135961000 JavaThread "Unconstrained build operations Thread 8" [_thread_blocked, id=8672, stack(0x000000bb8ee00000,0x000000bb8ef00000)]
  0x0000029135963000 JavaThread "Unconstrained build operations Thread 9" [_thread_blocked, id=5776, stack(0x000000bb8ef00000,0x000000bb8f000000)]
  0x0000029135964800 JavaThread "Unconstrained build operations Thread 10" [_thread_blocked, id=3264, stack(0x000000bb8f000000,0x000000bb8f100000)]
  0x0000029135965800 JavaThread "Unconstrained build operations Thread 11" [_thread_blocked, id=7524, stack(0x000000bb8f100000,0x000000bb8f200000)]
  0x0000029135966000 JavaThread "Unconstrained build operations Thread 12" [_thread_blocked, id=3744, stack(0x000000bb8f200000,0x000000bb8f300000)]
  0x00000291373d9000 JavaThread "Unconstrained build operations Thread 13" [_thread_blocked, id=6788, stack(0x000000bb8f300000,0x000000bb8f400000)]
  0x00000291373d7800 JavaThread "Unconstrained build operations Thread 14" [_thread_blocked, id=5884, stack(0x000000bb8f400000,0x000000bb8f500000)]
  0x00000291373d4000 JavaThread "Unconstrained build operations Thread 15" [_thread_blocked, id=5036, stack(0x000000bb8f500000,0x000000bb8f600000)]
  0x00000291373da000 JavaThread "Unconstrained build operations Thread 16" [_thread_blocked, id=2140, stack(0x000000bb8f600000,0x000000bb8f700000)]
  0x00000291373d8800 JavaThread "Unconstrained build operations Thread 17" [_thread_blocked, id=4168, stack(0x000000bb8f700000,0x000000bb8f800000)]
  0x00000291373db000 JavaThread "Unconstrained build operations Thread 18" [_thread_blocked, id=1108, stack(0x000000bb8f800000,0x000000bb8f900000)]
  0x00000291373d5000 JavaThread "Unconstrained build operations Thread 19" [_thread_blocked, id=6124, stack(0x000000bb8f900000,0x000000bb8fa00000)]
  0x00000291373db800 JavaThread "Unconstrained build operations Thread 20" [_thread_blocked, id=336, stack(0x000000bb8fa00000,0x000000bb8fb00000)]
  0x00000291373d6000 JavaThread "Unconstrained build operations Thread 21" [_thread_blocked, id=8244, stack(0x000000bb8fb00000,0x000000bb8fc00000)]
  0x00000291373dc800 JavaThread "Unconstrained build operations Thread 22" [_thread_blocked, id=7316, stack(0x000000bb8fc00000,0x000000bb8fd00000)]
  0x00000291373d6800 JavaThread "Unconstrained build operations Thread 23" [_thread_blocked, id=1256, stack(0x000000bb8fd00000,0x000000bb8fe00000)]
  0x00000291373e3000 JavaThread "Unconstrained build operations Thread 24" [_thread_blocked, id=7620, stack(0x000000bb8fe00000,0x000000bb8ff00000)]
  0x00000291373de000 JavaThread "Unconstrained build operations Thread 25" [_thread_blocked, id=1548, stack(0x000000bb8ff00000,0x000000bb90000000)]
  0x00000291373e2000 JavaThread "Unconstrained build operations Thread 26" [_thread_blocked, id=840, stack(0x000000bb90000000,0x000000bb90100000)]
  0x00000291373e0800 JavaThread "Unconstrained build operations Thread 27" [_thread_blocked, id=460, stack(0x000000bb90100000,0x000000bb90200000)]
  0x00000291373df800 JavaThread "Unconstrained build operations Thread 28" [_thread_blocked, id=7036, stack(0x000000bb90200000,0x000000bb90300000)]
  0x00000291373e1800 JavaThread "Unconstrained build operations Thread 29" [_thread_blocked, id=8456, stack(0x000000bb90300000,0x000000bb90400000)]
  0x00000291373dd000 JavaThread "Unconstrained build operations Thread 30" [_thread_blocked, id=6976, stack(0x000000bb90400000,0x000000bb90500000)]
  0x00000291373df000 JavaThread "Unconstrained build operations Thread 31" [_thread_blocked, id=1436, stack(0x000000bb90500000,0x000000bb90600000)]
  0x0000029137181800 JavaThread "Unconstrained build operations Thread 32" [_thread_blocked, id=6888, stack(0x000000bb90600000,0x000000bb90700000)]
  0x0000029137182000 JavaThread "Unconstrained build operations Thread 33" [_thread_blocked, id=3520, stack(0x000000bb90700000,0x000000bb90800000)]
  0x0000029137180800 JavaThread "Unconstrained build operations Thread 34" [_thread_blocked, id=232, stack(0x000000bb90800000,0x000000bb90900000)]
  0x0000029137184000 JavaThread "Unconstrained build operations Thread 35" [_thread_blocked, id=3208, stack(0x000000bb90900000,0x000000bb90a00000)]
  0x000002913717e000 JavaThread "Unconstrained build operations Thread 36" [_thread_blocked, id=7768, stack(0x000000bb90a00000,0x000000bb90b00000)]
  0x000002913717f000 JavaThread "Unconstrained build operations Thread 37" [_thread_blocked, id=6072, stack(0x000000bb90b00000,0x000000bb90c00000)]
  0x000002913717f800 JavaThread "Unconstrained build operations Thread 38" [_thread_blocked, id=8252, stack(0x000000bb90c00000,0x000000bb90d00000)]
  0x0000029137186000 JavaThread "Unconstrained build operations Thread 39" [_thread_blocked, id=7688, stack(0x000000bb90d00000,0x000000bb90e00000)]
  0x0000029137188000 JavaThread "Unconstrained build operations Thread 40" [_thread_blocked, id=472, stack(0x000000bb90e00000,0x000000bb90f00000)]
  0x0000029137184800 JavaThread "jar transforms Thread 4" [_thread_blocked, id=6948, stack(0x000000bb90f00000,0x000000bb91000000)]

Other Threads:
  0x0000029130e9a000 VMThread "VM Thread" [stack: 0x000000bb8be00000,0x000000bb8bf00000] [id=5984]
  0x000002913199a800 WatcherThread [stack: 0x000000bb8c800000,0x000000bb8c900000] [id=9148]
  0x0000029117309000 GCTaskThread "GC Thread#0" [stack: 0x000000bb8b900000,0x000000bb8ba00000] [id=8160]
  0x0000029131c44800 GCTaskThread "GC Thread#1" [stack: 0x000000bb8ca00000,0x000000bb8cb00000] [id=1040]
  0x00000291344a3800 GCTaskThread "GC Thread#2" [stack: 0x000000bb8d500000,0x000000bb8d600000] [id=732]
  0x0000029133d9c800 GCTaskThread "GC Thread#3" [stack: 0x000000bb8d600000,0x000000bb8d700000] [id=1388]
  0x0000029117339800 ConcurrentGCThread "G1 Main Marker" [stack: 0x000000bb8ba00000,0x000000bb8bb00000] [id=2872]
  0x000002911733b800 ConcurrentGCThread "G1 Conc#0" [stack: 0x000000bb8bb00000,0x000000bb8bc00000] [id=3984]
  0x0000029117392800 ConcurrentGCThread "G1 Refine#0" [stack: 0x000000bb8bc00000,0x000000bb8bd00000] [id=3028]
  0x0000029117393800 ConcurrentGCThread "G1 Young RemSet Sampling" [stack: 0x000000bb8bd00000,0x000000bb8be00000] [id=7964]

Threads with active compile tasks:
C2 CompilerThread0  12303 5887       4       org.objectweb.asm.Frame::execute (2318 bytes)

VM state:not at safepoint (normal execution)

VM Mutex/Monitor currently owned by a thread: None

Heap address: 0x0000000080000000, size: 2048 MB, Compressed Oops mode: 32-bit
Narrow klass base: 0x0000000000000000, Narrow klass shift: 3
Compressed class space size: 1073741824 Address: 0x0000000100000000

Heap:
 garbage-first heap   total 116736K, used 83968K [0x0000000080000000, 0x0000000100000000)
  region size 1024K, 41 young (41984K), 8 survivors (8192K)
 Metaspace       used 57375K, capacity 58830K, committed 59084K, reserved 1099776K
  class space    used 7293K, capacity 7795K, committed 7884K, reserved 1048576K
Heap Regions: E=young(eden), S=young(survivor), O=old, HS=humongous(starts), HC=humongous(continues), CS=collection set, F=free, A=archive, TAMS=top-at-mark-start (previous, next)
|   0|0x0000000080000000, 0x0000000080100000, 0x0000000080100000|100%| O|  |TAMS 0x0000000080100000, 0x0000000080000000| Untracked 
|   1|0x0000000080100000, 0x0000000080200000, 0x0000000080200000|100%| O|  |TAMS 0x0000000080200000, 0x0000000080100000| Untracked 
|   2|0x0000000080200000, 0x0000000080300000, 0x0000000080300000|100%| O|  |TAMS 0x0000000080300000, 0x0000000080200000| Untracked 
|   3|0x0000000080300000, 0x0000000080400000, 0x0000000080400000|100%|HS|  |TAMS 0x0000000080400000, 0x0000000080300000| Complete 
|   4|0x0000000080400000, 0x0000000080500000, 0x0000000080500000|100%|HC|  |TAMS 0x0000000080500000, 0x0000000080400000| Complete 
|   5|0x0000000080500000, 0x0000000080600000, 0x0000000080600000|100%|HC|  |TAMS 0x0000000080600000, 0x0000000080500000| Complete 
|   6|0x0000000080600000, 0x0000000080700000, 0x0000000080700000|100%| O|  |TAMS 0x0000000080700000, 0x0000000080600000| Untracked 
|   7|0x0000000080700000, 0x0000000080800000, 0x0000000080800000|100%| O|  |TAMS 0x0000000080800000, 0x0000000080700000| Untracked 
|   8|0x0000000080800000, 0x0000000080900000, 0x0000000080900000|100%| O|  |TAMS 0x0000000080900000, 0x0000000080800000| Untracked 
|   9|0x0000000080900000, 0x0000000080a00000, 0x0000000080a00000|100%| O|  |TAMS 0x0000000080a00000, 0x0000000080900000| Untracked 
|  10|0x0000000080a00000, 0x0000000080b00000, 0x0000000080b00000|100%| O|  |TAMS 0x0000000080b00000, 0x0000000080a00000| Untracked 
|  11|0x0000000080b00000, 0x0000000080c00000, 0x0000000080c00000|100%| O|  |TAMS 0x0000000080c00000, 0x0000000080b00000| Untracked 
|  12|0x0000000080c00000, 0x0000000080d00000, 0x0000000080d00000|100%| O|  |TAMS 0x0000000080d00000, 0x0000000080c00000| Untracked 
|  13|0x0000000080d00000, 0x0000000080e00000, 0x0000000080e00000|100%| O|  |TAMS 0x0000000080e00000, 0x0000000080d00000| Untracked 
|  14|0x0000000080e00000, 0x0000000080f00000, 0x0000000080f00000|100%| O|  |TAMS 0x0000000080f00000, 0x0000000080e00000| Untracked 
|  15|0x0000000080f00000, 0x0000000081000000, 0x0000000081000000|100%| O|  |TAMS 0x0000000081000000, 0x0000000080f00000| Untracked 
|  16|0x0000000081000000, 0x0000000081100000, 0x0000000081100000|100%| O|  |TAMS 0x00000000810f7000, 0x0000000081000000| Untracked 
|  17|0x0000000081100000, 0x0000000081200000, 0x0000000081200000|100%| O|  |TAMS 0x0000000081100000, 0x0000000081100000| Untracked 
|  18|0x0000000081200000, 0x0000000081300000, 0x0000000081300000|100%| O|  |TAMS 0x0000000081200000, 0x0000000081200000| Untracked 
|  19|0x0000000081300000, 0x0000000081400000, 0x0000000081400000|100%| O|  |TAMS 0x0000000081300000, 0x0000000081300000| Untracked 
|  20|0x0000000081400000, 0x0000000081500000, 0x0000000081500000|100%| O|  |TAMS 0x0000000081400000, 0x0000000081400000| Untracked 
|  21|0x0000000081500000, 0x0000000081600000, 0x0000000081600000|100%| O|  |TAMS 0x0000000081500000, 0x0000000081500000| Untracked 
|  22|0x0000000081600000, 0x0000000081700000, 0x0000000081700000|100%| O|  |TAMS 0x0000000081600000, 0x0000000081600000| Untracked 
|  23|0x0000000081700000, 0x0000000081800000, 0x0000000081800000|100%| O|  |TAMS 0x0000000081700000, 0x0000000081700000| Untracked 
|  24|0x0000000081800000, 0x0000000081900000, 0x0000000081900000|100%| O|  |TAMS 0x0000000081800000, 0x0000000081800000| Untracked 
|  25|0x0000000081900000, 0x0000000081a00000, 0x0000000081a00000|100%| O|  |TAMS 0x0000000081900000, 0x0000000081900000| Untracked 
|  26|0x0000000081a00000, 0x0000000081b00000, 0x0000000081b00000|100%| O|  |TAMS 0x0000000081a00000, 0x0000000081a00000| Untracked 
|  27|0x0000000081b00000, 0x0000000081c00000, 0x0000000081c00000|100%|HS|  |TAMS 0x0000000081b00000, 0x0000000081b00000| Complete 
|  28|0x0000000081c00000, 0x0000000081d00000, 0x0000000081d00000|100%|HS|  |TAMS 0x0000000081c00000, 0x0000000081c00000| Complete 
|  29|0x0000000081d00000, 0x0000000081e00000, 0x0000000081e00000|100%|HS|  |TAMS 0x0000000081d00000, 0x0000000081d00000| Complete 
|  30|0x0000000081e00000, 0x0000000081f00000, 0x0000000081f00000|100%|HS|  |TAMS 0x0000000081e00000, 0x0000000081e00000| Complete 
|  31|0x0000000081f00000, 0x0000000082000000, 0x0000000082000000|100%|HS|  |TAMS 0x0000000081f00000, 0x0000000081f00000| Complete 
|  32|0x0000000082000000, 0x0000000082100000, 0x0000000082100000|100%|HC|  |TAMS 0x0000000082000000, 0x0000000082000000| Complete 
|  33|0x0000000082100000, 0x0000000082200000, 0x0000000082200000|100%|HC|  |TAMS 0x0000000082100000, 0x0000000082100000| Complete 
|  34|0x0000000082200000, 0x0000000082300000, 0x0000000082300000|100%|HS|  |TAMS 0x0000000082200000, 0x0000000082200000| Complete 
|  35|0x0000000082300000, 0x0000000082400000, 0x0000000082400000|100%|HC|  |TAMS 0x0000000082300000, 0x0000000082300000| Complete 
|  36|0x0000000082400000, 0x0000000082500000, 0x0000000082500000|100%| O|  |TAMS 0x0000000082400000, 0x0000000082400000| Untracked 
|  37|0x0000000082500000, 0x0000000082600000, 0x0000000082600000|100%| O|  |TAMS 0x0000000082500000, 0x0000000082500000| Untracked 
|  38|0x0000000082600000, 0x0000000082700000, 0x0000000082700000|100%| O|  |TAMS 0x0000000082600000, 0x0000000082600000| Untracked 
|  39|0x0000000082700000, 0x0000000082800000, 0x0000000082800000|100%| O|  |TAMS 0x0000000082700000, 0x0000000082700000| Untracked 
|  40|0x0000000082800000, 0x0000000082900000, 0x0000000082900000|100%| O|  |TAMS 0x0000000082800000, 0x0000000082800000| Untracked 
|  41|0x0000000082900000, 0x0000000082a00000, 0x0000000082a00000|100%| O|  |TAMS 0x0000000082900000, 0x0000000082900000| Untracked 
|  42|0x0000000082a00000, 0x0000000082a00000, 0x0000000082b00000|  0%| F|  |TAMS 0x0000000082a00000, 0x0000000082a00000| Untracked 
|  43|0x0000000082b00000, 0x0000000082b00000, 0x0000000082c00000|  0%| F|  |TAMS 0x0000000082b00000, 0x0000000082b00000| Untracked 
|  44|0x0000000082c00000, 0x0000000082c00000, 0x0000000082d00000|  0%| F|  |TAMS 0x0000000082c00000, 0x0000000082c00000| Untracked 
|  45|0x0000000082d00000, 0x0000000082d00000, 0x0000000082e00000|  0%| F|  |TAMS 0x0000000082d00000, 0x0000000082d00000| Untracked 
|  46|0x0000000082e00000, 0x0000000082e00000, 0x0000000082f00000|  0%| F|  |TAMS 0x0000000082e00000, 0x0000000082e00000| Untracked 
|  47|0x0000000082f00000, 0x0000000082f00000, 0x0000000083000000|  0%| F|  |TAMS 0x0000000082f00000, 0x0000000082f00000| Untracked 
|  48|0x0000000083000000, 0x0000000083100000, 0x0000000083100000|100%| S|CS|TAMS 0x0000000083000000, 0x0000000083000000| Complete 
|  49|0x0000000083100000, 0x0000000083200000, 0x0000000083200000|100%| S|CS|TAMS 0x0000000083100000, 0x0000000083100000| Complete 
|  50|0x0000000083200000, 0x0000000083300000, 0x0000000083300000|100%| S|CS|TAMS 0x0000000083200000, 0x0000000083200000| Complete 
|  51|0x0000000083300000, 0x0000000083400000, 0x0000000083400000|100%| S|CS|TAMS 0x0000000083300000, 0x0000000083300000| Complete 
|  52|0x0000000083400000, 0x0000000083500000, 0x0000000083500000|100%| S|CS|TAMS 0x0000000083400000, 0x0000000083400000| Complete 
|  53|0x0000000083500000, 0x0000000083600000, 0x0000000083600000|100%| S|CS|TAMS 0x0000000083500000, 0x0000000083500000| Complete 
|  54|0x0000000083600000, 0x0000000083700000, 0x0000000083700000|100%| S|CS|TAMS 0x0000000083600000, 0x0000000083600000| Complete 
|  55|0x0000000083700000, 0x0000000083800000, 0x0000000083800000|100%| S|CS|TAMS 0x0000000083700000, 0x0000000083700000| Complete 
|  56|0x0000000083800000, 0x0000000083800000, 0x0000000083900000|  0%| F|  |TAMS 0x0000000083800000, 0x0000000083800000| Untracked 
|  57|0x0000000083900000, 0x0000000083900000, 0x0000000083a00000|  0%| F|  |TAMS 0x0000000083900000, 0x0000000083900000| Untracked 
|  58|0x0000000083a00000, 0x0000000083a00000, 0x0000000083b00000|  0%| F|  |TAMS 0x0000000083a00000, 0x0000000083a00000| Untracked 
|  59|0x0000000083b00000, 0x0000000083b00000, 0x0000000083c00000|  0%| F|  |TAMS 0x0000000083b00000, 0x0000000083b00000| Untracked 
|  60|0x0000000083c00000, 0x0000000083c00000, 0x0000000083d00000|  0%| F|  |TAMS 0x0000000083c00000, 0x0000000083c00000| Untracked 
|  61|0x0000000083d00000, 0x0000000083d00000, 0x0000000083e00000|  0%| F|  |TAMS 0x0000000083d00000, 0x0000000083d00000| Untracked 
|  62|0x0000000083e00000, 0x0000000083e00000, 0x0000000083f00000|  0%| F|  |TAMS 0x0000000083e00000, 0x0000000083e00000| Untracked 
|  63|0x0000000083f00000, 0x0000000083f00000, 0x0000000084000000|  0%| F|  |TAMS 0x0000000083f00000, 0x0000000083f00000| Untracked 
|  64|0x0000000084000000, 0x0000000084000000, 0x0000000084100000|  0%| F|  |TAMS 0x0000000084000000, 0x0000000084000000| Untracked 
|  65|0x0000000084100000, 0x0000000084100000, 0x0000000084200000|  0%| F|  |TAMS 0x0000000084100000, 0x0000000084100000| Untracked 
|  66|0x0000000084200000, 0x0000000084200000, 0x0000000084300000|  0%| F|  |TAMS 0x0000000084200000, 0x0000000084200000| Untracked 
|  67|0x0000000084300000, 0x0000000084300000, 0x0000000084400000|  0%| F|  |TAMS 0x0000000084300000, 0x0000000084300000| Untracked 
|  68|0x0000000084400000, 0x0000000084400000, 0x0000000084500000|  0%| F|  |TAMS 0x0000000084400000, 0x0000000084400000| Untracked 
|  69|0x0000000084500000, 0x0000000084500000, 0x0000000084600000|  0%| F|  |TAMS 0x0000000084500000, 0x0000000084500000| Untracked 
|  70|0x0000000084600000, 0x0000000084600000, 0x0000000084700000|  0%| F|  |TAMS 0x0000000084600000, 0x0000000084600000| Untracked 
|  71|0x0000000084700000, 0x0000000084700000, 0x0000000084800000|  0%| F|  |TAMS 0x0000000084700000, 0x0000000084700000| Untracked 
|  72|0x0000000084800000, 0x0000000084800000, 0x0000000084900000|  0%| F|  |TAMS 0x0000000084800000, 0x0000000084800000| Untracked 
|  73|0x0000000084900000, 0x0000000084900000, 0x0000000084a00000|  0%| F|  |TAMS 0x0000000084900000, 0x0000000084900000| Untracked 
|  74|0x0000000084a00000, 0x0000000084a00000, 0x0000000084b00000|  0%| F|  |TAMS 0x0000000084a00000, 0x0000000084a00000| Untracked 
|  75|0x0000000084b00000, 0x0000000084b00000, 0x0000000084c00000|  0%| F|  |TAMS 0x0000000084b00000, 0x0000000084b00000| Untracked 
|  76|0x0000000084c00000, 0x0000000084c00000, 0x0000000084d00000|  0%| F|  |TAMS 0x0000000084c00000, 0x0000000084c00000| Untracked 
|  77|0x0000000084d00000, 0x0000000084d00000, 0x0000000084e00000|  0%| F|  |TAMS 0x0000000084d00000, 0x0000000084d00000| Untracked 
|  78|0x0000000084e00000, 0x0000000084e00000, 0x0000000084f00000|  0%| F|  |TAMS 0x0000000084e00000, 0x0000000084e00000| Untracked 
|  79|0x0000000084f00000, 0x0000000084f00000, 0x0000000085000000|  0%| F|  |TAMS 0x0000000084f00000, 0x0000000084f00000| Untracked 
|  80|0x0000000085000000, 0x0000000085000000, 0x0000000085100000|  0%| F|  |TAMS 0x0000000085000000, 0x0000000085000000| Untracked 
|  81|0x0000000085100000, 0x0000000085200000, 0x0000000085200000|100%| E|  |TAMS 0x0000000085100000, 0x0000000085100000| Complete 
|  82|0x0000000085200000, 0x0000000085300000, 0x0000000085300000|100%| E|CS|TAMS 0x0000000085200000, 0x0000000085200000| Complete 
|  83|0x0000000085300000, 0x0000000085400000, 0x0000000085400000|100%| E|CS|TAMS 0x0000000085300000, 0x0000000085300000| Complete 
|  84|0x0000000085400000, 0x0000000085500000, 0x0000000085500000|100%| E|CS|TAMS 0x0000000085400000, 0x0000000085400000| Complete 
|  85|0x0000000085500000, 0x0000000085600000, 0x0000000085600000|100%| E|CS|TAMS 0x0000000085500000, 0x0000000085500000| Complete 
|  86|0x0000000085600000, 0x0000000085700000, 0x0000000085700000|100%| E|CS|TAMS 0x0000000085600000, 0x0000000085600000| Complete 
|  87|0x0000000085700000, 0x0000000085800000, 0x0000000085800000|100%| E|CS|TAMS 0x0000000085700000, 0x0000000085700000| Complete 
|  88|0x0000000085800000, 0x0000000085900000, 0x0000000085900000|100%| E|CS|TAMS 0x0000000085800000, 0x0000000085800000| Complete 
|  89|0x0000000085900000, 0x0000000085a00000, 0x0000000085a00000|100%| E|CS|TAMS 0x0000000085900000, 0x0000000085900000| Complete 
|  90|0x0000000085a00000, 0x0000000085b00000, 0x0000000085b00000|100%| E|CS|TAMS 0x0000000085a00000, 0x0000000085a00000| Complete 
|  91|0x0000000085b00000, 0x0000000085c00000, 0x0000000085c00000|100%| E|CS|TAMS 0x0000000085b00000, 0x0000000085b00000| Complete 
|  92|0x0000000085c00000, 0x0000000085d00000, 0x0000000085d00000|100%| E|CS|TAMS 0x0000000085c00000, 0x0000000085c00000| Complete 
|  93|0x0000000085d00000, 0x0000000085e00000, 0x0000000085e00000|100%| E|CS|TAMS 0x0000000085d00000, 0x0000000085d00000| Complete 
|  94|0x0000000085e00000, 0x0000000085f00000, 0x0000000085f00000|100%| E|CS|TAMS 0x0000000085e00000, 0x0000000085e00000| Complete 
|  95|0x0000000085f00000, 0x0000000086000000, 0x0000000086000000|100%| E|CS|TAMS 0x0000000085f00000, 0x0000000085f00000| Complete 
|  96|0x0000000086000000, 0x0000000086100000, 0x0000000086100000|100%| E|CS|TAMS 0x0000000086000000, 0x0000000086000000| Complete 
|  97|0x0000000086100000, 0x0000000086200000, 0x0000000086200000|100%| E|CS|TAMS 0x0000000086100000, 0x0000000086100000| Complete 
|  98|0x0000000086200000, 0x0000000086300000, 0x0000000086300000|100%| E|CS|TAMS 0x0000000086200000, 0x0000000086200000| Complete 
|  99|0x0000000086300000, 0x0000000086400000, 0x0000000086400000|100%| E|CS|TAMS 0x0000000086300000, 0x0000000086300000| Complete 
| 100|0x0000000086400000, 0x0000000086500000, 0x0000000086500000|100%| E|CS|TAMS 0x0000000086400000, 0x0000000086400000| Complete 
| 101|0x0000000086500000, 0x0000000086600000, 0x0000000086600000|100%| E|CS|TAMS 0x0000000086500000, 0x0000000086500000| Complete 
| 102|0x0000000086600000, 0x0000000086700000, 0x0000000086700000|100%| E|CS|TAMS 0x0000000086600000, 0x0000000086600000| Complete 
| 103|0x0000000086700000, 0x0000000086800000, 0x0000000086800000|100%| E|CS|TAMS 0x0000000086700000, 0x0000000086700000| Complete 
| 104|0x0000000086800000, 0x0000000086900000, 0x0000000086900000|100%| E|CS|TAMS 0x0000000086800000, 0x0000000086800000| Complete 
| 105|0x0000000086900000, 0x0000000086a00000, 0x0000000086a00000|100%| E|CS|TAMS 0x0000000086900000, 0x0000000086900000| Complete 
| 106|0x0000000086a00000, 0x0000000086b00000, 0x0000000086b00000|100%| E|CS|TAMS 0x0000000086a00000, 0x0000000086a00000| Complete 
| 107|0x0000000086b00000, 0x0000000086c00000, 0x0000000086c00000|100%| E|CS|TAMS 0x0000000086b00000, 0x0000000086b00000| Complete 
| 108|0x0000000086c00000, 0x0000000086d00000, 0x0000000086d00000|100%| E|CS|TAMS 0x0000000086c00000, 0x0000000086c00000| Complete 
| 109|0x0000000086d00000, 0x0000000086e00000, 0x0000000086e00000|100%| E|CS|TAMS 0x0000000086d00000, 0x0000000086d00000| Complete 
| 110|0x0000000086e00000, 0x0000000086f00000, 0x0000000086f00000|100%| E|CS|TAMS 0x0000000086e00000, 0x0000000086e00000| Complete 
| 111|0x0000000086f00000, 0x0000000087000000, 0x0000000087000000|100%| E|CS|TAMS 0x0000000086f00000, 0x0000000086f00000| Complete 
| 112|0x0000000087000000, 0x0000000087100000, 0x0000000087100000|100%| E|CS|TAMS 0x0000000087000000, 0x0000000087000000| Complete 
| 113|0x0000000087100000, 0x0000000087200000, 0x0000000087200000|100%| E|CS|TAMS 0x0000000087100000, 0x0000000087100000| Complete 

Card table byte_map: [0x000002912a1f0000,0x000002912a5f0000] _byte_map_base: 0x0000029129df0000

Marking Bits (Prev, Next): (CMBitMap*) 0x0000029117330948, (CMBitMap*) 0x0000029117330980
 Prev Bits: [0x000002912a9f0000, 0x000002912c9f0000)
 Next Bits: [0x000002912c9f0000, 0x000002912e9f0000)

Polling page: 0x00000291152c0000

Metaspace:

Usage:
  Non-class:     49.84 MB capacity,    48.91 MB ( 98%) used,   800.56 KB (  2%) free+waste,   149.94 KB ( <1%) overhead. 
      Class:      7.61 MB capacity,     7.13 MB ( 94%) used,   427.84 KB (  5%) free+waste,    70.94 KB ( <1%) overhead. 
       Both:     57.45 MB capacity,    56.04 MB ( 98%) used,     1.20 MB (  2%) free+waste,   220.88 KB ( <1%) overhead. 

Virtual space:
  Non-class space:       50.00 MB reserved,      50.00 MB (100%) committed 
      Class space:        1.00 GB reserved,       7.70 MB ( <1%) committed 
             Both:        1.05 GB reserved,      57.70 MB (  5%) committed 

Chunk freelists:
   Non-Class:  37.00 KB
       Class:  13.00 KB
        Both:  50.00 KB

MaxMetaspaceSize: 17179869184.00 GB
CompressedClassSpaceSize: 1.00 GB

CodeHeap 'non-profiled nmethods': size=120064Kb used=3274Kb max_used=3274Kb free=116789Kb
 bounds [0x00000291228b0000, 0x0000029122bf0000, 0x0000029129df0000]
CodeHeap 'profiled nmethods': size=120000Kb used=12222Kb max_used=12222Kb free=107778Kb
 bounds [0x000002911b380000, 0x000002911bf70000, 0x00000291228b0000]
CodeHeap 'non-nmethods': size=5696Kb used=2238Kb max_used=2278Kb free=3457Kb
 bounds [0x000002911adf0000, 0x000002911b060000, 0x000002911b380000]
 total_blobs=6710 nmethods=5892 adapters=729
 compilation: enabled
              stopped_count=0, restarted_count=0
 full_count=0

Compilation events (20 events):
Event: 12.187 Thread 0x0000029130f07800 5902       3       com.google.common.collect.AbstractMapBasedMultimap$WrappedCollection$WrappedIterator::hasNext (14 bytes)
Event: 12.188 Thread 0x0000029130f07800 nmethod 5902 0x000002911bf62690 code [0x000002911bf62880, 0x000002911bf62c88]
Event: 12.188 Thread 0x0000029130f07800 5900       3       com.google.common.collect.LinkedHashMultimap$ValueEntry::<init> (18 bytes)
Event: 12.188 Thread 0x0000029130f07800 nmethod 5900 0x000002911bf62e10 code [0x000002911bf62fe0, 0x000002911bf63318]
Event: 12.189 Thread 0x0000029130f07800 5903       3       org.objectweb.asm.Frame::addInitializedType (77 bytes)
Event: 12.189 Thread 0x0000029130f07800 nmethod 5903 0x000002911bf63410 code [0x000002911bf63600, 0x000002911bf63b28]
Event: 12.191 Thread 0x0000029130f07800 5904       3       org.gradle.internal.instantiation.generator.AbstractClassGenerator::inspectType (560 bytes)
Event: 12.195 Thread 0x0000029130f07800 nmethod 5904 0x000002911bf63d10 code [0x000002911bf64520, 0x000002911bf69748]
Event: 12.195 Thread 0x0000029130f07800 5905       3       org.objectweb.asm.Frame::getInitializedType (153 bytes)
Event: 12.196 Thread 0x0000029130f07800 nmethod 5905 0x000002911bf6b090 code [0x000002911bf6b2a0, 0x000002911bf6b7d8]
Event: 12.208 Thread 0x0000029130f07800 5906       3       java.lang.invoke.BoundMethodHandle$Species_L::make (11 bytes)
Event: 12.209 Thread 0x0000029130f07800 nmethod 5906 0x000002911bf6ba90 code [0x000002911bf6bc60, 0x000002911bf6bea8]
Event: 12.238 Thread 0x0000029130f07800 5907       3       com.google.common.reflect.Types$ClassOwnership$2::getOwnerType (14 bytes)
Event: 12.239 Thread 0x0000029130f07800 nmethod 5907 0x000002911bf6bf90 code [0x000002911bf6c1a0, 0x000002911bf6c648]
Event: 12.239 Thread 0x0000029130f07800 5908       3       com.google.common.reflect.Types::newParameterizedTypeWithOwner (44 bytes)
Event: 12.240 Thread 0x0000029130f07800 nmethod 5908 0x000002911bf6c810 code [0x000002911bf6cae0, 0x000002911bf6d788]
Event: 12.240 Thread 0x0000029130f07800 5909       3       com.google.common.reflect.Types::newParameterizedType (17 bytes)
Event: 12.241 Thread 0x0000029130f07800 nmethod 5909 0x000002911bf6dc10 code [0x000002911bf6de40, 0x000002911bf6e3d8]
Event: 12.241 Thread 0x0000029130f07800 5910       3       com.google.common.reflect.Types$ParameterizedTypeImpl::<init> (55 bytes)
Event: 12.242 Thread 0x0000029130f07800 nmethod 5910 0x000002911bf6e610 code [0x000002911bf6e8a0, 0x000002911bf6f428]

GC Heap History (20 events):
Event: 3.122 GC heap before
{Heap before GC invocations=5 (full 0):
 garbage-first heap   total 78848K, used 39311K [0x0000000080000000, 0x0000000100000000)
  region size 1024K, 27 young (27648K), 3 survivors (3072K)
 Metaspace       used 20685K, capacity 21079K, committed 21248K, reserved 1067008K
  class space    used 2540K, capacity 2693K, committed 2816K, reserved 1048576K
}
Event: 3.129 GC heap after
{Heap after GC invocations=6 (full 0):
 garbage-first heap   total 78848K, used 17596K [0x0000000080000000, 0x0000000100000000)
  region size 1024K, 1 young (1024K), 1 survivors (1024K)
 Metaspace       used 20685K, capacity 21079K, committed 21248K, reserved 1067008K
  class space    used 2540K, capacity 2693K, committed 2816K, reserved 1048576K
}
Event: 3.683 GC heap before
{Heap before GC invocations=7 (full 0):
 garbage-first heap   total 78848K, used 47292K [0x0000000080000000, 0x0000000100000000)
  region size 1024K, 30 young (30720K), 1 survivors (1024K)
 Metaspace       used 23772K, capacity 24334K, committed 24576K, reserved 1071104K
  class space    used 3029K, capacity 3229K, committed 3328K, reserved 1048576K
}
Event: 3.688 GC heap after
{Heap after GC invocations=8 (full 0):
 garbage-first heap   total 78848K, used 18543K [0x0000000080000000, 0x0000000100000000)
  region size 1024K, 2 young (2048K), 2 survivors (2048K)
 Metaspace       used 23772K, capacity 24334K, committed 24576K, reserved 1071104K
  class space    used 3029K, capacity 3229K, committed 3328K, reserved 1048576K
}
Event: 4.147 GC heap before
{Heap before GC invocations=8 (full 0):
 garbage-first heap   total 78848K, used 49263K [0x0000000080000000, 0x0000000100000000)
  region size 1024K, 33 young (33792K), 2 survivors (2048K)
 Metaspace       used 26590K, capacity 27215K, committed 27392K, reserved 1073152K
  class space    used 3498K, capacity 3725K, committed 3840K, reserved 1048576K
}
Event: 4.154 GC heap after
{Heap after GC invocations=9 (full 0):
 garbage-first heap   total 78848K, used 19747K [0x0000000080000000, 0x0000000100000000)
  region size 1024K, 4 young (4096K), 4 survivors (4096K)
 Metaspace       used 26590K, capacity 27215K, committed 27392K, reserved 1073152K
  class space    used 3498K, capacity 3725K, committed 3840K, reserved 1048576K
}
Event: 4.700 GC heap before
{Heap before GC invocations=9 (full 0):
 garbage-first heap   total 78848K, used 52515K [0x0000000080000000, 0x0000000100000000)
  region size 1024K, 36 young (36864K), 4 survivors (4096K)
 Metaspace       used 29850K, capacity 30504K, committed 30720K, reserved 1075200K
  class space    used 4006K, capacity 4271K, committed 4352K, reserved 1048576K
}
Event: 4.707 GC heap after
{Heap after GC invocations=10 (full 0):
 garbage-first heap   total 95232K, used 20843K [0x0000000080000000, 0x0000000100000000)
  region size 1024K, 4 young (4096K), 4 survivors (4096K)
 Metaspace       used 29850K, capacity 30504K, committed 30720K, reserved 1075200K
  class space    used 4006K, capacity 4271K, committed 4352K, reserved 1048576K
}
Event: 5.254 GC heap before
{Heap before GC invocations=10 (full 0):
 garbage-first heap   total 95232K, used 38251K [0x0000000080000000, 0x0000000100000000)
  region size 1024K, 22 young (22528K), 4 survivors (4096K)
 Metaspace       used 35031K, capacity 35789K, committed 35840K, reserved 1081344K
  class space    used 4559K, capacity 4863K, committed 4864K, reserved 1048576K
}
Event: 5.272 GC heap after
{Heap after GC invocations=11 (full 0):
 garbage-first heap   total 95232K, used 23227K [0x0000000080000000, 0x0000000100000000)
  region size 1024K, 6 young (6144K), 6 survivors (6144K)
 Metaspace       used 35031K, capacity 35789K, committed 35840K, reserved 1081344K
  class space    used 4559K, capacity 4863K, committed 4864K, reserved 1048576K
}
Event: 6.078 GC heap before
{Heap before GC invocations=12 (full 0):
 garbage-first heap   total 95232K, used 72379K [0x0000000080000000, 0x0000000100000000)
  region size 1024K, 52 young (53248K), 6 survivors (6144K)
 Metaspace       used 38696K, capacity 39610K, committed 39884K, reserved 1083392K
  class space    used 4947K, capacity 5280K, committed 5324K, reserved 1048576K
}
Event: 6.097 GC heap after
{Heap after GC invocations=13 (full 0):
 garbage-first heap   total 95232K, used 27258K [0x0000000080000000, 0x0000000100000000)
  region size 1024K, 7 young (7168K), 7 survivors (7168K)
 Metaspace       used 38696K, capacity 39610K, committed 39884K, reserved 1083392K
  class space    used 4947K, capacity 5280K, committed 5324K, reserved 1048576K
}
Event: 6.998 GC heap before
{Heap before GC invocations=13 (full 0):
 garbage-first heap   total 95232K, used 69242K [0x0000000080000000, 0x0000000100000000)
  region size 1024K, 48 young (49152K), 7 survivors (7168K)
 Metaspace       used 41968K, capacity 43027K, committed 43212K, reserved 1087488K
  class space    used 5426K, capacity 5793K, committed 5836K, reserved 1048576K
}
Event: 7.013 GC heap after
{Heap after GC invocations=14 (full 0):
 garbage-first heap   total 95232K, used 29907K [0x0000000080000000, 0x0000000100000000)
  region size 1024K, 3 young (3072K), 3 survivors (3072K)
 Metaspace       used 41968K, capacity 43027K, committed 43212K, reserved 1087488K
  class space    used 5426K, capacity 5793K, committed 5836K, reserved 1048576K
}
Event: 7.703 GC heap before
{Heap before GC invocations=14 (full 0):
 garbage-first heap   total 95232K, used 71891K [0x0000000080000000, 0x0000000100000000)
  region size 1024K, 44 young (45056K), 3 survivors (3072K)
 Metaspace       used 45582K, capacity 46761K, committed 47052K, reserved 1089536K
  class space    used 5848K, capacity 6247K, committed 6348K, reserved 1048576K
}
Event: 7.711 GC heap after
{Heap after GC invocations=15 (full 0):
 garbage-first heap   total 116736K, used 30650K [0x0000000080000000, 0x0000000100000000)
  region size 1024K, 4 young (4096K), 4 survivors (4096K)
 Metaspace       used 45582K, capacity 46761K, committed 47052K, reserved 1089536K
  class space    used 5848K, capacity 6247K, committed 6348K, reserved 1048576K
}
Event: 9.370 GC heap before
{Heap before GC invocations=15 (full 0):
 garbage-first heap   total 116736K, used 80826K [0x0000000080000000, 0x0000000100000000)
  region size 1024K, 54 young (55296K), 4 survivors (4096K)
 Metaspace       used 47934K, capacity 49277K, committed 49356K, reserved 1091584K
  class space    used 6114K, capacity 6590K, committed 6604K, reserved 1048576K
}
Event: 9.381 GC heap after
{Heap after GC invocations=16 (full 0):
 garbage-first heap   total 116736K, used 33913K [0x0000000080000000, 0x0000000100000000)
  region size 1024K, 7 young (7168K), 7 survivors (7168K)
 Metaspace       used 47934K, capacity 49277K, committed 49356K, reserved 1091584K
  class space    used 6114K, capacity 6590K, committed 6604K, reserved 1048576K
}
Event: 10.704 GC heap before
{Heap before GC invocations=16 (full 0):
 garbage-first heap   total 116736K, used 94329K [0x0000000080000000, 0x0000000100000000)
  region size 1024K, 58 young (59392K), 7 survivors (7168K)
 Metaspace       used 52809K, capacity 54224K, committed 54348K, reserved 1095680K
  class space    used 6715K, capacity 7223K, committed 7244K, reserved 1048576K
}
Event: 10.721 GC heap after
{Heap after GC invocations=17 (full 0):
 garbage-first heap   total 116736K, used 51200K [0x0000000080000000, 0x0000000100000000)
  region size 1024K, 8 young (8192K), 8 survivors (8192K)
 Metaspace       used 52809K, capacity 54224K, committed 54348K, reserved 1095680K
  class space    used 6715K, capacity 7223K, committed 7244K, reserved 1048576K
}

Deoptimization events (20 events):
Event: 10.803 Thread 0x0000029134274800 DEOPT PACKING pc=0x000002911b5e0297 sp=0x000000bb8d1f6a80
Event: 10.803 Thread 0x0000029134274800 DEOPT UNPACKING pc=0x000002911ae16d5e sp=0x000000bb8d1f6008 mode 0
Event: 10.807 Thread 0x0000029134274800 DEOPT PACKING pc=0x000002911b5e0297 sp=0x000000bb8d1f6890
Event: 10.807 Thread 0x0000029134274800 DEOPT UNPACKING pc=0x000002911ae16d5e sp=0x000000bb8d1f5e18 mode 0
Event: 10.810 Thread 0x0000029134274800 DEOPT PACKING pc=0x000002911b5e0297 sp=0x000000bb8d1f6890
Event: 10.810 Thread 0x0000029134274800 DEOPT UNPACKING pc=0x000002911ae16d5e sp=0x000000bb8d1f5e18 mode 0
Event: 10.813 Thread 0x0000029134274800 DEOPT PACKING pc=0x000002911b5e0297 sp=0x000000bb8d1f6a80
Event: 10.813 Thread 0x0000029134274800 DEOPT UNPACKING pc=0x000002911ae16d5e sp=0x000000bb8d1f6008 mode 0
Event: 10.815 Thread 0x0000029134274800 DEOPT PACKING pc=0x000002911b5e0297 sp=0x000000bb8d1f68a0
Event: 10.815 Thread 0x0000029134274800 DEOPT UNPACKING pc=0x000002911ae16d5e sp=0x000000bb8d1f5e28 mode 0
Event: 10.817 Thread 0x0000029134274800 DEOPT PACKING pc=0x000002911b5e0297 sp=0x000000bb8d1f68a0
Event: 10.817 Thread 0x0000029134274800 DEOPT UNPACKING pc=0x000002911ae16d5e sp=0x000000bb8d1f5e28 mode 0
Event: 10.819 Thread 0x0000029134274800 DEOPT PACKING pc=0x000002911b5e0297 sp=0x000000bb8d1f68a0
Event: 10.819 Thread 0x0000029134274800 DEOPT UNPACKING pc=0x000002911ae16d5e sp=0x000000bb8d1f5e28 mode 0
Event: 10.821 Thread 0x0000029134274800 DEOPT PACKING pc=0x000002911b5e0297 sp=0x000000bb8d1f68a0
Event: 10.821 Thread 0x0000029134274800 DEOPT UNPACKING pc=0x000002911ae16d5e sp=0x000000bb8d1f5e28 mode 0
Event: 11.035 Thread 0x0000029134274800 Uncommon trap: trap_request=0xffffff4d fr.pc=0x0000029122baa188 relative=0x0000000000000328
Event: 11.035 Thread 0x0000029134274800 Uncommon trap: reason=unstable_if action=reinterpret pc=0x0000029122baa188 method=org.gradle.internal.instantiation.generator.AbstractClassGenerator$InjectionAnnotationValidator.validateMethod(Ljava/lang/reflect/Method;Lorg/gradle/internal/reflect/Propert
Event: 11.035 Thread 0x0000029134274800 DEOPT PACKING pc=0x0000029122baa188 sp=0x000000bb8d1f7d80
Event: 11.035 Thread 0x0000029134274800 DEOPT UNPACKING pc=0x000002911ae165af sp=0x000000bb8d1f7d48 mode 2

Classes redefined (0 events):
No events

Internal exceptions (20 events):
Event: 9.634 Thread 0x0000029134274800 Exception <a 'java/lang/NoSuchMethodError'{0x000000008606d1f8}: 'long java.lang.invoke.DirectMethodHandle$Holder.invokeVirtual(java.lang.Object, java.lang.Object)'> (0x000000008606d1f8) thrown at [./src/hotspot/share/interpreter/linkResolver.cpp, line 773]
Event: 9.637 Thread 0x0000029132994000 Exception <a 'java/lang/NoSuchMethodError'{0x0000000085f06418}: <clinit>> (0x0000000085f06418) thrown at [./src/hotspot/share/prims/jni.cpp, line 1362]
Event: 9.642 Thread 0x0000029132994000 Exception <a 'java/lang/NoSuchMethodError'{0x0000000085f25670}: <clinit>> (0x0000000085f25670) thrown at [./src/hotspot/share/prims/jni.cpp, line 1362]
Event: 9.643 Thread 0x0000029132994000 Exception <a 'java/lang/NoSuchMethodError'{0x0000000085f26a10}: <clinit>> (0x0000000085f26a10) thrown at [./src/hotspot/share/prims/jni.cpp, line 1362]
Event: 9.643 Thread 0x0000029132994000 Exception <a 'java/lang/NoSuchMethodError'{0x0000000085f27d18}: <clinit>> (0x0000000085f27d18) thrown at [./src/hotspot/share/prims/jni.cpp, line 1362]
Event: 9.643 Thread 0x0000029132994000 Exception <a 'java/lang/NoSuchMethodError'{0x0000000085f28f80}: <clinit>> (0x0000000085f28f80) thrown at [./src/hotspot/share/prims/jni.cpp, line 1362]
Event: 9.645 Thread 0x0000029132994000 Exception <a 'java/lang/NoSuchMethodError'{0x0000000085f3c358}: <clinit>> (0x0000000085f3c358) thrown at [./src/hotspot/share/prims/jni.cpp, line 1362]
Event: 9.646 Thread 0x0000029132994000 Exception <a 'java/lang/NoSuchMethodError'{0x0000000085f47048}: <clinit>> (0x0000000085f47048) thrown at [./src/hotspot/share/prims/jni.cpp, line 1362]
Event: 9.651 Thread 0x0000029132994000 Exception <a 'java/lang/NoSuchMethodError'{0x0000000085f67720}: <clinit>> (0x0000000085f67720) thrown at [./src/hotspot/share/prims/jni.cpp, line 1362]
Event: 9.666 Thread 0x0000029134274800 Exception <a 'java/lang/ClassNotFoundException'{0x0000000085fc0858}: build_3ckubrglrovxfmhr3fvjgycfwBeanInfo> (0x0000000085fc0858) thrown at [./src/hotspot/share/classfile/systemDictionary.cpp, line 231]
Event: 9.666 Thread 0x0000029134274800 Exception <a 'java/lang/ClassNotFoundException'{0x0000000085fcb810}: build_3ckubrglrovxfmhr3fvjgycfwCustomizer> (0x0000000085fcb810) thrown at [./src/hotspot/share/classfile/systemDictionary.cpp, line 231]
Event: 9.705 Thread 0x0000029134274800 Exception <a 'java/lang/ClassNotFoundException'{0x0000000085dfee38}: org/gradle/api/internal/plugins/DefaultObjectConfigurationActionBeanInfo> (0x0000000085dfee38) thrown at [./src/hotspot/share/classfile/systemDictionary.cpp, line 231]
Event: 9.706 Thread 0x0000029134274800 Exception <a 'java/lang/ClassNotFoundException'{0x0000000085c356b8}: org/gradle/api/internal/plugins/DefaultObjectConfigurationActionCustomizer> (0x0000000085c356b8) thrown at [./src/hotspot/share/classfile/systemDictionary.cpp, line 231]
Event: 9.861 Thread 0x0000029134274800 Exception <a 'java/lang/NoSuchMethodError'{0x0000000085292b80}: 'java.lang.Object java.lang.invoke.DirectMethodHandle$Holder.invokeStatic(java.lang.Object, java.lang.Object, java.lang.Object, java.lang.Object, int)'> (0x0000000085292b80) thrown at [./src/hotspot/share/interpreter/linkResolver.cpp, line 773]
Event: 9.862 Thread 0x0000029134274800 Exception <a 'java/lang/NoSuchMethodError'{0x0000000085297578}: 'java.lang.Object java.lang.invoke.DirectMethodHandle$Holder.invokeSpecial(java.lang.Object, java.lang.Object, java.lang.Object, java.lang.Object, java.lang.Object, int)'> (0x0000000085297578) thrown at [./src/hotspot/share/interpreter/linkResolver.cpp, line 773]
Event: 9.863 Thread 0x0000029134274800 Exception <a 'java/lang/NoSuchMethodError'{0x000000008529bbb8}: 'java.lang.Object java.lang.invoke.Invokers$Holder.linkToTargetMethod(java.lang.Object, java.lang.Object, java.lang.Object, int, java.lang.Object)'> (0x000000008529bbb8) thrown at [./src/hotspot/share/interpreter/linkResolver.cpp, line 773]
Event: 10.513 Thread 0x0000029134274800 Exception <a 'java/lang/NoSuchMethodError'{0x00000000843928d0}: 'java.lang.Object java.lang.invoke.DirectMethodHandle$Holder.invokeSpecial(java.lang.Object, java.lang.Object, int, int, java.lang.Object, java.lang.Object, java.lang.Object)'> (0x00000000843928d0) thrown at [./src/hotspot/share/interpreter/linkResolver.cpp, line 773]
Event: 10.513 Thread 0x0000029134274800 Exception <a 'java/lang/NoSuchMethodError'{0x0000000084396e50}: 'java.lang.Object java.lang.invoke.DelegatingMethodHandle$Holder.reinvoke_L(java.lang.Object, int, int, java.lang.Object, java.lang.Object, java.lang.Object)'> (0x0000000084396e50) thrown at [./src/hotspot/share/interpreter/linkResolver.cpp, line 773]
Event: 11.003 Thread 0x0000029134274800 Exception <a 'java/lang/NoSuchMethodError'{0x0000000086972148}: 'int java.lang.invoke.DirectMethodHandle$Holder.invokeInterface(java.lang.Object, java.lang.Object, java.lang.Object, java.lang.Object)'> (0x0000000086972148) thrown at [./src/hotspot/share/interpreter/linkResolver.cpp, line 773]
Event: 11.974 Thread 0x0000029134274800 Exception <a 'java/lang/NoSuchMethodError'{0x0000000085959ec8}: 'void java.lang.invoke.DirectMethodHandle$Holder.invokeInterface(java.lang.Object, java.lang.Object, java.lang.Object, java.lang.Object)'> (0x0000000085959ec8) thrown at [./src/hotspot/share/interpreter/linkResolver.cpp, line 773]

Events (20 events):
Event: 12.243 loading class org/gradle/jvm/toolchain/internal/JavaInstallationRegistry
Event: 12.243 loading class org/gradle/jvm/toolchain/internal/JavaInstallationRegistry done
Event: 12.243 loading class org/gradle/internal/jvm/inspection/CachingJvmMetadataDetector
Event: 12.243 loading class org/gradle/internal/jvm/inspection/CachingJvmMetadataDetector done
Event: 12.244 loading class org/gradle/internal/jvm/inspection/DefaultJvmMetadataDetector
Event: 12.244 loading class org/gradle/internal/jvm/inspection/DefaultJvmMetadataDetector done
Event: 12.266 loading class org/gradle/internal/jvm/inspection/ProbedSystemProperty
Event: 12.266 loading class org/gradle/internal/jvm/inspection/ProbedSystemProperty done
Event: 12.267 loading class org/gradle/internal/jvm/inspection/JvmInstallationMetadata
Event: 12.267 loading class org/gradle/internal/jvm/inspection/JvmInstallationMetadata done
Event: 12.268 loading class org/gradle/internal/jvm/inspection/JvmMetadataDetector
Event: 12.268 loading class org/gradle/internal/jvm/inspection/JvmMetadataDetector done
Event: 12.268 loading class org/gradle/internal/jvm/inspection/JvmInstallationMetadata$DefaultJvmInstallationMetadata
Event: 12.268 loading class org/gradle/internal/jvm/inspection/JvmInstallationMetadata$DefaultJvmInstallationMetadata done
Event: 12.269 loading class org/gradle/internal/jvm/inspection/JvmInstallationMetadata$DefaultJvmInstallationMetadata
Event: 12.269 loading class org/gradle/internal/jvm/inspection/JvmInstallationMetadata$DefaultJvmInstallationMetadata done
Event: 12.270 loading class org/gradle/internal/remote/internal/hub/MessageHubBackedServer
Event: 12.270 loading class org/gradle/internal/remote/internal/hub/MessageHubBackedServer done
Event: 12.270 loading class org/gradle/internal/jvm/inspection/DefaultJvmVersionDetector
Event: 12.270 loading class org/gradle/internal/jvm/inspection/DefaultJvmVersionDetector done


Dynamic libraries:
0x00007ff68a270000 - 0x00007ff68a27a000 	C:\Program Files\Android\Android Studio1\jre\bin\java.exe
0x00007ffd8e0f0000 - 0x00007ffd8e2e5000 	C:\WINDOWS\SYSTEM32\ntdll.dll
0x00007ffd8c690000 - 0x00007ffd8c74e000 	C:\WINDOWS\System32\KERNEL32.DLL
0x00007ffd8b910000 - 0x00007ffd8bbd8000 	C:\WINDOWS\System32\KERNELBASE.dll
0x00007ffd8b810000 - 0x00007ffd8b910000 	C:\WINDOWS\System32\ucrtbase.dll
0x00007ffd7e950000 - 0x00007ffd7e969000 	C:\Program Files\Android\Android Studio1\jre\bin\jli.dll
0x00007ffd7e3a0000 - 0x00007ffd7e3b7000 	C:\Program Files\Android\Android Studio1\jre\bin\VCRUNTIME140.dll
0x00007ffd8d2d0000 - 0x00007ffd8d470000 	C:\WINDOWS\System32\USER32.dll
0x00007ffd84050000 - 0x00007ffd842ea000 	C:\WINDOWS\WinSxS\amd64_microsoft.windows.common-controls_6595b64144ccf1df_6.0.19041.1110_none_60b5254171f9507e\COMCTL32.dll
0x00007ffd8bf50000 - 0x00007ffd8bf72000 	C:\WINDOWS\System32\win32u.dll
0x00007ffd8cfc0000 - 0x00007ffd8cfea000 	C:\WINDOWS\System32\GDI32.dll
0x00007ffd8c150000 - 0x00007ffd8c1ee000 	C:\WINDOWS\System32\msvcrt.dll
0x00007ffd8bff0000 - 0x00007ffd8c0fb000 	C:\WINDOWS\System32\gdi32full.dll
0x00007ffd8bdf0000 - 0x00007ffd8be8d000 	C:\WINDOWS\System32\msvcp_win.dll
0x00007ffd8c1f0000 - 0x00007ffd8c220000 	C:\WINDOWS\System32\IMM32.DLL
0x00007ffd6f1e0000 - 0x00007ffd6f27d000 	C:\Program Files\Android\Android Studio1\jre\bin\msvcp140.dll
0x00007ffd660a0000 - 0x00007ffd66b75000 	C:\Program Files\Android\Android Studio1\jre\bin\server\jvm.dll
0x00007ffd8d070000 - 0x00007ffd8d11e000 	C:\WINDOWS\System32\ADVAPI32.dll
0x00007ffd8cd60000 - 0x00007ffd8cdfc000 	C:\WINDOWS\System32\sechost.dll
0x00007ffd8d470000 - 0x00007ffd8d595000 	C:\WINDOWS\System32\RPCRT4.dll
0x00007ffd8c750000 - 0x00007ffd8c758000 	C:\WINDOWS\System32\PSAPI.DLL
0x00007ffd85280000 - 0x00007ffd85289000 	C:\WINDOWS\SYSTEM32\WSOCK32.dll
0x00007ffd85bb0000 - 0x00007ffd85bd7000 	C:\WINDOWS\SYSTEM32\WINMM.dll
0x00007ffd86090000 - 0x00007ffd8609a000 	C:\WINDOWS\SYSTEM32\VERSION.dll
0x00007ffd8cf50000 - 0x00007ffd8cfbb000 	C:\WINDOWS\System32\WS2_32.dll
0x00007ffd89670000 - 0x00007ffd89682000 	C:\WINDOWS\SYSTEM32\kernel.appcore.dll
0x00007ffd872f0000 - 0x00007ffd87301000 	C:\Program Files\Android\Android Studio1\jre\bin\verify.dll
0x00007ffd7d930000 - 0x00007ffd7db14000 	C:\WINDOWS\SYSTEM32\DBGHELP.DLL
0x00007ffd7d840000 - 0x00007ffd7d86c000 	C:\WINDOWS\SYSTEM32\dbgcore.DLL
0x00007ffd8bec0000 - 0x00007ffd8bf42000 	C:\WINDOWS\System32\bcryptPrimitives.dll
0x00007ffd852a0000 - 0x00007ffd852c9000 	C:\Program Files\Android\Android Studio1\jre\bin\java.dll
0x00007ffd89180000 - 0x00007ffd8918b000 	C:\Program Files\Android\Android Studio1\jre\bin\jimage.dll
0x00007ffd845e0000 - 0x00007ffd845f8000 	C:\Program Files\Android\Android Studio1\jre\bin\zip.dll
0x00007ffd8d5a0000 - 0x00007ffd8dce4000 	C:\WINDOWS\System32\SHELL32.dll
0x00007ffd89950000 - 0x00007ffd8a0e4000 	C:\WINDOWS\SYSTEM32\windows.storage.dll
0x00007ffd8c760000 - 0x00007ffd8cab4000 	C:\WINDOWS\System32\combase.dll
0x00007ffd8b1b0000 - 0x00007ffd8b1dc000 	C:\WINDOWS\SYSTEM32\Wldp.dll
0x00007ffd8cbe0000 - 0x00007ffd8cc8d000 	C:\WINDOWS\System32\SHCORE.dll
0x00007ffd8cef0000 - 0x00007ffd8cf45000 	C:\WINDOWS\System32\shlwapi.dll
0x00007ffd8b750000 - 0x00007ffd8b76f000 	C:\WINDOWS\SYSTEM32\profapi.dll
0x00007ffd845c0000 - 0x00007ffd845da000 	C:\Program Files\Android\Android Studio1\jre\bin\net.dll
0x00007ffd83890000 - 0x00007ffd8399a000 	C:\WINDOWS\SYSTEM32\WINHTTP.dll
0x00007ffd8af10000 - 0x00007ffd8af7a000 	C:\WINDOWS\system32\mswsock.dll
0x00007ffd844f0000 - 0x00007ffd84504000 	C:\Program Files\Android\Android Studio1\jre\bin\nio.dll
0x00007ffd7e7b0000 - 0x00007ffd7e7d7000 	C:\Users\giorgi\.gradle\native\e1d6ef7f7dcc3fd88c89a11ec53ec762bb8ba0a96d01ffa2cd45eb1d1d8dd5c5\windows-amd64\native-platform.dll
0x00007ffd66c50000 - 0x00007ffd66d94000 	C:\Users\giorgi\.gradle\native\5664cfc778a61ccfe75a443a1ab52a65af34e5dc3c78e0209fed803814484fcb\windows-amd64\native-platform-file-events.dll
0x00007ffd87580000 - 0x00007ffd8758a000 	C:\Program Files\Android\Android Studio1\jre\bin\management.dll
0x00007ffd872e0000 - 0x00007ffd872ed000 	C:\Program Files\Android\Android Studio1\jre\bin\management_ext.dll
0x00007ffd8b100000 - 0x00007ffd8b118000 	C:\WINDOWS\SYSTEM32\CRYPTSP.dll
0x00007ffd8a890000 - 0x00007ffd8a8c4000 	C:\WINDOWS\system32\rsaenh.dll
0x00007ffd8be90000 - 0x00007ffd8beb7000 	C:\WINDOWS\System32\bcrypt.dll
0x00007ffd8b710000 - 0x00007ffd8b73e000 	C:\WINDOWS\SYSTEM32\USERENV.dll
0x00007ffd8b120000 - 0x00007ffd8b12c000 	C:\WINDOWS\SYSTEM32\CRYPTBASE.dll
0x00007ffd8ac00000 - 0x00007ffd8ac3b000 	C:\WINDOWS\SYSTEM32\IPHLPAPI.DLL
0x00007ffd8d060000 - 0x00007ffd8d068000 	C:\WINDOWS\System32\NSI.dll
0x00007ffd85140000 - 0x00007ffd85157000 	C:\WINDOWS\SYSTEM32\dhcpcsvc6.DLL
0x00007ffd84f60000 - 0x00007ffd84f7d000 	C:\WINDOWS\SYSTEM32\dhcpcsvc.DLL
0x00007ffd8ac40000 - 0x00007ffd8ad0b000 	C:\WINDOWS\SYSTEM32\DNSAPI.dll

dbghelp: loaded successfully - version: 4.0.5 - missing functions: none
symbol engine: initialized successfully - sym options: 0x614 - pdb path: .;C:\Program Files\Android\Android Studio1\jre\bin;C:\WINDOWS\SYSTEM32;C:\WINDOWS\WinSxS\amd64_microsoft.windows.common-controls_6595b64144ccf1df_6.0.19041.1110_none_60b5254171f9507e;C:\Program Files\Android\Android Studio1\jre\bin\server;C:\Users\giorgi\.gradle\native\e1d6ef7f7dcc3fd88c89a11ec53ec762bb8ba0a96d01ffa2cd45eb1d1d8dd5c5\windows-amd64;C:\Users\giorgi\.gradle\native\5664cfc778a61ccfe75a443a1ab52a65af34e5dc3c78e0209fed803814484fcb\windows-amd64

VM Arguments:
jvm_args: --add-opens=java.base/java.util=ALL-UNNAMED --add-opens=java.base/java.lang=ALL-UNNAMED --add-opens=java.base/java.lang.invoke=ALL-UNNAMED --add-opens=java.base/java.util=ALL-UNNAMED --add-opens=java.prefs/java.util.prefs=ALL-UNNAMED --add-opens=java.prefs/java.util.prefs=ALL-UNNAMED --add-opens=java.base/java.nio.charset=ALL-UNNAMED --add-opens=java.base/java.net=ALL-UNNAMED --add-opens=java.base/java.util.concurrent.atomic=ALL-UNNAMED -Xmx2048m -Dfile.encoding=UTF-8 -Duser.country=US -Duser.language=en -Duser.variant 
java_command: org.gradle.launcher.daemon.bootstrap.GradleDaemon 7.2
java_class_path (initial): C:\Users\giorgi\.gradle\wrapper\dists\gradle-7.2-bin\2dnblmf4td7x66yl1d74lt32g\gradle-7.2\lib\gradle-launcher-7.2.jar
Launcher Type: SUN_STANDARD

[Global flags]
     intx CICompilerCount                          = 3                                         {product} {ergonomic}
     uint ConcGCThreads                            = 1                                         {product} {ergonomic}
     uint G1ConcRefinementThreads                  = 4                                         {product} {ergonomic}
   size_t G1HeapRegionSize                         = 1048576                                   {product} {ergonomic}
    uintx GCDrainStackTargetSize                   = 64                                        {product} {ergonomic}
   size_t InitialHeapSize                          = 67108864                                  {product} {ergonomic}
   size_t MarkStackSize                            = 4194304                                   {product} {ergonomic}
   size_t MaxHeapSize                              = 2147483648                                {product} {command line}
   size_t MaxNewSize                               = 1287651328                                {product} {ergonomic}
   size_t MinHeapDeltaBytes                        = 1048576                                   {product} {ergonomic}
    uintx NonNMethodCodeHeapSize                   = 5830732                                {pd product} {ergonomic}
    uintx NonProfiledCodeHeapSize                  = 122913754                              {pd product} {ergonomic}
    uintx ProfiledCodeHeapSize                     = 122913754                              {pd product} {ergonomic}
    uintx ReservedCodeCacheSize                    = 251658240                              {pd product} {ergonomic}
     bool SegmentedCodeCache                       = true                                      {product} {ergonomic}
     bool UseCompressedClassPointers               = true                                 {lp64_product} {ergonomic}
     bool UseCompressedOops                        = true                                 {lp64_product} {ergonomic}
     bool UseG1GC                                  = true                                      {product} {ergonomic}
     bool UseLargePagesIndividualAllocation        = false                                  {pd product} {ergonomic}

Logging:
Log output configuration:
 #0: stdout all=warning uptime,level,tags
 #1: stderr all=off uptime,level,tags

Environment Variables:
PATH=C:\Program Files (x86)\Common Files\Oracle\Java\javapath;C:\Program Files (x86)\VMware\VMware Workstation\bin\;C:\WINDOWS\system32;C:\WINDOWS;C:\WINDOWS\System32\Wbem;C:\WINDOWS\System32\WindowsPowerShell\v1.0\;C:\WINDOWS\System32\OpenSSH\;C:\Program Files\Git\cmd;C:\Program Files\Go\bin;C:\Users\giorgi\AppData\Local\Microsoft\WindowsApps;C:\Users\giorgi\AppData\Local\Programs\Microsoft VS Code\bin;C:\Flutter\flutter\bin;C:\Users\giorgi\go\bin
USERNAME=giorgi
OS=Windows_NT
PROCESSOR_IDENTIFIER=Intel64 Family 6 Model 42 Stepping 7, GenuineIntel



---------------  S Y S T E M  ---------------

OS: Windows 10 , 64 bit Build 19041 (10.0.19041.1645)
OS uptime: 0 days 13:31 hours

CPU:total 4 (initial active 4) (2 cores per cpu, 2 threads per core) family 6 model 42 stepping 7 microcode 0x2f, cmov, cx8, fxsr, mmx, sse, sse2, sse3, ssse3, sse4.1, sse4.2, popcnt, avx, clmul, ht, tsc, tscinvbit

Memory: 4k page, system-wide physical 4078M (317M free)
TotalPageFile size 4078M (AvailPageFile size 6M)
current process WorkingSet (physical memory assigned to process): 299M, peak: 299M
current process commit charge ("private bytes"): 329M, peak: 331M

vm_info: OpenJDK 64-Bit Server VM (11.0.11+9-b60-7590822) for windows-amd64 JRE (11.0.11+9-b60-7590822), built on Jul 29 2021 21:43:44 by "builder" with MS VC++ 14.0 (VS2015)

END.
