#
# There is insufficient memory for the Java Runtime Environment to continue.
# Native memory allocation (mmap) failed to map 139460608 bytes for Failed to commit area from 0x000000008dc00000 to 0x0000000096100000 of length 139460608.
# Possible reasons:
#   The system is out of physical RAM or swap space
#   The process is running with CompressedOops enabled, and the Java Heap may be blocking the growth of the native heap
# Possible solutions:
#   Reduce memory load on the system
#   Increase physical memory or swap space
#   Check if swap backing store is full
#   Decrease Java heap size (-Xmx/-Xms)
#   Decrease number of Java threads
#   Decrease Java thread stack sizes (-Xss)
#   Set larger code cache with -XX:ReservedCodeCacheSize=
#   JVM is running with Unscaled Compressed Oops mode in which the Java heap is
#     placed in the first 4GB address space. The Java Heap base address is the
#     maximum limit for the native heap growth. Please use -XX:HeapBaseMinAddress
#     to set the Java Heap base and to place the Java Heap above 4GB virtual address.
# This output file may be truncated or incomplete.
#
#  Out of Memory Error (./src/hotspot/os/windows/os_windows.cpp:3301), pid=2584, tid=3060
#
# JRE version: OpenJDK Runtime Environment (11.0.11+9) (build 11.0.11+9-b60-7590822)
# Java VM: OpenJDK 64-Bit Server VM (11.0.11+9-b60-7590822, mixed mode, tiered, compressed oops, g1 gc, windows-amd64)
# No core dump will be written. Minidumps are not enabled by default on client versions of Windows
#

---------------  S U M M A R Y ------------

Command Line: --add-opens=java.base/java.util=ALL-UNNAMED --add-opens=java.base/java.lang=ALL-UNNAMED --add-opens=java.base/java.lang.invoke=ALL-UNNAMED --add-opens=java.base/java.util=ALL-UNNAMED --add-opens=java.prefs/java.util.prefs=ALL-UNNAMED --add-opens=java.prefs/java.util.prefs=ALL-UNNAMED --add-opens=java.base/java.nio.charset=ALL-UNNAMED --add-opens=java.base/java.net=ALL-UNNAMED --add-opens=java.base/java.util.concurrent.atomic=ALL-UNNAMED -Xmx2048m -Dfile.encoding=UTF-8 -Duser.country=US -Duser.language=en -Duser.variant org.gradle.launcher.daemon.bootstrap.GradleDaemon 7.2

Host: Intel(R) Core(TM) i3-2120 CPU @ 3.30GHz, 4 cores, 3G,  Windows 10 , 64 bit Build 19041 (10.0.19041.1645)
Time: Wed Apr 27 02:27:41 2022 Georgian Standard Time elapsed time: 96.254399 seconds (0d 0h 1m 36s)

---------------  T H R E A D  ---------------

Current thread (0x0000024731315800):  VMThread "VM Thread" [stack: 0x000000651d500000,0x000000651d600000] [id=3060]

Stack: [0x000000651d500000,0x000000651d600000]
[error occurred during error reporting (printing stack bounds), id 0xc0000005, EXCEPTION_ACCESS_VIOLATION (0xc0000005) at pc=0x000002471aad0f2d]

Native frames: (J=compiled Java code, j=interpreted, Vv=VM code, C=native code)
V  [jvm.dll+0x5f214a]
V  [jvm.dll+0x726fb5]
V  [jvm.dll+0x7285cd]
V  [jvm.dll+0x728be5]
V  [jvm.dll+0x728b9b]
V  [jvm.dll+0x5f14e8]
V  [jvm.dll+0x5f1c78]
C  [ntdll.dll+0xa20cf]
C  [ntdll.dll+0x51454]
C  [ntdll.dll+0xa0bfe]
C  0x000002471aad0f2d

VM_Operation (0x00000065233fdad0): G1CollectForAllocation, mode: safepoint, requested by thread 0x00000247376de000


---------------  P R O C E S S  ---------------

Threads class SMR info:
_java_thread_list=0x000002473a72cbc0, length=93, elements={
0x0000024716fae000, 0x000002473131a000, 0x000002473131b800, 0x0000024731375000,
0x0000024731376000, 0x0000024731379000, 0x0000024731382000, 0x0000024731385800,
0x0000024731387000, 0x0000024731e03800, 0x0000024734084800, 0x0000024733e0d800,
0x0000024732cf5800, 0x00000247344e5000, 0x0000024733155000, 0x00000247336a1000,
0x0000024733d0e000, 0x00000247340de800, 0x0000024733d05000, 0x0000024733d00800,
0x0000024733d01000, 0x0000024733d02000, 0x0000024733d06000, 0x0000024733d07000,
0x0000024733d02800, 0x0000024733d03800, 0x0000024733d04800, 0x0000024731fe5000,
0x0000024731fe7800, 0x0000024731fe8000, 0x0000024731fe6800, 0x0000024731fed000,
0x0000024731fe9000, 0x0000024731fee000, 0x0000024731fee800, 0x0000024731fef800,
0x0000024731fea000, 0x0000024731ff1000, 0x0000024731ff0800, 0x0000024731ff2000,
0x0000024731ff2800, 0x0000024731ff3800, 0x000002473235b000, 0x000002473235d800,
0x0000024732361800, 0x000002473235f800, 0x0000024732360000, 0x000002473235d000,
0x000002473235c000, 0x000002473235e800, 0x0000024732365000, 0x0000024732361000,
0x0000024732368800, 0x0000024732366000, 0x0000024732364000, 0x0000024732366800,
0x0000024732367800, 0x0000024732362800, 0x0000024732369000, 0x0000024732363800,
0x000002473236a000, 0x0000024733ddd800, 0x0000024733ddb000, 0x0000024733dda000,
0x0000024733ddc000, 0x0000024733de0800, 0x0000024733de1800, 0x0000024733de2800,
0x0000024733dde800, 0x0000024733ddc800, 0x0000024733de3000, 0x0000024733de4000,
0x0000024733de5000, 0x0000024733de0000, 0x0000024733ddf000, 0x0000024733de8000,
0x0000024733de7800, 0x0000024733de9000, 0x00000247376d4000, 0x00000247376d6000,
0x00000247376d5000, 0x00000247376d6800, 0x00000247376d7800, 0x00000247376d2800,
0x00000247376d2000, 0x00000247376d3800, 0x00000247376da000, 0x00000247376da800,
0x00000247376db800, 0x00000247376dd000, 0x00000247376dc800, 0x00000247376de000,
0x00000247376d9000
}

Java Threads: ( => current thread )
  0x0000024716fae000 JavaThread "main" [_thread_blocked, id=1380, stack(0x000000651cf00000,0x000000651d000000)]
  0x000002473131a000 JavaThread "Reference Handler" daemon [_thread_blocked, id=4824, stack(0x000000651d600000,0x000000651d700000)]
  0x000002473131b800 JavaThread "Finalizer" daemon [_thread_blocked, id=3840, stack(0x000000651d700000,0x000000651d800000)]
  0x0000024731375000 JavaThread "Signal Dispatcher" daemon [_thread_blocked, id=7068, stack(0x000000651d800000,0x000000651d900000)]
  0x0000024731376000 JavaThread "Attach Listener" daemon [_thread_blocked, id=4036, stack(0x000000651d900000,0x000000651da00000)]
  0x0000024731379000 JavaThread "Service Thread" daemon [_thread_blocked, id=6960, stack(0x000000651da00000,0x000000651db00000)]
  0x0000024731382000 JavaThread "C2 CompilerThread0" daemon [_thread_blocked, id=884, stack(0x000000651db00000,0x000000651dc00000)]
  0x0000024731385800 JavaThread "C1 CompilerThread0" daemon [_thread_blocked, id=2460, stack(0x000000651dc00000,0x000000651dd00000)]
  0x0000024731387000 JavaThread "Sweeper thread" daemon [_thread_blocked, id=1596, stack(0x000000651dd00000,0x000000651de00000)]
  0x0000024731e03800 JavaThread "Common-Cleaner" daemon [_thread_blocked, id=4348, stack(0x000000651de00000,0x000000651df00000)]
  0x0000024734084800 JavaThread "Daemon health stats" [_thread_blocked, id=3984, stack(0x000000651e000000,0x000000651e100000)]
  0x0000024733e0d800 JavaThread "Incoming local TCP Connector on port 50155" [_thread_in_native, id=5072, stack(0x000000651e200000,0x000000651e300000)]
  0x0000024732cf5800 JavaThread "Daemon periodic checks" [_thread_blocked, id=6096, stack(0x000000651e300000,0x000000651e400000)]
  0x00000247344e5000 JavaThread "Daemon" [_thread_blocked, id=6588, stack(0x000000651e400000,0x000000651e500000)]
  0x0000024733155000 JavaThread "Handler for socket connection from /127.0.0.1:50155 to /127.0.0.1:50156" [_thread_in_native, id=7108, stack(0x000000651e500000,0x000000651e600000)]
  0x00000247336a1000 JavaThread "Cancel handler" [_thread_blocked, id=2344, stack(0x000000651e600000,0x000000651e700000)]
  0x0000024733d0e000 JavaThread "Daemon worker" [_thread_blocked, id=5872, stack(0x000000651e700000,0x000000651e800000)]
  0x00000247340de800 JavaThread "Asynchronous log dispatcher for DefaultDaemonConnection: socket connection from /127.0.0.1:50155 to /127.0.0.1:50156" [_thread_blocked, id=5976, stack(0x000000651e900000,0x000000651ea00000)]
  0x0000024733d05000 JavaThread "Daemon client event forwarder" [_thread_blocked, id=2712, stack(0x000000651eb00000,0x000000651ec00000)]
  0x0000024733d00800 JavaThread "Cache worker for journal cache (C:\Users\giorgi\.gradle\caches\journal-1)" [_thread_blocked, id=5384, stack(0x000000651ed00000,0x000000651ee00000)]
  0x0000024733d01000 JavaThread "File lock request listener" [_thread_in_native, id=4936, stack(0x000000651ee00000,0x000000651ef00000)]
  0x0000024733d02000 JavaThread "Cache worker for file hash cache (C:\Users\giorgi\.gradle\caches\7.2\fileHashes)" [_thread_blocked, id=5008, stack(0x000000651ef00000,0x000000651f000000)]
  0x0000024733d06000 JavaThread "Cache worker for file hash cache (C:\Users\giorgi\StudioProjects\altaapp\.gradle\7.2\fileHashes)" [_thread_blocked, id=3480, stack(0x000000651f000000,0x000000651f100000)]
  0x0000024733d07000 JavaThread "File watcher server" daemon [_thread_blocked, id=1512, stack(0x000000651f100000,0x000000651f200000)]
  0x0000024733d02800 JavaThread "File watcher consumer" daemon [_thread_blocked, id=3740, stack(0x000000651f200000,0x000000651f300000)]
  0x0000024733d03800 JavaThread "Cache worker for checksums cache (C:\Users\giorgi\StudioProjects\altaapp\.gradle\checksums)" [_thread_blocked, id=976, stack(0x000000651f300000,0x000000651f400000)]
  0x0000024733d04800 JavaThread "Cache worker for cache directory md-supplier (C:\Users\giorgi\.gradle\caches\7.2\md-supplier)" [_thread_blocked, id=7044, stack(0x000000651f400000,0x000000651f500000)]
  0x0000024731fe5000 JavaThread "Cache worker for cache directory md-rule (C:\Users\giorgi\.gradle\caches\7.2\md-rule)" [_thread_blocked, id=6236, stack(0x000000651f500000,0x000000651f600000)]
  0x0000024731fe7800 JavaThread "Cache worker for execution history cache (C:\Users\giorgi\.gradle\caches\7.2\executionHistory)" [_thread_blocked, id=6120, stack(0x000000651f600000,0x000000651f700000)]
  0x0000024731fe8000 JavaThread "jar transforms" [_thread_blocked, id=3212, stack(0x000000651f800000,0x000000651f900000)]
  0x0000024731fe6800 JavaThread "Cache worker for file content cache (C:\Users\giorgi\.gradle\caches\7.2\fileContent)" [_thread_blocked, id=4016, stack(0x000000651f900000,0x000000651fa00000)]
  0x0000024731fed000 JavaThread "jar transforms Thread 2" [_thread_blocked, id=6000, stack(0x000000651fa00000,0x000000651fb00000)]
  0x0000024731fe9000 JavaThread "Cache worker for dependencies-accessors (C:\Users\giorgi\StudioProjects\altaapp\.gradle\7.2\dependencies-accessors)" [_thread_blocked, id=6720, stack(0x000000651fb00000,0x000000651fc00000)]
  0x0000024731fee000 JavaThread "jar transforms Thread 3" [_thread_blocked, id=1780, stack(0x000000651fc00000,0x000000651fd00000)]
  0x0000024731fee800 JavaThread "Cache worker for Build Output Cleanup Cache (C:\Users\giorgi\StudioProjects\altaapp\.gradle\buildOutputCleanup)" [_thread_blocked, id=6644, stack(0x000000651f700000,0x000000651f800000)]
  0x0000024731fef800 JavaThread "Unconstrained build operations" [_thread_blocked, id=5492, stack(0x000000651fd00000,0x000000651fe00000)]
  0x0000024731fea000 JavaThread "Unconstrained build operations Thread 2" [_thread_blocked, id=868, stack(0x000000651fe00000,0x000000651ff00000)]
  0x0000024731ff1000 JavaThread "Unconstrained build operations Thread 3" [_thread_blocked, id=6544, stack(0x000000651ff00000,0x0000006520000000)]
  0x0000024731ff0800 JavaThread "Unconstrained build operations Thread 4" [_thread_blocked, id=4692, stack(0x0000006520000000,0x0000006520100000)]
  0x0000024731ff2000 JavaThread "Unconstrained build operations Thread 5" [_thread_blocked, id=7020, stack(0x0000006520100000,0x0000006520200000)]
  0x0000024731ff2800 JavaThread "Unconstrained build operations Thread 6" [_thread_blocked, id=5268, stack(0x0000006520200000,0x0000006520300000)]
  0x0000024731ff3800 JavaThread "Unconstrained build operations Thread 7" [_thread_blocked, id=6620, stack(0x0000006520300000,0x0000006520400000)]
  0x000002473235b000 JavaThread "Unconstrained build operations Thread 8" [_thread_blocked, id=6724, stack(0x0000006520400000,0x0000006520500000)]
  0x000002473235d800 JavaThread "Unconstrained build operations Thread 9" [_thread_blocked, id=4560, stack(0x0000006520500000,0x0000006520600000)]
  0x0000024732361800 JavaThread "Unconstrained build operations Thread 10" [_thread_blocked, id=5748, stack(0x0000006520600000,0x0000006520700000)]
  0x000002473235f800 JavaThread "Unconstrained build operations Thread 11" [_thread_blocked, id=5488, stack(0x0000006520700000,0x0000006520800000)]
  0x0000024732360000 JavaThread "Unconstrained build operations Thread 12" [_thread_blocked, id=836, stack(0x0000006520800000,0x0000006520900000)]
  0x000002473235d000 JavaThread "Unconstrained build operations Thread 13" [_thread_blocked, id=6380, stack(0x0000006520900000,0x0000006520a00000)]
  0x000002473235c000 JavaThread "Unconstrained build operations Thread 14" [_thread_blocked, id=5984, stack(0x0000006520a00000,0x0000006520b00000)]
  0x000002473235e800 JavaThread "Unconstrained build operations Thread 15" [_thread_blocked, id=3004, stack(0x0000006520b00000,0x0000006520c00000)]
  0x0000024732365000 JavaThread "Unconstrained build operations Thread 16" [_thread_blocked, id=5132, stack(0x0000006520c00000,0x0000006520d00000)]
  0x0000024732361000 JavaThread "Unconstrained build operations Thread 17" [_thread_blocked, id=2744, stack(0x0000006520d00000,0x0000006520e00000)]
  0x0000024732368800 JavaThread "Unconstrained build operations Thread 18" [_thread_blocked, id=1788, stack(0x0000006520e00000,0x0000006520f00000)]
  0x0000024732366000 JavaThread "Unconstrained build operations Thread 19" [_thread_blocked, id=2604, stack(0x0000006520f00000,0x0000006521000000)]
  0x0000024732364000 JavaThread "Unconstrained build operations Thread 20" [_thread_blocked, id=3300, stack(0x0000006521000000,0x0000006521100000)]
  0x0000024732366800 JavaThread "Unconstrained build operations Thread 21" [_thread_blocked, id=2472, stack(0x0000006521100000,0x0000006521200000)]
  0x0000024732367800 JavaThread "Unconstrained build operations Thread 22" [_thread_blocked, id=6164, stack(0x0000006521200000,0x0000006521300000)]
  0x0000024732362800 JavaThread "Unconstrained build operations Thread 23" [_thread_blocked, id=252, stack(0x0000006521300000,0x0000006521400000)]
  0x0000024732369000 JavaThread "Unconstrained build operations Thread 24" [_thread_blocked, id=572, stack(0x0000006521400000,0x0000006521500000)]
  0x0000024732363800 JavaThread "Unconstrained build operations Thread 25" [_thread_blocked, id=3716, stack(0x0000006521500000,0x0000006521600000)]
  0x000002473236a000 JavaThread "Unconstrained build operations Thread 26" [_thread_blocked, id=7012, stack(0x0000006521600000,0x0000006521700000)]
  0x0000024733ddd800 JavaThread "Unconstrained build operations Thread 27" [_thread_blocked, id=2928, stack(0x0000006521700000,0x0000006521800000)]
  0x0000024733ddb000 JavaThread "Unconstrained build operations Thread 28" [_thread_blocked, id=3336, stack(0x0000006521800000,0x0000006521900000)]
  0x0000024733dda000 JavaThread "Unconstrained build operations Thread 29" [_thread_blocked, id=2892, stack(0x0000006521900000,0x0000006521a00000)]
  0x0000024733ddc000 JavaThread "Unconstrained build operations Thread 30" [_thread_blocked, id=6048, stack(0x0000006521a00000,0x0000006521b00000)]
  0x0000024733de0800 JavaThread "Unconstrained build operations Thread 31" [_thread_blocked, id=5792, stack(0x0000006521b00000,0x0000006521c00000)]
  0x0000024733de1800 JavaThread "Unconstrained build operations Thread 32" [_thread_blocked, id=6504, stack(0x0000006521c00000,0x0000006521d00000)]
  0x0000024733de2800 JavaThread "Unconstrained build operations Thread 33" [_thread_blocked, id=1760, stack(0x0000006521d00000,0x0000006521e00000)]
  0x0000024733dde800 JavaThread "Unconstrained build operations Thread 34" [_thread_blocked, id=5088, stack(0x0000006521e00000,0x0000006521f00000)]
  0x0000024733ddc800 JavaThread "Unconstrained build operations Thread 35" [_thread_blocked, id=6496, stack(0x0000006521f00000,0x0000006522000000)]
  0x0000024733de3000 JavaThread "Unconstrained build operations Thread 36" [_thread_blocked, id=5980, stack(0x0000006522000000,0x0000006522100000)]
  0x0000024733de4000 JavaThread "Unconstrained build operations Thread 37" [_thread_blocked, id=6340, stack(0x0000006522100000,0x0000006522200000)]
  0x0000024733de5000 JavaThread "Unconstrained build operations Thread 38" [_thread_blocked, id=3440, stack(0x0000006522200000,0x0000006522300000)]
  0x0000024733de0000 JavaThread "Unconstrained build operations Thread 39" [_thread_blocked, id=5052, stack(0x0000006522300000,0x0000006522400000)]
  0x0000024733ddf000 JavaThread "Unconstrained build operations Thread 40" [_thread_blocked, id=6104, stack(0x0000006522400000,0x0000006522500000)]
  0x0000024733de8000 JavaThread "jar transforms Thread 4" [_thread_blocked, id=2612, stack(0x0000006522500000,0x0000006522600000)]
  0x0000024733de7800 JavaThread "Memory manager" [_thread_blocked, id=1296, stack(0x0000006522600000,0x0000006522700000)]
  0x0000024733de9000 JavaThread "build event listener" [_thread_blocked, id=6312, stack(0x0000006522900000,0x0000006522a00000)]
  0x00000247376d4000 JavaThread "Execution worker for ':'" [_thread_blocked, id=256, stack(0x0000006522a00000,0x0000006522b00000)]
  0x00000247376d6000 JavaThread "Execution worker for ':' Thread 2" [_thread_blocked, id=1796, stack(0x0000006522b00000,0x0000006522c00000)]
  0x00000247376d5000 JavaThread "Execution worker for ':' Thread 3" [_thread_blocked, id=2936, stack(0x0000006522c00000,0x0000006522d00000)]
  0x00000247376d6800 JavaThread "Cache worker for execution history cache (C:\Users\giorgi\StudioProjects\altaapp\.gradle\7.2\executionHistory)" [_thread_blocked, id=4628, stack(0x0000006522d00000,0x0000006522e00000)]
  0x00000247376d7800 JavaThread "WorkerExecutor Queue" [_thread_blocked, id=6060, stack(0x0000006522e00000,0x0000006522f00000)]
  0x00000247376d2800 JavaThread "WorkerExecutor Queue Thread 2" [_thread_blocked, id=3872, stack(0x000000651cc00000,0x000000651cd00000)]
  0x00000247376d2000 JavaThread "WorkerExecutor Queue Thread 3" [_thread_blocked, id=4304, stack(0x000000651cd00000,0x000000651ce00000)]
  0x00000247376d3800 JavaThread "WorkerExecutor Queue Thread 4" [_thread_blocked, id=1912, stack(0x000000651ce00000,0x000000651cf00000)]
  0x00000247376da000 JavaThread "pool-3-thread-1" [_thread_blocked, id=4104, stack(0x000000651ea00000,0x000000651eb00000)]
  0x00000247376da800 JavaThread "stderr" [_thread_in_native, id=5800, stack(0x0000006522f00000,0x0000006523000000)]
  0x00000247376db800 JavaThread "stdout" [_thread_in_native, id=2244, stack(0x0000006523000000,0x0000006523100000)]
  0x00000247376dd000 JavaThread "ForkJoinPool-1-worker-3" daemon [_thread_blocked, id=2780, stack(0x0000006523100000,0x0000006523200000)]
  0x00000247376dc800 JavaThread "ForkJoinPool-1-worker-5" daemon [_thread_blocked, id=3816, stack(0x0000006523200000,0x0000006523300000)]
  0x00000247376de000 JavaThread "ForkJoinPool-1-worker-7" daemon [_thread_blocked, id=2956, stack(0x0000006523300000,0x0000006523400000)]
  0x00000247376d9000 JavaThread "ForkJoinPool-1-worker-1" daemon [_thread_blocked, id=660, stack(0x0000006523400000,0x0000006523500000)]

Other Threads:
=>0x0000024731315800 VMThread "VM Thread" [stack: 0x000000651d500000,0x000000651d600000] [id=3060]
  0x0000024731e0d000 WatcherThread [stack: 0x000000651df00000,0x000000651e000000] [id=6952]
  0x0000024716fc6000 GCTaskThread "GC Thread#0" [stack: 0x000000651d000000,0x000000651d100000] [id=1904]
  0x0000024732134000 GCTaskThread "GC Thread#1" [stack: 0x000000651e100000,0x000000651e200000] [id=6408]
  0x00000247344f2000 GCTaskThread "GC Thread#2" [stack: 0x000000651e800000,0x000000651e900000] [id=5744]
  0x00000247344f3000 GCTaskThread "GC Thread#3" [stack: 0x000000651ec00000,0x000000651ed00000] [id=6604]
  0x0000024716ff7000 ConcurrentGCThread "G1 Main Marker" [stack: 0x000000651d100000,0x000000651d200000] [id=3152]
  0x0000024716ff8800 ConcurrentGCThread "G1 Conc#0" [stack: 0x000000651d200000,0x000000651d300000] [id=952]
  0x0000024717050800 ConcurrentGCThread "G1 Refine#0" [stack: 0x000000651d300000,0x000000651d400000] [id=6500]
  0x0000024717051800 ConcurrentGCThread "G1 Young RemSet Sampling" [stack: 0x000000651d400000,0x000000651d500000] [id=5136]

Threads with active compile tasks:
C2 CompilerThread0  96955 15802       4       com.android.tools.r8.dex.r::e (654 bytes)

VM state:at safepoint (normal execution)

VM Mutex/Monitor currently owned by a thread:  ([mutex/lock_event])
[0x0000024716fa9850] Threads_lock - owner thread: 0x0000024731315800
[0x0000024716fa8b60] Heap_lock - owner thread: 0x00000247376de000

Heap address: 0x0000000080000000, size: 2048 MB, Compressed Oops mode: 32-bit
Narrow klass base: 0x0000000000000000, Narrow klass shift: 3
Compressed class space size: 1073741824 Address: 0x0000000100000000

Heap:
 garbage-first heap   total 361472K, used 214418K [0x0000000080000000, 0x0000000100000000)
  region size 1024K, 2 young (2048K), 2 survivors (2048K)
 Metaspace       used 110490K, capacity 113036K, committed 113280K, reserved 1146880K
  class space    used 14069K, capacity 14937K, committed 14976K, reserved 1048576K
Heap Regions: E=young(eden), S=young(survivor), O=old, HS=humongous(starts), HC=humongous(continues), CS=collection set, F=free, A=archive, TAMS=top-at-mark-start (previous, next)
|   0|0x0000000080000000, 0x0000000080100000, 0x0000000080100000|100%| O|  |TAMS 0x0000000080100000, 0x0000000080000000| Updating 
|   1|0x0000000080100000, 0x0000000080200000, 0x0000000080200000|100%| O|  |TAMS 0x0000000080200000, 0x0000000080100000| Updating 
|   2|0x0000000080200000, 0x0000000080300000, 0x0000000080300000|100%| O|  |TAMS 0x0000000080300000, 0x0000000080200000| Updating 
|   3|0x0000000080300000, 0x0000000080400000, 0x0000000080400000|100%|HS|  |TAMS 0x0000000080400000, 0x0000000080300000| Complete 
|   4|0x0000000080400000, 0x0000000080500000, 0x0000000080500000|100%|HC|  |TAMS 0x0000000080500000, 0x0000000080400000| Complete 
|   5|0x0000000080500000, 0x0000000080600000, 0x0000000080600000|100%|HC|  |TAMS 0x0000000080600000, 0x0000000080500000| Complete 
|   6|0x0000000080600000, 0x0000000080700000, 0x0000000080700000|100%| O|  |TAMS 0x0000000080700000, 0x0000000080600000| Updating 
|   7|0x0000000080700000, 0x0000000080800000, 0x0000000080800000|100%| O|  |TAMS 0x0000000080800000, 0x0000000080700000| Updating 
|   8|0x0000000080800000, 0x0000000080900000, 0x0000000080900000|100%| O|  |TAMS 0x0000000080900000, 0x0000000080800000| Updating 
|   9|0x0000000080900000, 0x0000000080a00000, 0x0000000080a00000|100%| O|  |TAMS 0x0000000080a00000, 0x0000000080900000| Updating 
|  10|0x0000000080a00000, 0x0000000080b00000, 0x0000000080b00000|100%| O|  |TAMS 0x0000000080b00000, 0x0000000080a00000| Updating 
|  11|0x0000000080b00000, 0x0000000080c00000, 0x0000000080c00000|100%| O|  |TAMS 0x0000000080c00000, 0x0000000080b00000| Updating 
|  12|0x0000000080c00000, 0x0000000080d00000, 0x0000000080d00000|100%| O|  |TAMS 0x0000000080d00000, 0x0000000080c00000| Updating 
|  13|0x0000000080d00000, 0x0000000080e00000, 0x0000000080e00000|100%| O|  |TAMS 0x0000000080e00000, 0x0000000080d00000| Updating 
|  14|0x0000000080e00000, 0x0000000080f00000, 0x0000000080f00000|100%| O|  |TAMS 0x0000000080f00000, 0x0000000080e00000| Updating 
|  15|0x0000000080f00000, 0x0000000081000000, 0x0000000081000000|100%| O|  |TAMS 0x0000000081000000, 0x0000000080f00000| Updating 
|  16|0x0000000081000000, 0x0000000081100000, 0x0000000081100000|100%| O|  |TAMS 0x0000000081100000, 0x0000000081000000| Updating 
|  17|0x0000000081100000, 0x0000000081200000, 0x0000000081200000|100%| O|  |TAMS 0x0000000081200000, 0x0000000081100000| Updating 
|  18|0x0000000081200000, 0x0000000081300000, 0x0000000081300000|100%| O|  |TAMS 0x0000000081300000, 0x0000000081200000| Updating 
|  19|0x0000000081300000, 0x0000000081400000, 0x0000000081400000|100%| O|  |TAMS 0x0000000081400000, 0x0000000081300000| Updating 
|  20|0x0000000081400000, 0x0000000081500000, 0x0000000081500000|100%| O|  |TAMS 0x0000000081500000, 0x0000000081400000| Updating 
|  21|0x0000000081500000, 0x0000000081600000, 0x0000000081600000|100%| O|  |TAMS 0x0000000081600000, 0x0000000081500000| Updating 
|  22|0x0000000081600000, 0x0000000081700000, 0x0000000081700000|100%| O|  |TAMS 0x0000000081700000, 0x0000000081600000| Updating 
|  23|0x0000000081700000, 0x0000000081800000, 0x0000000081800000|100%| O|  |TAMS 0x0000000081800000, 0x0000000081700000| Updating 
|  24|0x0000000081800000, 0x0000000081900000, 0x0000000081900000|100%| O|  |TAMS 0x0000000081900000, 0x0000000081800000| Updating 
|  25|0x0000000081900000, 0x0000000081a00000, 0x0000000081a00000|100%| O|  |TAMS 0x0000000081a00000, 0x0000000081900000| Updating 
|  26|0x0000000081a00000, 0x0000000081b00000, 0x0000000081b00000|100%| O|  |TAMS 0x0000000081b00000, 0x0000000081a00000| Updating 
|  27|0x0000000081b00000, 0x0000000081c00000, 0x0000000081c00000|100%| O|  |TAMS 0x0000000081c00000, 0x0000000081b00000| Updating 
|  28|0x0000000081c00000, 0x0000000081d00000, 0x0000000081d00000|100%| O|  |TAMS 0x0000000081d00000, 0x0000000081c00000| Updating 
|  29|0x0000000081d00000, 0x0000000081e00000, 0x0000000081e00000|100%| O|  |TAMS 0x0000000081e00000, 0x0000000081d00000| Updating 
|  30|0x0000000081e00000, 0x0000000081f00000, 0x0000000081f00000|100%| O|  |TAMS 0x0000000081f00000, 0x0000000081e00000| Updating 
|  31|0x0000000081f00000, 0x0000000082000000, 0x0000000082000000|100%| O|  |TAMS 0x0000000082000000, 0x0000000081f00000| Updating 
|  32|0x0000000082000000, 0x0000000082100000, 0x0000000082100000|100%| O|  |TAMS 0x0000000082100000, 0x0000000082000000| Updating 
|  33|0x0000000082100000, 0x0000000082200000, 0x0000000082200000|100%|HS|  |TAMS 0x0000000082200000, 0x0000000082100000| Complete 
|  34|0x0000000082200000, 0x0000000082300000, 0x0000000082300000|100%|HS|  |TAMS 0x0000000082300000, 0x0000000082200000| Complete 
|  35|0x0000000082300000, 0x0000000082400000, 0x0000000082400000|100%|HS|  |TAMS 0x0000000082400000, 0x0000000082300000| Complete 
|  36|0x0000000082400000, 0x0000000082500000, 0x0000000082500000|100%|HS|  |TAMS 0x0000000082500000, 0x0000000082400000| Complete 
|  37|0x0000000082500000, 0x0000000082600000, 0x0000000082600000|100%| O|  |TAMS 0x0000000082600000, 0x0000000082500000| Updating 
|  38|0x0000000082600000, 0x0000000082700000, 0x0000000082700000|100%|HS|  |TAMS 0x0000000082700000, 0x0000000082600000| Complete 
|  39|0x0000000082700000, 0x0000000082800000, 0x0000000082800000|100%|HC|  |TAMS 0x0000000082800000, 0x0000000082700000| Complete 
|  40|0x0000000082800000, 0x0000000082900000, 0x0000000082900000|100%|HC|  |TAMS 0x0000000082900000, 0x0000000082800000| Complete 
|  41|0x0000000082900000, 0x0000000082a00000, 0x0000000082a00000|100%| O|  |TAMS 0x0000000082a00000, 0x0000000082900000| Updating 
|  42|0x0000000082a00000, 0x0000000082b00000, 0x0000000082b00000|100%| O|  |TAMS 0x0000000082b00000, 0x0000000082a00000| Updating 
|  43|0x0000000082b00000, 0x0000000082c00000, 0x0000000082c00000|100%| O|  |TAMS 0x0000000082c00000, 0x0000000082b00000| Updating 
|  44|0x0000000082c00000, 0x0000000082d00000, 0x0000000082d00000|100%|HS|  |TAMS 0x0000000082d00000, 0x0000000082c00000| Complete 
|  45|0x0000000082d00000, 0x0000000082e00000, 0x0000000082e00000|100%|HC|  |TAMS 0x0000000082e00000, 0x0000000082d00000| Complete 
|  46|0x0000000082e00000, 0x0000000082f00000, 0x0000000082f00000|100%| O|  |TAMS 0x0000000082f00000, 0x0000000082e00000| Updating 
|  47|0x0000000082f00000, 0x0000000083000000, 0x0000000083000000|100%| O|  |TAMS 0x0000000083000000, 0x0000000082f00000| Updating 
|  48|0x0000000083000000, 0x0000000083100000, 0x0000000083100000|100%| O|  |TAMS 0x0000000083100000, 0x0000000083000000| Updating 
|  49|0x0000000083100000, 0x0000000083200000, 0x0000000083200000|100%| O|  |TAMS 0x0000000083200000, 0x0000000083100000| Updating 
|  50|0x0000000083200000, 0x0000000083300000, 0x0000000083300000|100%| O|  |TAMS 0x0000000083300000, 0x0000000083200000| Updating 
|  51|0x0000000083300000, 0x0000000083400000, 0x0000000083400000|100%| O|  |TAMS 0x0000000083400000, 0x0000000083300000| Updating 
|  52|0x0000000083400000, 0x0000000083500000, 0x0000000083500000|100%| O|  |TAMS 0x0000000083500000, 0x0000000083400000| Updating 
|  53|0x0000000083500000, 0x0000000083600000, 0x0000000083600000|100%| O|  |TAMS 0x0000000083600000, 0x0000000083500000| Updating 
|  54|0x0000000083600000, 0x0000000083700000, 0x0000000083700000|100%| O|  |TAMS 0x0000000083700000, 0x0000000083600000| Updating 
|  55|0x0000000083700000, 0x0000000083800000, 0x0000000083800000|100%| O|  |TAMS 0x0000000083800000, 0x0000000083700000| Updating 
|  56|0x0000000083800000, 0x0000000083900000, 0x0000000083900000|100%| O|  |TAMS 0x0000000083900000, 0x0000000083800000| Updating 
|  57|0x0000000083900000, 0x0000000083a00000, 0x0000000083a00000|100%| O|  |TAMS 0x0000000083a00000, 0x0000000083900000| Updating 
|  58|0x0000000083a00000, 0x0000000083b00000, 0x0000000083b00000|100%| O|  |TAMS 0x0000000083b00000, 0x0000000083a00000| Updating 
|  59|0x0000000083b00000, 0x0000000083c00000, 0x0000000083c00000|100%| O|  |TAMS 0x0000000083c00000, 0x0000000083b00000| Updating 
|  60|0x0000000083c00000, 0x0000000083d00000, 0x0000000083d00000|100%| O|  |TAMS 0x0000000083d00000, 0x0000000083c00000| Updating 
|  61|0x0000000083d00000, 0x0000000083e00000, 0x0000000083e00000|100%| O|  |TAMS 0x0000000083e00000, 0x0000000083d00000| Updating 
|  62|0x0000000083e00000, 0x0000000083f00000, 0x0000000083f00000|100%| O|  |TAMS 0x0000000083f00000, 0x0000000083e00000| Updating 
|  63|0x0000000083f00000, 0x0000000084000000, 0x0000000084000000|100%| O|  |TAMS 0x0000000084000000, 0x0000000083f00000| Updating 
|  64|0x0000000084000000, 0x0000000084100000, 0x0000000084100000|100%| O|  |TAMS 0x0000000084100000, 0x0000000084000000| Updating 
|  65|0x0000000084100000, 0x0000000084200000, 0x0000000084200000|100%| O|  |TAMS 0x0000000084200000, 0x0000000084100000| Updating 
|  66|0x0000000084200000, 0x0000000084300000, 0x0000000084300000|100%| O|  |TAMS 0x0000000084300000, 0x0000000084200000| Updating 
|  67|0x0000000084300000, 0x0000000084400000, 0x0000000084400000|100%| O|  |TAMS 0x0000000084400000, 0x0000000084300000| Updating 
|  68|0x0000000084400000, 0x0000000084500000, 0x0000000084500000|100%| O|  |TAMS 0x0000000084500000, 0x0000000084400000| Updating 
|  69|0x0000000084500000, 0x0000000084600000, 0x0000000084600000|100%| O|  |TAMS 0x0000000084600000, 0x0000000084500000| Updating 
|  70|0x0000000084600000, 0x0000000084700000, 0x0000000084700000|100%| O|  |TAMS 0x0000000084700000, 0x0000000084600000| Updating 
|  71|0x0000000084700000, 0x0000000084800000, 0x0000000084800000|100%| O|  |TAMS 0x0000000084800000, 0x0000000084700000| Updating 
|  72|0x0000000084800000, 0x0000000084900000, 0x0000000084900000|100%| O|  |TAMS 0x0000000084900000, 0x0000000084800000| Updating 
|  73|0x0000000084900000, 0x0000000084a00000, 0x0000000084a00000|100%| O|  |TAMS 0x0000000084a00000, 0x0000000084900000| Updating 
|  74|0x0000000084a00000, 0x0000000084b00000, 0x0000000084b00000|100%| O|  |TAMS 0x0000000084b00000, 0x0000000084a00000| Updating 
|  75|0x0000000084b00000, 0x0000000084c00000, 0x0000000084c00000|100%| O|  |TAMS 0x0000000084c00000, 0x0000000084b00000| Updating 
|  76|0x0000000084c00000, 0x0000000084d00000, 0x0000000084d00000|100%| O|  |TAMS 0x0000000084d00000, 0x0000000084c00000| Updating 
|  77|0x0000000084d00000, 0x0000000084e00000, 0x0000000084e00000|100%| O|  |TAMS 0x0000000084e00000, 0x0000000084d00000| Updating 
|  78|0x0000000084e00000, 0x0000000084f00000, 0x0000000084f00000|100%| O|  |TAMS 0x0000000084f00000, 0x0000000084e00000| Updating 
|  79|0x0000000084f00000, 0x0000000085000000, 0x0000000085000000|100%|HS|  |TAMS 0x0000000085000000, 0x0000000084f00000| Complete 
|  80|0x0000000085000000, 0x0000000085100000, 0x0000000085100000|100%| O|  |TAMS 0x0000000085100000, 0x0000000085000000| Updating 
|  81|0x0000000085100000, 0x0000000085200000, 0x0000000085200000|100%| O|  |TAMS 0x0000000085200000, 0x0000000085100000| Updating 
|  82|0x0000000085200000, 0x0000000085300000, 0x0000000085300000|100%| O|  |TAMS 0x0000000085300000, 0x0000000085200000| Updating 
|  83|0x0000000085300000, 0x0000000085400000, 0x0000000085400000|100%| O|  |TAMS 0x0000000085400000, 0x0000000085300000| Updating 
|  84|0x0000000085400000, 0x0000000085500000, 0x0000000085500000|100%| O|  |TAMS 0x0000000085500000, 0x0000000085400000| Updating 
|  85|0x0000000085500000, 0x0000000085600000, 0x0000000085600000|100%| O|  |TAMS 0x0000000085600000, 0x0000000085500000| Updating 
|  86|0x0000000085600000, 0x0000000085700000, 0x0000000085700000|100%| O|  |TAMS 0x0000000085700000, 0x0000000085600000| Updating 
|  87|0x0000000085700000, 0x0000000085800000, 0x0000000085800000|100%| O|  |TAMS 0x0000000085800000, 0x0000000085700000| Updating 
|  88|0x0000000085800000, 0x0000000085900000, 0x0000000085900000|100%| O|  |TAMS 0x0000000085900000, 0x0000000085800000| Updating 
|  89|0x0000000085900000, 0x0000000085a00000, 0x0000000085a00000|100%| O|  |TAMS 0x0000000085a00000, 0x0000000085900000| Updating 
|  90|0x0000000085a00000, 0x0000000085b00000, 0x0000000085b00000|100%|HS|  |TAMS 0x0000000085b00000, 0x0000000085a00000| Complete 
|  91|0x0000000085b00000, 0x0000000085c00000, 0x0000000085c00000|100%|HC|  |TAMS 0x0000000085c00000, 0x0000000085b00000| Complete 
|  92|0x0000000085c00000, 0x0000000085d00000, 0x0000000085d00000|100%|HS|  |TAMS 0x0000000085d00000, 0x0000000085c00000| Complete 
|  93|0x0000000085d00000, 0x0000000085e00000, 0x0000000085e00000|100%| O|  |TAMS 0x0000000085e00000, 0x0000000085d00000| Updating 
|  94|0x0000000085e00000, 0x0000000085f00000, 0x0000000085f00000|100%|HS|  |TAMS 0x0000000085f00000, 0x0000000085e00000| Complete 
|  95|0x0000000085f00000, 0x0000000086000000, 0x0000000086000000|100%| O|  |TAMS 0x0000000086000000, 0x0000000085f00000| Updating 
|  96|0x0000000086000000, 0x0000000086100000, 0x0000000086100000|100%|HS|  |TAMS 0x0000000086100000, 0x0000000086000000| Complete 
|  97|0x0000000086100000, 0x0000000086200000, 0x0000000086200000|100%|HC|  |TAMS 0x0000000086200000, 0x0000000086100000| Complete 
|  98|0x0000000086200000, 0x0000000086300000, 0x0000000086300000|100%| O|  |TAMS 0x0000000086300000, 0x0000000086200000| Updating 
|  99|0x0000000086300000, 0x0000000086400000, 0x0000000086400000|100%|HS|  |TAMS 0x0000000086400000, 0x0000000086300000| Complete 
| 100|0x0000000086400000, 0x0000000086500000, 0x0000000086500000|100%|HS|  |TAMS 0x0000000086500000, 0x0000000086400000| Complete 
| 101|0x0000000086500000, 0x0000000086600000, 0x0000000086600000|100%|HC|  |TAMS 0x0000000086600000, 0x0000000086500000| Complete 
| 102|0x0000000086600000, 0x0000000086700000, 0x0000000086700000|100%|HC|  |TAMS 0x0000000086700000, 0x0000000086600000| Complete 
| 103|0x0000000086700000, 0x0000000086800000, 0x0000000086800000|100%| O|  |TAMS 0x0000000086800000, 0x0000000086700000| Updating 
| 104|0x0000000086800000, 0x0000000086900000, 0x0000000086900000|100%| O|  |TAMS 0x0000000086900000, 0x0000000086800000| Updating 
| 105|0x0000000086900000, 0x0000000086a00000, 0x0000000086a00000|100%|HS|  |TAMS 0x0000000086a00000, 0x0000000086900000| Complete 
| 106|0x0000000086a00000, 0x0000000086b00000, 0x0000000086b00000|100%|HC|  |TAMS 0x0000000086b00000, 0x0000000086a00000| Complete 
| 107|0x0000000086b00000, 0x0000000086c00000, 0x0000000086c00000|100%| O|  |TAMS 0x0000000086c00000, 0x0000000086b00000| Updating 
| 108|0x0000000086c00000, 0x0000000086d00000, 0x0000000086d00000|100%|HS|  |TAMS 0x0000000086d00000, 0x0000000086c00000| Complete 
| 109|0x0000000086d00000, 0x0000000086e00000, 0x0000000086e00000|100%| O|  |TAMS 0x0000000086e00000, 0x0000000086d00000| Updating 
| 110|0x0000000086e00000, 0x0000000086f00000, 0x0000000086f00000|100%| O|  |TAMS 0x0000000086f00000, 0x0000000086e00000| Updating 
| 111|0x0000000086f00000, 0x0000000087000000, 0x0000000087000000|100%|HS|  |TAMS 0x0000000087000000, 0x0000000086f00000| Complete 
| 112|0x0000000087000000, 0x0000000087100000, 0x0000000087100000|100%|HC|  |TAMS 0x0000000087100000, 0x0000000087000000| Complete 
| 113|0x0000000087100000, 0x0000000087200000, 0x0000000087200000|100%| O|  |TAMS 0x0000000087200000, 0x0000000087100000| Updating 
| 114|0x0000000087200000, 0x0000000087300000, 0x0000000087300000|100%|HS|  |TAMS 0x0000000087300000, 0x0000000087200000| Complete 
| 115|0x0000000087300000, 0x0000000087400000, 0x0000000087400000|100%| O|  |TAMS 0x0000000087400000, 0x0000000087300000| Updating 
| 116|0x0000000087400000, 0x0000000087500000, 0x0000000087500000|100%|HS|  |TAMS 0x0000000087500000, 0x0000000087400000| Complete 
| 117|0x0000000087500000, 0x0000000087600000, 0x0000000087600000|100%| O|  |TAMS 0x0000000087600000, 0x0000000087500000| Updating 
| 118|0x0000000087600000, 0x0000000087700000, 0x0000000087700000|100%| O|  |TAMS 0x0000000087700000, 0x0000000087600000| Updating 
| 119|0x0000000087700000, 0x0000000087800000, 0x0000000087800000|100%| O|  |TAMS 0x0000000087800000, 0x0000000087700000| Updating 
| 120|0x0000000087800000, 0x0000000087900000, 0x0000000087900000|100%|HS|  |TAMS 0x0000000087900000, 0x0000000087800000| Complete 
| 121|0x0000000087900000, 0x0000000087a00000, 0x0000000087a00000|100%| O|  |TAMS 0x0000000087a00000, 0x0000000087900000| Updating 
| 122|0x0000000087a00000, 0x0000000087b00000, 0x0000000087b00000|100%| O|  |TAMS 0x0000000087b00000, 0x0000000087a00000| Updating 
| 123|0x0000000087b00000, 0x0000000087c00000, 0x0000000087c00000|100%|HS|  |TAMS 0x0000000087c00000, 0x0000000087b00000| Complete 
| 124|0x0000000087c00000, 0x0000000087d00000, 0x0000000087d00000|100%|HS|  |TAMS 0x0000000087d00000, 0x0000000087c00000| Complete 
| 125|0x0000000087d00000, 0x0000000087e00000, 0x0000000087e00000|100%| O|  |TAMS 0x0000000087e00000, 0x0000000087d00000| Updating 
| 126|0x0000000087e00000, 0x0000000087f00000, 0x0000000087f00000|100%| O|  |TAMS 0x0000000087f00000, 0x0000000087e00000| Updating 
| 127|0x0000000087f00000, 0x0000000088000000, 0x0000000088000000|100%| O|  |TAMS 0x0000000088000000, 0x0000000087f00000| Updating 
| 128|0x0000000088000000, 0x0000000088100000, 0x0000000088100000|100%| O|  |TAMS 0x0000000088100000, 0x0000000088000000| Updating 
| 129|0x0000000088100000, 0x0000000088200000, 0x0000000088200000|100%| O|  |TAMS 0x0000000088200000, 0x0000000088100000| Updating 
| 130|0x0000000088200000, 0x0000000088300000, 0x0000000088300000|100%| O|  |TAMS 0x0000000088300000, 0x0000000088200000| Updating 
| 131|0x0000000088300000, 0x0000000088400000, 0x0000000088400000|100%| O|  |TAMS 0x0000000088400000, 0x0000000088300000| Updating 
| 132|0x0000000088400000, 0x0000000088500000, 0x0000000088500000|100%| O|  |TAMS 0x0000000088500000, 0x0000000088400000| Updating 
| 133|0x0000000088500000, 0x0000000088600000, 0x0000000088600000|100%| O|  |TAMS 0x0000000088600000, 0x0000000088500000| Updating 
| 134|0x0000000088600000, 0x0000000088700000, 0x0000000088700000|100%|HS|  |TAMS 0x0000000088700000, 0x0000000088600000| Complete 
| 135|0x0000000088700000, 0x0000000088800000, 0x0000000088800000|100%|HC|  |TAMS 0x0000000088800000, 0x0000000088700000| Complete 
| 136|0x0000000088800000, 0x0000000088900000, 0x0000000088900000|100%|HC|  |TAMS 0x0000000088900000, 0x0000000088800000| Complete 
| 137|0x0000000088900000, 0x0000000088a00000, 0x0000000088a00000|100%| O|  |TAMS 0x0000000088a00000, 0x0000000088900000| Updating 
| 138|0x0000000088a00000, 0x0000000088b00000, 0x0000000088b00000|100%| O|  |TAMS 0x0000000088b00000, 0x0000000088a00000| Updating 
| 139|0x0000000088b00000, 0x0000000088c00000, 0x0000000088c00000|100%| O|  |TAMS 0x0000000088c00000, 0x0000000088b00000| Updating 
| 140|0x0000000088c00000, 0x0000000088d00000, 0x0000000088d00000|100%| O|  |TAMS 0x0000000088d00000, 0x0000000088c00000| Updating 
| 141|0x0000000088d00000, 0x0000000088e00000, 0x0000000088e00000|100%| O|  |TAMS 0x0000000088e00000, 0x0000000088d00000| Updating 
| 142|0x0000000088e00000, 0x0000000088f00000, 0x0000000088f00000|100%| O|  |TAMS 0x0000000088f00000, 0x0000000088e00000| Updating 
| 143|0x0000000088f00000, 0x0000000089000000, 0x0000000089000000|100%| O|  |TAMS 0x0000000089000000, 0x0000000088f00000| Updating 
| 144|0x0000000089000000, 0x0000000089100000, 0x0000000089100000|100%| O|  |TAMS 0x0000000089100000, 0x0000000089000000| Updating 
| 145|0x0000000089100000, 0x0000000089200000, 0x0000000089200000|100%| O|  |TAMS 0x0000000089200000, 0x0000000089100000| Updating 
| 146|0x0000000089200000, 0x0000000089300000, 0x0000000089300000|100%| O|  |TAMS 0x0000000089300000, 0x0000000089200000| Updating 
| 147|0x0000000089300000, 0x0000000089400000, 0x0000000089400000|100%| O|  |TAMS 0x0000000089400000, 0x0000000089300000| Updating 
| 148|0x0000000089400000, 0x0000000089500000, 0x0000000089500000|100%| O|  |TAMS 0x0000000089500000, 0x0000000089400000| Updating 
| 149|0x0000000089500000, 0x0000000089600000, 0x0000000089600000|100%| O|  |TAMS 0x0000000089600000, 0x0000000089500000| Updating 
| 150|0x0000000089600000, 0x0000000089700000, 0x0000000089700000|100%| O|  |TAMS 0x0000000089700000, 0x0000000089600000| Updating 
| 151|0x0000000089700000, 0x0000000089800000, 0x0000000089800000|100%| O|  |TAMS 0x0000000089792e00, 0x0000000089700000| Updating 
| 152|0x0000000089800000, 0x0000000089900000, 0x0000000089900000|100%| O|  |TAMS 0x0000000089800000, 0x0000000089800000| Untracked 
| 153|0x0000000089900000, 0x0000000089a00000, 0x0000000089a00000|100%| O|  |TAMS 0x0000000089900000, 0x0000000089900000| Untracked 
| 154|0x0000000089a00000, 0x0000000089b00000, 0x0000000089b00000|100%| O|  |TAMS 0x0000000089a00000, 0x0000000089a00000| Untracked 
| 155|0x0000000089b00000, 0x0000000089c00000, 0x0000000089c00000|100%| O|  |TAMS 0x0000000089b00000, 0x0000000089b00000| Untracked 
| 156|0x0000000089c00000, 0x0000000089d00000, 0x0000000089d00000|100%| O|  |TAMS 0x0000000089c00000, 0x0000000089c00000| Untracked 
| 157|0x0000000089d00000, 0x0000000089e00000, 0x0000000089e00000|100%| O|  |TAMS 0x0000000089d00000, 0x0000000089d00000| Untracked 
| 158|0x0000000089e00000, 0x0000000089f00000, 0x0000000089f00000|100%| O|  |TAMS 0x0000000089e00000, 0x0000000089e00000| Untracked 
| 159|0x0000000089f00000, 0x000000008a000000, 0x000000008a000000|100%| O|  |TAMS 0x0000000089f00000, 0x0000000089f00000| Untracked 
| 160|0x000000008a000000, 0x000000008a100000, 0x000000008a100000|100%| O|  |TAMS 0x000000008a000000, 0x000000008a000000| Untracked 
| 161|0x000000008a100000, 0x000000008a200000, 0x000000008a200000|100%| O|  |TAMS 0x000000008a100000, 0x000000008a100000| Untracked 
| 162|0x000000008a200000, 0x000000008a300000, 0x000000008a300000|100%| O|  |TAMS 0x000000008a200000, 0x000000008a200000| Untracked 
| 163|0x000000008a300000, 0x000000008a400000, 0x000000008a400000|100%| O|  |TAMS 0x000000008a300000, 0x000000008a300000| Untracked 
| 164|0x000000008a400000, 0x000000008a500000, 0x000000008a500000|100%| O|  |TAMS 0x000000008a400000, 0x000000008a400000| Untracked 
| 165|0x000000008a500000, 0x000000008a600000, 0x000000008a600000|100%| O|  |TAMS 0x000000008a500000, 0x000000008a500000| Untracked 
| 166|0x000000008a600000, 0x000000008a700000, 0x000000008a700000|100%| O|  |TAMS 0x000000008a600000, 0x000000008a600000| Untracked 
| 167|0x000000008a700000, 0x000000008a800000, 0x000000008a800000|100%| O|  |TAMS 0x000000008a700000, 0x000000008a700000| Untracked 
| 168|0x000000008a800000, 0x000000008a900000, 0x000000008a900000|100%| O|  |TAMS 0x000000008a800000, 0x000000008a800000| Untracked 
| 169|0x000000008a900000, 0x000000008aa00000, 0x000000008aa00000|100%| O|  |TAMS 0x000000008a900000, 0x000000008a900000| Untracked 
| 170|0x000000008aa00000, 0x000000008ab00000, 0x000000008ab00000|100%| O|  |TAMS 0x000000008aa00000, 0x000000008aa00000| Untracked 
| 171|0x000000008ab00000, 0x000000008ac00000, 0x000000008ac00000|100%| O|  |TAMS 0x000000008ab00000, 0x000000008ab00000| Untracked 
| 172|0x000000008ac00000, 0x000000008ad00000, 0x000000008ad00000|100%| O|  |TAMS 0x000000008ac00000, 0x000000008ac00000| Untracked 
| 173|0x000000008ad00000, 0x000000008ae00000, 0x000000008ae00000|100%| O|  |TAMS 0x000000008ad00000, 0x000000008ad00000| Untracked 
| 174|0x000000008ae00000, 0x000000008af00000, 0x000000008af00000|100%| O|  |TAMS 0x000000008ae00000, 0x000000008ae00000| Untracked 
| 175|0x000000008af00000, 0x000000008b000000, 0x000000008b000000|100%| O|  |TAMS 0x000000008af00000, 0x000000008af00000| Untracked 
| 176|0x000000008b000000, 0x000000008b100000, 0x000000008b100000|100%| O|  |TAMS 0x000000008b000000, 0x000000008b000000| Untracked 
| 177|0x000000008b100000, 0x000000008b200000, 0x000000008b200000|100%| O|  |TAMS 0x000000008b100000, 0x000000008b100000| Untracked 
| 178|0x000000008b200000, 0x000000008b300000, 0x000000008b300000|100%| O|  |TAMS 0x000000008b200000, 0x000000008b200000| Untracked 
| 179|0x000000008b300000, 0x000000008b400000, 0x000000008b400000|100%| O|  |TAMS 0x000000008b300000, 0x000000008b300000| Untracked 
| 180|0x000000008b400000, 0x000000008b500000, 0x000000008b500000|100%| O|  |TAMS 0x000000008b400000, 0x000000008b400000| Updating 
| 181|0x000000008b500000, 0x000000008b600000, 0x000000008b600000|100%| O|  |TAMS 0x000000008b500000, 0x000000008b500000| Untracked 
| 182|0x000000008b600000, 0x000000008b700000, 0x000000008b700000|100%| O|  |TAMS 0x000000008b600000, 0x000000008b600000| Untracked 
| 183|0x000000008b700000, 0x000000008b800000, 0x000000008b800000|100%| O|  |TAMS 0x000000008b700000, 0x000000008b700000| Untracked 
| 184|0x000000008b800000, 0x000000008b900000, 0x000000008b900000|100%| O|  |TAMS 0x000000008b800000, 0x000000008b800000| Untracked 
| 185|0x000000008b900000, 0x000000008ba00000, 0x000000008ba00000|100%| O|  |TAMS 0x000000008b900000, 0x000000008b900000| Untracked 
| 186|0x000000008ba00000, 0x000000008bb00000, 0x000000008bb00000|100%| O|  |TAMS 0x000000008ba00000, 0x000000008ba00000| Untracked 
| 187|0x000000008bb00000, 0x000000008bc00000, 0x000000008bc00000|100%| O|  |TAMS 0x000000008bb00000, 0x000000008bb00000| Untracked 
| 188|0x000000008bc00000, 0x000000008bd00000, 0x000000008bd00000|100%| O|  |TAMS 0x000000008bc00000, 0x000000008bc00000| Untracked 
| 189|0x000000008bd00000, 0x000000008be00000, 0x000000008be00000|100%| O|  |TAMS 0x000000008bd00000, 0x000000008bd00000| Untracked 
| 190|0x000000008be00000, 0x000000008bf00000, 0x000000008bf00000|100%| S|CS|TAMS 0x000000008be00000, 0x000000008be00000| Complete 
| 191|0x000000008bf00000, 0x000000008bf00000, 0x000000008c000000|  0%| F|  |TAMS 0x000000008bf00000, 0x000000008bf00000| Untracked 
| 192|0x000000008c000000, 0x000000008c000000, 0x000000008c100000|  0%| F|  |TAMS 0x000000008c000000, 0x000000008c000000| Untracked 
| 193|0x000000008c100000, 0x000000008c100000, 0x000000008c200000|  0%| F|  |TAMS 0x000000008c100000, 0x000000008c100000| Untracked 
| 194|0x000000008c200000, 0x000000008c200000, 0x000000008c300000|  0%| F|  |TAMS 0x000000008c200000, 0x000000008c200000| Untracked 
| 195|0x000000008c300000, 0x000000008c400000, 0x000000008c400000|100%| O|  |TAMS 0x000000008c400000, 0x000000008c300000| Updating 
| 196|0x000000008c400000, 0x000000008c400000, 0x000000008c500000|  0%| F|  |TAMS 0x000000008c400000, 0x000000008c400000| Untracked 
| 197|0x000000008c500000, 0x000000008c600000, 0x000000008c600000|100%| O|  |TAMS 0x000000008c600000, 0x000000008c500000| Updating 
| 198|0x000000008c600000, 0x000000008c600000, 0x000000008c700000|  0%| F|  |TAMS 0x000000008c600000, 0x000000008c600000| Untracked 
| 199|0x000000008c700000, 0x000000008c800000, 0x000000008c800000|100%| O|  |TAMS 0x000000008c800000, 0x000000008c700000| Updating 
| 200|0x000000008c800000, 0x000000008c800000, 0x000000008c900000|  0%| F|  |TAMS 0x000000008c800000, 0x000000008c800000| Untracked 
| 201|0x000000008c900000, 0x000000008ca00000, 0x000000008ca00000|100%| O|  |TAMS 0x000000008ca00000, 0x000000008c900000| Updating 
| 202|0x000000008ca00000, 0x000000008ca00000, 0x000000008cb00000|  0%| F|  |TAMS 0x000000008ca00000, 0x000000008ca00000| Untracked 
| 203|0x000000008cb00000, 0x000000008cb00000, 0x000000008cc00000|  0%| F|  |TAMS 0x000000008cb00000, 0x000000008cb00000| Untracked 
| 204|0x000000008cc00000, 0x000000008cc00000, 0x000000008cd00000|  0%| F|  |TAMS 0x000000008cc00000, 0x000000008cc00000| Untracked 
| 205|0x000000008cd00000, 0x000000008ce00000, 0x000000008ce00000|100%| O|  |TAMS 0x000000008ce00000, 0x000000008cd00000| Updating 
| 206|0x000000008ce00000, 0x000000008cf00000, 0x000000008cf00000|100%| O|  |TAMS 0x000000008cf00000, 0x000000008ce00000| Updating 
| 207|0x000000008cf00000, 0x000000008d000000, 0x000000008d000000|100%| O|  |TAMS 0x000000008d000000, 0x000000008cf00000| Updating 
| 208|0x000000008d000000, 0x000000008d100000, 0x000000008d100000|100%| O|  |TAMS 0x000000008d100000, 0x000000008d000000| Updating 
| 209|0x000000008d100000, 0x000000008d200000, 0x000000008d200000|100%| O|  |TAMS 0x000000008d200000, 0x000000008d100000| Updating 
| 210|0x000000008d200000, 0x000000008d300000, 0x000000008d300000|100%| O|  |TAMS 0x000000008d300000, 0x000000008d200000| Updating 
| 211|0x000000008d300000, 0x000000008d400000, 0x000000008d400000|100%| O|  |TAMS 0x000000008d400000, 0x000000008d300000| Updating 
| 212|0x000000008d400000, 0x000000008d500000, 0x000000008d500000|100%| O|  |TAMS 0x000000008d500000, 0x000000008d400000| Updating 
| 213|0x000000008d500000, 0x000000008d600000, 0x000000008d600000|100%| O|  |TAMS 0x000000008d600000, 0x000000008d500000| Updating 
| 214|0x000000008d600000, 0x000000008d700000, 0x000000008d700000|100%| O|  |TAMS 0x000000008d700000, 0x000000008d600000| Updating 
| 215|0x000000008d700000, 0x000000008d800000, 0x000000008d800000|100%| O|  |TAMS 0x000000008d700000, 0x000000008d700000| Untracked 
| 216|0x000000008d800000, 0x000000008d900000, 0x000000008d900000|100%| O|  |TAMS 0x000000008d800000, 0x000000008d800000| Untracked 
| 217|0x000000008d900000, 0x000000008da00000, 0x000000008da00000|100%| S|CS|TAMS 0x000000008d900000, 0x000000008d900000| Complete 
| 218|0x000000008da00000, 0x000000008db00000, 0x000000008db00000|100%| O|  |TAMS 0x000000008da00000, 0x000000008da00000| Untracked 
| 219|0x000000008db00000, 0x000000008db64800, 0x000000008dc00000| 39%| O|  |TAMS 0x000000008db00000, 0x000000008db00000| Untracked 

Card table byte_map: [0x000002472a510000,0x000002472a910000] _byte_map_base: 0x000002472a110000

Marking Bits (Prev, Next): (CMBitMap*) 0x0000024716fee370, (CMBitMap*) 0x0000024716fee338
 Prev Bits: [0x000002472cd10000, 0x000002472ed10000)
 Next Bits: [0x000002472ad10000, 0x000002472cd10000)

Polling page: 0x0000024717090000

Metaspace:

Usage:
  Non-class:     95.80 MB capacity,    94.16 MB ( 98%) used,     1.34 MB (  1%) free+waste,   302.81 KB ( <1%) overhead. 
      Class:     14.59 MB capacity,    13.74 MB ( 94%) used,   733.84 KB (  5%) free+waste,   133.38 KB ( <1%) overhead. 
       Both:    110.39 MB capacity,   107.90 MB ( 98%) used,     2.06 MB (  2%) free+waste,   436.19 KB ( <1%) overhead. 

Virtual space:
  Non-class space:       96.00 MB reserved,      96.00 MB (100%) committed 
      Class space:        1.00 GB reserved,      14.63 MB (  1%) committed 
             Both:        1.09 GB reserved,     110.63 MB ( 10%) committed 

Chunk freelists:
   Non-Class:  77.00 KB
       Class:  39.00 KB
        Both:  116.00 KB

MaxMetaspaceSize: 17179869184.00 GB
CompressedClassSpaceSize: 1.00 GB

CodeHeap 'non-profiled nmethods': size=120064Kb used=10253Kb max_used=10253Kb free=109810Kb
 bounds [0x0000024722590000, 0x0000024722fa0000, 0x0000024729ad0000]
CodeHeap 'profiled nmethods': size=120000Kb used=34692Kb max_used=34692Kb free=85307Kb
 bounds [0x000002471b060000, 0x000002471d250000, 0x0000024722590000]
CodeHeap 'non-nmethods': size=5696Kb used=2334Kb max_used=2375Kb free=3361Kb
 bounds [0x000002471aad0000, 0x000002471ad40000, 0x000002471b060000]
 total_blobs=16660 nmethods=15708 adapters=863
 compilation: enabled
              stopped_count=0, restarted_count=0
 full_count=0

Compilation events (20 events):
Event: 95.645 Thread 0x0000024731385800 15916       3       com.android.tools.r8.dex.r::a (261 bytes)
Event: 95.647 Thread 0x0000024731385800 nmethod 15916 0x000002471d237710 code [0x000002471d237aa0, 0x000002471d239338]
Event: 95.655 Thread 0x0000024731385800 15917       2       java.util.Arrays::hashCode (44 bytes)
Event: 95.656 Thread 0x0000024731385800 nmethod 15917 0x000002471d239f90 code [0x000002471d23a140, 0x000002471d23a2b8]
Event: 95.657 Thread 0x0000024731385800 15918       2       com.android.tools.r8.code.M0::<init> (34 bytes)
Event: 95.658 Thread 0x0000024731385800 nmethod 15918 0x000002471d23a390 code [0x000002471d23a560, 0x000002471d23a728]
Event: 95.658 Thread 0x0000024731385800 15919       2       com.android.tools.r8.code.M0::hashCode (28 bytes)
Event: 95.658 Thread 0x0000024731385800 nmethod 15919 0x000002471d23a890 code [0x000002471d23aa40, 0x000002471d23ab88]
Event: 95.659 Thread 0x0000024731385800 15920       2       com.android.tools.r8.code.t::<init> (7 bytes)
Event: 95.660 Thread 0x0000024731385800 nmethod 15920 0x000002471d23ac10 code [0x000002471d23ade0, 0x000002471d23afa8]
Event: 95.661 Thread 0x0000024731385800 15921       2       com.android.tools.r8.code.d::<init> (7 bytes)
Event: 95.662 Thread 0x0000024731385800 nmethod 15921 0x000002471d23b110 code [0x000002471d23b2e0, 0x000002471d23b518]
Event: 95.664 Thread 0x0000024731385800 15922       2       com.android.tools.r8.code.t2::<init> (7 bytes)
Event: 95.664 Thread 0x0000024731385800 nmethod 15922 0x000002471d23b710 code [0x000002471d23b8c0, 0x000002471d23ba18]
Event: 95.723 Thread 0x0000024731385800 15924       2       com.android.tools.r8.code.l0::<init> (7 bytes)
Event: 95.724 Thread 0x0000024731385800 nmethod 15924 0x000002471d23bb10 code [0x000002471d23bce0, 0x000002471d23bf18]
Event: 95.748 Thread 0x0000024731385800 15925       2       com.android.tools.r8.code.E3::hashCode (35 bytes)
Event: 95.748 Thread 0x0000024731385800 nmethod 15925 0x000002471d23c110 code [0x000002471d23c2e0, 0x000002471d23c438]
Event: 95.793 Thread 0x0000024731385800 15927 %     3       com.android.tools.r8.dex.p::<init> @ 49 (630 bytes)
Event: 95.798 Thread 0x0000024731385800 nmethod 15927% 0x000002471d23c510 code [0x000002471d23cac0, 0x000002471d240058]

GC Heap History (20 events):
Event: 95.001 GC heap after
{Heap after GC invocations=105 (full 0):
 garbage-first heap   total 220160K, used 162816K [0x0000000080000000, 0x0000000100000000)
  region size 1024K, 2 young (2048K), 2 survivors (2048K)
 Metaspace       used 110357K, capacity 112929K, committed 113024K, reserved 1146880K
  class space    used 14090K, capacity 14974K, committed 14976K, reserved 1048576K
}
Event: 95.107 GC heap before
{Heap before GC invocations=105 (full 0):
 garbage-first heap   total 220160K, used 182272K [0x0000000080000000, 0x0000000100000000)
  region size 1024K, 21 young (21504K), 2 survivors (2048K)
 Metaspace       used 110460K, capacity 113065K, committed 113280K, reserved 1146880K
  class space    used 14090K, capacity 14974K, committed 14976K, reserved 1048576K
}
Event: 95.127 GC heap after
{Heap after GC invocations=106 (full 0):
 garbage-first heap   total 220160K, used 172619K [0x0000000080000000, 0x0000000100000000)
  region size 1024K, 3 young (3072K), 3 survivors (3072K)
 Metaspace       used 110460K, capacity 113065K, committed 113280K, reserved 1146880K
  class space    used 14090K, capacity 14974K, committed 14976K, reserved 1048576K
}
Event: 95.214 GC heap before
{Heap before GC invocations=106 (full 0):
 garbage-first heap   total 220160K, used 184907K [0x0000000080000000, 0x0000000100000000)
  region size 1024K, 15 young (15360K), 3 survivors (3072K)
 Metaspace       used 110475K, capacity 113065K, committed 113280K, reserved 1146880K
  class space    used 14090K, capacity 14974K, committed 14976K, reserved 1048576K
}
Event: 95.231 GC heap after
{Heap after GC invocations=107 (full 0):
 garbage-first heap   total 220160K, used 179581K [0x0000000080000000, 0x0000000100000000)
  region size 1024K, 2 young (2048K), 2 survivors (2048K)
 Metaspace       used 110475K, capacity 113065K, committed 113280K, reserved 1146880K
  class space    used 14090K, capacity 14974K, committed 14976K, reserved 1048576K
}
Event: 95.337 GC heap before
{Heap before GC invocations=107 (full 0):
 garbage-first heap   total 220160K, used 186749K [0x0000000080000000, 0x0000000100000000)
  region size 1024K, 10 young (10240K), 2 survivors (2048K)
 Metaspace       used 110485K, capacity 113068K, committed 113280K, reserved 1146880K
  class space    used 14090K, capacity 14974K, committed 14976K, reserved 1048576K
}
Event: 95.349 GC heap after
{Heap after GC invocations=108 (full 0):
 garbage-first heap   total 220160K, used 184029K [0x0000000080000000, 0x0000000100000000)
  region size 1024K, 2 young (2048K), 2 survivors (2048K)
 Metaspace       used 110485K, capacity 113068K, committed 113280K, reserved 1146880K
  class space    used 14090K, capacity 14974K, committed 14976K, reserved 1048576K
}
Event: 95.409 GC heap before
{Heap before GC invocations=108 (full 0):
 garbage-first heap   total 220160K, used 192221K [0x0000000080000000, 0x0000000100000000)
  region size 1024K, 10 young (10240K), 2 survivors (2048K)
 Metaspace       used 110493K, capacity 113068K, committed 113280K, reserved 1146880K
  class space    used 14090K, capacity 14974K, committed 14976K, reserved 1048576K
}
Event: 95.420 GC heap after
{Heap after GC invocations=109 (full 0):
 garbage-first heap   total 220160K, used 188343K [0x0000000080000000, 0x0000000100000000)
  region size 1024K, 2 young (2048K), 2 survivors (2048K)
 Metaspace       used 110493K, capacity 113068K, committed 113280K, reserved 1146880K
  class space    used 14090K, capacity 14974K, committed 14976K, reserved 1048576K
}
Event: 95.521 GC heap before
{Heap before GC invocations=109 (full 0):
 garbage-first heap   total 220160K, used 196535K [0x0000000080000000, 0x0000000100000000)
  region size 1024K, 10 young (10240K), 2 survivors (2048K)
 Metaspace       used 110539K, capacity 113132K, committed 113280K, reserved 1146880K
  class space    used 14090K, capacity 14974K, committed 14976K, reserved 1048576K
}
Event: 95.532 GC heap after
{Heap after GC invocations=110 (full 0):
 garbage-first heap   total 220160K, used 192719K [0x0000000080000000, 0x0000000100000000)
  region size 1024K, 2 young (2048K), 2 survivors (2048K)
 Metaspace       used 110539K, capacity 113132K, committed 113280K, reserved 1146880K
  class space    used 14090K, capacity 14974K, committed 14976K, reserved 1048576K
}
Event: 95.577 GC heap before
{Heap before GC invocations=110 (full 0):
 garbage-first heap   total 220160K, used 200911K [0x0000000080000000, 0x0000000100000000)
  region size 1024K, 10 young (10240K), 2 survivors (2048K)
 Metaspace       used 110542K, capacity 113132K, committed 113280K, reserved 1146880K
  class space    used 14090K, capacity 14974K, committed 14976K, reserved 1048576K
}
Event: 95.588 GC heap after
{Heap after GC invocations=111 (full 0):
 garbage-first heap   total 220160K, used 197215K [0x0000000080000000, 0x0000000100000000)
  region size 1024K, 2 young (2048K), 2 survivors (2048K)
 Metaspace       used 110542K, capacity 113132K, committed 113280K, reserved 1146880K
  class space    used 14090K, capacity 14974K, committed 14976K, reserved 1048576K
}
Event: 95.633 GC heap before
{Heap before GC invocations=111 (full 0):
 garbage-first heap   total 220160K, used 205407K [0x0000000080000000, 0x0000000100000000)
  region size 1024K, 10 young (10240K), 2 survivors (2048K)
 Metaspace       used 110548K, capacity 113132K, committed 113280K, reserved 1146880K
  class space    used 14090K, capacity 14974K, committed 14976K, reserved 1048576K
}
Event: 95.643 GC heap after
{Heap after GC invocations=112 (full 0):
 garbage-first heap   total 220160K, used 201309K [0x0000000080000000, 0x0000000100000000)
  region size 1024K, 2 young (2048K), 2 survivors (2048K)
 Metaspace       used 110548K, capacity 113132K, committed 113280K, reserved 1146880K
  class space    used 14090K, capacity 14974K, committed 14976K, reserved 1048576K
}
Event: 95.724 GC heap before
{Heap before GC invocations=112 (full 0):
 garbage-first heap   total 220160K, used 208477K [0x0000000080000000, 0x0000000100000000)
  region size 1024K, 10 young (10240K), 2 survivors (2048K)
 Metaspace       used 110490K, capacity 113036K, committed 113280K, reserved 1146880K
  class space    used 14069K, capacity 14937K, committed 14976K, reserved 1048576K
}
Event: 95.737 GC heap after
{Heap after GC invocations=113 (full 0):
 garbage-first heap   total 220160K, used 206020K [0x0000000080000000, 0x0000000100000000)
  region size 1024K, 2 young (2048K), 2 survivors (2048K)
 Metaspace       used 110490K, capacity 113036K, committed 113280K, reserved 1146880K
  class space    used 14069K, capacity 14937K, committed 14976K, reserved 1048576K
}
Event: 95.800 GC heap before
{Heap before GC invocations=113 (full 0):
 garbage-first heap   total 220160K, used 213188K [0x0000000080000000, 0x0000000100000000)
  region size 1024K, 10 young (10240K), 2 survivors (2048K)
 Metaspace       used 110490K, capacity 113036K, committed 113280K, reserved 1146880K
  class space    used 14069K, capacity 14937K, committed 14976K, reserved 1048576K
}
Event: 95.814 GC heap after
{Heap after GC invocations=114 (full 0):
 garbage-first heap   total 221184K, used 210337K [0x0000000080000000, 0x0000000100000000)
  region size 1024K, 2 young (2048K), 2 survivors (2048K)
 Metaspace       used 110490K, capacity 113036K, committed 113280K, reserved 1146880K
  class space    used 14069K, capacity 14937K, committed 14976K, reserved 1048576K
}
Event: 95.875 GC heap before
{Heap before GC invocations=114 (full 0):
 garbage-first heap   total 221184K, used 218529K [0x0000000080000000, 0x0000000100000000)
  region size 1024K, 10 young (10240K), 2 survivors (2048K)
 Metaspace       used 110490K, capacity 113036K, committed 113280K, reserved 1146880K
  class space    used 14069K, capacity 14937K, committed 14976K, reserved 1048576K
}

Deoptimization events (20 events):
Event: 95.660 Thread 0x00000247376dc800 DEOPT PACKING pc=0x000002471d222e65 sp=0x00000065232fe480
Event: 95.660 Thread 0x00000247376dc800 DEOPT UNPACKING pc=0x000002471aaf6d5e sp=0x00000065232fe0a0 mode 0
Event: 95.710 Thread 0x00000247376dc800 DEOPT PACKING pc=0x000002471d222e65 sp=0x00000065232fe460
Event: 95.710 Thread 0x00000247376dc800 DEOPT UNPACKING pc=0x000002471aaf6d5e sp=0x00000065232fe080 mode 0
Event: 95.719 Thread 0x00000247376dd000 DEOPT PACKING pc=0x000002471d222e65 sp=0x00000065231fe630
Event: 95.719 Thread 0x00000247376dd000 DEOPT UNPACKING pc=0x000002471aaf6d5e sp=0x00000065231fe250 mode 0
Event: 95.742 Thread 0x00000247376dc800 DEOPT PACKING pc=0x000002471d222e65 sp=0x00000065232fe460
Event: 95.742 Thread 0x00000247376dc800 DEOPT UNPACKING pc=0x000002471aaf6d5e sp=0x00000065232fe080 mode 0
Event: 95.754 Thread 0x00000247376dc800 DEOPT PACKING pc=0x000002471d222e65 sp=0x00000065232fe460
Event: 95.754 Thread 0x00000247376dc800 DEOPT UNPACKING pc=0x000002471aaf6d5e sp=0x00000065232fe080 mode 0
Event: 95.774 Thread 0x00000247376dd000 DEOPT PACKING pc=0x000002471d222e65 sp=0x00000065231fe630
Event: 95.774 Thread 0x00000247376dd000 DEOPT UNPACKING pc=0x000002471aaf6d5e sp=0x00000065231fe250 mode 0
Event: 95.784 Thread 0x00000247376de000 DEOPT PACKING pc=0x000002471d222e65 sp=0x00000065233fe210
Event: 95.784 Thread 0x00000247376de000 DEOPT UNPACKING pc=0x000002471aaf6d5e sp=0x00000065233fde30 mode 0
Event: 95.829 Thread 0x00000247376de000 DEOPT PACKING pc=0x000002471d222e65 sp=0x00000065233fe230
Event: 95.829 Thread 0x00000247376de000 DEOPT UNPACKING pc=0x000002471aaf6d5e sp=0x00000065233fde50 mode 0
Event: 95.850 Thread 0x00000247376de000 DEOPT PACKING pc=0x000002471d222e65 sp=0x00000065233fe210
Event: 95.850 Thread 0x00000247376de000 DEOPT UNPACKING pc=0x000002471aaf6d5e sp=0x00000065233fde30 mode 0
Event: 95.862 Thread 0x00000247376de000 DEOPT PACKING pc=0x000002471d222e65 sp=0x00000065233fe210
Event: 95.862 Thread 0x00000247376de000 DEOPT UNPACKING pc=0x000002471aaf6d5e sp=0x00000065233fde30 mode 0

Classes redefined (0 events):
No events

Internal exceptions (20 events):
Event: 75.388 Thread 0x00000247376d4000 Exception <a 'sun/nio/fs/WindowsException'{0x00000000889b18a8}> (0x00000000889b18a8) thrown at [./src/hotspot/share/prims/jni.cpp, line 615]
Event: 75.388 Thread 0x00000247376d4000 Exception <a 'sun/nio/fs/WindowsException'{0x00000000889b2720}> (0x00000000889b2720) thrown at [./src/hotspot/share/prims/jni.cpp, line 615]
Event: 75.557 Thread 0x00000247376d4000 Exception <a 'java/lang/NoSuchMethodError'{0x000000008879bfe0}: <clinit>> (0x000000008879bfe0) thrown at [./src/hotspot/share/prims/jni.cpp, line 1362]
Event: 75.562 Thread 0x00000247376d4000 Exception <a 'java/lang/NoSuchMethodError'{0x00000000887d34b0}: <clinit>> (0x00000000887d34b0) thrown at [./src/hotspot/share/prims/jni.cpp, line 1362]
Event: 75.563 Thread 0x00000247376d4000 Exception <a 'java/lang/NoSuchMethodError'{0x00000000887e6568}: <clinit>> (0x00000000887e6568) thrown at [./src/hotspot/share/prims/jni.cpp, line 1362]
Event: 81.999 Thread 0x00000247376d3800 Exception <a 'java/lang/NoSuchMethodError'{0x000000008a273138}: 'void java.lang.invoke.DirectMethodHandle$Holder.invokeStatic(java.lang.Object, long)'> (0x000000008a273138) thrown at [./src/hotspot/share/interpreter/linkResolver.cpp, line 773]
Event: 82.001 Thread 0x00000247376d3800 Exception <a 'java/lang/NoSuchMethodError'{0x000000008a278350}: 'java.lang.Object java.lang.invoke.DirectMethodHandle$Holder.invokeStatic(java.lang.Object, long)'> (0x000000008a278350) thrown at [./src/hotspot/share/interpreter/linkResolver.cpp, line 773]
Event: 82.004 Thread 0x00000247376d3800 Exception <a 'java/lang/NoSuchMethodError'{0x000000008a2866b8}: 'java.lang.Object java.lang.invoke.DirectMethodHandle$Holder.invokeStaticInit(java.lang.Object, java.lang.Object, long, java.lang.Object)'> (0x000000008a2866b8) thrown at [./src/hotspot/share/interpreter/linkResolver.cpp, line 773]
Event: 82.005 Thread 0x00000247376d3800 Exception <a 'java/lang/NoSuchMethodError'{0x000000008a28c850}: 'java.lang.Object java.lang.invoke.DirectMethodHandle$Holder.invokeStatic(java.lang.Object, java.lang.Object, long)'> (0x000000008a28c850) thrown at [./src/hotspot/share/interpreter/linkResolver.cpp, line 773]
Event: 82.005 Thread 0x00000247376d3800 Exception <a 'java/lang/NoSuchMethodError'{0x000000008a292dc8}: 'java.lang.Object java.lang.invoke.Invokers$Holder.linkToTargetMethod(java.lang.Object, long, java.lang.Object)'> (0x000000008a292dc8) thrown at [./src/hotspot/share/interpreter/linkResolver.cpp, line 773]
Event: 88.241 Thread 0x00000247376d2800 Exception <a 'sun/nio/fs/WindowsException'{0x000000008aaa2570}> (0x000000008aaa2570) thrown at [./src/hotspot/share/prims/jni.cpp, line 615]
Event: 88.545 Thread 0x00000247376d3800 Exception <a 'java/lang/NoSuchMethodError'{0x000000008a993340}: 'int java.lang.invoke.DirectMethodHandle$Holder.invokeSpecialIFC(java.lang.Object, java.lang.Object, java.lang.Object)'> (0x000000008a993340) thrown at [./src/hotspot/share/interpreter/linkResolver.cpp, line 773]
Event: 91.238 Thread 0x00000247376d2800 Exception <a 'java/lang/NoSuchMethodError'{0x000000008a270500}: 'java.lang.Object java.lang.invoke.DirectMethodHandle$Holder.invokeStaticInit(java.lang.Object, java.lang.Object, java.lang.Object, java.lang.Object, java.lang.Object, java.lang.Object, java.lang.Object, java.lang.Object, java.lang.Object, java.lang.Object, java.lang.Object, java.lang.Object, java.lang.Object, java.lang.Object, java.lang.Object, java.lang.Object, java.lang.Object, java.lang.Object, int, java.lang.Object, java.lang.Object)'> (0
Event: 92.496 Thread 0x00000247376dc800 Exception <a 'java/lang/IncompatibleClassChangeError'{0x000000008b0e07a8}: Found class java.lang.Object, but interface was expected> (0x000000008b0e07a8) thrown at [./src/hotspot/share/interpreter/linkResolver.cpp, line 839]
Event: 93.799 Thread 0x00000247376dc800 Exception <a 'java/lang/IncompatibleClassChangeError'{0x000000008ae4bb10}: Found class java.lang.Object, but interface was expected> (0x000000008ae4bb10) thrown at [./src/hotspot/share/interpreter/linkResolver.cpp, line 839]
Event: 93.799 Thread 0x00000247376d9000 Exception <a 'java/lang/IncompatibleClassChangeError'{0x000000008ae46010}: Found class java.lang.Object, but interface was expected> (0x000000008ae46010) thrown at [./src/hotspot/share/interpreter/linkResolver.cpp, line 839]
Event: 93.880 Thread 0x00000247376dc800 Exception <a 'java/lang/IncompatibleClassChangeError'{0x000000008ae766a0}: Found class java.lang.Object, but interface was expected> (0x000000008ae766a0) thrown at [./src/hotspot/share/interpreter/linkResolver.cpp, line 839]
Event: 93.880 Thread 0x00000247376dd000 Exception <a 'java/lang/IncompatibleClassChangeError'{0x000000008ae6e4e0}: Found class java.lang.Object, but interface was expected> (0x000000008ae6e4e0) thrown at [./src/hotspot/share/interpreter/linkResolver.cpp, line 839]
Event: 93.880 Thread 0x00000247376d9000 Exception <a 'java/lang/IncompatibleClassChangeError'{0x000000008ae48c98}: Found class java.lang.Object, but interface was expected> (0x000000008ae48c98) thrown at [./src/hotspot/share/interpreter/linkResolver.cpp, line 839]
Event: 93.898 Thread 0x00000247376d9000 Exception <a 'java/lang/NoSuchMethodError'{0x000000008aeb9d18}: 'java.lang.Object java.lang.invoke.DirectMethodHandle$Holder.newInvokeSpecial(java.lang.Object, int)'> (0x000000008aeb9d18) thrown at [./src/hotspot/share/interpreter/linkResolver.cpp, line 773]

Events (20 events):
Event: 95.127 Executing VM operation: G1CollectForAllocation done
Event: 95.213 Executing VM operation: G1CollectForAllocation
Event: 95.231 Executing VM operation: G1CollectForAllocation done
Event: 95.337 Executing VM operation: G1CollectForAllocation
Event: 95.349 Executing VM operation: G1CollectForAllocation done
Event: 95.408 Executing VM operation: G1CollectForAllocation
Event: 95.420 Executing VM operation: G1CollectForAllocation done
Event: 95.521 Executing VM operation: G1CollectForAllocation
Event: 95.532 Executing VM operation: G1CollectForAllocation done
Event: 95.577 Executing VM operation: G1CollectForAllocation
Event: 95.588 Executing VM operation: G1CollectForAllocation done
Event: 95.632 Executing VM operation: G1CollectForAllocation
Event: 95.643 Executing VM operation: G1CollectForAllocation done
Event: 95.670 Executing VM operation: CGC_Operation
Event: 95.707 Executing VM operation: CGC_Operation done
Event: 95.723 Executing VM operation: G1CollectForAllocation
Event: 95.737 Executing VM operation: G1CollectForAllocation done
Event: 95.799 Executing VM operation: G1CollectForAllocation
Event: 95.814 Executing VM operation: G1CollectForAllocation done
Event: 95.874 Executing VM operation: G1CollectForAllocation


Dynamic libraries:
0x00007ff667670000 - 0x00007ff66767a000 	C:\Program Files\Android\Android Studio1\jre\bin\java.exe
0x00007ffd8e0f0000 - 0x00007ffd8e2e5000 	C:\WINDOWS\SYSTEM32\ntdll.dll
0x00007ffd8c690000 - 0x00007ffd8c74e000 	C:\WINDOWS\System32\KERNEL32.DLL
0x00007ffd8b910000 - 0x00007ffd8bbd8000 	C:\WINDOWS\System32\KERNELBASE.dll
0x00007ffd8b810000 - 0x00007ffd8b910000 	C:\WINDOWS\System32\ucrtbase.dll
0x00007ffd798f0000 - 0x00007ffd79907000 	C:\Program Files\Android\Android Studio1\jre\bin\VCRUNTIME140.dll
0x00007ffd78c00000 - 0x00007ffd78c19000 	C:\Program Files\Android\Android Studio1\jre\bin\jli.dll
0x00007ffd8d2d0000 - 0x00007ffd8d470000 	C:\WINDOWS\System32\USER32.dll
0x00007ffd84050000 - 0x00007ffd842ea000 	C:\WINDOWS\WinSxS\amd64_microsoft.windows.common-controls_6595b64144ccf1df_6.0.19041.1110_none_60b5254171f9507e\COMCTL32.dll
0x00007ffd8c150000 - 0x00007ffd8c1ee000 	C:\WINDOWS\System32\msvcrt.dll
0x00007ffd8bf50000 - 0x00007ffd8bf72000 	C:\WINDOWS\System32\win32u.dll
0x00007ffd8cfc0000 - 0x00007ffd8cfea000 	C:\WINDOWS\System32\GDI32.dll
0x00007ffd8bff0000 - 0x00007ffd8c0fb000 	C:\WINDOWS\System32\gdi32full.dll
0x00007ffd8bdf0000 - 0x00007ffd8be8d000 	C:\WINDOWS\System32\msvcp_win.dll
0x00007ffd8c1f0000 - 0x00007ffd8c220000 	C:\WINDOWS\System32\IMM32.DLL
0x00007ffd78860000 - 0x00007ffd788fd000 	C:\Program Files\Android\Android Studio1\jre\bin\msvcp140.dll
0x00007ffd66260000 - 0x00007ffd66d35000 	C:\Program Files\Android\Android Studio1\jre\bin\server\jvm.dll
0x00007ffd8d070000 - 0x00007ffd8d11e000 	C:\WINDOWS\System32\ADVAPI32.dll
0x00007ffd8cd60000 - 0x00007ffd8cdfc000 	C:\WINDOWS\System32\sechost.dll
0x00007ffd8d470000 - 0x00007ffd8d595000 	C:\WINDOWS\System32\RPCRT4.dll
0x00007ffd8c750000 - 0x00007ffd8c758000 	C:\WINDOWS\System32\PSAPI.DLL
0x00007ffd87270000 - 0x00007ffd87279000 	C:\WINDOWS\SYSTEM32\WSOCK32.dll
0x00007ffd85bb0000 - 0x00007ffd85bd7000 	C:\WINDOWS\SYSTEM32\WINMM.dll
0x00007ffd86090000 - 0x00007ffd8609a000 	C:\WINDOWS\SYSTEM32\VERSION.dll
0x00007ffd8cf50000 - 0x00007ffd8cfbb000 	C:\WINDOWS\System32\WS2_32.dll
0x00007ffd89670000 - 0x00007ffd89682000 	C:\WINDOWS\SYSTEM32\kernel.appcore.dll
0x00007ffd86610000 - 0x00007ffd86621000 	C:\Program Files\Android\Android Studio1\jre\bin\verify.dll
0x00007ffd7d930000 - 0x00007ffd7db14000 	C:\WINDOWS\SYSTEM32\DBGHELP.DLL
0x00007ffd7d840000 - 0x00007ffd7d86c000 	C:\WINDOWS\SYSTEM32\dbgcore.DLL
0x00007ffd8bec0000 - 0x00007ffd8bf42000 	C:\WINDOWS\System32\bcryptPrimitives.dll
0x00007ffd81120000 - 0x00007ffd81149000 	C:\Program Files\Android\Android Studio1\jre\bin\java.dll
0x00007ffd87260000 - 0x00007ffd8726b000 	C:\Program Files\Android\Android Studio1\jre\bin\jimage.dll
0x00007ffd810f0000 - 0x00007ffd81108000 	C:\Program Files\Android\Android Studio1\jre\bin\zip.dll
0x00007ffd8d5a0000 - 0x00007ffd8dce4000 	C:\WINDOWS\System32\SHELL32.dll
0x00007ffd89950000 - 0x00007ffd8a0e4000 	C:\WINDOWS\SYSTEM32\windows.storage.dll
0x00007ffd8c760000 - 0x00007ffd8cab4000 	C:\WINDOWS\System32\combase.dll
0x00007ffd8b1b0000 - 0x00007ffd8b1dc000 	C:\WINDOWS\SYSTEM32\Wldp.dll
0x00007ffd8cbe0000 - 0x00007ffd8cc8d000 	C:\WINDOWS\System32\SHCORE.dll
0x00007ffd8cef0000 - 0x00007ffd8cf45000 	C:\WINDOWS\System32\shlwapi.dll
0x00007ffd8b750000 - 0x00007ffd8b76f000 	C:\WINDOWS\SYSTEM32\profapi.dll
0x00007ffd7c240000 - 0x00007ffd7c25a000 	C:\Program Files\Android\Android Studio1\jre\bin\net.dll
0x00007ffd83890000 - 0x00007ffd8399a000 	C:\WINDOWS\SYSTEM32\WINHTTP.dll
0x00007ffd8af10000 - 0x00007ffd8af7a000 	C:\WINDOWS\system32\mswsock.dll
0x00007ffd79630000 - 0x00007ffd79644000 	C:\Program Files\Android\Android Studio1\jre\bin\nio.dll
0x00007ffd7c4a0000 - 0x00007ffd7c4c7000 	C:\Users\giorgi\.gradle\native\e1d6ef7f7dcc3fd88c89a11ec53ec762bb8ba0a96d01ffa2cd45eb1d1d8dd5c5\windows-amd64\native-platform.dll
0x00007ffd78570000 - 0x00007ffd786b4000 	C:\Users\giorgi\.gradle\native\5664cfc778a61ccfe75a443a1ab52a65af34e5dc3c78e0209fed803814484fcb\windows-amd64\native-platform-file-events.dll
0x00007ffd86600000 - 0x00007ffd8660a000 	C:\Program Files\Android\Android Studio1\jre\bin\management.dll
0x00007ffd84f50000 - 0x00007ffd84f5d000 	C:\Program Files\Android\Android Studio1\jre\bin\management_ext.dll
0x00007ffd8b100000 - 0x00007ffd8b118000 	C:\WINDOWS\SYSTEM32\CRYPTSP.dll
0x00007ffd8a890000 - 0x00007ffd8a8c4000 	C:\WINDOWS\system32\rsaenh.dll
0x00007ffd8be90000 - 0x00007ffd8beb7000 	C:\WINDOWS\System32\bcrypt.dll
0x00007ffd8b710000 - 0x00007ffd8b73e000 	C:\WINDOWS\SYSTEM32\USERENV.dll
0x00007ffd8b120000 - 0x00007ffd8b12c000 	C:\WINDOWS\SYSTEM32\CRYPTBASE.dll
0x00007ffd8ac00000 - 0x00007ffd8ac3b000 	C:\WINDOWS\SYSTEM32\IPHLPAPI.DLL
0x00007ffd8d060000 - 0x00007ffd8d068000 	C:\WINDOWS\System32\NSI.dll
0x00007ffd85140000 - 0x00007ffd85157000 	C:\WINDOWS\SYSTEM32\dhcpcsvc6.DLL
0x00007ffd84f60000 - 0x00007ffd84f7d000 	C:\WINDOWS\SYSTEM32\dhcpcsvc.DLL
0x00007ffd8ac40000 - 0x00007ffd8ad0b000 	C:\WINDOWS\SYSTEM32\DNSAPI.dll

dbghelp: loaded successfully - version: 4.0.5 - missing functions: none
symbol engine: initialized successfully - sym options: 0x614 - pdb path: .;C:\Program Files\Android\Android Studio1\jre\bin;C:\WINDOWS\SYSTEM32;C:\WINDOWS\WinSxS\amd64_microsoft.windows.common-controls_6595b64144ccf1df_6.0.19041.1110_none_60b5254171f9507e;C:\Program Files\Android\Android Studio1\jre\bin\server;C:\Users\giorgi\.gradle\native\e1d6ef7f7dcc3fd88c89a11ec53ec762bb8ba0a96d01ffa2cd45eb1d1d8dd5c5\windows-amd64;C:\Users\giorgi\.gradle\native\5664cfc778a61ccfe75a443a1ab52a65af34e5dc3c78e0209fed803814484fcb\windows-amd64

VM Arguments:
jvm_args: --add-opens=java.base/java.util=ALL-UNNAMED --add-opens=java.base/java.lang=ALL-UNNAMED --add-opens=java.base/java.lang.invoke=ALL-UNNAMED --add-opens=java.base/java.util=ALL-UNNAMED --add-opens=java.prefs/java.util.prefs=ALL-UNNAMED --add-opens=java.prefs/java.util.prefs=ALL-UNNAMED --add-opens=java.base/java.nio.charset=ALL-UNNAMED --add-opens=java.base/java.net=ALL-UNNAMED --add-opens=java.base/java.util.concurrent.atomic=ALL-UNNAMED -Xmx2048m -Dfile.encoding=UTF-8 -Duser.country=US -Duser.language=en -Duser.variant 
java_command: org.gradle.launcher.daemon.bootstrap.GradleDaemon 7.2
java_class_path (initial): C:\Users\giorgi\.gradle\wrapper\dists\gradle-7.2-bin\2dnblmf4td7x66yl1d74lt32g\gradle-7.2\lib\gradle-launcher-7.2.jar
Launcher Type: SUN_STANDARD

[Global flags]
     intx CICompilerCount                          = 3                                         {product} {ergonomic}
     uint ConcGCThreads                            = 1                                         {product} {ergonomic}
     uint G1ConcRefinementThreads                  = 4                                         {product} {ergonomic}
   size_t G1HeapRegionSize                         = 1048576                                   {product} {ergonomic}
    uintx GCDrainStackTargetSize                   = 64                                        {product} {ergonomic}
   size_t InitialHeapSize                          = 67108864                                  {product} {ergonomic}
   size_t MarkStackSize                            = 4194304                                   {product} {ergonomic}
   size_t MaxHeapSize                              = 2147483648                                {product} {command line}
   size_t MaxNewSize                               = 1287651328                                {product} {ergonomic}
   size_t MinHeapDeltaBytes                        = 1048576                                   {product} {ergonomic}
    uintx NonNMethodCodeHeapSize                   = 5830732                                {pd product} {ergonomic}
    uintx NonProfiledCodeHeapSize                  = 122913754                              {pd product} {ergonomic}
    uintx ProfiledCodeHeapSize                     = 122913754                              {pd product} {ergonomic}
    uintx ReservedCodeCacheSize                    = 251658240                              {pd product} {ergonomic}
     bool SegmentedCodeCache                       = true                                      {product} {ergonomic}
     bool UseCompressedClassPointers               = true                                 {lp64_product} {ergonomic}
     bool UseCompressedOops                        = true                                 {lp64_product} {ergonomic}
     bool UseG1GC                                  = true                                      {product} {ergonomic}
     bool UseLargePagesIndividualAllocation        = false                                  {pd product} {ergonomic}

Logging:
Log output configuration:
 #0: stdout all=warning uptime,level,tags
 #1: stderr all=off uptime,level,tags

Environment Variables:
PATH=C:\Program Files\Google\Chrome\Application;C:\Program Files (x86)\VMware\VMware Workstation\bin\;C:\WINDOWS\system32;C:\WINDOWS;C:\WINDOWS\System32\Wbem;C:\WINDOWS\System32\WindowsPowerShell\v1.0\;C:\WINDOWS\System32\OpenSSH\;C:\Program Files\Git\cmd;C:\Program Files\Go\bin;C:\Users\giorgi\AppData\Local\Microsoft\WindowsApps;C:\Users\giorgi\AppData\Local\Programs\Microsoft VS Code\bin;C:\Flutter\flutter\bin;C:\Users\giorgi\go\bin
USERNAME=giorgi
OS=Windows_NT
PROCESSOR_IDENTIFIER=Intel64 Family 6 Model 42 Stepping 7, GenuineIntel



---------------  S Y S T E M  ---------------

OS: Windows 10 , 64 bit Build 19041 (10.0.19041.1645)
OS uptime: 0 days 1:49 hours

CPU:total 4 (initial active 4) (2 cores per cpu, 2 threads per core) family 6 model 42 stepping 7 microcode 0x2f, cmov, cx8, fxsr, mmx, sse, sse2, sse3, ssse3, sse4.1, sse4.2, popcnt, avx, clmul, ht, tsc, tscinvbit

Memory: 4k page, system-wide physical 4078M (236M free)
TotalPageFile size 4078M (AvailPageFile size 44M)
current process WorkingSet (physical memory assigned to process): 419M, peak: 419M
current process commit charge ("private bytes"): 548M, peak: 681M

vm_info: OpenJDK 64-Bit Server VM (11.0.11+9-b60-7590822) for windows-amd64 JRE (11.0.11+9-b60-7590822), built on Jul 29 2021 21:43:44 by "builder" with MS VC++ 14.0 (VS2015)

END.
