#
# There is insufficient memory for the Java Runtime Environment to continue.
# Native memory allocation (mmap) failed to map 185597952 bytes for Failed to commit area from 0x000000008b300000 to 0x0000000096400000 of length 185597952.
# Possible reasons:
#   The system is out of physical RAM or swap space
#   The process is running with CompressedOops enabled, and the Java Heap may be blocking the growth of the native heap
# Possible solutions:
#   Reduce memory load on the system
#   Increase physical memory or swap space
#   Check if swap backing store is full
#   Decrease Java heap size (-Xmx/-Xms)
#   Decrease number of Java threads
#   Decrease Java thread stack sizes (-Xss)
#   Set larger code cache with -XX:ReservedCodeCacheSize=
#   JVM is running with Unscaled Compressed Oops mode in which the Java heap is
#     placed in the first 4GB address space. The Java Heap base address is the
#     maximum limit for the native heap growth. Please use -XX:HeapBaseMinAddress
#     to set the Java Heap base and to place the Java Heap above 4GB virtual address.
# This output file may be truncated or incomplete.
#
#  Out of Memory Error (./src/hotspot/os/windows/os_windows.cpp:3301), pid=4404, tid=6580
#
# JRE version: OpenJDK Runtime Environment (11.0.11+9) (build 11.0.11+9-b60-7590822)
# Java VM: OpenJDK 64-Bit Server VM (11.0.11+9-b60-7590822, mixed mode, tiered, compressed oops, g1 gc, windows-amd64)
# No core dump will be written. Minidumps are not enabled by default on client versions of Windows
#

---------------  S U M M A R Y ------------

Command Line: --add-opens=java.base/java.util=ALL-UNNAMED --add-opens=java.base/java.lang=ALL-UNNAMED --add-opens=java.base/java.lang.invoke=ALL-UNNAMED --add-opens=java.base/java.util=ALL-UNNAMED --add-opens=java.prefs/java.util.prefs=ALL-UNNAMED --add-opens=java.prefs/java.util.prefs=ALL-UNNAMED --add-opens=java.base/java.nio.charset=ALL-UNNAMED --add-opens=java.base/java.net=ALL-UNNAMED --add-opens=java.base/java.util.concurrent.atomic=ALL-UNNAMED -Xmx2048m -Dfile.encoding=UTF-8 -Duser.country=US -Duser.language=en -Duser.variant org.gradle.launcher.daemon.bootstrap.GradleDaemon 7.2

Host: Intel(R) Core(TM) i3-2120 CPU @ 3.30GHz, 4 cores, 3G,  Windows 10 , 64 bit Build 19041 (10.0.19041.1645)
Time: Wed Apr 27 02:25:29 2022 Georgian Standard Time elapsed time: 92.833339 seconds (0d 0h 1m 32s)

---------------  T H R E A D  ---------------

Current thread (0x000001c7f39e9000):  VMThread "VM Thread" [stack: 0x00000092ea900000,0x00000092eaa00000] [id=6580]

Stack: [0x00000092ea900000,0x00000092eaa00000]
[error occurred during error reporting (printing stack bounds), id 0xc0000005, EXCEPTION_ACCESS_VIOLATION (0xc0000005) at pc=0x000001c7dd1a0f2d]

Native frames: (J=compiled Java code, j=interpreted, Vv=VM code, C=native code)
V  [jvm.dll+0x5f214a]
V  [jvm.dll+0x726fb5]
V  [jvm.dll+0x7285cd]
V  [jvm.dll+0x728be5]
V  [jvm.dll+0x728b9b]
V  [jvm.dll+0x5f14e8]
V  [jvm.dll+0x5f1c78]
C  [ntdll.dll+0xa20cf]
C  [ntdll.dll+0x51454]
C  [ntdll.dll+0xa0bfe]
C  0x000001c7dd1a0f2d

VM_Operation (0x00000092f05faac0): G1CollectForAllocation, mode: safepoint, requested by thread 0x000001c7f856c800


---------------  P R O C E S S  ---------------

Threads class SMR info:
_java_thread_list=0x000001c7fb3df8a0, length=91, elements={
0x000001c7d967f800, 0x000001c7f39ef000, 0x000001c7f39f0000, 0x000001c7f3a4a800,
0x000001c7f3a4c800, 0x000001c7f3a4f000, 0x000001c7f3a52000, 0x000001c7f3a58800,
0x000001c7f3a5a000, 0x000001c7f44c7800, 0x000001c7f5917800, 0x000001c7f4971800,
0x000001c7f527b000, 0x000001c7f4b6a000, 0x000001c7f5d57800, 0x000001c7f4b42000,
0x000001c7f5368000, 0x000001c7f536a800, 0x000001c7f53ae000, 0x000001c7f53a8800,
0x000001c7f53af000, 0x000001c7f53ab000, 0x000001c7f53a9000, 0x000001c7f53ab800,
0x000001c7f53ac800, 0x000001c7f53ad800, 0x000001c7f53aa000, 0x000001c7f6647000,
0x000001c7f6646800, 0x000001c7f6645800, 0x000001c7f6644000, 0x000001c7f6649000,
0x000001c7f6644800, 0x000001c7f6643000, 0x000001c7f664c000, 0x000001c7f664d000,
0x000001c7f664f800, 0x000001c7f664a800, 0x000001c7f6649800, 0x000001c7f664d800,
0x000001c7f664e800, 0x000001c7f6650000, 0x000001c7f6651000, 0x000001c7f664b800,
0x000001c7f49e4000, 0x000001c7f49de800, 0x000001c7f49e1000, 0x000001c7f49e3000,
0x000001c7f49e5000, 0x000001c7f49e1800, 0x000001c7f49df000, 0x000001c7f49e5800,
0x000001c7f49e0000, 0x000001c7f49e2800, 0x000001c7f49ec000, 0x000001c7f49ea800,
0x000001c7f49e6800, 0x000001c7f49eb800, 0x000001c7f49e9000, 0x000001c7f49ed000,
0x000001c7f49e7800, 0x000001c7f49e8000, 0x000001c7f49ea000, 0x000001c7f6be1000,
0x000001c7f6bdd800, 0x000001c7f6be2000, 0x000001c7f6bdd000, 0x000001c7f6be0000,
0x000001c7f6bde800, 0x000001c7f6be4000, 0x000001c7f6bdf800, 0x000001c7f6be5000,
0x000001c7f6be2800, 0x000001c7f6be6800, 0x000001c7f6be3800, 0x000001c7f6be7800,
0x000001c7f6be9000, 0x000001c7f6bea000, 0x000001c7f6beb000, 0x000001c7f6be6000,
0x000001c7f6be8800, 0x000001c7f8569000, 0x000001c7f856a000, 0x000001c7f856d000,
0x000001c7f856b800, 0x000001c7f856a800, 0x000001c7f856e000, 0x000001c7f8568800,
0x000001c7f856f000, 0x000001c7f856c800, 0x000001c7f8575800
}

Java Threads: ( => current thread )
  0x000001c7d967f800 JavaThread "main" [_thread_blocked, id=3260, stack(0x00000092ea300000,0x00000092ea400000)]
  0x000001c7f39ef000 JavaThread "Reference Handler" daemon [_thread_blocked, id=4520, stack(0x00000092eaa00000,0x00000092eab00000)]
  0x000001c7f39f0000 JavaThread "Finalizer" daemon [_thread_blocked, id=2876, stack(0x00000092eab00000,0x00000092eac00000)]
  0x000001c7f3a4a800 JavaThread "Signal Dispatcher" daemon [_thread_blocked, id=3196, stack(0x00000092eac00000,0x00000092ead00000)]
  0x000001c7f3a4c800 JavaThread "Attach Listener" daemon [_thread_blocked, id=2096, stack(0x00000092ead00000,0x00000092eae00000)]
  0x000001c7f3a4f000 JavaThread "Service Thread" daemon [_thread_blocked, id=2516, stack(0x00000092eae00000,0x00000092eaf00000)]
  0x000001c7f3a52000 JavaThread "C2 CompilerThread0" daemon [_thread_blocked, id=6560, stack(0x00000092eaf00000,0x00000092eb000000)]
  0x000001c7f3a58800 JavaThread "C1 CompilerThread0" daemon [_thread_blocked, id=4132, stack(0x00000092eb000000,0x00000092eb100000)]
  0x000001c7f3a5a000 JavaThread "Sweeper thread" daemon [_thread_blocked, id=1032, stack(0x00000092eb100000,0x00000092eb200000)]
  0x000001c7f44c7800 JavaThread "Common-Cleaner" daemon [_thread_blocked, id=5632, stack(0x00000092eb200000,0x00000092eb300000)]
  0x000001c7f5917800 JavaThread "Daemon health stats" [_thread_blocked, id=6516, stack(0x00000092eb400000,0x00000092eb500000)]
  0x000001c7f4971800 JavaThread "Incoming local TCP Connector on port 50146" [_thread_in_native, id=5592, stack(0x00000092eb600000,0x00000092eb700000)]
  0x000001c7f527b000 JavaThread "Daemon periodic checks" [_thread_blocked, id=5564, stack(0x00000092eb700000,0x00000092eb800000)]
  0x000001c7f4b6a000 JavaThread "Daemon" [_thread_blocked, id=3724, stack(0x00000092eb800000,0x00000092eb900000)]
  0x000001c7f5d57800 JavaThread "Handler for socket connection from /127.0.0.1:50146 to /127.0.0.1:50147" [_thread_in_native, id=1236, stack(0x00000092eb900000,0x00000092eba00000)]
  0x000001c7f4b42000 JavaThread "Cancel handler" [_thread_blocked, id=5272, stack(0x00000092eba00000,0x00000092ebb00000)]
  0x000001c7f5368000 JavaThread "Daemon worker" [_thread_blocked, id=5956, stack(0x00000092ebb00000,0x00000092ebc00000)]
  0x000001c7f536a800 JavaThread "Asynchronous log dispatcher for DefaultDaemonConnection: socket connection from /127.0.0.1:50146 to /127.0.0.1:50147" [_thread_blocked, id=6388, stack(0x00000092ebc00000,0x00000092ebd00000)]
  0x000001c7f53ae000 JavaThread "Daemon client event forwarder" [_thread_blocked, id=6864, stack(0x00000092ebe00000,0x00000092ebf00000)]
  0x000001c7f53a8800 JavaThread "Cache worker for journal cache (C:\Users\giorgi\.gradle\caches\journal-1)" [_thread_blocked, id=6632, stack(0x00000092ec100000,0x00000092ec200000)]
  0x000001c7f53af000 JavaThread "File lock request listener" [_thread_in_native, id=7008, stack(0x00000092ec200000,0x00000092ec300000)]
  0x000001c7f53ab000 JavaThread "Cache worker for file hash cache (C:\Users\giorgi\.gradle\caches\7.2\fileHashes)" [_thread_blocked, id=6148, stack(0x00000092ec300000,0x00000092ec400000)]
  0x000001c7f53a9000 JavaThread "Cache worker for file hash cache (C:\Users\giorgi\StudioProjects\altaapp\.gradle\7.2\fileHashes)" [_thread_blocked, id=3024, stack(0x00000092ec400000,0x00000092ec500000)]
  0x000001c7f53ab800 JavaThread "File watcher server" daemon [_thread_blocked, id=5508, stack(0x00000092ec500000,0x00000092ec600000)]
  0x000001c7f53ac800 JavaThread "File watcher consumer" daemon [_thread_blocked, id=5544, stack(0x00000092ec600000,0x00000092ec700000)]
  0x000001c7f53ad800 JavaThread "Cache worker for checksums cache (C:\Users\giorgi\StudioProjects\altaapp\.gradle\checksums)" [_thread_blocked, id=4104, stack(0x00000092ec700000,0x00000092ec800000)]
  0x000001c7f53aa000 JavaThread "Cache worker for cache directory md-supplier (C:\Users\giorgi\.gradle\caches\7.2\md-supplier)" [_thread_blocked, id=3844, stack(0x00000092ec800000,0x00000092ec900000)]
  0x000001c7f6647000 JavaThread "Cache worker for cache directory md-rule (C:\Users\giorgi\.gradle\caches\7.2\md-rule)" [_thread_blocked, id=3928, stack(0x00000092ec900000,0x00000092eca00000)]
  0x000001c7f6646800 JavaThread "Cache worker for execution history cache (C:\Users\giorgi\.gradle\caches\7.2\executionHistory)" [_thread_blocked, id=5928, stack(0x00000092eca00000,0x00000092ecb00000)]
  0x000001c7f6645800 JavaThread "jar transforms" [_thread_blocked, id=4028, stack(0x00000092ecb00000,0x00000092ecc00000)]
  0x000001c7f6644000 JavaThread "Cache worker for file content cache (C:\Users\giorgi\.gradle\caches\7.2\fileContent)" [_thread_blocked, id=4168, stack(0x00000092ecc00000,0x00000092ecd00000)]
  0x000001c7f6649000 JavaThread "jar transforms Thread 2" [_thread_blocked, id=268, stack(0x00000092ecd00000,0x00000092ece00000)]
  0x000001c7f6644800 JavaThread "Cache worker for dependencies-accessors (C:\Users\giorgi\StudioProjects\altaapp\.gradle\7.2\dependencies-accessors)" [_thread_blocked, id=2568, stack(0x00000092ece00000,0x00000092ecf00000)]
  0x000001c7f6643000 JavaThread "jar transforms Thread 3" [_thread_blocked, id=2796, stack(0x00000092ecf00000,0x00000092ed000000)]
  0x000001c7f664c000 JavaThread "Cache worker for Build Output Cleanup Cache (C:\Users\giorgi\StudioProjects\altaapp\.gradle\buildOutputCleanup)" [_thread_blocked, id=5220, stack(0x00000092ed000000,0x00000092ed100000)]
  0x000001c7f664d000 JavaThread "Unconstrained build operations" [_thread_blocked, id=4812, stack(0x00000092ed100000,0x00000092ed200000)]
  0x000001c7f664f800 JavaThread "Unconstrained build operations Thread 2" [_thread_blocked, id=1416, stack(0x00000092ed200000,0x00000092ed300000)]
  0x000001c7f664a800 JavaThread "Unconstrained build operations Thread 3" [_thread_blocked, id=3832, stack(0x00000092ed300000,0x00000092ed400000)]
  0x000001c7f6649800 JavaThread "Unconstrained build operations Thread 4" [_thread_blocked, id=1900, stack(0x00000092ed400000,0x00000092ed500000)]
  0x000001c7f664d800 JavaThread "Unconstrained build operations Thread 5" [_thread_blocked, id=4776, stack(0x00000092ed500000,0x00000092ed600000)]
  0x000001c7f664e800 JavaThread "Unconstrained build operations Thread 6" [_thread_blocked, id=4320, stack(0x00000092ed600000,0x00000092ed700000)]
  0x000001c7f6650000 JavaThread "Unconstrained build operations Thread 7" [_thread_blocked, id=3460, stack(0x00000092ed700000,0x00000092ed800000)]
  0x000001c7f6651000 JavaThread "Unconstrained build operations Thread 8" [_thread_blocked, id=188, stack(0x00000092ed800000,0x00000092ed900000)]
  0x000001c7f664b800 JavaThread "Unconstrained build operations Thread 9" [_thread_blocked, id=4248, stack(0x00000092ed900000,0x00000092eda00000)]
  0x000001c7f49e4000 JavaThread "Unconstrained build operations Thread 10" [_thread_blocked, id=2780, stack(0x00000092eda00000,0x00000092edb00000)]
  0x000001c7f49de800 JavaThread "Unconstrained build operations Thread 11" [_thread_blocked, id=3816, stack(0x00000092edb00000,0x00000092edc00000)]
  0x000001c7f49e1000 JavaThread "Unconstrained build operations Thread 12" [_thread_blocked, id=2956, stack(0x00000092edc00000,0x00000092edd00000)]
  0x000001c7f49e3000 JavaThread "Unconstrained build operations Thread 13" [_thread_blocked, id=660, stack(0x00000092edd00000,0x00000092ede00000)]
  0x000001c7f49e5000 JavaThread "Unconstrained build operations Thread 14" [_thread_blocked, id=1468, stack(0x00000092ede00000,0x00000092edf00000)]
  0x000001c7f49e1800 JavaThread "Unconstrained build operations Thread 15" [_thread_blocked, id=1540, stack(0x00000092edf00000,0x00000092ee000000)]
  0x000001c7f49df000 JavaThread "Unconstrained build operations Thread 16" [_thread_blocked, id=1040, stack(0x00000092ee000000,0x00000092ee100000)]
  0x000001c7f49e5800 JavaThread "Unconstrained build operations Thread 17" [_thread_blocked, id=4516, stack(0x00000092ee100000,0x00000092ee200000)]
  0x000001c7f49e0000 JavaThread "Unconstrained build operations Thread 18" [_thread_blocked, id=5276, stack(0x00000092ee200000,0x00000092ee300000)]
  0x000001c7f49e2800 JavaThread "Unconstrained build operations Thread 19" [_thread_blocked, id=4700, stack(0x00000092ee300000,0x00000092ee400000)]
  0x000001c7f49ec000 JavaThread "Unconstrained build operations Thread 20" [_thread_blocked, id=5192, stack(0x00000092ee400000,0x00000092ee500000)]
  0x000001c7f49ea800 JavaThread "Unconstrained build operations Thread 21" [_thread_blocked, id=1892, stack(0x00000092ee500000,0x00000092ee600000)]
  0x000001c7f49e6800 JavaThread "Unconstrained build operations Thread 22" [_thread_blocked, id=4512, stack(0x00000092ee600000,0x00000092ee700000)]
  0x000001c7f49eb800 JavaThread "Unconstrained build operations Thread 23" [_thread_blocked, id=5092, stack(0x00000092ee700000,0x00000092ee800000)]
  0x000001c7f49e9000 JavaThread "Unconstrained build operations Thread 24" [_thread_blocked, id=4632, stack(0x00000092ee800000,0x00000092ee900000)]
  0x000001c7f49ed000 JavaThread "Unconstrained build operations Thread 25" [_thread_blocked, id=3592, stack(0x00000092ee900000,0x00000092eea00000)]
  0x000001c7f49e7800 JavaThread "Unconstrained build operations Thread 26" [_thread_blocked, id=6840, stack(0x00000092eea00000,0x00000092eeb00000)]
  0x000001c7f49e8000 JavaThread "Unconstrained build operations Thread 27" [_thread_blocked, id=6820, stack(0x00000092eeb00000,0x00000092eec00000)]
  0x000001c7f49ea000 JavaThread "Unconstrained build operations Thread 28" [_thread_blocked, id=1348, stack(0x00000092eec00000,0x00000092eed00000)]
  0x000001c7f6be1000 JavaThread "Unconstrained build operations Thread 29" [_thread_blocked, id=5112, stack(0x00000092eed00000,0x00000092eee00000)]
  0x000001c7f6bdd800 JavaThread "Unconstrained build operations Thread 30" [_thread_blocked, id=912, stack(0x00000092eee00000,0x00000092eef00000)]
  0x000001c7f6be2000 JavaThread "Unconstrained build operations Thread 31" [_thread_blocked, id=5944, stack(0x00000092eef00000,0x00000092ef000000)]
  0x000001c7f6bdd000 JavaThread "Unconstrained build operations Thread 32" [_thread_blocked, id=3484, stack(0x00000092ef000000,0x00000092ef100000)]
  0x000001c7f6be0000 JavaThread "Unconstrained build operations Thread 33" [_thread_blocked, id=6752, stack(0x00000092ef100000,0x00000092ef200000)]
  0x000001c7f6bde800 JavaThread "Unconstrained build operations Thread 34" [_thread_blocked, id=5380, stack(0x00000092ef200000,0x00000092ef300000)]
  0x000001c7f6be4000 JavaThread "Unconstrained build operations Thread 35" [_thread_blocked, id=7156, stack(0x00000092ef300000,0x00000092ef400000)]
  0x000001c7f6bdf800 JavaThread "Unconstrained build operations Thread 36" [_thread_blocked, id=384, stack(0x00000092ef400000,0x00000092ef500000)]
  0x000001c7f6be5000 JavaThread "Unconstrained build operations Thread 37" [_thread_blocked, id=1148, stack(0x00000092ef500000,0x00000092ef600000)]
  0x000001c7f6be2800 JavaThread "Unconstrained build operations Thread 38" [_thread_blocked, id=5300, stack(0x00000092ef600000,0x00000092ef700000)]
  0x000001c7f6be6800 JavaThread "Unconstrained build operations Thread 39" [_thread_blocked, id=4872, stack(0x00000092ef700000,0x00000092ef800000)]
  0x000001c7f6be3800 JavaThread "Unconstrained build operations Thread 40" [_thread_blocked, id=3768, stack(0x00000092ef800000,0x00000092ef900000)]
  0x000001c7f6be7800 JavaThread "jar transforms Thread 4" [_thread_blocked, id=2720, stack(0x00000092ef900000,0x00000092efa00000)]
  0x000001c7f6be9000 JavaThread "Memory manager" [_thread_blocked, id=204, stack(0x00000092efc00000,0x00000092efd00000)]
  0x000001c7f6bea000 JavaThread "build event listener" [_thread_blocked, id=1328, stack(0x00000092efd00000,0x00000092efe00000)]
  0x000001c7f6beb000 JavaThread "Execution worker for ':'" [_thread_blocked, id=6284, stack(0x00000092efe00000,0x00000092eff00000)]
  0x000001c7f6be6000 JavaThread "Execution worker for ':' Thread 2" [_thread_blocked, id=2364, stack(0x00000092eff00000,0x00000092f0000000)]
  0x000001c7f6be8800 JavaThread "Execution worker for ':' Thread 3" [_thread_blocked, id=3332, stack(0x00000092f0000000,0x00000092f0100000)]
  0x000001c7f8569000 JavaThread "Cache worker for execution history cache (C:\Users\giorgi\StudioProjects\altaapp\.gradle\7.2\executionHistory)" [_thread_blocked, id=1672, stack(0x00000092f0100000,0x00000092f0200000)]
  0x000001c7f856a000 JavaThread "WorkerExecutor Queue" [_thread_blocked, id=3872, stack(0x00000092ea000000,0x00000092ea100000)]
  0x000001c7f856d000 JavaThread "WorkerExecutor Queue Thread 3" [_thread_blocked, id=908, stack(0x00000092ea200000,0x00000092ea300000)]
  0x000001c7f856b800 JavaThread "WorkerExecutor Queue Thread 4" [_thread_blocked, id=4180, stack(0x00000092ebd00000,0x00000092ebe00000)]
  0x000001c7f856a800 JavaThread "WorkerExecutor Queue Thread 6" [_thread_blocked, id=4364, stack(0x00000092f0200000,0x00000092f0300000)]
  0x000001c7f856e000 JavaThread "pool-3-thread-1" [_thread_blocked, id=1436, stack(0x00000092f0300000,0x00000092f0400000)]
  0x000001c7f8568800 JavaThread "ForkJoinPool-1-worker-3" daemon [_thread_blocked, id=2120, stack(0x00000092ea100000,0x00000092ea200000)]
  0x000001c7f856f000 JavaThread "ForkJoinPool-1-worker-5" daemon [_thread_blocked, id=5600, stack(0x00000092f0400000,0x00000092f0500000)]
  0x000001c7f856c800 JavaThread "ForkJoinPool-1-worker-7" daemon [_thread_blocked, id=5644, stack(0x00000092f0500000,0x00000092f0600000)]
  0x000001c7f8575800 JavaThread "ForkJoinPool-1-worker-1" daemon [_thread_blocked, id=4780, stack(0x00000092f0600000,0x00000092f0700000)]

Other Threads:
=>0x000001c7f39e9000 VMThread "VM Thread" [stack: 0x00000092ea900000,0x00000092eaa00000] [id=6580]
  0x000001c7f44d1000 WatcherThread [stack: 0x00000092eb300000,0x00000092eb400000] [id=3500]
  0x000001c7d9696800 GCTaskThread "GC Thread#0" [stack: 0x00000092ea400000,0x00000092ea500000] [id=1088]
  0x000001c7f4e3a000 GCTaskThread "GC Thread#1" [stack: 0x00000092eb500000,0x00000092eb600000] [id=6436]
  0x000001c7f4b77000 GCTaskThread "GC Thread#2" [stack: 0x00000092ebf00000,0x00000092ec000000] [id=4304]
  0x000001c7f4b45800 GCTaskThread "GC Thread#3" [stack: 0x00000092ec000000,0x00000092ec100000] [id=1912]
  0x000001c7d96c8800 ConcurrentGCThread "G1 Main Marker" [stack: 0x00000092ea500000,0x00000092ea600000] [id=6664]
  0x000001c7d96ca000 ConcurrentGCThread "G1 Conc#0" [stack: 0x00000092ea600000,0x00000092ea700000] [id=3988]
  0x000001c7d9722000 ConcurrentGCThread "G1 Refine#0" [stack: 0x00000092ea700000,0x00000092ea800000] [id=2356]
  0x000001c7d9723000 ConcurrentGCThread "G1 Young RemSet Sampling" [stack: 0x00000092ea800000,0x00000092ea900000] [id=5172]

Threads with active compile tasks:

VM state:at safepoint (normal execution)

VM Mutex/Monitor currently owned by a thread:  ([mutex/lock_event])
[0x000001c7d967aad0] Threads_lock - owner thread: 0x000001c7f39e9000
[0x000001c7d9679c30] Heap_lock - owner thread: 0x000001c7f856c800

Heap address: 0x0000000080000000, size: 2048 MB, Compressed Oops mode: 32-bit
Narrow klass base: 0x0000000000000000, Narrow klass shift: 3
Compressed class space size: 1073741824 Address: 0x0000000100000000

Heap:
 garbage-first heap   total 364544K, used 157550K [0x0000000080000000, 0x0000000100000000)
  region size 1024K, 1 young (1024K), 1 survivors (1024K)
 Metaspace       used 99253K, capacity 101603K, committed 101708K, reserved 1136640K
  class space    used 12951K, capacity 13812K, committed 13900K, reserved 1048576K
Heap Regions: E=young(eden), S=young(survivor), O=old, HS=humongous(starts), HC=humongous(continues), CS=collection set, F=free, A=archive, TAMS=top-at-mark-start (previous, next)
|   0|0x0000000080000000, 0x0000000080100000, 0x0000000080100000|100%| O|  |TAMS 0x0000000080100000, 0x0000000080000000| Untracked 
|   1|0x0000000080100000, 0x0000000080200000, 0x0000000080200000|100%| O|  |TAMS 0x0000000080200000, 0x0000000080100000| Untracked 
|   2|0x0000000080200000, 0x0000000080300000, 0x0000000080300000|100%| O|  |TAMS 0x0000000080300000, 0x0000000080200000| Untracked 
|   3|0x0000000080300000, 0x0000000080400000, 0x0000000080400000|100%|HS|  |TAMS 0x0000000080400000, 0x0000000080300000| Complete 
|   4|0x0000000080400000, 0x0000000080500000, 0x0000000080500000|100%|HC|  |TAMS 0x0000000080500000, 0x0000000080400000| Complete 
|   5|0x0000000080500000, 0x0000000080600000, 0x0000000080600000|100%|HC|  |TAMS 0x0000000080600000, 0x0000000080500000| Complete 
|   6|0x0000000080600000, 0x0000000080700000, 0x0000000080700000|100%| O|  |TAMS 0x0000000080700000, 0x0000000080600000| Untracked 
|   7|0x0000000080700000, 0x0000000080800000, 0x0000000080800000|100%| O|  |TAMS 0x0000000080800000, 0x0000000080700000| Untracked 
|   8|0x0000000080800000, 0x0000000080900000, 0x0000000080900000|100%| O|  |TAMS 0x0000000080900000, 0x0000000080800000| Untracked 
|   9|0x0000000080900000, 0x0000000080a00000, 0x0000000080a00000|100%| O|  |TAMS 0x0000000080a00000, 0x0000000080900000| Untracked 
|  10|0x0000000080a00000, 0x0000000080b00000, 0x0000000080b00000|100%| O|  |TAMS 0x0000000080b00000, 0x0000000080a00000| Untracked 
|  11|0x0000000080b00000, 0x0000000080c00000, 0x0000000080c00000|100%| O|  |TAMS 0x0000000080c00000, 0x0000000080b00000| Untracked 
|  12|0x0000000080c00000, 0x0000000080d00000, 0x0000000080d00000|100%| O|  |TAMS 0x0000000080d00000, 0x0000000080c00000| Untracked 
|  13|0x0000000080d00000, 0x0000000080e00000, 0x0000000080e00000|100%| O|  |TAMS 0x0000000080e00000, 0x0000000080d00000| Untracked 
|  14|0x0000000080e00000, 0x0000000080f00000, 0x0000000080f00000|100%| O|  |TAMS 0x0000000080f00000, 0x0000000080e00000| Untracked 
|  15|0x0000000080f00000, 0x0000000081000000, 0x0000000081000000|100%| O|  |TAMS 0x0000000081000000, 0x0000000080f00000| Untracked 
|  16|0x0000000081000000, 0x0000000081100000, 0x0000000081100000|100%| O|  |TAMS 0x0000000081100000, 0x0000000081000000| Untracked 
|  17|0x0000000081100000, 0x0000000081200000, 0x0000000081200000|100%| O|  |TAMS 0x0000000081200000, 0x0000000081100000| Untracked 
|  18|0x0000000081200000, 0x0000000081300000, 0x0000000081300000|100%| O|  |TAMS 0x0000000081300000, 0x0000000081200000| Untracked 
|  19|0x0000000081300000, 0x0000000081400000, 0x0000000081400000|100%| O|  |TAMS 0x0000000081400000, 0x0000000081300000| Untracked 
|  20|0x0000000081400000, 0x0000000081500000, 0x0000000081500000|100%| O|  |TAMS 0x0000000081500000, 0x0000000081400000| Untracked 
|  21|0x0000000081500000, 0x0000000081600000, 0x0000000081600000|100%| O|  |TAMS 0x0000000081600000, 0x0000000081500000| Untracked 
|  22|0x0000000081600000, 0x0000000081700000, 0x0000000081700000|100%| O|  |TAMS 0x0000000081700000, 0x0000000081600000| Untracked 
|  23|0x0000000081700000, 0x0000000081800000, 0x0000000081800000|100%| O|  |TAMS 0x0000000081800000, 0x0000000081700000| Untracked 
|  24|0x0000000081800000, 0x0000000081900000, 0x0000000081900000|100%| O|  |TAMS 0x0000000081900000, 0x0000000081800000| Untracked 
|  25|0x0000000081900000, 0x0000000081a00000, 0x0000000081a00000|100%| O|  |TAMS 0x0000000081a00000, 0x0000000081900000| Untracked 
|  26|0x0000000081a00000, 0x0000000081b00000, 0x0000000081b00000|100%| O|  |TAMS 0x0000000081b00000, 0x0000000081a00000| Untracked 
|  27|0x0000000081b00000, 0x0000000081c00000, 0x0000000081c00000|100%| O|  |TAMS 0x0000000081c00000, 0x0000000081b00000| Untracked 
|  28|0x0000000081c00000, 0x0000000081d00000, 0x0000000081d00000|100%| O|  |TAMS 0x0000000081d00000, 0x0000000081c00000| Untracked 
|  29|0x0000000081d00000, 0x0000000081e00000, 0x0000000081e00000|100%| O|  |TAMS 0x0000000081e00000, 0x0000000081d00000| Untracked 
|  30|0x0000000081e00000, 0x0000000081f00000, 0x0000000081f00000|100%| O|  |TAMS 0x0000000081f00000, 0x0000000081e00000| Untracked 
|  31|0x0000000081f00000, 0x0000000082000000, 0x0000000082000000|100%| O|  |TAMS 0x0000000082000000, 0x0000000081f00000| Untracked 
|  32|0x0000000082000000, 0x0000000082100000, 0x0000000082100000|100%| O|  |TAMS 0x0000000082100000, 0x0000000082000000| Untracked 
|  33|0x0000000082100000, 0x0000000082200000, 0x0000000082200000|100%|HS|  |TAMS 0x0000000082200000, 0x0000000082100000| Complete 
|  34|0x0000000082200000, 0x0000000082300000, 0x0000000082300000|100%|HS|  |TAMS 0x0000000082300000, 0x0000000082200000| Complete 
|  35|0x0000000082300000, 0x0000000082400000, 0x0000000082400000|100%|HS|  |TAMS 0x0000000082400000, 0x0000000082300000| Complete 
|  36|0x0000000082400000, 0x0000000082500000, 0x0000000082500000|100%| O|  |TAMS 0x0000000082500000, 0x0000000082400000| Untracked 
|  37|0x0000000082500000, 0x0000000082600000, 0x0000000082600000|100%|HS|  |TAMS 0x0000000082600000, 0x0000000082500000| Complete 
|  38|0x0000000082600000, 0x0000000082700000, 0x0000000082700000|100%| O|  |TAMS 0x0000000082700000, 0x0000000082600000| Untracked 
|  39|0x0000000082700000, 0x0000000082800000, 0x0000000082800000|100%|HS|  |TAMS 0x0000000082800000, 0x0000000082700000| Complete 
|  40|0x0000000082800000, 0x0000000082900000, 0x0000000082900000|100%|HC|  |TAMS 0x0000000082900000, 0x0000000082800000| Complete 
|  41|0x0000000082900000, 0x0000000082a00000, 0x0000000082a00000|100%|HC|  |TAMS 0x0000000082a00000, 0x0000000082900000| Complete 
|  42|0x0000000082a00000, 0x0000000082b00000, 0x0000000082b00000|100%| O|  |TAMS 0x0000000082b00000, 0x0000000082a00000| Untracked 
|  43|0x0000000082b00000, 0x0000000082c00000, 0x0000000082c00000|100%| O|  |TAMS 0x0000000082c00000, 0x0000000082b00000| Untracked 
|  44|0x0000000082c00000, 0x0000000082d00000, 0x0000000082d00000|100%|HS|  |TAMS 0x0000000082d00000, 0x0000000082c00000| Complete 
|  45|0x0000000082d00000, 0x0000000082e00000, 0x0000000082e00000|100%|HC|  |TAMS 0x0000000082e00000, 0x0000000082d00000| Complete 
|  46|0x0000000082e00000, 0x0000000082f00000, 0x0000000082f00000|100%| O|  |TAMS 0x0000000082f00000, 0x0000000082e00000| Untracked 
|  47|0x0000000082f00000, 0x0000000083000000, 0x0000000083000000|100%| O|  |TAMS 0x0000000083000000, 0x0000000082f00000| Untracked 
|  48|0x0000000083000000, 0x0000000083100000, 0x0000000083100000|100%| O|  |TAMS 0x0000000083100000, 0x0000000083000000| Untracked 
|  49|0x0000000083100000, 0x0000000083200000, 0x0000000083200000|100%| O|  |TAMS 0x0000000083200000, 0x0000000083100000| Untracked 
|  50|0x0000000083200000, 0x0000000083300000, 0x0000000083300000|100%| O|  |TAMS 0x0000000083300000, 0x0000000083200000| Untracked 
|  51|0x0000000083300000, 0x0000000083400000, 0x0000000083400000|100%| O|  |TAMS 0x0000000083400000, 0x0000000083300000| Untracked 
|  52|0x0000000083400000, 0x0000000083500000, 0x0000000083500000|100%| O|  |TAMS 0x0000000083500000, 0x0000000083400000| Untracked 
|  53|0x0000000083500000, 0x0000000083600000, 0x0000000083600000|100%| O|  |TAMS 0x0000000083600000, 0x0000000083500000| Untracked 
|  54|0x0000000083600000, 0x0000000083700000, 0x0000000083700000|100%| O|  |TAMS 0x0000000083700000, 0x0000000083600000| Untracked 
|  55|0x0000000083700000, 0x0000000083800000, 0x0000000083800000|100%| O|  |TAMS 0x0000000083800000, 0x0000000083700000| Untracked 
|  56|0x0000000083800000, 0x0000000083900000, 0x0000000083900000|100%| O|  |TAMS 0x0000000083900000, 0x0000000083800000| Untracked 
|  57|0x0000000083900000, 0x0000000083a00000, 0x0000000083a00000|100%| O|  |TAMS 0x0000000083a00000, 0x0000000083900000| Untracked 
|  58|0x0000000083a00000, 0x0000000083b00000, 0x0000000083b00000|100%| O|  |TAMS 0x0000000083b00000, 0x0000000083a00000| Untracked 
|  59|0x0000000083b00000, 0x0000000083c00000, 0x0000000083c00000|100%| O|  |TAMS 0x0000000083c00000, 0x0000000083b00000| Untracked 
|  60|0x0000000083c00000, 0x0000000083d00000, 0x0000000083d00000|100%| O|  |TAMS 0x0000000083d00000, 0x0000000083c00000| Untracked 
|  61|0x0000000083d00000, 0x0000000083e00000, 0x0000000083e00000|100%| O|  |TAMS 0x0000000083e00000, 0x0000000083d00000| Untracked 
|  62|0x0000000083e00000, 0x0000000083f00000, 0x0000000083f00000|100%| O|  |TAMS 0x0000000083f00000, 0x0000000083e00000| Untracked 
|  63|0x0000000083f00000, 0x0000000084000000, 0x0000000084000000|100%| O|  |TAMS 0x0000000084000000, 0x0000000083f00000| Untracked 
|  64|0x0000000084000000, 0x0000000084100000, 0x0000000084100000|100%| O|  |TAMS 0x0000000084100000, 0x0000000084000000| Untracked 
|  65|0x0000000084100000, 0x0000000084200000, 0x0000000084200000|100%| O|  |TAMS 0x0000000084200000, 0x0000000084100000| Untracked 
|  66|0x0000000084200000, 0x0000000084300000, 0x0000000084300000|100%| O|  |TAMS 0x0000000084300000, 0x0000000084200000| Untracked 
|  67|0x0000000084300000, 0x0000000084400000, 0x0000000084400000|100%| O|  |TAMS 0x0000000084400000, 0x0000000084300000| Untracked 
|  68|0x0000000084400000, 0x0000000084500000, 0x0000000084500000|100%| O|  |TAMS 0x0000000084500000, 0x0000000084400000| Untracked 
|  69|0x0000000084500000, 0x0000000084600000, 0x0000000084600000|100%| O|  |TAMS 0x0000000084600000, 0x0000000084500000| Untracked 
|  70|0x0000000084600000, 0x0000000084700000, 0x0000000084700000|100%| O|  |TAMS 0x0000000084700000, 0x0000000084600000| Untracked 
|  71|0x0000000084700000, 0x0000000084800000, 0x0000000084800000|100%| O|  |TAMS 0x0000000084800000, 0x0000000084700000| Untracked 
|  72|0x0000000084800000, 0x0000000084900000, 0x0000000084900000|100%| O|  |TAMS 0x0000000084900000, 0x0000000084800000| Untracked 
|  73|0x0000000084900000, 0x0000000084a00000, 0x0000000084a00000|100%| O|  |TAMS 0x0000000084a00000, 0x0000000084900000| Untracked 
|  74|0x0000000084a00000, 0x0000000084b00000, 0x0000000084b00000|100%| O|  |TAMS 0x0000000084b00000, 0x0000000084a00000| Untracked 
|  75|0x0000000084b00000, 0x0000000084c00000, 0x0000000084c00000|100%| O|  |TAMS 0x0000000084c00000, 0x0000000084b00000| Untracked 
|  76|0x0000000084c00000, 0x0000000084d00000, 0x0000000084d00000|100%| O|  |TAMS 0x0000000084d00000, 0x0000000084c00000| Untracked 
|  77|0x0000000084d00000, 0x0000000084e00000, 0x0000000084e00000|100%| O|  |TAMS 0x0000000084e00000, 0x0000000084d00000| Untracked 
|  78|0x0000000084e00000, 0x0000000084f00000, 0x0000000084f00000|100%| O|  |TAMS 0x0000000084f00000, 0x0000000084e00000| Untracked 
|  79|0x0000000084f00000, 0x0000000085000000, 0x0000000085000000|100%| O|  |TAMS 0x0000000085000000, 0x0000000084f00000| Untracked 
|  80|0x0000000085000000, 0x0000000085100000, 0x0000000085100000|100%| O|  |TAMS 0x0000000085100000, 0x0000000085000000| Untracked 
|  81|0x0000000085100000, 0x0000000085200000, 0x0000000085200000|100%| O|  |TAMS 0x0000000085200000, 0x0000000085100000| Untracked 
|  82|0x0000000085200000, 0x0000000085300000, 0x0000000085300000|100%| O|  |TAMS 0x0000000085300000, 0x0000000085200000| Untracked 
|  83|0x0000000085300000, 0x0000000085400000, 0x0000000085400000|100%| O|  |TAMS 0x0000000085400000, 0x0000000085300000| Untracked 
|  84|0x0000000085400000, 0x0000000085500000, 0x0000000085500000|100%| O|  |TAMS 0x0000000085500000, 0x0000000085400000| Untracked 
|  85|0x0000000085500000, 0x0000000085600000, 0x0000000085600000|100%| O|  |TAMS 0x0000000085600000, 0x0000000085500000| Untracked 
|  86|0x0000000085600000, 0x0000000085700000, 0x0000000085700000|100%| O|  |TAMS 0x0000000085700000, 0x0000000085600000| Untracked 
|  87|0x0000000085700000, 0x0000000085800000, 0x0000000085800000|100%| O|  |TAMS 0x0000000085800000, 0x0000000085700000| Untracked 
|  88|0x0000000085800000, 0x0000000085900000, 0x0000000085900000|100%|HS|  |TAMS 0x0000000085900000, 0x0000000085800000| Complete 
|  89|0x0000000085900000, 0x0000000085a00000, 0x0000000085a00000|100%|HC|  |TAMS 0x0000000085a00000, 0x0000000085900000| Complete 
|  90|0x0000000085a00000, 0x0000000085b00000, 0x0000000085b00000|100%|HS|  |TAMS 0x0000000085b00000, 0x0000000085a00000| Complete 
|  91|0x0000000085b00000, 0x0000000085c00000, 0x0000000085c00000|100%| O|  |TAMS 0x0000000085c00000, 0x0000000085b00000| Untracked 
|  92|0x0000000085c00000, 0x0000000085d00000, 0x0000000085d00000|100%|HS|  |TAMS 0x0000000085d00000, 0x0000000085c00000| Complete 
|  93|0x0000000085d00000, 0x0000000085e00000, 0x0000000085e00000|100%|HC|  |TAMS 0x0000000085e00000, 0x0000000085d00000| Complete 
|  94|0x0000000085e00000, 0x0000000085f00000, 0x0000000085f00000|100%|HS|  |TAMS 0x0000000085f00000, 0x0000000085e00000| Complete 
|  95|0x0000000085f00000, 0x0000000086000000, 0x0000000086000000|100%|HS|  |TAMS 0x0000000086000000, 0x0000000085f00000| Complete 
|  96|0x0000000086000000, 0x0000000086100000, 0x0000000086100000|100%|HS|  |TAMS 0x0000000086100000, 0x0000000086000000| Complete 
|  97|0x0000000086100000, 0x0000000086200000, 0x0000000086200000|100%| O|  |TAMS 0x0000000086200000, 0x0000000086100000| Untracked 
|  98|0x0000000086200000, 0x0000000086300000, 0x0000000086300000|100%|HS|  |TAMS 0x0000000086300000, 0x0000000086200000| Complete 
|  99|0x0000000086300000, 0x0000000086400000, 0x0000000086400000|100%|HS|  |TAMS 0x0000000086400000, 0x0000000086300000| Complete 
| 100|0x0000000086400000, 0x0000000086500000, 0x0000000086500000|100%|HC|  |TAMS 0x0000000086500000, 0x0000000086400000| Complete 
| 101|0x0000000086500000, 0x0000000086600000, 0x0000000086600000|100%|HC|  |TAMS 0x0000000086600000, 0x0000000086500000| Complete 
| 102|0x0000000086600000, 0x0000000086700000, 0x0000000086700000|100%| O|  |TAMS 0x0000000086700000, 0x0000000086600000| Untracked 
| 103|0x0000000086700000, 0x0000000086800000, 0x0000000086800000|100%| O|  |TAMS 0x0000000086800000, 0x0000000086700000| Untracked 
| 104|0x0000000086800000, 0x0000000086900000, 0x0000000086900000|100%| O|  |TAMS 0x0000000086900000, 0x0000000086800000| Untracked 
| 105|0x0000000086900000, 0x0000000086a00000, 0x0000000086a00000|100%| O|  |TAMS 0x0000000086a00000, 0x0000000086900000| Untracked 
| 106|0x0000000086a00000, 0x0000000086b00000, 0x0000000086b00000|100%| O|  |TAMS 0x0000000086b00000, 0x0000000086a00000| Untracked 
| 107|0x0000000086b00000, 0x0000000086c00000, 0x0000000086c00000|100%| O|  |TAMS 0x0000000086c00000, 0x0000000086b00000| Untracked 
| 108|0x0000000086c00000, 0x0000000086d00000, 0x0000000086d00000|100%| O|  |TAMS 0x0000000086d00000, 0x0000000086c00000| Untracked 
| 109|0x0000000086d00000, 0x0000000086e00000, 0x0000000086e00000|100%| O|  |TAMS 0x0000000086e00000, 0x0000000086d00000| Untracked 
| 110|0x0000000086e00000, 0x0000000086f00000, 0x0000000086f00000|100%| O|  |TAMS 0x0000000086f00000, 0x0000000086e00000| Untracked 
| 111|0x0000000086f00000, 0x0000000087000000, 0x0000000087000000|100%| O|  |TAMS 0x0000000087000000, 0x0000000086f00000| Untracked 
| 112|0x0000000087000000, 0x0000000087100000, 0x0000000087100000|100%|HS|  |TAMS 0x0000000087100000, 0x0000000087000000| Complete 
| 113|0x0000000087100000, 0x0000000087200000, 0x0000000087200000|100%|HC|  |TAMS 0x0000000087200000, 0x0000000087100000| Complete 
| 114|0x0000000087200000, 0x0000000087300000, 0x0000000087300000|100%| O|  |TAMS 0x0000000087300000, 0x0000000087200000| Untracked 
| 115|0x0000000087300000, 0x0000000087400000, 0x0000000087400000|100%|HS|  |TAMS 0x0000000087400000, 0x0000000087300000| Complete 
| 116|0x0000000087400000, 0x0000000087500000, 0x0000000087500000|100%| O|  |TAMS 0x0000000087500000, 0x0000000087400000| Untracked 
| 117|0x0000000087500000, 0x0000000087600000, 0x0000000087600000|100%| O|  |TAMS 0x0000000087600000, 0x0000000087500000| Untracked 
| 118|0x0000000087600000, 0x0000000087700000, 0x0000000087700000|100%|HS|  |TAMS 0x0000000087700000, 0x0000000087600000| Complete 
| 119|0x0000000087700000, 0x0000000087800000, 0x0000000087800000|100%|HC|  |TAMS 0x0000000087800000, 0x0000000087700000| Complete 
| 120|0x0000000087800000, 0x0000000087900000, 0x0000000087900000|100%| O|  |TAMS 0x0000000087900000, 0x0000000087800000| Untracked 
| 121|0x0000000087900000, 0x0000000087a00000, 0x0000000087a00000|100%|HS|  |TAMS 0x0000000087a00000, 0x0000000087900000| Complete 
| 122|0x0000000087a00000, 0x0000000087b00000, 0x0000000087b00000|100%| O|  |TAMS 0x0000000087b00000, 0x0000000087a00000| Untracked 
| 123|0x0000000087b00000, 0x0000000087c00000, 0x0000000087c00000|100%|HS|  |TAMS 0x0000000087c00000, 0x0000000087b00000| Complete 
| 124|0x0000000087c00000, 0x0000000087d00000, 0x0000000087d00000|100%| O|  |TAMS 0x0000000087d00000, 0x0000000087c00000| Untracked 
| 125|0x0000000087d00000, 0x0000000087e00000, 0x0000000087e00000|100%|HS|  |TAMS 0x0000000087e00000, 0x0000000087d00000| Complete 
| 126|0x0000000087e00000, 0x0000000087f00000, 0x0000000087f00000|100%| O|  |TAMS 0x0000000087f00000, 0x0000000087e00000| Untracked 
| 127|0x0000000087f00000, 0x0000000088000000, 0x0000000088000000|100%|HS|  |TAMS 0x0000000088000000, 0x0000000087f00000| Complete 
| 128|0x0000000088000000, 0x0000000088100000, 0x0000000088100000|100%|HS|  |TAMS 0x0000000088000000, 0x0000000088000000| Complete 
| 129|0x0000000088100000, 0x0000000088200000, 0x0000000088200000|100%|HS|  |TAMS 0x0000000088100000, 0x0000000088100000| Complete 
| 130|0x0000000088200000, 0x0000000088300000, 0x0000000088300000|100%| O|  |TAMS 0x0000000088200000, 0x0000000088200000| Untracked 
| 131|0x0000000088300000, 0x0000000088400000, 0x0000000088400000|100%| O|  |TAMS 0x0000000088300000, 0x0000000088300000| Untracked 
| 132|0x0000000088400000, 0x0000000088500000, 0x0000000088500000|100%| O|  |TAMS 0x0000000088400000, 0x0000000088400000| Untracked 
| 133|0x0000000088500000, 0x0000000088600000, 0x0000000088600000|100%| O|  |TAMS 0x0000000088500000, 0x0000000088500000| Untracked 
| 134|0x0000000088600000, 0x0000000088700000, 0x0000000088700000|100%| O|  |TAMS 0x0000000088600000, 0x0000000088600000| Untracked 
| 135|0x0000000088700000, 0x0000000088800000, 0x0000000088800000|100%| O|  |TAMS 0x0000000088700000, 0x0000000088700000| Untracked 
| 136|0x0000000088800000, 0x0000000088900000, 0x0000000088900000|100%| O|  |TAMS 0x0000000088900000, 0x0000000088800000| Untracked 
| 137|0x0000000088900000, 0x0000000088a00000, 0x0000000088a00000|100%| O|  |TAMS 0x0000000088a00000, 0x0000000088900000| Untracked 
| 138|0x0000000088a00000, 0x0000000088b00000, 0x0000000088b00000|100%| O|  |TAMS 0x0000000088b00000, 0x0000000088a00000| Untracked 
| 139|0x0000000088b00000, 0x0000000088c00000, 0x0000000088c00000|100%|HS|  |TAMS 0x0000000088c00000, 0x0000000088b00000| Complete 
| 140|0x0000000088c00000, 0x0000000088d00000, 0x0000000088d00000|100%|HC|  |TAMS 0x0000000088d00000, 0x0000000088c00000| Complete 
| 141|0x0000000088d00000, 0x0000000088e00000, 0x0000000088e00000|100%|HC|  |TAMS 0x0000000088e00000, 0x0000000088d00000| Complete 
| 142|0x0000000088e00000, 0x0000000088f00000, 0x0000000088f00000|100%| O|  |TAMS 0x0000000088f00000, 0x0000000088e00000| Untracked 
| 143|0x0000000088f00000, 0x0000000089000000, 0x0000000089000000|100%| O|  |TAMS 0x0000000088f2f200, 0x0000000088f00000| Untracked 
| 144|0x0000000089000000, 0x0000000089100000, 0x0000000089100000|100%| O|  |TAMS 0x0000000089000000, 0x0000000089000000| Untracked 
| 145|0x0000000089100000, 0x0000000089200000, 0x0000000089200000|100%| O|  |TAMS 0x0000000089100000, 0x0000000089100000| Untracked 
| 146|0x0000000089200000, 0x0000000089300000, 0x0000000089300000|100%| O|  |TAMS 0x0000000089200000, 0x0000000089200000| Untracked 
| 147|0x0000000089300000, 0x0000000089400000, 0x0000000089400000|100%| O|  |TAMS 0x0000000089300000, 0x0000000089300000| Untracked 
| 148|0x0000000089400000, 0x0000000089500000, 0x0000000089500000|100%| O|  |TAMS 0x0000000089400000, 0x0000000089400000| Untracked 
| 149|0x0000000089500000, 0x0000000089600000, 0x0000000089600000|100%| O|  |TAMS 0x0000000089500000, 0x0000000089500000| Untracked 
| 150|0x0000000089600000, 0x0000000089700000, 0x0000000089700000|100%| O|  |TAMS 0x0000000089600000, 0x0000000089600000| Untracked 
| 151|0x0000000089700000, 0x0000000089800000, 0x0000000089800000|100%| O|  |TAMS 0x0000000089700000, 0x0000000089700000| Untracked 
| 152|0x0000000089800000, 0x00000000898db800, 0x0000000089900000| 85%| O|  |TAMS 0x0000000089800000, 0x0000000089800000| Untracked 
| 153|0x0000000089900000, 0x0000000089900000, 0x0000000089a00000|  0%| F|  |TAMS 0x0000000089900000, 0x0000000089900000| Untracked 
| 154|0x0000000089a00000, 0x0000000089a00000, 0x0000000089b00000|  0%| F|  |TAMS 0x0000000089a00000, 0x0000000089a00000| Untracked 
| 155|0x0000000089b00000, 0x0000000089b00000, 0x0000000089c00000|  0%| F|  |TAMS 0x0000000089b00000, 0x0000000089b00000| Untracked 
| 156|0x0000000089c00000, 0x0000000089c00000, 0x0000000089d00000|  0%| F|  |TAMS 0x0000000089c00000, 0x0000000089c00000| Untracked 
| 157|0x0000000089d00000, 0x0000000089d00000, 0x0000000089e00000|  0%| F|  |TAMS 0x0000000089d00000, 0x0000000089d00000| Untracked 
| 158|0x0000000089e00000, 0x0000000089e00000, 0x0000000089f00000|  0%| F|  |TAMS 0x0000000089e00000, 0x0000000089e00000| Untracked 
| 159|0x0000000089f00000, 0x0000000089f00000, 0x000000008a000000|  0%| F|  |TAMS 0x0000000089f00000, 0x0000000089f00000| Untracked 
| 160|0x000000008a000000, 0x000000008a000000, 0x000000008a100000|  0%| F|  |TAMS 0x000000008a000000, 0x000000008a000000| Untracked 
| 161|0x000000008a100000, 0x000000008a100000, 0x000000008a200000|  0%| F|  |TAMS 0x000000008a100000, 0x000000008a100000| Untracked 
| 162|0x000000008a200000, 0x000000008a200000, 0x000000008a300000|  0%| F|  |TAMS 0x000000008a200000, 0x000000008a200000| Untracked 
| 163|0x000000008a300000, 0x000000008a300000, 0x000000008a400000|  0%| F|  |TAMS 0x000000008a300000, 0x000000008a300000| Untracked 
| 164|0x000000008a400000, 0x000000008a400000, 0x000000008a500000|  0%| F|  |TAMS 0x000000008a400000, 0x000000008a400000| Untracked 
| 165|0x000000008a500000, 0x000000008a500000, 0x000000008a600000|  0%| F|  |TAMS 0x000000008a500000, 0x000000008a500000| Untracked 
| 166|0x000000008a600000, 0x000000008a600000, 0x000000008a700000|  0%| F|  |TAMS 0x000000008a600000, 0x000000008a600000| Untracked 
| 167|0x000000008a700000, 0x000000008a700000, 0x000000008a800000|  0%| F|  |TAMS 0x000000008a700000, 0x000000008a700000| Untracked 
| 168|0x000000008a800000, 0x000000008a800000, 0x000000008a900000|  0%| F|  |TAMS 0x000000008a800000, 0x000000008a800000| Untracked 
| 169|0x000000008a900000, 0x000000008a900000, 0x000000008aa00000|  0%| F|  |TAMS 0x000000008a900000, 0x000000008a900000| Untracked 
| 170|0x000000008aa00000, 0x000000008aa00000, 0x000000008ab00000|  0%| F|  |TAMS 0x000000008aa00000, 0x000000008aa00000| Untracked 
| 171|0x000000008ab00000, 0x000000008ac00000, 0x000000008ac00000|100%| S|CS|TAMS 0x000000008ab00000, 0x000000008ab00000| Complete 
| 172|0x000000008ac00000, 0x000000008ac00000, 0x000000008ad00000|  0%| F|  |TAMS 0x000000008ac00000, 0x000000008ac00000| Untracked 
| 173|0x000000008ad00000, 0x000000008ad00000, 0x000000008ae00000|  0%| F|  |TAMS 0x000000008ad00000, 0x000000008ad00000| Untracked 
| 174|0x000000008ae00000, 0x000000008ae00000, 0x000000008af00000|  0%| F|  |TAMS 0x000000008ae00000, 0x000000008ae00000| Untracked 
| 175|0x000000008af00000, 0x000000008af00000, 0x000000008b000000|  0%| F|  |TAMS 0x000000008af00000, 0x000000008af00000| Untracked 
| 176|0x000000008b000000, 0x000000008b000000, 0x000000008b100000|  0%| F|  |TAMS 0x000000008b000000, 0x000000008b000000| Untracked 
| 177|0x000000008b100000, 0x000000008b100000, 0x000000008b200000|  0%| F|  |TAMS 0x000000008b100000, 0x000000008b100000| Untracked 
| 178|0x000000008b200000, 0x000000008b200000, 0x000000008b300000|  0%| F|  |TAMS 0x000000008b200000, 0x000000008b200000| Untracked 

Card table byte_map: [0x000001c7ecbe0000,0x000001c7ecfe0000] _byte_map_base: 0x000001c7ec7e0000

Marking Bits (Prev, Next): (CMBitMap*) 0x000001c7d96bfa00, (CMBitMap*) 0x000001c7d96bf9c8
 Prev Bits: [0x000001c7ef3e0000, 0x000001c7f13e0000)
 Next Bits: [0x000001c7ed3e0000, 0x000001c7ef3e0000)

Polling page: 0x000001c7dd180000

Metaspace:

Usage:
  Non-class:     85.73 MB capacity,    84.28 MB ( 98%) used,     1.18 MB (  1%) free+waste,   275.38 KB ( <1%) overhead. 
      Class:     13.49 MB capacity,    12.65 MB ( 94%) used,   737.80 KB (  5%) free+waste,   123.13 KB ( <1%) overhead. 
       Both:     99.22 MB capacity,    96.93 MB ( 98%) used,     1.90 MB (  2%) free+waste,   398.50 KB ( <1%) overhead. 

Virtual space:
  Non-class space:       86.00 MB reserved,      85.75 MB (>99%) committed 
      Class space:        1.00 GB reserved,      13.57 MB (  1%) committed 
             Both:        1.08 GB reserved,      99.32 MB (  9%) committed 

Chunk freelists:
   Non-Class:  17.00 KB
       Class:  12.00 KB
        Both:  29.00 KB

MaxMetaspaceSize: 17179869184.00 GB
CompressedClassSpaceSize: 1.00 GB

CodeHeap 'non-profiled nmethods': size=120064Kb used=7802Kb max_used=7802Kb free=112261Kb
 bounds [0x000001c7e4c60000, 0x000001c7e5400000, 0x000001c7ec1a0000]
CodeHeap 'profiled nmethods': size=120000Kb used=27066Kb max_used=27066Kb free=92933Kb
 bounds [0x000001c7dd730000, 0x000001c7df1a0000, 0x000001c7e4c60000]
CodeHeap 'non-nmethods': size=5696Kb used=2314Kb max_used=2346Kb free=3381Kb
 bounds [0x000001c7dd1a0000, 0x000001c7dd410000, 0x000001c7dd730000]
 total_blobs=13256 nmethods=12336 adapters=831
 compilation: enabled
              stopped_count=0, restarted_count=0
 full_count=0

Compilation events (20 events):
Event: 92.117 Thread 0x000001c7f3a52000 12363       4       com.android.tools.r8.graph.J0::<init> (57 bytes)
Event: 92.119 Thread 0x000001c7f3a52000 nmethod 12363 0x000001c7e53ef690 code [0x000001c7e53ef820, 0x000001c7e53efa18]
Event: 92.119 Thread 0x000001c7f3a52000 12371       4       com.android.tools.r8.graph.L0::M (34 bytes)
Event: 92.141 Thread 0x000001c7f3a52000 nmethod 12371 0x000001c7e53efa90 code [0x000001c7e53efc60, 0x000001c7e53f0558]
Event: 92.141 Thread 0x000001c7f3a52000 12370       4       com.android.tools.r8.graph.L0::<init> (62 bytes)
Event: 92.145 Thread 0x000001c7f3a52000 nmethod 12370 0x000001c7e53f0c90 code [0x000001c7e53f0e40, 0x000001c7e53f1188]
Event: 92.145 Thread 0x000001c7f3a52000 12320       4       com.android.tools.r8.internal.tR0::a (10 bytes)
Event: 92.145 Thread 0x000001c7f3a52000 nmethod 12320 0x000001c7e53f1290 code [0x000001c7e53f1420, 0x000001c7e53f1478]
Event: 92.145 Thread 0x000001c7f3a52000 12383       4       com.android.tools.r8.dex.r::m (2110 bytes)
Event: 92.485 Thread 0x000001c7f3a58800 12394       3       com.google.common.collect.MapMakerInternalMap$Segment::getEntry (80 bytes)
Event: 92.488 Thread 0x000001c7f3a58800 nmethod 12394 0x000001c7df19ba90 code [0x000001c7df19be00, 0x000001c7df19d568]
Event: 92.564 Thread 0x000001c7f3a52000 nmethod 12383 0x000001c7e53f1910 code [0x000001c7e53f1f80, 0x000001c7e53f8f88]
Event: 92.564 Thread 0x000001c7f3a52000 12389       4       java.lang.invoke.MethodType::checkPtypes (61 bytes)
Event: 92.565 Thread 0x000001c7f3a58800 12395   !   3       java.util.zip.ZipFile$ZipFileInflaterInputStream::close (67 bytes)
Event: 92.565 Thread 0x000001c7f3a58800 nmethod 12395 0x000001c7df19dd10 code [0x000001c7df19df20, 0x000001c7df19e5b8]
Event: 92.566 Thread 0x000001c7f3a52000 nmethod 12389 0x000001c7e53fdf90 code [0x000001c7e53fe140, 0x000001c7e53fe298]
Event: 92.567 Thread 0x000001c7f3a52000 12391       4       com.android.tools.r8.graph.l0::<init> (5 bytes)
Event: 92.567 Thread 0x000001c7f3a52000 nmethod 12391 0x000001c7e53fe490 code [0x000001c7e53fe620, 0x000001c7e53fe678]
Event: 92.567 Thread 0x000001c7f3a52000 12390       4       com.android.tools.r8.internal.nd1::e (33 bytes)
Event: 92.567 Thread 0x000001c7f3a52000 nmethod 12390 0x000001c7e53fe710 code [0x000001c7e53fe8a0, 0x000001c7e53fe938]

GC Heap History (20 events):
Event: 91.330 GC heap after
{Heap after GC invocations=112 (full 0):
 garbage-first heap   total 142336K, used 125774K [0x0000000080000000, 0x0000000100000000)
  region size 1024K, 1 young (1024K), 1 survivors (1024K)
 Metaspace       used 97767K, capacity 100062K, committed 100300K, reserved 1136640K
  class space    used 12625K, capacity 13464K, committed 13516K, reserved 1048576K
}
Event: 91.544 GC heap before
{Heap before GC invocations=112 (full 0):
 garbage-first heap   total 145408K, used 136014K [0x0000000080000000, 0x0000000100000000)
  region size 1024K, 6 young (6144K), 1 survivors (1024K)
 Metaspace       used 97919K, capacity 100232K, committed 100300K, reserved 1136640K
  class space    used 12648K, capacity 13499K, committed 13516K, reserved 1048576K
}
Event: 91.548 GC heap after
{Heap after GC invocations=113 (full 0):
 garbage-first heap   total 145408K, used 130886K [0x0000000080000000, 0x0000000100000000)
  region size 1024K, 1 young (1024K), 1 survivors (1024K)
 Metaspace       used 97919K, capacity 100232K, committed 100300K, reserved 1136640K
  class space    used 12648K, capacity 13499K, committed 13516K, reserved 1048576K
}
Event: 91.610 GC heap before
{Heap before GC invocations=113 (full 0):
 garbage-first heap   total 145408K, used 137030K [0x0000000080000000, 0x0000000100000000)
  region size 1024K, 7 young (7168K), 1 survivors (1024K)
 Metaspace       used 97964K, capacity 100297K, committed 100556K, reserved 1136640K
  class space    used 12648K, capacity 13499K, committed 13516K, reserved 1048576K
}
Event: 91.616 GC heap after
{Heap after GC invocations=114 (full 0):
 garbage-first heap   total 145408K, used 133890K [0x0000000080000000, 0x0000000100000000)
  region size 1024K, 1 young (1024K), 1 survivors (1024K)
 Metaspace       used 97964K, capacity 100297K, committed 100556K, reserved 1136640K
  class space    used 12648K, capacity 13499K, committed 13516K, reserved 1048576K
}
Event: 91.666 GC heap before
{Heap before GC invocations=115 (full 0):
 garbage-first heap   total 145408K, used 140034K [0x0000000080000000, 0x0000000100000000)
  region size 1024K, 7 young (7168K), 1 survivors (1024K)
 Metaspace       used 97966K, capacity 100297K, committed 100556K, reserved 1136640K
  class space    used 12648K, capacity 13499K, committed 13516K, reserved 1048576K
}
Event: 91.674 GC heap after
{Heap after GC invocations=116 (full 0):
 garbage-first heap   total 145408K, used 136445K [0x0000000080000000, 0x0000000100000000)
  region size 1024K, 1 young (1024K), 1 survivors (1024K)
 Metaspace       used 97966K, capacity 100297K, committed 100556K, reserved 1136640K
  class space    used 12648K, capacity 13499K, committed 13516K, reserved 1048576K
}
Event: 91.715 GC heap before
{Heap before GC invocations=116 (full 0):
 garbage-first heap   total 145408K, used 142589K [0x0000000080000000, 0x0000000100000000)
  region size 1024K, 7 young (7168K), 1 survivors (1024K)
 Metaspace       used 97966K, capacity 100297K, committed 100556K, reserved 1136640K
  class space    used 12648K, capacity 13499K, committed 13516K, reserved 1048576K
}
Event: 91.727 GC heap after
{Heap after GC invocations=117 (full 0):
 garbage-first heap   total 147456K, used 139452K [0x0000000080000000, 0x0000000100000000)
  region size 1024K, 1 young (1024K), 1 survivors (1024K)
 Metaspace       used 97966K, capacity 100297K, committed 100556K, reserved 1136640K
  class space    used 12648K, capacity 13499K, committed 13516K, reserved 1048576K
}
Event: 91.760 GC heap before
{Heap before GC invocations=117 (full 0):
 garbage-first heap   total 147456K, used 144572K [0x0000000080000000, 0x0000000100000000)
  region size 1024K, 7 young (7168K), 1 survivors (1024K)
 Metaspace       used 97966K, capacity 100297K, committed 100556K, reserved 1136640K
  class space    used 12648K, capacity 13499K, committed 13516K, reserved 1048576K
}
Event: 91.772 GC heap after
{Heap after GC invocations=118 (full 0):
 garbage-first heap   total 150528K, used 142451K [0x0000000080000000, 0x0000000100000000)
  region size 1024K, 1 young (1024K), 1 survivors (1024K)
 Metaspace       used 97966K, capacity 100297K, committed 100556K, reserved 1136640K
  class space    used 12648K, capacity 13499K, committed 13516K, reserved 1048576K
}
Event: 91.808 GC heap before
{Heap before GC invocations=118 (full 0):
 garbage-first heap   total 150528K, used 148595K [0x0000000080000000, 0x0000000100000000)
  region size 1024K, 7 young (7168K), 1 survivors (1024K)
 Metaspace       used 97968K, capacity 100297K, committed 100556K, reserved 1136640K
  class space    used 12648K, capacity 13499K, committed 13516K, reserved 1048576K
}
Event: 91.819 GC heap after
{Heap after GC invocations=119 (full 0):
 garbage-first heap   total 183296K, used 144760K [0x0000000080000000, 0x0000000100000000)
  region size 1024K, 1 young (1024K), 1 survivors (1024K)
 Metaspace       used 97968K, capacity 100297K, committed 100556K, reserved 1136640K
  class space    used 12648K, capacity 13499K, committed 13516K, reserved 1048576K
}
Event: 91.885 GC heap before
{Heap before GC invocations=119 (full 0):
 garbage-first heap   total 183296K, used 153976K [0x0000000080000000, 0x0000000100000000)
  region size 1024K, 9 young (9216K), 1 survivors (1024K)
 Metaspace       used 97968K, capacity 100297K, committed 100556K, reserved 1136640K
  class space    used 12648K, capacity 13499K, committed 13516K, reserved 1048576K
}
Event: 91.898 GC heap after
{Heap after GC invocations=120 (full 0):
 garbage-first heap   total 183296K, used 149085K [0x0000000080000000, 0x0000000100000000)
  region size 1024K, 2 young (2048K), 2 survivors (2048K)
 Metaspace       used 97968K, capacity 100297K, committed 100556K, reserved 1136640K
  class space    used 12648K, capacity 13499K, committed 13516K, reserved 1048576K
}
Event: 91.953 GC heap before
{Heap before GC invocations=120 (full 0):
 garbage-first heap   total 183296K, used 156253K [0x0000000080000000, 0x0000000100000000)
  region size 1024K, 8 young (8192K), 2 survivors (2048K)
 Metaspace       used 97968K, capacity 100297K, committed 100556K, reserved 1136640K
  class space    used 12648K, capacity 13499K, committed 13516K, reserved 1048576K
}
Event: 91.969 GC heap after
{Heap after GC invocations=121 (full 0):
 garbage-first heap   total 183296K, used 152556K [0x0000000080000000, 0x0000000100000000)
  region size 1024K, 1 young (1024K), 1 survivors (1024K)
 Metaspace       used 97968K, capacity 100297K, committed 100556K, reserved 1136640K
  class space    used 12648K, capacity 13499K, committed 13516K, reserved 1048576K
}
Event: 92.004 GC heap before
{Heap before GC invocations=121 (full 0):
 garbage-first heap   total 183296K, used 158700K [0x0000000080000000, 0x0000000100000000)
  region size 1024K, 8 young (8192K), 1 survivors (1024K)
 Metaspace       used 97968K, capacity 100297K, committed 100556K, reserved 1136640K
  class space    used 12648K, capacity 13499K, committed 13516K, reserved 1048576K
}
Event: 92.018 GC heap after
{Heap after GC invocations=122 (full 0):
 garbage-first heap   total 183296K, used 155944K [0x0000000080000000, 0x0000000100000000)
  region size 1024K, 1 young (1024K), 1 survivors (1024K)
 Metaspace       used 97968K, capacity 100297K, committed 100556K, reserved 1136640K
  class space    used 12648K, capacity 13499K, committed 13516K, reserved 1048576K
}
Event: 92.581 GC heap before
{Heap before GC invocations=123 (full 0):
 garbage-first heap   total 183296K, used 163112K [0x0000000080000000, 0x0000000100000000)
  region size 1024K, 8 young (8192K), 1 survivors (1024K)
 Metaspace       used 99253K, capacity 101603K, committed 101708K, reserved 1136640K
  class space    used 12951K, capacity 13812K, committed 13900K, reserved 1048576K
}

Deoptimization events (20 events):
Event: 90.905 Thread 0x000001c7f856b800 Uncommon trap: trap_request=0xffffff4d fr.pc=0x000001c7e516e8fc relative=0x00000000000017dc
Event: 90.905 Thread 0x000001c7f856b800 Uncommon trap: reason=unstable_if action=reinterpret pc=0x000001c7e516e8fc method=com.google.common.collect.MapMakerInternalMap$Segment.put(Ljava/lang/Object;ILjava/lang/Object;Z)Ljava/lang/Object; @ 92 c2
Event: 90.905 Thread 0x000001c7f856b800 DEOPT PACKING pc=0x000001c7e516e8fc sp=0x00000092ebdfc780
Event: 90.905 Thread 0x000001c7f856b800 DEOPT UNPACKING pc=0x000001c7dd1c65af sp=0x00000092ebdfc738 mode 2
Event: 91.306 Thread 0x000001c7f856b800 Uncommon trap: trap_request=0xffffff4d fr.pc=0x000001c7e4fb155c relative=0x00000000000000bc
Event: 91.306 Thread 0x000001c7f856b800 Uncommon trap: reason=unstable_if action=reinterpret pc=0x000001c7e4fb155c method=jdk.internal.misc.Unsafe.convEndian(ZS)S @ 4 c2
Event: 91.306 Thread 0x000001c7f856b800 DEOPT PACKING pc=0x000001c7e4fb155c sp=0x00000092ebdfd8e0
Event: 91.306 Thread 0x000001c7f856b800 DEOPT UNPACKING pc=0x000001c7dd1c65af sp=0x00000092ebdfd7a0 mode 2
Event: 91.420 Thread 0x000001c7f856b800 Uncommon trap: trap_request=0xffffff4d fr.pc=0x000001c7e51594c8 relative=0x00000000000001e8
Event: 91.420 Thread 0x000001c7f856b800 Uncommon trap: reason=unstable_if action=reinterpret pc=0x000001c7e51594c8 method=com.google.common.collect.MapMakerInternalMap$Segment.getEntry(Ljava/lang/Object;I)Lcom/google/common/collect/MapMakerInternalMap$InternalEntry; @ 63 c2
Event: 91.420 Thread 0x000001c7f856b800 DEOPT PACKING pc=0x000001c7e51594c8 sp=0x00000092ebdfb400
Event: 91.420 Thread 0x000001c7f856b800 DEOPT UNPACKING pc=0x000001c7dd1c65af sp=0x00000092ebdfb3b8 mode 2
Event: 91.535 Thread 0x000001c7f856b800 Uncommon trap: trap_request=0xffffff4d fr.pc=0x000001c7e53d8e24 relative=0x0000000000000084
Event: 91.535 Thread 0x000001c7f856b800 Uncommon trap: reason=unstable_if action=reinterpret pc=0x000001c7e53d8e24 method=com.android.tools.r8.internal.mS0.d(I)Z @ 45 c2
Event: 91.535 Thread 0x000001c7f856b800 DEOPT PACKING pc=0x000001c7e53d8e24 sp=0x00000092ebdfd790
Event: 91.535 Thread 0x000001c7f856b800 DEOPT UNPACKING pc=0x000001c7dd1c65af sp=0x00000092ebdfd720 mode 2
Event: 92.469 Thread 0x000001c7f8575800 Uncommon trap: trap_request=0xffffff4d fr.pc=0x000001c7e4e545ac relative=0x000000000000114c
Event: 92.469 Thread 0x000001c7f8575800 Uncommon trap: reason=unstable_if action=reinterpret pc=0x000001c7e4e545ac method=java.util.WeakHashMap.remove(Ljava/lang/Object;)Ljava/lang/Object; @ 94 c2
Event: 92.469 Thread 0x000001c7f8575800 DEOPT PACKING pc=0x000001c7e4e545ac sp=0x00000092f06fc090
Event: 92.469 Thread 0x000001c7f8575800 DEOPT UNPACKING pc=0x000001c7dd1c65af sp=0x00000092f06fbf68 mode 2

Classes redefined (0 events):
No events

Internal exceptions (20 events):
Event: 88.566 Thread 0x000001c7f6be8800 Exception <a 'sun/nio/fs/WindowsException'{0x0000000088239150}> (0x0000000088239150) thrown at [./src/hotspot/share/prims/jni.cpp, line 615]
Event: 88.566 Thread 0x000001c7f6be8800 Exception <a 'sun/nio/fs/WindowsException'{0x0000000088239ff8}> (0x0000000088239ff8) thrown at [./src/hotspot/share/prims/jni.cpp, line 615]
Event: 88.566 Thread 0x000001c7f6be8800 Exception <a 'sun/nio/fs/WindowsException'{0x000000008823a2c0}> (0x000000008823a2c0) thrown at [./src/hotspot/share/prims/jni.cpp, line 615]
Event: 88.566 Thread 0x000001c7f6be8800 Exception <a 'sun/nio/fs/WindowsException'{0x000000008823b390}> (0x000000008823b390) thrown at [./src/hotspot/share/prims/jni.cpp, line 615]
Event: 88.641 Thread 0x000001c7f6be8800 Exception <a 'java/lang/NoSuchMethodError'{0x0000000088148550}: <clinit>> (0x0000000088148550) thrown at [./src/hotspot/share/prims/jni.cpp, line 1362]
Event: 88.645 Thread 0x000001c7f6be8800 Exception <a 'java/lang/NoSuchMethodError'{0x000000008819db20}: <clinit>> (0x000000008819db20) thrown at [./src/hotspot/share/prims/jni.cpp, line 1362]
Event: 88.646 Thread 0x000001c7f6be8800 Exception <a 'java/lang/NoSuchMethodError'{0x00000000881bc990}: <clinit>> (0x00000000881bc990) thrown at [./src/hotspot/share/prims/jni.cpp, line 1362]
Event: 88.735 Thread 0x000001c7f6beb000 Exception <a 'sun/nio/fs/WindowsException'{0x0000000088655458}> (0x0000000088655458) thrown at [./src/hotspot/share/prims/jni.cpp, line 615]
Event: 88.735 Thread 0x000001c7f6beb000 Exception <a 'sun/nio/fs/WindowsException'{0x00000000886564a8}> (0x00000000886564a8) thrown at [./src/hotspot/share/prims/jni.cpp, line 615]
Event: 88.735 Thread 0x000001c7f6beb000 Exception <a 'sun/nio/fs/WindowsException'{0x0000000088657f98}> (0x0000000088657f98) thrown at [./src/hotspot/share/prims/jni.cpp, line 615]
Event: 88.816 Thread 0x000001c7f856b800 Exception <a 'sun/nio/fs/WindowsException'{0x00000000886c54a0}> (0x00000000886c54a0) thrown at [./src/hotspot/share/prims/jni.cpp, line 615]
Event: 88.840 Thread 0x000001c7f6beb000 Exception <a 'sun/nio/fs/WindowsException'{0x000000008852dd38}> (0x000000008852dd38) thrown at [./src/hotspot/share/prims/jni.cpp, line 615]
Event: 88.840 Thread 0x000001c7f6beb000 Exception <a 'sun/nio/fs/WindowsException'{0x000000008852f0a8}> (0x000000008852f0a8) thrown at [./src/hotspot/share/prims/jni.cpp, line 615]
Event: 91.225 Thread 0x000001c7f856b800 Exception <a 'java/lang/NoSuchMethodError'{0x000000008821f958}: 'java.lang.Object java.lang.invoke.DirectMethodHandle$Holder.invokeStaticInit(java.lang.Object, java.lang.Object, java.lang.Object, java.lang.Object, java.lang.Object, java.lang.Object, java.lang.Object, java.lang.Object, java.lang.Object, java.lang.Object, java.lang.Object, java.lang.Object, java.lang.Object, java.lang.Object, java.lang.Object, java.lang.Object, java.lang.Object, java.lang.Object, int, java.lang.Object, java.lang.Object)'> (0
Event: 92.043 Thread 0x000001c7f8568800 Exception <a 'java/lang/IncompatibleClassChangeError'{0x000000008af37948}: Found class java.lang.Object, but interface was expected> (0x000000008af37948) thrown at [./src/hotspot/share/interpreter/linkResolver.cpp, line 839]
Event: 92.426 Thread 0x000001c7f8568800 Exception <a 'java/lang/IncompatibleClassChangeError'{0x000000008aea2180}: Found class java.lang.Object, but interface was expected> (0x000000008aea2180) thrown at [./src/hotspot/share/interpreter/linkResolver.cpp, line 839]
Event: 92.438 Thread 0x000001c7f8568800 Exception <a 'java/lang/IncompatibleClassChangeError'{0x000000008aebc530}: Found class java.lang.Object, but interface was expected> (0x000000008aebc530) thrown at [./src/hotspot/share/interpreter/linkResolver.cpp, line 839]
Event: 92.438 Thread 0x000001c7f8575800 Exception <a 'java/lang/IncompatibleClassChangeError'{0x000000008ae673f0}: Found class java.lang.Object, but interface was expected> (0x000000008ae673f0) thrown at [./src/hotspot/share/interpreter/linkResolver.cpp, line 839]
Event: 92.438 Thread 0x000001c7f856f000 Exception <a 'java/lang/IncompatibleClassChangeError'{0x000000008ae84bf0}: Found class java.lang.Object, but interface was expected> (0x000000008ae84bf0) thrown at [./src/hotspot/share/interpreter/linkResolver.cpp, line 839]
Event: 92.439 Thread 0x000001c7f8575800 Exception <a 'java/lang/NoSuchMethodError'{0x000000008aee2ff8}: 'java.lang.Object java.lang.invoke.DirectMethodHandle$Holder.newInvokeSpecial(java.lang.Object, int)'> (0x000000008aee2ff8) thrown at [./src/hotspot/share/interpreter/linkResolver.cpp, line 773]

Events (20 events):
Event: 92.580 loading class com/android/tools/r8/code/T1 done
Event: 92.580 loading class com/android/tools/r8/code/Y3
Event: 92.580 loading class com/android/tools/r8/code/Y3 done
Event: 92.580 loading class com/android/tools/r8/code/K0
Event: 92.580 loading class com/android/tools/r8/code/K0 done
Event: 92.580 loading class com/android/tools/r8/code/A3
Event: 92.580 loading class com/android/tools/r8/code/A3 done
Event: 92.581 loading class com/android/tools/r8/code/v3
Event: 92.581 loading class com/android/tools/r8/code/v3 done
Event: 92.581 loading class com/android/tools/r8/code/e4
Event: 92.581 loading class com/android/tools/r8/code/e4 done
Event: 92.581 loading class com/android/tools/r8/code/P2
Event: 92.581 loading class com/android/tools/r8/code/P2 done
Event: 92.581 loading class com/android/tools/r8/code/u
Event: 92.581 loading class com/android/tools/r8/code/u done
Event: 92.581 loading class com/android/tools/r8/code/b3
Event: 92.581 loading class com/android/tools/r8/code/b3 done
Event: 92.581 loading class com/android/tools/r8/code/p0
Event: 92.581 loading class com/android/tools/r8/code/p0 done
Event: 92.581 Executing VM operation: G1CollectForAllocation


Dynamic libraries:
0x00007ff667670000 - 0x00007ff66767a000 	C:\Program Files\Android\Android Studio1\jre\bin\java.exe
0x00007ffd8e0f0000 - 0x00007ffd8e2e5000 	C:\WINDOWS\SYSTEM32\ntdll.dll
0x00007ffd8c690000 - 0x00007ffd8c74e000 	C:\WINDOWS\System32\KERNEL32.DLL
0x00007ffd8b910000 - 0x00007ffd8bbd8000 	C:\WINDOWS\System32\KERNELBASE.dll
0x00007ffd8b810000 - 0x00007ffd8b910000 	C:\WINDOWS\System32\ucrtbase.dll
0x00007ffd7c480000 - 0x00007ffd7c497000 	C:\Program Files\Android\Android Studio1\jre\bin\VCRUNTIME140.dll
0x00007ffd78cf0000 - 0x00007ffd78d09000 	C:\Program Files\Android\Android Studio1\jre\bin\jli.dll
0x00007ffd8d2d0000 - 0x00007ffd8d470000 	C:\WINDOWS\System32\USER32.dll
0x00007ffd8bf50000 - 0x00007ffd8bf72000 	C:\WINDOWS\System32\win32u.dll
0x00007ffd8cfc0000 - 0x00007ffd8cfea000 	C:\WINDOWS\System32\GDI32.dll
0x00007ffd8bff0000 - 0x00007ffd8c0fb000 	C:\WINDOWS\System32\gdi32full.dll
0x00007ffd8bdf0000 - 0x00007ffd8be8d000 	C:\WINDOWS\System32\msvcp_win.dll
0x00007ffd84050000 - 0x00007ffd842ea000 	C:\WINDOWS\WinSxS\amd64_microsoft.windows.common-controls_6595b64144ccf1df_6.0.19041.1110_none_60b5254171f9507e\COMCTL32.dll
0x00007ffd8c150000 - 0x00007ffd8c1ee000 	C:\WINDOWS\System32\msvcrt.dll
0x00007ffd8c1f0000 - 0x00007ffd8c220000 	C:\WINDOWS\System32\IMM32.DLL
0x00007ffd78c50000 - 0x00007ffd78ced000 	C:\Program Files\Android\Android Studio1\jre\bin\msvcp140.dll
0x00007ffd66260000 - 0x00007ffd66d35000 	C:\Program Files\Android\Android Studio1\jre\bin\server\jvm.dll
0x00007ffd8d070000 - 0x00007ffd8d11e000 	C:\WINDOWS\System32\ADVAPI32.dll
0x00007ffd8cd60000 - 0x00007ffd8cdfc000 	C:\WINDOWS\System32\sechost.dll
0x00007ffd8d470000 - 0x00007ffd8d595000 	C:\WINDOWS\System32\RPCRT4.dll
0x00007ffd8c750000 - 0x00007ffd8c758000 	C:\WINDOWS\System32\PSAPI.DLL
0x00007ffd87270000 - 0x00007ffd87279000 	C:\WINDOWS\SYSTEM32\WSOCK32.dll
0x00007ffd8cf50000 - 0x00007ffd8cfbb000 	C:\WINDOWS\System32\WS2_32.dll
0x00007ffd85bb0000 - 0x00007ffd85bd7000 	C:\WINDOWS\SYSTEM32\WINMM.dll
0x00007ffd86090000 - 0x00007ffd8609a000 	C:\WINDOWS\SYSTEM32\VERSION.dll
0x00007ffd89670000 - 0x00007ffd89682000 	C:\WINDOWS\SYSTEM32\kernel.appcore.dll
0x00007ffd86610000 - 0x00007ffd86621000 	C:\Program Files\Android\Android Studio1\jre\bin\verify.dll
0x00007ffd7d930000 - 0x00007ffd7db14000 	C:\WINDOWS\SYSTEM32\DBGHELP.DLL
0x00007ffd7d840000 - 0x00007ffd7d86c000 	C:\WINDOWS\SYSTEM32\dbgcore.DLL
0x00007ffd8bec0000 - 0x00007ffd8bf42000 	C:\WINDOWS\System32\bcryptPrimitives.dll
0x00007ffd81120000 - 0x00007ffd81149000 	C:\Program Files\Android\Android Studio1\jre\bin\java.dll
0x00007ffd87260000 - 0x00007ffd8726b000 	C:\Program Files\Android\Android Studio1\jre\bin\jimage.dll
0x00007ffd810f0000 - 0x00007ffd81108000 	C:\Program Files\Android\Android Studio1\jre\bin\zip.dll
0x00007ffd8d5a0000 - 0x00007ffd8dce4000 	C:\WINDOWS\System32\SHELL32.dll
0x00007ffd89950000 - 0x00007ffd8a0e4000 	C:\WINDOWS\SYSTEM32\windows.storage.dll
0x00007ffd8c760000 - 0x00007ffd8cab4000 	C:\WINDOWS\System32\combase.dll
0x00007ffd8b1b0000 - 0x00007ffd8b1dc000 	C:\WINDOWS\SYSTEM32\Wldp.dll
0x00007ffd8cbe0000 - 0x00007ffd8cc8d000 	C:\WINDOWS\System32\SHCORE.dll
0x00007ffd8cef0000 - 0x00007ffd8cf45000 	C:\WINDOWS\System32\shlwapi.dll
0x00007ffd8b750000 - 0x00007ffd8b76f000 	C:\WINDOWS\SYSTEM32\profapi.dll
0x00007ffd7c240000 - 0x00007ffd7c25a000 	C:\Program Files\Android\Android Studio1\jre\bin\net.dll
0x00007ffd83890000 - 0x00007ffd8399a000 	C:\WINDOWS\SYSTEM32\WINHTTP.dll
0x00007ffd8af10000 - 0x00007ffd8af7a000 	C:\WINDOWS\system32\mswsock.dll
0x00007ffd79630000 - 0x00007ffd79644000 	C:\Program Files\Android\Android Studio1\jre\bin\nio.dll
0x00007ffd7c4a0000 - 0x00007ffd7c4c7000 	C:\Users\giorgi\.gradle\native\e1d6ef7f7dcc3fd88c89a11ec53ec762bb8ba0a96d01ffa2cd45eb1d1d8dd5c5\windows-amd64\native-platform.dll
0x00007ffd78870000 - 0x00007ffd789b4000 	C:\Users\giorgi\.gradle\native\5664cfc778a61ccfe75a443a1ab52a65af34e5dc3c78e0209fed803814484fcb\windows-amd64\native-platform-file-events.dll
0x00007ffd86600000 - 0x00007ffd8660a000 	C:\Program Files\Android\Android Studio1\jre\bin\management.dll
0x00007ffd84f50000 - 0x00007ffd84f5d000 	C:\Program Files\Android\Android Studio1\jre\bin\management_ext.dll
0x00007ffd8b100000 - 0x00007ffd8b118000 	C:\WINDOWS\SYSTEM32\CRYPTSP.dll
0x00007ffd8a890000 - 0x00007ffd8a8c4000 	C:\WINDOWS\system32\rsaenh.dll
0x00007ffd8be90000 - 0x00007ffd8beb7000 	C:\WINDOWS\System32\bcrypt.dll
0x00007ffd8b710000 - 0x00007ffd8b73e000 	C:\WINDOWS\SYSTEM32\USERENV.dll
0x00007ffd8b120000 - 0x00007ffd8b12c000 	C:\WINDOWS\SYSTEM32\CRYPTBASE.dll
0x00007ffd8ac00000 - 0x00007ffd8ac3b000 	C:\WINDOWS\SYSTEM32\IPHLPAPI.DLL
0x00007ffd8d060000 - 0x00007ffd8d068000 	C:\WINDOWS\System32\NSI.dll
0x00007ffd85140000 - 0x00007ffd85157000 	C:\WINDOWS\SYSTEM32\dhcpcsvc6.DLL
0x00007ffd84f60000 - 0x00007ffd84f7d000 	C:\WINDOWS\SYSTEM32\dhcpcsvc.DLL
0x00007ffd8ac40000 - 0x00007ffd8ad0b000 	C:\WINDOWS\SYSTEM32\DNSAPI.dll
0x00007ffd78d10000 - 0x00007ffd78d37000 	C:\Program Files\Android\Android Studio1\jre\bin\sunec.dll

dbghelp: loaded successfully - version: 4.0.5 - missing functions: none
symbol engine: initialized successfully - sym options: 0x614 - pdb path: .;C:\Program Files\Android\Android Studio1\jre\bin;C:\WINDOWS\SYSTEM32;C:\WINDOWS\WinSxS\amd64_microsoft.windows.common-controls_6595b64144ccf1df_6.0.19041.1110_none_60b5254171f9507e;C:\Program Files\Android\Android Studio1\jre\bin\server;C:\Users\giorgi\.gradle\native\e1d6ef7f7dcc3fd88c89a11ec53ec762bb8ba0a96d01ffa2cd45eb1d1d8dd5c5\windows-amd64;C:\Users\giorgi\.gradle\native\5664cfc778a61ccfe75a443a1ab52a65af34e5dc3c78e0209fed803814484fcb\windows-amd64

VM Arguments:
jvm_args: --add-opens=java.base/java.util=ALL-UNNAMED --add-opens=java.base/java.lang=ALL-UNNAMED --add-opens=java.base/java.lang.invoke=ALL-UNNAMED --add-opens=java.base/java.util=ALL-UNNAMED --add-opens=java.prefs/java.util.prefs=ALL-UNNAMED --add-opens=java.prefs/java.util.prefs=ALL-UNNAMED --add-opens=java.base/java.nio.charset=ALL-UNNAMED --add-opens=java.base/java.net=ALL-UNNAMED --add-opens=java.base/java.util.concurrent.atomic=ALL-UNNAMED -Xmx2048m -Dfile.encoding=UTF-8 -Duser.country=US -Duser.language=en -Duser.variant 
java_command: org.gradle.launcher.daemon.bootstrap.GradleDaemon 7.2
java_class_path (initial): C:\Users\giorgi\.gradle\wrapper\dists\gradle-7.2-bin\2dnblmf4td7x66yl1d74lt32g\gradle-7.2\lib\gradle-launcher-7.2.jar
Launcher Type: SUN_STANDARD

[Global flags]
     intx CICompilerCount                          = 3                                         {product} {ergonomic}
     uint ConcGCThreads                            = 1                                         {product} {ergonomic}
     uint G1ConcRefinementThreads                  = 4                                         {product} {ergonomic}
   size_t G1HeapRegionSize                         = 1048576                                   {product} {ergonomic}
    uintx GCDrainStackTargetSize                   = 64                                        {product} {ergonomic}
   size_t InitialHeapSize                          = 67108864                                  {product} {ergonomic}
   size_t MarkStackSize                            = 4194304                                   {product} {ergonomic}
   size_t MaxHeapSize                              = 2147483648                                {product} {command line}
   size_t MaxNewSize                               = 1287651328                                {product} {ergonomic}
   size_t MinHeapDeltaBytes                        = 1048576                                   {product} {ergonomic}
    uintx NonNMethodCodeHeapSize                   = 5830732                                {pd product} {ergonomic}
    uintx NonProfiledCodeHeapSize                  = 122913754                              {pd product} {ergonomic}
    uintx ProfiledCodeHeapSize                     = 122913754                              {pd product} {ergonomic}
    uintx ReservedCodeCacheSize                    = 251658240                              {pd product} {ergonomic}
     bool SegmentedCodeCache                       = true                                      {product} {ergonomic}
     bool UseCompressedClassPointers               = true                                 {lp64_product} {ergonomic}
     bool UseCompressedOops                        = true                                 {lp64_product} {ergonomic}
     bool UseG1GC                                  = true                                      {product} {ergonomic}
     bool UseLargePagesIndividualAllocation        = false                                  {pd product} {ergonomic}

Logging:
Log output configuration:
 #0: stdout all=warning uptime,level,tags
 #1: stderr all=off uptime,level,tags

Environment Variables:
PATH=C:\Program Files\Google\Chrome\Application;C:\Program Files (x86)\VMware\VMware Workstation\bin\;C:\WINDOWS\system32;C:\WINDOWS;C:\WINDOWS\System32\Wbem;C:\WINDOWS\System32\WindowsPowerShell\v1.0\;C:\WINDOWS\System32\OpenSSH\;C:\Program Files\Git\cmd;C:\Program Files\Go\bin;C:\Users\giorgi\AppData\Local\Microsoft\WindowsApps;C:\Users\giorgi\AppData\Local\Programs\Microsoft VS Code\bin;C:\Flutter\flutter\bin;C:\Users\giorgi\go\bin
USERNAME=giorgi
OS=Windows_NT
PROCESSOR_IDENTIFIER=Intel64 Family 6 Model 42 Stepping 7, GenuineIntel



---------------  S Y S T E M  ---------------

OS: Windows 10 , 64 bit Build 19041 (10.0.19041.1645)
OS uptime: 0 days 1:47 hours

CPU:total 4 (initial active 4) (2 cores per cpu, 2 threads per core) family 6 model 42 stepping 7 microcode 0x2f, cmov, cx8, fxsr, mmx, sse, sse2, sse3, ssse3, sse4.1, sse4.2, popcnt, avx, clmul, ht, tsc, tscinvbit

Memory: 4k page, system-wide physical 4078M (317M free)
TotalPageFile size 4078M (AvailPageFile size 142M)
current process WorkingSet (physical memory assigned to process): 376M, peak: 376M
current process commit charge ("private bytes"): 471M, peak: 648M

vm_info: OpenJDK 64-Bit Server VM (11.0.11+9-b60-7590822) for windows-amd64 JRE (11.0.11+9-b60-7590822), built on Jul 29 2021 21:43:44 by "builder" with MS VC++ 14.0 (VS2015)

END.
