#
# There is insufficient memory for the Java Runtime Environment to continue.
# Native memory allocation (mmap) failed to map 46137344 bytes for Failed to commit area from 0x000000008c300000 to 0x000000008ef00000 of length 46137344.
# Possible reasons:
#   The system is out of physical RAM or swap space
#   The process is running with CompressedOops enabled, and the Java Heap may be blocking the growth of the native heap
# Possible solutions:
#   Reduce memory load on the system
#   Increase physical memory or swap space
#   Check if swap backing store is full
#   Decrease Java heap size (-Xmx/-Xms)
#   Decrease number of Java threads
#   Decrease Java thread stack sizes (-Xss)
#   Set larger code cache with -XX:ReservedCodeCacheSize=
#   JVM is running with Unscaled Compressed Oops mode in which the Java heap is
#     placed in the first 4GB address space. The Java Heap base address is the
#     maximum limit for the native heap growth. Please use -XX:HeapBaseMinAddress
#     to set the Java Heap base and to place the Java Heap above 4GB virtual address.
# This output file may be truncated or incomplete.
#
#  Out of Memory Error (./src/hotspot/os/windows/os_windows.cpp:3301), pid=5324, tid=1948
#
# JRE version: OpenJDK Runtime Environment (11.0.11+9) (build 11.0.11+9-b60-7590822)
# Java VM: OpenJDK 64-Bit Server VM (11.0.11+9-b60-7590822, mixed mode, tiered, compressed oops, g1 gc, windows-amd64)
# No core dump will be written. Minidumps are not enabled by default on client versions of Windows
#

---------------  S U M M A R Y ------------

Command Line: --add-opens=java.base/java.util=ALL-UNNAMED --add-opens=java.base/java.lang=ALL-UNNAMED --add-opens=java.base/java.lang.invoke=ALL-UNNAMED --add-opens=java.base/java.util=ALL-UNNAMED --add-opens=java.prefs/java.util.prefs=ALL-UNNAMED --add-opens=java.prefs/java.util.prefs=ALL-UNNAMED --add-opens=java.base/java.nio.charset=ALL-UNNAMED --add-opens=java.base/java.net=ALL-UNNAMED --add-opens=java.base/java.util.concurrent.atomic=ALL-UNNAMED -Xmx2048m -Dfile.encoding=UTF-8 -Duser.country=US -Duser.language=en -Duser.variant org.gradle.launcher.daemon.bootstrap.GradleDaemon 7.2

Host: Intel(R) Core(TM) i3-2120 CPU @ 3.30GHz, 4 cores, 3G,  Windows 10 , 64 bit Build 19041 (10.0.19041.1645)
Time: Wed Apr 27 01:41:25 2022 Georgian Standard Time elapsed time: 90.688251 seconds (0d 0h 1m 30s)

---------------  T H R E A D  ---------------

Current thread (0x000001cda0555800):  VMThread "VM Thread" [stack: 0x000000c3ab400000,0x000000c3ab500000] [id=1948]

Stack: [0x000000c3ab400000,0x000000c3ab500000]
[error occurred during error reporting (printing stack bounds), id 0xc0000005, EXCEPTION_ACCESS_VIOLATION (0xc0000005) at pc=0x000001cd89d20f2d]

Native frames: (J=compiled Java code, j=interpreted, Vv=VM code, C=native code)
V  [jvm.dll+0x5f214a]
V  [jvm.dll+0x726fb5]
V  [jvm.dll+0x7285cd]
V  [jvm.dll+0x728be5]
V  [jvm.dll+0x728b9b]
V  [jvm.dll+0x5f14e8]
V  [jvm.dll+0x5f1c78]
C  [ntdll.dll+0xa20cf]
C  [ntdll.dll+0x51454]
C  [ntdll.dll+0xa0bfe]
C  0x000001cd89d20f2d

VM_Operation (0x000000c3afaf8de0): G1CollectForAllocation, mode: safepoint, requested by thread 0x000001cda36ea000


---------------  P R O C E S S  ---------------

Threads class SMR info:
_java_thread_list=0x000001cda78478e0, length=85, elements={
0x000001cd84a4e800, 0x000001cda055b800, 0x000001cda055c800, 0x000001cda05b9800,
0x000001cda05bb000, 0x000001cda05bd000, 0x000001cda05c0000, 0x000001cda05c6800,
0x000001cda05ca000, 0x000001cda1054000, 0x000001cda1efa800, 0x000001cda260f800,
0x000001cda1297800, 0x000001cda2f65800, 0x000001cda279e800, 0x000001cda2935800,
0x000001cda2f76000, 0x000001cda370f800, 0x000001cda2d29800, 0x000001cda2d25800,
0x000001cda2d2c000, 0x000001cda2d2a800, 0x000001cda2d27000, 0x000001cda2d26000,
0x000001cda2d2b000, 0x000001cda2d28000, 0x000001cda2d28800, 0x000001cda4b53800,
0x000001cda4b59000, 0x000001cda4b57800, 0x000001cda4b5a000, 0x000001cda4b5a800,
0x000001cda4b55000, 0x000001cda4b55800, 0x000001cda4b56800, 0x000001cda4b5d000,
0x000001cda4b60800, 0x000001cda4b5c800, 0x000001cda4b5e000, 0x000001cda4b5f800,
0x000001cda4b61000, 0x000001cda4b5e800, 0x000001cda4b5b800, 0x000001cda4b62000,
0x000001cda1f21800, 0x000001cda1f23000, 0x000001cda1f24000, 0x000001cda1f22800,
0x000001cda1f1f000, 0x000001cda1f1e000, 0x000001cda1f25000, 0x000001cda1f25800,
0x000001cda1f20800, 0x000001cda1f20000, 0x000001cda1f29000, 0x000001cda1f29800,
0x000001cda1f2a800, 0x000001cda1f28000, 0x000001cda1f2b800, 0x000001cda1f2c000,
0x000001cda1f26800, 0x000001cda1f27000, 0x000001cda1f2d000, 0x000001cda36ea800,
0x000001cda36e9000, 0x000001cda36ea000, 0x000001cda36ee000, 0x000001cda36eb800,
0x000001cda36ec800, 0x000001cda36ed000, 0x000001cda36e8000, 0x000001cda36ef000,
0x000001cda3c47000, 0x000001cda3c49800, 0x000001cda3c47800, 0x000001cda3c48800,
0x000001cda3c4a000, 0x000001cda3c46000, 0x000001cda3c45800, 0x000001cda3c4c800,
0x000001cda3c50800, 0x000001cda3c50000, 0x000001cda3c51800, 0x000001cda3c4d800,
0x000001cda3c4f000
}

Java Threads: ( => current thread )
  0x000001cd84a4e800 JavaThread "main" [_thread_blocked, id=2896, stack(0x000000c3aae00000,0x000000c3aaf00000)]
  0x000001cda055b800 JavaThread "Reference Handler" daemon [_thread_blocked, id=3292, stack(0x000000c3ab500000,0x000000c3ab600000)]
  0x000001cda055c800 JavaThread "Finalizer" daemon [_thread_blocked, id=1256, stack(0x000000c3ab600000,0x000000c3ab700000)]
  0x000001cda05b9800 JavaThread "Signal Dispatcher" daemon [_thread_blocked, id=7052, stack(0x000000c3ab700000,0x000000c3ab800000)]
  0x000001cda05bb000 JavaThread "Attach Listener" daemon [_thread_blocked, id=4924, stack(0x000000c3ab800000,0x000000c3ab900000)]
  0x000001cda05bd000 JavaThread "Service Thread" daemon [_thread_blocked, id=3428, stack(0x000000c3ab900000,0x000000c3aba00000)]
  0x000001cda05c0000 JavaThread "C2 CompilerThread0" daemon [_thread_blocked, id=4692, stack(0x000000c3aba00000,0x000000c3abb00000)]
  0x000001cda05c6800 JavaThread "C1 CompilerThread0" daemon [_thread_blocked, id=4732, stack(0x000000c3abb00000,0x000000c3abc00000)]
  0x000001cda05ca000 JavaThread "Sweeper thread" daemon [_thread_blocked, id=6784, stack(0x000000c3abc00000,0x000000c3abd00000)]
  0x000001cda1054000 JavaThread "Common-Cleaner" daemon [_thread_blocked, id=2976, stack(0x000000c3abd00000,0x000000c3abe00000)]
  0x000001cda1efa800 JavaThread "Daemon health stats" [_thread_blocked, id=6856, stack(0x000000c3ac100000,0x000000c3ac200000)]
  0x000001cda260f800 JavaThread "Incoming local TCP Connector on port 49906" [_thread_in_native, id=5384, stack(0x000000c3abf00000,0x000000c3ac000000)]
  0x000001cda1297800 JavaThread "Daemon periodic checks" [_thread_blocked, id=6480, stack(0x000000c3ac200000,0x000000c3ac300000)]
  0x000001cda2f65800 JavaThread "Daemon" [_thread_blocked, id=5976, stack(0x000000c3ac300000,0x000000c3ac400000)]
  0x000001cda279e800 JavaThread "Handler for socket connection from /127.0.0.1:49906 to /127.0.0.1:49907" [_thread_in_native, id=4928, stack(0x000000c3ac400000,0x000000c3ac500000)]
  0x000001cda2935800 JavaThread "Cancel handler" [_thread_blocked, id=6956, stack(0x000000c3ac500000,0x000000c3ac600000)]
  0x000001cda2f76000 JavaThread "Daemon worker" [_thread_blocked, id=5480, stack(0x000000c3ac600000,0x000000c3ac700000)]
  0x000001cda370f800 JavaThread "Asynchronous log dispatcher for DefaultDaemonConnection: socket connection from /127.0.0.1:49906 to /127.0.0.1:49907" [_thread_blocked, id=232, stack(0x000000c3ac700000,0x000000c3ac800000)]
  0x000001cda2d29800 JavaThread "Daemon client event forwarder" [_thread_blocked, id=2344, stack(0x000000c3ac900000,0x000000c3aca00000)]
  0x000001cda2d25800 JavaThread "Cache worker for journal cache (C:\Users\giorgi\.gradle\caches\journal-1)" [_thread_blocked, id=4360, stack(0x000000c3acc00000,0x000000c3acd00000)]
  0x000001cda2d2c000 JavaThread "File lock request listener" [_thread_in_native, id=6828, stack(0x000000c3acd00000,0x000000c3ace00000)]
  0x000001cda2d2a800 JavaThread "Cache worker for file hash cache (C:\Users\giorgi\.gradle\caches\7.2\fileHashes)" [_thread_blocked, id=2908, stack(0x000000c3ace00000,0x000000c3acf00000)]
  0x000001cda2d27000 JavaThread "Cache worker for file hash cache (C:\Users\giorgi\StudioProjects\altaapp\.gradle\7.2\fileHashes)" [_thread_blocked, id=3544, stack(0x000000c3acf00000,0x000000c3ad000000)]
  0x000001cda2d26000 JavaThread "File watcher server" daemon [_thread_blocked, id=5752, stack(0x000000c3ad000000,0x000000c3ad100000)]
  0x000001cda2d2b000 JavaThread "File watcher consumer" daemon [_thread_blocked, id=5164, stack(0x000000c3ad100000,0x000000c3ad200000)]
  0x000001cda2d28000 JavaThread "Cache worker for checksums cache (C:\Users\giorgi\StudioProjects\altaapp\.gradle\checksums)" [_thread_blocked, id=2136, stack(0x000000c3ad200000,0x000000c3ad300000)]
  0x000001cda2d28800 JavaThread "Cache worker for cache directory md-supplier (C:\Users\giorgi\.gradle\caches\7.2\md-supplier)" [_thread_blocked, id=2124, stack(0x000000c3ad300000,0x000000c3ad400000)]
  0x000001cda4b53800 JavaThread "Cache worker for cache directory md-rule (C:\Users\giorgi\.gradle\caches\7.2\md-rule)" [_thread_blocked, id=6524, stack(0x000000c3ad400000,0x000000c3ad500000)]
  0x000001cda4b59000 JavaThread "Cache worker for execution history cache (C:\Users\giorgi\.gradle\caches\7.2\executionHistory)" [_thread_blocked, id=5140, stack(0x000000c3ad500000,0x000000c3ad600000)]
  0x000001cda4b57800 JavaThread "jar transforms" [_thread_blocked, id=2388, stack(0x000000c3ad600000,0x000000c3ad700000)]
  0x000001cda4b5a000 JavaThread "Cache worker for file content cache (C:\Users\giorgi\.gradle\caches\7.2\fileContent)" [_thread_blocked, id=5508, stack(0x000000c3ad700000,0x000000c3ad800000)]
  0x000001cda4b5a800 JavaThread "jar transforms Thread 2" [_thread_blocked, id=3568, stack(0x000000c3ad800000,0x000000c3ad900000)]
  0x000001cda4b55000 JavaThread "Cache worker for dependencies-accessors (C:\Users\giorgi\StudioProjects\altaapp\.gradle\7.2\dependencies-accessors)" [_thread_blocked, id=6684, stack(0x000000c3ad900000,0x000000c3ada00000)]
  0x000001cda4b55800 JavaThread "jar transforms Thread 3" [_thread_blocked, id=5664, stack(0x000000c3ada00000,0x000000c3adb00000)]
  0x000001cda4b56800 JavaThread "Cache worker for Build Output Cleanup Cache (C:\Users\giorgi\StudioProjects\altaapp\.gradle\buildOutputCleanup)" [_thread_blocked, id=1588, stack(0x000000c3adb00000,0x000000c3adc00000)]
  0x000001cda4b5d000 JavaThread "Unconstrained build operations" [_thread_blocked, id=1116, stack(0x000000c3adc00000,0x000000c3add00000)]
  0x000001cda4b60800 JavaThread "Unconstrained build operations Thread 2" [_thread_blocked, id=2492, stack(0x000000c3add00000,0x000000c3ade00000)]
  0x000001cda4b5c800 JavaThread "Unconstrained build operations Thread 3" [_thread_blocked, id=1260, stack(0x000000c3ade00000,0x000000c3adf00000)]
  0x000001cda4b5e000 JavaThread "Unconstrained build operations Thread 4" [_thread_blocked, id=6064, stack(0x000000c3adf00000,0x000000c3ae000000)]
  0x000001cda4b5f800 JavaThread "Unconstrained build operations Thread 5" [_thread_blocked, id=5256, stack(0x000000c3ae000000,0x000000c3ae100000)]
  0x000001cda4b61000 JavaThread "Unconstrained build operations Thread 6" [_thread_blocked, id=3960, stack(0x000000c3ae100000,0x000000c3ae200000)]
  0x000001cda4b5e800 JavaThread "Unconstrained build operations Thread 7" [_thread_blocked, id=4568, stack(0x000000c3ae200000,0x000000c3ae300000)]
  0x000001cda4b5b800 JavaThread "Unconstrained build operations Thread 8" [_thread_blocked, id=6260, stack(0x000000c3ae300000,0x000000c3ae400000)]
  0x000001cda4b62000 JavaThread "Unconstrained build operations Thread 9" [_thread_blocked, id=5816, stack(0x000000c3ae400000,0x000000c3ae500000)]
  0x000001cda1f21800 JavaThread "Unconstrained build operations Thread 10" [_thread_blocked, id=6880, stack(0x000000c3ae500000,0x000000c3ae600000)]
  0x000001cda1f23000 JavaThread "Unconstrained build operations Thread 11" [_thread_blocked, id=3776, stack(0x000000c3ae600000,0x000000c3ae700000)]
  0x000001cda1f24000 JavaThread "Unconstrained build operations Thread 12" [_thread_blocked, id=4504, stack(0x000000c3ae700000,0x000000c3ae800000)]
  0x000001cda1f22800 JavaThread "Unconstrained build operations Thread 13" [_thread_blocked, id=5748, stack(0x000000c3ae800000,0x000000c3ae900000)]
  0x000001cda1f1f000 JavaThread "Unconstrained build operations Thread 14" [_thread_blocked, id=5928, stack(0x000000c3ae900000,0x000000c3aea00000)]
  0x000001cda1f1e000 JavaThread "Unconstrained build operations Thread 15" [_thread_blocked, id=2988, stack(0x000000c3aea00000,0x000000c3aeb00000)]
  0x000001cda1f25000 JavaThread "Unconstrained build operations Thread 16" [_thread_blocked, id=2784, stack(0x000000c3aeb00000,0x000000c3aec00000)]
  0x000001cda1f25800 JavaThread "Unconstrained build operations Thread 17" [_thread_blocked, id=5484, stack(0x000000c3aec00000,0x000000c3aed00000)]
  0x000001cda1f20800 JavaThread "Unconstrained build operations Thread 18" [_thread_blocked, id=2296, stack(0x000000c3aed00000,0x000000c3aee00000)]
  0x000001cda1f20000 JavaThread "Unconstrained build operations Thread 19" [_thread_blocked, id=4076, stack(0x000000c3aee00000,0x000000c3aef00000)]
  0x000001cda1f29000 JavaThread "Unconstrained build operations Thread 20" [_thread_blocked, id=6700, stack(0x000000c3aef00000,0x000000c3af000000)]
  0x000001cda1f29800 JavaThread "Unconstrained build operations Thread 21" [_thread_blocked, id=4064, stack(0x000000c3af000000,0x000000c3af100000)]
  0x000001cda1f2a800 JavaThread "Unconstrained build operations Thread 22" [_thread_blocked, id=7116, stack(0x000000c3af100000,0x000000c3af200000)]
  0x000001cda1f28000 JavaThread "Unconstrained build operations Thread 23" [_thread_blocked, id=3304, stack(0x000000c3af200000,0x000000c3af300000)]
  0x000001cda1f2b800 JavaThread "Unconstrained build operations Thread 24" [_thread_blocked, id=2744, stack(0x000000c3af300000,0x000000c3af400000)]
  0x000001cda1f2c000 JavaThread "Unconstrained build operations Thread 25" [_thread_blocked, id=1176, stack(0x000000c3af400000,0x000000c3af500000)]
  0x000001cda1f26800 JavaThread "Unconstrained build operations Thread 26" [_thread_blocked, id=5420, stack(0x000000c3af500000,0x000000c3af600000)]
  0x000001cda1f27000 JavaThread "Unconstrained build operations Thread 27" [_thread_blocked, id=5692, stack(0x000000c3af600000,0x000000c3af700000)]
  0x000001cda1f2d000 JavaThread "Unconstrained build operations Thread 28" [_thread_blocked, id=768, stack(0x000000c3af700000,0x000000c3af800000)]
  0x000001cda36ea800 JavaThread "Unconstrained build operations Thread 29" [_thread_blocked, id=5080, stack(0x000000c3af800000,0x000000c3af900000)]
  0x000001cda36e9000 JavaThread "Unconstrained build operations Thread 30" [_thread_blocked, id=5952, stack(0x000000c3af900000,0x000000c3afa00000)]
  0x000001cda36ea000 JavaThread "Unconstrained build operations Thread 31" [_thread_blocked, id=2472, stack(0x000000c3afa00000,0x000000c3afb00000)]
  0x000001cda36ee000 JavaThread "Unconstrained build operations Thread 32" [_thread_blocked, id=6092, stack(0x000000c3afb00000,0x000000c3afc00000)]
  0x000001cda36eb800 JavaThread "Unconstrained build operations Thread 33" [_thread_blocked, id=4528, stack(0x000000c3afc00000,0x000000c3afd00000)]
  0x000001cda36ec800 JavaThread "Unconstrained build operations Thread 34" [_thread_blocked, id=1464, stack(0x000000c3afd00000,0x000000c3afe00000)]
  0x000001cda36ed000 JavaThread "Unconstrained build operations Thread 35" [_thread_blocked, id=188, stack(0x000000c3afe00000,0x000000c3aff00000)]
  0x000001cda36e8000 JavaThread "Unconstrained build operations Thread 36" [_thread_blocked, id=6460, stack(0x000000c3aff00000,0x000000c3b0000000)]
  0x000001cda36ef000 JavaThread "Unconstrained build operations Thread 37" [_thread_blocked, id=2904, stack(0x000000c3b0000000,0x000000c3b0100000)]
  0x000001cda3c47000 JavaThread "Unconstrained build operations Thread 38" [_thread_blocked, id=1532, stack(0x000000c3b0100000,0x000000c3b0200000)]
  0x000001cda3c49800 JavaThread "Unconstrained build operations Thread 39" [_thread_blocked, id=3048, stack(0x000000c3b0200000,0x000000c3b0300000)]
  0x000001cda3c47800 JavaThread "Unconstrained build operations Thread 40" [_thread_blocked, id=5360, stack(0x000000c3b0300000,0x000000c3b0400000)]
  0x000001cda3c48800 JavaThread "jar transforms Thread 4" [_thread_blocked, id=6104, stack(0x000000c3b0400000,0x000000c3b0500000)]
  0x000001cda3c4a000 JavaThread "Memory manager" [_thread_blocked, id=6280, stack(0x000000c3b0700000,0x000000c3b0800000)]
  0x000001cda3c46000 JavaThread "build event listener" [_thread_blocked, id=7056, stack(0x000000c3b0800000,0x000000c3b0900000)]
  0x000001cda3c45800 JavaThread "Execution worker for ':'" [_thread_blocked, id=6680, stack(0x000000c3b0900000,0x000000c3b0a00000)]
  0x000001cda3c4c800 JavaThread "Execution worker for ':' Thread 2" [_thread_blocked, id=4896, stack(0x000000c3b0a00000,0x000000c3b0b00000)]
  0x000001cda3c50800 JavaThread "Execution worker for ':' Thread 3" [_thread_blocked, id=204, stack(0x000000c3b0b00000,0x000000c3b0c00000)]
  0x000001cda3c50000 JavaThread "Cache worker for execution history cache (C:\Users\giorgi\StudioProjects\altaapp\.gradle\7.2\executionHistory)" [_thread_blocked, id=6980, stack(0x000000c3b0c00000,0x000000c3b0d00000)]
  0x000001cda3c51800 JavaThread "WorkerExecutor Queue" [_thread_blocked, id=6580, stack(0x000000c3b0d00000,0x000000c3b0e00000)]
  0x000001cda3c4d800 JavaThread "WorkerExecutor Queue Thread 5" [_thread_blocked, id=4320, stack(0x000000c3aab00000,0x000000c3aac00000)]
  0x000001cda3c4f000 JavaThread "WorkerExecutor Queue Thread 6" [_thread_blocked, id=4700, stack(0x000000c3aac00000,0x000000c3aad00000)]

Other Threads:
=>0x000001cda0555800 VMThread "VM Thread" [stack: 0x000000c3ab400000,0x000000c3ab500000] [id=1948]
  0x000001cda1056800 WatcherThread [stack: 0x000000c3abe00000,0x000000c3abf00000] [id=6356]
  0x000001cd84a65800 GCTaskThread "GC Thread#0" [stack: 0x000000c3aaf00000,0x000000c3ab000000] [id=2680]
  0x000001cda1bc0800 GCTaskThread "GC Thread#1" [stack: 0x000000c3ac000000,0x000000c3ac100000] [id=6108]
  0x000001cda1da4000 GCTaskThread "GC Thread#2" [stack: 0x000000c3aca00000,0x000000c3acb00000] [id=4908]
  0x000001cda1da7000 GCTaskThread "GC Thread#3" [stack: 0x000000c3acb00000,0x000000c3acc00000] [id=7152]
  0x000001cd84a96800 ConcurrentGCThread "G1 Main Marker" [stack: 0x000000c3ab000000,0x000000c3ab100000] [id=6504]
  0x000001cd84a98000 ConcurrentGCThread "G1 Conc#0" [stack: 0x000000c3ab100000,0x000000c3ab200000] [id=2712]
  0x000001cd84af0000 ConcurrentGCThread "G1 Refine#0" [stack: 0x000000c3ab200000,0x000000c3ab300000] [id=2436]
  0x000001cd84af1000 ConcurrentGCThread "G1 Young RemSet Sampling" [stack: 0x000000c3ab300000,0x000000c3ab400000] [id=1076]

Threads with active compile tasks:
C2 CompilerThread0  90825 17804 %     4       com.android.tools.r8.internal.mH0::a @ 2572 (6068 bytes)
C1 CompilerThread0  90826 17864 %     3       com.android.tools.r8.internal.pe1::a @ 1241 (1305 bytes)

VM state:at safepoint (normal execution)

VM Mutex/Monitor currently owned by a thread:  ([mutex/lock_event])
[0x000001cd84a4a880] Threads_lock - owner thread: 0x000001cda0555800
[0x000001cd84a4af40] Heap_lock - owner thread: 0x000001cda36ea000

Heap address: 0x0000000080000000, size: 2048 MB, Compressed Oops mode: 32-bit
Narrow klass base: 0x0000000000000000, Narrow klass shift: 3
Compressed class space size: 1073741824 Address: 0x0000000100000000

Heap:
 garbage-first heap   total 244736K, used 156845K [0x0000000080000000, 0x0000000100000000)
  region size 1024K, 2 young (2048K), 2 survivors (2048K)
 Metaspace       used 115120K, capacity 118558K, committed 118784K, reserved 1153024K
  class space    used 14695K, capacity 16078K, committed 16128K, reserved 1048576K
Heap Regions: E=young(eden), S=young(survivor), O=old, HS=humongous(starts), HC=humongous(continues), CS=collection set, F=free, A=archive, TAMS=top-at-mark-start (previous, next)
|   0|0x0000000080000000, 0x0000000080100000, 0x0000000080100000|100%| O|  |TAMS 0x0000000080100000, 0x0000000080000000| Untracked 
|   1|0x0000000080100000, 0x0000000080200000, 0x0000000080200000|100%| O|  |TAMS 0x0000000080200000, 0x0000000080100000| Untracked 
|   2|0x0000000080200000, 0x0000000080300000, 0x0000000080300000|100%| O|  |TAMS 0x0000000080300000, 0x0000000080200000| Untracked 
|   3|0x0000000080300000, 0x0000000080400000, 0x0000000080400000|100%|HS|  |TAMS 0x0000000080400000, 0x0000000080300000| Complete 
|   4|0x0000000080400000, 0x0000000080500000, 0x0000000080500000|100%|HC|  |TAMS 0x0000000080500000, 0x0000000080400000| Complete 
|   5|0x0000000080500000, 0x0000000080600000, 0x0000000080600000|100%|HC|  |TAMS 0x0000000080600000, 0x0000000080500000| Complete 
|   6|0x0000000080600000, 0x0000000080700000, 0x0000000080700000|100%| O|  |TAMS 0x0000000080700000, 0x0000000080600000| Untracked 
|   7|0x0000000080700000, 0x0000000080800000, 0x0000000080800000|100%| O|  |TAMS 0x0000000080800000, 0x0000000080700000| Untracked 
|   8|0x0000000080800000, 0x0000000080900000, 0x0000000080900000|100%| O|  |TAMS 0x0000000080900000, 0x0000000080800000| Untracked 
|   9|0x0000000080900000, 0x0000000080a00000, 0x0000000080a00000|100%| O|  |TAMS 0x0000000080a00000, 0x0000000080900000| Untracked 
|  10|0x0000000080a00000, 0x0000000080b00000, 0x0000000080b00000|100%| O|  |TAMS 0x0000000080b00000, 0x0000000080a00000| Untracked 
|  11|0x0000000080b00000, 0x0000000080c00000, 0x0000000080c00000|100%| O|  |TAMS 0x0000000080c00000, 0x0000000080b00000| Untracked 
|  12|0x0000000080c00000, 0x0000000080d00000, 0x0000000080d00000|100%| O|  |TAMS 0x0000000080d00000, 0x0000000080c00000| Untracked 
|  13|0x0000000080d00000, 0x0000000080e00000, 0x0000000080e00000|100%| O|  |TAMS 0x0000000080e00000, 0x0000000080d00000| Untracked 
|  14|0x0000000080e00000, 0x0000000080f00000, 0x0000000080f00000|100%| O|  |TAMS 0x0000000080f00000, 0x0000000080e00000| Untracked 
|  15|0x0000000080f00000, 0x0000000081000000, 0x0000000081000000|100%| O|  |TAMS 0x0000000081000000, 0x0000000080f00000| Untracked 
|  16|0x0000000081000000, 0x0000000081100000, 0x0000000081100000|100%| O|  |TAMS 0x0000000081100000, 0x0000000081000000| Untracked 
|  17|0x0000000081100000, 0x0000000081200000, 0x0000000081200000|100%| O|  |TAMS 0x0000000081200000, 0x0000000081100000| Untracked 
|  18|0x0000000081200000, 0x0000000081300000, 0x0000000081300000|100%| O|  |TAMS 0x0000000081300000, 0x0000000081200000| Untracked 
|  19|0x0000000081300000, 0x0000000081400000, 0x0000000081400000|100%| O|  |TAMS 0x0000000081400000, 0x0000000081300000| Untracked 
|  20|0x0000000081400000, 0x0000000081500000, 0x0000000081500000|100%| O|  |TAMS 0x0000000081500000, 0x0000000081400000| Untracked 
|  21|0x0000000081500000, 0x0000000081600000, 0x0000000081600000|100%| O|  |TAMS 0x0000000081600000, 0x0000000081500000| Untracked 
|  22|0x0000000081600000, 0x0000000081700000, 0x0000000081700000|100%| O|  |TAMS 0x0000000081700000, 0x0000000081600000| Untracked 
|  23|0x0000000081700000, 0x0000000081800000, 0x0000000081800000|100%| O|  |TAMS 0x0000000081800000, 0x0000000081700000| Untracked 
|  24|0x0000000081800000, 0x0000000081900000, 0x0000000081900000|100%| O|  |TAMS 0x0000000081900000, 0x0000000081800000| Untracked 
|  25|0x0000000081900000, 0x0000000081a00000, 0x0000000081a00000|100%| O|  |TAMS 0x0000000081a00000, 0x0000000081900000| Untracked 
|  26|0x0000000081a00000, 0x0000000081b00000, 0x0000000081b00000|100%| O|  |TAMS 0x0000000081b00000, 0x0000000081a00000| Untracked 
|  27|0x0000000081b00000, 0x0000000081c00000, 0x0000000081c00000|100%| O|  |TAMS 0x0000000081c00000, 0x0000000081b00000| Untracked 
|  28|0x0000000081c00000, 0x0000000081d00000, 0x0000000081d00000|100%|HS|  |TAMS 0x0000000081d00000, 0x0000000081c00000| Complete 
|  29|0x0000000081d00000, 0x0000000081e00000, 0x0000000081e00000|100%|HS|  |TAMS 0x0000000081e00000, 0x0000000081d00000| Complete 
|  30|0x0000000081e00000, 0x0000000081f00000, 0x0000000081f00000|100%|HS|  |TAMS 0x0000000081f00000, 0x0000000081e00000| Complete 
|  31|0x0000000081f00000, 0x0000000082000000, 0x0000000082000000|100%|HS|  |TAMS 0x0000000082000000, 0x0000000081f00000| Complete 
|  32|0x0000000082000000, 0x0000000082100000, 0x0000000082100000|100%| O|  |TAMS 0x0000000082100000, 0x0000000082000000| Untracked 
|  33|0x0000000082100000, 0x0000000082200000, 0x0000000082200000|100%| O|  |TAMS 0x0000000082200000, 0x0000000082100000| Untracked 
|  34|0x0000000082200000, 0x0000000082300000, 0x0000000082300000|100%| O|  |TAMS 0x0000000082300000, 0x0000000082200000| Untracked 
|  35|0x0000000082300000, 0x0000000082400000, 0x0000000082400000|100%|HS|  |TAMS 0x0000000082400000, 0x0000000082300000| Complete 
|  36|0x0000000082400000, 0x0000000082500000, 0x0000000082500000|100%|HC|  |TAMS 0x0000000082500000, 0x0000000082400000| Complete 
|  37|0x0000000082500000, 0x0000000082600000, 0x0000000082600000|100%|HC|  |TAMS 0x0000000082600000, 0x0000000082500000| Complete 
|  38|0x0000000082600000, 0x0000000082700000, 0x0000000082700000|100%| O|  |TAMS 0x0000000082700000, 0x0000000082600000| Untracked 
|  39|0x0000000082700000, 0x0000000082800000, 0x0000000082800000|100%| O|  |TAMS 0x0000000082800000, 0x0000000082700000| Untracked 
|  40|0x0000000082800000, 0x0000000082900000, 0x0000000082900000|100%| O|  |TAMS 0x0000000082900000, 0x0000000082800000| Untracked 
|  41|0x0000000082900000, 0x0000000082a00000, 0x0000000082a00000|100%| O|  |TAMS 0x0000000082a00000, 0x0000000082900000| Untracked 
|  42|0x0000000082a00000, 0x0000000082b00000, 0x0000000082b00000|100%| O|  |TAMS 0x0000000082b00000, 0x0000000082a00000| Untracked 
|  43|0x0000000082b00000, 0x0000000082c00000, 0x0000000082c00000|100%| O|  |TAMS 0x0000000082c00000, 0x0000000082b00000| Untracked 
|  44|0x0000000082c00000, 0x0000000082d00000, 0x0000000082d00000|100%|HS|  |TAMS 0x0000000082d00000, 0x0000000082c00000| Complete 
|  45|0x0000000082d00000, 0x0000000082e00000, 0x0000000082e00000|100%|HC|  |TAMS 0x0000000082e00000, 0x0000000082d00000| Complete 
|  46|0x0000000082e00000, 0x0000000082f00000, 0x0000000082f00000|100%| O|  |TAMS 0x0000000082f00000, 0x0000000082e00000| Untracked 
|  47|0x0000000082f00000, 0x0000000083000000, 0x0000000083000000|100%| O|  |TAMS 0x0000000083000000, 0x0000000082f00000| Untracked 
|  48|0x0000000083000000, 0x0000000083100000, 0x0000000083100000|100%| O|  |TAMS 0x0000000083100000, 0x0000000083000000| Untracked 
|  49|0x0000000083100000, 0x0000000083200000, 0x0000000083200000|100%| O|  |TAMS 0x0000000083200000, 0x0000000083100000| Untracked 
|  50|0x0000000083200000, 0x0000000083300000, 0x0000000083300000|100%| O|  |TAMS 0x0000000083300000, 0x0000000083200000| Untracked 
|  51|0x0000000083300000, 0x0000000083400000, 0x0000000083400000|100%| O|  |TAMS 0x0000000083400000, 0x0000000083300000| Untracked 
|  52|0x0000000083400000, 0x0000000083500000, 0x0000000083500000|100%| O|  |TAMS 0x0000000083500000, 0x0000000083400000| Untracked 
|  53|0x0000000083500000, 0x0000000083600000, 0x0000000083600000|100%| O|  |TAMS 0x0000000083600000, 0x0000000083500000| Untracked 
|  54|0x0000000083600000, 0x0000000083700000, 0x0000000083700000|100%| O|  |TAMS 0x0000000083700000, 0x0000000083600000| Untracked 
|  55|0x0000000083700000, 0x0000000083800000, 0x0000000083800000|100%| O|  |TAMS 0x0000000083800000, 0x0000000083700000| Untracked 
|  56|0x0000000083800000, 0x0000000083900000, 0x0000000083900000|100%| O|  |TAMS 0x0000000083900000, 0x0000000083800000| Untracked 
|  57|0x0000000083900000, 0x0000000083a00000, 0x0000000083a00000|100%| O|  |TAMS 0x0000000083a00000, 0x0000000083900000| Untracked 
|  58|0x0000000083a00000, 0x0000000083b00000, 0x0000000083b00000|100%| O|  |TAMS 0x0000000083b00000, 0x0000000083a00000| Untracked 
|  59|0x0000000083b00000, 0x0000000083c00000, 0x0000000083c00000|100%| O|  |TAMS 0x0000000083c00000, 0x0000000083b00000| Untracked 
|  60|0x0000000083c00000, 0x0000000083d00000, 0x0000000083d00000|100%| O|  |TAMS 0x0000000083d00000, 0x0000000083c00000| Untracked 
|  61|0x0000000083d00000, 0x0000000083e00000, 0x0000000083e00000|100%| O|  |TAMS 0x0000000083e00000, 0x0000000083d00000| Untracked 
|  62|0x0000000083e00000, 0x0000000083f00000, 0x0000000083f00000|100%| O|  |TAMS 0x0000000083f00000, 0x0000000083e00000| Untracked 
|  63|0x0000000083f00000, 0x0000000084000000, 0x0000000084000000|100%| O|  |TAMS 0x0000000084000000, 0x0000000083f00000| Untracked 
|  64|0x0000000084000000, 0x0000000084100000, 0x0000000084100000|100%| O|  |TAMS 0x0000000084100000, 0x0000000084000000| Untracked 
|  65|0x0000000084100000, 0x0000000084200000, 0x0000000084200000|100%| O|  |TAMS 0x0000000084200000, 0x0000000084100000| Untracked 
|  66|0x0000000084200000, 0x0000000084300000, 0x0000000084300000|100%| O|  |TAMS 0x0000000084300000, 0x0000000084200000| Untracked 
|  67|0x0000000084300000, 0x0000000084400000, 0x0000000084400000|100%| O|  |TAMS 0x0000000084400000, 0x0000000084300000| Untracked 
|  68|0x0000000084400000, 0x0000000084500000, 0x0000000084500000|100%| O|  |TAMS 0x0000000084500000, 0x0000000084400000| Untracked 
|  69|0x0000000084500000, 0x0000000084600000, 0x0000000084600000|100%| O|  |TAMS 0x0000000084600000, 0x0000000084500000| Untracked 
|  70|0x0000000084600000, 0x0000000084700000, 0x0000000084700000|100%| O|  |TAMS 0x0000000084700000, 0x0000000084600000| Untracked 
|  71|0x0000000084700000, 0x0000000084800000, 0x0000000084800000|100%| O|  |TAMS 0x0000000084800000, 0x0000000084700000| Untracked 
|  72|0x0000000084800000, 0x0000000084900000, 0x0000000084900000|100%| O|  |TAMS 0x0000000084900000, 0x0000000084800000| Untracked 
|  73|0x0000000084900000, 0x0000000084a00000, 0x0000000084a00000|100%| O|  |TAMS 0x0000000084a00000, 0x0000000084900000| Untracked 
|  74|0x0000000084a00000, 0x0000000084b00000, 0x0000000084b00000|100%| O|  |TAMS 0x0000000084b00000, 0x0000000084a00000| Untracked 
|  75|0x0000000084b00000, 0x0000000084c00000, 0x0000000084c00000|100%| O|  |TAMS 0x0000000084c00000, 0x0000000084b00000| Untracked 
|  76|0x0000000084c00000, 0x0000000084d00000, 0x0000000084d00000|100%| O|  |TAMS 0x0000000084c00000, 0x0000000084c00000| Untracked 
|  77|0x0000000084d00000, 0x0000000084e00000, 0x0000000084e00000|100%| O|  |TAMS 0x0000000084e00000, 0x0000000084d00000| Untracked 
|  78|0x0000000084e00000, 0x0000000084f00000, 0x0000000084f00000|100%| O|  |TAMS 0x0000000084f00000, 0x0000000084e00000| Untracked 
|  79|0x0000000084f00000, 0x0000000085000000, 0x0000000085000000|100%| O|  |TAMS 0x0000000085000000, 0x0000000084f00000| Untracked 
|  80|0x0000000085000000, 0x0000000085100000, 0x0000000085100000|100%| O|  |TAMS 0x0000000085100000, 0x0000000085000000| Untracked 
|  81|0x0000000085100000, 0x0000000085200000, 0x0000000085200000|100%| O|  |TAMS 0x0000000085100000, 0x0000000085100000| Untracked 
|  82|0x0000000085200000, 0x0000000085300000, 0x0000000085300000|100%| O|  |TAMS 0x0000000085200000, 0x0000000085200000| Untracked 
|  83|0x0000000085300000, 0x0000000085400000, 0x0000000085400000|100%| O|  |TAMS 0x0000000085300000, 0x0000000085300000| Untracked 
|  84|0x0000000085400000, 0x0000000085500000, 0x0000000085500000|100%| O|  |TAMS 0x0000000085400000, 0x0000000085400000| Untracked 
|  85|0x0000000085500000, 0x0000000085600000, 0x0000000085600000|100%| O|  |TAMS 0x0000000085500000, 0x0000000085500000| Untracked 
|  86|0x0000000085600000, 0x0000000085700000, 0x0000000085700000|100%| O|  |TAMS 0x0000000085600000, 0x0000000085600000| Untracked 
|  87|0x0000000085700000, 0x0000000085800000, 0x0000000085800000|100%| O|  |TAMS 0x0000000085700000, 0x0000000085700000| Untracked 
|  88|0x0000000085800000, 0x0000000085900000, 0x0000000085900000|100%| O|  |TAMS 0x0000000085900000, 0x0000000085800000| Untracked 
|  89|0x0000000085900000, 0x0000000085a00000, 0x0000000085a00000|100%| O|  |TAMS 0x0000000085a00000, 0x0000000085900000| Untracked 
|  90|0x0000000085a00000, 0x0000000085b00000, 0x0000000085b00000|100%| O|  |TAMS 0x0000000085b00000, 0x0000000085a00000| Untracked 
|  91|0x0000000085b00000, 0x0000000085c00000, 0x0000000085c00000|100%| O|  |TAMS 0x0000000085b00000, 0x0000000085b00000| Untracked 
|  92|0x0000000085c00000, 0x0000000085d00000, 0x0000000085d00000|100%| O|  |TAMS 0x0000000085c00000, 0x0000000085c00000| Untracked 
|  93|0x0000000085d00000, 0x0000000085e00000, 0x0000000085e00000|100%| O|  |TAMS 0x0000000085d00000, 0x0000000085d00000| Untracked 
|  94|0x0000000085e00000, 0x0000000085f00000, 0x0000000085f00000|100%| O|  |TAMS 0x0000000085e97c00, 0x0000000085e00000| Untracked 
|  95|0x0000000085f00000, 0x0000000086000000, 0x0000000086000000|100%| O|  |TAMS 0x0000000085f00000, 0x0000000085f00000| Untracked 
|  96|0x0000000086000000, 0x0000000086100000, 0x0000000086100000|100%| O|  |TAMS 0x0000000086000000, 0x0000000086000000| Untracked 
|  97|0x0000000086100000, 0x0000000086200000, 0x0000000086200000|100%| O|  |TAMS 0x0000000086100000, 0x0000000086100000| Untracked 
|  98|0x0000000086200000, 0x0000000086300000, 0x0000000086300000|100%| O|  |TAMS 0x0000000086200000, 0x0000000086200000| Untracked 
|  99|0x0000000086300000, 0x0000000086400000, 0x0000000086400000|100%| O|  |TAMS 0x0000000086300000, 0x0000000086300000| Untracked 
| 100|0x0000000086400000, 0x0000000086500000, 0x0000000086500000|100%| O|  |TAMS 0x0000000086400000, 0x0000000086400000| Untracked 
| 101|0x0000000086500000, 0x0000000086600000, 0x0000000086600000|100%| O|  |TAMS 0x0000000086500000, 0x0000000086500000| Untracked 
| 102|0x0000000086600000, 0x0000000086700000, 0x0000000086700000|100%| O|  |TAMS 0x0000000086700000, 0x0000000086600000| Untracked 
| 103|0x0000000086700000, 0x0000000086800000, 0x0000000086800000|100%| O|  |TAMS 0x0000000086700000, 0x0000000086700000| Untracked 
| 104|0x0000000086800000, 0x0000000086900000, 0x0000000086900000|100%| O|  |TAMS 0x0000000086800000, 0x0000000086800000| Untracked 
| 105|0x0000000086900000, 0x0000000086a00000, 0x0000000086a00000|100%| O|  |TAMS 0x0000000086900000, 0x0000000086900000| Untracked 
| 106|0x0000000086a00000, 0x0000000086b00000, 0x0000000086b00000|100%| O|  |TAMS 0x0000000086a00000, 0x0000000086a00000| Untracked 
| 107|0x0000000086b00000, 0x0000000086c00000, 0x0000000086c00000|100%| O|  |TAMS 0x0000000086b00000, 0x0000000086b00000| Untracked 
| 108|0x0000000086c00000, 0x0000000086d00000, 0x0000000086d00000|100%| O|  |TAMS 0x0000000086c00000, 0x0000000086c00000| Untracked 
| 109|0x0000000086d00000, 0x0000000086e00000, 0x0000000086e00000|100%| O|  |TAMS 0x0000000086d00000, 0x0000000086d00000| Untracked 
| 110|0x0000000086e00000, 0x0000000086f00000, 0x0000000086f00000|100%| O|  |TAMS 0x0000000086e00000, 0x0000000086e00000| Untracked 
| 111|0x0000000086f00000, 0x0000000087000000, 0x0000000087000000|100%| O|  |TAMS 0x0000000086f00000, 0x0000000086f00000| Untracked 
| 112|0x0000000087000000, 0x0000000087100000, 0x0000000087100000|100%| O|  |TAMS 0x0000000087000000, 0x0000000087000000| Untracked 
| 113|0x0000000087100000, 0x0000000087200000, 0x0000000087200000|100%| O|  |TAMS 0x0000000087200000, 0x0000000087100000| Untracked 
| 114|0x0000000087200000, 0x0000000087300000, 0x0000000087300000|100%| O|  |TAMS 0x0000000087200000, 0x0000000087200000| Untracked 
| 115|0x0000000087300000, 0x0000000087400000, 0x0000000087400000|100%| O|  |TAMS 0x0000000087300000, 0x0000000087300000| Untracked 
| 116|0x0000000087400000, 0x0000000087500000, 0x0000000087500000|100%| O|  |TAMS 0x0000000087400000, 0x0000000087400000| Untracked 
| 117|0x0000000087500000, 0x0000000087600000, 0x0000000087600000|100%| O|  |TAMS 0x0000000087500000, 0x0000000087500000| Untracked 
| 118|0x0000000087600000, 0x0000000087700000, 0x0000000087700000|100%| O|  |TAMS 0x0000000087600000, 0x0000000087600000| Untracked 
| 119|0x0000000087700000, 0x0000000087800000, 0x0000000087800000|100%| O|  |TAMS 0x0000000087700000, 0x0000000087700000| Untracked 
| 120|0x0000000087800000, 0x0000000087900000, 0x0000000087900000|100%| O|  |TAMS 0x0000000087800000, 0x0000000087800000| Untracked 
| 121|0x0000000087900000, 0x0000000087a00000, 0x0000000087a00000|100%| O|  |TAMS 0x0000000087900000, 0x0000000087900000| Untracked 
| 122|0x0000000087a00000, 0x0000000087b00000, 0x0000000087b00000|100%| O|  |TAMS 0x0000000087a00000, 0x0000000087a00000| Untracked 
| 123|0x0000000087b00000, 0x0000000087c00000, 0x0000000087c00000|100%| O|  |TAMS 0x0000000087b00000, 0x0000000087b00000| Untracked 
| 124|0x0000000087c00000, 0x0000000087d00000, 0x0000000087d00000|100%| O|  |TAMS 0x0000000087c00000, 0x0000000087c00000| Untracked 
| 125|0x0000000087d00000, 0x0000000087e00000, 0x0000000087e00000|100%|HS|  |TAMS 0x0000000087d00000, 0x0000000087d00000| Complete 
| 126|0x0000000087e00000, 0x0000000087f00000, 0x0000000087f00000|100%|HC|  |TAMS 0x0000000087e00000, 0x0000000087e00000| Complete 
| 127|0x0000000087f00000, 0x0000000088000000, 0x0000000088000000|100%| O|  |TAMS 0x0000000087f00000, 0x0000000087f00000| Untracked 
| 128|0x0000000088000000, 0x0000000088100000, 0x0000000088100000|100%| O|  |TAMS 0x0000000088000000, 0x0000000088000000| Untracked 
| 129|0x0000000088100000, 0x0000000088200000, 0x0000000088200000|100%| O|  |TAMS 0x0000000088100000, 0x0000000088100000| Untracked 
| 130|0x0000000088200000, 0x0000000088300000, 0x0000000088300000|100%| O|  |TAMS 0x0000000088200000, 0x0000000088200000| Untracked 
| 131|0x0000000088300000, 0x0000000088400000, 0x0000000088400000|100%| O|  |TAMS 0x0000000088300000, 0x0000000088300000| Untracked 
| 132|0x0000000088400000, 0x0000000088500000, 0x0000000088500000|100%| O|  |TAMS 0x0000000088400000, 0x0000000088400000| Untracked 
| 133|0x0000000088500000, 0x0000000088600000, 0x0000000088600000|100%| O|  |TAMS 0x0000000088500000, 0x0000000088500000| Untracked 
| 134|0x0000000088600000, 0x0000000088700000, 0x0000000088700000|100%| O|  |TAMS 0x0000000088600000, 0x0000000088600000| Untracked 
| 135|0x0000000088700000, 0x0000000088800000, 0x0000000088800000|100%| O|  |TAMS 0x0000000088700000, 0x0000000088700000| Untracked 
| 136|0x0000000088800000, 0x0000000088900000, 0x0000000088900000|100%| O|  |TAMS 0x0000000088800000, 0x0000000088800000| Untracked 
| 137|0x0000000088900000, 0x0000000088a00000, 0x0000000088a00000|100%| O|  |TAMS 0x0000000088900000, 0x0000000088900000| Untracked 
| 138|0x0000000088a00000, 0x0000000088b00000, 0x0000000088b00000|100%| O|  |TAMS 0x0000000088a00000, 0x0000000088a00000| Untracked 
| 139|0x0000000088b00000, 0x0000000088c00000, 0x0000000088c00000|100%| O|  |TAMS 0x0000000088b00000, 0x0000000088b00000| Untracked 
| 140|0x0000000088c00000, 0x0000000088d00000, 0x0000000088d00000|100%| O|  |TAMS 0x0000000088c00000, 0x0000000088c00000| Untracked 
| 141|0x0000000088d00000, 0x0000000088e00000, 0x0000000088e00000|100%| O|  |TAMS 0x0000000088d00000, 0x0000000088d00000| Untracked 
| 142|0x0000000088e00000, 0x0000000088f00000, 0x0000000088f00000|100%| O|  |TAMS 0x0000000088e00000, 0x0000000088e00000| Untracked 
| 143|0x0000000088f00000, 0x0000000089000000, 0x0000000089000000|100%| O|  |TAMS 0x0000000088f00000, 0x0000000088f00000| Untracked 
| 144|0x0000000089000000, 0x0000000089100000, 0x0000000089100000|100%| O|  |TAMS 0x0000000089000000, 0x0000000089000000| Untracked 
| 145|0x0000000089100000, 0x0000000089200000, 0x0000000089200000|100%| O|  |TAMS 0x0000000089100000, 0x0000000089100000| Untracked 
| 146|0x0000000089200000, 0x0000000089300000, 0x0000000089300000|100%| O|  |TAMS 0x0000000089200000, 0x0000000089200000| Untracked 
| 147|0x0000000089300000, 0x0000000089400000, 0x0000000089400000|100%| O|  |TAMS 0x0000000089300000, 0x0000000089300000| Untracked 
| 148|0x0000000089400000, 0x0000000089500000, 0x0000000089500000|100%| O|  |TAMS 0x0000000089400000, 0x0000000089400000| Untracked 
| 149|0x0000000089500000, 0x0000000089600000, 0x0000000089600000|100%| O|  |TAMS 0x0000000089500000, 0x0000000089500000| Untracked 
| 150|0x0000000089600000, 0x0000000089700000, 0x0000000089700000|100%| O|  |TAMS 0x0000000089600000, 0x0000000089600000| Untracked 
| 151|0x0000000089700000, 0x000000008972b400, 0x0000000089800000| 16%| O|  |TAMS 0x0000000089700000, 0x0000000089700000| Untracked 
| 152|0x0000000089800000, 0x0000000089800000, 0x0000000089900000|  0%| F|  |TAMS 0x0000000089800000, 0x0000000089800000| Untracked 
| 153|0x0000000089900000, 0x0000000089900000, 0x0000000089a00000|  0%| F|  |TAMS 0x0000000089900000, 0x0000000089900000| Untracked 
| 154|0x0000000089a00000, 0x0000000089a00000, 0x0000000089b00000|  0%| F|  |TAMS 0x0000000089a00000, 0x0000000089a00000| Untracked 
| 155|0x0000000089b00000, 0x0000000089b00000, 0x0000000089c00000|  0%| F|  |TAMS 0x0000000089b00000, 0x0000000089b00000| Untracked 
| 156|0x0000000089c00000, 0x0000000089c00000, 0x0000000089d00000|  0%| F|  |TAMS 0x0000000089c00000, 0x0000000089c00000| Untracked 
| 157|0x0000000089d00000, 0x0000000089d00000, 0x0000000089e00000|  0%| F|  |TAMS 0x0000000089d00000, 0x0000000089d00000| Untracked 
| 158|0x0000000089e00000, 0x0000000089e00000, 0x0000000089f00000|  0%| F|  |TAMS 0x0000000089e00000, 0x0000000089e00000| Untracked 
| 159|0x0000000089f00000, 0x0000000089f00000, 0x000000008a000000|  0%| F|  |TAMS 0x0000000089f00000, 0x0000000089f00000| Untracked 
| 160|0x000000008a000000, 0x000000008a000000, 0x000000008a100000|  0%| F|  |TAMS 0x000000008a000000, 0x000000008a000000| Untracked 
| 161|0x000000008a100000, 0x000000008a100000, 0x000000008a200000|  0%| F|  |TAMS 0x000000008a100000, 0x000000008a100000| Untracked 
| 162|0x000000008a200000, 0x000000008a200000, 0x000000008a300000|  0%| F|  |TAMS 0x000000008a200000, 0x000000008a200000| Untracked 
| 163|0x000000008a300000, 0x000000008a300000, 0x000000008a400000|  0%| F|  |TAMS 0x000000008a300000, 0x000000008a300000| Untracked 
| 164|0x000000008a400000, 0x000000008a400000, 0x000000008a500000|  0%| F|  |TAMS 0x000000008a400000, 0x000000008a400000| Untracked 
| 165|0x000000008a500000, 0x000000008a500000, 0x000000008a600000|  0%| F|  |TAMS 0x000000008a500000, 0x000000008a500000| Untracked 
| 166|0x000000008a600000, 0x000000008a600000, 0x000000008a700000|  0%| F|  |TAMS 0x000000008a600000, 0x000000008a600000| Untracked 
| 167|0x000000008a700000, 0x000000008a700000, 0x000000008a800000|  0%| F|  |TAMS 0x000000008a700000, 0x000000008a700000| Untracked 
| 168|0x000000008a800000, 0x000000008a800000, 0x000000008a900000|  0%| F|  |TAMS 0x000000008a800000, 0x000000008a800000| Untracked 
| 169|0x000000008a900000, 0x000000008a900000, 0x000000008aa00000|  0%| F|  |TAMS 0x000000008a900000, 0x000000008a900000| Untracked 
| 170|0x000000008aa00000, 0x000000008aa00000, 0x000000008ab00000|  0%| F|  |TAMS 0x000000008aa00000, 0x000000008aa00000| Untracked 
| 171|0x000000008ab00000, 0x000000008ab00000, 0x000000008ac00000|  0%| F|  |TAMS 0x000000008ab00000, 0x000000008ab00000| Untracked 
| 172|0x000000008ac00000, 0x000000008ac00000, 0x000000008ad00000|  0%| F|  |TAMS 0x000000008ac00000, 0x000000008ac00000| Untracked 
| 173|0x000000008ad00000, 0x000000008ad00000, 0x000000008ae00000|  0%| F|  |TAMS 0x000000008ad00000, 0x000000008ad00000| Untracked 
| 174|0x000000008ae00000, 0x000000008ae00000, 0x000000008af00000|  0%| F|  |TAMS 0x000000008ae00000, 0x000000008ae00000| Untracked 
| 175|0x000000008af00000, 0x000000008af00000, 0x000000008b000000|  0%| F|  |TAMS 0x000000008af00000, 0x000000008af00000| Untracked 
| 176|0x000000008b000000, 0x000000008b000000, 0x000000008b100000|  0%| F|  |TAMS 0x000000008b000000, 0x000000008b000000| Untracked 
| 177|0x000000008b100000, 0x000000008b100000, 0x000000008b200000|  0%| F|  |TAMS 0x000000008b100000, 0x000000008b100000| Untracked 
| 178|0x000000008b200000, 0x000000008b300000, 0x000000008b300000|100%| S|CS|TAMS 0x000000008b200000, 0x000000008b200000| Complete 
| 179|0x000000008b300000, 0x000000008b400000, 0x000000008b400000|100%| S|CS|TAMS 0x000000008b300000, 0x000000008b300000| Complete 
| 180|0x000000008b400000, 0x000000008b400000, 0x000000008b500000|  0%| F|  |TAMS 0x000000008b400000, 0x000000008b400000| Untracked 
| 181|0x000000008b500000, 0x000000008b500000, 0x000000008b600000|  0%| F|  |TAMS 0x000000008b500000, 0x000000008b500000| Untracked 
| 182|0x000000008b600000, 0x000000008b600000, 0x000000008b700000|  0%| F|  |TAMS 0x000000008b600000, 0x000000008b600000| Untracked 
| 183|0x000000008b700000, 0x000000008b700000, 0x000000008b800000|  0%| F|  |TAMS 0x000000008b700000, 0x000000008b700000| Untracked 
| 184|0x000000008b800000, 0x000000008b800000, 0x000000008b900000|  0%| F|  |TAMS 0x000000008b800000, 0x000000008b800000| Untracked 
| 185|0x000000008b900000, 0x000000008b900000, 0x000000008ba00000|  0%| F|  |TAMS 0x000000008b900000, 0x000000008b900000| Untracked 
| 186|0x000000008ba00000, 0x000000008ba00000, 0x000000008bb00000|  0%| F|  |TAMS 0x000000008ba00000, 0x000000008ba00000| Untracked 
| 187|0x000000008bb00000, 0x000000008bb00000, 0x000000008bc00000|  0%| F|  |TAMS 0x000000008bb00000, 0x000000008bb00000| Untracked 
| 188|0x000000008bc00000, 0x000000008bc00000, 0x000000008bd00000|  0%| F|  |TAMS 0x000000008bc00000, 0x000000008bc00000| Untracked 
| 189|0x000000008bd00000, 0x000000008bd00000, 0x000000008be00000|  0%| F|  |TAMS 0x000000008bd00000, 0x000000008bd00000| Untracked 
| 190|0x000000008be00000, 0x000000008be00000, 0x000000008bf00000|  0%| F|  |TAMS 0x000000008be00000, 0x000000008be00000| Untracked 
| 191|0x000000008bf00000, 0x000000008bf00000, 0x000000008c000000|  0%| F|  |TAMS 0x000000008bf00000, 0x000000008bf00000| Untracked 
| 192|0x000000008c000000, 0x000000008c000000, 0x000000008c100000|  0%| F|  |TAMS 0x000000008c000000, 0x000000008c000000| Untracked 
| 193|0x000000008c100000, 0x000000008c100000, 0x000000008c200000|  0%| F|  |TAMS 0x000000008c100000, 0x000000008c100000| Untracked 
| 194|0x000000008c200000, 0x000000008c200000, 0x000000008c300000|  0%| F|  |TAMS 0x000000008c200000, 0x000000008c200000| Untracked 

Card table byte_map: [0x000001cd99750000,0x000001cd99b50000] _byte_map_base: 0x000001cd99350000

Marking Bits (Prev, Next): (CMBitMap*) 0x000001cd84a8dae8, (CMBitMap*) 0x000001cd84a8db20
 Prev Bits: [0x000001cd99f50000, 0x000001cd9bf50000)
 Next Bits: [0x000001cd9bf50000, 0x000001cd9df50000)

Polling page: 0x000001cd89d00000

Metaspace:

Usage:
  Non-class:    100.08 MB capacity,    98.07 MB ( 98%) used,     1.60 MB (  2%) free+waste,   418.38 KB ( <1%) overhead. 
      Class:     15.70 MB capacity,    14.35 MB ( 91%) used,     1.16 MB (  7%) free+waste,   196.94 KB (  1%) overhead. 
       Both:    115.78 MB capacity,   112.42 MB ( 97%) used,     2.76 MB (  2%) free+waste,   615.31 KB ( <1%) overhead. 

Virtual space:
  Non-class space:      102.00 MB reserved,     100.25 MB ( 98%) committed 
      Class space:        1.00 GB reserved,      15.75 MB (  2%) committed 
             Both:        1.10 GB reserved,     116.00 MB ( 10%) committed 

Chunk freelists:
   Non-Class:  48.00 KB
       Class:  18.00 KB
        Both:  66.00 KB

MaxMetaspaceSize: 17179869184.00 GB
CompressedClassSpaceSize: 1.00 GB

CodeHeap 'non-profiled nmethods': size=120064Kb used=10342Kb max_used=10342Kb free=109721Kb
 bounds [0x000001cd917e0000, 0x000001cd92200000, 0x000001cd98d20000]
CodeHeap 'profiled nmethods': size=120000Kb used=40378Kb max_used=40378Kb free=79621Kb
 bounds [0x000001cd8a2b0000, 0x000001cd8ca20000, 0x000001cd917e0000]
CodeHeap 'non-nmethods': size=5696Kb used=2327Kb max_used=2370Kb free=3368Kb
 bounds [0x000001cd89d20000, 0x000001cd89f90000, 0x000001cd8a2b0000]
 total_blobs=18611 nmethods=17669 adapters=851
 compilation: enabled
              stopped_count=0, restarted_count=0
 full_count=0

Compilation events (20 events):
Event: 90.542 Thread 0x000001cda05c6800 nmethod 17854 0x000001cd8ca1ab90 code [0x000001cd8ca1ad40, 0x000001cd8ca1af18]
Event: 90.542 Thread 0x000001cda05c6800 17855       2       com.android.tools.r8.graph.X0::j0 (20 bytes)
Event: 90.542 Thread 0x000001cda05c6800 nmethod 17855 0x000001cd8ca1b090 code [0x000001cd8ca1b240, 0x000001cd8ca1b378]
Event: 90.543 Thread 0x000001cda05c6800 17856       1       com.android.tools.r8.internal.RD0::o (2 bytes)
Event: 90.543 Thread 0x000001cda05c6800 nmethod 17856 0x000001cd921f9510 code [0x000001cd921f96c0, 0x000001cd921f9778]
Event: 90.546 Thread 0x000001cda05c6800 17857       2       com.android.tools.r8.internal.eD0::a (19 bytes)
Event: 90.547 Thread 0x000001cda05c6800 nmethod 17857 0x000001cd8ca1b490 code [0x000001cd8ca1b700, 0x000001cd8ca1c178]
Event: 90.547 Thread 0x000001cda05c6800 17862       2       com.android.tools.r8.graph.p0::a (119 bytes)
Event: 90.549 Thread 0x000001cda05c6800 nmethod 17862 0x000001cd8ca1c610 code [0x000001cd8ca1c8a0, 0x000001cd8ca1d1a8]
Event: 90.549 Thread 0x000001cda05c6800 17860       2       com.android.tools.r8.internal.TR0::a (97 bytes)
Event: 90.550 Thread 0x000001cda05c6800 nmethod 17860 0x000001cd8ca1d710 code [0x000001cd8ca1d940, 0x000001cd8ca1dd38]
Event: 90.550 Thread 0x000001cda05c6800 17861       2       com.android.tools.r8.internal.QF0::<init> (12 bytes)
Event: 90.550 Thread 0x000001cda05c6800 nmethod 17861 0x000001cd8ca1df90 code [0x000001cd8ca1e140, 0x000001cd8ca1e2a8]
Event: 90.550 Thread 0x000001cda05c6800 17858       2       com.android.tools.r8.internal.eD0::a (16 bytes)
Event: 90.551 Thread 0x000001cda05c6800 nmethod 17858 0x000001cd8ca1e390 code [0x000001cd8ca1e540, 0x000001cd8ca1e668]
Event: 90.551 Thread 0x000001cda05c6800 17859       2       com.android.tools.r8.internal.TR0::a (8 bytes)
Event: 90.551 Thread 0x000001cda05c6800 nmethod 17859 0x000001cd8ca1e790 code [0x000001cd8ca1e940, 0x000001cd8ca1ea48]
Event: 90.551 Thread 0x000001cda05c6800 17863       1       com.android.tools.r8.internal.Uz0::r (2 bytes)
Event: 90.551 Thread 0x000001cda05c6800 nmethod 17863 0x000001cd921f9810 code [0x000001cd921f99c0, 0x000001cd921f9a78]
Event: 90.551 Thread 0x000001cda05c6800 17864 %     3       com.android.tools.r8.internal.pe1::a @ 1241 (1305 bytes)

GC Heap History (20 events):
Event: 86.802 GC heap after
{Heap after GC invocations=98 (full 0):
 garbage-first heap   total 199680K, used 117603K [0x0000000080000000, 0x0000000100000000)
  region size 1024K, 7 young (7168K), 7 survivors (7168K)
 Metaspace       used 109643K, capacity 112743K, committed 112896K, reserved 1146880K
  class space    used 14095K, capacity 15304K, committed 15360K, reserved 1048576K
}
Event: 87.916 GC heap before
{Heap before GC invocations=98 (full 0):
 garbage-first heap   total 199680K, used 158563K [0x0000000080000000, 0x0000000100000000)
  region size 1024K, 48 young (49152K), 7 survivors (7168K)
 Metaspace       used 113205K, capacity 116581K, committed 116736K, reserved 1150976K
  class space    used 14553K, capacity 15867K, committed 15872K, reserved 1048576K
}
Event: 87.935 GC heap after
{Heap after GC invocations=99 (full 0):
 garbage-first heap   total 199680K, used 121203K [0x0000000080000000, 0x0000000100000000)
  region size 1024K, 4 young (4096K), 4 survivors (4096K)
 Metaspace       used 113205K, capacity 116581K, committed 116736K, reserved 1150976K
  class space    used 14553K, capacity 15867K, committed 15872K, reserved 1048576K
}
Event: 88.586 GC heap before
{Heap before GC invocations=99 (full 0):
 garbage-first heap   total 199680K, used 162163K [0x0000000080000000, 0x0000000100000000)
  region size 1024K, 45 young (46080K), 4 survivors (4096K)
 Metaspace       used 113987K, capacity 117442K, committed 117632K, reserved 1150976K
  class space    used 14611K, capacity 15996K, committed 16000K, reserved 1048576K
}
Event: 88.602 GC heap after
{Heap after GC invocations=100 (full 0):
 garbage-first heap   total 199680K, used 125659K [0x0000000080000000, 0x0000000100000000)
  region size 1024K, 5 young (5120K), 5 survivors (5120K)
 Metaspace       used 113987K, capacity 117442K, committed 117632K, reserved 1150976K
  class space    used 14611K, capacity 15996K, committed 16000K, reserved 1048576K
}
Event: 89.083 GC heap before
{Heap before GC invocations=100 (full 0):
 garbage-first heap   total 199680K, used 164571K [0x0000000080000000, 0x0000000100000000)
  region size 1024K, 43 young (44032K), 5 survivors (5120K)
 Metaspace       used 114497K, capacity 117959K, committed 118272K, reserved 1150976K
  class space    used 14659K, capacity 16034K, committed 16128K, reserved 1048576K
}
Event: 89.094 GC heap after
{Heap after GC invocations=101 (full 0):
 garbage-first heap   total 199680K, used 126725K [0x0000000080000000, 0x0000000100000000)
  region size 1024K, 2 young (2048K), 2 survivors (2048K)
 Metaspace       used 114497K, capacity 117959K, committed 118272K, reserved 1150976K
  class space    used 14659K, capacity 16034K, committed 16128K, reserved 1048576K
}
Event: 89.529 GC heap before
{Heap before GC invocations=101 (full 0):
 garbage-first heap   total 199680K, used 164613K [0x0000000080000000, 0x0000000100000000)
  region size 1024K, 40 young (40960K), 2 survivors (2048K)
 Metaspace       used 114864K, capacity 118304K, committed 118528K, reserved 1150976K
  class space    used 14673K, capacity 16045K, committed 16128K, reserved 1048576K
}
Event: 89.537 GC heap after
{Heap after GC invocations=102 (full 0):
 garbage-first heap   total 199680K, used 128835K [0x0000000080000000, 0x0000000100000000)
  region size 1024K, 4 young (4096K), 4 survivors (4096K)
 Metaspace       used 114864K, capacity 118304K, committed 118528K, reserved 1150976K
  class space    used 14673K, capacity 16045K, committed 16128K, reserved 1048576K
}
Event: 89.856 GC heap before
{Heap before GC invocations=102 (full 0):
 garbage-first heap   total 199680K, used 170819K [0x0000000080000000, 0x0000000100000000)
  region size 1024K, 42 young (43008K), 4 survivors (4096K)
 Metaspace       used 114915K, capacity 118376K, committed 118528K, reserved 1150976K
  class space    used 14673K, capacity 16045K, committed 16128K, reserved 1048576K
}
Event: 89.877 GC heap after
{Heap after GC invocations=103 (full 0):
 garbage-first heap   total 199680K, used 134832K [0x0000000080000000, 0x0000000100000000)
  region size 1024K, 6 young (6144K), 6 survivors (6144K)
 Metaspace       used 114915K, capacity 118376K, committed 118528K, reserved 1150976K
  class space    used 14673K, capacity 16045K, committed 16128K, reserved 1048576K
}
Event: 90.066 GC heap before
{Heap before GC invocations=103 (full 0):
 garbage-first heap   total 199680K, used 166576K [0x0000000080000000, 0x0000000100000000)
  region size 1024K, 37 young (37888K), 6 survivors (6144K)
 Metaspace       used 114947K, capacity 118378K, committed 118528K, reserved 1150976K
  class space    used 14674K, capacity 16045K, committed 16128K, reserved 1048576K
}
Event: 90.083 GC heap after
{Heap after GC invocations=104 (full 0):
 garbage-first heap   total 199680K, used 140779K [0x0000000080000000, 0x0000000100000000)
  region size 1024K, 5 young (5120K), 5 survivors (5120K)
 Metaspace       used 114947K, capacity 118378K, committed 118528K, reserved 1150976K
  class space    used 14674K, capacity 16045K, committed 16128K, reserved 1048576K
}
Event: 90.287 GC heap before
{Heap before GC invocations=104 (full 0):
 garbage-first heap   total 199680K, used 166379K [0x0000000080000000, 0x0000000100000000)
  region size 1024K, 31 young (31744K), 5 survivors (5120K)
 Metaspace       used 115004K, capacity 118451K, committed 118784K, reserved 1153024K
  class space    used 14675K, capacity 16045K, committed 16128K, reserved 1048576K
}
Event: 90.303 GC heap after
{Heap after GC invocations=105 (full 0):
 garbage-first heap   total 199680K, used 147456K [0x0000000080000000, 0x0000000100000000)
  region size 1024K, 4 young (4096K), 4 survivors (4096K)
 Metaspace       used 115004K, capacity 118451K, committed 118784K, reserved 1153024K
  class space    used 14675K, capacity 16045K, committed 16128K, reserved 1048576K
}
Event: 90.374 GC heap before
{Heap before GC invocations=105 (full 0):
 garbage-first heap   total 199680K, used 167936K [0x0000000080000000, 0x0000000100000000)
  region size 1024K, 24 young (24576K), 4 survivors (4096K)
 Metaspace       used 115027K, capacity 118458K, committed 118784K, reserved 1153024K
  class space    used 14677K, capacity 16046K, committed 16128K, reserved 1048576K
}
Event: 90.389 GC heap after
{Heap after GC invocations=106 (full 0):
 garbage-first heap   total 199680K, used 151544K [0x0000000080000000, 0x0000000100000000)
  region size 1024K, 3 young (3072K), 3 survivors (3072K)
 Metaspace       used 115027K, capacity 118458K, committed 118784K, reserved 1153024K
  class space    used 14677K, capacity 16046K, committed 16128K, reserved 1048576K
}
Event: 90.473 GC heap before
{Heap before GC invocations=106 (full 0):
 garbage-first heap   total 199680K, used 168952K [0x0000000080000000, 0x0000000100000000)
  region size 1024K, 20 young (20480K), 3 survivors (3072K)
 Metaspace       used 115103K, capacity 118556K, committed 118784K, reserved 1153024K
  class space    used 14695K, capacity 16078K, committed 16128K, reserved 1048576K
}
Event: 90.484 GC heap after
{Heap after GC invocations=107 (full 0):
 garbage-first heap   total 199680K, used 154843K [0x0000000080000000, 0x0000000100000000)
  region size 1024K, 3 young (3072K), 3 survivors (3072K)
 Metaspace       used 115103K, capacity 118556K, committed 118784K, reserved 1153024K
  class space    used 14695K, capacity 16078K, committed 16128K, reserved 1048576K
}
Event: 90.560 GC heap before
{Heap before GC invocations=107 (full 0):
 garbage-first heap   total 199680K, used 170203K [0x0000000080000000, 0x0000000100000000)
  region size 1024K, 18 young (18432K), 3 survivors (3072K)
 Metaspace       used 115120K, capacity 118558K, committed 118784K, reserved 1153024K
  class space    used 14695K, capacity 16078K, committed 16128K, reserved 1048576K
}

Deoptimization events (20 events):
Event: 90.518 Thread 0x000001cda36ea000 Uncommon trap: trap_request=0xffffffde fr.pc=0x000001cd92163970 relative=0x00000000000000b0
Event: 90.518 Thread 0x000001cda36ea000 Uncommon trap: reason=class_check action=maybe_recompile pc=0x000001cd92163970 method=com.android.tools.r8.internal.Ns1.a(Lcom/android/tools/r8/internal/Cr1;)Lcom/android/tools/r8/internal/Ns1; @ 34 c2
Event: 90.518 Thread 0x000001cda36ea000 DEOPT PACKING pc=0x000001cd92163970 sp=0x000000c3afaf9030
Event: 90.518 Thread 0x000001cda36ea000 DEOPT UNPACKING pc=0x000001cd89d465af sp=0x000000c3afaf8f68 mode 2
Event: 90.518 Thread 0x000001cda36ea000 Uncommon trap: trap_request=0xffffffde fr.pc=0x000001cd92163970 relative=0x00000000000000b0
Event: 90.518 Thread 0x000001cda36ea000 Uncommon trap: reason=class_check action=maybe_recompile pc=0x000001cd92163970 method=com.android.tools.r8.internal.Ns1.a(Lcom/android/tools/r8/internal/Cr1;)Lcom/android/tools/r8/internal/Ns1; @ 34 c2
Event: 90.518 Thread 0x000001cda36ea000 DEOPT PACKING pc=0x000001cd92163970 sp=0x000000c3afaf8d50
Event: 90.518 Thread 0x000001cda36ea000 DEOPT UNPACKING pc=0x000001cd89d465af sp=0x000000c3afaf8c88 mode 2
Event: 90.518 Thread 0x000001cda36ea000 Uncommon trap: trap_request=0xffffffde fr.pc=0x000001cd92163970 relative=0x00000000000000b0
Event: 90.518 Thread 0x000001cda36ea000 Uncommon trap: reason=class_check action=maybe_recompile pc=0x000001cd92163970 method=com.android.tools.r8.internal.Ns1.a(Lcom/android/tools/r8/internal/Cr1;)Lcom/android/tools/r8/internal/Ns1; @ 34 c2
Event: 90.518 Thread 0x000001cda36ea000 DEOPT PACKING pc=0x000001cd92163970 sp=0x000000c3afaf8d60
Event: 90.518 Thread 0x000001cda36ea000 DEOPT UNPACKING pc=0x000001cd89d465af sp=0x000000c3afaf8c98 mode 2
Event: 90.518 Thread 0x000001cda36ea000 Uncommon trap: trap_request=0xffffffde fr.pc=0x000001cd92163970 relative=0x00000000000000b0
Event: 90.518 Thread 0x000001cda36ea000 Uncommon trap: reason=class_check action=maybe_recompile pc=0x000001cd92163970 method=com.android.tools.r8.internal.Ns1.a(Lcom/android/tools/r8/internal/Cr1;)Lcom/android/tools/r8/internal/Ns1; @ 34 c2
Event: 90.518 Thread 0x000001cda36ea000 DEOPT PACKING pc=0x000001cd92163970 sp=0x000000c3afaf9030
Event: 90.518 Thread 0x000001cda36ea000 DEOPT UNPACKING pc=0x000001cd89d465af sp=0x000000c3afaf8f68 mode 2
Event: 90.541 Thread 0x000001cda36ea000 Uncommon trap: trap_request=0xffffff4d fr.pc=0x000001cd921a89bc relative=0x000000000000009c
Event: 90.541 Thread 0x000001cda36ea000 Uncommon trap: reason=unstable_if action=reinterpret pc=0x000001cd921a89bc method=com.android.tools.r8.graph.X0.i0()Z @ 11 c2
Event: 90.541 Thread 0x000001cda36ea000 DEOPT PACKING pc=0x000001cd921a89bc sp=0x000000c3afaf9400
Event: 90.541 Thread 0x000001cda36ea000 DEOPT UNPACKING pc=0x000001cd89d465af sp=0x000000c3afaf9320 mode 2

Classes redefined (0 events):
No events

Internal exceptions (20 events):
Event: 88.002 Thread 0x000001cda4b5f800 Exception <a 'java/lang/NoSuchMethodError'{0x000000008c040f88}: 'void java.lang.invoke.DirectMethodHandle$Holder.invokeVirtual(java.lang.Object, java.lang.Object, int)'> (0x000000008c040f88) thrown at [./src/hotspot/share/interpreter/linkResolver.cpp, line 773]
Event: 88.149 Thread 0x000001cda1f1f000 Implicit null exception at 0x000001cd91aed4eb to 0x000001cd91aed50c
Event: 88.260 Thread 0x000001cda4b5f800 Exception <a 'sun/nio/fs/WindowsException'{0x000000008bc257b0}> (0x000000008bc257b0) thrown at [./src/hotspot/share/prims/jni.cpp, line 615]
Event: 88.262 Thread 0x000001cda4b61000 Exception <a 'sun/nio/fs/WindowsException'{0x000000008bdf05b8}> (0x000000008bdf05b8) thrown at [./src/hotspot/share/prims/jni.cpp, line 615]
Event: 88.439 Thread 0x000001cda4b5f800 Exception <a 'sun/nio/fs/WindowsException'{0x000000008a87a210}> (0x000000008a87a210) thrown at [./src/hotspot/share/prims/jni.cpp, line 615]
Event: 89.265 Thread 0x000001cda36ea000 Exception <a 'sun/nio/fs/WindowsException'{0x000000008bafa6e8}> (0x000000008bafa6e8) thrown at [./src/hotspot/share/prims/jni.cpp, line 615]
Event: 89.316 Thread 0x000001cda1f1f000 Exception <a 'sun/nio/fs/WindowsException'{0x000000008b468758}> (0x000000008b468758) thrown at [./src/hotspot/share/prims/jni.cpp, line 615]
Event: 89.369 Thread 0x000001cda36ea000 Exception <a 'sun/nio/fs/WindowsException'{0x000000008af2d558}> (0x000000008af2d558) thrown at [./src/hotspot/share/prims/jni.cpp, line 615]
Event: 89.491 Thread 0x000001cda36ea000 Exception <a 'sun/nio/fs/WindowsException'{0x0000000089ff3de0}> (0x0000000089ff3de0) thrown at [./src/hotspot/share/prims/jni.cpp, line 615]
Event: 89.494 Thread 0x000001cda36ea000 Implicit null exception at 0x000001cd9210b5a0 to 0x000001cd9210bd14
Event: 89.545 Thread 0x000001cda4b5f800 Exception <a 'sun/nio/fs/WindowsException'{0x000000008c257770}> (0x000000008c257770) thrown at [./src/hotspot/share/prims/jni.cpp, line 615]
Event: 89.575 Thread 0x000001cda1f1f000 Exception <a 'sun/nio/fs/WindowsException'{0x000000008bec0bd0}> (0x000000008bec0bd0) thrown at [./src/hotspot/share/prims/jni.cpp, line 615]
Event: 89.617 Thread 0x000001cda1f1f000 Exception <a 'sun/nio/fs/WindowsException'{0x000000008b8d9160}> (0x000000008b8d9160) thrown at [./src/hotspot/share/prims/jni.cpp, line 615]
Event: 89.768 Thread 0x000001cda4b5f800 Exception <a 'sun/nio/fs/WindowsException'{0x000000008ab59e68}> (0x000000008ab59e68) thrown at [./src/hotspot/share/prims/jni.cpp, line 615]
Event: 89.796 Thread 0x000001cda1f1f000 Exception <a 'sun/nio/fs/WindowsException'{0x000000008ae8b210}> (0x000000008ae8b210) thrown at [./src/hotspot/share/prims/jni.cpp, line 615]
Event: 89.932 Thread 0x000001cda1f1f000 Exception <a 'sun/nio/fs/WindowsException'{0x000000008bec21c0}> (0x000000008bec21c0) thrown at [./src/hotspot/share/prims/jni.cpp, line 615]
Event: 89.938 Thread 0x000001cda36ea000 Exception <a 'sun/nio/fs/WindowsException'{0x000000008bcad7d8}> (0x000000008bcad7d8) thrown at [./src/hotspot/share/prims/jni.cpp, line 615]
Event: 89.982 Thread 0x000001cda4b5f800 Exception <a 'sun/nio/fs/WindowsException'{0x000000008b5a6a78}> (0x000000008b5a6a78) thrown at [./src/hotspot/share/prims/jni.cpp, line 615]
Event: 90.210 Thread 0x000001cda1f1f000 Exception <a 'sun/nio/fs/WindowsException'{0x000000008b911578}> (0x000000008b911578) thrown at [./src/hotspot/share/prims/jni.cpp, line 615]
Event: 90.274 Thread 0x000001cda4b5f800 Exception <a 'sun/nio/fs/WindowsException'{0x000000008aca5270}> (0x000000008aca5270) thrown at [./src/hotspot/share/prims/jni.cpp, line 615]

Events (20 events):
Event: 90.414 loading class com/android/tools/r8/code/s0 done
Event: 90.415 loading class com/android/tools/r8/code/u0
Event: 90.415 loading class com/android/tools/r8/code/u0 done
Event: 90.415 loading class com/android/tools/r8/code/A0
Event: 90.415 loading class com/android/tools/r8/code/A0 done
Event: 90.416 loading class com/android/tools/r8/code/z0
Event: 90.416 loading class com/android/tools/r8/code/z0 done
Event: 90.417 loading class com/android/tools/r8/code/B0
Event: 90.417 loading class com/android/tools/r8/code/B0 done
Event: 90.418 loading class com/android/tools/r8/code/d2
Event: 90.418 loading class com/android/tools/r8/code/d2 done
Event: 90.418 loading class com/android/tools/r8/code/b2
Event: 90.418 loading class com/android/tools/r8/code/b2 done
Event: 90.419 loading class com/android/tools/r8/code/c2
Event: 90.419 loading class com/android/tools/r8/code/c2 done
Event: 90.422 loading class com/android/tools/r8/internal/Ga1
Event: 90.422 loading class com/android/tools/r8/internal/Ga1 done
Event: 90.472 Executing VM operation: G1CollectForAllocation
Event: 90.484 Executing VM operation: G1CollectForAllocation done
Event: 90.560 Executing VM operation: G1CollectForAllocation


Dynamic libraries:
0x00007ff7c9870000 - 0x00007ff7c987a000 	C:\Program Files\Android\Android Studio\jre\bin\java.exe
0x00007ffd8e0f0000 - 0x00007ffd8e2e5000 	C:\WINDOWS\SYSTEM32\ntdll.dll
0x00007ffd8c690000 - 0x00007ffd8c74e000 	C:\WINDOWS\System32\KERNEL32.DLL
0x00007ffd8b910000 - 0x00007ffd8bbd8000 	C:\WINDOWS\System32\KERNELBASE.dll
0x00007ffd8b810000 - 0x00007ffd8b910000 	C:\WINDOWS\System32\ucrtbase.dll
0x00007ffd87290000 - 0x00007ffd872a7000 	C:\Program Files\Android\Android Studio\jre\bin\VCRUNTIME140.dll
0x00007ffd872b0000 - 0x00007ffd872c9000 	C:\Program Files\Android\Android Studio\jre\bin\jli.dll
0x00007ffd8d2d0000 - 0x00007ffd8d470000 	C:\WINDOWS\System32\USER32.dll
0x00007ffd8bf50000 - 0x00007ffd8bf72000 	C:\WINDOWS\System32\win32u.dll
0x00007ffd84050000 - 0x00007ffd842ea000 	C:\WINDOWS\WinSxS\amd64_microsoft.windows.common-controls_6595b64144ccf1df_6.0.19041.1110_none_60b5254171f9507e\COMCTL32.dll
0x00007ffd8cfc0000 - 0x00007ffd8cfea000 	C:\WINDOWS\System32\GDI32.dll
0x00007ffd8bff0000 - 0x00007ffd8c0fb000 	C:\WINDOWS\System32\gdi32full.dll
0x00007ffd8c150000 - 0x00007ffd8c1ee000 	C:\WINDOWS\System32\msvcrt.dll
0x00007ffd8bdf0000 - 0x00007ffd8be8d000 	C:\WINDOWS\System32\msvcp_win.dll
0x00007ffd8c1f0000 - 0x00007ffd8c220000 	C:\WINDOWS\System32\IMM32.DLL
0x00007ffd6e740000 - 0x00007ffd6e7dd000 	C:\Program Files\Android\Android Studio\jre\bin\msvcp140.dll
0x00007ffd654e0000 - 0x00007ffd65fb5000 	C:\Program Files\Android\Android Studio\jre\bin\server\jvm.dll
0x00007ffd8d070000 - 0x00007ffd8d11e000 	C:\WINDOWS\System32\ADVAPI32.dll
0x00007ffd8cd60000 - 0x00007ffd8cdfc000 	C:\WINDOWS\System32\sechost.dll
0x00007ffd8d470000 - 0x00007ffd8d595000 	C:\WINDOWS\System32\RPCRT4.dll
0x00007ffd8c750000 - 0x00007ffd8c758000 	C:\WINDOWS\System32\PSAPI.DLL
0x00007ffd87580000 - 0x00007ffd87589000 	C:\WINDOWS\SYSTEM32\WSOCK32.dll
0x00007ffd85bb0000 - 0x00007ffd85bd7000 	C:\WINDOWS\SYSTEM32\WINMM.dll
0x00007ffd8cf50000 - 0x00007ffd8cfbb000 	C:\WINDOWS\System32\WS2_32.dll
0x00007ffd86090000 - 0x00007ffd8609a000 	C:\WINDOWS\SYSTEM32\VERSION.dll
0x00007ffd89670000 - 0x00007ffd89682000 	C:\WINDOWS\SYSTEM32\kernel.appcore.dll
0x00007ffd86610000 - 0x00007ffd86621000 	C:\Program Files\Android\Android Studio\jre\bin\verify.dll
0x00007ffd7d930000 - 0x00007ffd7db14000 	C:\WINDOWS\SYSTEM32\DBGHELP.DLL
0x00007ffd7d840000 - 0x00007ffd7d86c000 	C:\WINDOWS\SYSTEM32\dbgcore.DLL
0x00007ffd8bec0000 - 0x00007ffd8bf42000 	C:\WINDOWS\System32\bcryptPrimitives.dll
0x00007ffd7c460000 - 0x00007ffd7c489000 	C:\Program Files\Android\Android Studio\jre\bin\java.dll
0x00007ffd87350000 - 0x00007ffd8735b000 	C:\Program Files\Android\Android Studio\jre\bin\jimage.dll
0x00007ffd84f40000 - 0x00007ffd84f58000 	C:\Program Files\Android\Android Studio\jre\bin\zip.dll
0x00007ffd8d5a0000 - 0x00007ffd8dce4000 	C:\WINDOWS\System32\SHELL32.dll
0x00007ffd89950000 - 0x00007ffd8a0e4000 	C:\WINDOWS\SYSTEM32\windows.storage.dll
0x00007ffd8c760000 - 0x00007ffd8cab4000 	C:\WINDOWS\System32\combase.dll
0x00007ffd8b1b0000 - 0x00007ffd8b1dc000 	C:\WINDOWS\SYSTEM32\Wldp.dll
0x00007ffd8cbe0000 - 0x00007ffd8cc8d000 	C:\WINDOWS\System32\SHCORE.dll
0x00007ffd8cef0000 - 0x00007ffd8cf45000 	C:\WINDOWS\System32\shlwapi.dll
0x00007ffd8b750000 - 0x00007ffd8b76f000 	C:\WINDOWS\SYSTEM32\profapi.dll
0x00007ffd82b70000 - 0x00007ffd82b8a000 	C:\Program Files\Android\Android Studio\jre\bin\net.dll
0x00007ffd83890000 - 0x00007ffd8399a000 	C:\WINDOWS\SYSTEM32\WINHTTP.dll
0x00007ffd8af10000 - 0x00007ffd8af7a000 	C:\WINDOWS\system32\mswsock.dll
0x00007ffd7c440000 - 0x00007ffd7c454000 	C:\Program Files\Android\Android Studio\jre\bin\nio.dll
0x00007ffd743e0000 - 0x00007ffd74407000 	C:\Users\giorgi\.gradle\native\e1d6ef7f7dcc3fd88c89a11ec53ec762bb8ba0a96d01ffa2cd45eb1d1d8dd5c5\windows-amd64\native-platform.dll
0x00007ffd67d00000 - 0x00007ffd67e44000 	C:\Users\giorgi\.gradle\native\5664cfc778a61ccfe75a443a1ab52a65af34e5dc3c78e0209fed803814484fcb\windows-amd64\native-platform-file-events.dll
0x00007ffd86600000 - 0x00007ffd8660a000 	C:\Program Files\Android\Android Studio\jre\bin\management.dll
0x00007ffd83fb0000 - 0x00007ffd83fbd000 	C:\Program Files\Android\Android Studio\jre\bin\management_ext.dll
0x00007ffd8b100000 - 0x00007ffd8b118000 	C:\WINDOWS\SYSTEM32\CRYPTSP.dll
0x00007ffd8a890000 - 0x00007ffd8a8c4000 	C:\WINDOWS\system32\rsaenh.dll
0x00007ffd8be90000 - 0x00007ffd8beb7000 	C:\WINDOWS\System32\bcrypt.dll
0x00007ffd8b710000 - 0x00007ffd8b73e000 	C:\WINDOWS\SYSTEM32\USERENV.dll
0x00007ffd8b120000 - 0x00007ffd8b12c000 	C:\WINDOWS\SYSTEM32\CRYPTBASE.dll
0x00007ffd8ac00000 - 0x00007ffd8ac3b000 	C:\WINDOWS\SYSTEM32\IPHLPAPI.DLL
0x00007ffd8d060000 - 0x00007ffd8d068000 	C:\WINDOWS\System32\NSI.dll
0x00007ffd85140000 - 0x00007ffd85157000 	C:\WINDOWS\SYSTEM32\dhcpcsvc6.DLL
0x00007ffd84f60000 - 0x00007ffd84f7d000 	C:\WINDOWS\SYSTEM32\dhcpcsvc.DLL
0x00007ffd8ac40000 - 0x00007ffd8ad0b000 	C:\WINDOWS\SYSTEM32\DNSAPI.dll
0x00007ffd8a520000 - 0x00007ffd8a553000 	C:\WINDOWS\SYSTEM32\ntmarta.dll

dbghelp: loaded successfully - version: 4.0.5 - missing functions: none
symbol engine: initialized successfully - sym options: 0x614 - pdb path: .;C:\Program Files\Android\Android Studio\jre\bin;C:\WINDOWS\SYSTEM32;C:\WINDOWS\WinSxS\amd64_microsoft.windows.common-controls_6595b64144ccf1df_6.0.19041.1110_none_60b5254171f9507e;C:\Program Files\Android\Android Studio\jre\bin\server;C:\Users\giorgi\.gradle\native\e1d6ef7f7dcc3fd88c89a11ec53ec762bb8ba0a96d01ffa2cd45eb1d1d8dd5c5\windows-amd64;C:\Users\giorgi\.gradle\native\5664cfc778a61ccfe75a443a1ab52a65af34e5dc3c78e0209fed803814484fcb\windows-amd64

VM Arguments:
jvm_args: --add-opens=java.base/java.util=ALL-UNNAMED --add-opens=java.base/java.lang=ALL-UNNAMED --add-opens=java.base/java.lang.invoke=ALL-UNNAMED --add-opens=java.base/java.util=ALL-UNNAMED --add-opens=java.prefs/java.util.prefs=ALL-UNNAMED --add-opens=java.prefs/java.util.prefs=ALL-UNNAMED --add-opens=java.base/java.nio.charset=ALL-UNNAMED --add-opens=java.base/java.net=ALL-UNNAMED --add-opens=java.base/java.util.concurrent.atomic=ALL-UNNAMED -Xmx2048m -Dfile.encoding=UTF-8 -Duser.country=US -Duser.language=en -Duser.variant 
java_command: org.gradle.launcher.daemon.bootstrap.GradleDaemon 7.2
java_class_path (initial): C:\Users\giorgi\.gradle\wrapper\dists\gradle-7.2-bin\2dnblmf4td7x66yl1d74lt32g\gradle-7.2\lib\gradle-launcher-7.2.jar
Launcher Type: SUN_STANDARD

[Global flags]
     intx CICompilerCount                          = 3                                         {product} {ergonomic}
     uint ConcGCThreads                            = 1                                         {product} {ergonomic}
     uint G1ConcRefinementThreads                  = 4                                         {product} {ergonomic}
   size_t G1HeapRegionSize                         = 1048576                                   {product} {ergonomic}
    uintx GCDrainStackTargetSize                   = 64                                        {product} {ergonomic}
   size_t InitialHeapSize                          = 67108864                                  {product} {ergonomic}
   size_t MarkStackSize                            = 4194304                                   {product} {ergonomic}
   size_t MaxHeapSize                              = 2147483648                                {product} {command line}
   size_t MaxNewSize                               = 1287651328                                {product} {ergonomic}
   size_t MinHeapDeltaBytes                        = 1048576                                   {product} {ergonomic}
    uintx NonNMethodCodeHeapSize                   = 5830732                                {pd product} {ergonomic}
    uintx NonProfiledCodeHeapSize                  = 122913754                              {pd product} {ergonomic}
    uintx ProfiledCodeHeapSize                     = 122913754                              {pd product} {ergonomic}
    uintx ReservedCodeCacheSize                    = 251658240                              {pd product} {ergonomic}
     bool SegmentedCodeCache                       = true                                      {product} {ergonomic}
     bool UseCompressedClassPointers               = true                                 {lp64_product} {ergonomic}
     bool UseCompressedOops                        = true                                 {lp64_product} {ergonomic}
     bool UseG1GC                                  = true                                      {product} {ergonomic}
     bool UseLargePagesIndividualAllocation        = false                                  {pd product} {ergonomic}

Logging:
Log output configuration:
 #0: stdout all=warning uptime,level,tags
 #1: stderr all=off uptime,level,tags

Environment Variables:
PATH=C:\Program Files (x86)\VMware\VMware Workstation\bin\;C:\WINDOWS\system32;C:\WINDOWS;C:\WINDOWS\System32\Wbem;C:\WINDOWS\System32\WindowsPowerShell\v1.0\;C:\WINDOWS\System32\OpenSSH\;C:\Program Files\Git\cmd;C:\Program Files\Go\bin;C:\Users\giorgi\AppData\Local\Microsoft\WindowsApps;C:\Users\giorgi\AppData\Local\Programs\Microsoft VS Code\bin;C:\Flutter\flutter\bin;C:\Users\giorgi\go\bin
USERNAME=giorgi
OS=Windows_NT
PROCESSOR_IDENTIFIER=Intel64 Family 6 Model 42 Stepping 7, GenuineIntel



---------------  S Y S T E M  ---------------

OS: Windows 10 , 64 bit Build 19041 (10.0.19041.1645)
OS uptime: 0 days 1:03 hours

CPU:total 4 (initial active 4) (2 cores per cpu, 2 threads per core) family 6 model 42 stepping 7 microcode 0x2f, cmov, cx8, fxsr, mmx, sse, sse2, sse3, ssse3, sse4.1, sse4.2, popcnt, avx, clmul, ht, tsc, tscinvbit

Memory: 4k page, system-wide physical 4078M (237M free)
TotalPageFile size 4078M (AvailPageFile size 5M)
current process WorkingSet (physical memory assigned to process): 332M, peak: 413M
current process commit charge ("private bytes"): 549M, peak: 593M

vm_info: OpenJDK 64-Bit Server VM (11.0.11+9-b60-7590822) for windows-amd64 JRE (11.0.11+9-b60-7590822), built on Jul 29 2021 21:43:44 by "builder" with MS VC++ 14.0 (VS2015)

END.
