#
# There is insufficient memory for the Java Runtime Environment to continue.
# Native memory allocation (mmap) failed to map 68157440 bytes for Failed to commit area from 0x000000008a600000 to 0x000000008e700000 of length 68157440.
# Possible reasons:
#   The system is out of physical RAM or swap space
#   The process is running with CompressedOops enabled, and the Java Heap may be blocking the growth of the native heap
# Possible solutions:
#   Reduce memory load on the system
#   Increase physical memory or swap space
#   Check if swap backing store is full
#   Decrease Java heap size (-Xmx/-Xms)
#   Decrease number of Java threads
#   Decrease Java thread stack sizes (-Xss)
#   Set larger code cache with -XX:ReservedCodeCacheSize=
#   JVM is running with Unscaled Compressed Oops mode in which the Java heap is
#     placed in the first 4GB address space. The Java Heap base address is the
#     maximum limit for the native heap growth. Please use -XX:HeapBaseMinAddress
#     to set the Java Heap base and to place the Java Heap above 4GB virtual address.
# This output file may be truncated or incomplete.
#
#  Out of Memory Error (./src/hotspot/os/windows/os_windows.cpp:3301), pid=2604, tid=5756
#
# JRE version: OpenJDK Runtime Environment (11.0.11+9) (build 11.0.11+9-b60-7590822)
# Java VM: OpenJDK 64-Bit Server VM (11.0.11+9-b60-7590822, mixed mode, tiered, compressed oops, g1 gc, windows-amd64)
# No core dump will be written. Minidumps are not enabled by default on client versions of Windows
#

---------------  S U M M A R Y ------------

Command Line: --add-opens=java.base/java.util=ALL-UNNAMED --add-opens=java.base/java.lang=ALL-UNNAMED --add-opens=java.base/java.lang.invoke=ALL-UNNAMED --add-opens=java.base/java.util=ALL-UNNAMED --add-opens=java.prefs/java.util.prefs=ALL-UNNAMED --add-opens=java.prefs/java.util.prefs=ALL-UNNAMED --add-opens=java.base/java.nio.charset=ALL-UNNAMED --add-opens=java.base/java.net=ALL-UNNAMED --add-opens=java.base/java.util.concurrent.atomic=ALL-UNNAMED -Xmx2048m -Dfile.encoding=UTF-8 -Duser.country=US -Duser.language=en -Duser.variant org.gradle.launcher.daemon.bootstrap.GradleDaemon 7.2

Host: Intel(R) Core(TM) i3-2120 CPU @ 3.30GHz, 4 cores, 3G,  Windows 10 , 64 bit Build 19041 (10.0.19041.1645)
Time: Wed Apr 27 01:50:18 2022 Georgian Standard Time elapsed time: 111.776486 seconds (0d 0h 1m 51s)

---------------  T H R E A D  ---------------

Current thread (0x000001b32ef27800):  VMThread "VM Thread" [stack: 0x000000a0da900000,0x000000a0daa00000] [id=5756]

Stack: [0x000000a0da900000,0x000000a0daa00000]
[error occurred during error reporting (printing stack bounds), id 0xc0000005, EXCEPTION_ACCESS_VIOLATION (0xc0000005) at pc=0x000001b3186f0f2d]

Native frames: (J=compiled Java code, j=interpreted, Vv=VM code, C=native code)
V  [jvm.dll+0x5f214a]
V  [jvm.dll+0x726fb5]
V  [jvm.dll+0x7285cd]
V  [jvm.dll+0x728be5]
V  [jvm.dll+0x728b9b]
V  [jvm.dll+0x5f14e8]
V  [jvm.dll+0x5f1c78]
C  [ntdll.dll+0xa20cf]
C  [ntdll.dll+0x51454]
C  [ntdll.dll+0xa0bfe]
C  0x000001b3186f0f2d

VM_Operation (0x000000a0dc2fd900): G1CollectForAllocation, mode: safepoint, requested by thread 0x000001b3323aa800


---------------  P R O C E S S  ---------------

Threads class SMR info:
_java_thread_list=0x000001b3379f7260, length=87, elements={
0x000001b313413000, 0x000001b32ef2d800, 0x000001b32ef37000, 0x000001b32ef88800,
0x000001b32ef8a000, 0x000001b32ef8c000, 0x000001b32ef91000, 0x000001b32ef96800,
0x000001b32ef98000, 0x000001b32fa1a000, 0x000001b3313dc000, 0x000001b3312f2000,
0x000001b3319e7000, 0x000001b331dca000, 0x000001b33139a800, 0x000001b3323aa800,
0x000001b3323a9800, 0x000001b3323ab800, 0x000001b3323a8000, 0x000001b3323ad000,
0x000001b3323a9000, 0x000001b3323a7000, 0x000001b33287e000, 0x000001b332879000,
0x000001b33287f000, 0x000001b33287a000, 0x000001b330a0c000, 0x000001b330a00800,
0x000001b330a01000, 0x000001b330a05800, 0x000001b330a07800, 0x000001b330a06000,
0x000001b330a07000, 0x000001b330a04800, 0x000001b330a03800, 0x000001b330a02000,
0x000001b330a08800, 0x000001b330a03000, 0x000001b330a0a000, 0x000001b330a09800,
0x000001b330a0d800, 0x000001b330a0e800, 0x000001b330a0f000, 0x000001b330a0b000,
0x000001b332878800, 0x000001b33287b800, 0x000001b33287b000, 0x000001b332881800,
0x000001b332882000, 0x000001b33287c800, 0x000001b332883000, 0x000001b33287d000,
0x000001b332886000, 0x000001b332887000, 0x000001b332884000, 0x000001b332884800,
0x000001b332885800, 0x000001b3323ac000, 0x000001b3323a6800, 0x000001b337430800,
0x000001b33742f000, 0x000001b33742e800, 0x000001b337433000, 0x000001b337431800,
0x000001b337435800, 0x000001b337432800, 0x000001b337434000, 0x000001b337435000,
0x000001b337430000, 0x000001b337437000, 0x000001b33743c000, 0x000001b33743b800,
0x000001b337436800, 0x000001b33743d000, 0x000001b337438000, 0x000001b337439000,
0x000001b337439800, 0x000001b33743a800, 0x000001b3332b1000, 0x000001b3332ae800,
0x000001b3332ae000, 0x000001b3332b0000, 0x000001b3332af800, 0x000001b3332b2000,
0x000001b3332b2800, 0x000001b3332b6000, 0x000001b3332b7800
}

Java Threads: ( => current thread )
  0x000001b313413000 JavaThread "main" [_thread_blocked, id=1280, stack(0x000000a0da300000,0x000000a0da400000)]
  0x000001b32ef2d800 JavaThread "Reference Handler" daemon [_thread_blocked, id=4172, stack(0x000000a0daa00000,0x000000a0dab00000)]
  0x000001b32ef37000 JavaThread "Finalizer" daemon [_thread_blocked, id=3248, stack(0x000000a0dab00000,0x000000a0dac00000)]
  0x000001b32ef88800 JavaThread "Signal Dispatcher" daemon [_thread_blocked, id=2960, stack(0x000000a0dac00000,0x000000a0dad00000)]
  0x000001b32ef8a000 JavaThread "Attach Listener" daemon [_thread_blocked, id=4312, stack(0x000000a0dad00000,0x000000a0dae00000)]
  0x000001b32ef8c000 JavaThread "Service Thread" daemon [_thread_blocked, id=800, stack(0x000000a0dae00000,0x000000a0daf00000)]
  0x000001b32ef91000 JavaThread "C2 CompilerThread0" daemon [_thread_blocked, id=2404, stack(0x000000a0daf00000,0x000000a0db000000)]
  0x000001b32ef96800 JavaThread "C1 CompilerThread0" daemon [_thread_blocked, id=3736, stack(0x000000a0db000000,0x000000a0db100000)]
  0x000001b32ef98000 JavaThread "Sweeper thread" daemon [_thread_blocked, id=4284, stack(0x000000a0db100000,0x000000a0db200000)]
  0x000001b32fa1a000 JavaThread "Common-Cleaner" daemon [_thread_blocked, id=4116, stack(0x000000a0db200000,0x000000a0db300000)]
  0x000001b3313dc000 JavaThread "Daemon health stats" [_thread_blocked, id=3412, stack(0x000000a0db600000,0x000000a0db700000)]
  0x000001b3312f2000 JavaThread "Incoming local TCP Connector on port 49933" [_thread_in_native, id=6712, stack(0x000000a0db700000,0x000000a0db800000)]
  0x000001b3319e7000 JavaThread "Daemon periodic checks" [_thread_blocked, id=3332, stack(0x000000a0db800000,0x000000a0db900000)]
  0x000001b331dca000 JavaThread "Daemon" [_thread_blocked, id=4200, stack(0x000000a0db900000,0x000000a0dba00000)]
  0x000001b33139a800 JavaThread "Daemon worker" [_thread_blocked, id=5644, stack(0x000000a0dbc00000,0x000000a0dbd00000)]
  0x000001b3323aa800 JavaThread "Cache worker for journal cache (C:\Users\giorgi\.gradle\caches\journal-1)" [_thread_blocked, id=6544, stack(0x000000a0dc200000,0x000000a0dc300000)]
  0x000001b3323a9800 JavaThread "File lock request listener" [_thread_in_native, id=1432, stack(0x000000a0dc300000,0x000000a0dc400000)]
  0x000001b3323ab800 JavaThread "Cache worker for file hash cache (C:\Users\giorgi\.gradle\caches\7.2\fileHashes)" [_thread_blocked, id=6964, stack(0x000000a0dc400000,0x000000a0dc500000)]
  0x000001b3323a8000 JavaThread "File watcher server" daemon [_thread_blocked, id=6268, stack(0x000000a0dc600000,0x000000a0dc700000)]
  0x000001b3323ad000 JavaThread "File watcher consumer" daemon [_thread_blocked, id=4600, stack(0x000000a0dc700000,0x000000a0dc800000)]
  0x000001b3323a9000 JavaThread "jar transforms" [_thread_blocked, id=2560, stack(0x000000a0dc800000,0x000000a0dc900000)]
  0x000001b3323a7000 JavaThread "jar transforms Thread 2" [_thread_blocked, id=5492, stack(0x000000a0dc900000,0x000000a0dca00000)]
  0x000001b33287e000 JavaThread "jar transforms Thread 3" [_thread_blocked, id=4868, stack(0x000000a0dca00000,0x000000a0dcb00000)]
  0x000001b332879000 JavaThread "jar transforms Thread 4" [_thread_blocked, id=1624, stack(0x000000a0dcb00000,0x000000a0dcc00000)]
  0x000001b33287f000 JavaThread "Cache worker for execution history cache (C:\Users\giorgi\.gradle\caches\7.2\executionHistory)" [_thread_blocked, id=4880, stack(0x000000a0dcf00000,0x000000a0dd000000)]
  0x000001b33287a000 JavaThread "Cache worker for file content cache (C:\Users\giorgi\.gradle\caches\7.2\fileContent)" [_thread_blocked, id=6136, stack(0x000000a0dd000000,0x000000a0dd100000)]
  0x000001b330a0c000 JavaThread "Memory manager" [_thread_blocked, id=4444, stack(0x000000a0dfa00000,0x000000a0dfb00000)]
  0x000001b330a00800 JavaThread "Handler for socket connection from /127.0.0.1:49933 to /127.0.0.1:49939" [_thread_in_native, id=4372, stack(0x000000a0da000000,0x000000a0da100000)]
  0x000001b330a01000 JavaThread "Cancel handler" [_thread_blocked, id=4000, stack(0x000000a0da100000,0x000000a0da200000)]
  0x000001b330a05800 JavaThread "Asynchronous log dispatcher for DefaultDaemonConnection: socket connection from /127.0.0.1:49933 to /127.0.0.1:49939" [_thread_blocked, id=6840, stack(0x000000a0da200000,0x000000a0da300000)]
  0x000001b330a07800 JavaThread "Stdin handler" [_thread_blocked, id=6160, stack(0x000000a0db400000,0x000000a0db500000)]
  0x000001b330a06000 JavaThread "Daemon client event forwarder" [_thread_blocked, id=2268, stack(0x000000a0dba00000,0x000000a0dbb00000)]
  0x000001b330a07000 JavaThread "Cache worker for file hash cache (C:\Users\giorgi\StudioProjects\altaapp\.gradle\7.2\fileHashes)" [_thread_blocked, id=3748, stack(0x000000a0dbb00000,0x000000a0dbc00000)]
  0x000001b330a04800 JavaThread "Cache worker for checksums cache (C:\Users\giorgi\StudioProjects\altaapp\.gradle\checksums)" [_thread_blocked, id=7156, stack(0x000000a0dbd00000,0x000000a0dbe00000)]
  0x000001b330a03800 JavaThread "Cache worker for cache directory md-supplier (C:\Users\giorgi\.gradle\caches\7.2\md-supplier)" [_thread_blocked, id=1956, stack(0x000000a0dbe00000,0x000000a0dbf00000)]
  0x000001b330a02000 JavaThread "Cache worker for cache directory md-rule (C:\Users\giorgi\.gradle\caches\7.2\md-rule)" [_thread_blocked, id=5276, stack(0x000000a0dbf00000,0x000000a0dc000000)]
  0x000001b330a08800 JavaThread "Cache worker for dependencies-accessors (C:\Users\giorgi\StudioProjects\altaapp\.gradle\7.2\dependencies-accessors)" [_thread_blocked, id=6752, stack(0x000000a0dc500000,0x000000a0dc600000)]
  0x000001b330a03000 JavaThread "Cache worker for Build Output Cleanup Cache (C:\Users\giorgi\StudioProjects\altaapp\.gradle\buildOutputCleanup)" [_thread_blocked, id=6024, stack(0x000000a0dcc00000,0x000000a0dcd00000)]
  0x000001b330a0a000 JavaThread "Unconstrained build operations" [_thread_blocked, id=6832, stack(0x000000a0dcd00000,0x000000a0dce00000)]
  0x000001b330a09800 JavaThread "Unconstrained build operations Thread 2" [_thread_blocked, id=1648, stack(0x000000a0dce00000,0x000000a0dcf00000)]
  0x000001b330a0d800 JavaThread "Unconstrained build operations Thread 3" [_thread_blocked, id=6788, stack(0x000000a0dd100000,0x000000a0dd200000)]
  0x000001b330a0e800 JavaThread "Unconstrained build operations Thread 4" [_thread_blocked, id=6868, stack(0x000000a0dd200000,0x000000a0dd300000)]
  0x000001b330a0f000 JavaThread "Unconstrained build operations Thread 5" [_thread_blocked, id=1044, stack(0x000000a0dd300000,0x000000a0dd400000)]
  0x000001b330a0b000 JavaThread "Unconstrained build operations Thread 6" [_thread_blocked, id=72, stack(0x000000a0dd400000,0x000000a0dd500000)]
  0x000001b332878800 JavaThread "Unconstrained build operations Thread 7" [_thread_blocked, id=1376, stack(0x000000a0dd500000,0x000000a0dd600000)]
  0x000001b33287b800 JavaThread "Unconstrained build operations Thread 8" [_thread_blocked, id=4140, stack(0x000000a0dd600000,0x000000a0dd700000)]
  0x000001b33287b000 JavaThread "Unconstrained build operations Thread 9" [_thread_blocked, id=1424, stack(0x000000a0dd700000,0x000000a0dd800000)]
  0x000001b332881800 JavaThread "Unconstrained build operations Thread 10" [_thread_blocked, id=5268, stack(0x000000a0dd800000,0x000000a0dd900000)]
  0x000001b332882000 JavaThread "Unconstrained build operations Thread 11" [_thread_blocked, id=952, stack(0x000000a0dd900000,0x000000a0dda00000)]
  0x000001b33287c800 JavaThread "Unconstrained build operations Thread 12" [_thread_blocked, id=4848, stack(0x000000a0dda00000,0x000000a0ddb00000)]
  0x000001b332883000 JavaThread "Unconstrained build operations Thread 13" [_thread_blocked, id=4364, stack(0x000000a0ddb00000,0x000000a0ddc00000)]
  0x000001b33287d000 JavaThread "Unconstrained build operations Thread 14" [_thread_blocked, id=6568, stack(0x000000a0ddc00000,0x000000a0ddd00000)]
  0x000001b332886000 JavaThread "Unconstrained build operations Thread 15" [_thread_blocked, id=5392, stack(0x000000a0ddd00000,0x000000a0dde00000)]
  0x000001b332887000 JavaThread "Unconstrained build operations Thread 16" [_thread_blocked, id=1048, stack(0x000000a0dde00000,0x000000a0ddf00000)]
  0x000001b332884000 JavaThread "Unconstrained build operations Thread 17" [_thread_blocked, id=5316, stack(0x000000a0ddf00000,0x000000a0de000000)]
  0x000001b332884800 JavaThread "Unconstrained build operations Thread 18" [_thread_blocked, id=4768, stack(0x000000a0de000000,0x000000a0de100000)]
  0x000001b332885800 JavaThread "Unconstrained build operations Thread 19" [_thread_blocked, id=1348, stack(0x000000a0de100000,0x000000a0de200000)]
  0x000001b3323ac000 JavaThread "Unconstrained build operations Thread 20" [_thread_blocked, id=5884, stack(0x000000a0de200000,0x000000a0de300000)]
  0x000001b3323a6800 JavaThread "Unconstrained build operations Thread 21" [_thread_blocked, id=7072, stack(0x000000a0de300000,0x000000a0de400000)]
  0x000001b337430800 JavaThread "Unconstrained build operations Thread 22" [_thread_blocked, id=508, stack(0x000000a0de400000,0x000000a0de500000)]
  0x000001b33742f000 JavaThread "Unconstrained build operations Thread 23" [_thread_blocked, id=2640, stack(0x000000a0de500000,0x000000a0de600000)]
  0x000001b33742e800 JavaThread "Unconstrained build operations Thread 24" [_thread_blocked, id=2956, stack(0x000000a0de600000,0x000000a0de700000)]
  0x000001b337433000 JavaThread "Unconstrained build operations Thread 25" [_thread_blocked, id=6776, stack(0x000000a0de700000,0x000000a0de800000)]
  0x000001b337431800 JavaThread "Unconstrained build operations Thread 26" [_thread_blocked, id=1316, stack(0x000000a0de800000,0x000000a0de900000)]
  0x000001b337435800 JavaThread "Unconstrained build operations Thread 27" [_thread_blocked, id=416, stack(0x000000a0de900000,0x000000a0dea00000)]
  0x000001b337432800 JavaThread "Unconstrained build operations Thread 28" [_thread_blocked, id=1144, stack(0x000000a0dea00000,0x000000a0deb00000)]
  0x000001b337434000 JavaThread "Unconstrained build operations Thread 29" [_thread_blocked, id=384, stack(0x000000a0deb00000,0x000000a0dec00000)]
  0x000001b337435000 JavaThread "Unconstrained build operations Thread 30" [_thread_blocked, id=4264, stack(0x000000a0dec00000,0x000000a0ded00000)]
  0x000001b337430000 JavaThread "Unconstrained build operations Thread 31" [_thread_blocked, id=3028, stack(0x000000a0ded00000,0x000000a0dee00000)]
  0x000001b337437000 JavaThread "Unconstrained build operations Thread 32" [_thread_blocked, id=5472, stack(0x000000a0dee00000,0x000000a0def00000)]
  0x000001b33743c000 JavaThread "Unconstrained build operations Thread 33" [_thread_blocked, id=4820, stack(0x000000a0def00000,0x000000a0df000000)]
  0x000001b33743b800 JavaThread "Unconstrained build operations Thread 34" [_thread_blocked, id=4112, stack(0x000000a0df000000,0x000000a0df100000)]
  0x000001b337436800 JavaThread "Unconstrained build operations Thread 35" [_thread_blocked, id=6592, stack(0x000000a0df100000,0x000000a0df200000)]
  0x000001b33743d000 JavaThread "Unconstrained build operations Thread 36" [_thread_blocked, id=2872, stack(0x000000a0df200000,0x000000a0df300000)]
  0x000001b337438000 JavaThread "Unconstrained build operations Thread 37" [_thread_blocked, id=3216, stack(0x000000a0df300000,0x000000a0df400000)]
  0x000001b337439000 JavaThread "Unconstrained build operations Thread 38" [_thread_blocked, id=3792, stack(0x000000a0df400000,0x000000a0df500000)]
  0x000001b337439800 JavaThread "Unconstrained build operations Thread 39" [_thread_blocked, id=3784, stack(0x000000a0df500000,0x000000a0df600000)]
  0x000001b33743a800 JavaThread "Unconstrained build operations Thread 40" [_thread_blocked, id=4072, stack(0x000000a0df600000,0x000000a0df700000)]
  0x000001b3332b1000 JavaThread "build event listener" [_thread_blocked, id=6068, stack(0x000000a0df700000,0x000000a0df800000)]
  0x000001b3332ae800 JavaThread "Execution worker for ':'" [_thread_blocked, id=6252, stack(0x000000a0df800000,0x000000a0df900000)]
  0x000001b3332ae000 JavaThread "Execution worker for ':' Thread 2" [_thread_blocked, id=1896, stack(0x000000a0df900000,0x000000a0dfa00000)]
  0x000001b3332b0000 JavaThread "Execution worker for ':' Thread 3" [_thread_blocked, id=2844, stack(0x000000a0dfd00000,0x000000a0dfe00000)]
  0x000001b3332af800 JavaThread "Cache worker for execution history cache (C:\Users\giorgi\StudioProjects\altaapp\.gradle\7.2\executionHistory)" [_thread_blocked, id=1980, stack(0x000000a0dfe00000,0x000000a0dff00000)]
  0x000001b3332b2000 JavaThread "WorkerExecutor Queue" [_thread_blocked, id=4356, stack(0x000000a0dff00000,0x000000a0e0000000)]
  0x000001b3332b2800 JavaThread "WorkerExecutor Queue Thread 2" [_thread_blocked, id=388, stack(0x000000a0e0000000,0x000000a0e0100000)]
  0x000001b3332b6000 JavaThread "WorkerExecutor Queue Thread 4" [_thread_blocked, id=5432, stack(0x000000a0e0200000,0x000000a0e0300000)]
  0x000001b3332b7800 JavaThread "WorkerExecutor Queue Thread 5" [_thread_blocked, id=4400, stack(0x000000a0e0300000,0x000000a0e0400000)]

Other Threads:
=>0x000001b32ef27800 VMThread "VM Thread" [stack: 0x000000a0da900000,0x000000a0daa00000] [id=5756]
  0x000001b32fa2a800 WatcherThread [stack: 0x000000a0db300000,0x000000a0db400000] [id=3396]
  0x000001b3133bd000 GCTaskThread "GC Thread#0" [stack: 0x000000a0da400000,0x000000a0da500000] [id=2096]
  0x000001b330552000 GCTaskThread "GC Thread#1" [stack: 0x000000a0db500000,0x000000a0db600000] [id=3368]
  0x000001b331a8a800 GCTaskThread "GC Thread#2" [stack: 0x000000a0dc000000,0x000000a0dc100000] [id=5840]
  0x000001b3322c6000 GCTaskThread "GC Thread#3" [stack: 0x000000a0dc100000,0x000000a0dc200000] [id=1320]
  0x000001b313457000 ConcurrentGCThread "G1 Main Marker" [stack: 0x000000a0da500000,0x000000a0da600000] [id=4888]
  0x000001b313458000 ConcurrentGCThread "G1 Conc#0" [stack: 0x000000a0da600000,0x000000a0da700000] [id=3912]
  0x000001b3134b3000 ConcurrentGCThread "G1 Refine#0" [stack: 0x000000a0da700000,0x000000a0da800000] [id=3160]
  0x000001b3134b4800 ConcurrentGCThread "G1 Young RemSet Sampling" [stack: 0x000000a0da800000,0x000000a0da900000] [id=6736]

Threads with active compile tasks:

VM state:at safepoint (normal execution)

VM Mutex/Monitor currently owned by a thread:  ([mutex/lock_event])
[0x000001b31340f210] Threads_lock - owner thread: 0x000001b32ef27800
[0x000001b31340f9f0] Heap_lock - owner thread: 0x000001b3323aa800

Heap address: 0x0000000080000000, size: 2048 MB, Compressed Oops mode: 32-bit
Narrow klass base: 0x0000000000000000, Narrow klass shift: 3
Compressed class space size: 1073741824 Address: 0x0000000100000000

Heap:
 garbage-first heap   total 236544K, used 164213K [0x0000000080000000, 0x0000000100000000)
  region size 1024K, 1 young (1024K), 1 survivors (1024K)
 Metaspace       used 116882K, capacity 120315K, committed 120468K, reserved 1153024K
  class space    used 14927K, capacity 16142K, committed 16204K, reserved 1048576K
Heap Regions: E=young(eden), S=young(survivor), O=old, HS=humongous(starts), HC=humongous(continues), CS=collection set, F=free, A=archive, TAMS=top-at-mark-start (previous, next)
|   0|0x0000000080000000, 0x0000000080100000, 0x0000000080100000|100%| O|  |TAMS 0x0000000080100000, 0x0000000080100000| Untracked 
|   1|0x0000000080100000, 0x0000000080200000, 0x0000000080200000|100%| O|  |TAMS 0x0000000080200000, 0x0000000080200000| Untracked 
|   2|0x0000000080200000, 0x0000000080300000, 0x0000000080300000|100%| O|  |TAMS 0x0000000080300000, 0x0000000080300000| Untracked 
|   3|0x0000000080300000, 0x0000000080400000, 0x0000000080400000|100%|HS|  |TAMS 0x0000000080400000, 0x0000000080400000| Complete 
|   4|0x0000000080400000, 0x0000000080500000, 0x0000000080500000|100%|HC|  |TAMS 0x0000000080500000, 0x0000000080500000| Complete 
|   5|0x0000000080500000, 0x0000000080600000, 0x0000000080600000|100%|HC|  |TAMS 0x0000000080600000, 0x0000000080600000| Complete 
|   6|0x0000000080600000, 0x0000000080700000, 0x0000000080700000|100%| O|  |TAMS 0x0000000080700000, 0x0000000080700000| Untracked 
|   7|0x0000000080700000, 0x0000000080800000, 0x0000000080800000|100%| O|  |TAMS 0x0000000080800000, 0x0000000080800000| Untracked 
|   8|0x0000000080800000, 0x0000000080900000, 0x0000000080900000|100%| O|  |TAMS 0x0000000080900000, 0x0000000080900000| Untracked 
|   9|0x0000000080900000, 0x0000000080a00000, 0x0000000080a00000|100%| O|  |TAMS 0x0000000080a00000, 0x0000000080a00000| Untracked 
|  10|0x0000000080a00000, 0x0000000080b00000, 0x0000000080b00000|100%| O|  |TAMS 0x0000000080b00000, 0x0000000080b00000| Untracked 
|  11|0x0000000080b00000, 0x0000000080c00000, 0x0000000080c00000|100%| O|  |TAMS 0x0000000080c00000, 0x0000000080c00000| Untracked 
|  12|0x0000000080c00000, 0x0000000080d00000, 0x0000000080d00000|100%| O|  |TAMS 0x0000000080d00000, 0x0000000080d00000| Untracked 
|  13|0x0000000080d00000, 0x0000000080e00000, 0x0000000080e00000|100%| O|  |TAMS 0x0000000080e00000, 0x0000000080e00000| Untracked 
|  14|0x0000000080e00000, 0x0000000080f00000, 0x0000000080f00000|100%| O|  |TAMS 0x0000000080f00000, 0x0000000080f00000| Untracked 
|  15|0x0000000080f00000, 0x0000000081000000, 0x0000000081000000|100%| O|  |TAMS 0x0000000081000000, 0x0000000081000000| Untracked 
|  16|0x0000000081000000, 0x0000000081100000, 0x0000000081100000|100%| O|  |TAMS 0x0000000081100000, 0x0000000081100000| Untracked 
|  17|0x0000000081100000, 0x0000000081200000, 0x0000000081200000|100%|HS|  |TAMS 0x0000000081200000, 0x0000000081200000| Complete 
|  18|0x0000000081200000, 0x0000000081300000, 0x0000000081300000|100%|HC|  |TAMS 0x0000000081300000, 0x0000000081300000| Complete 
|  19|0x0000000081300000, 0x0000000081400000, 0x0000000081400000|100%|HS|  |TAMS 0x0000000081400000, 0x0000000081400000| Complete 
|  20|0x0000000081400000, 0x0000000081500000, 0x0000000081500000|100%|HC|  |TAMS 0x0000000081500000, 0x0000000081500000| Complete 
|  21|0x0000000081500000, 0x0000000081600000, 0x0000000081600000|100%|HC|  |TAMS 0x0000000081600000, 0x0000000081600000| Complete 
|  22|0x0000000081600000, 0x0000000081700000, 0x0000000081700000|100%|HS|  |TAMS 0x0000000081700000, 0x0000000081700000| Complete 
|  23|0x0000000081700000, 0x0000000081800000, 0x0000000081800000|100%|HC|  |TAMS 0x0000000081800000, 0x0000000081800000| Complete 
|  24|0x0000000081800000, 0x0000000081900000, 0x0000000081900000|100%|HC|  |TAMS 0x0000000081900000, 0x0000000081900000| Complete 
|  25|0x0000000081900000, 0x0000000081a00000, 0x0000000081a00000|100%|HC|  |TAMS 0x0000000081a00000, 0x0000000081a00000| Complete 
|  26|0x0000000081a00000, 0x0000000081b00000, 0x0000000081b00000|100%| O|  |TAMS 0x0000000081b00000, 0x0000000081b00000| Untracked 
|  27|0x0000000081b00000, 0x0000000081c00000, 0x0000000081c00000|100%| O|  |TAMS 0x0000000081c00000, 0x0000000081c00000| Untracked 
|  28|0x0000000081c00000, 0x0000000081d00000, 0x0000000081d00000|100%| O|  |TAMS 0x0000000081d00000, 0x0000000081d00000| Untracked 
|  29|0x0000000081d00000, 0x0000000081e00000, 0x0000000081e00000|100%| O|  |TAMS 0x0000000081e00000, 0x0000000081e00000| Untracked 
|  30|0x0000000081e00000, 0x0000000081f00000, 0x0000000081f00000|100%| O|  |TAMS 0x0000000081f00000, 0x0000000081f00000| Untracked 
|  31|0x0000000081f00000, 0x0000000082000000, 0x0000000082000000|100%| O|  |TAMS 0x0000000082000000, 0x0000000082000000| Untracked 
|  32|0x0000000082000000, 0x0000000082100000, 0x0000000082100000|100%|HS|  |TAMS 0x0000000082100000, 0x0000000082100000| Complete 
|  33|0x0000000082100000, 0x0000000082200000, 0x0000000082200000|100%|HC|  |TAMS 0x0000000082200000, 0x0000000082200000| Complete 
|  34|0x0000000082200000, 0x0000000082300000, 0x0000000082300000|100%|HC|  |TAMS 0x0000000082300000, 0x0000000082300000| Complete 
|  35|0x0000000082300000, 0x0000000082400000, 0x0000000082400000|100%| O|  |TAMS 0x0000000082400000, 0x0000000082400000| Untracked 
|  36|0x0000000082400000, 0x0000000082500000, 0x0000000082500000|100%| O|  |TAMS 0x0000000082500000, 0x0000000082500000| Untracked 
|  37|0x0000000082500000, 0x0000000082600000, 0x0000000082600000|100%| O|  |TAMS 0x0000000082600000, 0x0000000082600000| Untracked 
|  38|0x0000000082600000, 0x0000000082700000, 0x0000000082700000|100%| O|  |TAMS 0x0000000082700000, 0x0000000082700000| Untracked 
|  39|0x0000000082700000, 0x0000000082800000, 0x0000000082800000|100%| O|  |TAMS 0x0000000082800000, 0x0000000082800000| Untracked 
|  40|0x0000000082800000, 0x0000000082900000, 0x0000000082900000|100%| O|  |TAMS 0x0000000082900000, 0x0000000082900000| Untracked 
|  41|0x0000000082900000, 0x0000000082a00000, 0x0000000082a00000|100%| O|  |TAMS 0x0000000082a00000, 0x0000000082a00000| Untracked 
|  42|0x0000000082a00000, 0x0000000082b00000, 0x0000000082b00000|100%| O|  |TAMS 0x0000000082b00000, 0x0000000082b00000| Untracked 
|  43|0x0000000082b00000, 0x0000000082c00000, 0x0000000082c00000|100%| O|  |TAMS 0x0000000082c00000, 0x0000000082c00000| Untracked 
|  44|0x0000000082c00000, 0x0000000082d00000, 0x0000000082d00000|100%| O|  |TAMS 0x0000000082d00000, 0x0000000082d00000| Untracked 
|  45|0x0000000082d00000, 0x0000000082e00000, 0x0000000082e00000|100%| O|  |TAMS 0x0000000082e00000, 0x0000000082e00000| Untracked 
|  46|0x0000000082e00000, 0x0000000082f00000, 0x0000000082f00000|100%| O|  |TAMS 0x0000000082f00000, 0x0000000082f00000| Untracked 
|  47|0x0000000082f00000, 0x0000000083000000, 0x0000000083000000|100%|HS|  |TAMS 0x0000000083000000, 0x0000000083000000| Complete 
|  48|0x0000000083000000, 0x0000000083100000, 0x0000000083100000|100%|HC|  |TAMS 0x0000000083100000, 0x0000000083100000| Complete 
|  49|0x0000000083100000, 0x0000000083200000, 0x0000000083200000|100%|HC|  |TAMS 0x0000000083200000, 0x0000000083200000| Complete 
|  50|0x0000000083200000, 0x0000000083300000, 0x0000000083300000|100%|HC|  |TAMS 0x0000000083300000, 0x0000000083300000| Complete 
|  51|0x0000000083300000, 0x0000000083400000, 0x0000000083400000|100%| O|  |TAMS 0x0000000083400000, 0x0000000083400000| Untracked 
|  52|0x0000000083400000, 0x0000000083500000, 0x0000000083500000|100%| O|  |TAMS 0x0000000083500000, 0x0000000083500000| Untracked 
|  53|0x0000000083500000, 0x0000000083600000, 0x0000000083600000|100%| O|  |TAMS 0x0000000083600000, 0x0000000083600000| Untracked 
|  54|0x0000000083600000, 0x0000000083700000, 0x0000000083700000|100%| O|  |TAMS 0x0000000083700000, 0x0000000083700000| Untracked 
|  55|0x0000000083700000, 0x0000000083800000, 0x0000000083800000|100%|HS|  |TAMS 0x0000000083800000, 0x0000000083800000| Complete 
|  56|0x0000000083800000, 0x0000000083900000, 0x0000000083900000|100%|HS|  |TAMS 0x0000000083900000, 0x0000000083900000| Complete 
|  57|0x0000000083900000, 0x0000000083a00000, 0x0000000083a00000|100%|HS|  |TAMS 0x0000000083a00000, 0x0000000083a00000| Complete 
|  58|0x0000000083a00000, 0x0000000083b00000, 0x0000000083b00000|100%| O|  |TAMS 0x0000000083b00000, 0x0000000083b00000| Untracked 
|  59|0x0000000083b00000, 0x0000000083c00000, 0x0000000083c00000|100%|HS|  |TAMS 0x0000000083c00000, 0x0000000083c00000| Complete 
|  60|0x0000000083c00000, 0x0000000083d00000, 0x0000000083d00000|100%|HS|  |TAMS 0x0000000083d00000, 0x0000000083d00000| Complete 
|  61|0x0000000083d00000, 0x0000000083e00000, 0x0000000083e00000|100%|HC|  |TAMS 0x0000000083e00000, 0x0000000083e00000| Complete 
|  62|0x0000000083e00000, 0x0000000083f00000, 0x0000000083f00000|100%|HC|  |TAMS 0x0000000083f00000, 0x0000000083f00000| Complete 
|  63|0x0000000083f00000, 0x0000000084000000, 0x0000000084000000|100%| O|  |TAMS 0x0000000084000000, 0x0000000084000000| Untracked 
|  64|0x0000000084000000, 0x0000000084100000, 0x0000000084100000|100%| O|  |TAMS 0x0000000084100000, 0x0000000084100000| Untracked 
|  65|0x0000000084100000, 0x0000000084200000, 0x0000000084200000|100%|HS|  |TAMS 0x0000000084200000, 0x0000000084200000| Complete 
|  66|0x0000000084200000, 0x0000000084300000, 0x0000000084300000|100%|HC|  |TAMS 0x0000000084300000, 0x0000000084300000| Complete 
|  67|0x0000000084300000, 0x0000000084400000, 0x0000000084400000|100%| O|  |TAMS 0x0000000084400000, 0x0000000084400000| Untracked 
|  68|0x0000000084400000, 0x0000000084500000, 0x0000000084500000|100%| O|  |TAMS 0x0000000084500000, 0x0000000084500000| Untracked 
|  69|0x0000000084500000, 0x0000000084600000, 0x0000000084600000|100%| O|  |TAMS 0x0000000084600000, 0x0000000084600000| Untracked 
|  70|0x0000000084600000, 0x0000000084700000, 0x0000000084700000|100%| O|  |TAMS 0x0000000084700000, 0x0000000084700000| Untracked 
|  71|0x0000000084700000, 0x0000000084800000, 0x0000000084800000|100%| O|  |TAMS 0x0000000084800000, 0x0000000084800000| Untracked 
|  72|0x0000000084800000, 0x0000000084900000, 0x0000000084900000|100%| O|  |TAMS 0x0000000084900000, 0x0000000084900000| Untracked 
|  73|0x0000000084900000, 0x0000000084a00000, 0x0000000084a00000|100%| O|  |TAMS 0x0000000084a00000, 0x0000000084a00000| Untracked 
|  74|0x0000000084a00000, 0x0000000084b00000, 0x0000000084b00000|100%| O|  |TAMS 0x0000000084b00000, 0x0000000084b00000| Untracked 
|  75|0x0000000084b00000, 0x0000000084c00000, 0x0000000084c00000|100%| O|  |TAMS 0x0000000084c00000, 0x0000000084c00000| Untracked 
|  76|0x0000000084c00000, 0x0000000084d00000, 0x0000000084d00000|100%| O|  |TAMS 0x0000000084d00000, 0x0000000084d00000| Untracked 
|  77|0x0000000084d00000, 0x0000000084e00000, 0x0000000084e00000|100%| O|  |TAMS 0x0000000084e00000, 0x0000000084e00000| Untracked 
|  78|0x0000000084e00000, 0x0000000084f00000, 0x0000000084f00000|100%| O|  |TAMS 0x0000000084f00000, 0x0000000084f00000| Untracked 
|  79|0x0000000084f00000, 0x0000000085000000, 0x0000000085000000|100%| O|  |TAMS 0x0000000085000000, 0x0000000085000000| Untracked 
|  80|0x0000000085000000, 0x0000000085100000, 0x0000000085100000|100%| O|  |TAMS 0x0000000085100000, 0x0000000085100000| Untracked 
|  81|0x0000000085100000, 0x0000000085200000, 0x0000000085200000|100%| O|  |TAMS 0x0000000085200000, 0x0000000085200000| Untracked 
|  82|0x0000000085200000, 0x0000000085300000, 0x0000000085300000|100%| O|  |TAMS 0x0000000085300000, 0x0000000085300000| Untracked 
|  83|0x0000000085300000, 0x0000000085400000, 0x0000000085400000|100%| O|  |TAMS 0x0000000085400000, 0x0000000085400000| Untracked 
|  84|0x0000000085400000, 0x0000000085500000, 0x0000000085500000|100%| O|  |TAMS 0x0000000085500000, 0x0000000085500000| Untracked 
|  85|0x0000000085500000, 0x0000000085600000, 0x0000000085600000|100%| O|  |TAMS 0x0000000085600000, 0x0000000085600000| Untracked 
|  86|0x0000000085600000, 0x0000000085700000, 0x0000000085700000|100%| O|  |TAMS 0x0000000085700000, 0x0000000085700000| Untracked 
|  87|0x0000000085700000, 0x0000000085800000, 0x0000000085800000|100%|HS|  |TAMS 0x0000000085800000, 0x0000000085800000| Complete 
|  88|0x0000000085800000, 0x0000000085900000, 0x0000000085900000|100%|HC|  |TAMS 0x0000000085900000, 0x0000000085900000| Complete 
|  89|0x0000000085900000, 0x0000000085a00000, 0x0000000085a00000|100%|HS|  |TAMS 0x0000000085a00000, 0x0000000085a00000| Complete 
|  90|0x0000000085a00000, 0x0000000085b00000, 0x0000000085b00000|100%|HC|  |TAMS 0x0000000085b00000, 0x0000000085b00000| Complete 
|  91|0x0000000085b00000, 0x0000000085c00000, 0x0000000085c00000|100%|HC|  |TAMS 0x0000000085c00000, 0x0000000085c00000| Complete 
|  92|0x0000000085c00000, 0x0000000085d00000, 0x0000000085d00000|100%|HS|  |TAMS 0x0000000085d00000, 0x0000000085d00000| Complete 
|  93|0x0000000085d00000, 0x0000000085e00000, 0x0000000085e00000|100%|HC|  |TAMS 0x0000000085e00000, 0x0000000085e00000| Complete 
|  94|0x0000000085e00000, 0x0000000085f00000, 0x0000000085f00000|100%|HC|  |TAMS 0x0000000085f00000, 0x0000000085f00000| Complete 
|  95|0x0000000085f00000, 0x0000000086000000, 0x0000000086000000|100%|HC|  |TAMS 0x0000000086000000, 0x0000000086000000| Complete 
|  96|0x0000000086000000, 0x0000000086100000, 0x0000000086100000|100%| O|  |TAMS 0x0000000086100000, 0x0000000086100000| Untracked 
|  97|0x0000000086100000, 0x0000000086200000, 0x0000000086200000|100%| O|  |TAMS 0x0000000086200000, 0x0000000086200000| Untracked 
|  98|0x0000000086200000, 0x0000000086300000, 0x0000000086300000|100%| O|  |TAMS 0x0000000086300000, 0x0000000086300000| Untracked 
|  99|0x0000000086300000, 0x0000000086400000, 0x0000000086400000|100%| O|  |TAMS 0x0000000086400000, 0x0000000086400000| Untracked 
| 100|0x0000000086400000, 0x0000000086500000, 0x0000000086500000|100%| O|  |TAMS 0x0000000086500000, 0x0000000086500000| Untracked 
| 101|0x0000000086500000, 0x0000000086600000, 0x0000000086600000|100%| O|  |TAMS 0x0000000086600000, 0x0000000086600000| Untracked 
| 102|0x0000000086600000, 0x0000000086700000, 0x0000000086700000|100%| O|  |TAMS 0x0000000086700000, 0x0000000086700000| Untracked 
| 103|0x0000000086700000, 0x0000000086800000, 0x0000000086800000|100%| O|  |TAMS 0x0000000086800000, 0x0000000086800000| Untracked 
| 104|0x0000000086800000, 0x0000000086900000, 0x0000000086900000|100%| O|  |TAMS 0x0000000086900000, 0x0000000086900000| Untracked 
| 105|0x0000000086900000, 0x0000000086a00000, 0x0000000086a00000|100%| O|  |TAMS 0x0000000086a00000, 0x0000000086a00000| Untracked 
| 106|0x0000000086a00000, 0x0000000086b00000, 0x0000000086b00000|100%| O|  |TAMS 0x0000000086b00000, 0x0000000086b00000| Untracked 
| 107|0x0000000086b00000, 0x0000000086c00000, 0x0000000086c00000|100%| O|  |TAMS 0x0000000086c00000, 0x0000000086c00000| Untracked 
| 108|0x0000000086c00000, 0x0000000086d00000, 0x0000000086d00000|100%| O|  |TAMS 0x0000000086d00000, 0x0000000086d00000| Untracked 
| 109|0x0000000086d00000, 0x0000000086e00000, 0x0000000086e00000|100%| O|  |TAMS 0x0000000086e00000, 0x0000000086e00000| Untracked 
| 110|0x0000000086e00000, 0x0000000086f00000, 0x0000000086f00000|100%| O|  |TAMS 0x0000000086f00000, 0x0000000086f00000| Untracked 
| 111|0x0000000086f00000, 0x0000000087000000, 0x0000000087000000|100%| O|  |TAMS 0x0000000087000000, 0x0000000087000000| Untracked 
| 112|0x0000000087000000, 0x0000000087100000, 0x0000000087100000|100%| O|  |TAMS 0x0000000087100000, 0x0000000087100000| Untracked 
| 113|0x0000000087100000, 0x0000000087200000, 0x0000000087200000|100%| O|  |TAMS 0x0000000087200000, 0x0000000087200000| Untracked 
| 114|0x0000000087200000, 0x0000000087300000, 0x0000000087300000|100%| O|  |TAMS 0x0000000087300000, 0x0000000087300000| Untracked 
| 115|0x0000000087300000, 0x0000000087400000, 0x0000000087400000|100%| O|  |TAMS 0x0000000087400000, 0x0000000087400000| Untracked 
| 116|0x0000000087400000, 0x0000000087500000, 0x0000000087500000|100%| O|  |TAMS 0x0000000087500000, 0x0000000087500000| Untracked 
| 117|0x0000000087500000, 0x0000000087600000, 0x0000000087600000|100%| O|  |TAMS 0x0000000087600000, 0x0000000087600000| Untracked 
| 118|0x0000000087600000, 0x0000000087700000, 0x0000000087700000|100%| O|  |TAMS 0x0000000087700000, 0x0000000087700000| Untracked 
| 119|0x0000000087700000, 0x0000000087800000, 0x0000000087800000|100%| O|  |TAMS 0x0000000087800000, 0x0000000087800000| Untracked 
| 120|0x0000000087800000, 0x0000000087900000, 0x0000000087900000|100%| O|  |TAMS 0x0000000087900000, 0x0000000087900000| Untracked 
| 121|0x0000000087900000, 0x0000000087a00000, 0x0000000087a00000|100%| O|  |TAMS 0x0000000087a00000, 0x0000000087a00000| Untracked 
| 122|0x0000000087a00000, 0x0000000087b00000, 0x0000000087b00000|100%| O|  |TAMS 0x0000000087b00000, 0x0000000087b00000| Untracked 
| 123|0x0000000087b00000, 0x0000000087c00000, 0x0000000087c00000|100%| O|  |TAMS 0x0000000087c00000, 0x0000000087c00000| Untracked 
| 124|0x0000000087c00000, 0x0000000087d00000, 0x0000000087d00000|100%| O|  |TAMS 0x0000000087d00000, 0x0000000087d00000| Untracked 
| 125|0x0000000087d00000, 0x0000000087e00000, 0x0000000087e00000|100%| O|  |TAMS 0x0000000087e00000, 0x0000000087e00000| Untracked 
| 126|0x0000000087e00000, 0x0000000087f00000, 0x0000000087f00000|100%| O|  |TAMS 0x0000000087f00000, 0x0000000087f00000| Untracked 
| 127|0x0000000087f00000, 0x0000000088000000, 0x0000000088000000|100%| O|  |TAMS 0x0000000088000000, 0x0000000088000000| Untracked 
| 128|0x0000000088000000, 0x0000000088100000, 0x0000000088100000|100%| O|  |TAMS 0x0000000088100000, 0x0000000088100000| Untracked 
| 129|0x0000000088100000, 0x0000000088200000, 0x0000000088200000|100%| O|  |TAMS 0x0000000088200000, 0x0000000088200000| Untracked 
| 130|0x0000000088200000, 0x0000000088300000, 0x0000000088300000|100%| O|  |TAMS 0x0000000088300000, 0x0000000088300000| Untracked 
| 131|0x0000000088300000, 0x0000000088400000, 0x0000000088400000|100%| O|  |TAMS 0x0000000088400000, 0x0000000088400000| Untracked 
| 132|0x0000000088400000, 0x0000000088500000, 0x0000000088500000|100%| O|  |TAMS 0x0000000088500000, 0x0000000088500000| Untracked 
| 133|0x0000000088500000, 0x0000000088600000, 0x0000000088600000|100%| O|  |TAMS 0x0000000088600000, 0x0000000088600000| Untracked 
| 134|0x0000000088600000, 0x0000000088700000, 0x0000000088700000|100%| O|  |TAMS 0x0000000088700000, 0x0000000088700000| Untracked 
| 135|0x0000000088700000, 0x0000000088800000, 0x0000000088800000|100%| O|  |TAMS 0x0000000088800000, 0x0000000088800000| Untracked 
| 136|0x0000000088800000, 0x0000000088900000, 0x0000000088900000|100%| O|  |TAMS 0x0000000088900000, 0x0000000088900000| Untracked 
| 137|0x0000000088900000, 0x0000000088a00000, 0x0000000088a00000|100%| O|  |TAMS 0x0000000088a00000, 0x0000000088a00000| Untracked 
| 138|0x0000000088a00000, 0x0000000088b00000, 0x0000000088b00000|100%| O|  |TAMS 0x0000000088b00000, 0x0000000088b00000| Untracked 
| 139|0x0000000088b00000, 0x0000000088c00000, 0x0000000088c00000|100%| O|  |TAMS 0x0000000088c00000, 0x0000000088c00000| Untracked 
| 140|0x0000000088c00000, 0x0000000088d00000, 0x0000000088d00000|100%| O|  |TAMS 0x0000000088d00000, 0x0000000088d00000| Untracked 
| 141|0x0000000088d00000, 0x0000000088e00000, 0x0000000088e00000|100%| O|  |TAMS 0x0000000088e00000, 0x0000000088e00000| Untracked 
| 142|0x0000000088e00000, 0x0000000088f00000, 0x0000000088f00000|100%| O|  |TAMS 0x0000000088f00000, 0x0000000088f00000| Untracked 
| 143|0x0000000088f00000, 0x0000000089000000, 0x0000000089000000|100%|HS|  |TAMS 0x0000000089000000, 0x0000000089000000| Complete 
| 144|0x0000000089000000, 0x0000000089100000, 0x0000000089100000|100%|HC|  |TAMS 0x0000000089100000, 0x0000000089100000| Complete 
| 145|0x0000000089100000, 0x0000000089200000, 0x0000000089200000|100%|HS|  |TAMS 0x0000000089200000, 0x0000000089200000| Complete 
| 146|0x0000000089200000, 0x0000000089300000, 0x0000000089300000|100%|HS|  |TAMS 0x0000000089300000, 0x0000000089300000| Complete 
| 147|0x0000000089300000, 0x0000000089400000, 0x0000000089400000|100%|HC|  |TAMS 0x0000000089400000, 0x0000000089400000| Complete 
| 148|0x0000000089400000, 0x0000000089500000, 0x0000000089500000|100%|HS|  |TAMS 0x0000000089500000, 0x0000000089500000| Complete 
| 149|0x0000000089500000, 0x0000000089600000, 0x0000000089600000|100%|HS|  |TAMS 0x0000000089600000, 0x0000000089600000| Complete 
| 150|0x0000000089600000, 0x0000000089700000, 0x0000000089700000|100%|HS|  |TAMS 0x0000000089700000, 0x0000000089700000| Complete 
| 151|0x0000000089700000, 0x0000000089800000, 0x0000000089800000|100%| O|  |TAMS 0x0000000089800000, 0x0000000089800000| Untracked 
| 152|0x0000000089800000, 0x0000000089900000, 0x0000000089900000|100%| O|  |TAMS 0x0000000089900000, 0x0000000089900000| Untracked 
| 153|0x0000000089900000, 0x0000000089a00000, 0x0000000089a00000|100%|HS|  |TAMS 0x0000000089a00000, 0x0000000089a00000| Complete 
| 154|0x0000000089a00000, 0x0000000089b00000, 0x0000000089b00000|100%| O|  |TAMS 0x0000000089af1200, 0x0000000089b00000| Untracked 
| 155|0x0000000089b00000, 0x0000000089c00000, 0x0000000089c00000|100%|HS|  |TAMS 0x0000000089b00000, 0x0000000089c00000| Complete 
| 156|0x0000000089c00000, 0x0000000089d00000, 0x0000000089d00000|100%|HC|  |TAMS 0x0000000089c00000, 0x0000000089d00000| Complete 
| 157|0x0000000089d00000, 0x0000000089e00000, 0x0000000089e00000|100%|HC|  |TAMS 0x0000000089d00000, 0x0000000089e00000| Complete 
| 158|0x0000000089e00000, 0x0000000089e00000, 0x0000000089f00000|  0%| F|  |TAMS 0x0000000089e00000, 0x0000000089e00000| Untracked 
| 159|0x0000000089f00000, 0x0000000089f00000, 0x000000008a000000|  0%| F|  |TAMS 0x0000000089f00000, 0x0000000089f00000| Untracked 
| 160|0x000000008a000000, 0x000000008a000000, 0x000000008a100000|  0%| F|  |TAMS 0x000000008a000000, 0x000000008a000000| Untracked 
| 161|0x000000008a100000, 0x000000008a100000, 0x000000008a200000|  0%| F|  |TAMS 0x000000008a100000, 0x000000008a100000| Untracked 
| 162|0x000000008a200000, 0x000000008a200000, 0x000000008a300000|  0%| F|  |TAMS 0x000000008a200000, 0x000000008a200000| Untracked 
| 163|0x000000008a300000, 0x000000008a400000, 0x000000008a400000|100%| O|  |TAMS 0x000000008a300000, 0x000000008a400000| Untracked 
| 164|0x000000008a400000, 0x000000008a4e6230, 0x000000008a500000| 89%| S|CS|TAMS 0x000000008a400000, 0x000000008a400000| Complete 
| 165|0x000000008a500000, 0x000000008a577200, 0x000000008a600000| 46%| O|  |TAMS 0x000000008a500000, 0x000000008a577200| Untracked 

Card table byte_map: [0x000001b328110000,0x000001b328510000] _byte_map_base: 0x000001b327d10000

Marking Bits (Prev, Next): (CMBitMap*) 0x000001b31344e0f0, (CMBitMap*) 0x000001b31344e0b8
 Prev Bits: [0x000001b32a910000, 0x000001b32c910000)
 Next Bits: [0x000001b328910000, 0x000001b32a910000)

Polling page: 0x000001b3134f0000

Metaspace:

Usage:
  Non-class:    101.73 MB capacity,    99.57 MB ( 98%) used,     1.82 MB (  2%) free+waste,   354.44 KB ( <1%) overhead. 
      Class:     15.76 MB capacity,    14.58 MB ( 92%) used,     1.03 MB (  7%) free+waste,   161.00 KB ( <1%) overhead. 
       Both:    117.50 MB capacity,   114.14 MB ( 97%) used,     2.85 MB (  2%) free+waste,   515.44 KB ( <1%) overhead. 

Virtual space:
  Non-class space:      102.00 MB reserved,     101.82 MB (>99%) committed 
      Class space:        1.00 GB reserved,      15.82 MB (  2%) committed 
             Both:        1.10 GB reserved,     117.64 MB ( 10%) committed 

Chunk freelists:
   Non-Class:  27.00 KB
       Class:  0 bytes
        Both:  27.00 KB

MaxMetaspaceSize: 17179869184.00 GB
CompressedClassSpaceSize: 1.00 GB

CodeHeap 'non-profiled nmethods': size=120064Kb used=10428Kb max_used=10428Kb free=109635Kb
 bounds [0x000001b3201b0000, 0x000001b320be0000, 0x000001b3276f0000]
CodeHeap 'profiled nmethods': size=120000Kb used=34773Kb max_used=34773Kb free=85226Kb
 bounds [0x000001b318c80000, 0x000001b31ae80000, 0x000001b3201b0000]
CodeHeap 'non-nmethods': size=5696Kb used=2351Kb max_used=2393Kb free=3344Kb
 bounds [0x000001b3186f0000, 0x000001b318960000, 0x000001b318c80000]
 total_blobs=16722 nmethods=15755 adapters=877
 compilation: enabled
              stopped_count=0, restarted_count=0
 full_count=0

Compilation events (20 events):
Event: 111.113 Thread 0x000001b32ef96800 nmethod 15876 0x000001b31ae6dd90 code [0x000001b31ae6e040, 0x000001b31ae6e978]
Event: 111.113 Thread 0x000001b32ef96800 15877       3       jdk.internal.reflect.ReflectionFactory::packageEquals (66 bytes)
Event: 111.115 Thread 0x000001b32ef96800 nmethod 15877 0x000001b31ae6ed90 code [0x000001b31ae6f0a0, 0x000001b31ae70468]
Event: 111.115 Thread 0x000001b32ef96800 15880       3       org.gradle.api.internal.provider.DefaultProperty::<init> (26 bytes)
Event: 111.183 Thread 0x000001b32ef96800 nmethod 15880 0x000001b31ae70a10 code [0x000001b31ae70c60, 0x000001b31ae71828]
Event: 111.241 Thread 0x000001b32ef91000 nmethod 15873 0x000001b320bd9890 code [0x000001b320bd9bc0, 0x000001b320bdbd40]
Event: 111.241 Thread 0x000001b32ef91000 15882       4       org.gradle.api.internal.artifacts.transform.TransformationChain::requiresDependencies (30 bytes)
Event: 111.244 Thread 0x000001b32ef91000 nmethod 15882 0x000001b320bdd110 code [0x000001b320bdd300, 0x000001b320bdd588]
Event: 111.244 Thread 0x000001b32ef91000 15879       4       sun.security.provider.DigestBase::engineDigest (112 bytes)
Event: 111.251 Thread 0x000001b32ef91000 nmethod 15879 0x000001b320bdd890 code [0x000001b320bdda60, 0x000001b320bddf18]
Event: 111.285 Thread 0x000001b32ef96800 15884       3       org.gradle.api.internal.tasks.properties.bean.AbstractNestedRuntimeBeanNode::visitProperties (138 bytes)
Event: 111.287 Thread 0x000001b32ef96800 nmethod 15884 0x000001b31ae71b90 code [0x000001b31ae71f60, 0x000001b31ae73eb8]
Event: 111.287 Thread 0x000001b32ef96800 15883       3       org.gradle.api.internal.tasks.properties.bean.AbstractNestedRuntimeBeanNode::<init> (10 bytes)
Event: 111.288 Thread 0x000001b32ef96800 nmethod 15883 0x000001b31ae74a90 code [0x000001b31ae74ca0, 0x000001b31ae753f8]
Event: 111.346 Thread 0x000001b32ef91000 15885       4       org.gradle.internal.instantiation.generator.AbstractClassGenerator::isPropertyType (33 bytes)
Event: 111.347 Thread 0x000001b32ef91000 nmethod 15885 0x000001b320bde390 code [0x000001b320bde520, 0x000001b320bde698]
Event: 111.350 Thread 0x000001b32ef91000 15886       4       org.gradle.api.internal.artifacts.transform.TransformationSubject$SubsequentTransformationSubject::getInitialComponentIdentifier (8 bytes)
Event: 111.351 Thread 0x000001b32ef91000 nmethod 15886 0x000001b320bde710 code [0x000001b320bde8e0, 0x000001b320bdea68]
Event: 111.440 Thread 0x000001b32ef91000 15887       4       org.gradle.internal.snapshot.ChildMap$Entry::<init> (15 bytes)
Event: 111.442 Thread 0x000001b32ef91000 nmethod 15887 0x000001b320bdec90 code [0x000001b320bdee20, 0x000001b320bdf018]

GC Heap History (20 events):
Event: 106.586 GC heap after
{Heap after GC invocations=117 (full 0):
 garbage-first heap   total 165888K, used 145017K [0x0000000080000000, 0x0000000100000000)
  region size 1024K, 1 young (1024K), 1 survivors (1024K)
 Metaspace       used 116024K, capacity 119340K, committed 119572K, reserved 1153024K
  class space    used 14824K, capacity 16004K, committed 16076K, reserved 1048576K
}
Event: 107.239 GC heap before
{Heap before GC invocations=117 (full 0):
 garbage-first heap   total 165888K, used 151161K [0x0000000080000000, 0x0000000100000000)
  region size 1024K, 8 young (8192K), 1 survivors (1024K)
 Metaspace       used 116026K, capacity 119340K, committed 119572K, reserved 1153024K
  class space    used 14824K, capacity 16004K, committed 16076K, reserved 1048576K
}
Event: 107.242 GC heap after
{Heap after GC invocations=118 (full 0):
 garbage-first heap   total 165888K, used 145295K [0x0000000080000000, 0x0000000100000000)
  region size 1024K, 1 young (1024K), 1 survivors (1024K)
 Metaspace       used 116026K, capacity 119340K, committed 119572K, reserved 1153024K
  class space    used 14824K, capacity 16004K, committed 16076K, reserved 1048576K
}
Event: 107.768 GC heap before
{Heap before GC invocations=119 (full 0):
 garbage-first heap   total 165888K, used 151439K [0x0000000080000000, 0x0000000100000000)
  region size 1024K, 8 young (8192K), 1 survivors (1024K)
 Metaspace       used 116036K, capacity 119340K, committed 119572K, reserved 1153024K
  class space    used 14824K, capacity 16004K, committed 16076K, reserved 1048576K
}
Event: 107.778 GC heap after
{Heap after GC invocations=120 (full 0):
 garbage-first heap   total 165888K, used 145559K [0x0000000080000000, 0x0000000100000000)
  region size 1024K, 1 young (1024K), 1 survivors (1024K)
 Metaspace       used 116036K, capacity 119340K, committed 119572K, reserved 1153024K
  class space    used 14824K, capacity 16004K, committed 16076K, reserved 1048576K
}
Event: 108.370 GC heap before
{Heap before GC invocations=120 (full 0):
 garbage-first heap   total 165888K, used 152727K [0x0000000080000000, 0x0000000100000000)
  region size 1024K, 8 young (8192K), 1 survivors (1024K)
 Metaspace       used 116232K, capacity 119502K, committed 119572K, reserved 1153024K
  class space    used 14848K, capacity 16014K, committed 16076K, reserved 1048576K
}
Event: 108.379 GC heap after
{Heap after GC invocations=121 (full 0):
 garbage-first heap   total 165888K, used 145482K [0x0000000080000000, 0x0000000100000000)
  region size 1024K, 1 young (1024K), 1 survivors (1024K)
 Metaspace       used 116232K, capacity 119502K, committed 119572K, reserved 1153024K
  class space    used 14848K, capacity 16014K, committed 16076K, reserved 1048576K
}
Event: 109.047 GC heap before
{Heap before GC invocations=121 (full 0):
 garbage-first heap   total 165888K, used 153674K [0x0000000080000000, 0x0000000100000000)
  region size 1024K, 8 young (8192K), 1 survivors (1024K)
 Metaspace       used 116401K, capacity 119722K, committed 119828K, reserved 1153024K
  class space    used 14865K, capacity 16056K, committed 16076K, reserved 1048576K
}
Event: 109.056 GC heap after
{Heap after GC invocations=122 (full 0):
 garbage-first heap   total 165888K, used 148349K [0x0000000080000000, 0x0000000100000000)
  region size 1024K, 1 young (1024K), 1 survivors (1024K)
 Metaspace       used 116401K, capacity 119722K, committed 119828K, reserved 1153024K
  class space    used 14865K, capacity 16056K, committed 16076K, reserved 1048576K
}
Event: 109.179 GC heap before
{Heap before GC invocations=122 (full 0):
 garbage-first heap   total 165888K, used 148349K [0x0000000080000000, 0x0000000100000000)
  region size 1024K, 2 young (2048K), 1 survivors (1024K)
 Metaspace       used 116401K, capacity 119722K, committed 119828K, reserved 1153024K
  class space    used 14865K, capacity 16056K, committed 16076K, reserved 1048576K
}
Event: 109.184 GC heap after
{Heap after GC invocations=123 (full 0):
 garbage-first heap   total 165888K, used 148645K [0x0000000080000000, 0x0000000100000000)
  region size 1024K, 1 young (1024K), 1 survivors (1024K)
 Metaspace       used 116401K, capacity 119722K, committed 119828K, reserved 1153024K
  class space    used 14865K, capacity 16056K, committed 16076K, reserved 1048576K
}
Event: 109.931 GC heap before
{Heap before GC invocations=124 (full 0):
 garbage-first heap   total 165888K, used 160933K [0x0000000080000000, 0x0000000100000000)
  region size 1024K, 8 young (8192K), 1 survivors (1024K)
 Metaspace       used 116403K, capacity 119786K, committed 119828K, reserved 1153024K
  class space    used 14865K, capacity 16056K, committed 16076K, reserved 1048576K
}
Event: 109.935 GC heap after
{Heap after GC invocations=125 (full 0):
 garbage-first heap   total 165888K, used 155889K [0x0000000080000000, 0x0000000100000000)
  region size 1024K, 1 young (1024K), 1 survivors (1024K)
 Metaspace       used 116403K, capacity 119786K, committed 119828K, reserved 1153024K
  class space    used 14865K, capacity 16056K, committed 16076K, reserved 1048576K
}
Event: 110.364 GC heap before
{Heap before GC invocations=125 (full 0):
 garbage-first heap   total 165888K, used 159985K [0x0000000080000000, 0x0000000100000000)
  region size 1024K, 7 young (7168K), 1 survivors (1024K)
 Metaspace       used 116484K, capacity 119853K, committed 120084K, reserved 1153024K
  class space    used 14873K, capacity 16057K, committed 16076K, reserved 1048576K
}
Event: 110.368 GC heap after
{Heap after GC invocations=126 (full 0):
 garbage-first heap   total 165888K, used 157630K [0x0000000080000000, 0x0000000100000000)
  region size 1024K, 1 young (1024K), 1 survivors (1024K)
 Metaspace       used 116484K, capacity 119853K, committed 120084K, reserved 1153024K
  class space    used 14873K, capacity 16057K, committed 16076K, reserved 1048576K
}
Event: 110.733 GC heap before
{Heap before GC invocations=127 (full 0):
 garbage-first heap   total 165888K, used 160702K [0x0000000080000000, 0x0000000100000000)
  region size 1024K, 4 young (4096K), 1 survivors (1024K)
 Metaspace       used 116677K, capacity 120075K, committed 120212K, reserved 1153024K
  class space    used 14909K, capacity 16132K, committed 16204K, reserved 1048576K
}
Event: 110.738 GC heap after
{Heap after GC invocations=128 (full 0):
 garbage-first heap   total 165888K, used 159429K [0x0000000080000000, 0x0000000100000000)
  region size 1024K, 1 young (1024K), 1 survivors (1024K)
 Metaspace       used 116677K, capacity 120075K, committed 120212K, reserved 1153024K
  class space    used 14909K, capacity 16132K, committed 16204K, reserved 1048576K
}
Event: 111.115 GC heap before
{Heap before GC invocations=129 (full 0):
 garbage-first heap   total 165888K, used 164549K [0x0000000080000000, 0x0000000100000000)
  region size 1024K, 4 young (4096K), 1 survivors (1024K)
 Metaspace       used 116853K, capacity 120251K, committed 120468K, reserved 1153024K
  class space    used 14923K, capacity 16142K, committed 16204K, reserved 1048576K
}
Event: 111.182 GC heap after
{Heap after GC invocations=130 (full 0):
 garbage-first heap   total 167936K, used 163297K [0x0000000080000000, 0x0000000100000000)
  region size 1024K, 1 young (1024K), 1 survivors (1024K)
 Metaspace       used 116853K, capacity 120251K, committed 120468K, reserved 1153024K
  class space    used 14923K, capacity 16142K, committed 16204K, reserved 1048576K
}
Event: 111.543 GC heap before
{Heap before GC invocations=130 (full 0):
 garbage-first heap   total 167936K, used 166369K [0x0000000080000000, 0x0000000100000000)
  region size 1024K, 5 young (5120K), 1 survivors (1024K)
 Metaspace       used 116882K, capacity 120315K, committed 120468K, reserved 1153024K
  class space    used 14927K, capacity 16142K, committed 16204K, reserved 1048576K
}

Deoptimization events (20 events):
Event: 110.506 Thread 0x000001b33139a800 Uncommon trap: trap_request=0xffffffde fr.pc=0x000001b320b0682c relative=0x00000000000000ec
Event: 110.506 Thread 0x000001b33139a800 Uncommon trap: reason=class_check action=maybe_recompile pc=0x000001b320b0682c method=java.util.regex.Pattern$CharPredicate.lambda$negate$3(I)Z @ 2 c2
Event: 110.506 Thread 0x000001b33139a800 DEOPT PACKING pc=0x000001b320b0682c sp=0x000000a0dbcf6730
Event: 110.506 Thread 0x000001b33139a800 DEOPT UNPACKING pc=0x000001b3187165af sp=0x000000a0dbcf6660 mode 2
Event: 110.506 Thread 0x000001b33139a800 Uncommon trap: trap_request=0xffffffde fr.pc=0x000001b320b0682c relative=0x00000000000000ec
Event: 110.506 Thread 0x000001b33139a800 Uncommon trap: reason=class_check action=maybe_recompile pc=0x000001b320b0682c method=java.util.regex.Pattern$CharPredicate.lambda$negate$3(I)Z @ 2 c2
Event: 110.506 Thread 0x000001b33139a800 DEOPT PACKING pc=0x000001b320b0682c sp=0x000000a0dbcf6730
Event: 110.506 Thread 0x000001b33139a800 DEOPT UNPACKING pc=0x000001b3187165af sp=0x000000a0dbcf6660 mode 2
Event: 110.506 Thread 0x000001b33139a800 Uncommon trap: trap_request=0xffffffde fr.pc=0x000001b320b18fb8 relative=0x0000000000000438
Event: 110.506 Thread 0x000001b33139a800 Uncommon trap: reason=class_check action=maybe_recompile pc=0x000001b320b18fb8 method=java.util.regex.Pattern$CharPredicate.lambda$negate$3(I)Z @ 2 c2
Event: 110.506 Thread 0x000001b33139a800 DEOPT PACKING pc=0x000001b320b18fb8 sp=0x000000a0dbcf67b0
Event: 110.506 Thread 0x000001b33139a800 DEOPT UNPACKING pc=0x000001b3187165af sp=0x000000a0dbcf6670 mode 2
Event: 110.616 Thread 0x000001b33139a800 Uncommon trap: trap_request=0xffffff4d fr.pc=0x000001b3204a0cec relative=0x000000000000026c
Event: 110.616 Thread 0x000001b33139a800 Uncommon trap: reason=unstable_if action=reinterpret pc=0x000001b3204a0cec method=java.lang.Class.getTypeName()Ljava/lang/String; @ 23 c2
Event: 110.616 Thread 0x000001b33139a800 DEOPT PACKING pc=0x000001b3204a0cec sp=0x000000a0dbcf6400
Event: 110.616 Thread 0x000001b33139a800 DEOPT UNPACKING pc=0x000001b3187165af sp=0x000000a0dbcf63c8 mode 2
Event: 111.224 Thread 0x000001b3332ae800 Uncommon trap: trap_request=0x0000000b fr.pc=0x000001b32097cfc0 relative=0x0000000000000660
Event: 111.224 Thread 0x000001b3332ae800 Uncommon trap: reason=unloaded action=reinterpret pc=0x000001b32097cfc0 method=org.gradle.api.internal.artifacts.ivyservice.clientmodule.ClientModuleResolver.resolve(Lorg/gradle/api/artifacts/component/ComponentIdentifier;Lorg/gradle/internal/component/mo
Event: 111.279 Thread 0x000001b3332ae800 DEOPT PACKING pc=0x000001b32097cfc0 sp=0x000000a0df8f8a30
Event: 111.279 Thread 0x000001b3332ae800 DEOPT UNPACKING pc=0x000001b3187165af sp=0x000000a0df8f8970 mode 2

Classes redefined (0 events):
No events

Internal exceptions (20 events):
Event: 88.322 Thread 0x000001b3332b1000 Exception <a 'java/lang/NoSuchMethodError'{0x0000000089fb48c8}: <clinit>> (0x0000000089fb48c8) thrown at [./src/hotspot/share/prims/jni.cpp, line 1362]
Event: 88.325 Thread 0x000001b3332b1000 Exception <a 'java/lang/NoSuchMethodError'{0x0000000089fcee90}: <clinit>> (0x0000000089fcee90) thrown at [./src/hotspot/share/prims/jni.cpp, line 1362]
Event: 88.358 Thread 0x000001b330a06000 Exception <a 'java/lang/NoSuchMethodError'{0x0000000089e6e998}: <clinit>> (0x0000000089e6e998) thrown at [./src/hotspot/share/prims/jni.cpp, line 1362]
Event: 88.358 Thread 0x000001b3332ae800 Exception <a 'java/lang/NoSuchMethodError'{0x0000000089e66988}: 'java.lang.Object java.lang.invoke.DirectMethodHandle$Holder.invokeInterface(java.lang.Object, java.lang.Object, int)'> (0x0000000089e66988) thrown at [./src/hotspot/share/interpreter/linkResolver.cpp, line 773]
Event: 88.360 Thread 0x000001b3332ae800 Exception <a 'java/lang/NoSuchMethodError'{0x0000000089e7bdb0}: 'void java.lang.invoke.DirectMethodHandle$Holder.invokeStatic(java.lang.Object, java.lang.Object, java.lang.Object, int)'> (0x0000000089e7bdb0) thrown at [./src/hotspot/share/interpreter/linkResolver.cpp, line 773]
Event: 90.570 Thread 0x000001b330a0d800 Implicit null exception at 0x000001b320a8e1a5 to 0x000001b320a8ec3c
Event: 90.570 Thread 0x000001b330a0f000 Implicit null exception at 0x000001b320a8e1a5 to 0x000001b320a8ec3c
Event: 97.166 Thread 0x000001b3332ae800 Implicit null exception at 0x000001b320a464b9 to 0x000001b320a465f1
Event: 101.046 Thread 0x000001b3332ae800 Exception <a 'java/lang/NoSuchMethodError'{0x0000000089f140d8}: 'void java.lang.invoke.DirectMethodHandle$Holder.invokeStatic(java.lang.Object, java.lang.Object, java.lang.Object, java.lang.Object, java.lang.Object, java.lang.Object, java.lang.Object)'> (0x0000000089f140d8) thrown at [./src/hotspot/share/interpreter/linkResolver.cpp, line 773]
Event: 101.099 Thread 0x000001b330a06000 Exception <a 'java/lang/NoSuchMethodError'{0x0000000089fe5670}: <clinit>> (0x0000000089fe5670) thrown at [./src/hotspot/share/prims/jni.cpp, line 1362]
Event: 110.666 Thread 0x000001b33139a800 Exception <a 'sun/nio/fs/WindowsException'{0x0000000089fafe48}> (0x0000000089fafe48) thrown at [./src/hotspot/share/prims/jni.cpp, line 615]
Event: 110.666 Thread 0x000001b33139a800 Exception <a 'sun/nio/fs/WindowsException'{0x0000000089fb1a40}> (0x0000000089fb1a40) thrown at [./src/hotspot/share/prims/jni.cpp, line 615]
Event: 110.666 Thread 0x000001b33139a800 Exception <a 'sun/nio/fs/WindowsException'{0x0000000089fb1d08}> (0x0000000089fb1d08) thrown at [./src/hotspot/share/prims/jni.cpp, line 615]
Event: 110.695 Thread 0x000001b33139a800 Exception <a 'sun/nio/fs/WindowsException'{0x0000000089febce8}> (0x0000000089febce8) thrown at [./src/hotspot/share/prims/jni.cpp, line 615]
Event: 110.695 Thread 0x000001b33139a800 Exception <a 'sun/nio/fs/WindowsException'{0x0000000089fed8d0}> (0x0000000089fed8d0) thrown at [./src/hotspot/share/prims/jni.cpp, line 615]
Event: 111.111 Thread 0x000001b3332ae800 Exception <a 'java/lang/NoSuchMethodError'{0x0000000089fb6bd8}: <clinit>> (0x0000000089fb6bd8) thrown at [./src/hotspot/share/prims/jni.cpp, line 1362]
Event: 111.111 Thread 0x000001b3332ae800 Exception <a 'java/lang/NoSuchMethodError'{0x0000000089fb8658}: <clinit>> (0x0000000089fb8658) thrown at [./src/hotspot/share/prims/jni.cpp, line 1362]
Event: 111.111 Thread 0x000001b3332ae800 Exception <a 'java/lang/NoSuchMethodError'{0x0000000089fbb110}: <clinit>> (0x0000000089fbb110) thrown at [./src/hotspot/share/prims/jni.cpp, line 1362]
Event: 111.113 Thread 0x000001b3332ae800 Exception <a 'java/lang/NoSuchMethodError'{0x0000000089fd7e30}: <clinit>> (0x0000000089fd7e30) thrown at [./src/hotspot/share/prims/jni.cpp, line 1362]
Event: 111.114 Thread 0x000001b3332ae800 Exception <a 'java/lang/NoSuchMethodError'{0x0000000089fd97d8}: <clinit>> (0x0000000089fd97d8) thrown at [./src/hotspot/share/prims/jni.cpp, line 1362]

Events (20 events):
Event: 111.035 loading class com/google/common/collect/ImmutableSortedMap done
Event: 111.035 loading class org/gradle/internal/execution/history/BeforeExecutionState
Event: 111.035 loading class org/gradle/internal/execution/history/BeforeExecutionState done
Event: 111.035 loading class com/google/common/collect/ImmutableSortedMap
Event: 111.035 loading class com/google/common/collect/ImmutableSortedMap done
Event: 111.035 loading class com/google/common/collect/ImmutableSortedMap
Event: 111.035 loading class com/google/common/collect/ImmutableSortedMap done
Event: 111.095 Executing VM operation: CGC_Operation
Event: 111.096 Executing VM operation: CGC_Operation done
Event: 111.115 Executing VM operation: G1CollectForAllocation
Event: 111.182 Executing VM operation: G1CollectForAllocation done
Event: 111.187 Executing VM operation: RevokeBias
Event: 111.188 Executing VM operation: RevokeBias done
Event: 111.224 loading class org/gradle/api/internal/artifacts/ivyservice/clientmodule/ClientModuleResolver$ClientModuleComponentResolveMetadata
Event: 111.224 loading class org/gradle/api/internal/artifacts/ivyservice/clientmodule/ClientModuleResolver$ClientModuleComponentResolveMetadata done
Event: 111.279 loading class org/gradle/api/internal/artifacts/ivyservice/clientmodule/ClientModuleResolver$ClientModuleConfigurationMetadata
Event: 111.279 loading class org/gradle/api/internal/artifacts/ivyservice/clientmodule/ClientModuleResolver$ClientModuleConfigurationMetadata done
Event: 111.280 Executing VM operation: Deoptimize
Event: 111.283 Executing VM operation: Deoptimize done
Event: 111.543 Executing VM operation: G1CollectForAllocation


Dynamic libraries:
0x00007ff7c9870000 - 0x00007ff7c987a000 	C:\Program Files\Android\Android Studio\jre\bin\java.exe
0x00007ffd8e0f0000 - 0x00007ffd8e2e5000 	C:\WINDOWS\SYSTEM32\ntdll.dll
0x00007ffd8c690000 - 0x00007ffd8c74e000 	C:\WINDOWS\System32\KERNEL32.DLL
0x00007ffd8b910000 - 0x00007ffd8bbd8000 	C:\WINDOWS\System32\KERNELBASE.dll
0x00007ffd8b810000 - 0x00007ffd8b910000 	C:\WINDOWS\System32\ucrtbase.dll
0x00007ffd89140000 - 0x00007ffd89159000 	C:\Program Files\Android\Android Studio\jre\bin\jli.dll
0x00007ffd81090000 - 0x00007ffd810a7000 	C:\Program Files\Android\Android Studio\jre\bin\VCRUNTIME140.dll
0x00007ffd8d2d0000 - 0x00007ffd8d470000 	C:\WINDOWS\System32\USER32.dll
0x00007ffd84050000 - 0x00007ffd842ea000 	C:\WINDOWS\WinSxS\amd64_microsoft.windows.common-controls_6595b64144ccf1df_6.0.19041.1110_none_60b5254171f9507e\COMCTL32.dll
0x00007ffd8bf50000 - 0x00007ffd8bf72000 	C:\WINDOWS\System32\win32u.dll
0x00007ffd8c150000 - 0x00007ffd8c1ee000 	C:\WINDOWS\System32\msvcrt.dll
0x00007ffd8cfc0000 - 0x00007ffd8cfea000 	C:\WINDOWS\System32\GDI32.dll
0x00007ffd8bff0000 - 0x00007ffd8c0fb000 	C:\WINDOWS\System32\gdi32full.dll
0x00007ffd8bdf0000 - 0x00007ffd8be8d000 	C:\WINDOWS\System32\msvcp_win.dll
0x00007ffd8c1f0000 - 0x00007ffd8c220000 	C:\WINDOWS\System32\IMM32.DLL
0x00007ffd78160000 - 0x00007ffd781fd000 	C:\Program Files\Android\Android Studio\jre\bin\msvcp140.dll
0x00007ffd654e0000 - 0x00007ffd65fb5000 	C:\Program Files\Android\Android Studio\jre\bin\server\jvm.dll
0x00007ffd8d070000 - 0x00007ffd8d11e000 	C:\WINDOWS\System32\ADVAPI32.dll
0x00007ffd8cd60000 - 0x00007ffd8cdfc000 	C:\WINDOWS\System32\sechost.dll
0x00007ffd8d470000 - 0x00007ffd8d595000 	C:\WINDOWS\System32\RPCRT4.dll
0x00007ffd8c750000 - 0x00007ffd8c758000 	C:\WINDOWS\System32\PSAPI.DLL
0x00007ffd87580000 - 0x00007ffd87589000 	C:\WINDOWS\SYSTEM32\WSOCK32.dll
0x00007ffd85bb0000 - 0x00007ffd85bd7000 	C:\WINDOWS\SYSTEM32\WINMM.dll
0x00007ffd86090000 - 0x00007ffd8609a000 	C:\WINDOWS\SYSTEM32\VERSION.dll
0x00007ffd8cf50000 - 0x00007ffd8cfbb000 	C:\WINDOWS\System32\WS2_32.dll
0x00007ffd89670000 - 0x00007ffd89682000 	C:\WINDOWS\SYSTEM32\kernel.appcore.dll
0x00007ffd86610000 - 0x00007ffd86621000 	C:\Program Files\Android\Android Studio\jre\bin\verify.dll
0x00007ffd7d930000 - 0x00007ffd7db14000 	C:\WINDOWS\SYSTEM32\DBGHELP.DLL
0x00007ffd7d840000 - 0x00007ffd7d86c000 	C:\WINDOWS\SYSTEM32\dbgcore.DLL
0x00007ffd8bec0000 - 0x00007ffd8bf42000 	C:\WINDOWS\System32\bcryptPrimitives.dll
0x00007ffd7c460000 - 0x00007ffd7c489000 	C:\Program Files\Android\Android Studio\jre\bin\java.dll
0x00007ffd87350000 - 0x00007ffd8735b000 	C:\Program Files\Android\Android Studio\jre\bin\jimage.dll
0x00007ffd84f40000 - 0x00007ffd84f58000 	C:\Program Files\Android\Android Studio\jre\bin\zip.dll
0x00007ffd8d5a0000 - 0x00007ffd8dce4000 	C:\WINDOWS\System32\SHELL32.dll
0x00007ffd89950000 - 0x00007ffd8a0e4000 	C:\WINDOWS\SYSTEM32\windows.storage.dll
0x00007ffd8c760000 - 0x00007ffd8cab4000 	C:\WINDOWS\System32\combase.dll
0x00007ffd8b1b0000 - 0x00007ffd8b1dc000 	C:\WINDOWS\SYSTEM32\Wldp.dll
0x00007ffd8cbe0000 - 0x00007ffd8cc8d000 	C:\WINDOWS\System32\SHCORE.dll
0x00007ffd8cef0000 - 0x00007ffd8cf45000 	C:\WINDOWS\System32\shlwapi.dll
0x00007ffd8b750000 - 0x00007ffd8b76f000 	C:\WINDOWS\SYSTEM32\profapi.dll
0x00007ffd82b70000 - 0x00007ffd82b8a000 	C:\Program Files\Android\Android Studio\jre\bin\net.dll
0x00007ffd83890000 - 0x00007ffd8399a000 	C:\WINDOWS\SYSTEM32\WINHTTP.dll
0x00007ffd8af10000 - 0x00007ffd8af7a000 	C:\WINDOWS\system32\mswsock.dll
0x00007ffd7c440000 - 0x00007ffd7c454000 	C:\Program Files\Android\Android Studio\jre\bin\nio.dll
0x00007ffd743e0000 - 0x00007ffd74407000 	C:\Users\giorgi\.gradle\native\e1d6ef7f7dcc3fd88c89a11ec53ec762bb8ba0a96d01ffa2cd45eb1d1d8dd5c5\windows-amd64\native-platform.dll
0x00007ffd786b0000 - 0x00007ffd787f4000 	C:\Users\giorgi\.gradle\native\5664cfc778a61ccfe75a443a1ab52a65af34e5dc3c78e0209fed803814484fcb\windows-amd64\native-platform-file-events.dll
0x00007ffd86600000 - 0x00007ffd8660a000 	C:\Program Files\Android\Android Studio\jre\bin\management.dll
0x00007ffd83fb0000 - 0x00007ffd83fbd000 	C:\Program Files\Android\Android Studio\jre\bin\management_ext.dll
0x00007ffd8b100000 - 0x00007ffd8b118000 	C:\WINDOWS\SYSTEM32\CRYPTSP.dll
0x00007ffd8a890000 - 0x00007ffd8a8c4000 	C:\WINDOWS\system32\rsaenh.dll
0x00007ffd8be90000 - 0x00007ffd8beb7000 	C:\WINDOWS\System32\bcrypt.dll
0x00007ffd8b710000 - 0x00007ffd8b73e000 	C:\WINDOWS\SYSTEM32\USERENV.dll
0x00007ffd8b120000 - 0x00007ffd8b12c000 	C:\WINDOWS\SYSTEM32\CRYPTBASE.dll
0x00007ffd8ac00000 - 0x00007ffd8ac3b000 	C:\WINDOWS\SYSTEM32\IPHLPAPI.DLL
0x00007ffd8d060000 - 0x00007ffd8d068000 	C:\WINDOWS\System32\NSI.dll
0x00007ffd85140000 - 0x00007ffd85157000 	C:\WINDOWS\SYSTEM32\dhcpcsvc6.DLL
0x00007ffd84f60000 - 0x00007ffd84f7d000 	C:\WINDOWS\SYSTEM32\dhcpcsvc.DLL
0x00007ffd8ac40000 - 0x00007ffd8ad0b000 	C:\WINDOWS\SYSTEM32\DNSAPI.dll

dbghelp: loaded successfully - version: 4.0.5 - missing functions: none
symbol engine: initialized successfully - sym options: 0x614 - pdb path: .;C:\Program Files\Android\Android Studio\jre\bin;C:\WINDOWS\SYSTEM32;C:\WINDOWS\WinSxS\amd64_microsoft.windows.common-controls_6595b64144ccf1df_6.0.19041.1110_none_60b5254171f9507e;C:\Program Files\Android\Android Studio\jre\bin\server;C:\Users\giorgi\.gradle\native\e1d6ef7f7dcc3fd88c89a11ec53ec762bb8ba0a96d01ffa2cd45eb1d1d8dd5c5\windows-amd64;C:\Users\giorgi\.gradle\native\5664cfc778a61ccfe75a443a1ab52a65af34e5dc3c78e0209fed803814484fcb\windows-amd64

VM Arguments:
jvm_args: --add-opens=java.base/java.util=ALL-UNNAMED --add-opens=java.base/java.lang=ALL-UNNAMED --add-opens=java.base/java.lang.invoke=ALL-UNNAMED --add-opens=java.base/java.util=ALL-UNNAMED --add-opens=java.prefs/java.util.prefs=ALL-UNNAMED --add-opens=java.prefs/java.util.prefs=ALL-UNNAMED --add-opens=java.base/java.nio.charset=ALL-UNNAMED --add-opens=java.base/java.net=ALL-UNNAMED --add-opens=java.base/java.util.concurrent.atomic=ALL-UNNAMED -Xmx2048m -Dfile.encoding=UTF-8 -Duser.country=US -Duser.language=en -Duser.variant 
java_command: org.gradle.launcher.daemon.bootstrap.GradleDaemon 7.2
java_class_path (initial): C:\Users\giorgi\.gradle\wrapper\dists\gradle-7.2-bin\2dnblmf4td7x66yl1d74lt32g\gradle-7.2\lib\gradle-launcher-7.2.jar
Launcher Type: SUN_STANDARD

[Global flags]
     intx CICompilerCount                          = 3                                         {product} {ergonomic}
     uint ConcGCThreads                            = 1                                         {product} {ergonomic}
     uint G1ConcRefinementThreads                  = 4                                         {product} {ergonomic}
   size_t G1HeapRegionSize                         = 1048576                                   {product} {ergonomic}
    uintx GCDrainStackTargetSize                   = 64                                        {product} {ergonomic}
   size_t InitialHeapSize                          = 67108864                                  {product} {ergonomic}
   size_t MarkStackSize                            = 4194304                                   {product} {ergonomic}
   size_t MaxHeapSize                              = 2147483648                                {product} {command line}
   size_t MaxNewSize                               = 1287651328                                {product} {ergonomic}
   size_t MinHeapDeltaBytes                        = 1048576                                   {product} {ergonomic}
    uintx NonNMethodCodeHeapSize                   = 5830732                                {pd product} {ergonomic}
    uintx NonProfiledCodeHeapSize                  = 122913754                              {pd product} {ergonomic}
    uintx ProfiledCodeHeapSize                     = 122913754                              {pd product} {ergonomic}
    uintx ReservedCodeCacheSize                    = 251658240                              {pd product} {ergonomic}
     bool SegmentedCodeCache                       = true                                      {product} {ergonomic}
     bool UseCompressedClassPointers               = true                                 {lp64_product} {ergonomic}
     bool UseCompressedOops                        = true                                 {lp64_product} {ergonomic}
     bool UseG1GC                                  = true                                      {product} {ergonomic}
     bool UseLargePagesIndividualAllocation        = false                                  {pd product} {ergonomic}

Logging:
Log output configuration:
 #0: stdout all=warning uptime,level,tags
 #1: stderr all=off uptime,level,tags

Environment Variables:
PATH=C:\Program Files (x86)\VMware\VMware Workstation\bin\;C:\WINDOWS\system32;C:\WINDOWS;C:\WINDOWS\System32\Wbem;C:\WINDOWS\System32\WindowsPowerShell\v1.0\;C:\WINDOWS\System32\OpenSSH\;C:\Program Files\Git\cmd;C:\Program Files\Go\bin;C:\Users\giorgi\AppData\Local\Microsoft\WindowsApps;C:\Users\giorgi\AppData\Local\Programs\Microsoft VS Code\bin;C:\Flutter\flutter\bin;C:\Users\giorgi\go\bin
USERNAME=giorgi
OS=Windows_NT
PROCESSOR_IDENTIFIER=Intel64 Family 6 Model 42 Stepping 7, GenuineIntel



---------------  S Y S T E M  ---------------

OS: Windows 10 , 64 bit Build 19041 (10.0.19041.1645)
OS uptime: 0 days 1:12 hours

CPU:total 4 (initial active 4) (2 cores per cpu, 2 threads per core) family 6 model 42 stepping 7 microcode 0x2f, cmov, cx8, fxsr, mmx, sse, sse2, sse3, ssse3, sse4.1, sse4.2, popcnt, avx, clmul, ht, tsc, tscinvbit

Memory: 4k page, system-wide physical 4078M (288M free)
TotalPageFile size 4078M (AvailPageFile size 14M)
current process WorkingSet (physical memory assigned to process): 311M, peak: 356M
current process commit charge ("private bytes"): 495M, peak: 560M

vm_info: OpenJDK 64-Bit Server VM (11.0.11+9-b60-7590822) for windows-amd64 JRE (11.0.11+9-b60-7590822), built on Jul 29 2021 21:43:44 by "builder" with MS VC++ 14.0 (VS2015)

END.
