#
# There is insufficient memory for the Java Runtime Environment to continue.
# Native memory allocation (mmap) failed to map 40894464 bytes for Failed to commit area from 0x000000008c300000 to 0x000000008ea00000 of length 40894464.
# Possible reasons:
#   The system is out of physical RAM or swap space
#   The process is running with CompressedOops enabled, and the Java Heap may be blocking the growth of the native heap
# Possible solutions:
#   Reduce memory load on the system
#   Increase physical memory or swap space
#   Check if swap backing store is full
#   Decrease Java heap size (-Xmx/-Xms)
#   Decrease number of Java threads
#   Decrease Java thread stack sizes (-Xss)
#   Set larger code cache with -XX:ReservedCodeCacheSize=
#   JVM is running with Unscaled Compressed Oops mode in which the Java heap is
#     placed in the first 4GB address space. The Java Heap base address is the
#     maximum limit for the native heap growth. Please use -XX:HeapBaseMinAddress
#     to set the Java Heap base and to place the Java Heap above 4GB virtual address.
# This output file may be truncated or incomplete.
#
#  Out of Memory Error (./src/hotspot/os/windows/os_windows.cpp:3301), pid=8372, tid=4468
#
# JRE version: OpenJDK Runtime Environment (11.0.11+9) (build 11.0.11+9-b60-7590822)
# Java VM: OpenJDK 64-Bit Server VM (11.0.11+9-b60-7590822, mixed mode, tiered, compressed oops, g1 gc, windows-amd64)
# No core dump will be written. Minidumps are not enabled by default on client versions of Windows
#

---------------  S U M M A R Y ------------

Command Line: --add-opens=java.base/java.util=ALL-UNNAMED --add-opens=java.base/java.lang=ALL-UNNAMED --add-opens=java.base/java.lang.invoke=ALL-UNNAMED --add-opens=java.base/java.util=ALL-UNNAMED --add-opens=java.prefs/java.util.prefs=ALL-UNNAMED --add-opens=java.prefs/java.util.prefs=ALL-UNNAMED --add-opens=java.base/java.nio.charset=ALL-UNNAMED --add-opens=java.base/java.net=ALL-UNNAMED --add-opens=java.base/java.util.concurrent.atomic=ALL-UNNAMED -Xmx2048m -Dfile.encoding=UTF-8 -Duser.country=US -Duser.language=en -Duser.variant org.gradle.launcher.daemon.bootstrap.GradleDaemon 7.2

Host: Intel(R) Core(TM) i3-2120 CPU @ 3.30GHz, 4 cores, 3G,  Windows 10 , 64 bit Build 19041 (10.0.19041.1645)
Time: Wed Apr 27 13:32:34 2022 Georgian Standard Time elapsed time: 292.617817 seconds (0d 0h 4m 52s)

---------------  T H R E A D  ---------------

Current thread (0x000001f97a5a7800):  VMThread "VM Thread" [stack: 0x0000001f79b00000,0x0000001f79c00000] [id=4468]

Stack: [0x0000001f79b00000,0x0000001f79c00000]
[error occurred during error reporting (printing stack bounds), id 0xc0000005, EXCEPTION_ACCESS_VIOLATION (0xc0000005) at pc=0x000001f9644f0f2d]

Native frames: (J=compiled Java code, j=interpreted, Vv=VM code, C=native code)
V  [jvm.dll+0x5f214a]
V  [jvm.dll+0x726fb5]
V  [jvm.dll+0x7285cd]
V  [jvm.dll+0x728be5]
V  [jvm.dll+0x728b9b]
V  [jvm.dll+0x5f14e8]
V  [jvm.dll+0x5f1c78]
C  [ntdll.dll+0xa20cf]
C  [ntdll.dll+0x51454]
C  [ntdll.dll+0xa0bfe]
C  0x000001f9644f0f2d

VM_Operation (0x0000001f7ecfa200): G1CollectForAllocation, mode: safepoint, requested by thread 0x000001f9029aa800


---------------  P R O C E S S  ---------------

Threads class SMR info:
_java_thread_list=0x000001f90501a770, length=84, elements={
0x000001f9609fe800, 0x000001f97a5ab000, 0x000001f97a5b5000, 0x000001f97af20800,
0x000001f97af21800, 0x000001f97af24000, 0x000001f97af27000, 0x000001f97af2d800,
0x000001f97af2e800, 0x000001f97b093800, 0x000001f97cad3800, 0x000001f97cad3000,
0x000001f97cad2000, 0x000001f97d7e7800, 0x000001f97d7eb000, 0x000001f97d7e8800,
0x000001f97d7ec000, 0x000001f97d7ec800, 0x000001f97d7ee800, 0x000001f97d7ef000,
0x000001f97d7e9800, 0x000001f97d7f2800, 0x000001f97d7f0800, 0x000001f97d7f5000,
0x000001f97b311000, 0x000001f97eb52000, 0x000001f97eb50800, 0x000001f97eb51000,
0x000001f97eb4f800, 0x000001f97eb58800, 0x000001f97eb56000, 0x000001f97eb57000,
0x000001f97eb55800, 0x000001f97eb57800, 0x000001f97eb53000, 0x000001f97eb59800,
0x000001f97eb53800, 0x000001f97eb5a000, 0x000001f97eb5b000, 0x000001f97eb5c000,
0x000001f97eb5c800, 0x000001f97eb5d800, 0x000001f97eb5e800, 0x000001f97b30d000,
0x000001f97b30f800, 0x000001f97b313800, 0x000001f97b314800, 0x000001f97b310800,
0x000001f97b30e800, 0x000001f97b315000, 0x000001f97b316000, 0x000001f97b312800,
0x000001f97b317000, 0x000001f97b317800, 0x000001f97b312000, 0x000001f97b31a000,
0x000001f97b318800, 0x000001f97b319800, 0x000001f97b31b000, 0x000001f97b31b800,
0x000001f97cad0800, 0x000001f97cad4800, 0x000001f97cacf000, 0x000001f97cad5800,
0x000001f97cad1800, 0x000001f97cacf800, 0x000001f97d7ed800, 0x000001f97d7f0000,
0x000001f97d7ea000, 0x000001f97d7f6800, 0x000001f97d7f3000, 0x000001f9029a3800,
0x000001f9029a2000, 0x000001f9029a4800, 0x000001f9029a7000, 0x000001f9029a5800,
0x000001f9029a1800, 0x000001f9029a8800, 0x000001f9029a8000, 0x000001f9029a3000,
0x000001f9029ad800, 0x000001f9029aa800, 0x000001f9029af000, 0x000001f9029ae800
}

Java Threads: ( => current thread )
  0x000001f9609fe800 JavaThread "main" [_thread_blocked, id=7944, stack(0x0000001f79500000,0x0000001f79600000)]
  0x000001f97a5ab000 JavaThread "Reference Handler" daemon [_thread_blocked, id=3344, stack(0x0000001f79c00000,0x0000001f79d00000)]
  0x000001f97a5b5000 JavaThread "Finalizer" daemon [_thread_blocked, id=1760, stack(0x0000001f79d00000,0x0000001f79e00000)]
  0x000001f97af20800 JavaThread "Signal Dispatcher" daemon [_thread_blocked, id=3612, stack(0x0000001f79e00000,0x0000001f79f00000)]
  0x000001f97af21800 JavaThread "Attach Listener" daemon [_thread_blocked, id=7248, stack(0x0000001f79f00000,0x0000001f7a000000)]
  0x000001f97af24000 JavaThread "Service Thread" daemon [_thread_blocked, id=9176, stack(0x0000001f7a000000,0x0000001f7a100000)]
  0x000001f97af27000 JavaThread "C2 CompilerThread0" daemon [_thread_blocked, id=7800, stack(0x0000001f7a100000,0x0000001f7a200000)]
  0x000001f97af2d800 JavaThread "C1 CompilerThread0" daemon [_thread_blocked, id=6964, stack(0x0000001f7a200000,0x0000001f7a300000)]
  0x000001f97af2e800 JavaThread "Sweeper thread" daemon [_thread_blocked, id=6840, stack(0x0000001f7a300000,0x0000001f7a400000)]
  0x000001f97b093800 JavaThread "Common-Cleaner" daemon [_thread_blocked, id=9180, stack(0x0000001f7a400000,0x0000001f7a500000)]
  0x000001f97cad3800 JavaThread "Daemon health stats" [_thread_blocked, id=1324, stack(0x0000001f7a800000,0x0000001f7a900000)]
  0x000001f97cad3000 JavaThread "Incoming local TCP Connector on port 65227" [_thread_in_native, id=832, stack(0x0000001f7a900000,0x0000001f7aa00000)]
  0x000001f97cad2000 JavaThread "Daemon periodic checks" [_thread_blocked, id=7416, stack(0x0000001f7aa00000,0x0000001f7ab00000)]
  0x000001f97d7e7800 JavaThread "Cache worker for journal cache (C:\Users\giorgi\.gradle\caches\journal-1)" [_thread_blocked, id=7612, stack(0x0000001f7b400000,0x0000001f7b500000)]
  0x000001f97d7eb000 JavaThread "File lock request listener" [_thread_in_native, id=5944, stack(0x0000001f7b500000,0x0000001f7b600000)]
  0x000001f97d7e8800 JavaThread "Cache worker for file hash cache (C:\Users\giorgi\.gradle\caches\7.2\fileHashes)" [_thread_blocked, id=8816, stack(0x0000001f7b600000,0x0000001f7b700000)]
  0x000001f97d7ec000 JavaThread "File watcher server" daemon [_thread_blocked, id=976, stack(0x0000001f7b800000,0x0000001f7b900000)]
  0x000001f97d7ec800 JavaThread "File watcher consumer" daemon [_thread_blocked, id=5420, stack(0x0000001f7b900000,0x0000001f7ba00000)]
  0x000001f97d7ee800 JavaThread "jar transforms" [_thread_blocked, id=2724, stack(0x0000001f7a600000,0x0000001f7a700000)]
  0x000001f97d7ef000 JavaThread "jar transforms Thread 2" [_thread_blocked, id=3912, stack(0x0000001f7ba00000,0x0000001f7bb00000)]
  0x000001f97d7e9800 JavaThread "jar transforms Thread 3" [_thread_blocked, id=5528, stack(0x0000001f7bb00000,0x0000001f7bc00000)]
  0x000001f97d7f2800 JavaThread "jar transforms Thread 4" [_thread_blocked, id=7004, stack(0x0000001f7bc00000,0x0000001f7bd00000)]
  0x000001f97d7f0800 JavaThread "Cache worker for execution history cache (C:\Users\giorgi\.gradle\caches\7.2\executionHistory)" [_thread_blocked, id=8240, stack(0x0000001f7c000000,0x0000001f7c100000)]
  0x000001f97d7f5000 JavaThread "Cache worker for file content cache (C:\Users\giorgi\.gradle\caches\7.2\fileContent)" [_thread_blocked, id=7620, stack(0x0000001f7c200000,0x0000001f7c300000)]
  0x000001f97b311000 JavaThread "Memory manager" [_thread_blocked, id=5624, stack(0x0000001f7ef00000,0x0000001f7f000000)]
  0x000001f97eb52000 JavaThread "Daemon Thread 2" [_thread_blocked, id=6996, stack(0x0000001f79200000,0x0000001f79300000)]
  0x000001f97eb50800 JavaThread "Handler for socket connection from /127.0.0.1:65227 to /127.0.0.1:65236" [_thread_in_native, id=6124, stack(0x0000001f79300000,0x0000001f79400000)]
  0x000001f97eb51000 JavaThread "Cancel handler" [_thread_blocked, id=8156, stack(0x0000001f79400000,0x0000001f79500000)]
  0x000001f97eb4f800 JavaThread "Daemon worker Thread 2" [_thread_blocked, id=5348, stack(0x0000001f7ab00000,0x0000001f7ac00000)]
  0x000001f97eb58800 JavaThread "Asynchronous log dispatcher for DefaultDaemonConnection: socket connection from /127.0.0.1:65227 to /127.0.0.1:65236" [_thread_blocked, id=9188, stack(0x0000001f7ac00000,0x0000001f7ad00000)]
  0x000001f97eb56000 JavaThread "Stdin handler" [_thread_blocked, id=4304, stack(0x0000001f7ad00000,0x0000001f7ae00000)]
  0x000001f97eb57000 JavaThread "Daemon client event forwarder" [_thread_blocked, id=7504, stack(0x0000001f7ae00000,0x0000001f7af00000)]
  0x000001f97eb55800 JavaThread "Cache worker for file hash cache (C:\Users\giorgi\StudioProjects\altaapp\.gradle\7.2\fileHashes)" [_thread_blocked, id=2304, stack(0x0000001f7af00000,0x0000001f7b000000)]
  0x000001f97eb57800 JavaThread "Cache worker for checksums cache (C:\Users\giorgi\StudioProjects\altaapp\.gradle\checksums)" [_thread_blocked, id=3624, stack(0x0000001f7b000000,0x0000001f7b100000)]
  0x000001f97eb53000 JavaThread "Cache worker for cache directory md-supplier (C:\Users\giorgi\.gradle\caches\7.2\md-supplier)" [_thread_blocked, id=7932, stack(0x0000001f7b100000,0x0000001f7b200000)]
  0x000001f97eb59800 JavaThread "Cache worker for cache directory md-rule (C:\Users\giorgi\.gradle\caches\7.2\md-rule)" [_thread_blocked, id=4568, stack(0x0000001f7b700000,0x0000001f7b800000)]
  0x000001f97eb53800 JavaThread "Cache worker for dependencies-accessors (C:\Users\giorgi\StudioProjects\altaapp\.gradle\7.2\dependencies-accessors)" [_thread_blocked, id=188, stack(0x0000001f7bd00000,0x0000001f7be00000)]
  0x000001f97eb5a000 JavaThread "Cache worker for Build Output Cleanup Cache (C:\Users\giorgi\StudioProjects\altaapp\.gradle\buildOutputCleanup)" [_thread_blocked, id=3480, stack(0x0000001f7be00000,0x0000001f7bf00000)]
  0x000001f97eb5b000 JavaThread "Unconstrained build operations" [_thread_blocked, id=9100, stack(0x0000001f7bf00000,0x0000001f7c000000)]
  0x000001f97eb5c000 JavaThread "Unconstrained build operations Thread 2" [_thread_blocked, id=6604, stack(0x0000001f7c100000,0x0000001f7c200000)]
  0x000001f97eb5c800 JavaThread "Unconstrained build operations Thread 3" [_thread_blocked, id=8520, stack(0x0000001f7c300000,0x0000001f7c400000)]
  0x000001f97eb5d800 JavaThread "Unconstrained build operations Thread 4" [_thread_blocked, id=3984, stack(0x0000001f7c400000,0x0000001f7c500000)]
  0x000001f97eb5e800 JavaThread "Unconstrained build operations Thread 5" [_thread_blocked, id=8996, stack(0x0000001f7c500000,0x0000001f7c600000)]
  0x000001f97b30d000 JavaThread "Unconstrained build operations Thread 6" [_thread_blocked, id=7716, stack(0x0000001f7c600000,0x0000001f7c700000)]
  0x000001f97b30f800 JavaThread "Unconstrained build operations Thread 7" [_thread_blocked, id=8772, stack(0x0000001f7c700000,0x0000001f7c800000)]
  0x000001f97b313800 JavaThread "Unconstrained build operations Thread 8" [_thread_blocked, id=8764, stack(0x0000001f7c800000,0x0000001f7c900000)]
  0x000001f97b314800 JavaThread "Unconstrained build operations Thread 9" [_thread_blocked, id=6044, stack(0x0000001f7c900000,0x0000001f7ca00000)]
  0x000001f97b310800 JavaThread "Unconstrained build operations Thread 10" [_thread_blocked, id=32, stack(0x0000001f7ca00000,0x0000001f7cb00000)]
  0x000001f97b30e800 JavaThread "Unconstrained build operations Thread 11" [_thread_blocked, id=8932, stack(0x0000001f7cb00000,0x0000001f7cc00000)]
  0x000001f97b315000 JavaThread "Unconstrained build operations Thread 12" [_thread_blocked, id=2432, stack(0x0000001f7cc00000,0x0000001f7cd00000)]
  0x000001f97b316000 JavaThread "Unconstrained build operations Thread 13" [_thread_blocked, id=5064, stack(0x0000001f7cd00000,0x0000001f7ce00000)]
  0x000001f97b312800 JavaThread "Unconstrained build operations Thread 14" [_thread_blocked, id=724, stack(0x0000001f7ce00000,0x0000001f7cf00000)]
  0x000001f97b317000 JavaThread "Unconstrained build operations Thread 15" [_thread_blocked, id=8308, stack(0x0000001f7cf00000,0x0000001f7d000000)]
  0x000001f97b317800 JavaThread "Unconstrained build operations Thread 16" [_thread_blocked, id=7948, stack(0x0000001f7d000000,0x0000001f7d100000)]
  0x000001f97b312000 JavaThread "Unconstrained build operations Thread 17" [_thread_blocked, id=2588, stack(0x0000001f7d100000,0x0000001f7d200000)]
  0x000001f97b31a000 JavaThread "Unconstrained build operations Thread 18" [_thread_blocked, id=8244, stack(0x0000001f7d200000,0x0000001f7d300000)]
  0x000001f97b318800 JavaThread "Unconstrained build operations Thread 19" [_thread_blocked, id=1924, stack(0x0000001f7d300000,0x0000001f7d400000)]
  0x000001f97b319800 JavaThread "Unconstrained build operations Thread 20" [_thread_blocked, id=6856, stack(0x0000001f7d400000,0x0000001f7d500000)]
  0x000001f97b31b000 JavaThread "Unconstrained build operations Thread 21" [_thread_blocked, id=4776, stack(0x0000001f7d500000,0x0000001f7d600000)]
  0x000001f97b31b800 JavaThread "Unconstrained build operations Thread 22" [_thread_blocked, id=6524, stack(0x0000001f7d600000,0x0000001f7d700000)]
  0x000001f97cad0800 JavaThread "Unconstrained build operations Thread 23" [_thread_blocked, id=968, stack(0x0000001f7d700000,0x0000001f7d800000)]
  0x000001f97cad4800 JavaThread "Unconstrained build operations Thread 24" [_thread_blocked, id=5820, stack(0x0000001f7d800000,0x0000001f7d900000)]
  0x000001f97cacf000 JavaThread "Unconstrained build operations Thread 25" [_thread_blocked, id=5888, stack(0x0000001f7d900000,0x0000001f7da00000)]
  0x000001f97cad5800 JavaThread "Unconstrained build operations Thread 26" [_thread_blocked, id=5100, stack(0x0000001f7da00000,0x0000001f7db00000)]
  0x000001f97cad1800 JavaThread "Unconstrained build operations Thread 27" [_thread_blocked, id=7848, stack(0x0000001f7db00000,0x0000001f7dc00000)]
  0x000001f97cacf800 JavaThread "Unconstrained build operations Thread 28" [_thread_blocked, id=7300, stack(0x0000001f7dc00000,0x0000001f7dd00000)]
  0x000001f97d7ed800 JavaThread "Unconstrained build operations Thread 29" [_thread_blocked, id=8960, stack(0x0000001f7dd00000,0x0000001f7de00000)]
  0x000001f97d7f0000 JavaThread "Unconstrained build operations Thread 30" [_thread_blocked, id=1504, stack(0x0000001f7de00000,0x0000001f7df00000)]
  0x000001f97d7ea000 JavaThread "Unconstrained build operations Thread 31" [_thread_blocked, id=5664, stack(0x0000001f7df00000,0x0000001f7e000000)]
  0x000001f97d7f6800 JavaThread "Unconstrained build operations Thread 32" [_thread_blocked, id=912, stack(0x0000001f7e000000,0x0000001f7e100000)]
  0x000001f97d7f3000 JavaThread "Unconstrained build operations Thread 33" [_thread_blocked, id=6040, stack(0x0000001f7e100000,0x0000001f7e200000)]
  0x000001f9029a3800 JavaThread "Unconstrained build operations Thread 34" [_thread_blocked, id=6372, stack(0x0000001f7e200000,0x0000001f7e300000)]
  0x000001f9029a2000 JavaThread "Unconstrained build operations Thread 35" [_thread_blocked, id=2892, stack(0x0000001f7e300000,0x0000001f7e400000)]
  0x000001f9029a4800 JavaThread "Unconstrained build operations Thread 36" [_thread_blocked, id=9084, stack(0x0000001f7e400000,0x0000001f7e500000)]
  0x000001f9029a7000 JavaThread "Unconstrained build operations Thread 37" [_thread_blocked, id=1588, stack(0x0000001f7e500000,0x0000001f7e600000)]
  0x000001f9029a5800 JavaThread "Unconstrained build operations Thread 38" [_thread_blocked, id=7420, stack(0x0000001f7e600000,0x0000001f7e700000)]
  0x000001f9029a1800 JavaThread "Unconstrained build operations Thread 39" [_thread_blocked, id=5880, stack(0x0000001f7e700000,0x0000001f7e800000)]
  0x000001f9029a8800 JavaThread "Unconstrained build operations Thread 40" [_thread_blocked, id=3704, stack(0x0000001f7e800000,0x0000001f7e900000)]
  0x000001f9029a8000 JavaThread "build event listener" [_thread_blocked, id=904, stack(0x0000001f7e900000,0x0000001f7ea00000)]
  0x000001f9029a3000 JavaThread "Execution worker for ':'" [_thread_blocked, id=2092, stack(0x0000001f7ea00000,0x0000001f7eb00000)]
  0x000001f9029ad800 JavaThread "Execution worker for ':' Thread 2" [_thread_blocked, id=5252, stack(0x0000001f7eb00000,0x0000001f7ec00000)]
  0x000001f9029aa800 JavaThread "Execution worker for ':' Thread 3" [_thread_blocked, id=504, stack(0x0000001f7ec00000,0x0000001f7ed00000)]
  0x000001f9029af000 JavaThread "Cache worker for execution history cache (C:\Users\giorgi\StudioProjects\altaapp\.gradle\7.2\executionHistory)" [_thread_blocked, id=6664, stack(0x0000001f7ed00000,0x0000001f7ee00000)]
  0x000001f9029ae800 JavaThread "WorkerExecutor Queue" [_thread_blocked, id=1292, stack(0x0000001f7ee00000,0x0000001f7ef00000)]

Other Threads:
=>0x000001f97a5a7800 VMThread "VM Thread" [stack: 0x0000001f79b00000,0x0000001f79c00000] [id=4468]
  0x000001f97b09f800 WatcherThread [stack: 0x0000001f7a500000,0x0000001f7a600000] [id=1348]
  0x000001f960a15800 GCTaskThread "GC Thread#0" [stack: 0x0000001f79600000,0x0000001f79700000] [id=1256]
  0x000001f97b544000 GCTaskThread "GC Thread#1" [stack: 0x0000001f7a700000,0x0000001f7a800000] [id=4648]
  0x000001f97d48e800 GCTaskThread "GC Thread#2" [stack: 0x0000001f7b200000,0x0000001f7b300000] [id=7596]
  0x000001f97d6af000 GCTaskThread "GC Thread#3" [stack: 0x0000001f7b300000,0x0000001f7b400000] [id=1900]
  0x000001f960a46000 ConcurrentGCThread "G1 Main Marker" [stack: 0x0000001f79700000,0x0000001f79800000] [id=4448]
  0x000001f960a47000 ConcurrentGCThread "G1 Conc#0" [stack: 0x0000001f79800000,0x0000001f79900000] [id=1416]
  0x000001f960a9f000 ConcurrentGCThread "G1 Refine#0" [stack: 0x0000001f79900000,0x0000001f79a00000] [id=4892]
  0x000001f960aa0800 ConcurrentGCThread "G1 Young RemSet Sampling" [stack: 0x0000001f79a00000,0x0000001f79b00000] [id=5948]

Threads with active compile tasks:
C1 CompilerThread0 292867 16357       3       org.apache.xerces.impl.validation.ValidationState::resetIDTables (15 bytes)

VM state:at safepoint (normal execution)

VM Mutex/Monitor currently owned by a thread:  ([mutex/lock_event])
[0x000001f9609fba50] Threads_lock - owner thread: 0x000001f97a5a7800
[0x000001f9609fa4f0] Heap_lock - owner thread: 0x000001f9029aa800

Heap address: 0x0000000080000000, size: 2048 MB, Compressed Oops mode: 32-bit
Narrow klass base: 0x0000000000000000, Narrow klass shift: 3
Compressed class space size: 1073741824 Address: 0x0000000100000000

Heap:
 garbage-first heap   total 239616K, used 178712K [0x0000000080000000, 0x0000000100000000)
  region size 1024K, 1 young (1024K), 1 survivors (1024K)
 Metaspace       used 116409K, capacity 119697K, committed 119752K, reserved 1153024K
  class space    used 14801K, capacity 15960K, committed 16000K, reserved 1048576K
Heap Regions: E=young(eden), S=young(survivor), O=old, HS=humongous(starts), HC=humongous(continues), CS=collection set, F=free, A=archive, TAMS=top-at-mark-start (previous, next)
|   0|0x0000000080000000, 0x0000000080100000, 0x0000000080100000|100%| O|  |TAMS 0x0000000080100000, 0x0000000080000000| Untracked 
|   1|0x0000000080100000, 0x0000000080200000, 0x0000000080200000|100%| O|  |TAMS 0x0000000080200000, 0x0000000080100000| Complete 
|   2|0x0000000080200000, 0x0000000080300000, 0x0000000080300000|100%| O|  |TAMS 0x0000000080300000, 0x0000000080200000| Untracked 
|   3|0x0000000080300000, 0x0000000080400000, 0x0000000080400000|100%|HS|  |TAMS 0x0000000080400000, 0x0000000080300000| Complete 
|   4|0x0000000080400000, 0x0000000080500000, 0x0000000080500000|100%|HC|  |TAMS 0x0000000080500000, 0x0000000080400000| Complete 
|   5|0x0000000080500000, 0x0000000080600000, 0x0000000080600000|100%|HC|  |TAMS 0x0000000080600000, 0x0000000080500000| Complete 
|   6|0x0000000080600000, 0x0000000080700000, 0x0000000080700000|100%| O|  |TAMS 0x0000000080700000, 0x0000000080600000| Untracked 
|   7|0x0000000080700000, 0x0000000080800000, 0x0000000080800000|100%| O|  |TAMS 0x0000000080800000, 0x0000000080700000| Untracked 
|   8|0x0000000080800000, 0x0000000080900000, 0x0000000080900000|100%| O|  |TAMS 0x0000000080900000, 0x0000000080800000| Complete 
|   9|0x0000000080900000, 0x0000000080a00000, 0x0000000080a00000|100%| O|  |TAMS 0x0000000080a00000, 0x0000000080900000| Untracked 
|  10|0x0000000080a00000, 0x0000000080b00000, 0x0000000080b00000|100%| O|  |TAMS 0x0000000080b00000, 0x0000000080a00000| Untracked 
|  11|0x0000000080b00000, 0x0000000080c00000, 0x0000000080c00000|100%| O|  |TAMS 0x0000000080c00000, 0x0000000080b00000| Untracked 
|  12|0x0000000080c00000, 0x0000000080d00000, 0x0000000080d00000|100%| O|  |TAMS 0x0000000080d00000, 0x0000000080c00000| Untracked 
|  13|0x0000000080d00000, 0x0000000080e00000, 0x0000000080e00000|100%| O|  |TAMS 0x0000000080e00000, 0x0000000080d00000| Untracked 
|  14|0x0000000080e00000, 0x0000000080f00000, 0x0000000080f00000|100%| O|  |TAMS 0x0000000080f00000, 0x0000000080e00000| Untracked 
|  15|0x0000000080f00000, 0x0000000081000000, 0x0000000081000000|100%| O|  |TAMS 0x0000000081000000, 0x0000000080f00000| Untracked 
|  16|0x0000000081000000, 0x0000000081100000, 0x0000000081100000|100%| O|  |TAMS 0x0000000081100000, 0x0000000081000000| Complete 
|  17|0x0000000081100000, 0x0000000081200000, 0x0000000081200000|100%|HS|  |TAMS 0x0000000081200000, 0x0000000081100000| Complete 
|  18|0x0000000081200000, 0x0000000081300000, 0x0000000081300000|100%|HC|  |TAMS 0x0000000081300000, 0x0000000081200000| Complete 
|  19|0x0000000081300000, 0x0000000081400000, 0x0000000081400000|100%|HS|  |TAMS 0x0000000081400000, 0x0000000081300000| Complete 
|  20|0x0000000081400000, 0x0000000081500000, 0x0000000081500000|100%|HC|  |TAMS 0x0000000081500000, 0x0000000081400000| Complete 
|  21|0x0000000081500000, 0x0000000081600000, 0x0000000081600000|100%|HC|  |TAMS 0x0000000081600000, 0x0000000081500000| Complete 
|  22|0x0000000081600000, 0x0000000081700000, 0x0000000081700000|100%|HS|  |TAMS 0x0000000081700000, 0x0000000081600000| Complete 
|  23|0x0000000081700000, 0x0000000081800000, 0x0000000081800000|100%|HC|  |TAMS 0x0000000081800000, 0x0000000081700000| Complete 
|  24|0x0000000081800000, 0x0000000081900000, 0x0000000081900000|100%|HC|  |TAMS 0x0000000081900000, 0x0000000081800000| Complete 
|  25|0x0000000081900000, 0x0000000081a00000, 0x0000000081a00000|100%|HC|  |TAMS 0x0000000081a00000, 0x0000000081900000| Complete 
|  26|0x0000000081a00000, 0x0000000081b00000, 0x0000000081b00000|100%| O|  |TAMS 0x0000000081b00000, 0x0000000081a00000| Complete 
|  27|0x0000000081b00000, 0x0000000081c00000, 0x0000000081c00000|100%| O|  |TAMS 0x0000000081c00000, 0x0000000081b00000| Untracked 
|  28|0x0000000081c00000, 0x0000000081d00000, 0x0000000081d00000|100%| O|  |TAMS 0x0000000081d00000, 0x0000000081c00000| Untracked 
|  29|0x0000000081d00000, 0x0000000081e00000, 0x0000000081e00000|100%| O|  |TAMS 0x0000000081e00000, 0x0000000081d00000| Untracked 
|  30|0x0000000081e00000, 0x0000000081f00000, 0x0000000081f00000|100%| O|  |TAMS 0x0000000081f00000, 0x0000000081e00000| Complete 
|  31|0x0000000081f00000, 0x0000000082000000, 0x0000000082000000|100%| O|  |TAMS 0x0000000082000000, 0x0000000081f00000| Untracked 
|  32|0x0000000082000000, 0x0000000082100000, 0x0000000082100000|100%| O|  |TAMS 0x0000000082100000, 0x0000000082000000| Untracked 
|  33|0x0000000082100000, 0x0000000082200000, 0x0000000082200000|100%| O|  |TAMS 0x0000000082200000, 0x0000000082100000| Complete 
|  34|0x0000000082200000, 0x0000000082300000, 0x0000000082300000|100%| O|  |TAMS 0x0000000082300000, 0x0000000082200000| Complete 
|  35|0x0000000082300000, 0x0000000082400000, 0x0000000082400000|100%| O|  |TAMS 0x0000000082400000, 0x0000000082300000| Untracked 
|  36|0x0000000082400000, 0x0000000082500000, 0x0000000082500000|100%| O|  |TAMS 0x0000000082500000, 0x0000000082400000| Untracked 
|  37|0x0000000082500000, 0x0000000082600000, 0x0000000082600000|100%| O|  |TAMS 0x0000000082600000, 0x0000000082500000| Untracked 
|  38|0x0000000082600000, 0x0000000082700000, 0x0000000082700000|100%| O|  |TAMS 0x0000000082700000, 0x0000000082600000| Untracked 
|  39|0x0000000082700000, 0x0000000082800000, 0x0000000082800000|100%| O|  |TAMS 0x0000000082800000, 0x0000000082700000| Complete 
|  40|0x0000000082800000, 0x0000000082900000, 0x0000000082900000|100%| O|  |TAMS 0x0000000082900000, 0x0000000082800000| Complete 
|  41|0x0000000082900000, 0x0000000082a00000, 0x0000000082a00000|100%|HS|  |TAMS 0x0000000082a00000, 0x0000000082900000| Complete 
|  42|0x0000000082a00000, 0x0000000082b00000, 0x0000000082b00000|100%|HC|  |TAMS 0x0000000082b00000, 0x0000000082a00000| Complete 
|  43|0x0000000082b00000, 0x0000000082c00000, 0x0000000082c00000|100%|HC|  |TAMS 0x0000000082c00000, 0x0000000082b00000| Complete 
|  44|0x0000000082c00000, 0x0000000082d00000, 0x0000000082d00000|100%|HC|  |TAMS 0x0000000082d00000, 0x0000000082c00000| Complete 
|  45|0x0000000082d00000, 0x0000000082e00000, 0x0000000082e00000|100%| O|  |TAMS 0x0000000082e00000, 0x0000000082d00000| Untracked 
|  46|0x0000000082e00000, 0x0000000082f00000, 0x0000000082f00000|100%| O|  |TAMS 0x0000000082f00000, 0x0000000082e00000| Untracked 
|  47|0x0000000082f00000, 0x0000000083000000, 0x0000000083000000|100%| O|  |TAMS 0x0000000083000000, 0x0000000082f00000| Complete 
|  48|0x0000000083000000, 0x0000000083100000, 0x0000000083100000|100%| O|  |TAMS 0x0000000083100000, 0x0000000083000000| Untracked 
|  49|0x0000000083100000, 0x0000000083200000, 0x0000000083200000|100%| O|  |TAMS 0x0000000083200000, 0x0000000083100000| Untracked 
|  50|0x0000000083200000, 0x0000000083300000, 0x0000000083300000|100%|HS|  |TAMS 0x0000000083300000, 0x0000000083200000| Complete 
|  51|0x0000000083300000, 0x0000000083400000, 0x0000000083400000|100%|HC|  |TAMS 0x0000000083400000, 0x0000000083300000| Complete 
|  52|0x0000000083400000, 0x0000000083500000, 0x0000000083500000|100%|HC|  |TAMS 0x0000000083500000, 0x0000000083400000| Complete 
|  53|0x0000000083500000, 0x0000000083600000, 0x0000000083600000|100%| O|  |TAMS 0x0000000083600000, 0x0000000083500000| Untracked 
|  54|0x0000000083600000, 0x0000000083700000, 0x0000000083700000|100%| O|  |TAMS 0x0000000083700000, 0x0000000083600000| Complete 
|  55|0x0000000083700000, 0x0000000083800000, 0x0000000083800000|100%| O|  |TAMS 0x0000000083800000, 0x0000000083700000| Untracked 
|  56|0x0000000083800000, 0x0000000083900000, 0x0000000083900000|100%| O|  |TAMS 0x0000000083900000, 0x0000000083800000| Untracked 
|  57|0x0000000083900000, 0x0000000083a00000, 0x0000000083a00000|100%| O|  |TAMS 0x0000000083a00000, 0x0000000083900000| Untracked 
|  58|0x0000000083a00000, 0x0000000083b00000, 0x0000000083b00000|100%| O|  |TAMS 0x0000000083b00000, 0x0000000083a00000| Untracked 
|  59|0x0000000083b00000, 0x0000000083c00000, 0x0000000083c00000|100%| O|  |TAMS 0x0000000083c00000, 0x0000000083b00000| Untracked 
|  60|0x0000000083c00000, 0x0000000083d00000, 0x0000000083d00000|100%|HS|  |TAMS 0x0000000083d00000, 0x0000000083c00000| Complete 
|  61|0x0000000083d00000, 0x0000000083e00000, 0x0000000083e00000|100%|HS|  |TAMS 0x0000000083e00000, 0x0000000083d00000| Complete 
|  62|0x0000000083e00000, 0x0000000083f00000, 0x0000000083f00000|100%|HS|  |TAMS 0x0000000083f00000, 0x0000000083e00000| Complete 
|  63|0x0000000083f00000, 0x0000000084000000, 0x0000000084000000|100%| O|  |TAMS 0x0000000084000000, 0x0000000083f00000| Complete 
|  64|0x0000000084000000, 0x0000000084100000, 0x0000000084100000|100%|HS|  |TAMS 0x0000000084100000, 0x0000000084000000| Complete 
|  65|0x0000000084100000, 0x0000000084200000, 0x0000000084200000|100%| O|  |TAMS 0x0000000084200000, 0x0000000084100000| Complete 
|  66|0x0000000084200000, 0x0000000084300000, 0x0000000084300000|100%| O|  |TAMS 0x0000000084300000, 0x0000000084200000| Complete 
|  67|0x0000000084300000, 0x0000000084400000, 0x0000000084400000|100%|HS|  |TAMS 0x0000000084400000, 0x0000000084300000| Complete 
|  68|0x0000000084400000, 0x0000000084500000, 0x0000000084500000|100%|HC|  |TAMS 0x0000000084500000, 0x0000000084400000| Complete 
|  69|0x0000000084500000, 0x0000000084600000, 0x0000000084600000|100%|HC|  |TAMS 0x0000000084600000, 0x0000000084500000| Complete 
|  70|0x0000000084600000, 0x0000000084700000, 0x0000000084700000|100%| O|  |TAMS 0x0000000084700000, 0x0000000084600000| Untracked 
|  71|0x0000000084700000, 0x0000000084800000, 0x0000000084800000|100%| O|  |TAMS 0x0000000084800000, 0x0000000084700000| Untracked 
|  72|0x0000000084800000, 0x0000000084900000, 0x0000000084900000|100%|HS|  |TAMS 0x0000000084900000, 0x0000000084800000| Complete 
|  73|0x0000000084900000, 0x0000000084a00000, 0x0000000084a00000|100%|HC|  |TAMS 0x0000000084a00000, 0x0000000084900000| Complete 
|  74|0x0000000084a00000, 0x0000000084b00000, 0x0000000084b00000|100%| O|  |TAMS 0x0000000084b00000, 0x0000000084a00000| Complete 
|  75|0x0000000084b00000, 0x0000000084c00000, 0x0000000084c00000|100%| O|  |TAMS 0x0000000084c00000, 0x0000000084b00000| Untracked 
|  76|0x0000000084c00000, 0x0000000084d00000, 0x0000000084d00000|100%| O|  |TAMS 0x0000000084d00000, 0x0000000084c00000| Untracked 
|  77|0x0000000084d00000, 0x0000000084e00000, 0x0000000084e00000|100%| O|  |TAMS 0x0000000084e00000, 0x0000000084d00000| Untracked 
|  78|0x0000000084e00000, 0x0000000084f00000, 0x0000000084f00000|100%| O|  |TAMS 0x0000000084f00000, 0x0000000084e00000| Untracked 
|  79|0x0000000084f00000, 0x0000000085000000, 0x0000000085000000|100%| O|  |TAMS 0x0000000085000000, 0x0000000084f00000| Complete 
|  80|0x0000000085000000, 0x0000000085100000, 0x0000000085100000|100%| O|  |TAMS 0x0000000085100000, 0x0000000085000000| Untracked 
|  81|0x0000000085100000, 0x0000000085200000, 0x0000000085200000|100%| O|  |TAMS 0x0000000085200000, 0x0000000085100000| Untracked 
|  82|0x0000000085200000, 0x0000000085300000, 0x0000000085300000|100%| O|  |TAMS 0x0000000085300000, 0x0000000085200000| Untracked 
|  83|0x0000000085300000, 0x0000000085400000, 0x0000000085400000|100%| O|  |TAMS 0x0000000085400000, 0x0000000085300000| Complete 
|  84|0x0000000085400000, 0x0000000085500000, 0x0000000085500000|100%| O|  |TAMS 0x0000000085500000, 0x0000000085400000| Complete 
|  85|0x0000000085500000, 0x0000000085600000, 0x0000000085600000|100%| O|  |TAMS 0x0000000085600000, 0x0000000085500000| Complete 
|  86|0x0000000085600000, 0x0000000085700000, 0x0000000085700000|100%| O|  |TAMS 0x0000000085700000, 0x0000000085600000| Untracked 
|  87|0x0000000085700000, 0x0000000085800000, 0x0000000085800000|100%| O|  |TAMS 0x0000000085800000, 0x0000000085700000| Complete 
|  88|0x0000000085800000, 0x0000000085900000, 0x0000000085900000|100%| O|  |TAMS 0x0000000085900000, 0x0000000085800000| Complete 
|  89|0x0000000085900000, 0x0000000085a00000, 0x0000000085a00000|100%| O|  |TAMS 0x0000000085a00000, 0x0000000085900000| Complete 
|  90|0x0000000085a00000, 0x0000000085b00000, 0x0000000085b00000|100%| O|  |TAMS 0x0000000085b00000, 0x0000000085a00000| Complete 
|  91|0x0000000085b00000, 0x0000000085c00000, 0x0000000085c00000|100%| O|  |TAMS 0x0000000085c00000, 0x0000000085b00000| Untracked 
|  92|0x0000000085c00000, 0x0000000085d00000, 0x0000000085d00000|100%| O|  |TAMS 0x0000000085d00000, 0x0000000085c00000| Untracked 
|  93|0x0000000085d00000, 0x0000000085e00000, 0x0000000085e00000|100%| O|  |TAMS 0x0000000085e00000, 0x0000000085d00000| Untracked 
|  94|0x0000000085e00000, 0x0000000085f00000, 0x0000000085f00000|100%| O|  |TAMS 0x0000000085f00000, 0x0000000085e00000| Complete 
|  95|0x0000000085f00000, 0x0000000086000000, 0x0000000086000000|100%| O|  |TAMS 0x0000000086000000, 0x0000000085f00000| Complete 
|  96|0x0000000086000000, 0x0000000086100000, 0x0000000086100000|100%|HS|  |TAMS 0x0000000086100000, 0x0000000086000000| Complete 
|  97|0x0000000086100000, 0x0000000086200000, 0x0000000086200000|100%|HC|  |TAMS 0x0000000086200000, 0x0000000086100000| Complete 
|  98|0x0000000086200000, 0x0000000086300000, 0x0000000086300000|100%|HS|  |TAMS 0x0000000086300000, 0x0000000086200000| Complete 
|  99|0x0000000086300000, 0x0000000086400000, 0x0000000086400000|100%|HC|  |TAMS 0x0000000086400000, 0x0000000086300000| Complete 
| 100|0x0000000086400000, 0x0000000086500000, 0x0000000086500000|100%|HC|  |TAMS 0x0000000086500000, 0x0000000086400000| Complete 
| 101|0x0000000086500000, 0x0000000086600000, 0x0000000086600000|100%|HS|  |TAMS 0x0000000086600000, 0x0000000086500000| Complete 
| 102|0x0000000086600000, 0x0000000086700000, 0x0000000086700000|100%|HC|  |TAMS 0x0000000086700000, 0x0000000086600000| Complete 
| 103|0x0000000086700000, 0x0000000086800000, 0x0000000086800000|100%|HC|  |TAMS 0x0000000086800000, 0x0000000086700000| Complete 
| 104|0x0000000086800000, 0x0000000086900000, 0x0000000086900000|100%|HC|  |TAMS 0x0000000086900000, 0x0000000086800000| Complete 
| 105|0x0000000086900000, 0x0000000086a00000, 0x0000000086a00000|100%| O|  |TAMS 0x0000000086a00000, 0x0000000086900000| Untracked 
| 106|0x0000000086a00000, 0x0000000086b00000, 0x0000000086b00000|100%| O|  |TAMS 0x0000000086b00000, 0x0000000086a00000| Complete 
| 107|0x0000000086b00000, 0x0000000086c00000, 0x0000000086c00000|100%| O|  |TAMS 0x0000000086c00000, 0x0000000086b00000| Untracked 
| 108|0x0000000086c00000, 0x0000000086d00000, 0x0000000086d00000|100%| O|  |TAMS 0x0000000086d00000, 0x0000000086c00000| Untracked 
| 109|0x0000000086d00000, 0x0000000086e00000, 0x0000000086e00000|100%| O|  |TAMS 0x0000000086e00000, 0x0000000086d00000| Complete 
| 110|0x0000000086e00000, 0x0000000086f00000, 0x0000000086f00000|100%| O|  |TAMS 0x0000000086f00000, 0x0000000086e00000| Untracked 
| 111|0x0000000086f00000, 0x0000000087000000, 0x0000000087000000|100%| O|  |TAMS 0x0000000087000000, 0x0000000086f00000| Untracked 
| 112|0x0000000087000000, 0x0000000087100000, 0x0000000087100000|100%| O|  |TAMS 0x0000000087100000, 0x0000000087000000| Untracked 
| 113|0x0000000087100000, 0x0000000087200000, 0x0000000087200000|100%| O|  |TAMS 0x0000000087200000, 0x0000000087100000| Complete 
| 114|0x0000000087200000, 0x0000000087300000, 0x0000000087300000|100%| O|  |TAMS 0x0000000087300000, 0x0000000087200000| Untracked 
| 115|0x0000000087300000, 0x0000000087400000, 0x0000000087400000|100%| O|  |TAMS 0x0000000087400000, 0x0000000087300000| Untracked 
| 116|0x0000000087400000, 0x0000000087500000, 0x0000000087500000|100%| O|  |TAMS 0x0000000087500000, 0x0000000087400000| Complete 
| 117|0x0000000087500000, 0x0000000087600000, 0x0000000087600000|100%| O|  |TAMS 0x0000000087600000, 0x0000000087500000| Untracked 
| 118|0x0000000087600000, 0x0000000087700000, 0x0000000087700000|100%| O|  |TAMS 0x0000000087700000, 0x0000000087600000| Untracked 
| 119|0x0000000087700000, 0x0000000087800000, 0x0000000087800000|100%| O|  |TAMS 0x0000000087800000, 0x0000000087700000| Complete 
| 120|0x0000000087800000, 0x0000000087900000, 0x0000000087900000|100%| O|  |TAMS 0x0000000087900000, 0x0000000087800000| Untracked 
| 121|0x0000000087900000, 0x0000000087a00000, 0x0000000087a00000|100%| O|  |TAMS 0x0000000087a00000, 0x0000000087900000| Untracked 
| 122|0x0000000087a00000, 0x0000000087b00000, 0x0000000087b00000|100%| O|  |TAMS 0x0000000087b00000, 0x0000000087a00000| Untracked 
| 123|0x0000000087b00000, 0x0000000087c00000, 0x0000000087c00000|100%| O|  |TAMS 0x0000000087c00000, 0x0000000087b00000| Complete 
| 124|0x0000000087c00000, 0x0000000087d00000, 0x0000000087d00000|100%| O|  |TAMS 0x0000000087d00000, 0x0000000087c00000| Untracked 
| 125|0x0000000087d00000, 0x0000000087e00000, 0x0000000087e00000|100%| O|  |TAMS 0x0000000087e00000, 0x0000000087d00000| Untracked 
| 126|0x0000000087e00000, 0x0000000087f00000, 0x0000000087f00000|100%| O|  |TAMS 0x0000000087f00000, 0x0000000087e00000| Untracked 
| 127|0x0000000087f00000, 0x0000000088000000, 0x0000000088000000|100%| O|  |TAMS 0x0000000088000000, 0x0000000087f00000| Untracked 
| 128|0x0000000088000000, 0x0000000088100000, 0x0000000088100000|100%| O|  |TAMS 0x0000000088100000, 0x0000000088000000| Untracked 
| 129|0x0000000088100000, 0x0000000088200000, 0x0000000088200000|100%| O|  |TAMS 0x0000000088200000, 0x0000000088100000| Complete 
| 130|0x0000000088200000, 0x0000000088300000, 0x0000000088300000|100%| O|  |TAMS 0x0000000088300000, 0x0000000088200000| Untracked 
| 131|0x0000000088300000, 0x0000000088400000, 0x0000000088400000|100%| O|  |TAMS 0x0000000088400000, 0x0000000088300000| Untracked 
| 132|0x0000000088400000, 0x0000000088500000, 0x0000000088500000|100%| O|  |TAMS 0x0000000088500000, 0x0000000088400000| Untracked 
| 133|0x0000000088500000, 0x0000000088600000, 0x0000000088600000|100%| O|  |TAMS 0x0000000088600000, 0x0000000088500000| Untracked 
| 134|0x0000000088600000, 0x0000000088700000, 0x0000000088700000|100%| O|  |TAMS 0x0000000088700000, 0x0000000088600000| Untracked 
| 135|0x0000000088700000, 0x0000000088800000, 0x0000000088800000|100%| O|  |TAMS 0x0000000088800000, 0x0000000088700000| Untracked 
| 136|0x0000000088800000, 0x0000000088900000, 0x0000000088900000|100%| O|  |TAMS 0x0000000088900000, 0x0000000088800000| Complete 
| 137|0x0000000088900000, 0x0000000088a00000, 0x0000000088a00000|100%| O|  |TAMS 0x0000000088a00000, 0x0000000088900000| Untracked 
| 138|0x0000000088a00000, 0x0000000088b00000, 0x0000000088b00000|100%| O|  |TAMS 0x0000000088b00000, 0x0000000088a00000| Complete 
| 139|0x0000000088b00000, 0x0000000088c00000, 0x0000000088c00000|100%| O|  |TAMS 0x0000000088c00000, 0x0000000088b00000| Complete 
| 140|0x0000000088c00000, 0x0000000088d00000, 0x0000000088d00000|100%| O|  |TAMS 0x0000000088d00000, 0x0000000088c00000| Complete 
| 141|0x0000000088d00000, 0x0000000088e00000, 0x0000000088e00000|100%| O|  |TAMS 0x0000000088e00000, 0x0000000088d00000| Untracked 
| 142|0x0000000088e00000, 0x0000000088f00000, 0x0000000088f00000|100%| O|  |TAMS 0x0000000088f00000, 0x0000000088e00000| Untracked 
| 143|0x0000000088f00000, 0x0000000089000000, 0x0000000089000000|100%| O|  |TAMS 0x0000000089000000, 0x0000000088f00000| Untracked 
| 144|0x0000000089000000, 0x0000000089100000, 0x0000000089100000|100%| O|  |TAMS 0x0000000089100000, 0x0000000089000000| Untracked 
| 145|0x0000000089100000, 0x0000000089200000, 0x0000000089200000|100%| O|  |TAMS 0x0000000089200000, 0x0000000089100000| Untracked 
| 146|0x0000000089200000, 0x0000000089300000, 0x0000000089300000|100%| O|  |TAMS 0x0000000089300000, 0x0000000089200000| Untracked 
| 147|0x0000000089300000, 0x0000000089400000, 0x0000000089400000|100%| O|  |TAMS 0x0000000089400000, 0x0000000089300000| Complete 
| 148|0x0000000089400000, 0x0000000089500000, 0x0000000089500000|100%| O|  |TAMS 0x0000000089500000, 0x0000000089400000| Untracked 
| 149|0x0000000089500000, 0x0000000089600000, 0x0000000089600000|100%| O|  |TAMS 0x0000000089600000, 0x0000000089500000| Untracked 
| 150|0x0000000089600000, 0x0000000089600000, 0x0000000089700000|  0%| F|  |TAMS 0x0000000089600000, 0x0000000089600000| Untracked 
| 151|0x0000000089700000, 0x0000000089800000, 0x0000000089800000|100%| O|  |TAMS 0x0000000089800000, 0x0000000089700000| Untracked 
| 152|0x0000000089800000, 0x0000000089900000, 0x0000000089900000|100%| O|  |TAMS 0x0000000089900000, 0x0000000089800000| Untracked 
| 153|0x0000000089900000, 0x0000000089a00000, 0x0000000089a00000|100%| O|  |TAMS 0x0000000089a00000, 0x0000000089900000| Untracked 
| 154|0x0000000089a00000, 0x0000000089b00000, 0x0000000089b00000|100%| O|  |TAMS 0x0000000089b00000, 0x0000000089a00000| Complete 
| 155|0x0000000089b00000, 0x0000000089c00000, 0x0000000089c00000|100%| O|  |TAMS 0x0000000089c00000, 0x0000000089b00000| Untracked 
| 156|0x0000000089c00000, 0x0000000089d00000, 0x0000000089d00000|100%| O|  |TAMS 0x0000000089d00000, 0x0000000089c00000| Complete 
| 157|0x0000000089d00000, 0x0000000089e00000, 0x0000000089e00000|100%| O|  |TAMS 0x0000000089e00000, 0x0000000089d00000| Untracked 
| 158|0x0000000089e00000, 0x0000000089f00000, 0x0000000089f00000|100%| O|  |TAMS 0x0000000089f00000, 0x0000000089e00000| Untracked 
| 159|0x0000000089f00000, 0x000000008a000000, 0x000000008a000000|100%| O|  |TAMS 0x000000008a000000, 0x0000000089f00000| Untracked 
| 160|0x000000008a000000, 0x000000008a100000, 0x000000008a100000|100%| O|  |TAMS 0x000000008a100000, 0x000000008a000000| Complete 
| 161|0x000000008a100000, 0x000000008a200000, 0x000000008a200000|100%|HS|  |TAMS 0x000000008a200000, 0x000000008a100000| Complete 
| 162|0x000000008a200000, 0x000000008a300000, 0x000000008a300000|100%| O|  |TAMS 0x000000008a300000, 0x000000008a200000| Untracked 
| 163|0x000000008a300000, 0x000000008a400000, 0x000000008a400000|100%| O|  |TAMS 0x000000008a400000, 0x000000008a300000| Untracked 
| 164|0x000000008a400000, 0x000000008a500000, 0x000000008a500000|100%| O|  |TAMS 0x000000008a500000, 0x000000008a400000| Untracked 
| 165|0x000000008a500000, 0x000000008a600000, 0x000000008a600000|100%| O|  |TAMS 0x000000008a600000, 0x000000008a500000| Untracked 
| 166|0x000000008a600000, 0x000000008a700000, 0x000000008a700000|100%| O|  |TAMS 0x000000008a700000, 0x000000008a600000| Complete 
| 167|0x000000008a700000, 0x000000008a800000, 0x000000008a800000|100%| O|  |TAMS 0x000000008a73bc00, 0x000000008a700000| Untracked 
| 168|0x000000008a800000, 0x000000008a900000, 0x000000008a900000|100%| O|  |TAMS 0x000000008a800000, 0x000000008a800000| Untracked 
| 169|0x000000008a900000, 0x000000008aa00000, 0x000000008aa00000|100%| O|  |TAMS 0x000000008a900000, 0x000000008a900000| Untracked 
| 170|0x000000008aa00000, 0x000000008ab00000, 0x000000008ab00000|100%| O|  |TAMS 0x000000008aa00000, 0x000000008aa00000| Untracked 
| 171|0x000000008ab00000, 0x000000008ac00000, 0x000000008ac00000|100%| O|  |TAMS 0x000000008ab00000, 0x000000008ab00000| Untracked 
| 172|0x000000008ac00000, 0x000000008ad00000, 0x000000008ad00000|100%| O|  |TAMS 0x000000008ac00000, 0x000000008ac00000| Untracked 
| 173|0x000000008ad00000, 0x000000008ae00000, 0x000000008ae00000|100%| O|  |TAMS 0x000000008ad00000, 0x000000008ad00000| Untracked 
| 174|0x000000008ae00000, 0x000000008aed4800, 0x000000008af00000| 83%| O|  |TAMS 0x000000008ae00000, 0x000000008ae00000| Untracked 
| 175|0x000000008af00000, 0x000000008af00000, 0x000000008b000000|  0%| F|  |TAMS 0x000000008af00000, 0x000000008af00000| Untracked 
| 176|0x000000008b000000, 0x000000008b000000, 0x000000008b100000|  0%| F|  |TAMS 0x000000008b000000, 0x000000008b000000| Untracked 
| 177|0x000000008b100000, 0x000000008b100000, 0x000000008b200000|  0%| F|  |TAMS 0x000000008b100000, 0x000000008b100000| Untracked 
| 178|0x000000008b200000, 0x000000008b200000, 0x000000008b300000|  0%| F|  |TAMS 0x000000008b200000, 0x000000008b200000| Untracked 
| 179|0x000000008b300000, 0x000000008b300000, 0x000000008b400000|  0%| F|  |TAMS 0x000000008b300000, 0x000000008b300000| Untracked 
| 180|0x000000008b400000, 0x000000008b400000, 0x000000008b500000|  0%| F|  |TAMS 0x000000008b400000, 0x000000008b400000| Untracked 
| 181|0x000000008b500000, 0x000000008b500000, 0x000000008b600000|  0%| F|  |TAMS 0x000000008b500000, 0x000000008b500000| Untracked 
| 182|0x000000008b600000, 0x000000008b600000, 0x000000008b700000|  0%| F|  |TAMS 0x000000008b600000, 0x000000008b600000| Untracked 
| 183|0x000000008b700000, 0x000000008b700000, 0x000000008b800000|  0%| F|  |TAMS 0x000000008b700000, 0x000000008b700000| Untracked 
| 184|0x000000008b800000, 0x000000008b800000, 0x000000008b900000|  0%| F|  |TAMS 0x000000008b800000, 0x000000008b800000| Untracked 
| 185|0x000000008b900000, 0x000000008b900000, 0x000000008ba00000|  0%| F|  |TAMS 0x000000008b900000, 0x000000008b900000| Untracked 
| 186|0x000000008ba00000, 0x000000008ba00000, 0x000000008bb00000|  0%| F|  |TAMS 0x000000008ba00000, 0x000000008ba00000| Untracked 
| 187|0x000000008bb00000, 0x000000008bbb1bc0, 0x000000008bc00000| 69%| S|CS|TAMS 0x000000008bb00000, 0x000000008bb00000| Complete 
| 188|0x000000008bc00000, 0x000000008bc00000, 0x000000008bd00000|  0%| F|  |TAMS 0x000000008bc00000, 0x000000008bc00000| Untracked 
| 189|0x000000008bd00000, 0x000000008bd00000, 0x000000008be00000|  0%| F|  |TAMS 0x000000008bd00000, 0x000000008bd00000| Untracked 
| 190|0x000000008be00000, 0x000000008be00000, 0x000000008bf00000|  0%| F|  |TAMS 0x000000008be00000, 0x000000008be00000| Untracked 
| 191|0x000000008bf00000, 0x000000008bf00000, 0x000000008c000000|  0%| F|  |TAMS 0x000000008bf00000, 0x000000008bf00000| Untracked 
| 192|0x000000008c000000, 0x000000008c000000, 0x000000008c100000|  0%| F|  |TAMS 0x000000008c000000, 0x000000008c000000| Untracked 
| 193|0x000000008c100000, 0x000000008c100000, 0x000000008c200000|  0%| F|  |TAMS 0x000000008c100000, 0x000000008c100000| Untracked 
| 194|0x000000008c200000, 0x000000008c200000, 0x000000008c300000|  0%| F|  |TAMS 0x000000008c200000, 0x000000008c200000| Untracked 

Card table byte_map: [0x000001f9738f0000,0x000001f973cf0000] _byte_map_base: 0x000001f9734f0000

Marking Bits (Prev, Next): (CMBitMap*) 0x000001f960a3cfd0, (CMBitMap*) 0x000001f960a3cf98
 Prev Bits: [0x000001f9760f0000, 0x000001f9780f0000)
 Next Bits: [0x000001f9740f0000, 0x000001f9760f0000)

Polling page: 0x000001f9601d0000

Metaspace:

Usage:
  Non-class:    101.31 MB capacity,    99.23 MB ( 98%) used,     1.74 MB (  2%) free+waste,   351.38 KB ( <1%) overhead. 
      Class:     15.59 MB capacity,    14.45 MB ( 93%) used,   999.20 KB (  6%) free+waste,   159.63 KB (  1%) overhead. 
       Both:    116.89 MB capacity,   113.68 MB ( 97%) used,     2.71 MB (  2%) free+waste,   511.00 KB ( <1%) overhead. 

Virtual space:
  Non-class space:      102.00 MB reserved,     101.32 MB (>99%) committed 
      Class space:        1.00 GB reserved,      15.63 MB (  2%) committed 
             Both:        1.10 GB reserved,     116.95 MB ( 10%) committed 

Chunk freelists:
   Non-Class:  15.00 KB
       Class:  8.00 KB
        Both:  23.00 KB

MaxMetaspaceSize: 17179869184.00 GB
CompressedClassSpaceSize: 1.00 GB

CodeHeap 'non-profiled nmethods': size=120064Kb used=11537Kb max_used=11537Kb free=108526Kb
 bounds [0x000001f96bfb0000, 0x000001f96cb00000, 0x000001f9734f0000]
CodeHeap 'profiled nmethods': size=120000Kb used=36199Kb max_used=36199Kb free=83800Kb
 bounds [0x000001f964a80000, 0x000001f966de0000, 0x000001f96bfb0000]
CodeHeap 'non-nmethods': size=5696Kb used=2346Kb max_used=2466Kb free=3349Kb
 bounds [0x000001f9644f0000, 0x000001f964760000, 0x000001f964a80000]
 total_blobs=17166 nmethods=16200 adapters=877
 compilation: enabled
              stopped_count=0, restarted_count=0
 full_count=0

Compilation events (20 events):
Event: 292.483 Thread 0x000001f97af2d800 16348       3       org.apache.xerces.impl.dv.SecuritySupport::getContextClassLoader (14 bytes)
Event: 292.484 Thread 0x000001f97af2d800 nmethod 16348 0x000001f966dd1e90 code [0x000001f966dd2060, 0x000001f966dd2368]
Event: 292.484 Thread 0x000001f97af2d800 16349       3       org.apache.xerces.impl.dv.SecuritySupport$1::<init> (5 bytes)
Event: 292.484 Thread 0x000001f97af2d800 nmethod 16349 0x000001f966dd2490 code [0x000001f966dd2640, 0x000001f966dd2798]
Event: 292.484 Thread 0x000001f97af2d800 16350   !   3       org.apache.xerces.impl.dv.SecuritySupport$1::run (15 bytes)
Event: 292.485 Thread 0x000001f97af2d800 nmethod 16350 0x000001f966dd2890 code [0x000001f966dd2ae0, 0x000001f966dd3498]
Event: 292.485 Thread 0x000001f97af2d800 16351       3       org.apache.xerces.impl.dv.SecuritySupport::getSystemClassLoader (14 bytes)
Event: 292.485 Thread 0x000001f97af2d800 nmethod 16351 0x000001f966dd3890 code [0x000001f966dd3a60, 0x000001f966dd3d68]
Event: 292.485 Thread 0x000001f97af2d800 16352       3       com.android.utils.XmlUtils::createSaxParser (55 bytes)
Event: 292.485 Thread 0x000001f97af2d800 nmethod 16352 0x000001f966dd3e90 code [0x000001f966dd40a0, 0x000001f966dd4698]
Event: 292.485 Thread 0x000001f97af2d800 16353   !   3       org.apache.xerces.impl.XMLDocumentFragmentScannerImpl::reset (133 bytes)
Event: 292.486 Thread 0x000001f97af2d800 nmethod 16353 0x000001f966dd4890 code [0x000001f966dd4ac0, 0x000001f966dd52c8]
Event: 292.486 Thread 0x000001f97af2d800 16354       3       org.apache.xerces.impl.XMLDocumentFragmentScannerImpl$ElementStack::clear (6 bytes)
Event: 292.486 Thread 0x000001f97af2d800 nmethod 16354 0x000001f966dd5510 code [0x000001f966dd56c0, 0x000001f966dd57b8]
Event: 292.486 Thread 0x000001f97af2d800 16355       3       org.apache.xerces.util.NamespaceSupport::reset (110 bytes)
Event: 292.487 Thread 0x000001f97af2d800 nmethod 16355 0x000001f966dd5890 code [0x000001f966dd5aa0, 0x000001f966dd6258]
Event: 292.487 Thread 0x000001f97af2d800 16356   !   3       org.apache.xerces.impl.dtd.XMLDTDValidator::reset (366 bytes)
Event: 292.488 Thread 0x000001f97af27000 nmethod 16339 0x000001f96caf3710 code [0x000001f96caf38c0, 0x000001f96caf42b8]
Event: 292.489 Thread 0x000001f97af2d800 nmethod 16356 0x000001f966dd6490 code [0x000001f966dd6900, 0x000001f966dd9228]
Event: 292.489 Thread 0x000001f97af2d800 16357       3       org.apache.xerces.impl.validation.ValidationState::resetIDTables (15 bytes)

GC Heap History (20 events):
Event: 286.934 GC heap after
{Heap after GC invocations=157 (full 0):
 garbage-first heap   total 199680K, used 155334K [0x0000000080000000, 0x0000000100000000)
  region size 1024K, 1 young (1024K), 1 survivors (1024K)
 Metaspace       used 115750K, capacity 118943K, committed 119240K, reserved 1153024K
  class space    used 14760K, capacity 15924K, committed 16000K, reserved 1048576K
}
Event: 287.866 GC heap before
{Heap before GC invocations=158 (full 0):
 garbage-first heap   total 199680K, used 164550K [0x0000000080000000, 0x0000000100000000)
  region size 1024K, 10 young (10240K), 1 survivors (1024K)
 Metaspace       used 116132K, capacity 119441K, committed 119496K, reserved 1153024K
  class space    used 14801K, capacity 15960K, committed 16000K, reserved 1048576K
}
Event: 287.874 GC heap after
{Heap after GC invocations=159 (full 0):
 garbage-first heap   total 199680K, used 156267K [0x0000000080000000, 0x0000000100000000)
  region size 1024K, 2 young (2048K), 2 survivors (2048K)
 Metaspace       used 116132K, capacity 119441K, committed 119496K, reserved 1153024K
  class space    used 14801K, capacity 15960K, committed 16000K, reserved 1048576K
}
Event: 288.838 GC heap before
{Heap before GC invocations=159 (full 0):
 garbage-first heap   total 199680K, used 165483K [0x0000000080000000, 0x0000000100000000)
  region size 1024K, 11 young (11264K), 2 survivors (2048K)
 Metaspace       used 116216K, capacity 119505K, committed 119752K, reserved 1153024K
  class space    used 14801K, capacity 15960K, committed 16000K, reserved 1048576K
}
Event: 288.843 GC heap after
{Heap after GC invocations=160 (full 0):
 garbage-first heap   total 199680K, used 156762K [0x0000000080000000, 0x0000000100000000)
  region size 1024K, 2 young (2048K), 2 survivors (2048K)
 Metaspace       used 116216K, capacity 119505K, committed 119752K, reserved 1153024K
  class space    used 14801K, capacity 15960K, committed 16000K, reserved 1048576K
}
Event: 289.444 GC heap before
{Heap before GC invocations=160 (full 0):
 garbage-first heap   total 199680K, used 164954K [0x0000000080000000, 0x0000000100000000)
  region size 1024K, 11 young (11264K), 2 survivors (2048K)
 Metaspace       used 116264K, capacity 119569K, committed 119752K, reserved 1153024K
  class space    used 14801K, capacity 15960K, committed 16000K, reserved 1048576K
}
Event: 289.451 GC heap after
{Heap after GC invocations=161 (full 0):
 garbage-first heap   total 199680K, used 160142K [0x0000000080000000, 0x0000000100000000)
  region size 1024K, 2 young (2048K), 2 survivors (2048K)
 Metaspace       used 116264K, capacity 119569K, committed 119752K, reserved 1153024K
  class space    used 14801K, capacity 15960K, committed 16000K, reserved 1048576K
}
Event: 290.080 GC heap before
{Heap before GC invocations=161 (full 0):
 garbage-first heap   total 199680K, used 168334K [0x0000000080000000, 0x0000000100000000)
  region size 1024K, 10 young (10240K), 2 survivors (2048K)
 Metaspace       used 116269K, capacity 119569K, committed 119752K, reserved 1153024K
  class space    used 14801K, capacity 15960K, committed 16000K, reserved 1048576K
}
Event: 290.086 GC heap after
{Heap after GC invocations=162 (full 0):
 garbage-first heap   total 199680K, used 162174K [0x0000000080000000, 0x0000000100000000)
  region size 1024K, 2 young (2048K), 2 survivors (2048K)
 Metaspace       used 116269K, capacity 119569K, committed 119752K, reserved 1153024K
  class space    used 14801K, capacity 15960K, committed 16000K, reserved 1048576K
}
Event: 290.620 GC heap before
{Heap before GC invocations=162 (full 0):
 garbage-first heap   total 199680K, used 169342K [0x0000000080000000, 0x0000000100000000)
  region size 1024K, 10 young (10240K), 2 survivors (2048K)
 Metaspace       used 116303K, capacity 119569K, committed 119752K, reserved 1153024K
  class space    used 14801K, capacity 15960K, committed 16000K, reserved 1048576K
}
Event: 290.627 GC heap after
{Heap after GC invocations=163 (full 0):
 garbage-first heap   total 199680K, used 164481K [0x0000000080000000, 0x0000000100000000)
  region size 1024K, 2 young (2048K), 2 survivors (2048K)
 Metaspace       used 116303K, capacity 119569K, committed 119752K, reserved 1153024K
  class space    used 14801K, capacity 15960K, committed 16000K, reserved 1048576K
}
Event: 290.759 GC heap before
{Heap before GC invocations=163 (full 0):
 garbage-first heap   total 199680K, used 173697K [0x0000000080000000, 0x0000000100000000)
  region size 1024K, 9 young (9216K), 2 survivors (2048K)
 Metaspace       used 116304K, capacity 119569K, committed 119752K, reserved 1153024K
  class space    used 14801K, capacity 15960K, committed 16000K, reserved 1048576K
}
Event: 290.770 GC heap after
{Heap after GC invocations=164 (full 0):
 garbage-first heap   total 199680K, used 170644K [0x0000000080000000, 0x0000000100000000)
  region size 1024K, 2 young (2048K), 2 survivors (2048K)
 Metaspace       used 116304K, capacity 119569K, committed 119752K, reserved 1153024K
  class space    used 14801K, capacity 15960K, committed 16000K, reserved 1048576K
}
Event: 291.337 GC heap before
{Heap before GC invocations=164 (full 0):
 garbage-first heap   total 199680K, used 177812K [0x0000000080000000, 0x0000000100000000)
  region size 1024K, 9 young (9216K), 2 survivors (2048K)
 Metaspace       used 116384K, capacity 119633K, committed 119752K, reserved 1153024K
  class space    used 14801K, capacity 15960K, committed 16000K, reserved 1048576K
}
Event: 291.346 GC heap after
{Heap after GC invocations=165 (full 0):
 garbage-first heap   total 199680K, used 173295K [0x0000000080000000, 0x0000000100000000)
  region size 1024K, 2 young (2048K), 2 survivors (2048K)
 Metaspace       used 116384K, capacity 119633K, committed 119752K, reserved 1153024K
  class space    used 14801K, capacity 15960K, committed 16000K, reserved 1048576K
}
Event: 291.718 GC heap before
{Heap before GC invocations=165 (full 0):
 garbage-first heap   total 199680K, used 180463K [0x0000000080000000, 0x0000000100000000)
  region size 1024K, 9 young (9216K), 2 survivors (2048K)
 Metaspace       used 116385K, capacity 119633K, committed 119752K, reserved 1153024K
  class space    used 14801K, capacity 15960K, committed 16000K, reserved 1048576K
}
Event: 291.728 GC heap after
{Heap after GC invocations=166 (full 0):
 garbage-first heap   total 199680K, used 175781K [0x0000000080000000, 0x0000000100000000)
  region size 1024K, 2 young (2048K), 2 survivors (2048K)
 Metaspace       used 116385K, capacity 119633K, committed 119752K, reserved 1153024K
  class space    used 14801K, capacity 15960K, committed 16000K, reserved 1048576K
}
Event: 292.137 GC heap before
{Heap before GC invocations=167 (full 0):
 garbage-first heap   total 199680K, used 182949K [0x0000000080000000, 0x0000000100000000)
  region size 1024K, 9 young (9216K), 2 survivors (2048K)
 Metaspace       used 116388K, capacity 119633K, committed 119752K, reserved 1153024K
  class space    used 14801K, capacity 15960K, committed 16000K, reserved 1048576K
}
Event: 292.145 GC heap after
{Heap after GC invocations=168 (full 0):
 garbage-first heap   total 199680K, used 178176K [0x0000000080000000, 0x0000000100000000)
  region size 1024K, 2 young (2048K), 2 survivors (2048K)
 Metaspace       used 116388K, capacity 119633K, committed 119752K, reserved 1153024K
  class space    used 14801K, capacity 15960K, committed 16000K, reserved 1048576K
}
Event: 292.490 GC heap before
{Heap before GC invocations=168 (full 0):
 garbage-first heap   total 199680K, used 185344K [0x0000000080000000, 0x0000000100000000)
  region size 1024K, 9 young (9216K), 2 survivors (2048K)
 Metaspace       used 116409K, capacity 119697K, committed 119752K, reserved 1153024K
  class space    used 14801K, capacity 15960K, committed 16000K, reserved 1048576K
}

Deoptimization events (20 events):
Event: 291.679 Thread 0x000001f9029aa800 DEOPT PACKING pc=0x000001f966d34ae6 sp=0x0000001f7ecf9970
Event: 291.679 Thread 0x000001f9029aa800 DEOPT UNPACKING pc=0x000001f964516d5e sp=0x0000001f7ecf8df8 mode 0
Event: 292.044 Thread 0x000001f9029aa800 DEOPT PACKING pc=0x000001f966d0a320 sp=0x0000001f7ecf9db0
Event: 292.044 Thread 0x000001f9029aa800 DEOPT UNPACKING pc=0x000001f964516d5e sp=0x0000001f7ecf9378 mode 0
Event: 292.353 Thread 0x000001f9029aa800 Uncommon trap: trap_request=0xffffffbe fr.pc=0x000001f96caedaec relative=0x000000000000032c
Event: 292.353 Thread 0x000001f9029aa800 Uncommon trap: reason=profile_predicate action=maybe_recompile pc=0x000001f96caedaec method=java.util.regex.Pattern$Slice.match(Ljava/util/regex/Matcher;ILjava/lang/CharSequence;)Z @ 18 c2
Event: 292.353 Thread 0x000001f9029aa800 DEOPT PACKING pc=0x000001f96caedaec sp=0x0000001f7ecfa310
Event: 292.353 Thread 0x000001f9029aa800 DEOPT UNPACKING pc=0x000001f9645165af sp=0x0000001f7ecfa280 mode 2
Event: 292.353 Thread 0x000001f9029aa800 Uncommon trap: trap_request=0xffffffbe fr.pc=0x000001f96caedaec relative=0x000000000000032c
Event: 292.353 Thread 0x000001f9029aa800 Uncommon trap: reason=profile_predicate action=maybe_recompile pc=0x000001f96caedaec method=java.util.regex.Pattern$Slice.match(Ljava/util/regex/Matcher;ILjava/lang/CharSequence;)Z @ 18 c2
Event: 292.353 Thread 0x000001f9029aa800 DEOPT PACKING pc=0x000001f96caedaec sp=0x0000001f7ecfa360
Event: 292.353 Thread 0x000001f9029aa800 DEOPT UNPACKING pc=0x000001f9645165af sp=0x0000001f7ecfa2d0 mode 2
Event: 292.356 Thread 0x000001f9029aa800 Uncommon trap: trap_request=0xffffffbe fr.pc=0x000001f96caedaec relative=0x000000000000032c
Event: 292.356 Thread 0x000001f9029aa800 Uncommon trap: reason=profile_predicate action=maybe_recompile pc=0x000001f96caedaec method=java.util.regex.Pattern$Slice.match(Ljava/util/regex/Matcher;ILjava/lang/CharSequence;)Z @ 18 c2
Event: 292.356 Thread 0x000001f9029aa800 DEOPT PACKING pc=0x000001f96caedaec sp=0x0000001f7ecfa310
Event: 292.356 Thread 0x000001f9029aa800 DEOPT UNPACKING pc=0x000001f9645165af sp=0x0000001f7ecfa280 mode 2
Event: 292.356 Thread 0x000001f9029aa800 Uncommon trap: trap_request=0xffffffbe fr.pc=0x000001f96caedaec relative=0x000000000000032c
Event: 292.356 Thread 0x000001f9029aa800 Uncommon trap: reason=profile_predicate action=maybe_recompile pc=0x000001f96caedaec method=java.util.regex.Pattern$Slice.match(Ljava/util/regex/Matcher;ILjava/lang/CharSequence;)Z @ 18 c2
Event: 292.356 Thread 0x000001f9029aa800 DEOPT PACKING pc=0x000001f96caedaec sp=0x0000001f7ecfa360
Event: 292.356 Thread 0x000001f9029aa800 DEOPT UNPACKING pc=0x000001f9645165af sp=0x0000001f7ecfa2d0 mode 2

Classes redefined (0 events):
No events

Internal exceptions (20 events):
Event: 277.971 Thread 0x000001f97eb4f800 Exception <a 'sun/nio/fs/WindowsException'{0x000000008a0c03b8}> (0x000000008a0c03b8) thrown at [./src/hotspot/share/prims/jni.cpp, line 615]
Event: 277.971 Thread 0x000001f97eb4f800 Exception <a 'sun/nio/fs/WindowsException'{0x000000008a0c1740}> (0x000000008a0c1740) thrown at [./src/hotspot/share/prims/jni.cpp, line 615]
Event: 277.971 Thread 0x000001f97eb4f800 Exception <a 'sun/nio/fs/WindowsException'{0x000000008a0c2b18}> (0x000000008a0c2b18) thrown at [./src/hotspot/share/prims/jni.cpp, line 615]
Event: 277.972 Thread 0x000001f97eb4f800 Exception <a 'sun/nio/fs/WindowsException'{0x000000008a0c3ef0}> (0x000000008a0c3ef0) thrown at [./src/hotspot/share/prims/jni.cpp, line 615]
Event: 278.837 Thread 0x000001f97eb4f800 Exception <a 'java/lang/NoSuchMethodError'{0x0000000089c6b898}: 'java.lang.Object java.lang.invoke.Invokers$Holder.linkToTargetMethod(java.lang.Object, int, int, java.lang.Object)'> (0x0000000089c6b898) thrown at [./src/hotspot/share/interpreter/linkResolver.cpp, line 773]
Event: 279.432 Thread 0x000001f97eb57000 Exception <a 'java/lang/NoSuchMethodError'{0x0000000089f2a300}: <clinit>> (0x0000000089f2a300) thrown at [./src/hotspot/share/prims/jni.cpp, line 1362]
Event: 279.433 Thread 0x000001f97eb57000 Exception <a 'java/lang/NoSuchMethodError'{0x0000000089f35838}: <clinit>> (0x0000000089f35838) thrown at [./src/hotspot/share/prims/jni.cpp, line 1362]
Event: 279.503 Thread 0x000001f97eb57000 Exception <a 'java/lang/NoSuchMethodError'{0x0000000089fa7750}: <clinit>> (0x0000000089fa7750) thrown at [./src/hotspot/share/prims/jni.cpp, line 1362]
Event: 279.505 Thread 0x000001f97eb57000 Exception <a 'java/lang/NoSuchMethodError'{0x0000000089fbc4b8}: <clinit>> (0x0000000089fbc4b8) thrown at [./src/hotspot/share/prims/jni.cpp, line 1362]
Event: 279.505 Thread 0x000001f97eb57000 Exception <a 'java/lang/NoSuchMethodError'{0x0000000089fbdc28}: <clinit>> (0x0000000089fbdc28) thrown at [./src/hotspot/share/prims/jni.cpp, line 1362]
Event: 279.728 Thread 0x000001f97eb57000 Exception <a 'java/lang/NoSuchMethodError'{0x0000000089cbf9d0}: <clinit>> (0x0000000089cbf9d0) thrown at [./src/hotspot/share/prims/jni.cpp, line 1362]
Event: 279.729 Thread 0x000001f97eb4f800 Exception <a 'java/lang/NoSuchMethodError'{0x0000000089ca2f88}: 'java.lang.Object java.lang.invoke.DirectMethodHandle$Holder.invokeInterface(java.lang.Object, java.lang.Object, int)'> (0x0000000089ca2f88) thrown at [./src/hotspot/share/interpreter/linkResolver.cpp, line 773]
Event: 279.730 Thread 0x000001f9029a8000 Exception <a 'java/lang/NoSuchMethodError'{0x0000000089cc6be0}: <clinit>> (0x0000000089cc6be0) thrown at [./src/hotspot/share/prims/jni.cpp, line 1362]
Event: 279.735 Thread 0x000001f9029a8000 Exception <a 'java/lang/NoSuchMethodError'{0x0000000089cf6f78}: <clinit>> (0x0000000089cf6f78) thrown at [./src/hotspot/share/prims/jni.cpp, line 1362]
Event: 279.737 Thread 0x000001f9029a8000 Exception <a 'java/lang/NoSuchMethodError'{0x0000000089b10ce0}: <clinit>> (0x0000000089b10ce0) thrown at [./src/hotspot/share/prims/jni.cpp, line 1362]
Event: 279.739 Thread 0x000001f97eb4f800 Exception <a 'java/lang/NoSuchMethodError'{0x0000000089cd6968}: 'void java.lang.invoke.DirectMethodHandle$Holder.invokeStatic(java.lang.Object, java.lang.Object, java.lang.Object, int)'> (0x0000000089cd6968) thrown at [./src/hotspot/share/interpreter/linkResolver.cpp, line 773]
Event: 283.303 Thread 0x000001f97eb4f800 Exception <a 'java/lang/NoSuchMethodError'{0x0000000089db8308}: <clinit>> (0x0000000089db8308) thrown at [./src/hotspot/share/prims/jni.cpp, line 1362]
Event: 284.495 Thread 0x000001f97eb4f800 Exception <a 'java/lang/NoSuchMethodError'{0x0000000089bd4800}: 'void java.lang.invoke.DirectMethodHandle$Holder.invokeStatic(java.lang.Object, java.lang.Object, java.lang.Object, java.lang.Object, java.lang.Object, java.lang.Object, java.lang.Object)'> (0x0000000089bd4800) thrown at [./src/hotspot/share/interpreter/linkResolver.cpp, line 773]
Event: 284.649 Thread 0x000001f97eb57000 Exception <a 'java/lang/NoSuchMethodError'{0x0000000089e6efd8}: <clinit>> (0x0000000089e6efd8) thrown at [./src/hotspot/share/prims/jni.cpp, line 1362]
Event: 286.667 Thread 0x000001f9029aa800 Implicit null exception at 0x000001f96ca1d304 to 0x000001f96ca1d4fc

Events (20 events):
Event: 288.843 Executing VM operation: G1CollectForAllocation done
Event: 289.444 Executing VM operation: G1CollectForAllocation
Event: 289.451 Executing VM operation: G1CollectForAllocation done
Event: 290.080 Executing VM operation: G1CollectForAllocation
Event: 290.086 Executing VM operation: G1CollectForAllocation done
Event: 290.619 Executing VM operation: G1CollectForAllocation
Event: 290.627 Executing VM operation: G1CollectForAllocation done
Event: 290.758 Executing VM operation: G1CollectForAllocation
Event: 290.770 Executing VM operation: G1CollectForAllocation done
Event: 291.337 Executing VM operation: G1CollectForAllocation
Event: 291.346 Executing VM operation: G1CollectForAllocation done
Event: 291.618 Executing VM operation: CGC_Operation
Event: 291.637 Executing VM operation: CGC_Operation done
Event: 291.717 Executing VM operation: G1CollectForAllocation
Event: 291.728 Executing VM operation: G1CollectForAllocation done
Event: 291.786 Executing VM operation: CGC_Operation
Event: 291.786 Executing VM operation: CGC_Operation done
Event: 292.137 Executing VM operation: G1CollectForAllocation
Event: 292.145 Executing VM operation: G1CollectForAllocation done
Event: 292.489 Executing VM operation: G1CollectForAllocation


Dynamic libraries:
0x00007ff6a1f70000 - 0x00007ff6a1f7a000 	C:\Program Files\Android\Android Studio1\jre\bin\java.exe
0x00007ffd8e0f0000 - 0x00007ffd8e2e5000 	C:\WINDOWS\SYSTEM32\ntdll.dll
0x00007ffd8c690000 - 0x00007ffd8c74e000 	C:\WINDOWS\System32\KERNEL32.DLL
0x00007ffd8b910000 - 0x00007ffd8bbd8000 	C:\WINDOWS\System32\KERNELBASE.dll
0x00007ffd891a0000 - 0x00007ffd89230000 	C:\WINDOWS\SYSTEM32\apphelp.dll
0x00007ffd8b810000 - 0x00007ffd8b910000 	C:\WINDOWS\System32\ucrtbase.dll
0x00007ffd872f0000 - 0x00007ffd87309000 	C:\Program Files\Android\Android Studio1\jre\bin\jli.dll
0x00007ffd787a0000 - 0x00007ffd787b7000 	C:\Program Files\Android\Android Studio1\jre\bin\VCRUNTIME140.dll
0x00007ffd8d2d0000 - 0x00007ffd8d470000 	C:\WINDOWS\System32\USER32.dll
0x00007ffd84050000 - 0x00007ffd842ea000 	C:\WINDOWS\WinSxS\amd64_microsoft.windows.common-controls_6595b64144ccf1df_6.0.19041.1110_none_60b5254171f9507e\COMCTL32.dll
0x00007ffd8bf50000 - 0x00007ffd8bf72000 	C:\WINDOWS\System32\win32u.dll
0x00007ffd8cfc0000 - 0x00007ffd8cfea000 	C:\WINDOWS\System32\GDI32.dll
0x00007ffd8c150000 - 0x00007ffd8c1ee000 	C:\WINDOWS\System32\msvcrt.dll
0x00007ffd8bff0000 - 0x00007ffd8c0fb000 	C:\WINDOWS\System32\gdi32full.dll
0x00007ffd8bdf0000 - 0x00007ffd8be8d000 	C:\WINDOWS\System32\msvcp_win.dll
0x00007ffd8c1f0000 - 0x00007ffd8c220000 	C:\WINDOWS\System32\IMM32.DLL
0x00007ffd67fb0000 - 0x00007ffd6804d000 	C:\Program Files\Android\Android Studio1\jre\bin\msvcp140.dll
0x00007ffd5c400000 - 0x00007ffd5ced5000 	C:\Program Files\Android\Android Studio1\jre\bin\server\jvm.dll
0x00007ffd8d070000 - 0x00007ffd8d11e000 	C:\WINDOWS\System32\ADVAPI32.dll
0x00007ffd8cd60000 - 0x00007ffd8cdfc000 	C:\WINDOWS\System32\sechost.dll
0x00007ffd8d470000 - 0x00007ffd8d595000 	C:\WINDOWS\System32\RPCRT4.dll
0x00007ffd8c750000 - 0x00007ffd8c758000 	C:\WINDOWS\System32\PSAPI.DLL
0x00007ffd87580000 - 0x00007ffd87589000 	C:\WINDOWS\SYSTEM32\WSOCK32.dll
0x00007ffd86090000 - 0x00007ffd8609a000 	C:\WINDOWS\SYSTEM32\VERSION.dll
0x00007ffd85bb0000 - 0x00007ffd85bd7000 	C:\WINDOWS\SYSTEM32\WINMM.dll
0x00007ffd8cf50000 - 0x00007ffd8cfbb000 	C:\WINDOWS\System32\WS2_32.dll
0x00007ffd89670000 - 0x00007ffd89682000 	C:\WINDOWS\SYSTEM32\kernel.appcore.dll
0x00007ffd843f0000 - 0x00007ffd84401000 	C:\Program Files\Android\Android Studio1\jre\bin\verify.dll
0x00007ffd7d930000 - 0x00007ffd7db14000 	C:\WINDOWS\SYSTEM32\DBGHELP.DLL
0x00007ffd7d840000 - 0x00007ffd7d86c000 	C:\WINDOWS\SYSTEM32\dbgcore.DLL
0x00007ffd8bec0000 - 0x00007ffd8bf42000 	C:\WINDOWS\System32\bcryptPrimitives.dll
0x00007ffd82d30000 - 0x00007ffd82d59000 	C:\Program Files\Android\Android Studio1\jre\bin\java.dll
0x00007ffd83fe0000 - 0x00007ffd83feb000 	C:\Program Files\Android\Android Studio1\jre\bin\jimage.dll
0x00007ffd82d10000 - 0x00007ffd82d28000 	C:\Program Files\Android\Android Studio1\jre\bin\zip.dll
0x00007ffd8d5a0000 - 0x00007ffd8dce4000 	C:\WINDOWS\System32\SHELL32.dll
0x00007ffd89950000 - 0x00007ffd8a0e4000 	C:\WINDOWS\SYSTEM32\windows.storage.dll
0x00007ffd8c760000 - 0x00007ffd8cab4000 	C:\WINDOWS\System32\combase.dll
0x00007ffd8b1b0000 - 0x00007ffd8b1dc000 	C:\WINDOWS\SYSTEM32\Wldp.dll
0x00007ffd8cbe0000 - 0x00007ffd8cc8d000 	C:\WINDOWS\System32\SHCORE.dll
0x00007ffd8cef0000 - 0x00007ffd8cf45000 	C:\WINDOWS\System32\shlwapi.dll
0x00007ffd8b750000 - 0x00007ffd8b76f000 	C:\WINDOWS\SYSTEM32\profapi.dll
0x00007ffd7e4a0000 - 0x00007ffd7e4ba000 	C:\Program Files\Android\Android Studio1\jre\bin\net.dll
0x00007ffd83890000 - 0x00007ffd8399a000 	C:\WINDOWS\SYSTEM32\WINHTTP.dll
0x00007ffd8af10000 - 0x00007ffd8af7a000 	C:\WINDOWS\system32\mswsock.dll
0x00007ffd7e480000 - 0x00007ffd7e494000 	C:\Program Files\Android\Android Studio1\jre\bin\nio.dll
0x00007ffd6f080000 - 0x00007ffd6f0a7000 	C:\Users\giorgi\.gradle\native\e1d6ef7f7dcc3fd88c89a11ec53ec762bb8ba0a96d01ffa2cd45eb1d1d8dd5c5\windows-amd64\native-platform.dll
0x00007ffd67a70000 - 0x00007ffd67bb4000 	C:\Users\giorgi\.gradle\native\5664cfc778a61ccfe75a443a1ab52a65af34e5dc3c78e0209fed803814484fcb\windows-amd64\native-platform-file-events.dll
0x00007ffd83fc0000 - 0x00007ffd83fca000 	C:\Program Files\Android\Android Studio1\jre\bin\management.dll
0x00007ffd83090000 - 0x00007ffd8309d000 	C:\Program Files\Android\Android Studio1\jre\bin\management_ext.dll
0x00007ffd8b100000 - 0x00007ffd8b118000 	C:\WINDOWS\SYSTEM32\CRYPTSP.dll
0x00007ffd8a890000 - 0x00007ffd8a8c4000 	C:\WINDOWS\system32\rsaenh.dll
0x00007ffd8be90000 - 0x00007ffd8beb7000 	C:\WINDOWS\System32\bcrypt.dll
0x00007ffd8b710000 - 0x00007ffd8b73e000 	C:\WINDOWS\SYSTEM32\USERENV.dll
0x00007ffd8b120000 - 0x00007ffd8b12c000 	C:\WINDOWS\SYSTEM32\CRYPTBASE.dll
0x00007ffd8ac00000 - 0x00007ffd8ac3b000 	C:\WINDOWS\SYSTEM32\IPHLPAPI.DLL
0x00007ffd8d060000 - 0x00007ffd8d068000 	C:\WINDOWS\System32\NSI.dll
0x00007ffd85140000 - 0x00007ffd85157000 	C:\WINDOWS\SYSTEM32\dhcpcsvc6.DLL
0x00007ffd84f60000 - 0x00007ffd84f7d000 	C:\WINDOWS\SYSTEM32\dhcpcsvc.DLL
0x00007ffd8ac40000 - 0x00007ffd8ad0b000 	C:\WINDOWS\SYSTEM32\DNSAPI.dll

dbghelp: loaded successfully - version: 4.0.5 - missing functions: none
symbol engine: initialized successfully - sym options: 0x614 - pdb path: .;C:\Program Files\Android\Android Studio1\jre\bin;C:\WINDOWS\SYSTEM32;C:\WINDOWS\WinSxS\amd64_microsoft.windows.common-controls_6595b64144ccf1df_6.0.19041.1110_none_60b5254171f9507e;C:\Program Files\Android\Android Studio1\jre\bin\server;C:\Users\giorgi\.gradle\native\e1d6ef7f7dcc3fd88c89a11ec53ec762bb8ba0a96d01ffa2cd45eb1d1d8dd5c5\windows-amd64;C:\Users\giorgi\.gradle\native\5664cfc778a61ccfe75a443a1ab52a65af34e5dc3c78e0209fed803814484fcb\windows-amd64

VM Arguments:
jvm_args: --add-opens=java.base/java.util=ALL-UNNAMED --add-opens=java.base/java.lang=ALL-UNNAMED --add-opens=java.base/java.lang.invoke=ALL-UNNAMED --add-opens=java.base/java.util=ALL-UNNAMED --add-opens=java.prefs/java.util.prefs=ALL-UNNAMED --add-opens=java.prefs/java.util.prefs=ALL-UNNAMED --add-opens=java.base/java.nio.charset=ALL-UNNAMED --add-opens=java.base/java.net=ALL-UNNAMED --add-opens=java.base/java.util.concurrent.atomic=ALL-UNNAMED -Xmx2048m -Dfile.encoding=UTF-8 -Duser.country=US -Duser.language=en -Duser.variant 
java_command: org.gradle.launcher.daemon.bootstrap.GradleDaemon 7.2
java_class_path (initial): C:\Users\giorgi\.gradle\wrapper\dists\gradle-7.2-bin\2dnblmf4td7x66yl1d74lt32g\gradle-7.2\lib\gradle-launcher-7.2.jar
Launcher Type: SUN_STANDARD

[Global flags]
     intx CICompilerCount                          = 3                                         {product} {ergonomic}
     uint ConcGCThreads                            = 1                                         {product} {ergonomic}
     uint G1ConcRefinementThreads                  = 4                                         {product} {ergonomic}
   size_t G1HeapRegionSize                         = 1048576                                   {product} {ergonomic}
    uintx GCDrainStackTargetSize                   = 64                                        {product} {ergonomic}
   size_t InitialHeapSize                          = 67108864                                  {product} {ergonomic}
   size_t MarkStackSize                            = 4194304                                   {product} {ergonomic}
   size_t MaxHeapSize                              = 2147483648                                {product} {command line}
   size_t MaxNewSize                               = 1287651328                                {product} {ergonomic}
   size_t MinHeapDeltaBytes                        = 1048576                                   {product} {ergonomic}
    uintx NonNMethodCodeHeapSize                   = 5830732                                {pd product} {ergonomic}
    uintx NonProfiledCodeHeapSize                  = 122913754                              {pd product} {ergonomic}
    uintx ProfiledCodeHeapSize                     = 122913754                              {pd product} {ergonomic}
    uintx ReservedCodeCacheSize                    = 251658240                              {pd product} {ergonomic}
     bool SegmentedCodeCache                       = true                                      {product} {ergonomic}
     bool UseCompressedClassPointers               = true                                 {lp64_product} {ergonomic}
     bool UseCompressedOops                        = true                                 {lp64_product} {ergonomic}
     bool UseG1GC                                  = true                                      {product} {ergonomic}
     bool UseLargePagesIndividualAllocation        = false                                  {pd product} {ergonomic}

Logging:
Log output configuration:
 #0: stdout all=warning uptime,level,tags
 #1: stderr all=off uptime,level,tags

Environment Variables:
PATH=C:\Program Files (x86)\VMware\VMware Workstation\bin\;C:\WINDOWS\system32;C:\WINDOWS;C:\WINDOWS\System32\Wbem;C:\WINDOWS\System32\WindowsPowerShell\v1.0\;C:\WINDOWS\System32\OpenSSH\;C:\Program Files\Git\cmd;C:\Program Files\Go\bin;C:\Users\giorgi\AppData\Local\Microsoft\WindowsApps;C:\Users\giorgi\AppData\Local\Programs\Microsoft VS Code\bin;C:\Flutter\flutter\bin;C:\Users\giorgi\go\bin
USERNAME=giorgi
OS=Windows_NT
PROCESSOR_IDENTIFIER=Intel64 Family 6 Model 42 Stepping 7, GenuineIntel



---------------  S Y S T E M  ---------------

OS: Windows 10 , 64 bit Build 19041 (10.0.19041.1645)
OS uptime: 0 days 12:54 hours

CPU:total 4 (initial active 4) (2 cores per cpu, 2 threads per core) family 6 model 42 stepping 7 microcode 0x2f, cmov, cx8, fxsr, mmx, sse, sse2, sse3, ssse3, sse4.1, sse4.2, popcnt, avx, clmul, ht, tsc, tscinvbit

Memory: 4k page, system-wide physical 4078M (279M free)
TotalPageFile size 4078M (AvailPageFile size 35M)
current process WorkingSet (physical memory assigned to process): 372M, peak: 525M
current process commit charge ("private bytes"): 545M, peak: 584M

vm_info: OpenJDK 64-Bit Server VM (11.0.11+9-b60-7590822) for windows-amd64 JRE (11.0.11+9-b60-7590822), built on Jul 29 2021 21:43:44 by "builder" with MS VC++ 14.0 (VS2015)

END.
