#
# There is insufficient memory for the Java Runtime Environment to continue.
# Native memory allocation (malloc) failed to allocate 1892816 bytes for Chunk::new
# Possible reasons:
#   The system is out of physical RAM or swap space
#   The process is running with CompressedOops enabled, and the Java Heap may be blocking the growth of the native heap
# Possible solutions:
#   Reduce memory load on the system
#   Increase physical memory or swap space
#   Check if swap backing store is full
#   Decrease Java heap size (-Xmx/-Xms)
#   Decrease number of Java threads
#   Decrease Java thread stack sizes (-Xss)
#   Set larger code cache with -XX:ReservedCodeCacheSize=
#   JVM is running with Unscaled Compressed Oops mode in which the Java heap is
#     placed in the first 4GB address space. The Java Heap base address is the
#     maximum limit for the native heap growth. Please use -XX:HeapBaseMinAddress
#     to set the Java Heap base and to place the Java Heap above 4GB virtual address.
# This output file may be truncated or incomplete.
#
#  Out of Memory Error (./src/hotspot/share/memory/arena.cpp:197), pid=1112, tid=7596
#
# JRE version: OpenJDK Runtime Environment (11.0.11+9) (build 11.0.11+9-b60-7590822)
# Java VM: OpenJDK 64-Bit Server VM (11.0.11+9-b60-7590822, mixed mode, tiered, compressed oops, g1 gc, windows-amd64)
# No core dump will be written. Minidumps are not enabled by default on client versions of Windows
#

---------------  S U M M A R Y ------------

Command Line: --add-opens=java.base/java.util=ALL-UNNAMED --add-opens=java.base/java.lang=ALL-UNNAMED --add-opens=java.base/java.lang.invoke=ALL-UNNAMED --add-opens=java.base/java.util=ALL-UNNAMED --add-opens=java.prefs/java.util.prefs=ALL-UNNAMED --add-opens=java.prefs/java.util.prefs=ALL-UNNAMED --add-opens=java.base/java.nio.charset=ALL-UNNAMED --add-opens=java.base/java.net=ALL-UNNAMED --add-opens=java.base/java.util.concurrent.atomic=ALL-UNNAMED -Xmx2048m -Dfile.encoding=UTF-8 -Duser.country=US -Duser.language=en -Duser.variant org.gradle.launcher.daemon.bootstrap.GradleDaemon 7.2

Host: Intel(R) Core(TM) i3-2120 CPU @ 3.30GHz, 4 cores, 3G,  Windows 10 , 64 bit Build 19041 (10.0.19041.1645)
Time: Wed Apr 27 14:09:38 2022 Georgian Standard Time elapsed time: 11.901775 seconds (0d 0h 0m 11s)

---------------  T H R E A D  ---------------

Current thread (0x000002273f68d000):  JavaThread "C2 CompilerThread1" daemon [_thread_in_native, id=7596, stack(0x0000006a48700000,0x0000006a48800000)]


Current CompileTask:
C2:  11901 5871   !   4       com.google.common.reflect.TypeVisitor::visit (244 bytes)

Stack: [0x0000006a48700000,0x0000006a48800000]
Native frames: (J=compiled Java code, j=interpreted, Vv=VM code, C=native code)
V  [jvm.dll+0x5f214a]
V  [jvm.dll+0x726fb5]
V  [jvm.dll+0x7285cd]
V  [jvm.dll+0x728c83]
V  [jvm.dll+0x243278]
V  [jvm.dll+0xbc53c]
V  [jvm.dll+0xbca3c]
V  [jvm.dll+0x353e7d]
V  [jvm.dll+0x321893]
V  [jvm.dll+0x320d8a]
V  [jvm.dll+0x1fc1e2]
V  [jvm.dll+0x1fb3d4]
V  [jvm.dll+0x183d6c]
V  [jvm.dll+0x209a57]
V  [jvm.dll+0x2082a1]
V  [jvm.dll+0x6ef58f]
V  [jvm.dll+0x6e80b5]
V  [jvm.dll+0x5f1036]
C  [ucrtbase.dll+0x21bb2]
C  [KERNEL32.DLL+0x17034]
C  [ntdll.dll+0x52651]


---------------  P R O C E S S  ---------------

Threads class SMR info:
_java_thread_list=0x00000227403dc070, length=78, elements={
0x0000022722e40800, 0x000002273c9ea000, 0x000002273c9f8000, 0x000002273ca48800,
0x000002273ca49800, 0x000002273ca4c000, 0x000002273ca50000, 0x000002273ca54800,
0x000002273ca59000, 0x000002273d4bd000, 0x000002273e99e800, 0x000002273d713800,
0x00000227408f2000, 0x000002273f630000, 0x000002273f301000, 0x000002273e963800,
0x000002273fd9d000, 0x000002273fd9e000, 0x000002273fa01000, 0x000002273f9f1000,
0x000002273f9f2000, 0x000002273f9f7000, 0x000002273f9f3000, 0x000002273f9f4800,
0x000002273f9f7800, 0x000002273f9f3800, 0x000002273f9f5000, 0x000002273f9f6000,
0x000002273e771800, 0x000002273f68d000, 0x000002273e772800, 0x000002273e76f000,
0x000002273e773000, 0x000002273e777800, 0x000002273e775800, 0x000002273e779800,
0x000002273e774000, 0x000002273e778000, 0x000002273e779000, 0x000002273e775000,
0x000002273e77a800, 0x000002273e77b800, 0x000002273ff30000, 0x000002273ff2e800,
0x000002273ff2c800, 0x000002273ff2b000, 0x000002273ff2f000, 0x000002273ff2c000,
0x000002273ff30800, 0x000002273ff31800, 0x000002273ff32800, 0x000002273ff33000,
0x000002273ff2d800, 0x000002273ff38000, 0x000002273ff34000, 0x000002273ff36800,
0x000002273ff35000, 0x000002273ff39000, 0x000002273ff35800, 0x000002273ff37800,
0x000002273ff39800, 0x0000022743c97800, 0x0000022743c92800, 0x0000022743c96800,
0x0000022743c98000, 0x0000022743c95000, 0x0000022743c99000, 0x0000022743c95800,
0x0000022743c93000, 0x0000022743c9a000, 0x0000022743c94000, 0x0000022743c9a800,
0x0000022743c9d000, 0x0000022743c9f800, 0x0000022743ca1000, 0x0000022743c9e800,
0x0000022743ca0800, 0x0000022743c9e000
}

Java Threads: ( => current thread )
  0x0000022722e40800 JavaThread "main" [_thread_blocked, id=8992, stack(0x0000006a46000000,0x0000006a46100000)]
  0x000002273c9ea000 JavaThread "Reference Handler" daemon [_thread_blocked, id=7784, stack(0x0000006a46700000,0x0000006a46800000)]
  0x000002273c9f8000 JavaThread "Finalizer" daemon [_thread_blocked, id=1756, stack(0x0000006a46800000,0x0000006a46900000)]
  0x000002273ca48800 JavaThread "Signal Dispatcher" daemon [_thread_blocked, id=672, stack(0x0000006a46900000,0x0000006a46a00000)]
  0x000002273ca49800 JavaThread "Attach Listener" daemon [_thread_blocked, id=9184, stack(0x0000006a46a00000,0x0000006a46b00000)]
  0x000002273ca4c000 JavaThread "Service Thread" daemon [_thread_blocked, id=2092, stack(0x0000006a46b00000,0x0000006a46c00000)]
  0x000002273ca50000 JavaThread "C2 CompilerThread0" daemon [_thread_in_native, id=7380, stack(0x0000006a46c00000,0x0000006a46d00000)]
  0x000002273ca54800 JavaThread "C1 CompilerThread0" daemon [_thread_blocked, id=1104, stack(0x0000006a46d00000,0x0000006a46e00000)]
  0x000002273ca59000 JavaThread "Sweeper thread" daemon [_thread_blocked, id=2576, stack(0x0000006a46e00000,0x0000006a46f00000)]
  0x000002273d4bd000 JavaThread "Common-Cleaner" daemon [_thread_blocked, id=6964, stack(0x0000006a46f00000,0x0000006a47000000)]
  0x000002273e99e800 JavaThread "Daemon health stats" [_thread_blocked, id=7416, stack(0x0000006a47300000,0x0000006a47400000)]
  0x000002273d713800 JavaThread "Incoming local TCP Connector on port 56794" [_thread_in_native, id=6984, stack(0x0000006a47100000,0x0000006a47200000)]
  0x00000227408f2000 JavaThread "Daemon periodic checks" [_thread_blocked, id=6000, stack(0x0000006a47600000,0x0000006a47700000)]
  0x000002273f630000 JavaThread "Daemon" [_thread_blocked, id=6780, stack(0x0000006a47700000,0x0000006a47800000)]
  0x000002273f301000 JavaThread "Handler for socket connection from /127.0.0.1:56794 to /127.0.0.1:56795" [_thread_in_native, id=6832, stack(0x0000006a47800000,0x0000006a47900000)]
  0x000002273e963800 JavaThread "Cancel handler" [_thread_blocked, id=8028, stack(0x0000006a47900000,0x0000006a47a00000)]
  0x000002273fd9d000 JavaThread "Daemon worker" [_thread_in_vm, id=2516, stack(0x0000006a47a00000,0x0000006a47b00000)]
  0x000002273fd9e000 JavaThread "Asynchronous log dispatcher for DefaultDaemonConnection: socket connection from /127.0.0.1:56794 to /127.0.0.1:56795" [_thread_blocked, id=5680, stack(0x0000006a47b00000,0x0000006a47c00000)]
  0x000002273fa01000 JavaThread "Stdin handler" [_thread_blocked, id=4540, stack(0x0000006a47c00000,0x0000006a47d00000)]
  0x000002273f9f1000 JavaThread "Daemon client event forwarder" [_thread_blocked, id=7652, stack(0x0000006a47d00000,0x0000006a47e00000)]
  0x000002273f9f2000 JavaThread "Cache worker for journal cache (C:\Users\giorgi\.gradle\caches\journal-1)" [_thread_blocked, id=6048, stack(0x0000006a47e00000,0x0000006a47f00000)]
  0x000002273f9f7000 JavaThread "File lock request listener" [_thread_in_native, id=6576, stack(0x0000006a47f00000,0x0000006a48000000)]
  0x000002273f9f3000 JavaThread "Cache worker for file hash cache (C:\Users\giorgi\.gradle\caches\7.2\fileHashes)" [_thread_blocked, id=8276, stack(0x0000006a48000000,0x0000006a48100000)]
  0x000002273f9f4800 JavaThread "Cache worker for file hash cache (C:\Users\giorgi\StudioProjects\altaapp\.gradle\7.2\fileHashes)" [_thread_blocked, id=1048, stack(0x0000006a48200000,0x0000006a48300000)]
  0x000002273f9f7800 JavaThread "File watcher server" daemon [_thread_in_native, id=5112, stack(0x0000006a48300000,0x0000006a48400000)]
  0x000002273f9f3800 JavaThread "File watcher consumer" daemon [_thread_blocked, id=4276, stack(0x0000006a48400000,0x0000006a48500000)]
  0x000002273f9f5000 JavaThread "Cache worker for checksums cache (C:\Users\giorgi\StudioProjects\altaapp\.gradle\checksums)" [_thread_blocked, id=1468, stack(0x0000006a48100000,0x0000006a48200000)]
  0x000002273f9f6000 JavaThread "Cache worker for cache directory md-supplier (C:\Users\giorgi\.gradle\caches\7.2\md-supplier)" [_thread_blocked, id=912, stack(0x0000006a48500000,0x0000006a48600000)]
  0x000002273e771800 JavaThread "Cache worker for cache directory md-rule (C:\Users\giorgi\.gradle\caches\7.2\md-rule)" [_thread_blocked, id=8036, stack(0x0000006a48600000,0x0000006a48700000)]
=>0x000002273f68d000 JavaThread "C2 CompilerThread1" daemon [_thread_in_native, id=7596, stack(0x0000006a48700000,0x0000006a48800000)]
  0x000002273e772800 JavaThread "Cache worker for execution history cache (C:\Users\giorgi\.gradle\caches\7.2\executionHistory)" [_thread_blocked, id=4652, stack(0x0000006a48800000,0x0000006a48900000)]
  0x000002273e76f000 JavaThread "jar transforms" [_thread_blocked, id=1856, stack(0x0000006a48900000,0x0000006a48a00000)]
  0x000002273e773000 JavaThread "Cache worker for file content cache (C:\Users\giorgi\.gradle\caches\7.2\fileContent)" [_thread_blocked, id=4300, stack(0x0000006a48a00000,0x0000006a48b00000)]
  0x000002273e777800 JavaThread "jar transforms Thread 2" [_thread_blocked, id=1232, stack(0x0000006a48b00000,0x0000006a48c00000)]
  0x000002273e775800 JavaThread "Cache worker for dependencies-accessors (C:\Users\giorgi\StudioProjects\altaapp\.gradle\7.2\dependencies-accessors)" [_thread_blocked, id=8156, stack(0x0000006a48c00000,0x0000006a48d00000)]
  0x000002273e779800 JavaThread "jar transforms Thread 3" [_thread_blocked, id=3992, stack(0x0000006a48d00000,0x0000006a48e00000)]
  0x000002273e774000 JavaThread "Cache worker for Build Output Cleanup Cache (C:\Users\giorgi\StudioProjects\altaapp\.gradle\buildOutputCleanup)" [_thread_blocked, id=5504, stack(0x0000006a48e00000,0x0000006a48f00000)]
  0x000002273e778000 JavaThread "Unconstrained build operations" [_thread_blocked, id=1888, stack(0x0000006a48f00000,0x0000006a49000000)]
  0x000002273e779000 JavaThread "Unconstrained build operations Thread 2" [_thread_blocked, id=3904, stack(0x0000006a49000000,0x0000006a49100000)]
  0x000002273e775000 JavaThread "Unconstrained build operations Thread 3" [_thread_blocked, id=6544, stack(0x0000006a49100000,0x0000006a49200000)]
  0x000002273e77a800 JavaThread "Unconstrained build operations Thread 4" [_thread_blocked, id=7504, stack(0x0000006a49200000,0x0000006a49300000)]
  0x000002273e77b800 JavaThread "Unconstrained build operations Thread 5" [_thread_blocked, id=8912, stack(0x0000006a49300000,0x0000006a49400000)]
  0x000002273ff30000 JavaThread "Unconstrained build operations Thread 6" [_thread_blocked, id=7808, stack(0x0000006a49400000,0x0000006a49500000)]
  0x000002273ff2e800 JavaThread "Unconstrained build operations Thread 7" [_thread_blocked, id=712, stack(0x0000006a49500000,0x0000006a49600000)]
  0x000002273ff2c800 JavaThread "Unconstrained build operations Thread 8" [_thread_blocked, id=7512, stack(0x0000006a49600000,0x0000006a49700000)]
  0x000002273ff2b000 JavaThread "Unconstrained build operations Thread 9" [_thread_blocked, id=6720, stack(0x0000006a49700000,0x0000006a49800000)]
  0x000002273ff2f000 JavaThread "Unconstrained build operations Thread 10" [_thread_blocked, id=8384, stack(0x0000006a49800000,0x0000006a49900000)]
  0x000002273ff2c000 JavaThread "Unconstrained build operations Thread 11" [_thread_blocked, id=1412, stack(0x0000006a49900000,0x0000006a49a00000)]
  0x000002273ff30800 JavaThread "Unconstrained build operations Thread 12" [_thread_blocked, id=8868, stack(0x0000006a49a00000,0x0000006a49b00000)]
  0x000002273ff31800 JavaThread "Unconstrained build operations Thread 13" [_thread_blocked, id=9100, stack(0x0000006a49b00000,0x0000006a49c00000)]
  0x000002273ff32800 JavaThread "Unconstrained build operations Thread 14" [_thread_blocked, id=6728, stack(0x0000006a49c00000,0x0000006a49d00000)]
  0x000002273ff33000 JavaThread "Unconstrained build operations Thread 15" [_thread_blocked, id=6368, stack(0x0000006a49d00000,0x0000006a49e00000)]
  0x000002273ff2d800 JavaThread "Unconstrained build operations Thread 16" [_thread_blocked, id=2344, stack(0x0000006a49e00000,0x0000006a49f00000)]
  0x000002273ff38000 JavaThread "Unconstrained build operations Thread 17" [_thread_blocked, id=6484, stack(0x0000006a49f00000,0x0000006a4a000000)]
  0x000002273ff34000 JavaThread "Unconstrained build operations Thread 18" [_thread_blocked, id=1324, stack(0x0000006a4a000000,0x0000006a4a100000)]
  0x000002273ff36800 JavaThread "Unconstrained build operations Thread 19" [_thread_blocked, id=4064, stack(0x0000006a4a100000,0x0000006a4a200000)]
  0x000002273ff35000 JavaThread "Unconstrained build operations Thread 20" [_thread_blocked, id=9156, stack(0x0000006a4a200000,0x0000006a4a300000)]
  0x000002273ff39000 JavaThread "Unconstrained build operations Thread 21" [_thread_blocked, id=8948, stack(0x0000006a4a300000,0x0000006a4a400000)]
  0x000002273ff35800 JavaThread "Unconstrained build operations Thread 22" [_thread_blocked, id=3768, stack(0x0000006a4a400000,0x0000006a4a500000)]
  0x000002273ff37800 JavaThread "Unconstrained build operations Thread 23" [_thread_blocked, id=3612, stack(0x0000006a4a500000,0x0000006a4a600000)]
  0x000002273ff39800 JavaThread "Unconstrained build operations Thread 24" [_thread_blocked, id=7080, stack(0x0000006a4a600000,0x0000006a4a700000)]
  0x0000022743c97800 JavaThread "Unconstrained build operations Thread 25" [_thread_blocked, id=4760, stack(0x0000006a4a700000,0x0000006a4a800000)]
  0x0000022743c92800 JavaThread "Unconstrained build operations Thread 26" [_thread_blocked, id=4740, stack(0x0000006a4a800000,0x0000006a4a900000)]
  0x0000022743c96800 JavaThread "Unconstrained build operations Thread 27" [_thread_blocked, id=8788, stack(0x0000006a4a900000,0x0000006a4aa00000)]
  0x0000022743c98000 JavaThread "Unconstrained build operations Thread 28" [_thread_blocked, id=4684, stack(0x0000006a4aa00000,0x0000006a4ab00000)]
  0x0000022743c95000 JavaThread "Unconstrained build operations Thread 29" [_thread_blocked, id=7420, stack(0x0000006a4ab00000,0x0000006a4ac00000)]
  0x0000022743c99000 JavaThread "Unconstrained build operations Thread 30" [_thread_blocked, id=2308, stack(0x0000006a4ac00000,0x0000006a4ad00000)]
  0x0000022743c95800 JavaThread "Unconstrained build operations Thread 31" [_thread_blocked, id=3436, stack(0x0000006a4ad00000,0x0000006a4ae00000)]
  0x0000022743c93000 JavaThread "Unconstrained build operations Thread 32" [_thread_blocked, id=2912, stack(0x0000006a4ae00000,0x0000006a4af00000)]
  0x0000022743c9a000 JavaThread "Unconstrained build operations Thread 33" [_thread_blocked, id=8776, stack(0x0000006a4af00000,0x0000006a4b000000)]
  0x0000022743c94000 JavaThread "Unconstrained build operations Thread 34" [_thread_blocked, id=7636, stack(0x0000006a4b000000,0x0000006a4b100000)]
  0x0000022743c9a800 JavaThread "Unconstrained build operations Thread 35" [_thread_blocked, id=5312, stack(0x0000006a4b100000,0x0000006a4b200000)]
  0x0000022743c9d000 JavaThread "Unconstrained build operations Thread 36" [_thread_blocked, id=3004, stack(0x0000006a4b200000,0x0000006a4b300000)]
  0x0000022743c9f800 JavaThread "Unconstrained build operations Thread 37" [_thread_blocked, id=6708, stack(0x0000006a4b300000,0x0000006a4b400000)]
  0x0000022743ca1000 JavaThread "Unconstrained build operations Thread 38" [_thread_blocked, id=7424, stack(0x0000006a4b400000,0x0000006a4b500000)]
  0x0000022743c9e800 JavaThread "Unconstrained build operations Thread 39" [_thread_blocked, id=3416, stack(0x0000006a4b500000,0x0000006a4b600000)]
  0x0000022743ca0800 JavaThread "Unconstrained build operations Thread 40" [_thread_blocked, id=5304, stack(0x0000006a4b600000,0x0000006a4b700000)]
  0x0000022743c9e000 JavaThread "jar transforms Thread 4" [_thread_blocked, id=4404, stack(0x0000006a4b700000,0x0000006a4b800000)]

Other Threads:
  0x000002273c9e5800 VMThread "VM Thread" [stack: 0x0000006a46600000,0x0000006a46700000] [id=1260]
  0x000002273d4d5000 WatcherThread [stack: 0x0000006a47000000,0x0000006a47100000] [id=5524]
  0x0000022722e59000 GCTaskThread "GC Thread#0" [stack: 0x0000006a46100000,0x0000006a46200000] [id=6392]
  0x000002273df88800 GCTaskThread "GC Thread#1" [stack: 0x0000006a47200000,0x0000006a47300000] [id=1280]
  0x000002273f6b1000 GCTaskThread "GC Thread#2" [stack: 0x0000006a47400000,0x0000006a47500000] [id=2204]
  0x000002273ee42000 GCTaskThread "GC Thread#3" [stack: 0x0000006a47500000,0x0000006a47600000] [id=6652]
  0x0000022722e8a800 ConcurrentGCThread "G1 Main Marker" [stack: 0x0000006a46200000,0x0000006a46300000] [id=4496]
  0x0000022722e8b800 ConcurrentGCThread "G1 Conc#0" [stack: 0x0000006a46300000,0x0000006a46400000] [id=2424]
  0x0000022722ee3800 ConcurrentGCThread "G1 Refine#0" [stack: 0x0000006a46400000,0x0000006a46500000] [id=6808]
  0x0000022722ee4800 ConcurrentGCThread "G1 Young RemSet Sampling" [stack: 0x0000006a46500000,0x0000006a46600000] [id=8976]

Threads with active compile tasks:
C2 CompilerThread0  11931 5921       4       org.objectweb.asm.Frame::execute (2318 bytes)
C2 CompilerThread1  11931 5871   !   4       com.google.common.reflect.TypeVisitor::visit (244 bytes)

VM state:not at safepoint (normal execution)

VM Mutex/Monitor currently owned by a thread: None

Heap address: 0x0000000080000000, size: 2048 MB, Compressed Oops mode: 32-bit
Narrow klass base: 0x0000000000000000, Narrow klass shift: 3
Compressed class space size: 1073741824 Address: 0x0000000100000000

Heap:
 garbage-first heap   total 114688K, used 87956K [0x0000000080000000, 0x0000000100000000)
  region size 1024K, 39 young (39936K), 3 survivors (3072K)
 Metaspace       used 57547K, capacity 59041K, committed 59392K, reserved 1101824K
  class space    used 7313K, capacity 7825K, committed 7936K, reserved 1048576K
Heap Regions: E=young(eden), S=young(survivor), O=old, HS=humongous(starts), HC=humongous(continues), CS=collection set, F=free, A=archive, TAMS=top-at-mark-start (previous, next)
|   0|0x0000000080000000, 0x0000000080100000, 0x0000000080100000|100%| O|  |TAMS 0x0000000080100000, 0x0000000080000000| Untracked 
|   1|0x0000000080100000, 0x0000000080200000, 0x0000000080200000|100%| O|  |TAMS 0x0000000080200000, 0x0000000080100000| Untracked 
|   2|0x0000000080200000, 0x0000000080300000, 0x0000000080300000|100%| O|  |TAMS 0x0000000080300000, 0x0000000080200000| Untracked 
|   3|0x0000000080300000, 0x0000000080400000, 0x0000000080400000|100%|HS|  |TAMS 0x0000000080400000, 0x0000000080300000| Complete 
|   4|0x0000000080400000, 0x0000000080500000, 0x0000000080500000|100%|HC|  |TAMS 0x0000000080500000, 0x0000000080400000| Complete 
|   5|0x0000000080500000, 0x0000000080600000, 0x0000000080600000|100%|HC|  |TAMS 0x0000000080600000, 0x0000000080500000| Complete 
|   6|0x0000000080600000, 0x0000000080700000, 0x0000000080700000|100%| O|  |TAMS 0x0000000080700000, 0x0000000080600000| Untracked 
|   7|0x0000000080700000, 0x0000000080800000, 0x0000000080800000|100%| O|  |TAMS 0x0000000080800000, 0x0000000080700000| Untracked 
|   8|0x0000000080800000, 0x0000000080900000, 0x0000000080900000|100%| O|  |TAMS 0x0000000080900000, 0x0000000080800000| Untracked 
|   9|0x0000000080900000, 0x0000000080a00000, 0x0000000080a00000|100%| O|  |TAMS 0x0000000080a00000, 0x0000000080900000| Untracked 
|  10|0x0000000080a00000, 0x0000000080b00000, 0x0000000080b00000|100%| O|  |TAMS 0x0000000080b00000, 0x0000000080a00000| Untracked 
|  11|0x0000000080b00000, 0x0000000080c00000, 0x0000000080c00000|100%| O|  |TAMS 0x0000000080c00000, 0x0000000080b00000| Untracked 
|  12|0x0000000080c00000, 0x0000000080d00000, 0x0000000080d00000|100%| O|  |TAMS 0x0000000080d00000, 0x0000000080c00000| Untracked 
|  13|0x0000000080d00000, 0x0000000080e00000, 0x0000000080e00000|100%| O|  |TAMS 0x0000000080e00000, 0x0000000080d00000| Untracked 
|  14|0x0000000080e00000, 0x0000000080f00000, 0x0000000080f00000|100%| O|  |TAMS 0x0000000080f00000, 0x0000000080e00000| Untracked 
|  15|0x0000000080f00000, 0x0000000081000000, 0x0000000081000000|100%| O|  |TAMS 0x0000000081000000, 0x0000000080f00000| Untracked 
|  16|0x0000000081000000, 0x0000000081100000, 0x0000000081100000|100%| O|  |TAMS 0x0000000081100000, 0x0000000081000000| Untracked 
|  17|0x0000000081100000, 0x0000000081200000, 0x0000000081200000|100%| O|  |TAMS 0x0000000081200000, 0x0000000081100000| Untracked 
|  18|0x0000000081200000, 0x0000000081300000, 0x0000000081300000|100%| O|  |TAMS 0x0000000081300000, 0x0000000081200000| Untracked 
|  19|0x0000000081300000, 0x0000000081400000, 0x0000000081400000|100%| O|  |TAMS 0x0000000081300000, 0x0000000081300000| Untracked 
|  20|0x0000000081400000, 0x0000000081500000, 0x0000000081500000|100%| O|  |TAMS 0x0000000081400000, 0x0000000081400000| Untracked 
|  21|0x0000000081500000, 0x0000000081600000, 0x0000000081600000|100%| O|  |TAMS 0x0000000081500000, 0x0000000081500000| Untracked 
|  22|0x0000000081600000, 0x0000000081700000, 0x0000000081700000|100%| O|  |TAMS 0x0000000081700000, 0x0000000081600000| Untracked 
|  23|0x0000000081700000, 0x0000000081800000, 0x0000000081800000|100%| O|  |TAMS 0x0000000081800000, 0x0000000081700000| Untracked 
|  24|0x0000000081800000, 0x0000000081900000, 0x0000000081900000|100%| O|  |TAMS 0x0000000081900000, 0x0000000081800000| Untracked 
|  25|0x0000000081900000, 0x0000000081a00000, 0x0000000081a00000|100%| O|  |TAMS 0x0000000081a00000, 0x0000000081900000| Untracked 
|  26|0x0000000081a00000, 0x0000000081b00000, 0x0000000081b00000|100%| O|  |TAMS 0x0000000081b00000, 0x0000000081a00000| Untracked 
|  27|0x0000000081b00000, 0x0000000081c00000, 0x0000000081c00000|100%| O|  |TAMS 0x0000000081b5ec00, 0x0000000081b00000| Untracked 
|  28|0x0000000081c00000, 0x0000000081d00000, 0x0000000081d00000|100%|HS|  |TAMS 0x0000000081c00000, 0x0000000081c00000| Complete 
|  29|0x0000000081d00000, 0x0000000081e00000, 0x0000000081e00000|100%|HS|  |TAMS 0x0000000081d00000, 0x0000000081d00000| Complete 
|  30|0x0000000081e00000, 0x0000000081f00000, 0x0000000081f00000|100%|HS|  |TAMS 0x0000000081e00000, 0x0000000081e00000| Complete 
|  31|0x0000000081f00000, 0x0000000082000000, 0x0000000082000000|100%|HS|  |TAMS 0x0000000081f00000, 0x0000000081f00000| Complete 
|  32|0x0000000082000000, 0x0000000082100000, 0x0000000082100000|100%|HS|  |TAMS 0x0000000082000000, 0x0000000082000000| Complete 
|  33|0x0000000082100000, 0x0000000082200000, 0x0000000082200000|100%|HC|  |TAMS 0x0000000082100000, 0x0000000082100000| Complete 
|  34|0x0000000082200000, 0x0000000082300000, 0x0000000082300000|100%|HC|  |TAMS 0x0000000082200000, 0x0000000082200000| Complete 
|  35|0x0000000082300000, 0x0000000082400000, 0x0000000082400000|100%|HS|  |TAMS 0x0000000082300000, 0x0000000082300000| Complete 
|  36|0x0000000082400000, 0x0000000082500000, 0x0000000082500000|100%|HC|  |TAMS 0x0000000082400000, 0x0000000082400000| Complete 
|  37|0x0000000082500000, 0x0000000082600000, 0x0000000082600000|100%| O|  |TAMS 0x0000000082500000, 0x0000000082500000| Untracked 
|  38|0x0000000082600000, 0x0000000082700000, 0x0000000082700000|100%| O|  |TAMS 0x0000000082600000, 0x0000000082600000| Untracked 
|  39|0x0000000082700000, 0x0000000082800000, 0x0000000082800000|100%| O|  |TAMS 0x0000000082700000, 0x0000000082700000| Untracked 
|  40|0x0000000082800000, 0x0000000082900000, 0x0000000082900000|100%| O|  |TAMS 0x0000000082800000, 0x0000000082800000| Untracked 
|  41|0x0000000082900000, 0x0000000082a00000, 0x0000000082a00000|100%| O|  |TAMS 0x0000000082900000, 0x0000000082900000| Untracked 
|  42|0x0000000082a00000, 0x0000000082b00000, 0x0000000082b00000|100%| O|  |TAMS 0x0000000082a00000, 0x0000000082a00000| Untracked 
|  43|0x0000000082b00000, 0x0000000082c00000, 0x0000000082c00000|100%| O|  |TAMS 0x0000000082b00000, 0x0000000082b00000| Untracked 
|  44|0x0000000082c00000, 0x0000000082d00000, 0x0000000082d00000|100%| O|  |TAMS 0x0000000082c00000, 0x0000000082c00000| Untracked 
|  45|0x0000000082d00000, 0x0000000082e00000, 0x0000000082e00000|100%| O|  |TAMS 0x0000000082d00000, 0x0000000082d00000| Untracked 
|  46|0x0000000082e00000, 0x0000000082f00000, 0x0000000082f00000|100%| O|  |TAMS 0x0000000082e00000, 0x0000000082e00000| Untracked 
|  47|0x0000000082f00000, 0x0000000083000000, 0x0000000083000000|100%| O|  |TAMS 0x0000000082f00000, 0x0000000082f00000| Untracked 
|  48|0x0000000083000000, 0x000000008308d600, 0x0000000083100000| 55%| O|  |TAMS 0x0000000083000000, 0x0000000083000000| Untracked 
|  49|0x0000000083100000, 0x0000000083100000, 0x0000000083200000|  0%| F|  |TAMS 0x0000000083100000, 0x0000000083100000| Untracked 
|  50|0x0000000083200000, 0x0000000083200000, 0x0000000083300000|  0%| F|  |TAMS 0x0000000083200000, 0x0000000083200000| Untracked 
|  51|0x0000000083300000, 0x0000000083300000, 0x0000000083400000|  0%| F|  |TAMS 0x0000000083300000, 0x0000000083300000| Untracked 
|  52|0x0000000083400000, 0x0000000083400000, 0x0000000083500000|  0%| F|  |TAMS 0x0000000083400000, 0x0000000083400000| Untracked 
|  53|0x0000000083500000, 0x0000000083500000, 0x0000000083600000|  0%| F|  |TAMS 0x0000000083500000, 0x0000000083500000| Untracked 
|  54|0x0000000083600000, 0x0000000083600000, 0x0000000083700000|  0%| F|  |TAMS 0x0000000083600000, 0x0000000083600000| Untracked 
|  55|0x0000000083700000, 0x0000000083700000, 0x0000000083800000|  0%| F|  |TAMS 0x0000000083700000, 0x0000000083700000| Untracked 
|  56|0x0000000083800000, 0x0000000083800000, 0x0000000083900000|  0%| F|  |TAMS 0x0000000083800000, 0x0000000083800000| Untracked 
|  57|0x0000000083900000, 0x0000000083900000, 0x0000000083a00000|  0%| F|  |TAMS 0x0000000083900000, 0x0000000083900000| Untracked 
|  58|0x0000000083a00000, 0x0000000083a00000, 0x0000000083b00000|  0%| F|  |TAMS 0x0000000083a00000, 0x0000000083a00000| Untracked 
|  59|0x0000000083b00000, 0x0000000083b00000, 0x0000000083c00000|  0%| F|  |TAMS 0x0000000083b00000, 0x0000000083b00000| Untracked 
|  60|0x0000000083c00000, 0x0000000083c00000, 0x0000000083d00000|  0%| F|  |TAMS 0x0000000083c00000, 0x0000000083c00000| Untracked 
|  61|0x0000000083d00000, 0x0000000083d00000, 0x0000000083e00000|  0%| F|  |TAMS 0x0000000083d00000, 0x0000000083d00000| Untracked 
|  62|0x0000000083e00000, 0x0000000083e00000, 0x0000000083f00000|  0%| F|  |TAMS 0x0000000083e00000, 0x0000000083e00000| Untracked 
|  63|0x0000000083f00000, 0x0000000083f00000, 0x0000000084000000|  0%| F|  |TAMS 0x0000000083f00000, 0x0000000083f00000| Untracked 
|  64|0x0000000084000000, 0x0000000084000000, 0x0000000084100000|  0%| F|  |TAMS 0x0000000084000000, 0x0000000084000000| Untracked 
|  65|0x0000000084100000, 0x0000000084100000, 0x0000000084200000|  0%| F|  |TAMS 0x0000000084100000, 0x0000000084100000| Untracked 
|  66|0x0000000084200000, 0x0000000084200000, 0x0000000084300000|  0%| F|  |TAMS 0x0000000084200000, 0x0000000084200000| Untracked 
|  67|0x0000000084300000, 0x0000000084300000, 0x0000000084400000|  0%| F|  |TAMS 0x0000000084300000, 0x0000000084300000| Untracked 
|  68|0x0000000084400000, 0x0000000084400000, 0x0000000084500000|  0%| F|  |TAMS 0x0000000084400000, 0x0000000084400000| Untracked 
|  69|0x0000000084500000, 0x0000000084500000, 0x0000000084600000|  0%| F|  |TAMS 0x0000000084500000, 0x0000000084500000| Untracked 
|  70|0x0000000084600000, 0x0000000084600000, 0x0000000084700000|  0%| F|  |TAMS 0x0000000084600000, 0x0000000084600000| Untracked 
|  71|0x0000000084700000, 0x0000000084700000, 0x0000000084800000|  0%| F|  |TAMS 0x0000000084700000, 0x0000000084700000| Untracked 
|  72|0x0000000084800000, 0x0000000084857cc0, 0x0000000084900000| 34%| S|CS|TAMS 0x0000000084800000, 0x0000000084800000| Complete 
|  73|0x0000000084900000, 0x0000000084a00000, 0x0000000084a00000|100%| S|CS|TAMS 0x0000000084900000, 0x0000000084900000| Complete 
|  74|0x0000000084a00000, 0x0000000084b00000, 0x0000000084b00000|100%| S|CS|TAMS 0x0000000084a00000, 0x0000000084a00000| Complete 
|  75|0x0000000084b00000, 0x0000000084b00000, 0x0000000084c00000|  0%| F|  |TAMS 0x0000000084b00000, 0x0000000084b00000| Untracked 
|  76|0x0000000084c00000, 0x0000000084c80800, 0x0000000084d00000| 50%| E|  |TAMS 0x0000000084c00000, 0x0000000084c00000| Complete 
|  77|0x0000000084d00000, 0x0000000084e00000, 0x0000000084e00000|100%| E|CS|TAMS 0x0000000084d00000, 0x0000000084d00000| Complete 
|  78|0x0000000084e00000, 0x0000000084f00000, 0x0000000084f00000|100%| E|CS|TAMS 0x0000000084e00000, 0x0000000084e00000| Complete 
|  79|0x0000000084f00000, 0x0000000085000000, 0x0000000085000000|100%| E|CS|TAMS 0x0000000084f00000, 0x0000000084f00000| Complete 
|  80|0x0000000085000000, 0x0000000085100000, 0x0000000085100000|100%| E|CS|TAMS 0x0000000085000000, 0x0000000085000000| Complete 
|  81|0x0000000085100000, 0x0000000085200000, 0x0000000085200000|100%| E|CS|TAMS 0x0000000085100000, 0x0000000085100000| Complete 
|  82|0x0000000085200000, 0x0000000085300000, 0x0000000085300000|100%| E|CS|TAMS 0x0000000085200000, 0x0000000085200000| Complete 
|  83|0x0000000085300000, 0x0000000085400000, 0x0000000085400000|100%| E|CS|TAMS 0x0000000085300000, 0x0000000085300000| Complete 
|  84|0x0000000085400000, 0x0000000085500000, 0x0000000085500000|100%| E|CS|TAMS 0x0000000085400000, 0x0000000085400000| Complete 
|  85|0x0000000085500000, 0x0000000085600000, 0x0000000085600000|100%| E|CS|TAMS 0x0000000085500000, 0x0000000085500000| Complete 
|  86|0x0000000085600000, 0x0000000085700000, 0x0000000085700000|100%| E|CS|TAMS 0x0000000085600000, 0x0000000085600000| Complete 
|  87|0x0000000085700000, 0x0000000085800000, 0x0000000085800000|100%| E|CS|TAMS 0x0000000085700000, 0x0000000085700000| Complete 
|  88|0x0000000085800000, 0x0000000085900000, 0x0000000085900000|100%| E|CS|TAMS 0x0000000085800000, 0x0000000085800000| Complete 
|  89|0x0000000085900000, 0x0000000085a00000, 0x0000000085a00000|100%| E|CS|TAMS 0x0000000085900000, 0x0000000085900000| Complete 
|  90|0x0000000085a00000, 0x0000000085b00000, 0x0000000085b00000|100%| E|CS|TAMS 0x0000000085a00000, 0x0000000085a00000| Complete 
|  91|0x0000000085b00000, 0x0000000085c00000, 0x0000000085c00000|100%| E|CS|TAMS 0x0000000085b00000, 0x0000000085b00000| Complete 
|  92|0x0000000085c00000, 0x0000000085d00000, 0x0000000085d00000|100%| E|CS|TAMS 0x0000000085c00000, 0x0000000085c00000| Complete 
|  93|0x0000000085d00000, 0x0000000085e00000, 0x0000000085e00000|100%| E|CS|TAMS 0x0000000085d00000, 0x0000000085d00000| Complete 
|  94|0x0000000085e00000, 0x0000000085f00000, 0x0000000085f00000|100%| E|CS|TAMS 0x0000000085e00000, 0x0000000085e00000| Complete 
|  95|0x0000000085f00000, 0x0000000086000000, 0x0000000086000000|100%| E|CS|TAMS 0x0000000085f00000, 0x0000000085f00000| Complete 
|  96|0x0000000086000000, 0x0000000086100000, 0x0000000086100000|100%| E|CS|TAMS 0x0000000086000000, 0x0000000086000000| Complete 
|  97|0x0000000086100000, 0x0000000086200000, 0x0000000086200000|100%| E|CS|TAMS 0x0000000086100000, 0x0000000086100000| Complete 
|  98|0x0000000086200000, 0x0000000086300000, 0x0000000086300000|100%| E|CS|TAMS 0x0000000086200000, 0x0000000086200000| Complete 
|  99|0x0000000086300000, 0x0000000086400000, 0x0000000086400000|100%| E|CS|TAMS 0x0000000086300000, 0x0000000086300000| Complete 
| 100|0x0000000086400000, 0x0000000086500000, 0x0000000086500000|100%| E|CS|TAMS 0x0000000086400000, 0x0000000086400000| Complete 
| 101|0x0000000086500000, 0x0000000086600000, 0x0000000086600000|100%| E|CS|TAMS 0x0000000086500000, 0x0000000086500000| Complete 
| 102|0x0000000086600000, 0x0000000086700000, 0x0000000086700000|100%| E|CS|TAMS 0x0000000086600000, 0x0000000086600000| Complete 
| 103|0x0000000086700000, 0x0000000086800000, 0x0000000086800000|100%| E|CS|TAMS 0x0000000086700000, 0x0000000086700000| Complete 
| 104|0x0000000086800000, 0x0000000086900000, 0x0000000086900000|100%| E|CS|TAMS 0x0000000086800000, 0x0000000086800000| Complete 
| 105|0x0000000086900000, 0x0000000086a00000, 0x0000000086a00000|100%| E|CS|TAMS 0x0000000086900000, 0x0000000086900000| Complete 
| 106|0x0000000086a00000, 0x0000000086b00000, 0x0000000086b00000|100%| E|CS|TAMS 0x0000000086a00000, 0x0000000086a00000| Complete 
| 107|0x0000000086b00000, 0x0000000086c00000, 0x0000000086c00000|100%| E|CS|TAMS 0x0000000086b00000, 0x0000000086b00000| Complete 
| 108|0x0000000086c00000, 0x0000000086d00000, 0x0000000086d00000|100%| E|CS|TAMS 0x0000000086c00000, 0x0000000086c00000| Complete 
| 109|0x0000000086d00000, 0x0000000086e00000, 0x0000000086e00000|100%| E|CS|TAMS 0x0000000086d00000, 0x0000000086d00000| Complete 
| 110|0x0000000086e00000, 0x0000000086f00000, 0x0000000086f00000|100%| E|CS|TAMS 0x0000000086e00000, 0x0000000086e00000| Complete 
| 111|0x0000000086f00000, 0x0000000087000000, 0x0000000087000000|100%| E|CS|TAMS 0x0000000086f00000, 0x0000000086f00000| Complete 

Card table byte_map: [0x0000022735d40000,0x0000022736140000] _byte_map_base: 0x0000022735940000

Marking Bits (Prev, Next): (CMBitMap*) 0x0000022722e817c0, (CMBitMap*) 0x0000022722e81788
 Prev Bits: [0x0000022738540000, 0x000002273a540000)
 Next Bits: [0x0000022736540000, 0x0000022738540000)

Polling page: 0x0000022720cf0000

Metaspace:

Usage:
  Non-class:     50.02 MB capacity,    49.06 MB ( 98%) used,   833.03 KB (  2%) free+waste,   149.63 KB ( <1%) overhead. 
      Class:      7.64 MB capacity,     7.14 MB ( 93%) used,   440.32 KB (  6%) free+waste,    70.88 KB ( <1%) overhead. 
       Both:     57.66 MB capacity,    56.20 MB ( 97%) used,     1.24 MB (  2%) free+waste,   220.50 KB ( <1%) overhead. 

Virtual space:
  Non-class space:       52.00 MB reserved,      50.25 MB ( 97%) committed 
      Class space:        1.00 GB reserved,       7.75 MB ( <1%) committed 
             Both:        1.05 GB reserved,      58.00 MB (  5%) committed 

Chunk freelists:
   Non-Class:  48.00 KB
       Class:  15.00 KB
        Both:  63.00 KB

MaxMetaspaceSize: 17179869184.00 GB
CompressedClassSpaceSize: 1.00 GB

CodeHeap 'non-profiled nmethods': size=120064Kb used=3259Kb max_used=3259Kb free=116804Kb
 bounds [0x000002272e400000, 0x000002272e730000, 0x0000022735940000]
CodeHeap 'profiled nmethods': size=120000Kb used=12489Kb max_used=12489Kb free=107510Kb
 bounds [0x0000022726ed0000, 0x0000022727b10000, 0x000002272e400000]
CodeHeap 'non-nmethods': size=5696Kb used=2239Kb max_used=2278Kb free=3456Kb
 bounds [0x0000022726940000, 0x0000022726bb0000, 0x0000022726ed0000]
 total_blobs=6765 nmethods=5945 adapters=731
 compilation: enabled
              stopped_count=0, restarted_count=0
 full_count=0

Compilation events (20 events):
Event: 11.851 Thread 0x000002273ca54800 5936       3       com.google.common.reflect.TypeResolver$TypeTable$1::resolveInternal (33 bytes)
Event: 11.851 Thread 0x000002273ca54800 nmethod 5936 0x0000022727ae8d10 code [0x0000022727ae8f00, 0x0000022727ae9378]
Event: 11.851 Thread 0x000002273ca54800 5937 %     3       org.gradle.internal.instantiation.generator.AbstractClassGenerator::inspectType @ 107 (560 bytes)
Event: 11.857 Thread 0x000002273ca54800 nmethod 5937% 0x0000022727ae9510 code [0x0000022727ae9d20, 0x0000022727aef288]
Event: 11.857 Thread 0x000002273ca54800 5938       3       com.google.common.collect.AbstractMapBasedMultimap::put (92 bytes)
Event: 11.858 Thread 0x000002273ca54800 nmethod 5938 0x0000022727af0c90 code [0x0000022727af0ec0, 0x0000022727af1678]
Event: 11.858 Thread 0x000002273ca54800 5939       3       com.google.common.collect.AbstractSetMultimap::put (7 bytes)
Event: 11.858 Thread 0x000002273ca54800 nmethod 5939 0x0000022727af1890 code [0x0000022727af1a40, 0x0000022727af1b68]
Event: 11.858 Thread 0x000002273ca54800 5940       3       org.gradle.internal.ImmutableActionSet::empty (10 bytes)
Event: 11.858 Thread 0x000002273ca54800 nmethod 5940 0x0000022727af1c10 code [0x0000022727af1dc0, 0x0000022727af1ef8]
Event: 11.861 Thread 0x000002273ca54800 5941       3       com.google.common.reflect.TypeToken::someRawTypeIsSubclassOf (42 bytes)
Event: 11.863 Thread 0x000002273ca54800 nmethod 5941 0x0000022727af1f90 code [0x0000022727af22a0, 0x0000022727af36f8]
Event: 11.863 Thread 0x000002273ca54800 5943       3       com.google.common.reflect.TypeResolver$TypeTable::where (115 bytes)
Event: 11.865 Thread 0x000002273ca54800 nmethod 5943 0x0000022727af3d10 code [0x0000022727af40a0, 0x0000022727af5b98]
Event: 11.865 Thread 0x000002273ca54800 5942       3       com.google.common.reflect.TypeResolver$TypeMappingIntrospector::getTypeMappings (33 bytes)
Event: 11.866 Thread 0x000002273ca54800 nmethod 5942 0x0000022727af6410 code [0x0000022727af66a0, 0x0000022727af7388]
Event: 11.868 Thread 0x000002273ca54800 5944       3       com.google.common.collect.LinkedHashMultimap$ValueEntry::<init> (18 bytes)
Event: 11.868 Thread 0x000002273ca54800 nmethod 5944 0x0000022727af7790 code [0x0000022727af7960, 0x0000022727af7c98]
Event: 11.870 Thread 0x000002273ca54800 5945       3       org.objectweb.asm.SymbolTable::getType (7 bytes)
Event: 11.870 Thread 0x000002273ca54800 nmethod 5945 0x0000022727af7d90 code [0x0000022727af7f40, 0x0000022727af8078]

GC Heap History (20 events):
Event: 4.407 GC heap before
{Heap before GC invocations=7 (full 0):
 garbage-first heap   total 78848K, used 49041K [0x0000000080000000, 0x0000000100000000)
  region size 1024K, 33 young (33792K), 2 survivors (2048K)
 Metaspace       used 23837K, capacity 24426K, committed 24576K, reserved 1071104K
  class space    used 3041K, capacity 3261K, committed 3328K, reserved 1048576K
}
Event: 4.417 GC heap after
{Heap after GC invocations=8 (full 0):
 garbage-first heap   total 78848K, used 18502K [0x0000000080000000, 0x0000000100000000)
  region size 1024K, 4 young (4096K), 4 survivors (4096K)
 Metaspace       used 23837K, capacity 24426K, committed 24576K, reserved 1071104K
  class space    used 3041K, capacity 3261K, committed 3328K, reserved 1048576K
}
Event: 5.059 GC heap before
{Heap before GC invocations=9 (full 0):
 garbage-first heap   total 78848K, used 51270K [0x0000000080000000, 0x0000000100000000)
  region size 1024K, 36 young (36864K), 4 survivors (4096K)
 Metaspace       used 26762K, capacity 27366K, committed 27648K, reserved 1073152K
  class space    used 3527K, capacity 3735K, committed 3840K, reserved 1048576K
}
Event: 5.072 GC heap after
{Heap after GC invocations=10 (full 0):
 garbage-first heap   total 78848K, used 19747K [0x0000000080000000, 0x0000000100000000)
  region size 1024K, 4 young (4096K), 4 survivors (4096K)
 Metaspace       used 26762K, capacity 27366K, committed 27648K, reserved 1073152K
  class space    used 3527K, capacity 3735K, committed 3840K, reserved 1048576K
}
Event: 5.733 GC heap before
{Heap before GC invocations=10 (full 0):
 garbage-first heap   total 78848K, used 55587K [0x0000000080000000, 0x0000000100000000)
  region size 1024K, 39 young (39936K), 4 survivors (4096K)
 Metaspace       used 30921K, capacity 31591K, committed 31872K, reserved 1077248K
  class space    used 4159K, capacity 4400K, committed 4480K, reserved 1048576K
}
Event: 5.742 GC heap after
{Heap after GC invocations=11 (full 0):
 garbage-first heap   total 78848K, used 20967K [0x0000000080000000, 0x0000000100000000)
  region size 1024K, 4 young (4096K), 4 survivors (4096K)
 Metaspace       used 30921K, capacity 31591K, committed 31872K, reserved 1077248K
  class space    used 4159K, capacity 4400K, committed 4480K, reserved 1048576K
}
Event: 6.607 GC heap before
{Heap before GC invocations=11 (full 0):
 garbage-first heap   total 78848K, used 57831K [0x0000000080000000, 0x0000000100000000)
  region size 1024K, 41 young (41984K), 4 survivors (4096K)
 Metaspace       used 36675K, capacity 37507K, committed 37632K, reserved 1081344K
  class space    used 4728K, capacity 5049K, committed 5120K, reserved 1048576K
}
Event: 6.621 GC heap after
{Heap after GC invocations=12 (full 0):
 garbage-first heap   total 95232K, used 25047K [0x0000000080000000, 0x0000000100000000)
  region size 1024K, 6 young (6144K), 6 survivors (6144K)
 Metaspace       used 36675K, capacity 37507K, committed 37632K, reserved 1081344K
  class space    used 4728K, capacity 5049K, committed 5120K, reserved 1048576K
}
Event: 7.593 GC heap before
{Heap before GC invocations=12 (full 0):
 garbage-first heap   total 95232K, used 67031K [0x0000000080000000, 0x0000000100000000)
  region size 1024K, 45 young (46080K), 6 survivors (6144K)
 Metaspace       used 39548K, capacity 40569K, committed 40832K, reserved 1085440K
  class space    used 5061K, capacity 5429K, committed 5504K, reserved 1048576K
}
Event: 7.612 GC heap after
{Heap after GC invocations=13 (full 0):
 garbage-first heap   total 95232K, used 28293K [0x0000000080000000, 0x0000000100000000)
  region size 1024K, 4 young (4096K), 4 survivors (4096K)
 Metaspace       used 39548K, capacity 40569K, committed 40832K, reserved 1085440K
  class space    used 5061K, capacity 5429K, committed 5504K, reserved 1048576K
}
Event: 7.653 GC heap before
{Heap before GC invocations=13 (full 0):
 garbage-first heap   total 95232K, used 29317K [0x0000000080000000, 0x0000000100000000)
  region size 1024K, 6 young (6144K), 4 survivors (4096K)
 Metaspace       used 39826K, capacity 40877K, committed 40960K, reserved 1085440K
  class space    used 5081K, capacity 5469K, committed 5504K, reserved 1048576K
}
Event: 7.660 GC heap after
{Heap after GC invocations=14 (full 0):
 garbage-first heap   total 95232K, used 28563K [0x0000000080000000, 0x0000000100000000)
  region size 1024K, 4 young (4096K), 4 survivors (4096K)
 Metaspace       used 39826K, capacity 40877K, committed 40960K, reserved 1085440K
  class space    used 5081K, capacity 5469K, committed 5504K, reserved 1048576K
}
Event: 8.426 GC heap before
{Heap before GC invocations=15 (full 0):
 garbage-first heap   total 95232K, used 68499K [0x0000000080000000, 0x0000000100000000)
  region size 1024K, 43 young (44032K), 4 survivors (4096K)
 Metaspace       used 43895K, capacity 45020K, committed 45184K, reserved 1089536K
  class space    used 5612K, capacity 5987K, committed 6016K, reserved 1048576K
}
Event: 8.438 GC heap after
{Heap after GC invocations=16 (full 0):
 garbage-first heap   total 95232K, used 29688K [0x0000000080000000, 0x0000000100000000)
  region size 1024K, 5 young (5120K), 5 survivors (5120K)
 Metaspace       used 43895K, capacity 45020K, committed 45184K, reserved 1089536K
  class space    used 5612K, capacity 5987K, committed 6016K, reserved 1048576K
}
Event: 9.110 GC heap before
{Heap before GC invocations=16 (full 0):
 garbage-first heap   total 95232K, used 70648K [0x0000000080000000, 0x0000000100000000)
  region size 1024K, 45 young (46080K), 5 survivors (5120K)
 Metaspace       used 46767K, capacity 48062K, committed 48256K, reserved 1091584K
  class space    used 6024K, capacity 6471K, committed 6528K, reserved 1048576K
}
Event: 9.121 GC heap after
{Heap after GC invocations=17 (full 0):
 garbage-first heap   total 114688K, used 31428K [0x0000000080000000, 0x0000000100000000)
  region size 1024K, 4 young (4096K), 4 survivors (4096K)
 Metaspace       used 46767K, capacity 48062K, committed 48256K, reserved 1091584K
  class space    used 6024K, capacity 6471K, committed 6528K, reserved 1048576K
}
Event: 10.400 GC heap before
{Heap before GC invocations=17 (full 0):
 garbage-first heap   total 114688K, used 86724K [0x0000000080000000, 0x0000000100000000)
  region size 1024K, 49 young (50176K), 4 survivors (4096K)
 Metaspace       used 48108K, capacity 49394K, committed 49664K, reserved 1091584K
  class space    used 6136K, capacity 6589K, committed 6656K, reserved 1048576K
}
Event: 10.416 GC heap after
{Heap after GC invocations=18 (full 0):
 garbage-first heap   total 114688K, used 49598K [0x0000000080000000, 0x0000000100000000)
  region size 1024K, 7 young (7168K), 7 survivors (7168K)
 Metaspace       used 48108K, capacity 49394K, committed 49664K, reserved 1091584K
  class space    used 6136K, capacity 6589K, committed 6656K, reserved 1048576K
}
Event: 11.126 GC heap before
{Heap before GC invocations=18 (full 0):
 garbage-first heap   total 114688K, used 87486K [0x0000000080000000, 0x0000000100000000)
  region size 1024K, 44 young (45056K), 7 survivors (7168K)
 Metaspace       used 52533K, capacity 54015K, committed 54144K, reserved 1095680K
  class space    used 6683K, capacity 7220K, committed 7296K, reserved 1048576K
}
Event: 11.137 GC heap after
{Heap after GC invocations=19 (full 0):
 garbage-first heap   total 114688K, used 52116K [0x0000000080000000, 0x0000000100000000)
  region size 1024K, 3 young (3072K), 3 survivors (3072K)
 Metaspace       used 52533K, capacity 54015K, committed 54144K, reserved 1095680K
  class space    used 6683K, capacity 7220K, committed 7296K, reserved 1048576K
}

Deoptimization events (20 events):
Event: 10.816 Thread 0x000002273fd9d000 Uncommon trap: trap_request=0xffffff4d fr.pc=0x000002272e622244 relative=0x0000000000005b04
Event: 10.816 Thread 0x000002273fd9d000 Uncommon trap: reason=unstable_if action=reinterpret pc=0x000002272e622244 method=org.objectweb.asm.Frame.execute(IILorg/objectweb/asm/Symbol;Lorg/objectweb/asm/SymbolTable;)V @ 1 c2
Event: 10.816 Thread 0x000002273fd9d000 DEOPT PACKING pc=0x000002272e622244 sp=0x0000006a47af7db0
Event: 10.816 Thread 0x000002273fd9d000 DEOPT UNPACKING pc=0x00000227269665af sp=0x0000006a47af7d58 mode 2
Event: 10.850 Thread 0x000002273fd9d000 Uncommon trap: trap_request=0xffffff45 fr.pc=0x000002272e52da74 relative=0x0000000000000214
Event: 10.850 Thread 0x000002273fd9d000 Uncommon trap: reason=unstable_fused_if action=reinterpret pc=0x000002272e52da74 method=org.objectweb.asm.ByteVector.putUTF8(Ljava/lang/String;)Lorg/objectweb/asm/ByteVector; @ 93 c2
Event: 10.850 Thread 0x000002273fd9d000 DEOPT PACKING pc=0x000002272e52da74 sp=0x0000006a47af7ef0
Event: 10.850 Thread 0x000002273fd9d000 DEOPT UNPACKING pc=0x00000227269665af sp=0x0000006a47af7e70 mode 2
Event: 11.137 Thread 0x000002273d4bd000 Uncommon trap: trap_request=0xffffffde fr.pc=0x000002272e53136c relative=0x000000000000052c
Event: 11.137 Thread 0x000002273d4bd000 Uncommon trap: reason=class_check action=maybe_recompile pc=0x000002272e53136c method=jdk.internal.ref.PhantomCleanable.clean()V @ 12 c2
Event: 11.137 Thread 0x000002273d4bd000 DEOPT PACKING pc=0x000002272e53136c sp=0x0000006a46ffee40
Event: 11.137 Thread 0x000002273d4bd000 DEOPT UNPACKING pc=0x00000227269665af sp=0x0000006a46ffee20 mode 2
Event: 11.367 Thread 0x000002273fd9d000 Uncommon trap: trap_request=0xffffff4d fr.pc=0x000002272e6dc108 relative=0x0000000000000328
Event: 11.367 Thread 0x000002273fd9d000 Uncommon trap: reason=unstable_if action=reinterpret pc=0x000002272e6dc108 method=org.gradle.internal.instantiation.generator.AbstractClassGenerator$InjectionAnnotationValidator.validateMethod(Ljava/lang/reflect/Method;Lorg/gradle/internal/reflect/Propert
Event: 11.367 Thread 0x000002273fd9d000 DEOPT PACKING pc=0x000002272e6dc108 sp=0x0000006a47af7b10
Event: 11.368 Thread 0x000002273fd9d000 DEOPT UNPACKING pc=0x00000227269665af sp=0x0000006a47af7ad8 mode 2
Event: 11.368 Thread 0x000002273fd9d000 Uncommon trap: trap_request=0xffffff4d fr.pc=0x000002272e6dcd88 relative=0x00000000000003e8
Event: 11.368 Thread 0x000002273fd9d000 Uncommon trap: reason=unstable_if action=reinterpret pc=0x000002272e6dcd88 method=org.gradle.internal.instantiation.generator.AbstractClassGenerator$InjectionAnnotationValidator.validateMethod(Ljava/lang/reflect/Method;Lorg/gradle/internal/reflect/Propert
Event: 11.368 Thread 0x000002273fd9d000 DEOPT PACKING pc=0x000002272e6dcd88 sp=0x0000006a47af7a70
Event: 11.368 Thread 0x000002273fd9d000 DEOPT UNPACKING pc=0x00000227269665af sp=0x0000006a47af7a30 mode 2

Classes redefined (0 events):
No events

Internal exceptions (20 events):
Event: 10.507 Thread 0x000002273fd9d000 Exception <a 'java/lang/NoSuchMethodError'{0x0000000086abc4e0}: 'long java.lang.invoke.DirectMethodHandle$Holder.invokeVirtual(java.lang.Object, java.lang.Object)'> (0x0000000086abc4e0) thrown at [./src/hotspot/share/interpreter/linkResolver.cpp, line 773]
Event: 10.511 Thread 0x000002273f9f1000 Exception <a 'java/lang/NoSuchMethodError'{0x0000000086908430}: <clinit>> (0x0000000086908430) thrown at [./src/hotspot/share/prims/jni.cpp, line 1362]
Event: 10.518 Thread 0x000002273f9f1000 Exception <a 'java/lang/NoSuchMethodError'{0x0000000086929740}: <clinit>> (0x0000000086929740) thrown at [./src/hotspot/share/prims/jni.cpp, line 1362]
Event: 10.518 Thread 0x000002273f9f1000 Exception <a 'java/lang/NoSuchMethodError'{0x000000008692aac0}: <clinit>> (0x000000008692aac0) thrown at [./src/hotspot/share/prims/jni.cpp, line 1362]
Event: 10.519 Thread 0x000002273f9f1000 Exception <a 'java/lang/NoSuchMethodError'{0x000000008692c088}: <clinit>> (0x000000008692c088) thrown at [./src/hotspot/share/prims/jni.cpp, line 1362]
Event: 10.519 Thread 0x000002273f9f1000 Exception <a 'java/lang/NoSuchMethodError'{0x000000008692d308}: <clinit>> (0x000000008692d308) thrown at [./src/hotspot/share/prims/jni.cpp, line 1362]
Event: 10.521 Thread 0x000002273f9f1000 Exception <a 'java/lang/NoSuchMethodError'{0x0000000086941910}: <clinit>> (0x0000000086941910) thrown at [./src/hotspot/share/prims/jni.cpp, line 1362]
Event: 10.525 Thread 0x000002273f9f1000 Exception <a 'java/lang/NoSuchMethodError'{0x00000000869cd108}: <clinit>> (0x00000000869cd108) thrown at [./src/hotspot/share/prims/jni.cpp, line 1362]
Event: 10.528 Thread 0x000002273f9f1000 Exception <a 'java/lang/NoSuchMethodError'{0x00000000869e3538}: <clinit>> (0x00000000869e3538) thrown at [./src/hotspot/share/prims/jni.cpp, line 1362]
Event: 10.543 Thread 0x000002273fd9d000 Exception <a 'java/lang/ClassNotFoundException'{0x00000000869c0890}: build_3ckubrglrovxfmhr3fvjgycfwBeanInfo> (0x00000000869c0890) thrown at [./src/hotspot/share/classfile/systemDictionary.cpp, line 231]
Event: 10.544 Thread 0x000002273fd9d000 Exception <a 'java/lang/ClassNotFoundException'{0x000000008681c530}: build_3ckubrglrovxfmhr3fvjgycfwCustomizer> (0x000000008681c530) thrown at [./src/hotspot/share/classfile/systemDictionary.cpp, line 231]
Event: 10.585 Thread 0x000002273fd9d000 Exception <a 'java/lang/ClassNotFoundException'{0x00000000866549a8}: org/gradle/api/internal/plugins/DefaultObjectConfigurationActionBeanInfo> (0x00000000866549a8) thrown at [./src/hotspot/share/classfile/systemDictionary.cpp, line 231]
Event: 10.586 Thread 0x000002273fd9d000 Exception <a 'java/lang/ClassNotFoundException'{0x000000008668afa8}: org/gradle/api/internal/plugins/DefaultObjectConfigurationActionCustomizer> (0x000000008668afa8) thrown at [./src/hotspot/share/classfile/systemDictionary.cpp, line 231]
Event: 10.794 Thread 0x000002273fd9d000 Exception <a 'java/lang/NoSuchMethodError'{0x0000000085ce3420}: 'java.lang.Object java.lang.invoke.DirectMethodHandle$Holder.invokeStatic(java.lang.Object, java.lang.Object, java.lang.Object, java.lang.Object, int)'> (0x0000000085ce3420) thrown at [./src/hotspot/share/interpreter/linkResolver.cpp, line 773]
Event: 10.795 Thread 0x000002273fd9d000 Exception <a 'java/lang/NoSuchMethodError'{0x0000000085ce7e18}: 'java.lang.Object java.lang.invoke.DirectMethodHandle$Holder.invokeSpecial(java.lang.Object, java.lang.Object, java.lang.Object, java.lang.Object, java.lang.Object, int)'> (0x0000000085ce7e18) thrown at [./src/hotspot/share/interpreter/linkResolver.cpp, line 773]
Event: 10.795 Thread 0x000002273fd9d000 Exception <a 'java/lang/NoSuchMethodError'{0x0000000085cec458}: 'java.lang.Object java.lang.invoke.Invokers$Holder.linkToTargetMethod(java.lang.Object, java.lang.Object, java.lang.Object, int, java.lang.Object)'> (0x0000000085cec458) thrown at [./src/hotspot/share/interpreter/linkResolver.cpp, line 773]
Event: 11.084 Thread 0x000002273fd9d000 Exception <a 'java/lang/NoSuchMethodError'{0x0000000084dd6ce0}: 'java.lang.Object java.lang.invoke.DirectMethodHandle$Holder.invokeSpecial(java.lang.Object, java.lang.Object, int, int, java.lang.Object, java.lang.Object, java.lang.Object)'> (0x0000000084dd6ce0) thrown at [./src/hotspot/share/interpreter/linkResolver.cpp, line 773]
Event: 11.084 Thread 0x000002273fd9d000 Exception <a 'java/lang/NoSuchMethodError'{0x0000000084ddb260}: 'java.lang.Object java.lang.invoke.DelegatingMethodHandle$Holder.reinvoke_L(java.lang.Object, int, int, java.lang.Object, java.lang.Object, java.lang.Object)'> (0x0000000084ddb260) thrown at [./src/hotspot/share/interpreter/linkResolver.cpp, line 773]
Event: 11.343 Thread 0x000002273fd9d000 Exception <a 'java/lang/NoSuchMethodError'{0x00000000865b4078}: 'int java.lang.invoke.DirectMethodHandle$Holder.invokeInterface(java.lang.Object, java.lang.Object, java.lang.Object, java.lang.Object)'> (0x00000000865b4078) thrown at [./src/hotspot/share/interpreter/linkResolver.cpp, line 773]
Event: 11.720 Thread 0x000002273fd9d000 Exception <a 'java/lang/NoSuchMethodError'{0x0000000085599450}: 'void java.lang.invoke.DirectMethodHandle$Holder.invokeInterface(java.lang.Object, java.lang.Object, java.lang.Object, java.lang.Object)'> (0x0000000085599450) thrown at [./src/hotspot/share/interpreter/linkResolver.cpp, line 773]

Events (20 events):
Event: 11.842 loading class org/gradle/api/artifacts/Configuration
Event: 11.842 loading class org/gradle/api/artifacts/Configuration done
Event: 11.842 loading class org/gradle/api/Task
Event: 11.842 loading class org/gradle/api/Task done
Event: 11.842 loading class org/gradle/api/Task
Event: 11.842 loading class org/gradle/api/Task done
Event: 11.842 loading class org/gradle/api/Action
Event: 11.842 loading class org/gradle/api/Action done
Event: 11.843 loading class org/gradle/api/plugins/JvmEcosystemPlugin
Event: 11.843 loading class org/gradle/api/plugins/JvmEcosystemPlugin done
Event: 11.845 loading class org/gradle/api/internal/tasks/DefaultSourceSetContainer
Event: 11.845 loading class org/gradle/api/internal/tasks/DefaultSourceSetContainer done
Event: 11.857 loading class org/gradle/api/internal/tasks/DefaultSourceSetContainer$1
Event: 11.857 loading class org/gradle/api/internal/tasks/DefaultSourceSetContainer$1 done
Event: 11.858 loading class org/gradle/api/internal/artifacts/type/DefaultArtifactTypeContainer
Event: 11.858 loading class org/gradle/api/internal/artifacts/type/DefaultArtifactTypeContainer done
Event: 11.859 loading class org/gradle/api/artifacts/type/ArtifactTypeDefinition
Event: 11.859 loading class org/gradle/api/artifacts/type/ArtifactTypeDefinition done
Event: 11.872 loading class org/gradle/api/internal/artifacts/type/DefaultArtifactTypeContainer$DefaultArtifactTypeDefinition
Event: 11.872 loading class org/gradle/api/internal/artifacts/type/DefaultArtifactTypeContainer$DefaultArtifactTypeDefinition done


Dynamic libraries:
0x00007ff68a270000 - 0x00007ff68a27a000 	C:\Program Files\Android\Android Studio1\jre\bin\java.exe
0x00007ffd8e0f0000 - 0x00007ffd8e2e5000 	C:\WINDOWS\SYSTEM32\ntdll.dll
0x00007ffd8c690000 - 0x00007ffd8c74e000 	C:\WINDOWS\System32\KERNEL32.DLL
0x00007ffd8b910000 - 0x00007ffd8bbd8000 	C:\WINDOWS\System32\KERNELBASE.dll
0x00007ffd8b810000 - 0x00007ffd8b910000 	C:\WINDOWS\System32\ucrtbase.dll
0x00007ffd843f0000 - 0x00007ffd84409000 	C:\Program Files\Android\Android Studio1\jre\bin\jli.dll
0x00007ffd7e950000 - 0x00007ffd7e967000 	C:\Program Files\Android\Android Studio1\jre\bin\VCRUNTIME140.dll
0x00007ffd8d2d0000 - 0x00007ffd8d470000 	C:\WINDOWS\System32\USER32.dll
0x00007ffd8bf50000 - 0x00007ffd8bf72000 	C:\WINDOWS\System32\win32u.dll
0x00007ffd84050000 - 0x00007ffd842ea000 	C:\WINDOWS\WinSxS\amd64_microsoft.windows.common-controls_6595b64144ccf1df_6.0.19041.1110_none_60b5254171f9507e\COMCTL32.dll
0x00007ffd8cfc0000 - 0x00007ffd8cfea000 	C:\WINDOWS\System32\GDI32.dll
0x00007ffd8c150000 - 0x00007ffd8c1ee000 	C:\WINDOWS\System32\msvcrt.dll
0x00007ffd8bff0000 - 0x00007ffd8c0fb000 	C:\WINDOWS\System32\gdi32full.dll
0x00007ffd8bdf0000 - 0x00007ffd8be8d000 	C:\WINDOWS\System32\msvcp_win.dll
0x00007ffd8c1f0000 - 0x00007ffd8c220000 	C:\WINDOWS\System32\IMM32.DLL
0x00007ffd6f1e0000 - 0x00007ffd6f27d000 	C:\Program Files\Android\Android Studio1\jre\bin\msvcp140.dll
0x00007ffd660a0000 - 0x00007ffd66b75000 	C:\Program Files\Android\Android Studio1\jre\bin\server\jvm.dll
0x00007ffd8d070000 - 0x00007ffd8d11e000 	C:\WINDOWS\System32\ADVAPI32.dll
0x00007ffd8cd60000 - 0x00007ffd8cdfc000 	C:\WINDOWS\System32\sechost.dll
0x00007ffd8d470000 - 0x00007ffd8d595000 	C:\WINDOWS\System32\RPCRT4.dll
0x00007ffd8c750000 - 0x00007ffd8c758000 	C:\WINDOWS\System32\PSAPI.DLL
0x00007ffd85280000 - 0x00007ffd85289000 	C:\WINDOWS\SYSTEM32\WSOCK32.dll
0x00007ffd85bb0000 - 0x00007ffd85bd7000 	C:\WINDOWS\SYSTEM32\WINMM.dll
0x00007ffd86090000 - 0x00007ffd8609a000 	C:\WINDOWS\SYSTEM32\VERSION.dll
0x00007ffd8cf50000 - 0x00007ffd8cfbb000 	C:\WINDOWS\System32\WS2_32.dll
0x00007ffd89670000 - 0x00007ffd89682000 	C:\WINDOWS\SYSTEM32\kernel.appcore.dll
0x00007ffd872f0000 - 0x00007ffd87301000 	C:\Program Files\Android\Android Studio1\jre\bin\verify.dll
0x00007ffd7d930000 - 0x00007ffd7db14000 	C:\WINDOWS\SYSTEM32\DBGHELP.DLL
0x00007ffd7d840000 - 0x00007ffd7d86c000 	C:\WINDOWS\SYSTEM32\dbgcore.DLL
0x00007ffd8bec0000 - 0x00007ffd8bf42000 	C:\WINDOWS\System32\bcryptPrimitives.dll
0x00007ffd852a0000 - 0x00007ffd852c9000 	C:\Program Files\Android\Android Studio1\jre\bin\java.dll
0x00007ffd89180000 - 0x00007ffd8918b000 	C:\Program Files\Android\Android Studio1\jre\bin\jimage.dll
0x00007ffd845e0000 - 0x00007ffd845f8000 	C:\Program Files\Android\Android Studio1\jre\bin\zip.dll
0x00007ffd8d5a0000 - 0x00007ffd8dce4000 	C:\WINDOWS\System32\SHELL32.dll
0x00007ffd89950000 - 0x00007ffd8a0e4000 	C:\WINDOWS\SYSTEM32\windows.storage.dll
0x00007ffd8c760000 - 0x00007ffd8cab4000 	C:\WINDOWS\System32\combase.dll
0x00007ffd8b1b0000 - 0x00007ffd8b1dc000 	C:\WINDOWS\SYSTEM32\Wldp.dll
0x00007ffd8cbe0000 - 0x00007ffd8cc8d000 	C:\WINDOWS\System32\SHCORE.dll
0x00007ffd8cef0000 - 0x00007ffd8cf45000 	C:\WINDOWS\System32\shlwapi.dll
0x00007ffd8b750000 - 0x00007ffd8b76f000 	C:\WINDOWS\SYSTEM32\profapi.dll
0x00007ffd845c0000 - 0x00007ffd845da000 	C:\Program Files\Android\Android Studio1\jre\bin\net.dll
0x00007ffd83890000 - 0x00007ffd8399a000 	C:\WINDOWS\SYSTEM32\WINHTTP.dll
0x00007ffd8af10000 - 0x00007ffd8af7a000 	C:\WINDOWS\system32\mswsock.dll
0x00007ffd844f0000 - 0x00007ffd84504000 	C:\Program Files\Android\Android Studio1\jre\bin\nio.dll
0x00007ffd7e7b0000 - 0x00007ffd7e7d7000 	C:\Users\giorgi\.gradle\native\e1d6ef7f7dcc3fd88c89a11ec53ec762bb8ba0a96d01ffa2cd45eb1d1d8dd5c5\windows-amd64\native-platform.dll
0x00007ffd66c50000 - 0x00007ffd66d94000 	C:\Users\giorgi\.gradle\native\5664cfc778a61ccfe75a443a1ab52a65af34e5dc3c78e0209fed803814484fcb\windows-amd64\native-platform-file-events.dll
0x00007ffd87580000 - 0x00007ffd8758a000 	C:\Program Files\Android\Android Studio1\jre\bin\management.dll
0x00007ffd872e0000 - 0x00007ffd872ed000 	C:\Program Files\Android\Android Studio1\jre\bin\management_ext.dll
0x00007ffd8b100000 - 0x00007ffd8b118000 	C:\WINDOWS\SYSTEM32\CRYPTSP.dll
0x00007ffd8a890000 - 0x00007ffd8a8c4000 	C:\WINDOWS\system32\rsaenh.dll
0x00007ffd8be90000 - 0x00007ffd8beb7000 	C:\WINDOWS\System32\bcrypt.dll
0x00007ffd8b710000 - 0x00007ffd8b73e000 	C:\WINDOWS\SYSTEM32\USERENV.dll
0x00007ffd8b120000 - 0x00007ffd8b12c000 	C:\WINDOWS\SYSTEM32\CRYPTBASE.dll
0x00007ffd8ac00000 - 0x00007ffd8ac3b000 	C:\WINDOWS\SYSTEM32\IPHLPAPI.DLL
0x00007ffd8d060000 - 0x00007ffd8d068000 	C:\WINDOWS\System32\NSI.dll
0x00007ffd85140000 - 0x00007ffd85157000 	C:\WINDOWS\SYSTEM32\dhcpcsvc6.DLL
0x00007ffd84f60000 - 0x00007ffd84f7d000 	C:\WINDOWS\SYSTEM32\dhcpcsvc.DLL
0x00007ffd8ac40000 - 0x00007ffd8ad0b000 	C:\WINDOWS\SYSTEM32\DNSAPI.dll

dbghelp: loaded successfully - version: 4.0.5 - missing functions: none
symbol engine: initialized successfully - sym options: 0x614 - pdb path: .;C:\Program Files\Android\Android Studio1\jre\bin;C:\WINDOWS\SYSTEM32;C:\WINDOWS\WinSxS\amd64_microsoft.windows.common-controls_6595b64144ccf1df_6.0.19041.1110_none_60b5254171f9507e;C:\Program Files\Android\Android Studio1\jre\bin\server;C:\Users\giorgi\.gradle\native\e1d6ef7f7dcc3fd88c89a11ec53ec762bb8ba0a96d01ffa2cd45eb1d1d8dd5c5\windows-amd64;C:\Users\giorgi\.gradle\native\5664cfc778a61ccfe75a443a1ab52a65af34e5dc3c78e0209fed803814484fcb\windows-amd64

VM Arguments:
jvm_args: --add-opens=java.base/java.util=ALL-UNNAMED --add-opens=java.base/java.lang=ALL-UNNAMED --add-opens=java.base/java.lang.invoke=ALL-UNNAMED --add-opens=java.base/java.util=ALL-UNNAMED --add-opens=java.prefs/java.util.prefs=ALL-UNNAMED --add-opens=java.prefs/java.util.prefs=ALL-UNNAMED --add-opens=java.base/java.nio.charset=ALL-UNNAMED --add-opens=java.base/java.net=ALL-UNNAMED --add-opens=java.base/java.util.concurrent.atomic=ALL-UNNAMED -Xmx2048m -Dfile.encoding=UTF-8 -Duser.country=US -Duser.language=en -Duser.variant 
java_command: org.gradle.launcher.daemon.bootstrap.GradleDaemon 7.2
java_class_path (initial): C:\Users\giorgi\.gradle\wrapper\dists\gradle-7.2-bin\2dnblmf4td7x66yl1d74lt32g\gradle-7.2\lib\gradle-launcher-7.2.jar
Launcher Type: SUN_STANDARD

[Global flags]
     intx CICompilerCount                          = 3                                         {product} {ergonomic}
     uint ConcGCThreads                            = 1                                         {product} {ergonomic}
     uint G1ConcRefinementThreads                  = 4                                         {product} {ergonomic}
   size_t G1HeapRegionSize                         = 1048576                                   {product} {ergonomic}
    uintx GCDrainStackTargetSize                   = 64                                        {product} {ergonomic}
   size_t InitialHeapSize                          = 67108864                                  {product} {ergonomic}
   size_t MarkStackSize                            = 4194304                                   {product} {ergonomic}
   size_t MaxHeapSize                              = 2147483648                                {product} {command line}
   size_t MaxNewSize                               = 1287651328                                {product} {ergonomic}
   size_t MinHeapDeltaBytes                        = 1048576                                   {product} {ergonomic}
    uintx NonNMethodCodeHeapSize                   = 5830732                                {pd product} {ergonomic}
    uintx NonProfiledCodeHeapSize                  = 122913754                              {pd product} {ergonomic}
    uintx ProfiledCodeHeapSize                     = 122913754                              {pd product} {ergonomic}
    uintx ReservedCodeCacheSize                    = 251658240                              {pd product} {ergonomic}
     bool SegmentedCodeCache                       = true                                      {product} {ergonomic}
     bool UseCompressedClassPointers               = true                                 {lp64_product} {ergonomic}
     bool UseCompressedOops                        = true                                 {lp64_product} {ergonomic}
     bool UseG1GC                                  = true                                      {product} {ergonomic}
     bool UseLargePagesIndividualAllocation        = false                                  {pd product} {ergonomic}

Logging:
Log output configuration:
 #0: stdout all=warning uptime,level,tags
 #1: stderr all=off uptime,level,tags

Environment Variables:
PATH=C:\Program Files (x86)\Common Files\Oracle\Java\javapath;C:\Program Files (x86)\VMware\VMware Workstation\bin\;C:\WINDOWS\system32;C:\WINDOWS;C:\WINDOWS\System32\Wbem;C:\WINDOWS\System32\WindowsPowerShell\v1.0\;C:\WINDOWS\System32\OpenSSH\;C:\Program Files\Git\cmd;C:\Program Files\Go\bin;C:\Users\giorgi\AppData\Local\Microsoft\WindowsApps;C:\Users\giorgi\AppData\Local\Programs\Microsoft VS Code\bin;C:\Flutter\flutter\bin;C:\Users\giorgi\go\bin
USERNAME=giorgi
OS=Windows_NT
PROCESSOR_IDENTIFIER=Intel64 Family 6 Model 42 Stepping 7, GenuineIntel



---------------  S Y S T E M  ---------------

OS: Windows 10 , 64 bit Build 19041 (10.0.19041.1645)
OS uptime: 0 days 13:31 hours

CPU:total 4 (initial active 4) (2 cores per cpu, 2 threads per core) family 6 model 42 stepping 7 microcode 0x2f, cmov, cx8, fxsr, mmx, sse, sse2, sse3, ssse3, sse4.1, sse4.2, popcnt, avx, clmul, ht, tsc, tscinvbit

Memory: 4k page, system-wide physical 4078M (339M free)
TotalPageFile size 4078M (AvailPageFile size 5M)
current process WorkingSet (physical memory assigned to process): 296M, peak: 298M
current process commit charge ("private bytes"): 329M, peak: 330M

vm_info: OpenJDK 64-Bit Server VM (11.0.11+9-b60-7590822) for windows-amd64 JRE (11.0.11+9-b60-7590822), built on Jul 29 2021 21:43:44 by "builder" with MS VC++ 14.0 (VS2015)

END.
