#
# There is insufficient memory for the Java Runtime Environment to continue.
# Native memory allocation (mmap) failed to map 102760448 bytes for Failed to commit area from 0x000000008cc00000 to 0x0000000092e00000 of length 102760448.
# Possible reasons:
#   The system is out of physical RAM or swap space
#   The process is running with CompressedOops enabled, and the Java Heap may be blocking the growth of the native heap
# Possible solutions:
#   Reduce memory load on the system
#   Increase physical memory or swap space
#   Check if swap backing store is full
#   Decrease Java heap size (-Xmx/-Xms)
#   Decrease number of Java threads
#   Decrease Java thread stack sizes (-Xss)
#   Set larger code cache with -XX:ReservedCodeCacheSize=
#   JVM is running with Unscaled Compressed Oops mode in which the Java heap is
#     placed in the first 4GB address space. The Java Heap base address is the
#     maximum limit for the native heap growth. Please use -XX:HeapBaseMinAddress
#     to set the Java Heap base and to place the Java Heap above 4GB virtual address.
# This output file may be truncated or incomplete.
#
#  Out of Memory Error (./src/hotspot/os/windows/os_windows.cpp:3301), pid=3216, tid=2340
#
# JRE version: OpenJDK Runtime Environment (11.0.11+9) (build 11.0.11+9-b60-7590822)
# Java VM: OpenJDK 64-Bit Server VM (11.0.11+9-b60-7590822, mixed mode, tiered, compressed oops, g1 gc, windows-amd64)
# No core dump will be written. Minidumps are not enabled by default on client versions of Windows
#

---------------  S U M M A R Y ------------

Command Line: --add-opens=java.base/java.util=ALL-UNNAMED --add-opens=java.base/java.lang=ALL-UNNAMED --add-opens=java.base/java.lang.invoke=ALL-UNNAMED --add-opens=java.base/java.util=ALL-UNNAMED --add-opens=java.prefs/java.util.prefs=ALL-UNNAMED --add-opens=java.prefs/java.util.prefs=ALL-UNNAMED --add-opens=java.base/java.nio.charset=ALL-UNNAMED --add-opens=java.base/java.net=ALL-UNNAMED --add-opens=java.base/java.util.concurrent.atomic=ALL-UNNAMED -Xmx2048m -Dfile.encoding=UTF-8 -Duser.country=US -Duser.language=en -Duser.variant org.gradle.launcher.daemon.bootstrap.GradleDaemon 7.2

Host: Intel(R) Core(TM) i3-2120 CPU @ 3.30GHz, 4 cores, 3G,  Windows 10 , 64 bit Build 19041 (10.0.19041.1645)
Time: Wed Apr 27 01:39:31 2022 Georgian Standard Time elapsed time: 97.177072 seconds (0d 0h 1m 37s)

---------------  T H R E A D  ---------------

Current thread (0x000001d455a63800):  VMThread "VM Thread" [stack: 0x0000003c87200000,0x0000003c87300000] [id=2340]

Stack: [0x0000003c87200000,0x0000003c87300000]
[error occurred during error reporting (printing stack bounds), id 0xc0000005, EXCEPTION_ACCESS_VIOLATION (0xc0000005) at pc=0x000001d43f240f2d]

Native frames: (J=compiled Java code, j=interpreted, Vv=VM code, C=native code)
V  [jvm.dll+0x5f214a]
V  [jvm.dll+0x726fb5]
V  [jvm.dll+0x7285cd]
V  [jvm.dll+0x728be5]
V  [jvm.dll+0x728b9b]
V  [jvm.dll+0x5f14e8]
V  [jvm.dll+0x5f1c78]
C  [ntdll.dll+0xa20cf]
C  [ntdll.dll+0x51454]
C  [ntdll.dll+0xa0bfe]
C  0x000001d43f240f2d

VM_Operation (0x0000003c8cdfe3c0): G1CollectForAllocation, mode: safepoint, requested by thread 0x000001d45b695800


---------------  P R O C E S S  ---------------

Threads class SMR info:
_java_thread_list=0x000001d45b7dc1a0, length=92, elements={
0x000001d43b73c800, 0x000001d455a6a000, 0x000001d455a75000, 0x000001d455ac8000,
0x000001d455ac9000, 0x000001d455acb000, 0x000001d455ad6000, 0x000001d455adc800,
0x000001d455ade000, 0x000001d456545000, 0x000001d4588bc000, 0x000001d459f62000,
0x000001d459390800, 0x000001d459e3e800, 0x000001d459e3d000, 0x000001d459e40800,
0x000001d459e42000, 0x000001d459e3e000, 0x000001d459e3f800, 0x000001d459e43000,
0x000001d459e41000, 0x000001d458dd6800, 0x000001d458ddd000, 0x000001d458dda800,
0x000001d458ddc000, 0x000001d458dd9800, 0x000001d458dd8000, 0x000001d458ddb800,
0x000001d458dd7000, 0x000001d458de1000, 0x000001d458dde000, 0x000001d458de2800,
0x000001d458de3800, 0x000001d458de0000, 0x000001d458de4800, 0x000001d458dde800,
0x000001d458ddf800, 0x000001d458de5000, 0x000001d45b6ec800, 0x000001d45b6ea000,
0x000001d45b6e9000, 0x000001d45b6f0800, 0x000001d45b6ea800, 0x000001d45b6ef000,
0x000001d45b6f1000, 0x000001d45b6ed000, 0x000001d45b6eb800, 0x000001d45b6ee000,
0x000001d45b6f2000, 0x000001d45b6f3000, 0x000001d45b6ef800, 0x000001d45b6f3800,
0x000001d45b6f4800, 0x000001d45b6f5800, 0x000001d45b6f6000, 0x000001d45b6f7000,
0x000001d45b6f7800, 0x000001d45881e800, 0x000001d458820000, 0x000001d45881f000,
0x000001d458822800, 0x000001d458821800, 0x000001d45881d800, 0x000001d458826800,
0x000001d458821000, 0x000001d458825000, 0x000001d458825800, 0x000001d458824000,
0x000001d458827800, 0x000001d458823800, 0x000001d45882b800, 0x000001d45882c800,
0x000001d458829000, 0x000001d458828000, 0x000001d45882a000, 0x000001d45882a800,
0x000001d45b68c000, 0x000001d45b68e800, 0x000001d45b68a800, 0x000001d45b68d800,
0x000001d45b68f000, 0x000001d45b691000, 0x000001d45b68c800, 0x000001d45b68b000,
0x000001d45b692800, 0x000001d45b691800, 0x000001d45b694000, 0x000001d45b695000,
0x000001d45b695800, 0x000001d45b696800, 0x000001d45b697800, 0x000001d45b698000
}

Java Threads: ( => current thread )
  0x000001d43b73c800 JavaThread "main" [_thread_blocked, id=5412, stack(0x0000003c86c00000,0x0000003c86d00000)]
  0x000001d455a6a000 JavaThread "Reference Handler" daemon [_thread_blocked, id=1908, stack(0x0000003c87300000,0x0000003c87400000)]
  0x000001d455a75000 JavaThread "Finalizer" daemon [_thread_blocked, id=2928, stack(0x0000003c87400000,0x0000003c87500000)]
  0x000001d455ac8000 JavaThread "Signal Dispatcher" daemon [_thread_blocked, id=4232, stack(0x0000003c87500000,0x0000003c87600000)]
  0x000001d455ac9000 JavaThread "Attach Listener" daemon [_thread_blocked, id=6496, stack(0x0000003c87600000,0x0000003c87700000)]
  0x000001d455acb000 JavaThread "Service Thread" daemon [_thread_blocked, id=660, stack(0x0000003c87700000,0x0000003c87800000)]
  0x000001d455ad6000 JavaThread "C2 CompilerThread0" daemon [_thread_blocked, id=5944, stack(0x0000003c87800000,0x0000003c87900000)]
  0x000001d455adc800 JavaThread "C1 CompilerThread0" daemon [_thread_blocked, id=4368, stack(0x0000003c87900000,0x0000003c87a00000)]
  0x000001d455ade000 JavaThread "Sweeper thread" daemon [_thread_blocked, id=1956, stack(0x0000003c87a00000,0x0000003c87b00000)]
  0x000001d456545000 JavaThread "Common-Cleaner" daemon [_thread_blocked, id=1108, stack(0x0000003c87b00000,0x0000003c87c00000)]
  0x000001d4588bc000 JavaThread "Daemon health stats" [_thread_blocked, id=5292, stack(0x0000003c87f00000,0x0000003c88000000)]
  0x000001d459f62000 JavaThread "Incoming local TCP Connector on port 49895" [_thread_in_native, id=1432, stack(0x0000003c88000000,0x0000003c88100000)]
  0x000001d459390800 JavaThread "Daemon periodic checks" [_thread_blocked, id=6964, stack(0x0000003c88100000,0x0000003c88200000)]
  0x000001d459e3e800 JavaThread "Daemon" [_thread_blocked, id=7068, stack(0x0000003c88200000,0x0000003c88300000)]
  0x000001d459e3d000 JavaThread "Handler for socket connection from /127.0.0.1:49895 to /127.0.0.1:49896" [_thread_in_native, id=6744, stack(0x0000003c88300000,0x0000003c88400000)]
  0x000001d459e40800 JavaThread "Cancel handler" [_thread_blocked, id=2196, stack(0x0000003c88400000,0x0000003c88500000)]
  0x000001d459e42000 JavaThread "Daemon worker" [_thread_blocked, id=6268, stack(0x0000003c88500000,0x0000003c88600000)]
  0x000001d459e3e000 JavaThread "Asynchronous log dispatcher for DefaultDaemonConnection: socket connection from /127.0.0.1:49895 to /127.0.0.1:49896" [_thread_blocked, id=5492, stack(0x0000003c88600000,0x0000003c88700000)]
  0x000001d459e3f800 JavaThread "Daemon client event forwarder" [_thread_blocked, id=6832, stack(0x0000003c88800000,0x0000003c88900000)]
  0x000001d459e43000 JavaThread "Cache worker for journal cache (C:\Users\giorgi\.gradle\caches\journal-1)" [_thread_blocked, id=4868, stack(0x0000003c88b00000,0x0000003c88c00000)]
  0x000001d459e41000 JavaThread "File lock request listener" [_thread_in_native, id=1592, stack(0x0000003c88c00000,0x0000003c88d00000)]
  0x000001d458dd6800 JavaThread "Cache worker for file hash cache (C:\Users\giorgi\.gradle\caches\7.2\fileHashes)" [_thread_blocked, id=1328, stack(0x0000003c88d00000,0x0000003c88e00000)]
  0x000001d458ddd000 JavaThread "Cache worker for file hash cache (C:\Users\giorgi\StudioProjects\altaapp\.gradle\7.2\fileHashes)" [_thread_blocked, id=4100, stack(0x0000003c87d00000,0x0000003c87e00000)]
  0x000001d458dda800 JavaThread "File watcher server" daemon [_thread_blocked, id=3876, stack(0x0000003c88e00000,0x0000003c88f00000)]
  0x000001d458ddc000 JavaThread "File watcher consumer" daemon [_thread_blocked, id=3852, stack(0x0000003c88f00000,0x0000003c89000000)]
  0x000001d458dd9800 JavaThread "Cache worker for checksums cache (C:\Users\giorgi\StudioProjects\altaapp\.gradle\checksums)" [_thread_blocked, id=3484, stack(0x0000003c89000000,0x0000003c89100000)]
  0x000001d458dd8000 JavaThread "Cache worker for cache directory md-supplier (C:\Users\giorgi\.gradle\caches\7.2\md-supplier)" [_thread_blocked, id=5496, stack(0x0000003c89100000,0x0000003c89200000)]
  0x000001d458ddb800 JavaThread "Cache worker for cache directory md-rule (C:\Users\giorgi\.gradle\caches\7.2\md-rule)" [_thread_blocked, id=4520, stack(0x0000003c89200000,0x0000003c89300000)]
  0x000001d458dd7000 JavaThread "Cache worker for execution history cache (C:\Users\giorgi\.gradle\caches\7.2\executionHistory)" [_thread_blocked, id=3196, stack(0x0000003c89300000,0x0000003c89400000)]
  0x000001d458de1000 JavaThread "jar transforms" [_thread_blocked, id=6572, stack(0x0000003c89500000,0x0000003c89600000)]
  0x000001d458dde000 JavaThread "Cache worker for file content cache (C:\Users\giorgi\.gradle\caches\7.2\fileContent)" [_thread_blocked, id=3212, stack(0x0000003c89600000,0x0000003c89700000)]
  0x000001d458de2800 JavaThread "jar transforms Thread 2" [_thread_blocked, id=1540, stack(0x0000003c89700000,0x0000003c89800000)]
  0x000001d458de3800 JavaThread "Cache worker for dependencies-accessors (C:\Users\giorgi\StudioProjects\altaapp\.gradle\7.2\dependencies-accessors)" [_thread_blocked, id=5276, stack(0x0000003c89800000,0x0000003c89900000)]
  0x000001d458de0000 JavaThread "jar transforms Thread 3" [_thread_blocked, id=6672, stack(0x0000003c89400000,0x0000003c89500000)]
  0x000001d458de4800 JavaThread "Cache worker for Build Output Cleanup Cache (C:\Users\giorgi\StudioProjects\altaapp\.gradle\buildOutputCleanup)" [_thread_blocked, id=1644, stack(0x0000003c89900000,0x0000003c89a00000)]
  0x000001d458dde800 JavaThread "Unconstrained build operations" [_thread_blocked, id=4880, stack(0x0000003c89a00000,0x0000003c89b00000)]
  0x000001d458ddf800 JavaThread "Unconstrained build operations Thread 2" [_thread_blocked, id=6136, stack(0x0000003c89b00000,0x0000003c89c00000)]
  0x000001d458de5000 JavaThread "Unconstrained build operations Thread 3" [_thread_blocked, id=2900, stack(0x0000003c89c00000,0x0000003c89d00000)]
  0x000001d45b6ec800 JavaThread "Unconstrained build operations Thread 4" [_thread_blocked, id=5312, stack(0x0000003c89d00000,0x0000003c89e00000)]
  0x000001d45b6ea000 JavaThread "Unconstrained build operations Thread 5" [_thread_blocked, id=5048, stack(0x0000003c89e00000,0x0000003c89f00000)]
  0x000001d45b6e9000 JavaThread "Unconstrained build operations Thread 6" [_thread_blocked, id=1800, stack(0x0000003c89f00000,0x0000003c8a000000)]
  0x000001d45b6f0800 JavaThread "Unconstrained build operations Thread 7" [_thread_blocked, id=5008, stack(0x0000003c8a000000,0x0000003c8a100000)]
  0x000001d45b6ea800 JavaThread "Unconstrained build operations Thread 8" [_thread_blocked, id=1156, stack(0x0000003c8a100000,0x0000003c8a200000)]
  0x000001d45b6ef000 JavaThread "Unconstrained build operations Thread 9" [_thread_blocked, id=6392, stack(0x0000003c8a200000,0x0000003c8a300000)]
  0x000001d45b6f1000 JavaThread "Unconstrained build operations Thread 10" [_thread_blocked, id=4344, stack(0x0000003c8a300000,0x0000003c8a400000)]
  0x000001d45b6ed000 JavaThread "Unconstrained build operations Thread 11" [_thread_blocked, id=4516, stack(0x0000003c8a400000,0x0000003c8a500000)]
  0x000001d45b6eb800 JavaThread "Unconstrained build operations Thread 12" [_thread_blocked, id=6908, stack(0x0000003c8a500000,0x0000003c8a600000)]
  0x000001d45b6ee000 JavaThread "Unconstrained build operations Thread 13" [_thread_blocked, id=5616, stack(0x0000003c8a600000,0x0000003c8a700000)]
  0x000001d45b6f2000 JavaThread "Unconstrained build operations Thread 14" [_thread_blocked, id=6456, stack(0x0000003c8a700000,0x0000003c8a800000)]
  0x000001d45b6f3000 JavaThread "Unconstrained build operations Thread 15" [_thread_blocked, id=3064, stack(0x0000003c8a800000,0x0000003c8a900000)]
  0x000001d45b6ef800 JavaThread "Unconstrained build operations Thread 16" [_thread_blocked, id=4172, stack(0x0000003c8a900000,0x0000003c8aa00000)]
  0x000001d45b6f3800 JavaThread "Unconstrained build operations Thread 17" [_thread_blocked, id=6928, stack(0x0000003c8aa00000,0x0000003c8ab00000)]
  0x000001d45b6f4800 JavaThread "Unconstrained build operations Thread 18" [_thread_blocked, id=4860, stack(0x0000003c8ab00000,0x0000003c8ac00000)]
  0x000001d45b6f5800 JavaThread "Unconstrained build operations Thread 19" [_thread_blocked, id=2936, stack(0x0000003c8ac00000,0x0000003c8ad00000)]
  0x000001d45b6f6000 JavaThread "Unconstrained build operations Thread 20" [_thread_blocked, id=3600, stack(0x0000003c8ad00000,0x0000003c8ae00000)]
  0x000001d45b6f7000 JavaThread "Unconstrained build operations Thread 21" [_thread_blocked, id=2488, stack(0x0000003c8ae00000,0x0000003c8af00000)]
  0x000001d45b6f7800 JavaThread "Unconstrained build operations Thread 22" [_thread_blocked, id=1952, stack(0x0000003c8af00000,0x0000003c8b000000)]
  0x000001d45881e800 JavaThread "Unconstrained build operations Thread 23" [_thread_blocked, id=6276, stack(0x0000003c8b000000,0x0000003c8b100000)]
  0x000001d458820000 JavaThread "Unconstrained build operations Thread 24" [_thread_blocked, id=5200, stack(0x0000003c8b100000,0x0000003c8b200000)]
  0x000001d45881f000 JavaThread "Unconstrained build operations Thread 25" [_thread_blocked, id=6304, stack(0x0000003c8b200000,0x0000003c8b300000)]
  0x000001d458822800 JavaThread "Unconstrained build operations Thread 26" [_thread_blocked, id=5488, stack(0x0000003c8b300000,0x0000003c8b400000)]
  0x000001d458821800 JavaThread "Unconstrained build operations Thread 27" [_thread_blocked, id=4804, stack(0x0000003c8b400000,0x0000003c8b500000)]
  0x000001d45881d800 JavaThread "Unconstrained build operations Thread 28" [_thread_blocked, id=7108, stack(0x0000003c8b500000,0x0000003c8b600000)]
  0x000001d458826800 JavaThread "Unconstrained build operations Thread 29" [_thread_blocked, id=2892, stack(0x0000003c8b600000,0x0000003c8b700000)]
  0x000001d458821000 JavaThread "Unconstrained build operations Thread 30" [_thread_blocked, id=4552, stack(0x0000003c8b700000,0x0000003c8b800000)]
  0x000001d458825000 JavaThread "Unconstrained build operations Thread 31" [_thread_blocked, id=2428, stack(0x0000003c8b800000,0x0000003c8b900000)]
  0x000001d458825800 JavaThread "Unconstrained build operations Thread 32" [_thread_blocked, id=772, stack(0x0000003c8b900000,0x0000003c8ba00000)]
  0x000001d458824000 JavaThread "Unconstrained build operations Thread 33" [_thread_blocked, id=5472, stack(0x0000003c8ba00000,0x0000003c8bb00000)]
  0x000001d458827800 JavaThread "Unconstrained build operations Thread 34" [_thread_blocked, id=3028, stack(0x0000003c8bb00000,0x0000003c8bc00000)]
  0x000001d458823800 JavaThread "Unconstrained build operations Thread 35" [_thread_blocked, id=2604, stack(0x0000003c8bc00000,0x0000003c8bd00000)]
  0x000001d45882b800 JavaThread "Unconstrained build operations Thread 36" [_thread_blocked, id=1252, stack(0x0000003c8bd00000,0x0000003c8be00000)]
  0x000001d45882c800 JavaThread "Unconstrained build operations Thread 37" [_thread_blocked, id=836, stack(0x0000003c8be00000,0x0000003c8bf00000)]
  0x000001d458829000 JavaThread "Unconstrained build operations Thread 38" [_thread_blocked, id=4916, stack(0x0000003c8bf00000,0x0000003c8c000000)]
  0x000001d458828000 JavaThread "Unconstrained build operations Thread 39" [_thread_blocked, id=2600, stack(0x0000003c8c000000,0x0000003c8c100000)]
  0x000001d45882a000 JavaThread "Unconstrained build operations Thread 40" [_thread_blocked, id=6912, stack(0x0000003c8c100000,0x0000003c8c200000)]
  0x000001d45882a800 JavaThread "jar transforms Thread 4" [_thread_blocked, id=520, stack(0x0000003c8c300000,0x0000003c8c400000)]
  0x000001d45b68c000 JavaThread "Memory manager" [_thread_blocked, id=2700, stack(0x0000003c8c200000,0x0000003c8c300000)]
  0x000001d45b68e800 JavaThread "build event listener" [_thread_blocked, id=6608, stack(0x0000003c8c600000,0x0000003c8c700000)]
  0x000001d45b68a800 JavaThread "Execution worker for ':'" [_thread_blocked, id=6900, stack(0x0000003c8c700000,0x0000003c8c800000)]
  0x000001d45b68d800 JavaThread "Execution worker for ':' Thread 2" [_thread_blocked, id=5800, stack(0x0000003c8c800000,0x0000003c8c900000)]
  0x000001d45b68f000 JavaThread "Execution worker for ':' Thread 3" [_thread_blocked, id=1152, stack(0x0000003c8c900000,0x0000003c8ca00000)]
  0x000001d45b691000 JavaThread "Cache worker for execution history cache (C:\Users\giorgi\StudioProjects\altaapp\.gradle\7.2\executionHistory)" [_thread_blocked, id=1508, stack(0x0000003c8ca00000,0x0000003c8cb00000)]
  0x000001d45b68c800 JavaThread "WorkerExecutor Queue" [_thread_blocked, id=5012, stack(0x0000003c86900000,0x0000003c86a00000)]
  0x000001d45b68b000 JavaThread "pool-3-thread-1" [_thread_blocked, id=1344, stack(0x0000003c86a00000,0x0000003c86b00000)]
  0x000001d45b692800 JavaThread "stderr" [_thread_in_native, id=2176, stack(0x0000003c86b00000,0x0000003c86c00000)]
  0x000001d45b691800 JavaThread "stdout" [_thread_in_native, id=2452, stack(0x0000003c88700000,0x0000003c88800000)]
  0x000001d45b694000 JavaThread "WorkerExecutor Queue Thread 2" [_thread_blocked, id=2352, stack(0x0000003c8cb00000,0x0000003c8cc00000)]
  0x000001d45b695000 JavaThread "WorkerExecutor Queue Thread 3" [_thread_blocked, id=6596, stack(0x0000003c8cc00000,0x0000003c8cd00000)]
  0x000001d45b695800 JavaThread "ForkJoinPool-1-worker-3" daemon [_thread_blocked, id=6732, stack(0x0000003c8cd00000,0x0000003c8ce00000)]
  0x000001d45b696800 JavaThread "ForkJoinPool-1-worker-5" daemon [_thread_blocked, id=1436, stack(0x0000003c8ce00000,0x0000003c8cf00000)]
  0x000001d45b697800 JavaThread "ForkJoinPool-1-worker-7" daemon [_thread_blocked, id=1032, stack(0x0000003c8cf00000,0x0000003c8d000000)]
  0x000001d45b698000 JavaThread "ForkJoinPool-1-worker-1" daemon [_thread_blocked, id=3180, stack(0x0000003c8d000000,0x0000003c8d100000)]

Other Threads:
=>0x000001d455a63800 VMThread "VM Thread" [stack: 0x0000003c87200000,0x0000003c87300000] [id=2340]
  0x000001d456550000 WatcherThread [stack: 0x0000003c87c00000,0x0000003c87d00000] [id=6544]
  0x000001d43b756000 GCTaskThread "GC Thread#0" [stack: 0x0000003c86d00000,0x0000003c86e00000] [id=6576]
  0x000001d456b52000 GCTaskThread "GC Thread#1" [stack: 0x0000003c87e00000,0x0000003c87f00000] [id=400]
  0x000001d457eee000 GCTaskThread "GC Thread#2" [stack: 0x0000003c88900000,0x0000003c88a00000] [id=4600]
  0x000001d4573e1800 GCTaskThread "GC Thread#3" [stack: 0x0000003c88a00000,0x0000003c88b00000] [id=2560]
  0x000001d43b786800 ConcurrentGCThread "G1 Main Marker" [stack: 0x0000003c86e00000,0x0000003c86f00000] [id=5192]
  0x000001d43b788000 ConcurrentGCThread "G1 Conc#0" [stack: 0x0000003c86f00000,0x0000003c87000000] [id=396]
  0x000001d43b7e4000 ConcurrentGCThread "G1 Refine#0" [stack: 0x0000003c87000000,0x0000003c87100000] [id=5876]
  0x000001d43b7e5000 ConcurrentGCThread "G1 Young RemSet Sampling" [stack: 0x0000003c87100000,0x0000003c87200000] [id=3968]

Threads with active compile tasks:
C2 CompilerThread0  97665 12106 %     4       com.android.tools.r8.dex.r::a @ 315 (1038 bytes)

VM state:at safepoint (normal execution)

VM Mutex/Monitor currently owned by a thread:  ([mutex/lock_event])
[0x000001d43b739860] Threads_lock - owner thread: 0x000001d455a63800
[0x000001d43b7381e0] Heap_lock - owner thread: 0x000001d45b695800

Heap address: 0x0000000080000000, size: 2048 MB, Compressed Oops mode: 32-bit
Narrow klass base: 0x0000000000000000, Narrow klass shift: 3
Compressed class space size: 1073741824 Address: 0x0000000100000000

Heap:
 garbage-first heap   total 309248K, used 183217K [0x0000000080000000, 0x0000000100000000)
  region size 1024K, 2 young (2048K), 2 survivors (2048K)
 Metaspace       used 96269K, capacity 98632K, committed 98764K, reserved 1134592K
  class space    used 12599K, capacity 13448K, committed 13516K, reserved 1048576K
Heap Regions: E=young(eden), S=young(survivor), O=old, HS=humongous(starts), HC=humongous(continues), CS=collection set, F=free, A=archive, TAMS=top-at-mark-start (previous, next)
|   0|0x0000000080000000, 0x0000000080100000, 0x0000000080100000|100%| O|  |TAMS 0x0000000080100000, 0x0000000080100000| Untracked 
|   1|0x0000000080100000, 0x0000000080200000, 0x0000000080200000|100%| O|  |TAMS 0x0000000080200000, 0x0000000080200000| Untracked 
|   2|0x0000000080200000, 0x0000000080300000, 0x0000000080300000|100%| O|  |TAMS 0x0000000080300000, 0x0000000080300000| Untracked 
|   3|0x0000000080300000, 0x0000000080400000, 0x0000000080400000|100%|HS|  |TAMS 0x0000000080400000, 0x0000000080400000| Complete 
|   4|0x0000000080400000, 0x0000000080500000, 0x0000000080500000|100%|HC|  |TAMS 0x0000000080500000, 0x0000000080500000| Complete 
|   5|0x0000000080500000, 0x0000000080600000, 0x0000000080600000|100%|HC|  |TAMS 0x0000000080600000, 0x0000000080600000| Complete 
|   6|0x0000000080600000, 0x0000000080700000, 0x0000000080700000|100%| O|  |TAMS 0x0000000080700000, 0x0000000080700000| Untracked 
|   7|0x0000000080700000, 0x0000000080800000, 0x0000000080800000|100%| O|  |TAMS 0x0000000080800000, 0x0000000080800000| Untracked 
|   8|0x0000000080800000, 0x0000000080900000, 0x0000000080900000|100%| O|  |TAMS 0x0000000080900000, 0x0000000080900000| Untracked 
|   9|0x0000000080900000, 0x0000000080a00000, 0x0000000080a00000|100%| O|  |TAMS 0x0000000080a00000, 0x0000000080a00000| Untracked 
|  10|0x0000000080a00000, 0x0000000080b00000, 0x0000000080b00000|100%| O|  |TAMS 0x0000000080b00000, 0x0000000080b00000| Untracked 
|  11|0x0000000080b00000, 0x0000000080c00000, 0x0000000080c00000|100%| O|  |TAMS 0x0000000080c00000, 0x0000000080c00000| Untracked 
|  12|0x0000000080c00000, 0x0000000080d00000, 0x0000000080d00000|100%| O|  |TAMS 0x0000000080d00000, 0x0000000080d00000| Untracked 
|  13|0x0000000080d00000, 0x0000000080e00000, 0x0000000080e00000|100%| O|  |TAMS 0x0000000080e00000, 0x0000000080e00000| Untracked 
|  14|0x0000000080e00000, 0x0000000080f00000, 0x0000000080f00000|100%| O|  |TAMS 0x0000000080f00000, 0x0000000080f00000| Untracked 
|  15|0x0000000080f00000, 0x0000000081000000, 0x0000000081000000|100%| O|  |TAMS 0x0000000081000000, 0x0000000081000000| Untracked 
|  16|0x0000000081000000, 0x0000000081100000, 0x0000000081100000|100%| O|  |TAMS 0x0000000081100000, 0x0000000081100000| Untracked 
|  17|0x0000000081100000, 0x0000000081200000, 0x0000000081200000|100%| O|  |TAMS 0x0000000081200000, 0x0000000081200000| Untracked 
|  18|0x0000000081200000, 0x0000000081300000, 0x0000000081300000|100%| O|  |TAMS 0x0000000081300000, 0x0000000081300000| Untracked 
|  19|0x0000000081300000, 0x0000000081400000, 0x0000000081400000|100%| O|  |TAMS 0x0000000081400000, 0x0000000081400000| Untracked 
|  20|0x0000000081400000, 0x0000000081500000, 0x0000000081500000|100%| O|  |TAMS 0x0000000081500000, 0x0000000081500000| Untracked 
|  21|0x0000000081500000, 0x0000000081600000, 0x0000000081600000|100%| O|  |TAMS 0x0000000081600000, 0x0000000081600000| Untracked 
|  22|0x0000000081600000, 0x0000000081700000, 0x0000000081700000|100%| O|  |TAMS 0x0000000081700000, 0x0000000081700000| Untracked 
|  23|0x0000000081700000, 0x0000000081800000, 0x0000000081800000|100%| O|  |TAMS 0x0000000081800000, 0x0000000081800000| Untracked 
|  24|0x0000000081800000, 0x0000000081900000, 0x0000000081900000|100%| O|  |TAMS 0x0000000081900000, 0x0000000081900000| Untracked 
|  25|0x0000000081900000, 0x0000000081a00000, 0x0000000081a00000|100%| O|  |TAMS 0x0000000081a00000, 0x0000000081a00000| Untracked 
|  26|0x0000000081a00000, 0x0000000081b00000, 0x0000000081b00000|100%| O|  |TAMS 0x0000000081b00000, 0x0000000081b00000| Untracked 
|  27|0x0000000081b00000, 0x0000000081c00000, 0x0000000081c00000|100%| O|  |TAMS 0x0000000081c00000, 0x0000000081c00000| Untracked 
|  28|0x0000000081c00000, 0x0000000081d00000, 0x0000000081d00000|100%|HS|  |TAMS 0x0000000081d00000, 0x0000000081d00000| Complete 
|  29|0x0000000081d00000, 0x0000000081e00000, 0x0000000081e00000|100%|HS|  |TAMS 0x0000000081e00000, 0x0000000081e00000| Complete 
|  30|0x0000000081e00000, 0x0000000081f00000, 0x0000000081f00000|100%|HS|  |TAMS 0x0000000081f00000, 0x0000000081f00000| Complete 
|  31|0x0000000081f00000, 0x0000000082000000, 0x0000000082000000|100%|HS|  |TAMS 0x0000000082000000, 0x0000000082000000| Complete 
|  32|0x0000000082000000, 0x0000000082100000, 0x0000000082100000|100%|HS|  |TAMS 0x0000000082100000, 0x0000000082100000| Complete 
|  33|0x0000000082100000, 0x0000000082200000, 0x0000000082200000|100%|HC|  |TAMS 0x0000000082200000, 0x0000000082200000| Complete 
|  34|0x0000000082200000, 0x0000000082300000, 0x0000000082300000|100%|HC|  |TAMS 0x0000000082300000, 0x0000000082300000| Complete 
|  35|0x0000000082300000, 0x0000000082400000, 0x0000000082400000|100%|HS|  |TAMS 0x0000000082400000, 0x0000000082400000| Complete 
|  36|0x0000000082400000, 0x0000000082500000, 0x0000000082500000|100%|HC|  |TAMS 0x0000000082500000, 0x0000000082500000| Complete 
|  37|0x0000000082500000, 0x0000000082600000, 0x0000000082600000|100%| O|  |TAMS 0x0000000082600000, 0x0000000082600000| Untracked 
|  38|0x0000000082600000, 0x0000000082700000, 0x0000000082700000|100%| O|  |TAMS 0x0000000082700000, 0x0000000082700000| Untracked 
|  39|0x0000000082700000, 0x0000000082800000, 0x0000000082800000|100%| O|  |TAMS 0x0000000082800000, 0x0000000082800000| Untracked 
|  40|0x0000000082800000, 0x0000000082900000, 0x0000000082900000|100%| O|  |TAMS 0x0000000082900000, 0x0000000082900000| Untracked 
|  41|0x0000000082900000, 0x0000000082a00000, 0x0000000082a00000|100%| O|  |TAMS 0x0000000082a00000, 0x0000000082a00000| Untracked 
|  42|0x0000000082a00000, 0x0000000082b00000, 0x0000000082b00000|100%| O|  |TAMS 0x0000000082b00000, 0x0000000082b00000| Untracked 
|  43|0x0000000082b00000, 0x0000000082c00000, 0x0000000082c00000|100%| O|  |TAMS 0x0000000082c00000, 0x0000000082c00000| Untracked 
|  44|0x0000000082c00000, 0x0000000082d00000, 0x0000000082d00000|100%| O|  |TAMS 0x0000000082d00000, 0x0000000082d00000| Untracked 
|  45|0x0000000082d00000, 0x0000000082e00000, 0x0000000082e00000|100%| O|  |TAMS 0x0000000082e00000, 0x0000000082e00000| Untracked 
|  46|0x0000000082e00000, 0x0000000082f00000, 0x0000000082f00000|100%| O|  |TAMS 0x0000000082f00000, 0x0000000082f00000| Untracked 
|  47|0x0000000082f00000, 0x0000000083000000, 0x0000000083000000|100%| O|  |TAMS 0x0000000083000000, 0x0000000083000000| Untracked 
|  48|0x0000000083000000, 0x0000000083100000, 0x0000000083100000|100%| O|  |TAMS 0x0000000083100000, 0x0000000083100000| Untracked 
|  49|0x0000000083100000, 0x0000000083200000, 0x0000000083200000|100%| O|  |TAMS 0x0000000083200000, 0x0000000083200000| Untracked 
|  50|0x0000000083200000, 0x0000000083300000, 0x0000000083300000|100%| O|  |TAMS 0x0000000083300000, 0x0000000083300000| Untracked 
|  51|0x0000000083300000, 0x0000000083400000, 0x0000000083400000|100%| O|  |TAMS 0x0000000083400000, 0x0000000083400000| Untracked 
|  52|0x0000000083400000, 0x0000000083500000, 0x0000000083500000|100%| O|  |TAMS 0x0000000083500000, 0x0000000083500000| Untracked 
|  53|0x0000000083500000, 0x0000000083600000, 0x0000000083600000|100%| O|  |TAMS 0x0000000083600000, 0x0000000083600000| Untracked 
|  54|0x0000000083600000, 0x0000000083700000, 0x0000000083700000|100%| O|  |TAMS 0x0000000083700000, 0x0000000083700000| Untracked 
|  55|0x0000000083700000, 0x0000000083800000, 0x0000000083800000|100%| O|  |TAMS 0x0000000083800000, 0x0000000083800000| Untracked 
|  56|0x0000000083800000, 0x0000000083900000, 0x0000000083900000|100%| O|  |TAMS 0x0000000083900000, 0x0000000083900000| Untracked 
|  57|0x0000000083900000, 0x0000000083a00000, 0x0000000083a00000|100%| O|  |TAMS 0x0000000083a00000, 0x0000000083a00000| Untracked 
|  58|0x0000000083a00000, 0x0000000083b00000, 0x0000000083b00000|100%| O|  |TAMS 0x0000000083b00000, 0x0000000083b00000| Untracked 
|  59|0x0000000083b00000, 0x0000000083c00000, 0x0000000083c00000|100%| O|  |TAMS 0x0000000083c00000, 0x0000000083c00000| Untracked 
|  60|0x0000000083c00000, 0x0000000083d00000, 0x0000000083d00000|100%| O|  |TAMS 0x0000000083d00000, 0x0000000083d00000| Untracked 
|  61|0x0000000083d00000, 0x0000000083e00000, 0x0000000083e00000|100%| O|  |TAMS 0x0000000083e00000, 0x0000000083e00000| Untracked 
|  62|0x0000000083e00000, 0x0000000083f00000, 0x0000000083f00000|100%| O|  |TAMS 0x0000000083f00000, 0x0000000083f00000| Untracked 
|  63|0x0000000083f00000, 0x0000000084000000, 0x0000000084000000|100%| O|  |TAMS 0x0000000084000000, 0x0000000084000000| Untracked 
|  64|0x0000000084000000, 0x0000000084100000, 0x0000000084100000|100%| O|  |TAMS 0x0000000084100000, 0x0000000084100000| Untracked 
|  65|0x0000000084100000, 0x0000000084200000, 0x0000000084200000|100%| O|  |TAMS 0x0000000084200000, 0x0000000084200000| Untracked 
|  66|0x0000000084200000, 0x0000000084300000, 0x0000000084300000|100%| O|  |TAMS 0x0000000084300000, 0x0000000084300000| Untracked 
|  67|0x0000000084300000, 0x0000000084400000, 0x0000000084400000|100%| O|  |TAMS 0x0000000084400000, 0x0000000084400000| Untracked 
|  68|0x0000000084400000, 0x0000000084500000, 0x0000000084500000|100%| O|  |TAMS 0x0000000084500000, 0x0000000084500000| Untracked 
|  69|0x0000000084500000, 0x0000000084600000, 0x0000000084600000|100%| O|  |TAMS 0x0000000084600000, 0x0000000084600000| Untracked 
|  70|0x0000000084600000, 0x0000000084700000, 0x0000000084700000|100%| O|  |TAMS 0x0000000084700000, 0x0000000084700000| Untracked 
|  71|0x0000000084700000, 0x0000000084800000, 0x0000000084800000|100%| O|  |TAMS 0x0000000084800000, 0x0000000084800000| Untracked 
|  72|0x0000000084800000, 0x0000000084900000, 0x0000000084900000|100%| O|  |TAMS 0x0000000084900000, 0x0000000084900000| Untracked 
|  73|0x0000000084900000, 0x0000000084a00000, 0x0000000084a00000|100%| O|  |TAMS 0x0000000084a00000, 0x0000000084a00000| Untracked 
|  74|0x0000000084a00000, 0x0000000084b00000, 0x0000000084b00000|100%| O|  |TAMS 0x0000000084b00000, 0x0000000084b00000| Untracked 
|  75|0x0000000084b00000, 0x0000000084c00000, 0x0000000084c00000|100%| O|  |TAMS 0x0000000084c00000, 0x0000000084c00000| Untracked 
|  76|0x0000000084c00000, 0x0000000084d00000, 0x0000000084d00000|100%| O|  |TAMS 0x0000000084d00000, 0x0000000084d00000| Untracked 
|  77|0x0000000084d00000, 0x0000000084e00000, 0x0000000084e00000|100%| O|  |TAMS 0x0000000084e00000, 0x0000000084e00000| Untracked 
|  78|0x0000000084e00000, 0x0000000084f00000, 0x0000000084f00000|100%| O|  |TAMS 0x0000000084f00000, 0x0000000084f00000| Untracked 
|  79|0x0000000084f00000, 0x0000000085000000, 0x0000000085000000|100%| O|  |TAMS 0x0000000085000000, 0x0000000085000000| Untracked 
|  80|0x0000000085000000, 0x0000000085100000, 0x0000000085100000|100%| O|  |TAMS 0x0000000085100000, 0x0000000085100000| Untracked 
|  81|0x0000000085100000, 0x0000000085200000, 0x0000000085200000|100%| O|  |TAMS 0x0000000085200000, 0x0000000085200000| Untracked 
|  82|0x0000000085200000, 0x0000000085300000, 0x0000000085300000|100%| O|  |TAMS 0x0000000085300000, 0x0000000085300000| Untracked 
|  83|0x0000000085300000, 0x0000000085400000, 0x0000000085400000|100%| O|  |TAMS 0x0000000085400000, 0x0000000085400000| Untracked 
|  84|0x0000000085400000, 0x0000000085500000, 0x0000000085500000|100%| O|  |TAMS 0x0000000085500000, 0x0000000085500000| Untracked 
|  85|0x0000000085500000, 0x0000000085600000, 0x0000000085600000|100%| O|  |TAMS 0x0000000085600000, 0x0000000085600000| Untracked 
|  86|0x0000000085600000, 0x0000000085700000, 0x0000000085700000|100%| O|  |TAMS 0x0000000085700000, 0x0000000085700000| Untracked 
|  87|0x0000000085700000, 0x0000000085800000, 0x0000000085800000|100%| O|  |TAMS 0x0000000085800000, 0x0000000085800000| Untracked 
|  88|0x0000000085800000, 0x0000000085900000, 0x0000000085900000|100%| O|  |TAMS 0x0000000085900000, 0x0000000085900000| Untracked 
|  89|0x0000000085900000, 0x0000000085a00000, 0x0000000085a00000|100%|HS|  |TAMS 0x0000000085a00000, 0x0000000085a00000| Complete 
|  90|0x0000000085a00000, 0x0000000085b00000, 0x0000000085b00000|100%|HC|  |TAMS 0x0000000085b00000, 0x0000000085b00000| Complete 
|  91|0x0000000085b00000, 0x0000000085c00000, 0x0000000085c00000|100%|HS|  |TAMS 0x0000000085c00000, 0x0000000085c00000| Complete 
|  92|0x0000000085c00000, 0x0000000085d00000, 0x0000000085d00000|100%|HS|  |TAMS 0x0000000085d00000, 0x0000000085d00000| Complete 
|  93|0x0000000085d00000, 0x0000000085e00000, 0x0000000085e00000|100%| O|  |TAMS 0x0000000085e00000, 0x0000000085e00000| Untracked 
|  94|0x0000000085e00000, 0x0000000085f00000, 0x0000000085f00000|100%|HS|  |TAMS 0x0000000085f00000, 0x0000000085f00000| Complete 
|  95|0x0000000085f00000, 0x0000000086000000, 0x0000000086000000|100%|HC|  |TAMS 0x0000000086000000, 0x0000000086000000| Complete 
|  96|0x0000000086000000, 0x0000000086100000, 0x0000000086100000|100%|HS|  |TAMS 0x0000000086100000, 0x0000000086100000| Complete 
|  97|0x0000000086100000, 0x0000000086200000, 0x0000000086200000|100%|HS|  |TAMS 0x0000000086200000, 0x0000000086200000| Complete 
|  98|0x0000000086200000, 0x0000000086300000, 0x0000000086300000|100%| O|  |TAMS 0x0000000086300000, 0x0000000086300000| Untracked 
|  99|0x0000000086300000, 0x0000000086400000, 0x0000000086400000|100%|HS|  |TAMS 0x0000000086400000, 0x0000000086400000| Complete 
| 100|0x0000000086400000, 0x0000000086500000, 0x0000000086500000|100%| O|  |TAMS 0x0000000086500000, 0x0000000086500000| Untracked 
| 101|0x0000000086500000, 0x0000000086600000, 0x0000000086600000|100%| O|  |TAMS 0x0000000086600000, 0x0000000086600000| Untracked 
| 102|0x0000000086600000, 0x0000000086700000, 0x0000000086700000|100%| O|  |TAMS 0x0000000086700000, 0x0000000086700000| Untracked 
| 103|0x0000000086700000, 0x0000000086800000, 0x0000000086800000|100%| O|  |TAMS 0x0000000086800000, 0x0000000086800000| Untracked 
| 104|0x0000000086800000, 0x0000000086900000, 0x0000000086900000|100%|HS|  |TAMS 0x0000000086900000, 0x0000000086900000| Complete 
| 105|0x0000000086900000, 0x0000000086a00000, 0x0000000086a00000|100%|HC|  |TAMS 0x0000000086a00000, 0x0000000086a00000| Complete 
| 106|0x0000000086a00000, 0x0000000086b00000, 0x0000000086b00000|100%|HC|  |TAMS 0x0000000086b00000, 0x0000000086b00000| Complete 
| 107|0x0000000086b00000, 0x0000000086c00000, 0x0000000086c00000|100%| O|  |TAMS 0x0000000086c00000, 0x0000000086c00000| Untracked 
| 108|0x0000000086c00000, 0x0000000086d00000, 0x0000000086d00000|100%| O|  |TAMS 0x0000000086d00000, 0x0000000086d00000| Untracked 
| 109|0x0000000086d00000, 0x0000000086e00000, 0x0000000086e00000|100%|HS|  |TAMS 0x0000000086e00000, 0x0000000086e00000| Complete 
| 110|0x0000000086e00000, 0x0000000086f00000, 0x0000000086f00000|100%|HC|  |TAMS 0x0000000086f00000, 0x0000000086f00000| Complete 
| 111|0x0000000086f00000, 0x0000000087000000, 0x0000000087000000|100%| O|  |TAMS 0x0000000087000000, 0x0000000087000000| Untracked 
| 112|0x0000000087000000, 0x0000000087100000, 0x0000000087100000|100%|HS|  |TAMS 0x0000000087100000, 0x0000000087100000| Complete 
| 113|0x0000000087100000, 0x0000000087200000, 0x0000000087200000|100%| O|  |TAMS 0x0000000087200000, 0x0000000087200000| Untracked 
| 114|0x0000000087200000, 0x0000000087300000, 0x0000000087300000|100%| O|  |TAMS 0x0000000087300000, 0x0000000087300000| Untracked 
| 115|0x0000000087300000, 0x0000000087400000, 0x0000000087400000|100%|HS|  |TAMS 0x0000000087400000, 0x0000000087400000| Complete 
| 116|0x0000000087400000, 0x0000000087500000, 0x0000000087500000|100%|HC|  |TAMS 0x0000000087500000, 0x0000000087500000| Complete 
| 117|0x0000000087500000, 0x0000000087600000, 0x0000000087600000|100%| O|  |TAMS 0x0000000087600000, 0x0000000087600000| Untracked 
| 118|0x0000000087600000, 0x0000000087700000, 0x0000000087700000|100%|HS|  |TAMS 0x0000000087700000, 0x0000000087700000| Complete 
| 119|0x0000000087700000, 0x0000000087800000, 0x0000000087800000|100%| O|  |TAMS 0x0000000087800000, 0x0000000087800000| Untracked 
| 120|0x0000000087800000, 0x0000000087900000, 0x0000000087900000|100%|HS|  |TAMS 0x0000000087900000, 0x0000000087900000| Complete 
| 121|0x0000000087900000, 0x0000000087a00000, 0x0000000087a00000|100%| O|  |TAMS 0x0000000087a00000, 0x0000000087a00000| Untracked 
| 122|0x0000000087a00000, 0x0000000087b00000, 0x0000000087b00000|100%|HS|  |TAMS 0x0000000087b00000, 0x0000000087b00000| Complete 
| 123|0x0000000087b00000, 0x0000000087c00000, 0x0000000087c00000|100%| O|  |TAMS 0x0000000087c00000, 0x0000000087c00000| Untracked 
| 124|0x0000000087c00000, 0x0000000087d00000, 0x0000000087d00000|100%|HS|  |TAMS 0x0000000087d00000, 0x0000000087d00000| Complete 
| 125|0x0000000087d00000, 0x0000000087e00000, 0x0000000087e00000|100%|HS|  |TAMS 0x0000000087e00000, 0x0000000087e00000| Complete 
| 126|0x0000000087e00000, 0x0000000087f00000, 0x0000000087f00000|100%| O|  |TAMS 0x0000000087f00000, 0x0000000087f00000| Untracked 
| 127|0x0000000087f00000, 0x0000000088000000, 0x0000000088000000|100%| O|  |TAMS 0x0000000088000000, 0x0000000088000000| Untracked 
| 128|0x0000000088000000, 0x0000000088100000, 0x0000000088100000|100%|HS|  |TAMS 0x0000000088100000, 0x0000000088100000| Complete 
| 129|0x0000000088100000, 0x0000000088200000, 0x0000000088200000|100%|HC|  |TAMS 0x0000000088200000, 0x0000000088200000| Complete 
| 130|0x0000000088200000, 0x0000000088300000, 0x0000000088300000|100%|HC|  |TAMS 0x0000000088300000, 0x0000000088300000| Complete 
| 131|0x0000000088300000, 0x0000000088400000, 0x0000000088400000|100%| O|  |TAMS 0x0000000088400000, 0x0000000088400000| Untracked 
| 132|0x0000000088400000, 0x0000000088500000, 0x0000000088500000|100%| O|  |TAMS 0x0000000088500000, 0x0000000088500000| Untracked 
| 133|0x0000000088500000, 0x0000000088600000, 0x0000000088600000|100%| O|  |TAMS 0x0000000088600000, 0x0000000088600000| Untracked 
| 134|0x0000000088600000, 0x0000000088700000, 0x0000000088700000|100%| O|  |TAMS 0x0000000088700000, 0x0000000088700000| Untracked 
| 135|0x0000000088700000, 0x0000000088800000, 0x0000000088800000|100%| O|  |TAMS 0x0000000088800000, 0x0000000088800000| Untracked 
| 136|0x0000000088800000, 0x0000000088900000, 0x0000000088900000|100%| O|  |TAMS 0x0000000088900000, 0x0000000088900000| Untracked 
| 137|0x0000000088900000, 0x0000000088a00000, 0x0000000088a00000|100%| O|  |TAMS 0x0000000088a00000, 0x0000000088a00000| Untracked 
| 138|0x0000000088a00000, 0x0000000088b00000, 0x0000000088b00000|100%| O|  |TAMS 0x0000000088b00000, 0x0000000088b00000| Untracked 
| 139|0x0000000088b00000, 0x0000000088c00000, 0x0000000088c00000|100%| O|  |TAMS 0x0000000088c00000, 0x0000000088c00000| Untracked 
| 140|0x0000000088c00000, 0x0000000088d00000, 0x0000000088d00000|100%| O|  |TAMS 0x0000000088d00000, 0x0000000088d00000| Untracked 
| 141|0x0000000088d00000, 0x0000000088e00000, 0x0000000088e00000|100%| O|  |TAMS 0x0000000088e00000, 0x0000000088e00000| Untracked 
| 142|0x0000000088e00000, 0x0000000088f00000, 0x0000000088f00000|100%|HS|  |TAMS 0x0000000088f00000, 0x0000000088f00000| Complete 
| 143|0x0000000088f00000, 0x0000000089000000, 0x0000000089000000|100%| O|  |TAMS 0x0000000089000000, 0x0000000089000000| Untracked 
| 144|0x0000000089000000, 0x0000000089100000, 0x0000000089100000|100%| O|  |TAMS 0x0000000089100000, 0x0000000089100000| Untracked 
| 145|0x0000000089100000, 0x0000000089200000, 0x0000000089200000|100%| O|  |TAMS 0x0000000089200000, 0x0000000089200000| Untracked 
| 146|0x0000000089200000, 0x0000000089300000, 0x0000000089300000|100%| O|  |TAMS 0x0000000089300000, 0x0000000089300000| Untracked 
| 147|0x0000000089300000, 0x0000000089400000, 0x0000000089400000|100%| O|  |TAMS 0x0000000089400000, 0x0000000089400000| Untracked 
| 148|0x0000000089400000, 0x0000000089500000, 0x0000000089500000|100%| O|  |TAMS 0x0000000089500000, 0x0000000089500000| Untracked 
| 149|0x0000000089500000, 0x0000000089600000, 0x0000000089600000|100%| O|  |TAMS 0x0000000089600000, 0x0000000089600000| Untracked 
| 150|0x0000000089600000, 0x0000000089700000, 0x0000000089700000|100%| O|  |TAMS 0x0000000089700000, 0x0000000089700000| Untracked 
| 151|0x0000000089700000, 0x0000000089800000, 0x0000000089800000|100%| O|  |TAMS 0x0000000089800000, 0x0000000089800000| Untracked 
| 152|0x0000000089800000, 0x0000000089900000, 0x0000000089900000|100%| O|  |TAMS 0x0000000089900000, 0x0000000089900000| Untracked 
| 153|0x0000000089900000, 0x0000000089a00000, 0x0000000089a00000|100%| O|  |TAMS 0x0000000089957c00, 0x0000000089a00000| Untracked 
| 154|0x0000000089a00000, 0x0000000089b00000, 0x0000000089b00000|100%| O|  |TAMS 0x0000000089a00000, 0x0000000089b00000| Untracked 
| 155|0x0000000089b00000, 0x0000000089c00000, 0x0000000089c00000|100%| O|  |TAMS 0x0000000089b00000, 0x0000000089c00000| Untracked 
| 156|0x0000000089c00000, 0x0000000089d00000, 0x0000000089d00000|100%| O|  |TAMS 0x0000000089c00000, 0x0000000089d00000| Untracked 
| 157|0x0000000089d00000, 0x0000000089e00000, 0x0000000089e00000|100%| O|  |TAMS 0x0000000089d00000, 0x0000000089e00000| Untracked 
| 158|0x0000000089e00000, 0x0000000089f00000, 0x0000000089f00000|100%| O|  |TAMS 0x0000000089e00000, 0x0000000089f00000| Untracked 
| 159|0x0000000089f00000, 0x000000008a000000, 0x000000008a000000|100%| O|  |TAMS 0x0000000089f00000, 0x000000008a000000| Untracked 
| 160|0x000000008a000000, 0x000000008a100000, 0x000000008a100000|100%| O|  |TAMS 0x000000008a000000, 0x000000008a100000| Untracked 
| 161|0x000000008a100000, 0x000000008a200000, 0x000000008a200000|100%| O|  |TAMS 0x000000008a100000, 0x000000008a200000| Untracked 
| 162|0x000000008a200000, 0x000000008a300000, 0x000000008a300000|100%| O|  |TAMS 0x000000008a200000, 0x000000008a300000| Untracked 
| 163|0x000000008a300000, 0x000000008a400000, 0x000000008a400000|100%| O|  |TAMS 0x000000008a300000, 0x000000008a400000| Untracked 
| 164|0x000000008a400000, 0x000000008a500000, 0x000000008a500000|100%| O|  |TAMS 0x000000008a400000, 0x000000008a500000| Untracked 
| 165|0x000000008a500000, 0x000000008a600000, 0x000000008a600000|100%| O|  |TAMS 0x000000008a500000, 0x000000008a600000| Untracked 
| 166|0x000000008a600000, 0x000000008a700000, 0x000000008a700000|100%| O|  |TAMS 0x000000008a600000, 0x000000008a6d5e00| Untracked 
| 167|0x000000008a700000, 0x000000008a800000, 0x000000008a800000|100%| O|  |TAMS 0x000000008a700000, 0x000000008a700000| Untracked 
| 168|0x000000008a800000, 0x000000008a900000, 0x000000008a900000|100%| O|  |TAMS 0x000000008a800000, 0x000000008a900000| Untracked 
| 169|0x000000008a900000, 0x000000008aa00000, 0x000000008aa00000|100%| O|  |TAMS 0x000000008a900000, 0x000000008aa00000| Untracked 
| 170|0x000000008aa00000, 0x000000008ab00000, 0x000000008ab00000|100%| O|  |TAMS 0x000000008aa00000, 0x000000008aa00000| Untracked 
| 171|0x000000008ab00000, 0x000000008ac00000, 0x000000008ac00000|100%| O|  |TAMS 0x000000008ab00000, 0x000000008ab00000| Untracked 
| 172|0x000000008ac00000, 0x000000008ad00000, 0x000000008ad00000|100%| O|  |TAMS 0x000000008ac00000, 0x000000008ac00000| Untracked 
| 173|0x000000008ad00000, 0x000000008ae00000, 0x000000008ae00000|100%| O|  |TAMS 0x000000008ad00000, 0x000000008ad00000| Untracked 
| 174|0x000000008ae00000, 0x000000008af00000, 0x000000008af00000|100%| O|  |TAMS 0x000000008ae00000, 0x000000008ae00000| Untracked 
| 175|0x000000008af00000, 0x000000008b000000, 0x000000008b000000|100%| O|  |TAMS 0x000000008af00000, 0x000000008af00000| Untracked 
| 176|0x000000008b000000, 0x000000008b0ec600, 0x000000008b100000| 92%| O|  |TAMS 0x000000008b000000, 0x000000008b000000| Untracked 
| 177|0x000000008b100000, 0x000000008b100000, 0x000000008b200000|  0%| F|  |TAMS 0x000000008b100000, 0x000000008b100000| Untracked 
| 178|0x000000008b200000, 0x000000008b200000, 0x000000008b300000|  0%| F|  |TAMS 0x000000008b200000, 0x000000008b200000| Untracked 
| 179|0x000000008b300000, 0x000000008b300000, 0x000000008b400000|  0%| F|  |TAMS 0x000000008b300000, 0x000000008b300000| Untracked 
| 180|0x000000008b400000, 0x000000008b400000, 0x000000008b500000|  0%| F|  |TAMS 0x000000008b400000, 0x000000008b400000| Untracked 
| 181|0x000000008b500000, 0x000000008b500000, 0x000000008b600000|  0%| F|  |TAMS 0x000000008b500000, 0x000000008b500000| Untracked 
| 182|0x000000008b600000, 0x000000008b600000, 0x000000008b700000|  0%| F|  |TAMS 0x000000008b600000, 0x000000008b600000| Untracked 
| 183|0x000000008b700000, 0x000000008b700000, 0x000000008b800000|  0%| F|  |TAMS 0x000000008b700000, 0x000000008b700000| Untracked 
| 184|0x000000008b800000, 0x000000008b800000, 0x000000008b900000|  0%| F|  |TAMS 0x000000008b800000, 0x000000008b800000| Untracked 
| 185|0x000000008b900000, 0x000000008b900000, 0x000000008ba00000|  0%| F|  |TAMS 0x000000008b900000, 0x000000008b900000| Untracked 
| 186|0x000000008ba00000, 0x000000008ba00000, 0x000000008bb00000|  0%| F|  |TAMS 0x000000008ba00000, 0x000000008ba00000| Untracked 
| 187|0x000000008bb00000, 0x000000008bb00000, 0x000000008bc00000|  0%| F|  |TAMS 0x000000008bb00000, 0x000000008bb00000| Untracked 
| 188|0x000000008bc00000, 0x000000008bc00000, 0x000000008bd00000|  0%| F|  |TAMS 0x000000008bc00000, 0x000000008bc00000| Untracked 
| 189|0x000000008bd00000, 0x000000008bd00000, 0x000000008be00000|  0%| F|  |TAMS 0x000000008bd00000, 0x000000008bd00000| Untracked 
| 190|0x000000008be00000, 0x000000008be00000, 0x000000008bf00000|  0%| F|  |TAMS 0x000000008be00000, 0x000000008be00000| Untracked 
| 191|0x000000008bf00000, 0x000000008bf00000, 0x000000008c000000|  0%| F|  |TAMS 0x000000008bf00000, 0x000000008bf00000| Untracked 
| 192|0x000000008c000000, 0x000000008c100000, 0x000000008c100000|100%| S|CS|TAMS 0x000000008c000000, 0x000000008c000000| Complete 
| 193|0x000000008c100000, 0x000000008c100000, 0x000000008c200000|  0%| F|  |TAMS 0x000000008c100000, 0x000000008c100000| Untracked 
| 194|0x000000008c200000, 0x000000008c200000, 0x000000008c300000|  0%| F|  |TAMS 0x000000008c200000, 0x000000008c200000| Untracked 
| 195|0x000000008c300000, 0x000000008c400000, 0x000000008c400000|100%| S|CS|TAMS 0x000000008c300000, 0x000000008c300000| Complete 
| 196|0x000000008c400000, 0x000000008c400000, 0x000000008c500000|  0%| F|  |TAMS 0x000000008c400000, 0x000000008c400000| Untracked 
| 197|0x000000008c500000, 0x000000008c500000, 0x000000008c600000|  0%| F|  |TAMS 0x000000008c500000, 0x000000008c500000| Untracked 
| 198|0x000000008c600000, 0x000000008c600000, 0x000000008c700000|  0%| F|  |TAMS 0x000000008c600000, 0x000000008c600000| Untracked 
| 199|0x000000008c700000, 0x000000008c700000, 0x000000008c800000|  0%| F|  |TAMS 0x000000008c700000, 0x000000008c700000| Untracked 
| 200|0x000000008c800000, 0x000000008c800000, 0x000000008c900000|  0%| F|  |TAMS 0x000000008c800000, 0x000000008c800000| Untracked 
| 201|0x000000008c900000, 0x000000008c900000, 0x000000008ca00000|  0%| F|  |TAMS 0x000000008c900000, 0x000000008c900000| Untracked 
| 202|0x000000008ca00000, 0x000000008ca00000, 0x000000008cb00000|  0%| F|  |TAMS 0x000000008ca00000, 0x000000008ca00000| Untracked 
| 203|0x000000008cb00000, 0x000000008cb00000, 0x000000008cc00000|  0%| F|  |TAMS 0x000000008cb00000, 0x000000008cb00000| Untracked 

Card table byte_map: [0x000001d44ec60000,0x000001d44f060000] _byte_map_base: 0x000001d44e860000

Marking Bits (Prev, Next): (CMBitMap*) 0x000001d43b77dc80, (CMBitMap*) 0x000001d43b77dc48
 Prev Bits: [0x000001d451460000, 0x000001d453460000)
 Next Bits: [0x000001d44f460000, 0x000001d451460000)

Polling page: 0x000001d439f00000

Metaspace:

Usage:
  Non-class:     83.19 MB capacity,    81.71 MB ( 98%) used,     1.21 MB (  1%) free+waste,   272.00 KB ( <1%) overhead. 
      Class:     13.13 MB capacity,    12.30 MB ( 94%) used,   727.00 KB (  5%) free+waste,   121.69 KB ( <1%) overhead. 
       Both:     96.32 MB capacity,    94.01 MB ( 98%) used,     1.92 MB (  2%) free+waste,   393.69 KB ( <1%) overhead. 

Virtual space:
  Non-class space:       84.00 MB reserved,      83.25 MB (>99%) committed 
      Class space:        1.00 GB reserved,      13.20 MB (  1%) committed 
             Both:        1.08 GB reserved,      96.45 MB (  9%) committed 

Chunk freelists:
   Non-Class:  0 bytes
       Class:  24.00 KB
        Both:  24.00 KB

MaxMetaspaceSize: 17179869184.00 GB
CompressedClassSpaceSize: 1.00 GB

CodeHeap 'non-profiled nmethods': size=120064Kb used=7877Kb max_used=7877Kb free=112186Kb
 bounds [0x000001d446d00000, 0x000001d4474c0000, 0x000001d44e240000]
CodeHeap 'profiled nmethods': size=120000Kb used=26881Kb max_used=26881Kb free=93118Kb
 bounds [0x000001d43f7d0000, 0x000001d441220000, 0x000001d446d00000]
CodeHeap 'non-nmethods': size=5696Kb used=2309Kb max_used=2346Kb free=3386Kb
 bounds [0x000001d43f240000, 0x000001d43f4b0000, 0x000001d43f7d0000]
 total_blobs=13019 nmethods=12105 adapters=825
 compilation: enabled
              stopped_count=0, restarted_count=0
 full_count=0

Compilation events (20 events):
Event: 96.681 Thread 0x000001d455adc800 12173       2       com.android.tools.r8.code.M2::<init> (7 bytes)
Event: 96.681 Thread 0x000001d455adc800 nmethod 12173 0x000001d44120bc10 code [0x000001d44120bdc0, 0x000001d44120bf18]
Event: 96.781 Thread 0x000001d455adc800 12178       2       com.android.tools.r8.graph.x::d (73 bytes)
Event: 96.782 Thread 0x000001d455adc800 nmethod 12178 0x000001d44120c010 code [0x000001d44120c240, 0x000001d44120c758]
Event: 96.788 Thread 0x000001d455adc800 12179       2       com.android.tools.r8.dex.r$$Lambda$1062/0x0000000100cb3c40::get (8 bytes)
Event: 96.788 Thread 0x000001d455adc800 nmethod 12179 0x000001d44120cb10 code [0x000001d44120ccc0, 0x000001d44120ce88]
Event: 96.819 Thread 0x000001d455adc800 12180       2       com.android.tools.r8.internal.N0::<init> (5 bytes)
Event: 96.820 Thread 0x000001d455adc800 nmethod 12180 0x000001d44120cf90 code [0x000001d44120d140, 0x000001d44120d238]
Event: 96.820 Thread 0x000001d455adc800 12181       2       com.android.tools.r8.internal.P0::<init> (5 bytes)
Event: 96.820 Thread 0x000001d455adc800 nmethod 12181 0x000001d44120d310 code [0x000001d44120d4c0, 0x000001d44120d5b8]
Event: 96.864 Thread 0x000001d455adc800 12182       2       com.android.tools.r8.code.v1::b (25 bytes)
Event: 96.865 Thread 0x000001d455adc800 nmethod 12182 0x000001d44120d690 code [0x000001d44120d860, 0x000001d44120da38]
Event: 96.881 Thread 0x000001d455adc800 12184       2       com.android.tools.r8.graph.D2::b (135 bytes)
Event: 96.882 Thread 0x000001d455adc800 nmethod 12184 0x000001d44120db90 code [0x000001d44120dde0, 0x000001d44120e4e8]
Event: 96.885 Thread 0x000001d455adc800 12185       2       com.android.tools.r8.code.O3::<init> (7 bytes)
Event: 96.885 Thread 0x000001d455adc800 nmethod 12185 0x000001d44120e890 code [0x000001d44120ea40, 0x000001d44120eb98]
Event: 96.903 Thread 0x000001d455adc800 12186       2       com.android.tools.r8.internal.dc1::<init> (107 bytes)
Event: 96.904 Thread 0x000001d455adc800 nmethod 12186 0x000001d44120ec90 code [0x000001d44120eee0, 0x000001d44120f598]
Event: 96.916 Thread 0x000001d455adc800 12189       2       com.android.tools.r8.graph.D2::a (135 bytes)
Event: 96.918 Thread 0x000001d455adc800 nmethod 12189 0x000001d44120f790 code [0x000001d44120f9e0, 0x000001d4412100e8]

GC Heap History (20 events):
Event: 93.231 GC heap after
{Heap after GC invocations=114 (full 0):
 garbage-first heap   total 172032K, used 146432K [0x0000000080000000, 0x0000000100000000)
  region size 1024K, 1 young (1024K), 1 survivors (1024K)
 Metaspace       used 93941K, capacity 96193K, committed 96460K, reserved 1132544K
  class space    used 12118K, capacity 12915K, committed 13004K, reserved 1048576K
}
Event: 93.280 GC heap before
{Heap before GC invocations=114 (full 0):
 garbage-first heap   total 172032K, used 154624K [0x0000000080000000, 0x0000000100000000)
  region size 1024K, 8 young (8192K), 1 survivors (1024K)
 Metaspace       used 93941K, capacity 96193K, committed 96460K, reserved 1132544K
  class space    used 12118K, capacity 12915K, committed 13004K, reserved 1048576K
}
Event: 93.293 GC heap after
{Heap after GC invocations=115 (full 0):
 garbage-first heap   total 172032K, used 150375K [0x0000000080000000, 0x0000000100000000)
  region size 1024K, 1 young (1024K), 1 survivors (1024K)
 Metaspace       used 93941K, capacity 96193K, committed 96460K, reserved 1132544K
  class space    used 12118K, capacity 12915K, committed 13004K, reserved 1048576K
}
Event: 93.322 GC heap before
{Heap before GC invocations=115 (full 0):
 garbage-first heap   total 172032K, used 157543K [0x0000000080000000, 0x0000000100000000)
  region size 1024K, 8 young (8192K), 1 survivors (1024K)
 Metaspace       used 93941K, capacity 96193K, committed 96460K, reserved 1132544K
  class space    used 12118K, capacity 12915K, committed 13004K, reserved 1048576K
}
Event: 93.340 GC heap after
{Heap after GC invocations=116 (full 0):
 garbage-first heap   total 172032K, used 153566K [0x0000000080000000, 0x0000000100000000)
  region size 1024K, 1 young (1024K), 1 survivors (1024K)
 Metaspace       used 93941K, capacity 96193K, committed 96460K, reserved 1132544K
  class space    used 12118K, capacity 12915K, committed 13004K, reserved 1048576K
}
Event: 95.363 GC heap before
{Heap before GC invocations=117 (full 0):
 garbage-first heap   total 172032K, used 160734K [0x0000000080000000, 0x0000000100000000)
  region size 1024K, 8 young (8192K), 1 survivors (1024K)
 Metaspace       used 95711K, capacity 98079K, committed 98252K, reserved 1134592K
  class space    used 12562K, capacity 13401K, committed 13516K, reserved 1048576K
}
Event: 95.390 GC heap after
{Heap after GC invocations=118 (full 0):
 garbage-first heap   total 172032K, used 154903K [0x0000000080000000, 0x0000000100000000)
  region size 1024K, 1 young (1024K), 1 survivors (1024K)
 Metaspace       used 95711K, capacity 98079K, committed 98252K, reserved 1134592K
  class space    used 12562K, capacity 13401K, committed 13516K, reserved 1048576K
}
Event: 95.708 GC heap before
{Heap before GC invocations=118 (full 0):
 garbage-first heap   total 172032K, used 162071K [0x0000000080000000, 0x0000000100000000)
  region size 1024K, 8 young (8192K), 1 survivors (1024K)
 Metaspace       used 96089K, capacity 98480K, committed 98764K, reserved 1134592K
  class space    used 12597K, capacity 13446K, committed 13516K, reserved 1048576K
}
Event: 95.719 GC heap after
{Heap after GC invocations=119 (full 0):
 garbage-first heap   total 172032K, used 158047K [0x0000000080000000, 0x0000000100000000)
  region size 1024K, 1 young (1024K), 1 survivors (1024K)
 Metaspace       used 96089K, capacity 98480K, committed 98764K, reserved 1134592K
  class space    used 12597K, capacity 13446K, committed 13516K, reserved 1048576K
}
Event: 95.785 GC heap before
{Heap before GC invocations=119 (full 0):
 garbage-first heap   total 172032K, used 165215K [0x0000000080000000, 0x0000000100000000)
  region size 1024K, 8 young (8192K), 1 survivors (1024K)
 Metaspace       used 96126K, capacity 98483K, committed 98764K, reserved 1134592K
  class space    used 12597K, capacity 13446K, committed 13516K, reserved 1048576K
}
Event: 95.794 GC heap after
{Heap after GC invocations=120 (full 0):
 garbage-first heap   total 172032K, used 161687K [0x0000000080000000, 0x0000000100000000)
  region size 1024K, 1 young (1024K), 1 survivors (1024K)
 Metaspace       used 96126K, capacity 98483K, committed 98764K, reserved 1134592K
  class space    used 12597K, capacity 13446K, committed 13516K, reserved 1048576K
}
Event: 96.420 GC heap before
{Heap before GC invocations=120 (full 0):
 garbage-first heap   total 172032K, used 168855K [0x0000000080000000, 0x0000000100000000)
  region size 1024K, 8 young (8192K), 1 survivors (1024K)
 Metaspace       used 96238K, capacity 98616K, committed 98764K, reserved 1134592K
  class space    used 12598K, capacity 13446K, committed 13516K, reserved 1048576K
}
Event: 96.435 GC heap after
{Heap after GC invocations=121 (full 0):
 garbage-first heap   total 208896K, used 165498K [0x0000000080000000, 0x0000000100000000)
  region size 1024K, 1 young (1024K), 1 survivors (1024K)
 Metaspace       used 96238K, capacity 98616K, committed 98764K, reserved 1134592K
  class space    used 12598K, capacity 13446K, committed 13516K, reserved 1048576K
}
Event: 96.576 GC heap before
{Heap before GC invocations=122 (full 0):
 garbage-first heap   total 208896K, used 174714K [0x0000000080000000, 0x0000000100000000)
  region size 1024K, 10 young (10240K), 1 survivors (1024K)
 Metaspace       used 96255K, capacity 98629K, committed 98764K, reserved 1134592K
  class space    used 12599K, capacity 13448K, committed 13516K, reserved 1048576K
}
Event: 96.597 GC heap after
{Heap after GC invocations=123 (full 0):
 garbage-first heap   total 208896K, used 170493K [0x0000000080000000, 0x0000000100000000)
  region size 1024K, 2 young (2048K), 2 survivors (2048K)
 Metaspace       used 96255K, capacity 98629K, committed 98764K, reserved 1134592K
  class space    used 12599K, capacity 13448K, committed 13516K, reserved 1048576K
}
Event: 96.699 GC heap before
{Heap before GC invocations=123 (full 0):
 garbage-first heap   total 208896K, used 178685K [0x0000000080000000, 0x0000000100000000)
  region size 1024K, 10 young (10240K), 2 survivors (2048K)
 Metaspace       used 96258K, capacity 98629K, committed 98764K, reserved 1134592K
  class space    used 12599K, capacity 13448K, committed 13516K, reserved 1048576K
}
Event: 96.723 GC heap after
{Heap after GC invocations=124 (full 0):
 garbage-first heap   total 208896K, used 174935K [0x0000000080000000, 0x0000000100000000)
  region size 1024K, 2 young (2048K), 2 survivors (2048K)
 Metaspace       used 96258K, capacity 98629K, committed 98764K, reserved 1134592K
  class space    used 12599K, capacity 13448K, committed 13516K, reserved 1048576K
}
Event: 96.834 GC heap before
{Heap before GC invocations=124 (full 0):
 garbage-first heap   total 208896K, used 183127K [0x0000000080000000, 0x0000000100000000)
  region size 1024K, 10 young (10240K), 2 survivors (2048K)
 Metaspace       used 96261K, capacity 98629K, committed 98764K, reserved 1134592K
  class space    used 12599K, capacity 13448K, committed 13516K, reserved 1048576K
}
Event: 96.849 GC heap after
{Heap after GC invocations=125 (full 0):
 garbage-first heap   total 208896K, used 178973K [0x0000000080000000, 0x0000000100000000)
  region size 1024K, 2 young (2048K), 2 survivors (2048K)
 Metaspace       used 96261K, capacity 98629K, committed 98764K, reserved 1134592K
  class space    used 12599K, capacity 13448K, committed 13516K, reserved 1048576K
}
Event: 96.974 GC heap before
{Heap before GC invocations=125 (full 0):
 garbage-first heap   total 208896K, used 187165K [0x0000000080000000, 0x0000000100000000)
  region size 1024K, 10 young (10240K), 2 survivors (2048K)
 Metaspace       used 96269K, capacity 98632K, committed 98764K, reserved 1134592K
  class space    used 12599K, capacity 13448K, committed 13516K, reserved 1048576K
}

Deoptimization events (20 events):
Event: 95.411 Thread 0x000001d45b696800 DEOPT PACKING pc=0x000001d447474dd0 sp=0x0000003c8cefe580
Event: 95.411 Thread 0x000001d45b696800 DEOPT UNPACKING pc=0x000001d43f2665af sp=0x0000003c8cefe4b8 mode 2
Event: 95.532 Thread 0x000001d45b696800 Uncommon trap: trap_request=0xffffff4d fr.pc=0x000001d447494d78 relative=0x00000000000002b8
Event: 95.532 Thread 0x000001d45b696800 Uncommon trap: reason=unstable_if action=reinterpret pc=0x000001d447494d78 method=com.android.tools.r8.graph.W0.a(Lcom/android/tools/r8/graph/W0;)I @ 49 c2
Event: 95.532 Thread 0x000001d45b696800 DEOPT PACKING pc=0x000001d447494d78 sp=0x0000003c8cefe0c0
Event: 95.532 Thread 0x000001d45b696800 DEOPT UNPACKING pc=0x000001d43f2665af sp=0x0000003c8cefe040 mode 2
Event: 95.698 Thread 0x000001d45b695800 Uncommon trap: trap_request=0xffffff4d fr.pc=0x000001d4474967d4 relative=0x0000000000000f94
Event: 95.698 Thread 0x000001d45b695800 Uncommon trap: reason=unstable_if action=reinterpret pc=0x000001d4474967d4 method=com.android.tools.r8.internal.TV0.d(I)V @ 38 c2
Event: 95.698 Thread 0x000001d45b695800 DEOPT PACKING pc=0x000001d4474967d4 sp=0x0000003c8cdfe790
Event: 95.698 Thread 0x000001d45b695800 DEOPT UNPACKING pc=0x000001d43f2665af sp=0x0000003c8cdfe6d8 mode 2
Event: 95.794 Thread 0x000001d45b695800 Uncommon trap: trap_request=0x0000003a fr.pc=0x000001d4474a1450 relative=0x0000000000000a50
Event: 95.794 Thread 0x000001d45b695800 Uncommon trap: reason=unloaded action=reinterpret pc=0x000001d4474a1450 method=com.android.tools.r8.dex.r.i()Lcom/android/tools/r8/graph/c1; @ 690 c2
Event: 95.794 Thread 0x000001d45b695800 DEOPT PACKING pc=0x000001d4474a1450 sp=0x0000003c8cdfebf0
Event: 95.794 Thread 0x000001d45b695800 DEOPT UNPACKING pc=0x000001d43f2665af sp=0x0000003c8cdfebe8 mode 2
Event: 96.281 Thread 0x000001d45b698000 Uncommon trap: trap_request=0xffffff4d fr.pc=0x000001d4474abb64 relative=0x00000000000069e4
Event: 96.281 Thread 0x000001d45b698000 Uncommon trap: reason=unstable_if action=reinterpret pc=0x000001d4474abb64 method=com.android.tools.r8.code.x1.a(Ljava/nio/ShortBuffer;IILcom/android/tools/r8/internal/nd1;)[Lcom/android/tools/r8/code/v1; @ 38 c2
Event: 96.281 Thread 0x000001d45b698000 DEOPT PACKING pc=0x000001d4474abb64 sp=0x0000003c8d0feac0
Event: 96.281 Thread 0x000001d45b698000 DEOPT UNPACKING pc=0x000001d43f2665af sp=0x0000003c8d0feab8 mode 2
Event: 96.599 Thread 0x000001d45b698000 DEOPT PACKING pc=0x000001d4410ab75b sp=0x0000003c8d0fe9b0
Event: 96.599 Thread 0x000001d45b698000 DEOPT UNPACKING pc=0x000001d43f266d5e sp=0x0000003c8d0fdf08 mode 0

Classes redefined (0 events):
No events

Internal exceptions (20 events):
Event: 77.788 Thread 0x000001d45b68a800 Exception <a 'sun/nio/fs/WindowsException'{0x00000000879c9ff8}> (0x00000000879c9ff8) thrown at [./src/hotspot/share/prims/jni.cpp, line 615]
Event: 77.788 Thread 0x000001d45b68a800 Exception <a 'sun/nio/fs/WindowsException'{0x00000000879caea0}> (0x00000000879caea0) thrown at [./src/hotspot/share/prims/jni.cpp, line 615]
Event: 77.830 Thread 0x000001d45b68a800 Exception <a 'java/lang/NoSuchMethodError'{0x00000000877940c0}: <clinit>> (0x00000000877940c0) thrown at [./src/hotspot/share/prims/jni.cpp, line 1362]
Event: 77.833 Thread 0x000001d45b68a800 Exception <a 'java/lang/NoSuchMethodError'{0x00000000877cb9c8}: <clinit>> (0x00000000877cb9c8) thrown at [./src/hotspot/share/prims/jni.cpp, line 1362]
Event: 77.837 Thread 0x000001d45b68a800 Exception <a 'java/lang/NoSuchMethodError'{0x00000000876004e0}: <clinit>> (0x00000000876004e0) thrown at [./src/hotspot/share/prims/jni.cpp, line 1362]
Event: 77.838 Thread 0x000001d45b68a800 Exception <a 'java/lang/NoSuchMethodError'{0x0000000087613528}: <clinit>> (0x0000000087613528) thrown at [./src/hotspot/share/prims/jni.cpp, line 1362]
Event: 81.214 Thread 0x000001d45b68c800 Exception <a 'java/lang/NoSuchMethodError'{0x000000008895d550}: 'void java.lang.invoke.DirectMethodHandle$Holder.invokeStatic(java.lang.Object, long)'> (0x000000008895d550) thrown at [./src/hotspot/share/interpreter/linkResolver.cpp, line 773]
Event: 81.214 Thread 0x000001d45b68c800 Exception <a 'java/lang/NoSuchMethodError'{0x0000000088962768}: 'java.lang.Object java.lang.invoke.DirectMethodHandle$Holder.invokeStatic(java.lang.Object, long)'> (0x0000000088962768) thrown at [./src/hotspot/share/interpreter/linkResolver.cpp, line 773]
Event: 81.216 Thread 0x000001d45b68c800 Exception <a 'java/lang/NoSuchMethodError'{0x0000000088970ad0}: 'java.lang.Object java.lang.invoke.DirectMethodHandle$Holder.invokeStaticInit(java.lang.Object, java.lang.Object, long, java.lang.Object)'> (0x0000000088970ad0) thrown at [./src/hotspot/share/interpreter/linkResolver.cpp, line 773]
Event: 81.217 Thread 0x000001d45b68c800 Exception <a 'java/lang/NoSuchMethodError'{0x0000000088793288}: 'java.lang.Object java.lang.invoke.DirectMethodHandle$Holder.invokeStatic(java.lang.Object, java.lang.Object, long)'> (0x0000000088793288) thrown at [./src/hotspot/share/interpreter/linkResolver.cpp, line 773]
Event: 81.217 Thread 0x000001d45b68c800 Exception <a 'java/lang/NoSuchMethodError'{0x0000000088799800}: 'java.lang.Object java.lang.invoke.Invokers$Holder.linkToTargetMethod(java.lang.Object, long, java.lang.Object)'> (0x0000000088799800) thrown at [./src/hotspot/share/interpreter/linkResolver.cpp, line 773]
Event: 89.384 Thread 0x000001d45b695000 Exception <a 'sun/nio/fs/WindowsException'{0x000000008a0f5498}> (0x000000008a0f5498) thrown at [./src/hotspot/share/prims/jni.cpp, line 615]
Event: 89.805 Thread 0x000001d45b68c800 Exception <a 'java/lang/NoSuchMethodError'{0x0000000089e999f8}: 'int java.lang.invoke.DirectMethodHandle$Holder.invokeSpecialIFC(java.lang.Object, java.lang.Object, java.lang.Object)'> (0x0000000089e999f8) thrown at [./src/hotspot/share/interpreter/linkResolver.cpp, line 773]
Event: 92.469 Thread 0x000001d45b695000 Exception <a 'java/lang/NoSuchMethodError'{0x00000000898dcee0}: 'java.lang.Object java.lang.invoke.DirectMethodHandle$Holder.invokeStaticInit(java.lang.Object, java.lang.Object, java.lang.Object, java.lang.Object, java.lang.Object, java.lang.Object, java.lang.Object, java.lang.Object, java.lang.Object, java.lang.Object, java.lang.Object, java.lang.Object, java.lang.Object, java.lang.Object, java.lang.Object, java.lang.Object, java.lang.Object, java.lang.Object, int, java.lang.Object, java.lang.Object)'> (0
Event: 93.369 Thread 0x000001d45b695800 Exception <a 'java/lang/IncompatibleClassChangeError'{0x000000008a6d9d98}: Found class java.lang.Object, but interface was expected> (0x000000008a6d9d98) thrown at [./src/hotspot/share/interpreter/linkResolver.cpp, line 839]
Event: 94.475 Thread 0x000001d45b698000 Exception <a 'java/lang/IncompatibleClassChangeError'{0x000000008a452a90}: Found class java.lang.Object, but interface was expected> (0x000000008a452a90) thrown at [./src/hotspot/share/interpreter/linkResolver.cpp, line 839]
Event: 94.475 Thread 0x000001d45b695800 Exception <a 'java/lang/IncompatibleClassChangeError'{0x000000008a42f0f8}: Found class java.lang.Object, but interface was expected> (0x000000008a42f0f8) thrown at [./src/hotspot/share/interpreter/linkResolver.cpp, line 839]
Event: 94.517 Thread 0x000001d45b696800 Exception <a 'java/lang/IncompatibleClassChangeError'{0x000000008a446730}: Found class java.lang.Object, but interface was expected> (0x000000008a446730) thrown at [./src/hotspot/share/interpreter/linkResolver.cpp, line 839]
Event: 94.517 Thread 0x000001d45b698000 Exception <a 'java/lang/IncompatibleClassChangeError'{0x000000008a4632d0}: Found class java.lang.Object, but interface was expected> (0x000000008a4632d0) thrown at [./src/hotspot/share/interpreter/linkResolver.cpp, line 839]
Event: 94.519 Thread 0x000001d45b698000 Exception <a 'java/lang/NoSuchMethodError'{0x000000008a476b18}: 'java.lang.Object java.lang.invoke.DirectMethodHandle$Holder.newInvokeSpecial(java.lang.Object, int)'> (0x000000008a476b18) thrown at [./src/hotspot/share/interpreter/linkResolver.cpp, line 773]

Events (20 events):
Event: 95.719 Executing VM operation: G1CollectForAllocation done
Event: 95.777 loading class com/android/tools/r8/graph/Z0
Event: 95.777 loading class com/android/tools/r8/graph/Z0 done
Event: 95.785 Executing VM operation: G1CollectForAllocation
Event: 95.794 Executing VM operation: G1CollectForAllocation done
Event: 95.796 loading class com/android/tools/r8/internal/MM0
Event: 95.796 loading class com/android/tools/r8/internal/MM0 done
Event: 96.185 Executing VM operation: CGC_Operation
Event: 96.211 Executing VM operation: CGC_Operation done
Event: 96.418 Executing VM operation: G1CollectForAllocation
Event: 96.435 Executing VM operation: G1CollectForAllocation done
Event: 96.451 Executing VM operation: CGC_Operation
Event: 96.452 Executing VM operation: CGC_Operation done
Event: 96.575 Executing VM operation: G1CollectForAllocation
Event: 96.597 Executing VM operation: G1CollectForAllocation done
Event: 96.698 Executing VM operation: G1CollectForAllocation
Event: 96.723 Executing VM operation: G1CollectForAllocation done
Event: 96.833 Executing VM operation: G1CollectForAllocation
Event: 96.849 Executing VM operation: G1CollectForAllocation done
Event: 96.974 Executing VM operation: G1CollectForAllocation


Dynamic libraries:
0x00007ff7c9870000 - 0x00007ff7c987a000 	C:\Program Files\Android\Android Studio\jre\bin\java.exe
0x00007ffd8e0f0000 - 0x00007ffd8e2e5000 	C:\WINDOWS\SYSTEM32\ntdll.dll
0x00007ffd8c690000 - 0x00007ffd8c74e000 	C:\WINDOWS\System32\KERNEL32.DLL
0x00007ffd8b910000 - 0x00007ffd8bbd8000 	C:\WINDOWS\System32\KERNELBASE.dll
0x00007ffd8b810000 - 0x00007ffd8b910000 	C:\WINDOWS\System32\ucrtbase.dll
0x00007ffd872b0000 - 0x00007ffd872c9000 	C:\Program Files\Android\Android Studio\jre\bin\jli.dll
0x00007ffd87290000 - 0x00007ffd872a7000 	C:\Program Files\Android\Android Studio\jre\bin\VCRUNTIME140.dll
0x00007ffd8d2d0000 - 0x00007ffd8d470000 	C:\WINDOWS\System32\USER32.dll
0x00007ffd84050000 - 0x00007ffd842ea000 	C:\WINDOWS\WinSxS\amd64_microsoft.windows.common-controls_6595b64144ccf1df_6.0.19041.1110_none_60b5254171f9507e\COMCTL32.dll
0x00007ffd8bf50000 - 0x00007ffd8bf72000 	C:\WINDOWS\System32\win32u.dll
0x00007ffd8c150000 - 0x00007ffd8c1ee000 	C:\WINDOWS\System32\msvcrt.dll
0x00007ffd8cfc0000 - 0x00007ffd8cfea000 	C:\WINDOWS\System32\GDI32.dll
0x00007ffd8bff0000 - 0x00007ffd8c0fb000 	C:\WINDOWS\System32\gdi32full.dll
0x00007ffd8bdf0000 - 0x00007ffd8be8d000 	C:\WINDOWS\System32\msvcp_win.dll
0x00007ffd8c1f0000 - 0x00007ffd8c220000 	C:\WINDOWS\System32\IMM32.DLL
0x00007ffd78ce0000 - 0x00007ffd78d7d000 	C:\Program Files\Android\Android Studio\jre\bin\msvcp140.dll
0x00007ffd654e0000 - 0x00007ffd65fb5000 	C:\Program Files\Android\Android Studio\jre\bin\server\jvm.dll
0x00007ffd8d070000 - 0x00007ffd8d11e000 	C:\WINDOWS\System32\ADVAPI32.dll
0x00007ffd8cd60000 - 0x00007ffd8cdfc000 	C:\WINDOWS\System32\sechost.dll
0x00007ffd8d470000 - 0x00007ffd8d595000 	C:\WINDOWS\System32\RPCRT4.dll
0x00007ffd8c750000 - 0x00007ffd8c758000 	C:\WINDOWS\System32\PSAPI.DLL
0x00007ffd87580000 - 0x00007ffd87589000 	C:\WINDOWS\SYSTEM32\WSOCK32.dll
0x00007ffd86090000 - 0x00007ffd8609a000 	C:\WINDOWS\SYSTEM32\VERSION.dll
0x00007ffd8cf50000 - 0x00007ffd8cfbb000 	C:\WINDOWS\System32\WS2_32.dll
0x00007ffd85bb0000 - 0x00007ffd85bd7000 	C:\WINDOWS\SYSTEM32\WINMM.dll
0x00007ffd89670000 - 0x00007ffd89682000 	C:\WINDOWS\SYSTEM32\kernel.appcore.dll
0x00007ffd86610000 - 0x00007ffd86621000 	C:\Program Files\Android\Android Studio\jre\bin\verify.dll
0x00007ffd7d930000 - 0x00007ffd7db14000 	C:\WINDOWS\SYSTEM32\DBGHELP.DLL
0x00007ffd7d840000 - 0x00007ffd7d86c000 	C:\WINDOWS\SYSTEM32\dbgcore.DLL
0x00007ffd8bec0000 - 0x00007ffd8bf42000 	C:\WINDOWS\System32\bcryptPrimitives.dll
0x00007ffd7c460000 - 0x00007ffd7c489000 	C:\Program Files\Android\Android Studio\jre\bin\java.dll
0x00007ffd87350000 - 0x00007ffd8735b000 	C:\Program Files\Android\Android Studio\jre\bin\jimage.dll
0x00007ffd84f40000 - 0x00007ffd84f58000 	C:\Program Files\Android\Android Studio\jre\bin\zip.dll
0x00007ffd8d5a0000 - 0x00007ffd8dce4000 	C:\WINDOWS\System32\SHELL32.dll
0x00007ffd89950000 - 0x00007ffd8a0e4000 	C:\WINDOWS\SYSTEM32\windows.storage.dll
0x00007ffd8c760000 - 0x00007ffd8cab4000 	C:\WINDOWS\System32\combase.dll
0x00007ffd8b1b0000 - 0x00007ffd8b1dc000 	C:\WINDOWS\SYSTEM32\Wldp.dll
0x00007ffd8cbe0000 - 0x00007ffd8cc8d000 	C:\WINDOWS\System32\SHCORE.dll
0x00007ffd8cef0000 - 0x00007ffd8cf45000 	C:\WINDOWS\System32\shlwapi.dll
0x00007ffd8b750000 - 0x00007ffd8b76f000 	C:\WINDOWS\SYSTEM32\profapi.dll
0x00007ffd82b70000 - 0x00007ffd82b8a000 	C:\Program Files\Android\Android Studio\jre\bin\net.dll
0x00007ffd83890000 - 0x00007ffd8399a000 	C:\WINDOWS\SYSTEM32\WINHTTP.dll
0x00007ffd8af10000 - 0x00007ffd8af7a000 	C:\WINDOWS\system32\mswsock.dll
0x00007ffd7c440000 - 0x00007ffd7c454000 	C:\Program Files\Android\Android Studio\jre\bin\nio.dll
0x00007ffd743e0000 - 0x00007ffd74407000 	C:\Users\giorgi\.gradle\native\e1d6ef7f7dcc3fd88c89a11ec53ec762bb8ba0a96d01ffa2cd45eb1d1d8dd5c5\windows-amd64\native-platform.dll
0x00007ffd78b90000 - 0x00007ffd78cd4000 	C:\Users\giorgi\.gradle\native\5664cfc778a61ccfe75a443a1ab52a65af34e5dc3c78e0209fed803814484fcb\windows-amd64\native-platform-file-events.dll
0x00007ffd86600000 - 0x00007ffd8660a000 	C:\Program Files\Android\Android Studio\jre\bin\management.dll
0x00007ffd83fb0000 - 0x00007ffd83fbd000 	C:\Program Files\Android\Android Studio\jre\bin\management_ext.dll
0x00007ffd8b100000 - 0x00007ffd8b118000 	C:\WINDOWS\SYSTEM32\CRYPTSP.dll
0x00007ffd8a890000 - 0x00007ffd8a8c4000 	C:\WINDOWS\system32\rsaenh.dll
0x00007ffd8be90000 - 0x00007ffd8beb7000 	C:\WINDOWS\System32\bcrypt.dll
0x00007ffd8b710000 - 0x00007ffd8b73e000 	C:\WINDOWS\SYSTEM32\USERENV.dll
0x00007ffd8b120000 - 0x00007ffd8b12c000 	C:\WINDOWS\SYSTEM32\CRYPTBASE.dll
0x00007ffd8ac00000 - 0x00007ffd8ac3b000 	C:\WINDOWS\SYSTEM32\IPHLPAPI.DLL
0x00007ffd8d060000 - 0x00007ffd8d068000 	C:\WINDOWS\System32\NSI.dll
0x00007ffd85140000 - 0x00007ffd85157000 	C:\WINDOWS\SYSTEM32\dhcpcsvc6.DLL
0x00007ffd84f60000 - 0x00007ffd84f7d000 	C:\WINDOWS\SYSTEM32\dhcpcsvc.DLL
0x00007ffd8ac40000 - 0x00007ffd8ad0b000 	C:\WINDOWS\SYSTEM32\DNSAPI.dll

dbghelp: loaded successfully - version: 4.0.5 - missing functions: none
symbol engine: initialized successfully - sym options: 0x614 - pdb path: .;C:\Program Files\Android\Android Studio\jre\bin;C:\WINDOWS\SYSTEM32;C:\WINDOWS\WinSxS\amd64_microsoft.windows.common-controls_6595b64144ccf1df_6.0.19041.1110_none_60b5254171f9507e;C:\Program Files\Android\Android Studio\jre\bin\server;C:\Users\giorgi\.gradle\native\e1d6ef7f7dcc3fd88c89a11ec53ec762bb8ba0a96d01ffa2cd45eb1d1d8dd5c5\windows-amd64;C:\Users\giorgi\.gradle\native\5664cfc778a61ccfe75a443a1ab52a65af34e5dc3c78e0209fed803814484fcb\windows-amd64

VM Arguments:
jvm_args: --add-opens=java.base/java.util=ALL-UNNAMED --add-opens=java.base/java.lang=ALL-UNNAMED --add-opens=java.base/java.lang.invoke=ALL-UNNAMED --add-opens=java.base/java.util=ALL-UNNAMED --add-opens=java.prefs/java.util.prefs=ALL-UNNAMED --add-opens=java.prefs/java.util.prefs=ALL-UNNAMED --add-opens=java.base/java.nio.charset=ALL-UNNAMED --add-opens=java.base/java.net=ALL-UNNAMED --add-opens=java.base/java.util.concurrent.atomic=ALL-UNNAMED -Xmx2048m -Dfile.encoding=UTF-8 -Duser.country=US -Duser.language=en -Duser.variant 
java_command: org.gradle.launcher.daemon.bootstrap.GradleDaemon 7.2
java_class_path (initial): C:\Users\giorgi\.gradle\wrapper\dists\gradle-7.2-bin\2dnblmf4td7x66yl1d74lt32g\gradle-7.2\lib\gradle-launcher-7.2.jar
Launcher Type: SUN_STANDARD

[Global flags]
     intx CICompilerCount                          = 3                                         {product} {ergonomic}
     uint ConcGCThreads                            = 1                                         {product} {ergonomic}
     uint G1ConcRefinementThreads                  = 4                                         {product} {ergonomic}
   size_t G1HeapRegionSize                         = 1048576                                   {product} {ergonomic}
    uintx GCDrainStackTargetSize                   = 64                                        {product} {ergonomic}
   size_t InitialHeapSize                          = 67108864                                  {product} {ergonomic}
   size_t MarkStackSize                            = 4194304                                   {product} {ergonomic}
   size_t MaxHeapSize                              = 2147483648                                {product} {command line}
   size_t MaxNewSize                               = 1287651328                                {product} {ergonomic}
   size_t MinHeapDeltaBytes                        = 1048576                                   {product} {ergonomic}
    uintx NonNMethodCodeHeapSize                   = 5830732                                {pd product} {ergonomic}
    uintx NonProfiledCodeHeapSize                  = 122913754                              {pd product} {ergonomic}
    uintx ProfiledCodeHeapSize                     = 122913754                              {pd product} {ergonomic}
    uintx ReservedCodeCacheSize                    = 251658240                              {pd product} {ergonomic}
     bool SegmentedCodeCache                       = true                                      {product} {ergonomic}
     bool UseCompressedClassPointers               = true                                 {lp64_product} {ergonomic}
     bool UseCompressedOops                        = true                                 {lp64_product} {ergonomic}
     bool UseG1GC                                  = true                                      {product} {ergonomic}
     bool UseLargePagesIndividualAllocation        = false                                  {pd product} {ergonomic}

Logging:
Log output configuration:
 #0: stdout all=warning uptime,level,tags
 #1: stderr all=off uptime,level,tags

Environment Variables:
PATH=C:\Program Files (x86)\VMware\VMware Workstation\bin\;C:\WINDOWS\system32;C:\WINDOWS;C:\WINDOWS\System32\Wbem;C:\WINDOWS\System32\WindowsPowerShell\v1.0\;C:\WINDOWS\System32\OpenSSH\;C:\Program Files\Git\cmd;C:\Program Files\Go\bin;C:\Users\giorgi\AppData\Local\Microsoft\WindowsApps;C:\Users\giorgi\AppData\Local\Programs\Microsoft VS Code\bin;C:\Flutter\flutter\bin;C:\Users\giorgi\go\bin
USERNAME=giorgi
OS=Windows_NT
PROCESSOR_IDENTIFIER=Intel64 Family 6 Model 42 Stepping 7, GenuineIntel



---------------  S Y S T E M  ---------------

OS: Windows 10 , 64 bit Build 19041 (10.0.19041.1645)
OS uptime: 0 days 1:01 hours

CPU:total 4 (initial active 4) (2 cores per cpu, 2 threads per core) family 6 model 42 stepping 7 microcode 0x2f, cmov, cx8, fxsr, mmx, sse, sse2, sse3, ssse3, sse4.1, sse4.2, popcnt, avx, clmul, ht, tsc, tscinvbit

Memory: 4k page, system-wide physical 4078M (224M free)
TotalPageFile size 4078M (AvailPageFile size 41M)
current process WorkingSet (physical memory assigned to process): 313M, peak: 360M
current process commit charge ("private bytes"): 498M, peak: 595M

vm_info: OpenJDK 64-Bit Server VM (11.0.11+9-b60-7590822) for windows-amd64 JRE (11.0.11+9-b60-7590822), built on Jul 29 2021 21:43:44 by "builder" with MS VC++ 14.0 (VS2015)

END.
